Cog2000 log file Fri Nov 29 12:09:54 2019
gprim v1.29 Compiled:Feb  1 2010 (GLib DirectDraw v7 DX10.0 Compiled:Feb  1 2010)
Display:1024x768x32 59.77Hz
CogInput v1.05 Compiled: May 20 2010
0	[0]	:	COGENT START
5655	[5655]	:	Key	30	DOWN	at	5655    
5895	[240]	:	Key	30	UP	at	5895    
6500	[605]	:	Key	28	DOWN	at	6500    
6730	[230]	:	Key	28	UP	at	6730    
29141	[22411]	:	Key	71	DOWN	at	29141   
29210	[69]	:	Fixation at trial 1: 29.188000
29784	[574]	:	Object at trial 1: 29.763000
33318	[3534]	:	Fixation at trial 1: 33.297000
33856	[538]	:	Catch Stim at trial 1: 33.835000
37407	[3551]	:	Catch Q at trial 1: 33.835000
38736	[1329]	:	Key	28	DOWN	at	38736   
39390	[654]	:	Respose to catch Q at trial 1: 38.752000
39392	[2]	:	RT and choice to catch Q at trial 1: 1.366000, 28
39442	[50]	:	Fixation at trial 2: 39.422000
39967	[525]	:	Object at trial 2: 39.947000
43491	[3524]	:	Fixation at trial 2: 43.471000
44018	[527]	:	Catch Stim at trial 2: 43.998000
47546	[3528]	:	Catch Q at trial 2: 43.998000
48487	[941]	:	Key	28	DOWN	at	48487   
49527	[1040]	:	Respose to catch Q at trial 2: 48.495000
49528	[1]	:	RT and choice to catch Q at trial 2: 0.969000, 28
49577	[49]	:	Fixation at trial 3: 49.557000
50099	[522]	:	Object at trial 3: 50.079000
53622	[3523]	:	Fixation at trial 3: 53.602000
54146	[524]	:	Catch Stim at trial 3: 54.126000
57673	[3527]	:	Catch Q at trial 3: 54.126000
58708	[1035]	:	Key	28	DOWN	at	58708   
59654	[946]	:	Respose to catch Q at trial 3: 58.715000
59655	[1]	:	RT and choice to catch Q at trial 3: 1.062000, 28
59697	[42]	:	Fixation at trial 4: 59.677000
60220	[523]	:	Object at trial 4: 60.200000
63743	[3523]	:	Fixation at trial 4: 63.723000
64268	[525]	:	Catch Stim at trial 4: 64.249000
67793	[3525]	:	Catch Q at trial 4: 64.249000
68549	[756]	:	Key	28	DOWN	at	68549   
69773	[1224]	:	Respose to catch Q at trial 4: 68.556000
69774	[1]	:	RT and choice to catch Q at trial 4: 0.783000, 28
69800	[26]	:	Fixation at trial 5: 69.780000
70323	[523]	:	Object at trial 5: 70.303000
73846	[3523]	:	Fixation at trial 5: 73.826000
74368	[522]	:	Catch Stim at trial 5: 74.348000
77893	[3525]	:	Catch Q at trial 5: 74.348000
78764	[871]	:	Key	30	DOWN	at	78764   
79873	[1109]	:	Respose to catch Q at trial 5: 78.772000
79874	[1]	:	RT and choice to catch Q at trial 5: 0.899000, 30
79901	[27]	:	Fixation at trial 6: 79.881000
80423	[522]	:	Object at trial 6: 80.403000
83946	[3523]	:	Fixation at trial 6: 83.926000
84471	[525]	:	Catch Stim at trial 6: 84.451000
87998	[3527]	:	Catch Q at trial 6: 84.451000
88566	[568]	:	Key	30	DOWN	at	88566   
89978	[1412]	:	Respose to catch Q at trial 6: 88.573000
89979	[1]	:	RT and choice to catch Q at trial 6: 0.595000, 30
90006	[27]	:	Fixation at trial 7: 89.986000
90528	[522]	:	Object at trial 7: 90.508000
94051	[3523]	:	Fixation at trial 7: 94.031000
94574	[523]	:	Catch Stim at trial 7: 94.554000
98099	[3525]	:	Catch Q at trial 7: 94.554000
98696	[597]	:	Key	30	DOWN	at	98696   
100079	[1383]	:	Respose to catch Q at trial 7: 98.702000
100080	[1]	:	RT and choice to catch Q at trial 7: 0.623000, 30
100105	[25]	:	Fixation at trial 8: 100.085000
100627	[522]	:	Object at trial 8: 100.607000
104150	[3523]	:	Fixation at trial 8: 104.130000
104673	[523]	:	Catch Stim at trial 8: 104.653000
108199	[3526]	:	Catch Q at trial 8: 104.653000
108962	[763]	:	Key	28	DOWN	at	108962  
110179	[1217]	:	Respose to catch Q at trial 8: 108.968000
110180	[1]	:	RT and choice to catch Q at trial 8: 0.789000, 28
110205	[25]	:	Fixation at trial 9: 110.185000
110727	[522]	:	Object at trial 9: 110.707000
114250	[3523]	:	Fixation at trial 9: 114.230000
114775	[525]	:	Catch Stim at trial 9: 114.755000
118300	[3525]	:	Catch Q at trial 9: 114.755000
119122	[822]	:	Key	30	DOWN	at	119122  
120280	[1158]	:	Respose to catch Q at trial 9: 119.128000
120281	[1]	:	RT and choice to catch Q at trial 9: 0.848000, 30
120310	[29]	:	Fixation at trial 10: 120.290000
120832	[522]	:	Object at trial 10: 120.812000
124355	[3523]	:	Fixation at trial 10: 124.335000
124877	[522]	:	Catch Stim at trial 10: 124.857000
128404	[3527]	:	Catch Q at trial 10: 124.857000
129263	[859]	:	Key	30	DOWN	at	129263  
130384	[1121]	:	Respose to catch Q at trial 10: 129.269000
130386	[2]	:	RT and choice to catch Q at trial 10: 0.886000, 30
130410	[24]	:	Fixation at trial 11: 130.391000
130933	[523]	:	Object at trial 11: 130.912000
134456	[3523]	:	Fixation at trial 11: 134.436000
134978	[522]	:	Catch Stim at trial 11: 134.958000
138504	[3526]	:	Catch Q at trial 11: 134.958000
139779	[1275]	:	Key	30	DOWN	at	139779  
140484	[705]	:	Respose to catch Q at trial 11: 139.786000
140484	[0]	:	RT and choice to catch Q at trial 11: 1.302000, 30
140509	[25]	:	Fixation at trial 12: 140.489000
141031	[522]	:	Object at trial 12: 141.011000
144554	[3523]	:	Fixation at trial 12: 144.534000
145076	[522]	:	Catch Stim at trial 12: 145.056000
148601	[3525]	:	Catch Q at trial 12: 145.056000
149519	[918]	:	Key	28	DOWN	at	149519  
150581	[1062]	:	Respose to catch Q at trial 12: 149.525000
150581	[0]	:	RT and choice to catch Q at trial 12: 0.944000, 28
150606	[25]	:	Fixation at trial 13: 150.586000
151128	[522]	:	Object at trial 13: 151.108000
154651	[3523]	:	Fixation at trial 13: 154.631000
155173	[522]	:	Catch Stim at trial 13: 155.153000
158698	[3525]	:	Catch Q at trial 13: 155.153000
159535	[837]	:	Key	30	DOWN	at	159535  
160678	[1143]	:	Respose to catch Q at trial 13: 159.541000
160679	[1]	:	RT and choice to catch Q at trial 13: 0.863000, 30
160703	[24]	:	Fixation at trial 14: 160.683000
161225	[522]	:	Object at trial 14: 161.205000
164748	[3523]	:	Fixation at trial 14: 164.728000
165270	[522]	:	Catch Stim at trial 14: 165.250000
168795	[3525]	:	Catch Q at trial 14: 165.250000
169800	[1005]	:	Key	28	DOWN	at	169800  
170775	[975]	:	Respose to catch Q at trial 14: 169.806000
170776	[1]	:	RT and choice to catch Q at trial 14: 1.031000, 28
170800	[24]	:	Fixation at trial 15: 170.780000
171322	[522]	:	Object at trial 15: 171.302000
174845	[3523]	:	Fixation at trial 15: 174.825000
175366	[521]	:	Catch Stim at trial 15: 175.346000
178891	[3525]	:	Catch Q at trial 15: 175.346000
180076	[1185]	:	Key	30	DOWN	at	180076  
180871	[795]	:	Respose to catch Q at trial 15: 180.082000
180872	[1]	:	RT and choice to catch Q at trial 15: 1.211000, 30
180896	[24]	:	Fixation at trial 16: 180.876000
181418	[522]	:	Object at trial 16: 181.398000
184941	[3523]	:	Fixation at trial 16: 184.921000
185462	[521]	:	Catch Stim at trial 16: 185.442000
188987	[3525]	:	Catch Q at trial 16: 185.442000
189796	[809]	:	Key	28	DOWN	at	189796  
190967	[1171]	:	Respose to catch Q at trial 16: 189.802000
190968	[1]	:	RT and choice to catch Q at trial 16: 0.835000, 28
190992	[24]	:	Fixation at trial 17: 190.972000
191514	[522]	:	Object at trial 17: 191.494000
195037	[3523]	:	Fixation at trial 17: 195.017000
195558	[521]	:	Catch Stim at trial 17: 195.538000
199084	[3526]	:	Catch Q at trial 17: 195.538000
199942	[858]	:	Key	28	DOWN	at	199942  
201064	[1122]	:	Respose to catch Q at trial 17: 199.948000
201064	[0]	:	RT and choice to catch Q at trial 17: 0.884000, 28
201089	[25]	:	Fixation at trial 18: 201.069000
201611	[522]	:	Object at trial 18: 201.591000
205134	[3523]	:	Fixation at trial 18: 205.114000
205655	[521]	:	Catch Stim at trial 18: 205.635000
209180	[3525]	:	Catch Q at trial 18: 205.635000
210238	[1058]	:	Key	28	DOWN	at	210238  
211160	[922]	:	Respose to catch Q at trial 18: 210.244000
211160	[0]	:	RT and choice to catch Q at trial 18: 1.084000, 28
211185	[25]	:	Fixation at trial 19: 211.165000
211707	[522]	:	Object at trial 19: 211.687000
215230	[3523]	:	Fixation at trial 19: 215.210000
215751	[521]	:	Catch Stim at trial 19: 215.731000
219276	[3525]	:	Catch Q at trial 19: 215.731000
219853	[577]	:	Key	30	DOWN	at	219853  
221256	[1403]	:	Respose to catch Q at trial 19: 219.859000
221256	[0]	:	RT and choice to catch Q at trial 19: 0.603000, 30
221281	[25]	:	Fixation at trial 20: 221.261000
221803	[522]	:	Object at trial 20: 221.783000
225326	[3523]	:	Fixation at trial 20: 225.306000
225847	[521]	:	Catch Stim at trial 20: 225.827000
229372	[3525]	:	Catch Q at trial 20: 225.827000
230039	[667]	:	Key	30	DOWN	at	230039  
231352	[1313]	:	Respose to catch Q at trial 20: 230.044000
231353	[1]	:	RT and choice to catch Q at trial 20: 0.692000, 30
231377	[24]	:	Fixation at trial 21: 231.357000
231900	[523]	:	Object at trial 21: 231.880000
235423	[3523]	:	Fixation at trial 21: 235.403000
235944	[521]	:	Catch Stim at trial 21: 235.924000
239469	[3525]	:	Catch Q at trial 21: 235.924000
240044	[575]	:	Key	30	DOWN	at	240044  
241449	[1405]	:	Respose to catch Q at trial 21: 240.050000
241449	[0]	:	RT and choice to catch Q at trial 21: 0.601000, 30
241474	[25]	:	Fixation at trial 22: 241.454000
241997	[523]	:	Object at trial 22: 241.977000
245520	[3523]	:	Fixation at trial 22: 245.500000
246042	[522]	:	Catch Stim at trial 22: 246.022000
249567	[3525]	:	Catch Q at trial 22: 246.022000
250280	[713]	:	Key	28	DOWN	at	250280  
251547	[1267]	:	Respose to catch Q at trial 22: 250.285000
251547	[0]	:	RT and choice to catch Q at trial 22: 0.738000, 28
251572	[25]	:	Fixation at trial 23: 251.552000
252094	[522]	:	Object at trial 23: 252.074000
255617	[3523]	:	Fixation at trial 23: 255.597000
256139	[522]	:	Catch Stim at trial 23: 256.118000
259664	[3525]	:	Catch Q at trial 23: 256.118000
260459	[795]	:	Key	28	DOWN	at	260459  
261644	[1185]	:	Respose to catch Q at trial 23: 260.466000
261644	[0]	:	RT and choice to catch Q at trial 23: 0.822000, 28
261670	[26]	:	Fixation at trial 24: 261.649000
262192	[522]	:	Object at trial 24: 262.172000
265715	[3523]	:	Fixation at trial 24: 265.695000
266236	[521]	:	Catch Stim at trial 24: 266.216000
269761	[3525]	:	Catch Q at trial 24: 266.216000
270621	[860]	:	Key	28	DOWN	at	270621  
271741	[1120]	:	Respose to catch Q at trial 24: 270.627000
271741	[0]	:	RT and choice to catch Q at trial 24: 0.886000, 28
271766	[25]	:	Fixation at trial 25: 271.746000
272288	[522]	:	Object at trial 25: 272.268000
275811	[3523]	:	Fixation at trial 25: 275.791000
276332	[521]	:	Catch Stim at trial 25: 276.312000
279857	[3525]	:	Catch Q at trial 25: 276.312000
280562	[705]	:	Key	30	DOWN	at	280562  
281837	[1275]	:	Respose to catch Q at trial 25: 280.568000
281837	[0]	:	RT and choice to catch Q at trial 25: 0.731000, 30
281862	[25]	:	Fixation at trial 26: 281.842000
282384	[522]	:	Object at trial 26: 282.364000
285907	[3523]	:	Fixation at trial 26: 285.887000
286429	[522]	:	Catch Stim at trial 26: 286.409000
289954	[3525]	:	Catch Q at trial 26: 286.409000
290767	[813]	:	Key	30	DOWN	at	290767  
291934	[1167]	:	Respose to catch Q at trial 26: 290.773000
291934	[0]	:	RT and choice to catch Q at trial 26: 0.839000, 30
291959	[25]	:	Fixation at trial 27: 291.939000
292481	[522]	:	Object at trial 27: 292.461000
296004	[3523]	:	Fixation at trial 27: 295.984000
296525	[521]	:	Catch Stim at trial 27: 296.505000
300050	[3525]	:	Catch Q at trial 27: 296.505000
300933	[883]	:	Key	30	DOWN	at	300933  
302030	[1097]	:	Respose to catch Q at trial 27: 300.939000
302030	[0]	:	RT and choice to catch Q at trial 27: 0.909000, 30
302055	[25]	:	Fixation at trial 28: 302.035000
302577	[522]	:	Object at trial 28: 302.557000
306100	[3523]	:	Fixation at trial 28: 306.080000
306622	[522]	:	Catch Stim at trial 28: 306.602000
310147	[3525]	:	Catch Q at trial 28: 306.602000
310693	[546]	:	Key	30	DOWN	at	310693  
312127	[1434]	:	Respose to catch Q at trial 28: 310.699000
312127	[0]	:	RT and choice to catch Q at trial 28: 0.572000, 30
312152	[25]	:	Fixation at trial 29: 312.132000
312674	[522]	:	Object at trial 29: 312.654000
316197	[3523]	:	Fixation at trial 29: 316.177000
316719	[522]	:	Catch Stim at trial 29: 316.699000
320244	[3525]	:	Catch Q at trial 29: 316.699000
321014	[770]	:	Key	28	DOWN	at	321014  
322224	[1210]	:	Respose to catch Q at trial 29: 321.019000
322224	[0]	:	RT and choice to catch Q at trial 29: 0.795000, 28
322249	[25]	:	Fixation at trial 30: 322.229000
322771	[522]	:	Object at trial 30: 322.751000
326294	[3523]	:	Fixation at trial 30: 326.274000
326816	[522]	:	Catch Stim at trial 30: 326.796000
330348	[3532]	:	Catch Q at trial 30: 326.796000
331110	[762]	:	Key	30	DOWN	at	331110  
332328	[1218]	:	Respose to catch Q at trial 30: 331.116000
332328	[0]	:	RT and choice to catch Q at trial 30: 0.788000, 30
332353	[25]	:	Fixation at trial 31: 332.333000
332875	[522]	:	Object at trial 31: 332.855000
336398	[3523]	:	Fixation at trial 31: 336.378000
336919	[521]	:	Catch Stim at trial 31: 336.899000
340445	[3526]	:	Catch Q at trial 31: 336.899000
341175	[730]	:	Key	30	DOWN	at	341175  
342425	[1250]	:	Respose to catch Q at trial 31: 341.180000
342425	[0]	:	RT and choice to catch Q at trial 31: 0.755000, 30
342450	[25]	:	Fixation at trial 32: 342.430000
342972	[522]	:	Object at trial 32: 342.952000
346495	[3523]	:	Fixation at trial 32: 346.475000
347017	[522]	:	Catch Stim at trial 32: 346.997000
350543	[3526]	:	Catch Q at trial 32: 346.997000
351161	[618]	:	Key	30	DOWN	at	351161  
352523	[1362]	:	Respose to catch Q at trial 32: 351.166000
352524	[1]	:	RT and choice to catch Q at trial 32: 0.643000, 30
352548	[24]	:	Fixation at trial 33: 352.528000
353070	[522]	:	Object at trial 33: 353.050000
356593	[3523]	:	Fixation at trial 33: 356.573000
357115	[522]	:	Catch Stim at trial 33: 357.095000
360640	[3525]	:	Catch Q at trial 33: 357.095000
362674	[2034]	:	Respose to catch Q at trial 33: 362.152000
362675	[1]	:	RT and choice to catch Q at trial 33: 1.532000, 0
362711	[36]	:	Fixation at trial 34: 362.691000
363233	[522]	:	Object at trial 34: 363.213000
366756	[3523]	:	Fixation at trial 34: 366.736000
367277	[521]	:	Catch Stim at trial 34: 367.257000
370803	[3526]	:	Catch Q at trial 34: 367.257000
371652	[849]	:	Key	28	DOWN	at	371652  
372783	[1131]	:	Respose to catch Q at trial 34: 371.659000
372783	[0]	:	RT and choice to catch Q at trial 34: 0.876000, 28
372808	[25]	:	Fixation at trial 35: 372.788000
373331	[523]	:	Object at trial 35: 373.311000
376854	[3523]	:	Fixation at trial 35: 376.834000
377376	[522]	:	Catch Stim at trial 35: 377.356000
380901	[3525]	:	Catch Q at trial 35: 377.356000
381342	[441]	:	Key	30	DOWN	at	381342  
382881	[1539]	:	Respose to catch Q at trial 35: 381.347000
382881	[0]	:	RT and choice to catch Q at trial 35: 0.466000, 30
382906	[25]	:	Fixation at trial 36: 382.886000
383428	[522]	:	Object at trial 36: 383.408000
386951	[3523]	:	Fixation at trial 36: 386.931000
387473	[522]	:	Catch Stim at trial 36: 387.453000
390998	[3525]	:	Catch Q at trial 36: 387.453000
391853	[855]	:	Key	30	DOWN	at	391853  
392978	[1125]	:	Respose to catch Q at trial 36: 391.858000
392979	[1]	:	RT and choice to catch Q at trial 36: 0.880000, 30
393003	[24]	:	Fixation at trial 37: 392.983000
393525	[522]	:	Object at trial 37: 393.505000
397048	[3523]	:	Fixation at trial 37: 397.028000
397570	[522]	:	Catch Stim at trial 37: 397.550000
401095	[3525]	:	Catch Q at trial 37: 397.550000
401989	[894]	:	Key	30	DOWN	at	401989  
403075	[1086]	:	Respose to catch Q at trial 37: 401.995000
403075	[0]	:	RT and choice to catch Q at trial 37: 0.920000, 30
403100	[25]	:	Fixation at trial 38: 403.080000
403622	[522]	:	Object at trial 38: 403.602000
407145	[3523]	:	Fixation at trial 38: 407.125000
407668	[523]	:	Catch Stim at trial 38: 407.648000
411194	[3526]	:	Catch Q at trial 38: 407.648000
412094	[900]	:	Key	28	DOWN	at	412094  
413174	[1080]	:	Respose to catch Q at trial 38: 412.100000
413174	[0]	:	RT and choice to catch Q at trial 38: 0.926000, 28
413199	[25]	:	Fixation at trial 39: 413.179000
413721	[522]	:	Object at trial 39: 413.701000
417244	[3523]	:	Fixation at trial 39: 417.224000
417766	[522]	:	Catch Stim at trial 39: 417.746000
421291	[3525]	:	Catch Q at trial 39: 417.746000
422110	[819]	:	Key	28	DOWN	at	422110  
423271	[1161]	:	Respose to catch Q at trial 39: 422.115000
423271	[0]	:	RT and choice to catch Q at trial 39: 0.844000, 28
423296	[25]	:	Fixation at trial 40: 423.276000
423818	[522]	:	Object at trial 40: 423.798000
427341	[3523]	:	Fixation at trial 40: 427.321000
427864	[523]	:	Catch Stim at trial 40: 427.844000
431389	[3525]	:	Catch Q at trial 40: 427.844000
432155	[766]	:	Key	28	DOWN	at	432155  
433369	[1214]	:	Respose to catch Q at trial 40: 432.160000
433369	[0]	:	RT and choice to catch Q at trial 40: 0.791000, 28
433394	[25]	:	Fixation at trial 41: 433.374000
433916	[522]	:	Object at trial 41: 433.896000
437439	[3523]	: