Cog2000 log file Fri Nov 29 12:22:00 2019
gprim v1.29 Compiled:Feb  1 2010 (GLib DirectDraw v7 DX10.0 Compiled:Feb  1 2010)
Display:1024x768x32 59.81Hz
CogInput v1.05 Compiled: May 20 2010
0	[0]	:	COGENT START
3465	[3465]	:	Key	30	DOWN	at	3465    
3745	[280]	:	Key	30	UP	at	3745    
5445	[1700]	:	Key	28	DOWN	at	5445    
5605	[160]	:	Key	28	UP	at	5605    
24952	[19347]	:	Key	71	DOWN	at	24952   
25007	[55]	:	Fixation at trial 1: 24.987000
25536	[529]	:	Object at trial 1: 25.515000
29061	[3525]	:	Fixation at trial 1: 29.040000
29591	[530]	:	Catch Stim at trial 1: 29.569000
33120	[3529]	:	Catch Q at trial 1: 29.569000
34202	[1082]	:	Key	28	DOWN	at	34202   
35100	[898]	:	Respose to catch Q at trial 1: 34.210000
35101	[1]	:	RT and choice to catch Q at trial 1: 1.111000, 28
35142	[41]	:	Fixation at trial 2: 35.122000
35665	[523]	:	Object at trial 2: 35.645000
39188	[3523]	:	Fixation at trial 2: 39.168000
39712	[524]	:	Catch Stim at trial 2: 39.692000
43239	[3527]	:	Catch Q at trial 2: 39.692000
43903	[664]	:	Key	30	DOWN	at	43903   
45219	[1316]	:	Respose to catch Q at trial 2: 43.910000
45220	[1]	:	RT and choice to catch Q at trial 2: 0.691000, 30
45252	[32]	:	Fixation at trial 3: 45.232000
45774	[522]	:	Object at trial 3: 45.754000
49297	[3523]	:	Fixation at trial 3: 49.277000
49819	[522]	:	Catch Stim at trial 3: 49.799000
53345	[3526]	:	Catch Q at trial 3: 49.799000
53858	[513]	:	Key	30	DOWN	at	53858   
55325	[1467]	:	Respose to catch Q at trial 3: 53.863000
55326	[1]	:	RT and choice to catch Q at trial 3: 0.538000, 30
55354	[28]	:	Fixation at trial 4: 55.334000
55876	[522]	:	Object at trial 4: 55.856000
59399	[3523]	:	Fixation at trial 4: 59.379000
59921	[522]	:	Catch Stim at trial 4: 59.901000
63447	[3526]	:	Catch Q at trial 4: 59.901000
64379	[932]	:	Key	28	DOWN	at	64379   
65427	[1048]	:	Respose to catch Q at trial 4: 64.385000
65428	[1]	:	RT and choice to catch Q at trial 4: 0.958000, 28
65456	[28]	:	Fixation at trial 5: 65.436000
65978	[522]	:	Object at trial 5: 65.958000
69501	[3523]	:	Fixation at trial 5: 69.481000
70024	[523]	:	Catch Stim at trial 5: 70.004000
73550	[3526]	:	Catch Q at trial 5: 70.004000
73984	[434]	:	Key	30	DOWN	at	73984   
75530	[1546]	:	Respose to catch Q at trial 5: 73.989000
75531	[1]	:	RT and choice to catch Q at trial 5: 0.459000, 30
75559	[28]	:	Fixation at trial 6: 75.539000
76081	[522]	:	Object at trial 6: 76.061000
79604	[3523]	:	Fixation at trial 6: 79.584000
80136	[532]	:	Catch Stim at trial 6: 80.116000
83661	[3525]	:	Catch Q at trial 6: 80.116000
85686	[2025]	:	Respose to catch Q at trial 6: 85.166000
85687	[1]	:	RT and choice to catch Q at trial 6: 1.525000, 0
85721	[34]	:	Fixation at trial 7: 85.701000
86243	[522]	:	Object at trial 7: 86.223000
89766	[3523]	:	Fixation at trial 7: 89.746000
90289	[523]	:	Catch Stim at trial 7: 90.269000
93815	[3526]	:	Catch Q at trial 7: 90.269000
94446	[631]	:	Key	30	DOWN	at	94446   
95795	[1349]	:	Respose to catch Q at trial 7: 94.453000
95796	[1]	:	RT and choice to catch Q at trial 7: 0.658000, 30
95822	[26]	:	Fixation at trial 8: 95.802000
96344	[522]	:	Object at trial 8: 96.324000
99867	[3523]	:	Fixation at trial 8: 99.847000
100390	[523]	:	Catch Stim at trial 8: 100.370000
103915	[3525]	:	Catch Q at trial 8: 100.370000
104546	[631]	:	Key	30	DOWN	at	104546  
105895	[1349]	:	Respose to catch Q at trial 8: 104.551000
105896	[1]	:	RT and choice to catch Q at trial 8: 0.656000, 30
105922	[26]	:	Fixation at trial 9: 105.902000
106444	[522]	:	Object at trial 9: 106.424000
109967	[3523]	:	Fixation at trial 9: 109.947000
110490	[523]	:	Catch Stim at trial 9: 110.470000
114016	[3526]	:	Catch Q at trial 9: 110.470000
114687	[671]	:	Key	30	DOWN	at	114687  
115996	[1309]	:	Respose to catch Q at trial 9: 114.693000
115997	[1]	:	RT and choice to catch Q at trial 9: 0.697000, 30
116022	[25]	:	Fixation at trial 10: 116.002000
116544	[522]	:	Object at trial 10: 116.524000
120067	[3523]	:	Fixation at trial 10: 120.047000
120590	[523]	:	Catch Stim at trial 10: 120.570000
124116	[3526]	:	Catch Q at trial 10: 120.570000
124897	[781]	:	Key	28	DOWN	at	124897  
126096	[1199]	:	Respose to catch Q at trial 10: 124.903000
126097	[1]	:	RT and choice to catch Q at trial 10: 0.807000, 28
126122	[25]	:	Fixation at trial 11: 126.102000
126644	[522]	:	Object at trial 11: 126.624000
130168	[3524]	:	Fixation at trial 11: 130.148000
130689	[521]	:	Catch Stim at trial 11: 130.670000
134214	[3525]	:	Catch Q at trial 11: 130.670000
134828	[614]	:	Key	30	DOWN	at	134828  
136194	[1366]	:	Respose to catch Q at trial 11: 134.833000
136195	[1]	:	RT and choice to catch Q at trial 11: 0.639000, 30
136219	[24]	:	Fixation at trial 12: 136.199000
136742	[523]	:	Object at trial 12: 136.722000
140265	[3523]	:	Fixation at trial 12: 140.245000
140788	[523]	:	Catch Stim at trial 12: 140.768000
144313	[3525]	:	Catch Q at trial 12: 140.768000
145168	[855]	:	Key	28	DOWN	at	145168  
146293	[1125]	:	Respose to catch Q at trial 12: 145.174000
146294	[1]	:	RT and choice to catch Q at trial 12: 0.881000, 28
146318	[24]	:	Fixation at trial 13: 146.298000
146840	[522]	:	Object at trial 13: 146.820000
150363	[3523]	:	Fixation at trial 13: 150.343000
150885	[522]	:	Catch Stim at trial 13: 150.865000
154411	[3526]	:	Catch Q at trial 13: 150.865000
155179	[768]	:	Key	28	DOWN	at	155179  
156391	[1212]	:	Respose to catch Q at trial 13: 155.184000
156391	[0]	:	RT and choice to catch Q at trial 13: 0.793000, 28
156416	[25]	:	Fixation at trial 14: 156.396000
156938	[522]	:	Object at trial 14: 156.918000
160461	[3523]	:	Fixation at trial 14: 160.441000
160984	[523]	:	Catch Stim at trial 14: 160.964000
164510	[3526]	:	Catch Q at trial 14: 160.964000
165145	[635]	:	Key	28	DOWN	at	165145  
166490	[1345]	:	Respose to catch Q at trial 14: 165.150000
166491	[1]	:	RT and choice to catch Q at trial 14: 0.660000, 28
166515	[24]	:	Fixation at trial 15: 166.495000
167038	[523]	:	Object at trial 15: 167.018000
170561	[3523]	:	Fixation at trial 15: 170.541000
171083	[522]	:	Catch Stim at trial 15: 171.063000
174608	[3525]	:	Catch Q at trial 15: 171.063000
175175	[567]	:	Key	28	DOWN	at	175175  
176588	[1413]	:	Respose to catch Q at trial 15: 175.180000
176589	[1]	:	RT and choice to catch Q at trial 15: 0.592000, 28
176613	[24]	:	Fixation at trial 16: 176.593000
177135	[522]	:	Object at trial 16: 177.115000
180659	[3524]	:	Fixation at trial 16: 180.639000
181181	[522]	:	Catch Stim at trial 16: 181.161000
184707	[3526]	:	Catch Q at trial 16: 181.161000
185481	[774]	:	Key	28	DOWN	at	185481  
186687	[1206]	:	Respose to catch Q at trial 16: 185.486000
186688	[1]	:	RT and choice to catch Q at trial 16: 0.799000, 28
186712	[24]	:	Fixation at trial 17: 186.692000
187234	[522]	:	Object at trial 17: 187.214000
190757	[3523]	:	Fixation at trial 17: 190.737000
191279	[522]	:	Catch Stim at trial 17: 191.259000
194805	[3526]	:	Catch Q at trial 17: 191.259000
195831	[1026]	:	Key	30	DOWN	at	195831  
196785	[954]	:	Respose to catch Q at trial 17: 195.837000
196786	[1]	:	RT and choice to catch Q at trial 17: 1.052000, 30
196810	[24]	:	Fixation at trial 18: 196.790000
197332	[522]	:	Object at trial 18: 197.312000
200855	[3523]	:	Fixation at trial 18: 200.835000
201377	[522]	:	Catch Stim at trial 18: 201.357000
204902	[3525]	:	Catch Q at trial 18: 201.357000
205502	[600]	:	Key	30	DOWN	at	205502  
206882	[1380]	:	Respose to catch Q at trial 18: 205.507000
206882	[0]	:	RT and choice to catch Q at trial 18: 0.625000, 30
206907	[25]	:	Fixation at trial 19: 206.887000
207429	[522]	:	Object at trial 19: 207.409000
210952	[3523]	:	Fixation at trial 19: 210.932000
211475	[523]	:	Catch Stim at trial 19: 211.455000
215000	[3525]	:	Catch Q at trial 19: 211.455000
215562	[562]	:	Key	30	DOWN	at	215562  
216980	[1418]	:	Respose to catch Q at trial 19: 215.567000
216980	[0]	:	RT and choice to catch Q at trial 19: 0.587000, 30
217005	[25]	:	Fixation at trial 20: 216.985000
217527	[522]	:	Object at trial 20: 217.507000
221050	[3523]	:	Fixation at trial 20: 221.030000
221573	[523]	:	Catch Stim at trial 20: 221.553000
225099	[3526]	:	Catch Q at trial 20: 221.553000
225878	[779]	:	Key	28	DOWN	at	225878  
227079	[1201]	:	Respose to catch Q at trial 20: 225.884000
227079	[0]	:	RT and choice to catch Q at trial 20: 0.805000, 28
227104	[25]	:	Fixation at trial 21: 227.084000
227627	[523]	:	Object at trial 21: 227.607000
231150	[3523]	:	Fixation at trial 21: 231.130000
231672	[522]	:	Catch Stim at trial 21: 231.652000
235198	[3526]	:	Catch Q at trial 21: 231.652000
236179	[981]	:	Key	28	DOWN	at	236179  
237178	[999]	:	Respose to catch Q at trial 21: 236.185000
237178	[0]	:	RT and choice to catch Q at trial 21: 1.007000, 28
237203	[25]	:	Fixation at trial 22: 237.183000
237725	[522]	:	Object at trial 22: 237.705000
241248	[3523]	:	Fixation at trial 22: 241.228000
241770	[522]	:	Catch Stim at trial 22: 241.750000
245296	[3526]	:	Catch Q at trial 22: 241.750000
246409	[1113]	:	Key	28	DOWN	at	246409  
247276	[867]	:	Respose to catch Q at trial 22: 246.415000
247276	[0]	:	RT and choice to catch Q at trial 22: 1.139000, 28
247301	[25]	:	Fixation at trial 23: 247.281000
247823	[522]	:	Object at trial 23: 247.803000
251346	[3523]	:	Fixation at trial 23: 251.326000
251868	[522]	:	Catch Stim at trial 23: 251.848000
255393	[3525]	:	Catch Q at trial 23: 251.848000
256255	[862]	:	Key	28	DOWN	at	256255  
257373	[1118]	:	Respose to catch Q at trial 23: 256.261000
257373	[0]	:	RT and choice to catch Q at trial 23: 0.888000, 28
257398	[25]	:	Fixation at trial 24: 257.378000
257920	[522]	:	Object at trial 24: 257.900000
261442	[3522]	:	Fixation at trial 24: 261.422000
261964	[522]	:	Catch Stim at trial 24: 261.944000
265490	[3526]	:	Catch Q at trial 24: 261.944000
266075	[585]	:	Key	30	DOWN	at	266075  
267470	[1395]	:	Respose to catch Q at trial 24: 266.080000
267470	[0]	:	RT and choice to catch Q at trial 24: 0.610000, 30
267495	[25]	:	Fixation at trial 25: 267.475000
268017	[522]	:	Object at trial 25: 267.997000
271540	[3523]	:	Fixation at trial 25: 271.520000
272062	[522]	:	Catch Stim at trial 25: 272.042000
275588	[3526]	:	Catch Q at trial 25: 272.042000
276226	[638]	:	Key	30	DOWN	at	276226  
277568	[1342]	:	Respose to catch Q at trial 25: 276.231000
277568	[0]	:	RT and choice to catch Q at trial 25: 0.663000, 30
277593	[25]	:	Fixation at trial 26: 277.573000
278116	[523]	:	Object at trial 26: 278.096000
281639	[3523]	:	Fixation at trial 26: 281.619000
282161	[522]	:	Catch Stim at trial 26: 282.141000
285687	[3526]	:	Catch Q at trial 26: 282.141000
286337	[650]	:	Key	28	DOWN	at	286337  
287667	[1330]	:	Respose to catch Q at trial 26: 286.343000
287667	[0]	:	RT and choice to catch Q at trial 26: 0.676000, 28
287692	[25]	:	Fixation at trial 27: 287.672000
288214	[522]	:	Object at trial 27: 288.194000
291737	[3523]	:	Fixation at trial 27: 291.717000
292259	[522]	:	Catch Stim at trial 27: 292.239000
295784	[3525]	:	Catch Q at trial 27: 292.239000
296562	[778]	:	Key	28	DOWN	at	296562  
297764	[1202]	:	Respose to catch Q at trial 27: 296.567000
297764	[0]	:	RT and choice to catch Q at trial 27: 0.803000, 28
297789	[25]	:	Fixation at trial 28: 297.769000
298311	[522]	:	Object at trial 28: 298.291000
301834	[3523]	:	Fixation at trial 28: 301.814000
302356	[522]	:	Catch Stim at trial 28: 302.336000
305881	[3525]	:	Catch Q at trial 28: 302.336000
306628	[747]	:	Key	28	DOWN	at	306628  
307861	[1233]	:	Respose to catch Q at trial 28: 306.634000
307861	[0]	:	RT and choice to catch Q at trial 28: 0.773000, 28
307886	[25]	:	Fixation at trial 29: 307.866000
308408	[522]	:	Object at trial 29: 308.388000
311931	[3523]	:	Fixation at trial 29: 311.911000
312453	[522]	:	Catch Stim at trial 29: 312.433000
315978	[3525]	:	Catch Q at trial 29: 312.433000
316618	[640]	:	Key	30	DOWN	at	316618  
317958	[1340]	:	Respose to catch Q at trial 29: 316.624000
317958	[0]	:	RT and choice to catch Q at trial 29: 0.666000, 30
317983	[25]	:	Fixation at trial 30: 317.963000
318505	[522]	:	Object at trial 30: 318.485000
322028	[3523]	:	Fixation at trial 30: 322.008000
322550	[522]	:	Catch Stim at trial 30: 322.530000
326076	[3526]	:	Catch Q at trial 30: 322.530000
326964	[888]	:	Key	28	DOWN	at	326964  
328056	[1092]	:	Respose to catch Q at trial 30: 326.970000
328057	[1]	:	RT and choice to catch Q at trial 30: 0.914000, 28
328081	[24]	:	Fixation at trial 31: 328.061000
328604	[523]	:	Object at trial 31: 328.584000
332127	[3523]	:	Fixation at trial 31: 332.107000
332650	[523]	:	Catch Stim at trial 31: 332.630000
336176	[3526]	:	Catch Q at trial 31: 332.630000
337574	[1398]	:	Key	30	DOWN	at	337574  
338156	[582]	:	Respose to catch Q at trial 31: 337.580000
338157	[1]	:	RT and choice to catch Q at trial 31: 1.424000, 30
338181	[24]	:	Fixation at trial 32: 338.161000
338704	[523]	:	Object at trial 32: 338.684000
342228	[3524]	:	Fixation at trial 32: 342.208000
342750	[522]	:	Catch Stim at trial 32: 342.730000
346276	[3526]	:	Catch Q at trial 32: 342.730000
347055	[779]	:	Key	30	DOWN	at	347055  
348256	[1201]	:	Respose to catch Q at trial 32: 347.061000
348256	[0]	:	RT and choice to catch Q at trial 32: 0.805000, 30
348281	[25]	:	Fixation at trial 33: 348.261000
348803	[522]	:	Object at trial 33: 348.783000
352326	[3523]	:	Fixation at trial 33: 352.306000
352849	[523]	:	Catch Stim at trial 33: 352.829000
356375	[3526]	:	Catch Q at trial 33: 352.829000
357076	[701]	:	Key	28	DOWN	at	357076  
358355	[1279]	:	Respose to catch Q at trial 33: 357.082000
358356	[1]	:	RT and choice to catch Q at trial 33: 0.727000, 28
358380	[24]	:	Fixation at trial 34: 358.360000
358902	[522]	:	Object at trial 34: 358.882000
362425	[3523]	:	Fixation at trial 34: 362.405000
362948	[523]	:	Catch Stim at trial 34: 362.928000
366473	[3525]	:	Catch Q at trial 34: 362.928000
366936	[463]	:	Key	30	DOWN	at	366936  
368453	[1517]	:	Respose to catch Q at trial 34: 366.941000
368453	[0]	:	RT and choice to catch Q at trial 34: 0.488000, 30
368478	[25]	:	Fixation at trial 35: 368.458000
369000	[522]	:	Object at trial 35: 368.980000
372523	[3523]	:	Fixation at trial 35: 372.503000
373046	[523]	:	Catch Stim at trial 35: 373.026000
376571	[3525]	:	Catch Q at trial 35: 373.026000
377532	[961]	:	Key	30	DOWN	at	377532  
378551	[1019]	:	Respose to catch Q at trial 35: 377.537000
378551	[0]	:	RT and choice to catch Q at trial 35: 0.986000, 30
378576	[25]	:	Fixation at trial 36: 378.556000
379098	[522]	:	Object at trial 36: 379.078000
382621	[3523]	:	Fixation at trial 36: 382.601000
383152	[531]	:	Catch Stim at trial 36: 383.131000
386677	[3525]	:	Catch Q at trial 36: 383.131000
387532	[855]	:	Key	28	DOWN	at	387532  
388657	[1125]	:	Respose to catch Q at trial 36: 387.538000
388657	[0]	:	RT and choice to catch Q at trial 36: 0.881000, 28
388682	[25]	:	Fixation at trial 37: 388.662000
389204	[522]	:	Object at trial 37: 389.184000
392727	[3523]	:	Fixation at trial 37: 392.707000
393249	[522]	:	Catch Stim at trial 37: 393.229000
396774	[3525]	:	Catch Q at trial 37: 393.229000
397518	[744]	:	Key	28	DOWN	at	397518  
398754	[1236]	:	Respose to catch Q at trial 37: 397.523000
398754	[0]	:	RT and choice to catch Q at trial 37: 0.769000, 28
398779	[25]	:	Fixation at trial 38: 398.759000
399301	[522]	:	Object at trial 38: 399.281000
402824	[3523]	:	Fixation at trial 38: 402.804000
403346	[522]	:	Catch Stim at trial 38: 403.326000
406871	[3525]	:	Catch Q at trial 38: 403.326000
407918	[1047]	:	Key	28	DOWN	at	407918  
408851	[933]	:	Respose to catch Q at trial 38: 407.924000
408851	[0]	:	RT and choice to catch Q at trial 38: 1.073000, 28
408876	[25]	:	Fixation at trial 39: 408.856000
409398	[522]	:	Object at trial 39: 409.378000
412921	[3523]	:	Fixation at trial 39: 412.901000
413444	[523]	:	Catch Stim at trial 39: 413.424000
416969	[3525]	:	Catch Q at trial 39: 413.424000
417499	[530]	:	Key	30	DOWN	at	417499  
418949	[1450]	:	Respose to catch Q at trial 39: 417.505000
418949	[0]	:	RT and choice to catch Q at trial 39: 0.556000, 30
418974	[25]	:	Fixation at trial 40: 418.954000
419496	[522]	:	Object at trial 40: 419.476000
423019	[3523]	:	Fixation at trial 40: 422.999000
423541	[522]	:	Catch Stim at trial 40: 423.521000
427067	[3526]	:	Catch Q at trial 40: 423.521000
427825	[758]	:	Key	30	DOWN	at	427825  
429047	[1222]	:	Respose to catch Q at trial 40: 427.831000
429047	[0]	:	RT and choice to catch Q at trial 40: 0.784000, 30
429072	[25]	:	Fixation at trial 41: 429.052000
429594	[522]	:	Object at trial 41: 429.574000
433117	[3523]	:	Fixati