Cog2000 log file Fri Sep 20 12:08:43 2019
gprim v1.29 Compiled:Feb  1 2010 (GLib DirectDraw v7 DX10.0 Compiled:Feb  1 2010)
Display:1024x768x32 59.77Hz
Attaching C:\Program Files\matlab\toolbox2015b\Cogent2000\Toolbox\CogInput.mexw32
CogInput v1.05 Compiled: May 20 2010
2	[2]	:	COGENT START
4462	[4460]	:	Key	29	DOWN	at	4455    
4875	[413]	:	Key	29	UP	at	4875    
5571	[696]	:	Key	31	DOWN	at	5570    
5955	[384]	:	Key	31	UP	at	5955    
45007	[39052]	:	Key	71	DOWN	at	45007   
45068	[61]	:	Fixation at trial 1: 45.046000
46121	[1053]	:	Object at trial 1: 46.100000
48169	[2048]	:	Fixation at trial 2: 48.148000
49190	[1021]	:	Object at trial 2: 49.170000
51232	[2042]	:	Fixation at trial 3: 51.212000
52255	[1023]	:	Object at trial 3: 52.235000
54291	[2036]	:	Fixation at trial 4: 54.271000
55315	[1024]	:	Object at trial 4: 55.295000
57340	[2025]	:	Fixation at trial 5: 57.320000
58361	[1021]	:	Object at trial 5: 58.341000
60386	[2025]	:	Fixation at trial 6: 60.366000
61408	[1022]	:	Object at trial 6: 61.388000
63433	[2025]	:	Fixation at trial 7: 63.413000
64455	[1022]	:	Object at trial 7: 64.434000
66490	[2035]	:	Fixation at trial 8: 66.470000
67511	[1021]	:	Object at trial 8: 67.491000
69535	[2024]	:	Fixation at trial 9: 69.515000
70557	[1022]	:	Object at trial 9: 70.537000
72583	[2026]	:	Fixation at trial 9: 72.562000
73711	[1128]	:	Catch Stim at trial 9: 73.691000
74592	[881]	:	Key	31	DOWN	at	74592   
76195	[1603]	:	Respose to catch Q at trial 9: 74.615000
76197	[2]	:	RT and choice to catch Q at trial 9: 0.924000, 31
76233	[36]	:	Fixation at trial 10: 76.213000
77254	[1021]	:	Object at trial 10: 77.234000
79283	[2029]	:	Fixation at trial 11: 79.263000
80304	[1021]	:	Object at trial 11: 80.284000
82331	[2027]	:	Fixation at trial 12: 82.311000
83352	[1021]	:	Object at trial 12: 83.332000
85378	[2026]	:	Fixation at trial 13: 85.358000
86399	[1021]	:	Object at trial 13: 86.379000
88424	[2025]	:	Fixation at trial 14: 88.404000
89445	[1021]	:	Object at trial 14: 89.425000
91473	[2028]	:	Fixation at trial 15: 91.453000
92494	[1021]	:	Object at trial 15: 92.474000
94520	[2026]	:	Fixation at trial 16: 94.500000
95541	[1021]	:	Object at trial 16: 95.521000
97565	[2024]	:	Fixation at trial 16: 97.545000
98594	[1029]	:	Catch Stim at trial 16: 98.574000
99448	[854]	:	Key	31	DOWN	at	99448   
101075	[1627]	:	Respose to catch Q at trial 16: 99.455000
101076	[1]	:	RT and choice to catch Q at trial 16: 0.881000, 31
101101	[25]	:	Fixation at trial 17: 101.081000
102122	[1021]	:	Object at trial 17: 102.102000
104146	[2024]	:	Fixation at trial 17: 104.126000
105171	[1025]	:	Catch Stim at trial 17: 105.151000
105970	[799]	:	Key	29	DOWN	at	105970  
107653	[1683]	:	Respose to catch Q at trial 17: 105.977000
107654	[1]	:	RT and choice to catch Q at trial 17: 0.826000, 29
107679	[25]	:	Fixation at trial 18: 107.659000
108700	[1021]	:	Object at trial 18: 108.680000
110724	[2024]	:	Fixation at trial 19: 110.704000
111745	[1021]	:	Object at trial 19: 111.725000
113769	[2024]	:	Fixation at trial 20: 113.749000
114790	[1021]	:	Object at trial 20: 114.770000
116815	[2025]	:	Fixation at trial 21: 116.794000
117836	[1021]	:	Object at trial 21: 117.816000
119860	[2024]	:	Fixation at trial 22: 119.840000
120881	[1021]	:	Object at trial 22: 120.861000
122905	[2024]	:	Fixation at trial 22: 122.885000
123929	[1024]	:	Catch Stim at trial 22: 123.909000
124827	[898]	:	Key	29	DOWN	at	124827  
126409	[1582]	:	Respose to catch Q at trial 22: 124.833000
126410	[1]	:	RT and choice to catch Q at trial 22: 0.924000, 29
126435	[25]	:	Fixation at trial 23: 126.415000
127456	[1021]	:	Object at trial 23: 127.436000
129481	[2025]	:	Fixation at trial 24: 129.460000
130503	[1022]	:	Object at trial 24: 130.483000
132527	[2024]	:	Fixation at trial 24: 132.507000
133553	[1026]	:	Catch Stim at trial 24: 133.533000
134437	[884]	:	Key	31	DOWN	at	134437  
136033	[1596]	:	Respose to catch Q at trial 24: 134.443000
136034	[1]	:	RT and choice to catch Q at trial 24: 0.910000, 31
136058	[24]	:	Fixation at trial 25: 136.038000
137080	[1022]	:	Object at trial 25: 137.060000
139104	[2024]	:	Fixation at trial 26: 139.084000
140126	[1022]	:	Object at trial 26: 140.106000
142150	[2024]	:	Fixation at trial 27: 142.130000
143171	[1021]	:	Object at trial 27: 143.151000
145195	[2024]	:	Fixation at trial 28: 145.175000
146216	[1021]	:	Object at trial 28: 146.196000
148240	[2024]	:	Fixation at trial 29: 148.220000
149261	[1021]	:	Object at trial 29: 149.241000
151285	[2024]	:	Fixation at trial 30: 151.265000
152306	[1021]	:	Object at trial 30: 152.286000
154330	[2024]	:	Fixation at trial 31: 154.310000
155351	[1021]	:	Object at trial 31: 155.331000
157375	[2024]	:	Fixation at trial 32: 157.355000
158397	[1022]	:	Object at trial 32: 158.377000
160421	[2024]	:	Fixation at trial 33: 160.401000
161442	[1021]	:	Object at trial 33: 161.422000
163466	[2024]	:	Fixation at trial 33: 163.446000
164492	[1026]	:	Catch Stim at trial 33: 164.472000
165594	[1102]	:	Key	31	DOWN	at	165594  
166972	[1378]	:	Respose to catch Q at trial 33: 165.600000
166973	[1]	:	RT and choice to catch Q at trial 33: 1.128000, 31
166997	[24]	:	Fixation at trial 34: 166.977000
168018	[1021]	:	Object at trial 34: 167.998000
170042	[2024]	:	Fixation at trial 34: 170.022000
171067	[1025]	:	Catch Stim at trial 34: 171.047000
172109	[1042]	:	Key	29	DOWN	at	172109  
173547	[1438]	:	Respose to catch Q at trial 34: 172.115000
173548	[1]	:	RT and choice to catch Q at trial 34: 1.068000, 29
173572	[24]	:	Fixation at trial 35: 173.552000
174594	[1022]	:	Object at trial 35: 174.574000
176618	[2024]	:	Fixation at trial 36: 176.598000
177640	[1022]	:	Object at trial 36: 177.620000
179664	[2024]	:	Fixation at trial 37: 179.644000
180685	[1021]	:	Object at trial 37: 180.665000
182709	[2024]	:	Fixation at trial 38: 182.689000
183730	[1021]	:	Object at trial 38: 183.710000
185754	[2024]	:	Fixation at trial 39: 185.734000
186775	[1021]	:	Object at trial 39: 186.755000
188799	[2024]	:	Fixation at trial 40: 188.779000
189820	[1021]	:	Object at trial 40: 189.800000
191845	[2025]	:	Fixation at trial 41: 191.825000
192866	[1021]	:	Object at trial 41: 192.846000
194890	[2024]	:	Fixation at trial 42: 194.870000
195911	[1021]	:	Object at trial 42: 195.891000
197935	[2024]	:	Fixation at trial 43: 197.915000
198956	[1021]	:	Object at trial 43: 198.936000
200980	[2024]	:	Fixation at trial 44: 200.960000
202001	[1021]	:	Object at trial 44: 201.981000
204025	[2024]	:	Fixation at trial 45: 204.005000
205046	[1021]	:	Object at trial 45: 205.026000
207070	[2024]	:	Fixation at trial 46: 207.050000
208091	[1021]	:	Object at trial 46: 208.071000
210114	[2023]	:	Fixation at trial 46: 210.094000
211141	[1027]	:	Catch Stim at trial 46: 211.121000
212457	[1316]	:	Key	31	DOWN	at	212457  
213621	[1164]	:	Respose to catch Q at trial 46: 212.463000
213622	[1]	:	RT and choice to catch Q at trial 46: 1.342000, 31
213646	[24]	:	Fixation at trial 47: 213.626000
214668	[1022]	:	Object at trial 47: 214.648000
216692	[2024]	:	Fixation at trial 48: 216.672000
217713	[1021]	:	Object at trial 48: 217.693000
219737	[2024]	:	Fixation at trial 49: 219.717000
220758	[1021]	:	Object at trial 49: 220.738000
222782	[2024]	:	Fixation at trial 50: 222.762000
223803	[1021]	:	Object at trial 50: 223.783000
225828	[2025]	:	Fixation at trial 51: 225.808000
226849	[1021]	:	Object at trial 51: 226.829000
228873	[2024]	:	Fixation at trial 52: 228.853000
229894	[1021]	:	Object at trial 52: 229.874000
231918	[2024]	:	Fixation at trial 52: 231.898000
232945	[1027]	:	Catch Stim at trial 52: 232.925000
233753	[808]	:	Key	31	DOWN	at	233753  
235425	[1672]	:	Respose to catch Q at trial 52: 233.759000
235426	[1]	:	RT and choice to catch Q at trial 52: 0.834000, 31
235451	[25]	:	Fixation at trial 53: 235.431000
236472	[1021]	:	Object at trial 53: 236.452000
238496	[2024]	:	Fixation at trial 54: 238.476000
239517	[1021]	:	Object at trial 54: 239.497000
241541	[2024]	:	Fixation at trial 54: 241.521000
242566	[1025]	:	Catch Stim at trial 54: 242.546000
243333	[767]	:	Key	31	DOWN	at	243333  
245046	[1713]	:	Respose to catch Q at trial 54: 243.339000
245046	[0]	:	RT and choice to catch Q at trial 54: 0.793000, 31
245071	[25]	:	Fixation at trial 55: 245.051000
246093	[1022]	:	Object at trial 55: 246.073000
248117	[2024]	:	Fixation at trial 55: 248.097000
249141	[1024]	:	Catch Stim at trial 55: 249.121000
251727	[2586]	:	Respose to catch Q at trial 55: 251.205000
251728	[1]	:	RT and choice to catch Q at trial 55: 2.084000, 0
251759	[31]	:	Fixation at trial 56: 251.739000
252781	[1022]	:	Object at trial 56: 252.761000
254813	[2032]	:	Fixation at trial 57: 254.793000
255835	[1022]	:	Object at trial 57: 255.815000
257865	[2030]	:	Fixation at trial 58: 257.844000
258887	[1022]	:	Object at trial 58: 258.867000
260914	[2027]	:	Fixation at trial 59: 260.895000
261937	[1023]	:	Object at trial 59: 261.916000
263963	[2026]	:	Fixation at trial 60: 263.943000
264985	[1022]	:	Object at trial 60: 264.965000
267011	[2026]	:	Fixation at trial 61: 266.991000
268033	[1022]	:	Object at trial 61: 268.013000
270058	[2025]	:	Fixation at trial 61: 270.038000
271082	[1024]	:	Catch Stim at trial 61: 271.062000
271846	[764]	:	Key	29	DOWN	at	271846  
273562	[1716]	:	Respose to catch Q at trial 61: 271.853000
273562	[0]	:	RT and choice to catch Q at trial 61: 0.791000, 29
273587	[25]	:	Fixation at trial 62: 273.567000
274608	[1021]	:	Object at trial 62: 274.588000
276635	[2027]	:	Fixation at trial 63: 276.615000
277656	[1021]	:	Object at trial 63: 277.636000
279680	[2024]	:	Fixation at trial 64: 279.660000
280701	[1021]	:	Object at trial 64: 280.681000
282725	[2024]	:	Fixation at trial 64: 282.705000
283750	[1025]	:	Catch Stim at trial 64: 283.730000
284454	[704]	:	Key	31	DOWN	at	284454  
286230	[1776]	:	Respose to catch Q at trial 64: 284.460000
286230	[0]	:	RT and choice to catch Q at trial 64: 0.730000, 31
286255	[25]	:	Fixation at trial 65: 286.235000
287277	[1022]	:	Object at trial 65: 287.257000
289301	[2024]	:	Fixation at trial 65: 289.281000
290325	[1024]	:	Catch Stim at trial 65: 290.305000
291009	[684]	:	Key	29	DOWN	at	291009  
292805	[1796]	:	Respose to catch Q at trial 65: 291.015000
292805	[0]	:	RT and choice to catch Q at trial 65: 0.710000, 29
292830	[25]	:	Fixation at trial 66: 292.810000
293851	[1021]	:	Object at trial 66: 293.831000
295875	[2024]	:	Fixation at trial 67: 295.855000
296896	[1021]	:	Object at trial 67: 296.876000
298921	[2025]	:	Fixation at trial 68: 298.901000
299942	[1021]	:	Object at trial 68: 299.922000
301966	[2024]	:	Fixation at trial 69: 301.946000
302987	[1021]	:	Object at trial 69: 302.967000
305013	[2026]	:	Fixation at trial 70: 304.993000
306034	[1021]	:	Object at trial 70: 306.014000
308058	[2024]	:	Fixation at trial 71: 308.038000
309079	[1021]	:	Object at trial 71: 309.059000
311103	[2024]	:	Fixation at trial 71: 311.083000
312127	[1024]	:	Catch Stim at trial 71: 312.107000
312831	[704]	:	Key	29	DOWN	at	312831  
314607	[1776]	:	Respose to catch Q at trial 71: 312.837000
314607	[0]	:	RT and choice to catch Q at trial 71: 0.730000, 29
314632	[25]	:	Fixation at trial 72: 314.612000
315653	[1021]	:	Object at trial 72: 315.633000
317677	[2024]	:	Fixation at trial 73: 317.657000
318698	[1021]	:	Object at trial 73: 318.678000
320722	[2024]	:	Fixation at trial 74: 320.702000
321743	[1021]	:	Object at trial 74: 321.723000
323767	[2024]	:	Fixation at trial 75: 323.747000
324788	[1021]	:	Object at trial 75: 324.768000
326812	[2024]	:	Fixation at trial 76: 326.792000
327833	[1021]	:	Object at trial 76: 327.813000
329857	[2024]	:	Fixation at trial 77: 329.837000
330878	[1021]	:	Object at trial 77: 330.858000
332902	[2024]	:	Fixation at trial 78: 332.882000
333923	[1021]	:	Object at trial 78: 333.903000
335947	[2024]	:	Fixation at trial 79: 335.927000
336968	[1021]	:	Object at trial 79: 336.948000
338992	[2024]	:	Fixation at trial 80: 338.972000
340013	[1021]	:	Object at trial 80: 339.993000
342037	[2024]	:	Fixation at trial 81: 342.017000
343058	[1021]	:	Object at trial 81: 343.038000
345083	[2025]	:	Fixation at trial 82: 345.063000
346104	[1021]	:	Object at trial 82: 346.084000
348128	[2024]	:	Fixation at trial 83: 348.108000
349149	[1021]	:	Object at trial 83: 349.129000
351173	[2024]	:	Fixation at trial 84: 351.153000
352194	[1021]	:	Object at trial 8