Cog2000 log file Fri Sep 20 13:03:44 2019
gprim v1.29 Compiled:Feb  1 2010 (GLib DirectDraw v7 DX10.0 Compiled:Feb  1 2010)
Display:1024x768x32 59.84Hz
CogInput v1.05 Compiled: May 20 2010
0	[0]	:	COGENT START
13311	[13311]	:	Key	29	DOWN	at	13311   
13456	[145]	:	Key	29	UP	at	13456   
14136	[680]	:	Key	31	DOWN	at	14136   
14331	[195]	:	Key	31	UP	at	14331   
43788	[29457]	:	Key	71	DOWN	at	43788   
43839	[51]	:	Fixation at trial 1: 43.819000
44366	[527]	:	Object at trial 1: 44.345000
47890	[3524]	:	Fixation at trial 1: 47.869000
48418	[528]	:	Catch Stim at trial 1: 48.397000
51947	[3529]	:	Catch Q at trial 1: 48.397000
52493	[546]	:	Key	29	DOWN	at	52493   
53929	[1436]	:	Respose to catch Q at trial 1: 52.500000
53930	[1]	:	RT and choice to catch Q at trial 1: 0.574000, 29
53965	[35]	:	Fixation at trial 2: 53.945000
54487	[522]	:	Object at trial 2: 54.467000
58010	[3523]	:	Fixation at trial 2: 57.990000
58534	[524]	:	Catch Stim at trial 2: 58.514000
62060	[3526]	:	Catch Q at trial 2: 58.514000
62754	[694]	:	Key	29	DOWN	at	62754   
64040	[1286]	:	Respose to catch Q at trial 2: 62.761000
64041	[1]	:	RT and choice to catch Q at trial 2: 0.721000, 29
64074	[33]	:	Fixation at trial 3: 64.054000
64595	[521]	:	Object at trial 3: 64.576000
68120	[3525]	:	Fixation at trial 3: 68.100000
68642	[522]	:	Catch Stim at trial 3: 68.622000
72168	[3526]	:	Catch Q at trial 3: 68.622000
72964	[796]	:	Key	31	DOWN	at	72964   
74148	[1184]	:	Respose to catch Q at trial 3: 72.970000
74149	[1]	:	RT and choice to catch Q at trial 3: 0.822000, 31
74178	[29]	:	Fixation at trial 4: 74.158000
74700	[522]	:	Object at trial 4: 74.680000
78223	[3523]	:	Fixation at trial 4: 78.203000
78745	[522]	:	Catch Stim at trial 4: 78.725000
82272	[3527]	:	Catch Q at trial 4: 78.725000
83045	[773]	:	Key	31	DOWN	at	83045   
84252	[1207]	:	Respose to catch Q at trial 4: 83.052000
84253	[1]	:	RT and choice to catch Q at trial 4: 0.800000, 31
84283	[30]	:	Fixation at trial 5: 84.263000
84805	[522]	:	Object at trial 5: 84.785000
88328	[3523]	:	Fixation at trial 5: 88.308000
88851	[523]	:	Catch Stim at trial 5: 88.831000
92377	[3526]	:	Catch Q at trial 5: 88.831000
93241	[864]	:	Key	31	DOWN	at	93241   
94357	[1116]	:	Respose to catch Q at trial 5: 93.246000
94358	[1]	:	RT and choice to catch Q at trial 5: 0.889000, 31
94386	[28]	:	Fixation at trial 6: 94.366000
94908	[522]	:	Object at trial 6: 94.888000
98431	[3523]	:	Fixation at trial 6: 98.411000
98954	[523]	:	Catch Stim at trial 6: 98.934000
102480	[3526]	:	Catch Q at trial 6: 98.934000
103351	[871]	:	Key	31	DOWN	at	103351  
104460	[1109]	:	Respose to catch Q at trial 6: 103.356000
104461	[1]	:	RT and choice to catch Q at trial 6: 0.896000, 31
104487	[26]	:	Fixation at trial 7: 104.467000
105009	[522]	:	Object at trial 7: 104.989000
108532	[3523]	:	Fixation at trial 7: 108.512000
109055	[523]	:	Catch Stim at trial 7: 109.035000
112581	[3526]	:	Catch Q at trial 7: 109.035000
113249	[668]	:	Key	31	DOWN	at	113249  
114561	[1312]	:	Respose to catch Q at trial 7: 113.255000
114562	[1]	:	RT and choice to catch Q at trial 7: 0.694000, 31
114587	[25]	:	Fixation at trial 8: 114.567000
115109	[522]	:	Object at trial 8: 115.089000
118632	[3523]	:	Fixation at trial 8: 118.612000
119155	[523]	:	Catch Stim at trial 8: 119.135000
122681	[3526]	:	Catch Q at trial 8: 119.135000
123354	[673]	:	Key	29	DOWN	at	123354  
124661	[1307]	:	Respose to catch Q at trial 8: 123.359000
124662	[1]	:	RT and choice to catch Q at trial 8: 0.698000, 29
124687	[25]	:	Fixation at trial 9: 124.667000
125210	[523]	:	Object at trial 9: 125.190000
128734	[3524]	:	Fixation at trial 9: 128.714000
129257	[523]	:	Catch Stim at trial 9: 129.237000
132783	[3526]	:	Catch Q at trial 9: 129.237000
133455	[672]	:	Key	31	DOWN	at	133455  
134763	[1308]	:	Respose to catch Q at trial 9: 133.460000
134764	[1]	:	RT and choice to catch Q at trial 9: 0.697000, 31
134789	[25]	:	Fixation at trial 10: 134.769000
135313	[524]	:	Object at trial 10: 135.293000
138836	[3523]	:	Fixation at trial 10: 138.816000
139359	[523]	:	Catch Stim at trial 10: 139.339000
142884	[3525]	:	Catch Q at trial 10: 139.339000
143641	[757]	:	Key	31	DOWN	at	143641  
144864	[1223]	:	Respose to catch Q at trial 10: 143.647000
144865	[1]	:	RT and choice to catch Q at trial 10: 0.783000, 31
144889	[24]	:	Fixation at trial 11: 144.869000
145411	[522]	:	Object at trial 11: 145.391000
148934	[3523]	:	Fixation at trial 11: 148.914000
149457	[523]	:	Catch Stim at trial 11: 149.437000
152982	[3525]	:	Catch Q at trial 11: 149.437000
153741	[759]	:	Key	29	DOWN	at	153741  
154962	[1221]	:	Respose to catch Q at trial 11: 153.747000
154962	[0]	:	RT and choice to catch Q at trial 11: 0.785000, 29
154987	[25]	:	Fixation at trial 12: 154.967000
155510	[523]	:	Object at trial 12: 155.490000
159034	[3524]	:	Fixation at trial 12: 159.014000
159556	[522]	:	Catch Stim at trial 12: 159.536000
163082	[3526]	:	Catch Q at trial 12: 159.536000
163662	[580]	:	Key	29	DOWN	at	163662  
165062	[1400]	:	Respose to catch Q at trial 12: 163.668000
165062	[0]	:	RT and choice to catch Q at trial 12: 0.606000, 29
165087	[25]	:	Fixation at trial 13: 165.067000
165609	[522]	:	Object at trial 13: 165.589000
169132	[3523]	:	Fixation at trial 13: 169.112000
169654	[522]	:	Catch Stim at trial 13: 169.634000
173181	[3527]	:	Catch Q at trial 13: 169.634000
173922	[741]	:	Key	29	DOWN	at	173922  
175161	[1239]	:	Respose to catch Q at trial 13: 173.928000
175162	[1]	:	RT and choice to catch Q at trial 13: 0.767000, 29
175186	[24]	:	Fixation at trial 14: 175.166000
175708	[522]	:	Object at trial 14: 175.688000
179231	[3523]	:	Fixation at trial 14: 179.211000
179753	[522]	:	Catch Stim at trial 14: 179.733000
183279	[3526]	:	Catch Q at trial 14: 179.733000
183998	[719]	:	Key	29	DOWN	at	183998  
185259	[1261]	:	Respose to catch Q at trial 14: 184.004000
185260	[1]	:	RT and choice to catch Q at trial 14: 0.745000, 29
185284	[24]	:	Fixation at trial 15: 185.264000
185807	[523]	:	Object at trial 15: 185.787000
189330	[3523]	:	Fixation at trial 15: 189.310000
189852	[522]	:	Catch Stim at trial 15: 189.832000
193377	[3525]	:	Catch Q at trial 15: 189.832000
194293	[916]	:	Key	31	DOWN	at	194293  
195357	[1064]	:	Respose to catch Q at trial 15: 194.299000
195358	[1]	:	RT and choice to catch Q at trial 15: 0.942000, 31
195382	[24]	:	Fixation at trial 16: 195.362000
195904	[522]	:	Object at trial 16: 195.884000
199427	[3523]	:	Fixation at trial 16: 199.407000
199949	[522]	:	Catch Stim at trial 16: 199.929000
203475	[3526]	:	Catch Q at trial 16: 199.929000
204224	[749]	:	Key	29	DOWN	at	204224  
205455	[1231]	:	Respose to catch Q at trial 16: 204.230000
205456	[1]	:	RT and choice to catch Q at trial 16: 0.775000, 29
205480	[24]	:	Fixation at trial 17: 205.460000
206003	[523]	:	Object at trial 17: 205.983000
209526	[3523]	:	Fixation at trial 17: 209.506000
210048	[522]	:	Catch Stim at trial 17: 210.028000
213573	[3525]	:	Catch Q at trial 17: 210.028000
214220	[647]	:	Key	29	DOWN	at	214220  
215553	[1333]	:	Respose to catch Q at trial 17: 214.225000
215554	[1]	:	RT and choice to catch Q at trial 17: 0.672000, 29
215579	[25]	:	Fixation at trial 18: 215.559000
216101	[522]	:	Object at trial 18: 216.081000
219624	[3523]	:	Fixation at trial 18: 219.604000
220146	[522]	:	Catch Stim at trial 18: 220.126000
223672	[3526]	:	Catch Q at trial 18: 220.126000
224411	[739]	:	Key	29	DOWN	at	224411  
225652	[1241]	:	Respose to catch Q at trial 18: 224.417000
225652	[0]	:	RT and choice to catch Q at trial 18: 0.765000, 29
225677	[25]	:	Fixation at trial 19: 225.657000
226199	[522]	:	Object at trial 19: 226.179000
229722	[3523]	:	Fixation at trial 19: 229.702000
230244	[522]	:	Catch Stim at trial 19: 230.224000
233769	[3525]	:	Catch Q at trial 19: 230.224000
234472	[703]	:	Key	31	DOWN	at	234472  
235749	[1277]	:	Respose to catch Q at trial 19: 234.477000
235749	[0]	:	RT and choice to catch Q at trial 19: 0.728000, 31
235774	[25]	:	Fixation at trial 20: 235.754000
236296	[522]	:	Object at trial 20: 236.276000
239819	[3523]	:	Fixation at trial 20: 239.799000
240341	[522]	:	Catch Stim at trial 20: 240.321000
243866	[3525]	:	Catch Q at trial 20: 240.321000
244562	[696]	:	Key	31	DOWN	at	244562  
245846	[1284]	:	Respose to catch Q at trial 20: 244.568000
245847	[1]	:	RT and choice to catch Q at trial 20: 0.722000, 31
245871	[24]	:	Fixation at trial 21: 245.851000
246393	[522]	:	Object at trial 21: 246.373000
249916	[3523]	:	Fixation at trial 21: 249.896000
250438	[522]	:	Catch Stim at trial 21: 250.418000
253964	[3526]	:	Catch Q at trial 21: 250.418000
254658	[694]	:	Key	31	DOWN	at	254658  
255944	[1286]	:	Respose to catch Q at trial 21: 254.664000
255944	[0]	:	RT and choice to catch Q at trial 21: 0.720000, 31
255969	[25]	:	Fixation at trial 22: 255.949000
256491	[522]	:	Object at trial 22: 256.471000
260014	[3523]	:	Fixation at trial 22: 259.994000
260535	[521]	:	Catch Stim at trial 22: 260.515000
264061	[3526]	:	Catch Q at trial 22: 260.515000
264778	[717]	:	Key	31	DOWN	at	264778  
266041	[1263]	:	Respose to catch Q at trial 22: 264.784000
266041	[0]	:	RT and choice to catch Q at trial 22: 0.743000, 31
266069	[28]	:	Fixation at trial 23: 266.046000
266592	[523]	:	Object at trial 23: 266.572000
270115	[3523]	:	Fixation at trial 23: 270.095000
270637	[522]	:	Catch Stim at trial 23: 270.617000
274163	[3526]	:	Catch Q at trial 23: 270.617000
274894	[731]	:	Key	31	DOWN	at	274894  
276143	[1249]	:	Respose to catch Q at trial 23: 274.900000
276143	[0]	:	RT and choice to catch Q at trial 23: 0.757000, 31
276168	[25]	:	Fixation at trial 24: 276.148000
276690	[522]	:	Object at trial 24: 276.670000
280213	[3523]	:	Fixation at trial 24: 280.193000
280735	[522]	:	Catch Stim at trial 24: 280.715000
284261	[3526]	:	Catch Q at trial 24: 280.715000
284975	[714]	:	Key	31	DOWN	at	284975  
286241	[1266]	:	Respose to catch Q at trial 24: 284.981000
286241	[0]	:	RT and choice to catch Q at trial 24: 0.740000, 31
286266	[25]	:	Fixation at trial 25: 286.246000
286788	[522]	:	Object at trial 25: 286.768000
290311	[3523]	:	Fixation at trial 25: 290.291000
290833	[522]	:	Catch Stim at trial 25: 290.813000
294359	[3526]	:	Catch Q at trial 25: 290.813000
295065	[706]	:	Key	29	DOWN	at	295065  
296339	[1274]	:	Respose to catch Q at trial 25: 295.071000
296339	[0]	:	RT and choice to catch Q at trial 25: 0.732000, 29
296364	[25]	:	Fixation at trial 26: 296.344000
296886	[522]	:	Object at trial 26: 296.866000
300409	[3523]	:	Fixation at trial 26: 300.389000
300931	[522]	:	Catch Stim at trial 26: 300.911000
304456	[3525]	:	Catch Q at trial 26: 300.911000
305031	[575]	:	Key	29	DOWN	at	305031  
306436	[1405]	:	Respose to catch Q at trial 26: 305.037000
306436	[0]	:	RT and choice to catch Q at trial 26: 0.601000, 29
306461	[25]	:	Fixation at trial 27: 306.441000
306984	[523]	:	Object at trial 27: 306.964000
310507	[3523]	:	Fixation at trial 27: 310.487000
311029	[522]	:	Catch Stim at trial 27: 311.009000
314554	[3525]	:	Catch Q at trial 27: 311.009000
315356	[802]	:	Key	31	DOWN	at	315356  
316534	[1178]	:	Respose to catch Q at trial 27: 315.362000
316534	[0]	:	RT and choice to catch Q at trial 27: 0.828000, 31
316559	[25]	:	Fixation at trial 28: 316.539000
317081	[522]	:	Object at trial 28: 317.061000
320604	[3523]	:	Fixation at trial 28: 320.584000
321126	[522]	:	Catch Stim at trial 28: 321.106000
324652	[3526]	:	Catch Q at trial 28: 321.106000
325177	[525]	:	Key	29	DOWN	at	325177  
326632	[1455]	:	Respose to catch Q at trial 28: 325.182000
326632	[0]	:	RT and choice to catch Q at trial 28: 0.550000, 29
326657	[25]	:	Fixation at trial 29: 326.637000
327179	[522]	:	Object at trial 29: 327.159000
330702	[3523]	:	Fixation at trial 29: 330.682000
331224	[522]	:	Catch Stim at trial 29: 331.204000
334750	[3526]	:	Catch Q at trial 29: 331.204000
335247	[497]	:	Key	29	DOWN	at	335247  
336730	[1483]	:	Respose to catch Q at trial 29: 335.253000
336730	[0]	:	RT and choice to catch Q at trial 29: 0.523000, 29
336755	[25]	:	Fixation at trial 30: 336.735000
337277	[522]	:	Object at trial 30: 337.257000
340800	[3523]	:	Fixation at trial 30: 340.780000
341322	[522]	:	Catch Stim at trial 30: 341.302000
344848	[3526]	:	Catch Q at trial 30: 341.302000
345508	[660]	:	Key	29	DOWN	at	345508  
346828	[1320]	:	Respose to catch Q at trial 30: 345.514000
346828	[0]	:	RT and choice to catch Q at trial 30: 0.686000, 29
346853	[25]	:	Fixation at trial 31: 346.833000
347375	[522]	:	Object at trial 31: 347.355000
350898	[3523]	:	Fixation at trial 31: 350.878000
351421	[523]	:	Catch Stim at trial 31: 351.401000
354947	[3526]	:	Catch Q at trial 31: 351.401000
355559	[612]	:	Key	29	DOWN	at	355559  
356927	[1368]	:	Respose to catch Q at trial 31: 355.565000
356927	[0]	:	RT and choice to catch Q at trial 31: 0.638000, 29
356952	[25]	:	Fixation at trial 32: 356.932000
357475	[523]	:	Object at trial 32: 357.455000
360998	[3523]	:	Fixation at trial 32: 360.978000
361521	[523]	:	Catch Stim at trial 32: 361.501000
365047	[3526]	:	Catch Q at trial 32: 361.501000
365745	[698]	:	Key	31	DOWN	at	365745  
367027	[1282]	:	Respose to catch Q at trial 32: 365.751000
367027	[0]	:	RT and choice to catch Q at trial 32: 0.724000, 31
367052	[25]	:	Fixation at trial 33: 367.032000
367574	[522]	:	Object at trial 33: 367.554000
371097	[3523]	:	Fixation at trial 33: 371.077000
371620	[523]	:	Catch Stim at trial 33: 371.600000
375145	[3525]	:	Catch Q at trial 33: 371.600000
375841	[696]	:	Key	31	DOWN	at	375841  
377125	[1284]	:	Respose to catch Q at trial 33: 375.847000
377125	[0]	:	RT and choice to catch Q at trial 33: 0.722000, 31
377150	[25]	:	Fixation at trial 34: 377.130000
377672	[522]	:	Object at trial 34: 377.652000
381195	[3523]	:	Fixation at trial 34: 381.175000
381717	[522]	:	Catch Stim at trial 34: 381.697000
385242	[3525]	:	Catch Q at trial 34: 381.697000
386096	[854]	:	Key	31	DOWN	at	386096  
387222	[1126]	:	Respose to catch Q at trial 34: 386.102000
387222	[0]	:	RT and choice to catch Q at trial 34: 0.880000, 31
387247	[25]	:	Fixation at trial 35: 387.227000
387769	[522]	:	Object at trial 35: 387.749000
391292	[3523]	:	Fixation at trial 35: 391.272000
391814	[522]	:	Catch Stim at trial 35: 391.794000
395339	[3525]	:	Catch Q at trial 35: 391.794000
396382	[1043]	:	Key	31	DOWN	at	396382  
397319	[937]	:	Respose to catch Q at trial 35: 396.388000
397320	[1]	:	RT and choice to catch Q at trial 35: 1.069000, 31
397344	[24]	:	Fixation at trial 36: 397.324000
397866	[522]	:	Object at trial 36: 397.846000
401389	[3523]	:	Fixation at trial 36: 401.369000
401911	[522]	:	Catch Stim at trial 36: 401.891000
405436	[3525]	:	Catch Q at trial 36: 401.891000
406078	[642]	:	Key	29	DOWN	at	406078  
407416	[1338]	:	Respose to catch Q at trial 36: 406.084000
407416	[0]	:	RT and choice to catch Q at trial 36: 0.668000, 29
407441	[25]	:	Fixation at trial 37: 407.421000
407963	[522]	:	Object at trial 37: 407.943000
411486	[3523]	:	Fixation at trial 37: 411.466000
412008	[522]	:	Catch Stim at trial 37: 411.988000
415533	[3525]	:	Catch Q at trial 37: 411.988000
416423	[890]	:	Key	29	DOWN	at	416423  
417513	[1090]	:	Respose to catch Q at trial 37: 416.429000
417513	[0]	:	RT and choice to catch Q at trial 37: 0.916000, 29
417538	[25]	:	Fixation at trial 38: 417.518000
418060	[522]	:	Object at trial 38: 418.040000
421583	[3523]	:	Fixation at trial 38: 421.563000
422106	[523]	:	Catch Stim at trial 38: 422.086000
425631	[3525]	:	Catch Q at trial 38: 422.086000
426329	[698]	:	Key	29	DOWN	at	426329  
427611	[1282]	:	Respose to catch Q at trial 38: 426.334000
427611	[0]	:	RT and choice to catch Q at trial 38: 0.723000, 29
427636	[25]	:	Fixation at trial 39: 427.616000
428158	[522]	:	Object at trial 39: 428.138000
431681	[3523]	:	Fixation at trial 39: 431.661000
432204	[523]	:	Catch Stim at trial 39: 432.184000
435730	[3526]	:	Catch Q at trial 39: 432.184000
436369	[639]	:	Key	29	DOWN	at	436369  
437710	[1341]	:	Respose to catch Q at trial 39: 436.374000
437711	[1]	:	RT and choice to catch Q at trial 39: 0.664000, 29
437735	[24]	:	Fixation at trial 40: 437.715000
438257	[522]	:	Object at trial 40: 438.237000
441780	[3523]	:	Fixation at trial 40: 441.760000
442303	[523]	:	Catch Stim at trial 40: 442.283000
445829	[3526]	:	Catch Q at trial 40: 442.283000
446430	[601]	:	Key	29	DOWN	at	446430  
447809	[1379]	:	Respose to catch Q at trial 40: 446.435000
447809	[0]	:	RT and choice to catch Q at trial 40: 0.626000, 29
447834	[25]	:	Fixation at trial 41: 447.814000