Cog2000 log file Fri Sep 20 13:21:36 2019
gprim v1.29 Compiled:Feb  1 2010 (GLib DirectDraw v7 DX10.0 Compiled:Feb  1 2010)
Display:1024x768x32 59.77Hz
CogInput v1.05 Compiled: May 20 2010
0	[0]	:	COGENT START
14686	[14686]	:	Key	29	DOWN	at	14686   
14841	[155]	:	Key	29	UP	at	14841   
15456	[615]	:	Key	31	DOWN	at	15456   
15581	[125]	:	Key	31	UP	at	15581   
41503	[25922]	:	Key	71	DOWN	at	41503   
41557	[54]	:	Fixation at trial 1: 41.535000
42093	[536]	:	Object at trial 1: 42.072000
45621	[3528]	:	Fixation at trial 1: 45.600000
46153	[532]	:	Catch Stim at trial 1: 46.132000
49687	[3534]	:	Catch Q at trial 1: 46.132000
50348	[661]	:	Key	29	DOWN	at	50348   
51671	[1323]	:	Respose to catch Q at trial 1: 50.359000
51673	[2]	:	RT and choice to catch Q at trial 1: 0.693000, 29
51724	[51]	:	Fixation at trial 2: 51.702000
52248	[524]	:	Object at trial 2: 52.228000
55771	[3523]	:	Fixation at trial 2: 55.751000
56296	[525]	:	Catch Stim at trial 2: 56.276000
59821	[3525]	:	Catch Q at trial 2: 56.276000
60499	[678]	:	Key	29	DOWN	at	60499   
61802	[1303]	:	Respose to catch Q at trial 2: 60.505000
61803	[1]	:	RT and choice to catch Q at trial 2: 0.704000, 29
61850	[47]	:	Fixation at trial 3: 61.830000
62372	[522]	:	Object at trial 3: 62.352000
65895	[3523]	:	Fixation at trial 3: 65.875000
66417	[522]	:	Catch Stim at trial 3: 66.397000
69942	[3525]	:	Catch Q at trial 3: 66.397000
70845	[903]	:	Key	31	DOWN	at	70845   
71923	[1078]	:	Respose to catch Q at trial 3: 70.851000
71923	[0]	:	RT and choice to catch Q at trial 3: 0.929000, 31
71964	[41]	:	Fixation at trial 4: 71.944000
72486	[522]	:	Object at trial 4: 72.466000
76009	[3523]	:	Fixation at trial 4: 75.989000
76531	[522]	:	Catch Stim at trial 4: 76.511000
80056	[3525]	:	Catch Q at trial 4: 76.511000
80495	[439]	:	Key	29	DOWN	at	80495   
82036	[1541]	:	Respose to catch Q at trial 4: 80.501000
82036	[0]	:	RT and choice to catch Q at trial 4: 0.465000, 29
82064	[28]	:	Fixation at trial 5: 82.044000
82586	[522]	:	Object at trial 5: 82.566000
86109	[3523]	:	Fixation at trial 5: 86.089000
86631	[522]	:	Catch Stim at trial 5: 86.611000
90156	[3525]	:	Catch Q at trial 5: 86.611000
91046	[890]	:	Key	29	DOWN	at	91046   
92136	[1090]	:	Respose to catch Q at trial 5: 91.051000
92136	[0]	:	RT and choice to catch Q at trial 5: 0.915000, 29
92164	[28]	:	Fixation at trial 6: 92.144000
92686	[522]	:	Object at trial 6: 92.666000
96209	[3523]	:	Fixation at trial 6: 96.189000
96731	[522]	:	Catch Stim at trial 6: 96.711000
100256	[3525]	:	Catch Q at trial 6: 96.711000
100896	[640]	:	Key	31	DOWN	at	100896  
102236	[1340]	:	Respose to catch Q at trial 6: 100.902000
102236	[0]	:	RT and choice to catch Q at trial 6: 0.666000, 31
102263	[27]	:	Fixation at trial 7: 102.243000
102785	[522]	:	Object at trial 7: 102.765000
106308	[3523]	:	Fixation at trial 7: 106.288000
106831	[523]	:	Catch Stim at trial 7: 106.811000
110356	[3525]	:	Catch Q at trial 7: 106.811000
111267	[911]	:	Key	29	DOWN	at	111267  
112336	[1069]	:	Respose to catch Q at trial 7: 111.272000
112337	[1]	:	RT and choice to catch Q at trial 7: 0.936000, 29
112362	[25]	:	Fixation at trial 8: 112.342000
112884	[522]	:	Object at trial 8: 112.864000
116407	[3523]	:	Fixation at trial 8: 116.387000
116929	[522]	:	Catch Stim at trial 8: 116.909000
120454	[3525]	:	Catch Q at trial 8: 116.909000
121313	[859]	:	Key	31	DOWN	at	121313  
122434	[1121]	:	Respose to catch Q at trial 8: 121.319000
122435	[1]	:	RT and choice to catch Q at trial 8: 0.885000, 31
122460	[25]	:	Fixation at trial 9: 122.440000
122982	[522]	:	Object at trial 9: 122.962000
126505	[3523]	:	Fixation at trial 9: 126.485000
127028	[523]	:	Catch Stim at trial 9: 127.008000
130553	[3525]	:	Catch Q at trial 9: 127.008000
131318	[765]	:	Key	31	DOWN	at	131318  
132533	[1215]	:	Respose to catch Q at trial 9: 131.323000
132534	[1]	:	RT and choice to catch Q at trial 9: 0.790000, 31
132559	[25]	:	Fixation at trial 10: 132.539000
133081	[522]	:	Object at trial 10: 133.061000
136604	[3523]	:	Fixation at trial 10: 136.584000
137127	[523]	:	Catch Stim at trial 10: 137.107000
140652	[3525]	:	Catch Q at trial 10: 137.107000
141109	[457]	:	Key	29	DOWN	at	141109  
142632	[1523]	:	Respose to catch Q at trial 10: 141.114000
142633	[1]	:	RT and choice to catch Q at trial 10: 0.482000, 29
142658	[25]	:	Fixation at trial 11: 142.638000
143180	[522]	:	Object at trial 11: 143.160000
146703	[3523]	:	Fixation at trial 11: 146.683000
147225	[522]	:	Catch Stim at trial 11: 147.205000
150750	[3525]	:	Catch Q at trial 11: 147.205000
151484	[734]	:	Key	31	DOWN	at	151484  
152730	[1246]	:	Respose to catch Q at trial 11: 151.490000
152730	[0]	:	RT and choice to catch Q at trial 11: 0.760000, 31
152756	[26]	:	Fixation at trial 12: 152.736000
153278	[522]	:	Object at trial 12: 153.258000
156801	[3523]	:	Fixation at trial 12: 156.781000
157323	[522]	:	Catch Stim at trial 12: 157.303000
160849	[3526]	:	Catch Q at trial 12: 157.303000
161825	[976]	:	Key	29	DOWN	at	161825  
162829	[1004]	:	Respose to catch Q at trial 12: 161.830000
162829	[0]	:	RT and choice to catch Q at trial 12: 1.001000, 29
162855	[26]	:	Fixation at trial 13: 162.835000
163377	[522]	:	Object at trial 13: 163.357000
166900	[3523]	:	Fixation at trial 13: 166.880000
167422	[522]	:	Catch Stim at trial 13: 167.402000
170948	[3526]	:	Catch Q at trial 13: 167.402000
172180	[1232]	:	Key	29	DOWN	at	172180  
172928	[748]	:	Respose to catch Q at trial 13: 172.186000
172929	[1]	:	RT and choice to catch Q at trial 13: 1.258000, 29
172953	[24]	:	Fixation at trial 14: 172.933000
173475	[522]	:	Object at trial 14: 173.455000
176998	[3523]	:	Fixation at trial 14: 176.978000
177520	[522]	:	Catch Stim at trial 14: 177.500000
181045	[3525]	:	Catch Q at trial 14: 177.500000
181766	[721]	:	Key	31	DOWN	at	181766  
183025	[1259]	:	Respose to catch Q at trial 14: 181.772000
183026	[1]	:	RT and choice to catch Q at trial 14: 0.747000, 31
183050	[24]	:	Fixation at trial 15: 183.030000
183572	[522]	:	Object at trial 15: 183.552000
187095	[3523]	:	Fixation at trial 15: 187.075000
187617	[522]	:	Catch Stim at trial 15: 187.597000
191142	[3525]	:	Catch Q at trial 15: 187.597000
191762	[620]	:	Key	31	DOWN	at	191762  
193122	[1360]	:	Respose to catch Q at trial 15: 191.767000
193123	[1]	:	RT and choice to catch Q at trial 15: 0.645000, 31
193147	[24]	:	Fixation at trial 16: 193.127000
193669	[522]	:	Object at trial 16: 193.649000
197192	[3523]	:	Fixation at trial 16: 197.172000
197713	[521]	:	Catch Stim at trial 16: 197.693000
201238	[3525]	:	Catch Q at trial 16: 197.693000
202242	[1004]	:	Key	31	DOWN	at	202242  
203218	[976]	:	Respose to catch Q at trial 16: 202.248000
203219	[1]	:	RT and choice to catch Q at trial 16: 1.030000, 31
203244	[25]	:	Fixation at trial 17: 203.224000
203766	[522]	:	Object at trial 17: 203.746000
207289	[3523]	:	Fixation at trial 17: 207.269000
207810	[521]	:	Catch Stim at trial 17: 207.790000
211335	[3525]	:	Catch Q at trial 17: 207.790000
212073	[738]	:	Key	31	DOWN	at	212073  
213315	[1242]	:	Respose to catch Q at trial 17: 212.078000
213315	[0]	:	RT and choice to catch Q at trial 17: 0.763000, 31
213340	[25]	:	Fixation at trial 18: 213.320000
213862	[522]	:	Object at trial 18: 213.842000
217385	[3523]	:	Fixation at trial 18: 217.365000
217906	[521]	:	Catch Stim at trial 18: 217.886000
221431	[3525]	:	Catch Q at trial 18: 217.886000
222133	[702]	:	Key	29	DOWN	at	222133  
223411	[1278]	:	Respose to catch Q at trial 18: 222.139000
223411	[0]	:	RT and choice to catch Q at trial 18: 0.728000, 29
223437	[26]	:	Fixation at trial 19: 223.417000
223959	[522]	:	Object at trial 19: 223.939000
227482	[3523]	:	Fixation at trial 19: 227.462000
228003	[521]	:	Catch Stim at trial 19: 227.983000
231528	[3525]	:	Catch Q at trial 19: 227.983000
232189	[661]	:	Key	29	DOWN	at	232189  
233508	[1319]	:	Respose to catch Q at trial 19: 232.194000
233508	[0]	:	RT and choice to catch Q at trial 19: 0.686000, 29
233533	[25]	:	Fixation at trial 20: 233.513000
234055	[522]	:	Object at trial 20: 234.035000
237578	[3523]	:	Fixation at trial 20: 237.558000
238099	[521]	:	Catch Stim at trial 20: 238.079000
241624	[3525]	:	Catch Q at trial 20: 238.079000
242719	[1095]	:	Key	31	DOWN	at	242719  
243604	[885]	:	Respose to catch Q at trial 20: 242.725000
243605	[1]	:	RT and choice to catch Q at trial 20: 1.121000, 31
243629	[24]	:	Fixation at trial 21: 243.609000
244152	[523]	:	Object at trial 21: 244.132000
247675	[3523]	:	Fixation at trial 21: 247.655000
248197	[522]	:	Catch Stim at trial 21: 248.177000
251722	[3525]	:	Catch Q at trial 21: 248.177000
252905	[1183]	:	Key	31	DOWN	at	252905  
253702	[797]	:	Respose to catch Q at trial 21: 252.911000
253702	[0]	:	RT and choice to catch Q at trial 21: 1.209000, 31
253727	[25]	:	Fixation at trial 22: 253.707000
254250	[523]	:	Object at trial 22: 254.230000
257773	[3523]	:	Fixation at trial 22: 257.753000
258295	[522]	:	Catch Stim at trial 22: 258.275000
261820	[3525]	:	Catch Q at trial 22: 258.275000
262471	[651]	:	Key	31	DOWN	at	262471  
263800	[1329]	:	Respose to catch Q at trial 22: 262.477000
263800	[0]	:	RT and choice to catch Q at trial 22: 0.677000, 31
263825	[25]	:	Fixation at trial 23: 263.805000
264347	[522]	:	Object at trial 23: 264.327000
267870	[3523]	:	Fixation at trial 23: 267.850000
268392	[522]	:	Catch Stim at trial 23: 268.372000
271917	[3525]	:	Catch Q at trial 23: 268.372000
272941	[1024]	:	Key	29	DOWN	at	272941  
273897	[956]	:	Respose to catch Q at trial 23: 272.946000
273897	[0]	:	RT and choice to catch Q at trial 23: 1.049000, 29
273922	[25]	:	Fixation at trial 24: 273.902000
274444	[522]	:	Object at trial 24: 274.424000
277967	[3523]	:	Fixation at trial 24: 277.947000
278489	[522]	:	Catch Stim at trial 24: 278.469000
282014	[3525]	:	Catch Q at trial 24: 278.469000
282882	[868]	:	Key	31	DOWN	at	282882  
283994	[1112]	:	Respose to catch Q at trial 24: 282.888000
283994	[0]	:	RT and choice to catch Q at trial 24: 0.894000, 31
284019	[25]	:	Fixation at trial 25: 283.999000
284541	[522]	:	Object at trial 25: 284.521000
288064	[3523]	:	Fixation at trial 25: 288.044000
288586	[522]	:	Catch Stim at trial 25: 288.566000
292111	[3525]	:	Catch Q at trial 25: 288.566000
292912	[801]	:	Key	31	DOWN	at	292912  
294091	[1179]	:	Respose to catch Q at trial 25: 292.918000
294092	[1]	:	RT and choice to catch Q at trial 25: 0.827000, 31
294116	[24]	:	Fixation at trial 26: 294.096000
294638	[522]	:	Object at trial 26: 294.618000
298161	[3523]	:	Fixation at trial 26: 298.141000
298683	[522]	:	Catch Stim at trial 26: 298.663000
302208	[3525]	:	Catch Q at trial 26: 298.663000
302998	[790]	:	Key	31	DOWN	at	302998  
304188	[1190]	:	Respose to catch Q at trial 26: 303.003000
304188	[0]	:	RT and choice to catch Q at trial 26: 0.815000, 31
304213	[25]	:	Fixation at trial 27: 304.193000
304735	[522]	:	Object at trial 27: 304.715000
308259	[3524]	:	Fixation at trial 27: 308.239000
308781	[522]	:	Catch Stim at trial 27: 308.761000
312306	[3525]	:	Catch Q at trial 27: 308.761000
313444	[1138]	:	Key	29	DOWN	at	313444  
314286	[842]	:	Respose to catch Q at trial 27: 313.450000
314286	[0]	:	RT and choice to catch Q at trial 27: 1.164000, 29
314311	[25]	:	Fixation at trial 28: 314.291000
314834	[523]	:	Object at trial 28: 314.814000
318357	[3523]	:	Fixation at trial 28: 318.337000
318879	[522]	:	Catch Stim at trial 28: 318.859000
322404	[3525]	:	Catch Q at trial 28: 318.859000
323504	[1100]	:	Key	31	DOWN	at	323504  
324384	[880]	:	Respose to catch Q at trial 28: 323.510000
324384	[0]	:	RT and choice to catch Q at trial 28: 1.126000, 31
324409	[25]	:	Fixation at trial 29: 324.389000
324932	[523]	:	Object at trial 29: 324.912000
328455	[3523]	:	Fixation at trial 29: 328.435000
328976	[521]	:	Catch Stim at trial 29: 328.956000
332501	[3525]	:	Catch Q at trial 29: 328.956000
333375	[874]	:	Key	31	DOWN	at	333375  
334481	[1106]	:	Respose to catch Q at trial 29: 333.381000
334481	[0]	:	RT and choice to catch Q at trial 29: 0.900000, 31
334506	[25]	:	Fixation at trial 30: 334.486000
335028	[522]	:	Object at trial 30: 335.008000
338551	[3523]	:	Fixation at trial 30: 338.531000
339073	[522]	:	Catch Stim at trial 30: 339.053000
342599	[3526]	:	Catch Q at trial 30: 339.053000
343250	[651]	:	Key	29	DOWN	at	343250  
344579	[1329]	:	Respose to catch Q at trial 30: 343.256000
344579	[0]	:	RT and choice to catch Q at trial 30: 0.677000, 29
344604	[25]	:	Fixation at trial 31: 344.584000
345126	[522]	:	Object at trial 31: 345.106000
348649	[3523]	:	Fixation at trial 31: 348.629000
349171	[522]	:	Catch Stim at trial 31: 349.151000
352697	[3526]	:	Catch Q at trial 31: 349.151000
353606	[909]	:	Key	29	DOWN	at	353606  
354677	[1071]	:	Respose to catch Q at trial 31: 353.612000
354677	[0]	:	RT and choice to catch Q at trial 31: 0.935000, 29
354702	[25]	:	Fixation at trial 32: 354.682000
355224	[522]	:	Object at trial 32: 355.204000
358747	[3523]	:	Fixation at trial 32: 358.727000
359268	[521]	:	Catch Stim at trial 32: 359.248000
362793	[3525]	:	Catch Q at trial 32: 359.248000
363466	[673]	:	Key	31	DOWN	at	363466  
364773	[1307]	:	Respose to catch Q at trial 32: 363.472000
364773	[0]	:	RT and choice to catch Q at trial 32: 0.699000, 31
364798	[25]	:	Fixation at trial 33: 364.778000
365320	[522]	:	Object at trial 33: 365.300000
368843	[3523]	:	Fixation at trial 33: 368.823000
369364	[521]	:	Catch Stim at trial 33: 369.344000
372889	[3525]	:	Catch Q at trial 33: 369.344000
373707	[818]	:	Key	31	DOWN	at	373707  
374869	[1162]	:	Respose to catch Q at trial 33: 373.713000
374870	[1]	:	RT and choice to catch Q at trial 33: 0.844000, 31
374894	[24]	:	Fixation at trial 34: 374.874000
375416	[522]	:	Object at trial 34: 375.396000
378939	[3523]	:	Fixation at trial 34: 378.919000
379460	[521]	:	Catch Stim at trial 34: 379.440000
382985	[3525]	:	Catch Q at trial 34: 379.440000
383713	[728]	:	Key	31	DOWN	at	383713  
384965	[1252]	:	Respose to catch Q at trial 34: 383.719000
384966	[1]	:	RT and choice to catch Q at trial 34: 0.754000, 31
384991	[25]	:	Fixation at trial 35: 384.971000
385513	[522]	:	Object at trial 35: 385.493000
389036	[3523]	:	Fixation at trial 35: 389.016000
389558	[522]	:	Catch Stim at trial 35: 389.538000
393083	[3525]	:	Catch Q at trial 35: 389.538000
393718	[635]	:	Key	31	DOWN	at	393718  
395063	[1345]	:	Respose to catch Q at trial 35: 393.724000
395063	[0]	:	RT and choice to catch Q at trial 35: 0.661000, 31
395088	[25]	:	Fixation at trial 36: 395.068000
395610	[522]	:	Object at trial 36: 395.590000
399133	[3523]	:	Fixation at trial 36: 399.113000
399661	[528]	:	Catch Stim at trial 36: 399.641000
403186	[3525]	:	Catch Q at trial 36: 399.641000
403904	[718]	:	Key	29	DOWN	at	403904  
405166	[1262]	:	Respose to catch Q at trial 36: 403.910000
405166	[0]	:	RT and choice to catch Q at trial 36: 0.744000, 29
405191	[25]	:	Fixation at trial 37: 405.171000
405713	[522]	:	Object at trial 37: 405.693000
409236	[3523]	:	Fixation at trial 37: 409.216000
409758	[522]	:	Catch Stim at trial 37: 409.738000
413283	[3525]	:	Catch Q at trial 37: 409.738000
414014	[731]	:	Key	31	DOWN	at	414014  
415263	[1249]	:	Respose to catch Q at trial 37: 414.020000
415263	[0]	:	RT and choice to catch Q at trial 37: 0.757000, 31
415288	[25]	:	Fixation at trial 38: 415.268000
415810	[522]	:	Object at trial 38: 415.790000
419333	[3523]	:	Fixation at trial 38: 419.313000
419855	[522]	:	Catch Stim at trial 38: 419.835000
423380	[3525]	:	Catch Q at trial 38: 419.835000
424040	[660]	:	Key	31	DOWN	at	424040  
425360	[1320]	:	Respose to catch Q at trial 38: 424.045000
425360	[0]	:	RT and choice to catch Q at trial 38: 0.685000, 31
425384	[24]	:	Fixation at trial 39: 425.364000
425906	[522]	:	Object at trial 39: 425.886000
429429	[3523]	:	Fixation at trial 39: 429.409000
429950	[521]	:	Catch Stim at trial 39: 429.930000
433475	[3525]	:	Catch Q at trial 39: 429.930000
434360	[885]	:	Key	29	DOWN	at	434360  
435455	[1095]	:	Respose to catch Q at trial 39: 434.366000
435455	[0]	:	RT and choice to catch Q at trial 39: 0.911000, 29
435480	[25]	:	Fixation at trial 40: 435.460000
436002	[522]	:	Object at trial 40: 435.982000
439525	[3523]	:	Fixation at trial 40: 439.505000
440047	[522]	:	Catch Stim at trial 40: 440.027000
443572	[3525]	:	Catch Q at trial 40: 440.027000
444481	[909]	:	Key	29	DOWN	at	444481  
445552	[1071]	:	Respose to catch Q at trial 40: 444.487000
445552	[0]	:	RT and choice to catch Q at trial 40: 0.935000, 29
445577	[25]	:	Fixation at trial 41: 445.557000