Cog2000 log file Fri Sep 20 13:45:21 2019
gprim v1.29 Compiled:Feb  1 2010 (GLib DirectDraw v7 DX10.0 Compiled:Feb  1 2010)
Display:1024x768x32 59.84Hz
CogInput v1.05 Compiled: May 20 2010
0	[0]	:	COGENT START
3280	[3280]	:	Key	29	DOWN	at	3280    
3445	[165]	:	Key	29	UP	at	3445    
4525	[1080]	:	Key	31	DOWN	at	4525    
4690	[165]	:	Key	31	UP	at	4690    
37483	[32793]	:	Key	71	DOWN	at	37483   
37546	[63]	:	Fixation at trial 1: 37.526000
38072	[526]	:	Object at trial 1: 38.052000
41595	[3523]	:	Fixation at trial 1: 41.575000
42121	[526]	:	Catch Stim at trial 1: 42.100000
45650	[3529]	:	Catch Q at trial 1: 42.100000
46264	[614]	:	Key	31	DOWN	at	46264   
47630	[1366]	:	Respose to catch Q at trial 1: 46.271000
47631	[1]	:	RT and choice to catch Q at trial 1: 0.641000, 31
47659	[28]	:	Fixation at trial 2: 47.639000
48182	[523]	:	Object at trial 2: 48.162000
51705	[3523]	:	Fixation at trial 2: 51.685000
52226	[521]	:	Catch Stim at trial 2: 52.206000
55751	[3525]	:	Catch Q at trial 2: 52.206000
56394	[643]	:	Key	29	DOWN	at	56394   
57731	[1337]	:	Respose to catch Q at trial 2: 56.400000
57731	[0]	:	RT and choice to catch Q at trial 2: 0.669000, 29
57760	[29]	:	Fixation at trial 3: 57.740000
58282	[522]	:	Object at trial 3: 58.262000
61805	[3523]	:	Fixation at trial 3: 61.785000
62327	[522]	:	Catch Stim at trial 3: 62.307000
65852	[3525]	:	Catch Q at trial 3: 62.307000
66625	[773]	:	Key	31	DOWN	at	66625   
67832	[1207]	:	Respose to catch Q at trial 3: 66.631000
67832	[0]	:	RT and choice to catch Q at trial 3: 0.799000, 31
67857	[25]	:	Fixation at trial 4: 67.837000
68380	[523]	:	Object at trial 4: 68.360000
71903	[3523]	:	Fixation at trial 4: 71.883000
72424	[521]	:	Catch Stim at trial 4: 72.404000
75949	[3525]	:	Catch Q at trial 4: 72.404000
76775	[826]	:	Key	29	DOWN	at	76775   
77929	[1154]	:	Respose to catch Q at trial 4: 76.781000
77929	[0]	:	RT and choice to catch Q at trial 4: 0.852000, 29
77954	[25]	:	Fixation at trial 5: 77.934000
78476	[522]	:	Object at trial 5: 78.456000
81999	[3523]	:	Fixation at trial 5: 81.979000
82520	[521]	:	Catch Stim at trial 5: 82.500000
86045	[3525]	:	Catch Q at trial 5: 82.500000
86786	[741]	:	Key	31	DOWN	at	86786   
88025	[1239]	:	Respose to catch Q at trial 5: 86.791000
88025	[0]	:	RT and choice to catch Q at trial 5: 0.766000, 31
88050	[25]	:	Fixation at trial 6: 88.030000
88572	[522]	:	Object at trial 6: 88.552000
92095	[3523]	:	Fixation at trial 6: 92.075000
92616	[521]	:	Catch Stim at trial 6: 92.596000
96141	[3525]	:	Catch Q at trial 6: 92.596000
96877	[736]	:	Key	29	DOWN	at	96877   
98121	[1244]	:	Respose to catch Q at trial 6: 96.882000
98121	[0]	:	RT and choice to catch Q at trial 6: 0.761000, 29
98146	[25]	:	Fixation at trial 7: 98.126000
98668	[522]	:	Object at trial 7: 98.648000
102191	[3523]	:	Fixation at trial 7: 102.171000
102712	[521]	:	Catch Stim at trial 7: 102.692000
106237	[3525]	:	Catch Q at trial 7: 102.692000
106822	[585]	:	Key	29	DOWN	at	106822  
108217	[1395]	:	Respose to catch Q at trial 7: 106.827000
108217	[0]	:	RT and choice to catch Q at trial 7: 0.610000, 29
108242	[25]	:	Fixation at trial 8: 108.222000
108764	[522]	:	Object at trial 8: 108.744000
112287	[3523]	:	Fixation at trial 8: 112.267000
112808	[521]	:	Catch Stim at trial 8: 112.788000
116333	[3525]	:	Catch Q at trial 8: 112.788000
116928	[595]	:	Key	31	DOWN	at	116928  
118313	[1385]	:	Respose to catch Q at trial 8: 116.934000
118313	[0]	:	RT and choice to catch Q at trial 8: 0.621000, 31
118338	[25]	:	Fixation at trial 9: 118.318000
118860	[522]	:	Object at trial 9: 118.840000
122383	[3523]	:	Fixation at trial 9: 122.363000
122904	[521]	:	Catch Stim at trial 9: 122.884000
126429	[3525]	:	Catch Q at trial 9: 122.884000
127293	[864]	:	Key	31	DOWN	at	127293  
128410	[1117]	:	Respose to catch Q at trial 9: 127.299000
128410	[0]	:	RT and choice to catch Q at trial 9: 0.890000, 31
128434	[24]	:	Fixation at trial 10: 128.415000
128957	[523]	:	Object at trial 10: 128.936000
132479	[3522]	:	Fixation at trial 10: 132.459000
133000	[521]	:	Catch Stim at trial 10: 132.980000
136525	[3525]	:	Catch Q at trial 10: 132.980000
137114	[589]	:	Key	29	DOWN	at	137114  
138505	[1391]	:	Respose to catch Q at trial 10: 137.120000
138505	[0]	:	RT and choice to catch Q at trial 10: 0.615000, 29
138530	[25]	:	Fixation at trial 11: 138.510000
139052	[522]	:	Object at trial 11: 139.032000
142575	[3523]	:	Fixation at trial 11: 142.555000
143096	[521]	:	Catch Stim at trial 11: 143.076000
146621	[3525]	:	Catch Q at trial 11: 143.076000
147330	[709]	:	Key	29	DOWN	at	147330  
148601	[1271]	:	Respose to catch Q at trial 11: 147.335000
148601	[0]	:	RT and choice to catch Q at trial 11: 0.734000, 29
148626	[25]	:	Fixation at trial 12: 148.606000
149148	[522]	:	Object at trial 12: 149.128000
152671	[3523]	:	Fixation at trial 12: 152.651000
153192	[521]	:	Catch Stim at trial 12: 153.172000
156717	[3525]	:	Catch Q at trial 12: 153.172000
157310	[593]	:	Key	31	DOWN	at	157310  
158697	[1387]	:	Respose to catch Q at trial 12: 157.316000
158697	[0]	:	RT and choice to catch Q at trial 12: 0.619000, 31
158722	[25]	:	Fixation at trial 13: 158.702000
159244	[522]	:	Object at trial 13: 159.224000
162767	[3523]	:	Fixation at trial 13: 162.747000
163288	[521]	:	Catch Stim at trial 13: 163.268000
166814	[3526]	:	Catch Q at trial 13: 163.268000
167451	[637]	:	Key	31	DOWN	at	167451  
168794	[1343]	:	Respose to catch Q at trial 13: 167.456000
168794	[0]	:	RT and choice to catch Q at trial 13: 0.662000, 31
168819	[25]	:	Fixation at trial 14: 168.799000
169341	[522]	:	Object at trial 14: 169.321000
172864	[3523]	:	Fixation at trial 14: 172.844000
173385	[521]	:	Catch Stim at trial 14: 173.365000
176910	[3525]	:	Catch Q at trial 14: 173.365000
177706	[796]	:	Key	31	DOWN	at	177706  
178890	[1184]	:	Respose to catch Q at trial 14: 177.712000
178890	[0]	:	RT and choice to catch Q at trial 14: 0.822000, 31
178915	[25]	:	Fixation at trial 15: 178.895000
179437	[522]	:	Object at trial 15: 179.417000
182960	[3523]	:	Fixation at trial 15: 182.940000
183481	[521]	:	Catch Stim at trial 15: 183.461000
187006	[3525]	:	Catch Q at trial 15: 183.461000
187637	[631]	:	Key	31	DOWN	at	187637  
188986	[1349]	:	Respose to catch Q at trial 15: 187.643000
188986	[0]	:	RT and choice to catch Q at trial 15: 0.657000, 31
189011	[25]	:	Fixation at trial 16: 188.991000
189533	[522]	:	Object at trial 16: 189.513000
193056	[3523]	:	Fixation at trial 16: 193.036000
193577	[521]	:	Catch Stim at trial 16: 193.557000
197102	[3525]	:	Catch Q at trial 16: 193.557000
197737	[635]	:	Key	29	DOWN	at	197737  
199082	[1345]	:	Respose to catch Q at trial 16: 197.742000
199083	[1]	:	RT and choice to catch Q at trial 16: 0.660000, 29
199107	[24]	:	Fixation at trial 17: 199.087000
199629	[522]	:	Object at trial 17: 199.609000
203152	[3523]	:	Fixation at trial 17: 203.132000
203673	[521]	:	Catch Stim at trial 17: 203.653000
207198	[3525]	:	Catch Q at trial 17: 203.653000
207873	[675]	:	Key	29	DOWN	at	207873  
209178	[1305]	:	Respose to catch Q at trial 17: 207.879000
209178	[0]	:	RT and choice to catch Q at trial 17: 0.701000, 29
209203	[25]	:	Fixation at trial 18: 209.183000
209725	[522]	:	Object at trial 18: 209.705000
213248	[3523]	:	Fixation at trial 18: 213.228000
213769	[521]	:	Catch Stim at trial 18: 213.749000
217294	[3525]	:	Catch Q at trial 18: 213.749000
217894	[600]	:	Key	29	DOWN	at	217894  
219274	[1380]	:	Respose to catch Q at trial 18: 217.899000
219274	[0]	:	RT and choice to catch Q at trial 18: 0.625000, 29
219299	[25]	:	Fixation at trial 19: 219.279000
219821	[522]	:	Object at trial 19: 219.801000
223344	[3523]	:	Fixation at trial 19: 223.324000
223865	[521]	:	Catch Stim at trial 19: 223.845000
227390	[3525]	:	Catch Q at trial 19: 223.845000
227864	[474]	:	Key	29	DOWN	at	227864  
229370	[1506]	:	Respose to catch Q at trial 19: 227.869000
229370	[0]	:	RT and choice to catch Q at trial 19: 0.499000, 29
229395	[25]	:	Fixation at trial 20: 229.375000
229917	[522]	:	Object at trial 20: 229.897000
233440	[3523]	:	Fixation at trial 20: 233.420000
233963	[523]	:	Catch Stim at trial 20: 233.943000
237488	[3525]	:	Catch Q at trial 20: 233.943000
238245	[757]	:	Key	31	DOWN	at	238245  
239468	[1223]	:	Respose to catch Q at trial 20: 238.251000
239469	[1]	:	RT and choice to catch Q at trial 20: 0.783000, 31
239493	[24]	:	Fixation at trial 21: 239.473000
240016	[523]	:	Object at trial 21: 239.996000
243539	[3523]	:	Fixation at trial 21: 243.519000
244060	[521]	:	Catch Stim at trial 21: 244.040000
247585	[3525]	:	Catch Q at trial 21: 244.040000
248235	[650]	:	Key	31	DOWN	at	248235  
249565	[1330]	:	Respose to catch Q at trial 21: 248.241000
249565	[0]	:	RT and choice to catch Q at trial 21: 0.676000, 31
249590	[25]	:	Fixation at trial 22: 249.570000
250112	[522]	:	Object at trial 22: 250.092000
253635	[3523]	:	Fixation at trial 22: 253.615000
254157	[522]	:	Catch Stim at trial 22: 254.137000
257682	[3525]	:	Catch Q at trial 22: 254.137000
258336	[654]	:	Key	31	DOWN	at	258336  
259661	[1325]	:	Respose to catch Q at trial 22: 258.342000
259661	[0]	:	RT and choice to catch Q at trial 22: 0.680000, 31
259687	[26]	:	Fixation at trial 23: 259.666000
260209	[522]	:	Object at trial 23: 260.189000
263732	[3523]	:	Fixation at trial 23: 263.712000
264253	[521]	:	Catch Stim at trial 23: 264.233000
267778	[3525]	:	Catch Q at trial 23: 264.233000
268391	[613]	:	Key	29	DOWN	at	268391  
269758	[1367]	:	Respose to catch Q at trial 23: 268.397000
269758	[0]	:	RT and choice to catch Q at trial 23: 0.639000, 29
269783	[25]	:	Fixation at trial 24: 269.763000
270305	[522]	:	Object at trial 24: 270.285000
273828	[3523]	:	Fixation at trial 24: 273.808000
274349	[521]	:	Catch Stim at trial 24: 274.329000
277874	[3525]	:	Catch Q at trial 24: 274.329000
278457	[583]	:	Key	29	DOWN	at	278457  
279854	[1397]	:	Respose to catch Q at trial 24: 278.463000
279854	[0]	:	RT and choice to catch Q at trial 24: 0.609000, 29
279879	[25]	:	Fixation at trial 25: 279.859000
280401	[522]	:	Object at trial 25: 280.381000
283924	[3523]	:	Fixation at trial 25: 283.904000
284445	[521]	:	Catch Stim at trial 25: 284.425000
287970	[3525]	:	Catch Q at trial 25: 284.425000
288623	[653]	:	Key	31	DOWN	at	288623  
289950	[1327]	:	Respose to catch Q at trial 25: 288.628000
289950	[0]	:	RT and choice to catch Q at trial 25: 0.678000, 31
289975	[25]	:	Fixation at trial 26: 289.955000
290497	[522]	:	Object at trial 26: 290.477000
294020	[3523]	:	Fixation at trial 26: 294.000000
294541	[521]	:	Catch Stim at trial 26: 294.521000
298066	[3525]	:	Catch Q at trial 26: 294.521000
298608	[542]	:	Key	31	DOWN	at	298608  
300046	[1438]	:	Respose to catch Q at trial 26: 298.614000
300046	[0]	:	RT and choice to catch Q at trial 26: 0.568000, 31
300071	[25]	:	Fixation at trial 27: 300.051000
300593	[522]	:	Object at trial 27: 300.573000
304116	[3523]	:	Fixation at trial 27: 304.096000
304637	[521]	:	Catch Stim at trial 27: 304.617000
308162	[3525]	:	Catch Q at trial 27: 304.617000
308804	[642]	:	Key	29	DOWN	at	308804  
310142	[1338]	:	Respose to catch Q at trial 27: 308.810000
310142	[0]	:	RT and choice to catch Q at trial 27: 0.668000, 29
310167	[25]	:	Fixation at trial 28: 310.147000
310689	[522]	:	Object at trial 28: 310.669000
314212	[3523]	:	Fixation at trial 28: 314.192000
314733	[521]	:	Catch Stim at trial 28: 314.713000
318258	[3525]	:	Catch Q at trial 28: 314.713000
318914	[656]	:	Key	31	DOWN	at	318914  
320238	[1324]	:	Respose to catch Q at trial 28: 318.920000
320239	[1]	:	RT and choice to catch Q at trial 28: 0.682000, 31
320262	[23]	:	Fixation at trial 29: 320.242000
320784	[522]	:	Object at trial 29: 320.764000
324307	[3523]	:	Fixation at trial 29: 324.287000
324828	[521]	:	Catch Stim at trial 29: 324.808000
328353	[3525]	:	Catch Q at trial 29: 324.808000
329070	[717]	:	Key	29	DOWN	at	329070  
330333	[1263]	:	Respose to catch Q at trial 29: 329.076000
330333	[0]	:	RT and choice to catch Q at trial 29: 0.743000, 29
330358	[25]	:	Fixation at trial 30: 330.338000
330881	[523]	:	Object at trial 30: 330.861000
334404	[3523]	:	Fixation at trial 30: 334.384000
334925	[521]	:	Catch Stim at trial 30: 334.905000
338450	[3525]	:	Catch Q at trial 30: 334.905000
338955	[505]	:	Key	29	DOWN	at	338955  
340430	[1475]	:	Respose to catch Q at trial 30: 338.961000
340430	[0]	:	RT and choice to catch Q at trial 30: 0.531000, 29
340455	[25]	:	Fixation at trial 31: 340.435000
340978	[523]	:	Object at trial 31: 340.958000
344501	[3523]	:	Fixation at trial 31: 344.481000
345022	[521]	:	Catch Stim at trial 31: 345.002000
348547	[3525]	:	Catch Q at trial 31: 345.002000
349281	[734]	:	Key	31	DOWN	at	349281  
350527	[1246]	:	Respose to catch Q at trial 31: 349.287000
350527	[0]	:	RT and choice to catch Q at trial 31: 0.760000, 31
350552	[25]	:	Fixation at trial 32: 350.532000
351074	[522]	:	Object at trial 32: 351.054000
354597	[3523]	:	Fixation at trial 32: 354.577000
355118	[521]	:	Catch Stim at trial 32: 355.098000
358643	[3525]	:	Catch Q at trial 32: 355.098000
359153	[510]	:	Key	29	DOWN	at	359153  
360623	[1470]	:	Respose to catch Q at trial 32: 359.159000
360623	[0]	:	RT and choice to catch Q at trial 32: 0.536000, 29
360648	[25]	:	Fixation at trial 33: 360.628000
361170	[522]	:	Object at trial 33: 361.150000
364693	[3523]	:	Fixation at trial 33: 364.673000
365214	[521]	:	Catch Stim at trial 33: 365.194000
368739	[3525]	:	Catch Q at trial 33: 365.194000
369368	[629]	:	Key	29	DOWN	at	369368  
370719	[1351]	:	Respose to catch Q at trial 33: 369.374000
370719	[0]	:	RT and choice to catch Q at trial 33: 0.655000, 29
370744	[25]	:	Fixation at trial 34: 370.724000
371266	[522]	:	Object at trial 34: 371.246000
374789	[3523]	:	Fixation at trial 34: 374.769000
375310	[521]	:	Catch Stim at trial 34: 375.290000
378835	[3525]	:	Catch Q at trial 34: 375.290000
379749	[914]	:	Key	29	DOWN	at	379749  
380815	[1066]	:	Respose to catch Q at trial 34: 379.755000
380815	[0]	:	RT and choice to catch Q at trial 34: 0.940000, 29
380840	[25]	:	Fixation at trial 35: 380.820000
381362	[522]	:	Object at trial 35: 381.342000
384885	[3523]	:	Fixation at trial 35: 384.865000
385406	[521]	:	Catch Stim at trial 35: 385.386000
388931	[3525]	:	Catch Q at trial 35: 385.386000
389534	[603]	:	Key	29	DOWN	at	389534  
390911	[1377]	:	Respose to catch Q at trial 35: 389.540000
390911	[0]	:	RT and choice to catch Q at trial 35: 0.629000, 29
390936	[25]	:	Fixation at trial 36: 390.916000
391459	[523]	:	Object at trial 36: 391.439000
394982	[3523]	:	Fixation at trial 36: 394.962000
395503	[521]	:	Catch Stim at trial 36: 395.483000
399028	[3525]	:	Catch Q at trial 36: 395.483000
399560	[532]	:	Key	29	DOWN	at	399560  
401008	[1448]	:	Respose to catch Q at trial 36: 399.566000
401008	[0]	:	RT and choice to catch Q at trial 36: 0.558000, 29
401033	[25]	:	Fixation at trial 37: 401.013000
401555	[522]	:	Object at trial 37: 401.535000
405078	[3523]	:	Fixation at trial 37: 405.058000
405599	[521]	:	Catch Stim at trial 37: 405.579000
409124	[3525]	:	Catch Q at trial 37: 405.579000
409821	[697]	:	Key	29	DOWN	at	409821  
411104	[1283]	:	Respose to catch Q at trial 37: 409.827000
411104	[0]	:	RT and choice to catch Q at trial 37: 0.723000, 29
411129	[25]	:	Fixation at trial 38: 411.109000
411651	[522]	:	Object at trial 38: 411.631000
415174	[3523]	:	Fixation at trial 38: 415.154000
415695	[521]	:	Catch Stim at trial 38: 415.675000
419220	[3525]	:	Catch Q at trial 38: 415.675000
419986	[766]	:	Key	29	DOWN	at	419986  
421200	[1214]	:	Respose to catch Q at trial 38: 419.992000
421200	[0]	:	RT and choice to catch Q at trial 38: 0.792000, 29
421225	[25]	:	Fixation at trial 39: 421.205000
421747	[522]	:	Object at trial 39: 421.727000
425270	[3523]	:	Fixation at trial 39: 425.250000
425791	[521]	:	Catch Stim at trial 39: 425.771000
429316	[3525]	:	Catch Q at trial 39: 425.771000
429967	[651]	:	Key	31	DOWN	at	429967  
431296	[1329]	:	Respose to catch Q at trial 39: 429.973000
431296	[0]	:	RT and choice to catch Q at trial 39: 0.677000, 31
431321	[25]	:	Fixation at trial 40: 431.301000
431843	[522]	:	Object at trial 40: 431.823000
435366	[3523]	:	Fixation at trial 40: 435.346000
435887	[521]	:	Catch Stim at trial 40: 435.867000
439412	[3525]	:	Catch Q at trial 40: 435.867000
440122	[710]	:	Key	31	DOWN	at	440122  
441392	[1270]	:	Respose to catch Q at trial 40: 440.128000
441392	[0]	:	RT and choice to catch Q at trial 40: 0.736000, 31
441417	[25]	:	Fixation at trial 41: 441.397000
441939	[522]