Cog2000 log file Wed Oct 16 12:17:36 2019
gprim v1.29 Compiled:Feb  1 2010 (GLib DirectDraw v7 DX10.0 Compiled:Feb  1 2010)
Display:1024x768x32 59.84Hz
CogInput v1.05 Compiled: May 20 2010
0	[0]	:	COGENT START
2160	[2160]	:	Key	30	DOWN	at	2160    
2455	[295]	:	Key	30	UP	at	2455    
3425	[970]	:	Key	28	DOWN	at	3425    
3635	[210]	:	Key	28	UP	at	3635    
25457	[21822]	:	Key	71	DOWN	at	25457   
25508	[51]	:	Fixation at trial 1: 25.488000
26532	[1024]	:	Object at trial 1: 26.511000
28563	[2031]	:	Fixation at trial 2: 28.543000
29585	[1022]	:	Object at trial 2: 29.565000
31613	[2028]	:	Fixation at trial 3: 31.593000
32633	[1020]	:	Object at trial 3: 32.614000
34658	[2025]	:	Fixation at trial 4: 34.638000
35680	[1022]	:	Object at trial 4: 35.660000
37707	[2027]	:	Fixation at trial 5: 37.687000
38729	[1022]	:	Object at trial 5: 38.709000
40755	[2026]	:	Fixation at trial 6: 40.735000
41776	[1021]	:	Object at trial 6: 41.756000
43802	[2026]	:	Fixation at trial 7: 43.782000
44823	[1021]	:	Object at trial 7: 44.803000
46848	[2025]	:	Fixation at trial 8: 46.828000
47869	[1021]	:	Object at trial 8: 47.849000
49895	[2026]	:	Fixation at trial 9: 49.875000
50916	[1021]	:	Object at trial 9: 50.896000
52940	[2024]	:	Fixation at trial 10: 52.920000
53961	[1021]	:	Object at trial 10: 53.941000
55986	[2025]	:	Fixation at trial 10: 55.965000
57016	[1030]	:	Catch Stim at trial 10: 56.994000
57921	[905]	:	Key	30	DOWN	at	57921   
59495	[1574]	:	Respose to catch Q at trial 10: 57.928000
59496	[1]	:	RT and choice to catch Q at trial 10: 0.934000, 30
59525	[29]	:	Fixation at trial 11: 59.505000
60546	[1021]	:	Object at trial 11: 60.526000
62576	[2030]	:	Fixation at trial 12: 62.556000
63597	[1021]	:	Object at trial 12: 63.577000
65624	[2027]	:	Fixation at trial 13: 65.604000
66646	[1022]	:	Object at trial 13: 66.626000
68672	[2026]	:	Fixation at trial 14: 68.652000
69693	[1021]	:	Object at trial 14: 69.673000
71718	[2025]	:	Fixation at trial 15: 71.698000
72740	[1022]	:	Object at trial 15: 72.720000
74765	[2025]	:	Fixation at trial 16: 74.745000
75786	[1021]	:	Object at trial 16: 75.766000
77811	[2025]	:	Fixation at trial 17: 77.791000
78832	[1021]	:	Object at trial 17: 78.812000
80856	[2024]	:	Fixation at trial 18: 80.836000
81877	[1021]	:	Object at trial 18: 81.857000
83901	[2024]	:	Fixation at trial 19: 83.881000
84922	[1021]	:	Object at trial 19: 84.902000
86946	[2024]	:	Fixation at trial 20: 86.926000
87967	[1021]	:	Object at trial 20: 87.947000
89991	[2024]	:	Fixation at trial 21: 89.971000
91013	[1022]	:	Object at trial 21: 90.993000
93037	[2024]	:	Fixation at trial 21: 93.017000
94062	[1025]	:	Catch Stim at trial 21: 94.042000
95014	[952]	:	Key	30	DOWN	at	95014   
96542	[1528]	:	Respose to catch Q at trial 21: 95.021000
96543	[1]	:	RT and choice to catch Q at trial 21: 0.979000, 30
96568	[25]	:	Fixation at trial 22: 96.548000
97589	[1021]	:	Object at trial 22: 97.569000
99613	[2024]	:	Fixation at trial 23: 99.593000
100634	[1021]	:	Object at trial 23: 100.614000
102658	[2024]	:	Fixation at trial 24: 102.638000
103680	[1022]	:	Object at trial 24: 103.660000
105704	[2024]	:	Fixation at trial 25: 105.684000
106726	[1022]	:	Object at trial 25: 106.706000
108751	[2025]	:	Fixation at trial 26: 108.731000
109773	[1022]	:	Object at trial 26: 109.753000
111797	[2024]	:	Fixation at trial 27: 111.777000
112818	[1021]	:	Object at trial 27: 112.798000
114842	[2024]	:	Fixation at trial 28: 114.822000
115863	[1021]	:	Object at trial 28: 115.843000
117887	[2024]	:	Fixation at trial 29: 117.867000
118908	[1021]	:	Object at trial 29: 118.888000
120932	[2024]	:	Fixation at trial 30: 120.912000
121953	[1021]	:	Object at trial 30: 121.933000
123976	[2023]	:	Fixation at trial 30: 123.956000
125000	[1024]	:	Catch Stim at trial 30: 124.980000
125935	[935]	:	Key	30	DOWN	at	125935  
127480	[1545]	:	Respose to catch Q at trial 30: 125.941000
127481	[1]	:	RT and choice to catch Q at trial 30: 0.961000, 30
127506	[25]	:	Fixation at trial 31: 127.486000
128527	[1021]	:	Object at trial 31: 128.507000
130553	[2026]	:	Fixation at trial 31: 130.532000
131579	[1026]	:	Catch Stim at trial 31: 131.559000
132521	[942]	:	Key	28	DOWN	at	132521  
134059	[1538]	:	Respose to catch Q at trial 31: 132.527000
134060	[1]	:	RT and choice to catch Q at trial 31: 0.968000, 28
134091	[31]	:	Fixation at trial 32: 134.071000
135112	[1021]	:	Object at trial 32: 135.092000
137144	[2032]	:	Fixation at trial 33: 137.124000
138165	[1021]	:	Object at trial 33: 138.145000
140194	[2029]	:	Fixation at trial 34: 140.174000
141215	[1021]	:	Object at trial 34: 141.195000
143242	[2027]	:	Fixation at trial 35: 143.222000
144263	[1021]	:	Object at trial 35: 144.243000
146289	[2026]	:	Fixation at trial 36: 146.269000
147310	[1021]	:	Object at trial 36: 147.290000
149335	[2025]	:	Fixation at trial 36: 149.315000
150361	[1026]	:	Catch Stim at trial 36: 150.341000
151097	[736]	:	Key	30	DOWN	at	151097  
152841	[1744]	:	Respose to catch Q at trial 36: 151.103000
152842	[1]	:	RT and choice to catch Q at trial 36: 0.762000, 30
152868	[26]	:	Fixation at trial 37: 152.848000
153889	[1021]	:	Object at trial 37: 153.869000
155914	[2025]	:	Fixation at trial 37: 155.894000
156939	[1025]	:	Catch Stim at trial 37: 156.919000
157818	[879]	:	Key	28	DOWN	at	157818  
159419	[1601]	:	Respose to catch Q at trial 37: 157.824000
159420	[1]	:	RT and choice to catch Q at trial 37: 0.905000, 28
159445	[25]	:	Fixation at trial 38: 159.425000
160466	[1021]	:	Object at trial 38: 160.446000
162492	[2026]	:	Fixation at trial 39: 162.472000
163513	[1021]	:	Object at trial 39: 163.493000
165539	[2026]	:	Fixation at trial 40: 165.519000
166560	[1021]	:	Object at trial 40: 166.540000
168584	[2024]	:	Fixation at trial 41: 168.564000
169605	[1021]	:	Object at trial 41: 169.585000
171629	[2024]	:	Fixation at trial 42: 171.609000
172650	[1021]	:	Object at trial 42: 172.630000
174674	[2024]	:	Fixation at trial 43: 174.654000
175695	[1021]	:	Object at trial 43: 175.675000
177720	[2025]	:	Fixation at trial 44: 177.700000
178741	[1021]	:	Object at trial 44: 178.721000
180765	[2024]	:	Fixation at trial 45: 180.745000
181786	[1021]	:	Object at trial 45: 181.766000
183811	[2025]	:	Fixation at trial 45: 183.791000
184836	[1025]	:	Catch Stim at trial 45: 184.816000
185755	[919]	:	Key	30	DOWN	at	185755  
187316	[1561]	:	Respose to catch Q at trial 45: 185.761000
187317	[1]	:	RT and choice to catch Q at trial 45: 0.945000, 30
187342	[25]	:	Fixation at trial 46: 187.322000
188363	[1021]	:	Object at trial 46: 188.343000
190387	[2024]	:	Fixation at trial 47: 190.367000
191408	[1021]	:	Object at trial 47: 191.388000
193432	[2024]	:	Fixation at trial 48: 193.412000
194453	[1021]	:	Object at trial 48: 194.433000
196477	[2024]	:	Fixation at trial 49: 196.457000
197498	[1021]	:	Object at trial 49: 197.478000
199522	[2024]	:	Fixation at trial 50: 199.502000
200543	[1021]	:	Object at trial 50: 200.523000
202567	[2024]	:	Fixation at trial 51: 202.547000
203588	[1021]	:	Object at trial 51: 203.568000
205611	[2023]	:	Fixation at trial 51: 205.591000
206636	[1025]	:	Catch Stim at trial 51: 206.616000
207531	[895]	:	Key	28	DOWN	at	207531  
209116	[1585]	:	Respose to catch Q at trial 51: 207.537000
209117	[1]	:	RT and choice to catch Q at trial 51: 0.921000, 28
209142	[25]	:	Fixation at trial 52: 209.122000
210163	[1021]	:	Object at trial 52: 210.143000
212186	[2023]	:	Fixation at trial 52: 212.166000
213212	[1026]	:	Catch Stim at trial 52: 213.192000
213981	[769]	:	Key	28	DOWN	at	213981  
215692	[1711]	:	Respose to catch Q at trial 52: 213.987000
215693	[1]	:	RT and choice to catch Q at trial 52: 0.795000, 28
215717	[24]	:	Fixation at trial 53: 215.697000
216738	[1021]	:	Object at trial 53: 216.718000
218762	[2024]	:	Fixation at trial 54: 218.742000
219783	[1021]	:	Object at trial 54: 219.763000
221807	[2024]	:	Fixation at trial 54: 221.787000
222833	[1026]	:	Catch Stim at trial 54: 222.813000
223697	[864]	:	Key	28	DOWN	at	223697  
225313	[1616]	:	Respose to catch Q at trial 54: 223.703000
225314	[1]	:	RT and choice to catch Q at trial 54: 0.890000, 28
225340	[26]	:	Fixation at trial 55: 225.320000
226361	[1021]	:	Object at trial 55: 226.341000
228385	[2024]	:	Fixation at trial 56: 228.365000
229407	[1022]	:	Object at trial 56: 229.387000
231431	[2024]	:	Fixation at trial 57: 231.411000
232453	[1022]	:	Object at trial 57: 232.433000
234477	[2024]	:	Fixation at trial 58: 234.457000
235499	[1022]	:	Object at trial 58: 235.479000
237523	[2024]	:	Fixation at trial 59: 237.503000
238545	[1022]	:	Object at trial 59: 238.525000
240569	[2024]	:	Fixation at trial 60: 240.549000
241590	[1021]	:	Object at trial 60: 241.570000
243613	[2023]	:	Fixation at trial 60: 243.593000
244637	[1024]	:	Catch Stim at trial 60: 244.617000
245753	[1116]	:	Key	30	DOWN	at	245753  
247117	[1364]	:	Respose to catch Q at trial 60: 245.759000
247117	[0]	:	RT and choice to catch Q at trial 60: 1.142000, 30
247142	[25]	:	Fixation at trial 61: 247.122000
248163	[1021]	:	Object at trial 61: 248.143000
250187	[2024]	:	Fixation at trial 62: 250.167000
251209	[1022]	:	Object at trial 62: 251.189000
253233	[2024]	:	Fixation at trial 63: 253.213000
254254	[1021]	:	Object at trial 63: 254.234000
256277	[2023]	:	Fixation at trial 64: 256.258000
257298	[1021]	:	Object at trial 64: 257.278000
259324	[2026]	:	Fixation at trial 65: 259.303000
260345	[1021]	:	Object at trial 65: 260.325000
262370	[2025]	:	Fixation at trial 66: 262.350000
263391	[1021]	:	Object at trial 66: 263.371000
265415	[2024]	:	Fixation at trial 66: 265.395000
266439	[1024]	:	Catch Stim at trial 66: 266.419000
267859	[1420]	:	Key	30	DOWN	at	267859  
268919	[1060]	:	Respose to catch Q at trial 66: 267.865000
268919	[0]	:	RT and choice to catch Q at trial 66: 1.446000, 30
268944	[25]	:	Fixation at trial 67: 268.924000
269965	[1021]	:	Object at trial 67: 269.945000
271989	[2024]	:	Fixation at trial 67: 271.969000
273013	[1024]	:	Catch Stim at trial 67: 272.993000
273975	[962]	:	Key	30	DOWN	at	273975  
275493	[1518]	:	Respose to catch Q at trial 67: 273.981000
275493	[0]	:	RT and choice to catch Q at trial 67: 0.988000, 30
275518	[25]	:	Fixation at trial 68: 275.498000
276539	[1021]	:	Object at trial 68: 276.519000
278563	[2024]	:	Fixation at trial 68: 278.543000
279587	[1024]	:	Catch Stim at trial 68: 279.567000
280356	[769]	:	Key	30	DOWN	at	280356  
282067	[1711]	:	Respose to catch Q at trial 68: 280.362000
282067	[0]	:	RT and choice to catch Q at trial 68: 0.795000, 30
282092	[25]	:	Fixation at trial 69: 282.072000
283113	[1021]	:	Object at trial 69: 283.093000
285137	[2024]	:	Fixation at trial 70: 285.117000
286158	[1021]	:	Object at trial 70: 286.138000
288182	[2024]	:	Fixation at trial 71: 288.162000
289203	[1021]	:	Object at trial 71: 289.183000
291227	[2024]	:	Fixation at trial 71: 291.207000
292251	[1024]	:	Catch Stim at trial 71: 292.231000
293087	[836]	:	Key	28	DOWN	at	293087  
294731	[1644]	:	Respose to catch Q at trial 71: 293.093000
294732	[1]	:	RT and choice to catch Q at trial 71: 0.862000, 28
294756	[24]	:	Fixation at trial 72: 294.736000
295777	[1021]	:	Object at trial 72: 295.757000
297801	[2024]	:	Fixation at trial 73: 297.781000
298822	[1021]	:	Object at trial 73: 298.802000
300846	[2024]	:	Fixation at trial 73: 300.826000
301871	[1025]	:	Catch Stim at trial 73: 301.851000
302907	[1036]	:	Key	28	DOWN	at	302907  
304351	[1444]	:	Respose to catch Q at trial 73: 302.913000
304351	[0]	:	RT and choice to catch Q at trial 73: 1.062000, 28
304376	[25]	:	Fixation at trial 74: 304.356000
305397	[1021]	:	Object at trial 74: 305.377000
307421	[2024]	:	Fixation at trial 75: 307.401000
308442	[1021]	:	Object at trial 75: 308.422000
310467	[2025]	:	Fixation at trial 76: 310.447000
311488	[1021]	:	Object at trial 76: 311.468000
313512	[2024]	:	Fixation at trial 76: 313.492000
314536	[1024]	:	Catch Stim at trial 76: 314.516000
315403	[867]	:	Key	28	DOWN	at	315403  
317016	[1613]	:	Respose to catch Q at trial 76: 315.409000
317016	[0]	:	RT and choice to catch Q at trial 76: 0.893000, 28
317041	[25]	:	Fixation at trial 77: 317.021000
318062	[1021]	:	Object at trial 77: 318.042000
320086	[2024]	:	Fixation at trial 78: 320.066000
321107	[1021]	:	Object at trial 78: 321.087000
323131	[2024]	:	Fixation at trial 79: 323.111000
324152	[1021]	:	Object at trial 79: 324.132000
326176	[2024