Cog2000 log file Wed Oct 16 13:14:23 2019
gprim v1.29 Compiled:Feb  1 2010 (GLib DirectDraw v7 DX10.0 Compiled:Feb  1 2010)
Display:1024x768x32 59.81Hz
CogInput v1.05 Compiled: May 20 2010
0	[0]	:	COGENT START
1605	[1605]	:	Key	30	DOWN	at	1605    
1895	[290]	:	Key	30	UP	at	1895    
2455	[560]	:	Key	28	DOWN	at	2455    
2660	[205]	:	Key	28	UP	at	2660    
20131	[17471]	:	Key	71	DOWN	at	20131   
20197	[66]	:	Fixation at trial 1: 20.175000
20732	[535]	:	Object at trial 1: 20.711000
24260	[3528]	:	Fixation at trial 1: 24.239000
24792	[532]	:	Catch Stim at trial 1: 24.771000
28325	[3533]	:	Catch Q at trial 1: 24.771000
29552	[1227]	:	Key	28	DOWN	at	29552   
30308	[756]	:	Respose to catch Q at trial 1: 29.563000
30310	[2]	:	RT and choice to catch Q at trial 1: 1.259000, 28
30357	[47]	:	Fixation at trial 2: 30.337000
30881	[524]	:	Object at trial 2: 30.861000
34404	[3523]	:	Fixation at trial 2: 34.384000
34929	[525]	:	Catch Stim at trial 2: 34.909000
38454	[3525]	:	Catch Q at trial 2: 34.909000
39547	[1093]	:	Key	28	DOWN	at	39547   
40435	[888]	:	Respose to catch Q at trial 2: 39.554000
40436	[1]	:	RT and choice to catch Q at trial 2: 1.120000, 28
40484	[48]	:	Fixation at trial 3: 40.464000
41006	[522]	:	Object at trial 3: 40.986000
44529	[3523]	:	Fixation at trial 3: 44.509000
45051	[522]	:	Catch Stim at trial 3: 45.031000
48576	[3525]	:	Catch Q at trial 3: 45.031000
49433	[857]	:	Key	30	DOWN	at	49433   
50558	[1125]	:	Respose to catch Q at trial 3: 49.439000
50559	[1]	:	RT and choice to catch Q at trial 3: 0.883000, 30
50599	[40]	:	Fixation at trial 4: 50.579000
51121	[522]	:	Object at trial 4: 51.101000
54644	[3523]	:	Fixation at trial 4: 54.624000
55166	[522]	:	Catch Stim at trial 4: 55.146000
58691	[3525]	:	Catch Q at trial 4: 55.146000
59378	[687]	:	Key	30	DOWN	at	59378   
60671	[1293]	:	Respose to catch Q at trial 4: 59.384000
60672	[1]	:	RT and choice to catch Q at trial 4: 0.713000, 30
60698	[26]	:	Fixation at trial 5: 60.678000
61220	[522]	:	Object at trial 5: 61.200000
64744	[3524]	:	Fixation at trial 5: 64.724000
65265	[521]	:	Catch Stim at trial 5: 65.246000
68790	[3525]	:	Catch Q at trial 5: 65.246000
69969	[1179]	:	Key	28	DOWN	at	69969   
70770	[801]	:	Respose to catch Q at trial 5: 69.975000
70771	[1]	:	RT and choice to catch Q at trial 5: 1.205000, 28
70798	[27]	:	Fixation at trial 6: 70.778000
71320	[522]	:	Object at trial 6: 71.300000
74843	[3523]	:	Fixation at trial 6: 74.823000
75365	[522]	:	Catch Stim at trial 6: 75.345000
78890	[3525]	:	Catch Q at trial 6: 75.345000
79885	[995]	:	Key	28	DOWN	at	79885   
80870	[985]	:	Respose to catch Q at trial 6: 79.891000
80870	[0]	:	RT and choice to catch Q at trial 6: 1.021000, 28
80897	[27]	:	Fixation at trial 7: 80.877000
81419	[522]	:	Object at trial 7: 81.399000
84942	[3523]	:	Fixation at trial 7: 84.922000
85464	[522]	:	Catch Stim at trial 7: 85.444000
88989	[3525]	:	Catch Q at trial 7: 85.444000
90320	[1331]	:	Key	28	DOWN	at	90320   
90969	[649]	:	Respose to catch Q at trial 7: 90.326000
90970	[1]	:	RT and choice to catch Q at trial 7: 1.357000, 28
90995	[25]	:	Fixation at trial 8: 90.975000
91517	[522]	:	Object at trial 8: 91.497000
95040	[3523]	:	Fixation at trial 8: 95.020000
95562	[522]	:	Catch Stim at trial 8: 95.542000
99087	[3525]	:	Catch Q at trial 8: 95.542000
99721	[634]	:	Key	30	DOWN	at	99721   
101067	[1346]	:	Respose to catch Q at trial 8: 99.727000
101068	[1]	:	RT and choice to catch Q at trial 8: 0.660000, 30
101093	[25]	:	Fixation at trial 9: 101.073000
101615	[522]	:	Object at trial 9: 101.595000
105138	[3523]	:	Fixation at trial 9: 105.118000
105659	[521]	:	Catch Stim at trial 9: 105.639000
109184	[3525]	:	Catch Q at trial 9: 105.639000
111216	[2032]	:	Respose to catch Q at trial 9: 110.694000
111217	[1]	:	RT and choice to catch Q at trial 9: 1.530000, 0
111252	[35]	:	Fixation at trial 10: 111.232000
111774	[522]	:	Object at trial 10: 111.754000
115297	[3523]	:	Fixation at trial 10: 115.277000
115819	[522]	:	Catch Stim at trial 10: 115.799000
119344	[3525]	:	Catch Q at trial 10: 115.799000
119842	[498]	:	Key	30	DOWN	at	119842  
121324	[1482]	:	Respose to catch Q at trial 10: 119.850000
121325	[1]	:	RT and choice to catch Q at trial 10: 0.526000, 30
121350	[25]	:	Fixation at trial 11: 121.330000
121872	[522]	:	Object at trial 11: 121.852000
125395	[3523]	:	Fixation at trial 11: 125.375000
125917	[522]	:	Catch Stim at trial 11: 125.897000
129442	[3525]	:	Catch Q at trial 11: 125.897000
130002	[560]	:	Key	30	DOWN	at	130002  
131422	[1420]	:	Respose to catch Q at trial 11: 130.008000
131423	[1]	:	RT and choice to catch Q at trial 11: 0.586000, 30
131448	[25]	:	Fixation at trial 12: 131.428000
131970	[522]	:	Object at trial 12: 131.950000
135493	[3523]	:	Fixation at trial 12: 135.473000
136015	[522]	:	Catch Stim at trial 12: 135.995000
139540	[3525]	:	Catch Q at trial 12: 135.995000
139948	[408]	:	Key	30	DOWN	at	139948  
141520	[1572]	:	Respose to catch Q at trial 12: 139.954000
141520	[0]	:	RT and choice to catch Q at trial 12: 0.434000, 30
141545	[25]	:	Fixation at trial 13: 141.525000
142067	[522]	:	Object at trial 13: 142.047000
145590	[3523]	:	Fixation at trial 13: 145.570000
146112	[522]	:	Catch Stim at trial 13: 146.092000
149637	[3525]	:	Catch Q at trial 13: 146.092000
150464	[827]	:	Key	28	DOWN	at	150464  
151617	[1153]	:	Respose to catch Q at trial 13: 150.470000
151617	[0]	:	RT and choice to catch Q at trial 13: 0.853000, 28
151642	[25]	:	Fixation at trial 14: 151.622000
152164	[522]	:	Object at trial 14: 152.144000
155687	[3523]	:	Fixation at trial 14: 155.667000
156209	[522]	:	Catch Stim at trial 14: 156.189000
159735	[3526]	:	Catch Q at trial 14: 156.189000
160244	[509]	:	Key	28	DOWN	at	160244  
161715	[1471]	:	Respose to catch Q at trial 14: 160.250000
161716	[1]	:	RT and choice to catch Q at trial 14: 0.535000, 28
161740	[24]	:	Fixation at trial 15: 161.720000
162262	[522]	:	Object at trial 15: 162.242000
165785	[3523]	:	Fixation at trial 15: 165.765000
166307	[522]	:	Catch Stim at trial 15: 166.287000
169832	[3525]	:	Catch Q at trial 15: 166.287000
170455	[623]	:	Key	30	DOWN	at	170455  
171812	[1357]	:	Respose to catch Q at trial 15: 170.461000
171813	[1]	:	RT and choice to catch Q at trial 15: 0.649000, 30
171837	[24]	:	Fixation at trial 16: 171.817000
172359	[522]	:	Object at trial 16: 172.339000
175882	[3523]	:	Fixation at trial 16: 175.862000
176404	[522]	:	Catch Stim at trial 16: 176.384000
179929	[3525]	:	Catch Q at trial 16: 176.384000
180585	[656]	:	Key	30	DOWN	at	180585  
181909	[1324]	:	Respose to catch Q at trial 16: 180.591000
181910	[1]	:	RT and choice to catch Q at trial 16: 0.682000, 30
181934	[24]	:	Fixation at trial 17: 181.914000
182456	[522]	:	Object at trial 17: 182.436000
185979	[3523]	:	Fixation at trial 17: 185.959000
186500	[521]	:	Catch Stim at trial 17: 186.480000
190025	[3525]	:	Catch Q at trial 17: 186.480000
190811	[786]	:	Key	30	DOWN	at	190811  
192005	[1194]	:	Respose to catch Q at trial 17: 190.817000
192006	[1]	:	RT and choice to catch Q at trial 17: 0.812000, 30
192030	[24]	:	Fixation at trial 18: 192.010000
192552	[522]	:	Object at trial 18: 192.532000
196075	[3523]	:	Fixation at trial 18: 196.055000
196597	[522]	:	Catch Stim at trial 18: 196.577000
200122	[3525]	:	Catch Q at trial 18: 196.577000
201186	[1064]	:	Key	30	DOWN	at	201186  
202102	[916]	:	Respose to catch Q at trial 18: 201.192000
202102	[0]	:	RT and choice to catch Q at trial 18: 1.090000, 30
202127	[25]	:	Fixation at trial 19: 202.107000
202649	[522]	:	Object at trial 19: 202.629000
206172	[3523]	:	Fixation at trial 19: 206.152000
206693	[521]	:	Catch Stim at trial 19: 206.673000
210218	[3525]	:	Catch Q at trial 19: 206.673000
210892	[674]	:	Key	30	DOWN	at	210892  
212198	[1306]	:	Respose to catch Q at trial 19: 210.898000
212198	[0]	:	RT and choice to catch Q at trial 19: 0.700000, 30
212223	[25]	:	Fixation at trial 20: 212.203000
212745	[522]	:	Object at trial 20: 212.725000
216268	[3523]	:	Fixation at trial 20: 216.248000
216789	[521]	:	Catch Stim at trial 20: 216.769000
220314	[3525]	:	Catch Q at trial 20: 216.769000
221308	[994]	:	Key	28	DOWN	at	221308  
222294	[986]	:	Respose to catch Q at trial 20: 221.314000
222294	[0]	:	RT and choice to catch Q at trial 20: 1.020000, 28
222319	[25]	:	Fixation at trial 21: 222.299000
222841	[522]	:	Object at trial 21: 222.821000
226364	[3523]	:	Fixation at trial 21: 226.344000
226886	[522]	:	Catch Stim at trial 21: 226.866000
230411	[3525]	:	Catch Q at trial 21: 226.866000
230938	[527]	:	Key	30	DOWN	at	230938  
232391	[1453]	:	Respose to catch Q at trial 21: 230.944000
232391	[0]	:	RT and choice to catch Q at trial 21: 0.553000, 30
232416	[25]	:	Fixation at trial 22: 232.396000
232938	[522]	:	Object at trial 22: 232.918000
236461	[3523]	:	Fixation at trial 22: 236.441000
236984	[523]	:	Catch Stim at trial 22: 236.964000
240509	[3525]	:	Catch Q at trial 22: 236.964000
241354	[845]	:	Key	28	DOWN	at	241354  
242489	[1135]	:	Respose to catch Q at trial 22: 241.360000
242490	[1]	:	RT and choice to catch Q at trial 22: 0.871000, 28
242514	[24]	:	Fixation at trial 23: 242.494000
243039	[525]	:	Object at trial 23: 243.019000
246565	[3526]	:	Fixation at trial 23: 246.545000
247087	[522]	:	Catch Stim at trial 23: 247.067000
250612	[3525]	:	Catch Q at trial 23: 247.067000
251204	[592]	:	Key	30	DOWN	at	251204  
252592	[1388]	:	Respose to catch Q at trial 23: 251.210000
252593	[1]	:	RT and choice to catch Q at trial 23: 0.618000, 30
252617	[24]	:	Fixation at trial 24: 252.597000
253141	[524]	:	Object at trial 24: 253.121000
256664	[3523]	:	Fixation at trial 24: 256.645000
257187	[523]	:	Catch Stim at trial 24: 257.166000
260712	[3525]	:	Catch Q at trial 24: 257.166000
261595	[883]	:	Key	30	DOWN	at	261595  
262692	[1097]	:	Respose to catch Q at trial 24: 261.601000
262692	[0]	:	RT and choice to catch Q at trial 24: 0.909000, 30
262717	[25]	:	Fixation at trial 25: 262.697000
263239	[522]	:	Object at trial 25: 263.219000
266762	[3523]	:	Fixation at trial 25: 266.742000
267283	[521]	:	Catch Stim at trial 25: 267.263000
270808	[3525]	:	Catch Q at trial 25: 267.263000
271916	[1108]	:	Key	28	DOWN	at	271916  
272788	[872]	:	Respose to catch Q at trial 25: 271.922000
272788	[0]	:	RT and choice to catch Q at trial 25: 1.134000, 28
272813	[25]	:	Fixation at trial 26: 272.793000
273335	[522]	:	Object at trial 26: 273.315000
276858	[3523]	:	Fixation at trial 26: 276.838000
277379	[521]	:	Catch Stim at trial 26: 277.359000
280904	[3525]	:	Catch Q at trial 26: 277.359000
281886	[982]	:	Key	28	DOWN	at	281886  
282884	[998]	:	Respose to catch Q at trial 26: 281.892000
282884	[0]	:	RT and choice to catch Q at trial 26: 1.008000, 28
282909	[25]	:	Fixation at trial 27: 282.889000
283431	[522]	:	Object at trial 27: 283.411000
286955	[3524]	:	Fixation at trial 27: 286.935000
287477	[522]	:	Catch Stim at trial 27: 287.457000
291002	[3525]	:	Catch Q at trial 27: 287.457000
291747	[745]	:	Key	28	DOWN	at	291747  
292982	[1235]	:	Respose to catch Q at trial 27: 291.752000
292983	[1]	:	RT and choice to catch Q at trial 27: 0.770000, 28
293008	[25]	:	Fixation at trial 28: 292.988000
293530	[522]	:	Object at trial 28: 293.510000
297053	[3523]	:	Fixation at trial 28: 297.033000
297574	[521]	:	Catch Stim at trial 28: 297.554000
301099	[3525]	:	Catch Q at trial 28: 297.554000
301892	[793]	:	Key	30	DOWN	at	301892  
303079	[1187]	:	Respose to catch Q at trial 28: 301.898000
303079	[0]	:	RT and choice to catch Q at trial 28: 0.819000, 30
303104	[25]	:	Fixation at trial 29: 303.084000
303626	[522]	:	Object at trial 29: 303.606000
307149	[3523]	:	Fixation at trial 29: 307.129000
307671	[522]	:	Catch Stim at trial 29: 307.651000
311196	[3525]	:	Catch Q at trial 29: 307.651000
312023	[827]	:	Key	28	DOWN	at	312023  
313176	[1153]	:	Respose to catch Q at trial 29: 312.029000
313176	[0]	:	RT and choice to catch Q at trial 29: 0.853000, 28
313201	[25]	:	Fixation at trial 30: 313.181000
313723	[522]	:	Object at trial 30: 313.703000
317246	[3523]	:	Fixation at trial 30: 317.226000
317768	[522]	:	Catch Stim at trial 30: 317.748000
321293	[3525]	:	Catch Q at trial 30: 317.748000
322118	[825]	:	Key	28	DOWN	at	322118  
323273	[1155]	:	Respose to catch Q at trial 30: 322.124000
323273	[0]	:	RT and choice to catch Q at trial 30: 0.851000, 28
323298	[25]	:	Fixation at trial 31: 323.278000
323820	[522]	:	Object at trial 31: 323.800000
327343	[3523]	:	Fixation at trial 31: 327.323000
327864	[521]	:	Catch Stim at trial 31: 327.844000
331390	[3526]	:	Catch Q at trial 31: 327.844000
332224	[834]	:	Key	30	DOWN	at	332224  
333370	[1146]	:	Respose to catch Q at trial 31: 332.230000
333370	[0]	:	RT and choice to catch Q at trial 31: 0.860000, 30
333395	[25]	:	Fixation at trial 32: 333.375000
333917	[522]	:	Object at trial 32: 333.897000
337440	[3523]	:	Fixation at trial 32: 337.420000
337962	[522]	:	Catch Stim at trial 32: 337.942000
341487	[3525]	:	Catch Q at trial 32: 337.942000
342190	[703]	:	Key	28	DOWN	at	342190  
343467	[1277]	:	Respose to catch Q at trial 32: 342.196000
343467	[0]	:	RT and choice to catch Q at trial 32: 0.729000, 28
343492	[25]	:	Fixation at trial 33: 343.472000
344015	[523]	:	Object at trial 33: 343.995000
347538	[3523]	:	Fixation at trial 33: 347.518000
348060	[522]	:	Catch Stim at trial 33: 348.040000
351585	[3525]	:	Catch Q at trial 33: 348.040000
352636	[1051]	:	Key	30	DOWN	at	352636  
353565	[929]	:	Respose to catch Q at trial 33: 352.642000
353565	[0]	:	RT and choice to catch Q at trial 33: 1.077000, 30
353590	[25]	:	Fixation at trial 34: 353.570000
354112	[522]	:	Object at trial 34: 354.092000
357635	[3523]	:	Fixation at trial 34: 357.615000
358157	[522]	:	Catch Stim at trial 34: 358.137000
361682	[3525]	:	Catch Q at trial 34: 358.137000
362742	[1060]	:	Key	28	DOWN	at	362742  
363662	[920]	:	Respose to catch Q at trial 34: 362.748000
363663	[1]	:	RT and choice to catch Q at trial 34: 1.086000, 28
363687	[24]	:	Fixation at trial 35: 363.667000
364210	[523]	:	Object at trial 35: 364.190000
367733	[3523]	:	Fixation at trial 35: 367.713000
368255	[522]	:	Catch Stim at trial 35: 368.235000
371780	[3525]	:	Catch Q at trial 35: 368.235000
373197	[1417]	:	Key	28	DOWN	at	373197  
373760	[563]	:	Respose to catch Q at trial 35: 373.203000
373760	[0]	:	RT and choice to catch Q at trial 35: 1.443000, 28
373785	[25]	:	Fixation at trial 36: 373.765000
374307	[522]	:	Object at trial 36: 374.287000
377830	[3523]	:	Fixation at trial 36: 377.810000
378352	[522]	:	Catch Stim at trial 36: 378.332000
381877	[3525]	:	Catch Q at trial 36: 378.332000
383018	[1141]	:	Key	28	DOWN	at	383018  
383857	[839]	:	Respose to catch Q at trial 36: 383.024000
383857	[0]	:	RT and choice to catch Q at trial 36: 1.167000, 28
383882	[25]	:	Fixation at trial 37: 383.862000
384404	[522]	:	Object at trial 37: 384.384000
387927	[3523]	:	Fixation at trial 37: 387.907000
388449	[522]	:	Catch Stim at trial 37: 388.429000
391974	[3525]	:	Catch Q at trial 37: 388.429000
393258	[1284]	:	Key	30	DOWN	at	393258  
393954	[696]	:	Respose to catch Q at trial 37: 393.264000
393954	[0]	:	RT and choice to catch Q at trial 37: 1.310000, 30
393979	[25]	:	Fixation at trial 38: 393.959000
394501	[522]	:	Object at trial 38: 394.481000
398024	[3523]	:	Fixation at trial 38: 398.004000
398546	[522]	:	Catch Stim at trial 38: 398.526000
402071	[3525]	:	Catch Q at trial 38: 398.526000
403079	[1008]	:	Key	28	DOWN	at	403079  
404051	[972]	:	Respose to catch Q at trial 38: 403.085000
404051	[0]	:	RT and choice to catch Q at trial 38: 1.034000, 28
404083	[32]	:	Fixation at trial 39: 404.063000
404606	[523]	:	Object at trial 39: 404.586000
408129	[3523]	:	Fixation at trial 39: 408.109000
408651	[522]	:	Catch Stim at trial 39: 408.631000
412176	[3525]	:	Catch Q at trial 39: 408.631000
413093	[917]	:	Key	28	DOWN	at	413093  
414156	[1063]	:	Respose to catch Q at trial 39: 413.099000
414156	[0]	:	RT and choice to catch Q at trial 39: 0.943000, 28
414181	[25]	:	Fixation at trial 40: 414.161000
414703	[522]	:	Object at trial 40: 414.683000
418226	[3523]	:	Fixation at trial 40: 418.206000
418748	[522]	:	Catch Stim at trial 40: 418.728000
422273	[3525]	:	Catch Q at trial 40: 418.728000
423023	[750]	:	Key	30	DOWN	at	423023  
424253	[1230]	:	Respose to catch Q at trial 40: 423.029000
424253	[0]	:	RT and choice to catch Q at trial 40: 0.776000, 30
424278	[25]	:	Fixation at trial 41: 424.258000
424800	[522]	:	Object at trial 41: 424.780000
428323	[3523]	:	Fixation at tria