Cog2000 log file Fri Oct 04 12:05:26 2019
gprim v1.29 Compiled:Feb  1 2010 (GLib DirectDraw v7 DX10.0 Compiled:Feb  1 2010)
Display:1024x768x32 59.81Hz
CogInput v1.05 Compiled: May 20 2010
0	[0]	:	COGENT START
1171	[1171]	:	Key	30	DOWN	at	1171    
1546	[375]	:	Key	30	UP	at	1546    
1826	[280]	:	Key	28	DOWN	at	1826    
2091	[265]	:	Key	28	UP	at	2091    
29538	[27447]	:	Key	71	DOWN	at	29538   
29594	[56]	:	Fixation at trial 1: 29.574000
30618	[1024]	:	Object at trial 1: 30.597000
32654	[2036]	:	Fixation at trial 2: 32.634000
33676	[1022]	:	Object at trial 2: 33.656000
35707	[2031]	:	Fixation at trial 3: 35.687000
36729	[1022]	:	Object at trial 3: 36.709000
38755	[2026]	:	Fixation at trial 4: 38.735000
39777	[1022]	:	Object at trial 4: 39.757000
41803	[2026]	:	Fixation at trial 5: 41.783000
42824	[1021]	:	Object at trial 5: 42.804000
44850	[2026]	:	Fixation at trial 6: 44.830000
45871	[1021]	:	Object at trial 6: 45.851000
47897	[2026]	:	Fixation at trial 7: 47.877000
48918	[1021]	:	Object at trial 7: 48.898000
50941	[2023]	:	Fixation at trial 7: 50.921000
51971	[1030]	:	Catch Stim at trial 7: 51.950000
53084	[1113]	:	Key	28	DOWN	at	53084   
54451	[1367]	:	Respose to catch Q at trial 7: 53.091000
54452	[1]	:	RT and choice to catch Q at trial 7: 1.141000, 28
54482	[30]	:	Fixation at trial 8: 54.462000
55503	[1021]	:	Object at trial 8: 55.483000
57532	[2029]	:	Fixation at trial 9: 57.512000
58554	[1022]	:	Object at trial 9: 58.534000
60581	[2027]	:	Fixation at trial 10: 60.561000
61602	[1021]	:	Object at trial 10: 61.582000
63631	[2029]	:	Fixation at trial 11: 63.611000
64652	[1021]	:	Object at trial 11: 64.632000
66676	[2024]	:	Fixation at trial 11: 66.656000
67702	[1026]	:	Catch Stim at trial 11: 67.682000
69146	[1444]	:	Key	28	DOWN	at	69146   
70182	[1036]	:	Respose to catch Q at trial 11: 69.153000
70183	[1]	:	RT and choice to catch Q at trial 11: 1.471000, 28
70209	[26]	:	Fixation at trial 12: 70.189000
71230	[1021]	:	Object at trial 12: 71.210000
73255	[2025]	:	Fixation at trial 13: 73.235000
74276	[1021]	:	Object at trial 13: 74.256000
76303	[2027]	:	Fixation at trial 14: 76.283000
77325	[1022]	:	Object at trial 14: 77.305000
79349	[2024]	:	Fixation at trial 14: 79.329000
80374	[1025]	:	Catch Stim at trial 14: 80.354000
81832	[1458]	:	Key	28	DOWN	at	81832   
82854	[1022]	:	Respose to catch Q at trial 14: 81.838000
82855	[1]	:	RT and choice to catch Q at trial 14: 1.484000, 28
82881	[26]	:	Fixation at trial 15: 82.861000
83902	[1021]	:	Object at trial 15: 83.882000
85927	[2025]	:	Fixation at trial 16: 85.907000
86948	[1021]	:	Object at trial 16: 86.928000
88972	[2024]	:	Fixation at trial 17: 88.952000
89993	[1021]	:	Object at trial 17: 89.973000
92017	[2024]	:	Fixation at trial 18: 91.997000
93038	[1021]	:	Object at trial 18: 93.018000
95062	[2024]	:	Fixation at trial 19: 95.042000
96083	[1021]	:	Object at trial 19: 96.063000
98107	[2024]	:	Fixation at trial 20: 98.087000
99128	[1021]	:	Object at trial 20: 99.108000
101152	[2024]	:	Fixation at trial 21: 101.132000
102173	[1021]	:	Object at trial 21: 102.153000
104197	[2024]	:	Fixation at trial 22: 104.177000
105218	[1021]	:	Object at trial 22: 105.198000
107242	[2024]	:	Fixation at trial 23: 107.222000
108263	[1021]	:	Object at trial 23: 108.243000
110287	[2024]	:	Fixation at trial 24: 110.267000
111308	[1021]	:	Object at trial 24: 111.288000
113332	[2024]	:	Fixation at trial 25: 113.312000
114354	[1022]	:	Object at trial 25: 114.334000
116378	[2024]	:	Fixation at trial 25: 116.358000
117404	[1026]	:	Catch Stim at trial 25: 117.384000
118614	[1210]	:	Key	30	DOWN	at	118614  
119884	[1270]	:	Respose to catch Q at trial 25: 118.620000
119885	[1]	:	RT and choice to catch Q at trial 25: 1.236000, 30
119910	[25]	:	Fixation at trial 26: 119.890000
120932	[1022]	:	Object at trial 26: 120.912000
122956	[2024]	:	Fixation at trial 27: 122.936000
123977	[1021]	:	Object at trial 27: 123.957000
126001	[2024]	:	Fixation at trial 28: 125.981000
127022	[1021]	:	Object at trial 28: 127.002000
129047	[2025]	:	Fixation at trial 28: 129.026000
130071	[1024]	:	Catch Stim at trial 28: 130.052000
131025	[954]	:	Key	28	DOWN	at	131025  
132552	[1527]	:	Respose to catch Q at trial 28: 131.031000
132553	[1]	:	RT and choice to catch Q at trial 28: 0.979000, 28
132578	[25]	:	Fixation at trial 29: 132.558000
133599	[1021]	:	Object at trial 29: 133.579000
135624	[2025]	:	Fixation at trial 30: 135.604000
136645	[1021]	:	Object at trial 30: 136.625000
138669	[2024]	:	Fixation at trial 31: 138.649000
139690	[1021]	:	Object at trial 31: 139.670000
141714	[2024]	:	Fixation at trial 32: 141.694000
142735	[1021]	:	Object at trial 32: 142.715000
144759	[2024]	:	Fixation at trial 33: 144.739000
145781	[1022]	:	Object at trial 33: 145.761000
147805	[2024]	:	Fixation at trial 34: 147.785000
148827	[1022]	:	Object at trial 34: 148.807000
150851	[2024]	:	Fixation at trial 35: 150.831000
151873	[1022]	:	Object at trial 35: 151.853000
153898	[2025]	:	Fixation at trial 36: 153.878000
154919	[1021]	:	Object at trial 36: 154.899000
156943	[2024]	:	Fixation at trial 36: 156.923000
157969	[1026]	:	Catch Stim at trial 36: 157.949000
159263	[1294]	:	Key	28	DOWN	at	159263  
160449	[1186]	:	Respose to catch Q at trial 36: 159.269000
160450	[1]	:	RT and choice to catch Q at trial 36: 1.320000, 28
160474	[24]	:	Fixation at trial 37: 160.454000
161495	[1021]	:	Object at trial 37: 161.475000
163519	[2024]	:	Fixation at trial 37: 163.499000
164543	[1024]	:	Catch Stim at trial 37: 164.523000
165614	[1071]	:	Key	30	DOWN	at	165614  
167023	[1409]	:	Respose to catch Q at trial 37: 165.620000
167024	[1]	:	RT and choice to catch Q at trial 37: 1.097000, 30
167049	[25]	:	Fixation at trial 38: 167.029000
168070	[1021]	:	Object at trial 38: 168.050000
170094	[2024]	:	Fixation at trial 39: 170.074000
171115	[1021]	:	Object at trial 39: 171.095000
173140	[2025]	:	Fixation at trial 40: 173.120000
174161	[1021]	:	Object at trial 40: 174.141000
176184	[2023]	:	Fixation at trial 40: 176.164000
177209	[1025]	:	Catch Stim at trial 40: 177.189000
179788	[2579]	:	Respose to catch Q at trial 40: 179.268000
179789	[1]	:	RT and choice to catch Q at trial 40: 2.079000, 0
179820	[31]	:	Fixation at trial 41: 179.800000
180842	[1022]	:	Object at trial 41: 180.822000
182867	[2025]	:	Fixation at trial 41: 182.847000
183891	[1024]	:	Catch Stim at trial 41: 183.871000
184685	[794]	:	Key	30	DOWN	at	184685  
186371	[1686]	:	Respose to catch Q at trial 41: 184.692000
186371	[0]	:	RT and choice to catch Q at trial 41: 0.821000, 30
186396	[25]	:	Fixation at trial 42: 186.376000
187417	[1021]	:	Object at trial 42: 187.397000
189441	[2024]	:	Fixation at trial 43: 189.421000
190462	[1021]	:	Object at trial 43: 190.442000
192486	[2024]	:	Fixation at trial 44: 192.466000
193507	[1021]	:	Object at trial 44: 193.487000
195531	[2024]	:	Fixation at trial 45: 195.511000
196552	[1021]	:	Object at trial 45: 196.532000
198576	[2024]	:	Fixation at trial 46: 198.556000
199597	[1021]	:	Object at trial 46: 199.577000
201621	[2024]	:	Fixation at trial 47: 201.601000
202642	[1021]	:	Object at trial 47: 202.622000
204666	[2024]	:	Fixation at trial 48: 204.646000
205687	[1021]	:	Object at trial 48: 205.667000
207713	[2026]	:	Fixation at trial 49: 207.693000
208734	[1021]	:	Object at trial 49: 208.714000
210758	[2024]	:	Fixation at trial 49: 210.738000
211782	[1024]	:	Catch Stim at trial 49: 211.762000
212668	[886]	:	Key	30	DOWN	at	212668  
214262	[1594]	:	Respose to catch Q at trial 49: 212.673000
214262	[0]	:	RT and choice to catch Q at trial 49: 0.911000, 30
214287	[25]	:	Fixation at trial 50: 214.267000
215308	[1021]	:	Object at trial 50: 215.288000
217332	[2024]	:	Fixation at trial 51: 217.312000
218353	[1021]	:	Object at trial 51: 218.333000
220377	[2024]	:	Fixation at trial 52: 220.357000
221398	[1021]	:	Object at trial 52: 221.378000
223422	[2024]	:	Fixation at trial 53: 223.402000
224443	[1021]	:	Object at trial 53: 224.423000
226467	[2024]	:	Fixation at trial 54: 226.447000
227488	[1021]	:	Object at trial 54: 227.468000
229512	[2024]	:	Fixation at trial 55: 229.492000
230533	[1021]	:	Object at trial 55: 230.513000
232557	[2024]	:	Fixation at trial 56: 232.537000
233578	[1021]	:	Object at trial 56: 233.558000
235603	[2025]	:	Fixation at trial 57: 235.583000
236624	[1021]	:	Object at trial 57: 236.604000
238648	[2024]	:	Fixation at trial 58: 238.628000
239669	[1021]	:	Object at trial 58: 239.649000
241693	[2024]	:	Fixation at trial 59: 241.673000
242714	[1021]	:	Object at trial 59: 242.694000
244738	[2024]	:	Fixation at trial 59: 244.718000
245762	[1024]	:	Catch Stim at trial 59: 245.742000
246551	[789]	:	Key	30	DOWN	at	246551  
248242	[1691]	:	Respose to catch Q at trial 59: 246.557000
248242	[0]	:	RT and choice to catch Q at trial 59: 0.815000, 30
248267	[25]	:	Fixation at trial 60: 248.247000
249288	[1021]	:	Object at trial 60: 249.268000
251312	[2024]	:	Fixation at trial 61: 251.292000
252333	[1021]	:	Object at trial 61: 252.313000
254357	[2024]	:	Fixation at trial 61: 254.337000
255381	[1024]	:	Catch Stim at trial 61: 255.361000
256057	[676]	:	Key	30	DOWN	at	256057  
257861	[1804]	:	Respose to catch Q at trial 61: 256.063000
257861	[0]	:	RT and choice to catch Q at trial 61: 0.702000, 30
257887	[26]	:	Fixation at trial 62: 257.867000
258908	[1021]	:	Object at trial 62: 258.888000
260932	[2024]	:	Fixation at trial 63: 260.912000
261954	[1022]	:	Object at trial 63: 261.933000
263978	[2024]	:	Fixation at trial 64: 263.958000
264999	[1021]	:	Object at trial 64: 264.979000
267023	[2024]	:	Fixation at trial 65: 267.003000
268044	[1021]	:	Object at trial 65: 268.024000
270069	[2025]	:	Fixation at trial 66: 270.049000
271090	[1021]	:	Object at trial 66: 271.070000
273114	[2024]	:	Fixation at trial 66: 273.094000
274138	[1024]	:	Catch Stim at trial 66: 274.118000
274903	[765]	:	Key	30	DOWN	at	274903  
276618	[1715]	:	Respose to catch Q at trial 66: 274.909000
276619	[1]	:	RT and choice to catch Q at trial 66: 0.791000, 30
276645	[26]	:	Fixation at trial 67: 276.625000
277666	[1021]	:	Object at trial 67: 277.646000
279690	[2024]	:	Fixation at trial 68: 279.670000
280711	[1021]	:	Object at trial 68: 280.691000
282735	[2024]	:	Fixation at trial 69: 282.715000
283756	[1021]	:	Object at trial 69: 283.736000
285780	[2024]	:	Fixation at trial 70: 285.760000
286801	[1021]	:	Object at trial 70: 286.781000
288826	[2025]	:	Fixation at trial 71: 288.806000
289847	[1021]	:	Object at trial 71: 289.827000
291871	[2024]	:	Fixation at trial 71: 291.851000
292895	[1024]	:	Catch Stim at trial 71: 292.875000
293984	[1089]	:	Key	28	DOWN	at	293984  
295375	[1391]	:	Respose to catch Q at trial 71: 293.990000
295375	[0]	:	RT and choice to catch Q at trial 71: 1.115000, 28
295400	[25]	:	Fixation at trial 72: 295.380000
296421	[1021]	:	Object at trial 72: 296.401000
298445	[2024]	:	Fixation at trial 73: 298.425000
299466	[1021]	:	Object at trial 73: 299.446000
301490	[2024]	:	Fixation at trial 74: 301.470000
302511	[1021]	:	Object at trial 74: 302.491000
304535	[2024]	:	Fixation at trial 75: 304.515000
305556	[1021]	:	Object at trial 75: 305.536000
307580	[2024]	:	Fixation at trial 76: 307.560000
308601	[1021]	:	Object at trial 76: 308.581000
310625	[2024]	:	Fixation at trial 77: 310.605000
311646	[1021]	:	Object at trial 77: 311.626000
313670	[2024]	:	Fixation at trial 78: 313.650000
314691	[1021]	:	Object at trial 78: 314.671000
316715	[2024]	:	Fixation at trial 79: 316.695000
317736	[1021]	:	Object at trial 79: 317.716000
319760	[2024]	:	Fixation at trial 80: 319.740000
320781	[1021]	:	Object at trial 80: 320.761000
322805	[2024]	:	Fixation at trial 81: 322.785000
323826	[1021]	:	Object at trial 81: 323.806000
325850	[2024]	:	Fixation at trial 82: 325.830000
326871	[1021]	:	Object at trial 82: 326.851000
328895	[2024]	:	Fixation at trial 83: 328.875000
329916	[1021]	:	Object at trial 83: 329.896000
331940	[2024]	:	Fixation at trial 84: 331.920000
332961	[1021]	:	Object at trial 84: 332.941000
334985	[2024]	:	Fixation at trial 84: 334.965000
336010	[1025]	:	Catch Stim at trial 84: 335.990000
336761	[751]	:	Key	28	DOWN	at	336761  
338490	[1729]	:	Respose to catch Q at trial 84: 336.767000
338490	[0]	:	RT and choice to catch Q at trial 84: 0.777000, 28
338515	[25]	:	Fixation at trial 85: 338.495000
339537	[1022]	:	Object at trial 85: 339.5