Cog2000 log file Fri Oct 04 12:26:17 2019
gprim v1.29 Compiled:Feb  1 2010 (GLib DirectDraw v7 DX10.0 Compiled:Feb  1 2010)
Display:1024x768x32 59.84Hz
CogInput v1.05 Compiled: May 20 2010
0	[0]	:	COGENT START
1405	[1405]	:	Key	30	DOWN	at	1405    
1680	[275]	:	Key	30	UP	at	1680    
2185	[505]	:	Key	28	DOWN	at	2185    
2455	[270]	:	Key	28	UP	at	2455    
35633	[33178]	:	Key	71	DOWN	at	35633   
35689	[56]	:	Fixation at trial 1: 35.667000
36261	[572]	:	Object at trial 1: 36.240000
39794	[3533]	:	Fixation at trial 1: 39.773000
40333	[539]	:	Catch Stim at trial 1: 40.311000
43882	[3549]	:	Catch Q at trial 1: 40.311000
45914	[2032]	:	Respose to catch Q at trial 1: 45.391000
45916	[2]	:	RT and choice to catch Q at trial 1: 1.530000, 0
45966	[50]	:	Fixation at trial 2: 45.946000
46491	[525]	:	Object at trial 2: 46.471000
50015	[3524]	:	Fixation at trial 2: 49.995000
50542	[527]	:	Catch Stim at trial 2: 50.522000
54070	[3528]	:	Catch Q at trial 2: 50.522000
54776	[706]	:	Key	28	DOWN	at	54776   
56053	[1277]	:	Respose to catch Q at trial 2: 54.790000
56054	[1]	:	RT and choice to catch Q at trial 2: 0.740000, 28
56104	[50]	:	Fixation at trial 3: 56.084000
56627	[523]	:	Object at trial 3: 56.607000
60150	[3523]	:	Fixation at trial 3: 60.130000
60673	[523]	:	Catch Stim at trial 3: 60.653000
64199	[3526]	:	Catch Q at trial 3: 60.653000
66228	[2029]	:	Respose to catch Q at trial 3: 65.706000
66228	[0]	:	RT and choice to catch Q at trial 3: 1.527000, 0
66275	[47]	:	Fixation at trial 4: 66.255000
66798	[523]	:	Object at trial 4: 66.778000
70321	[3523]	:	Fixation at trial 4: 70.301000
70843	[522]	:	Catch Stim at trial 4: 70.823000
74369	[3526]	:	Catch Q at trial 4: 70.823000
75687	[1318]	:	Key	28	DOWN	at	75687   
76350	[663]	:	Respose to catch Q at trial 4: 75.694000
76351	[1]	:	RT and choice to catch Q at trial 4: 1.345000, 28
76378	[27]	:	Fixation at trial 5: 76.358000
76900	[522]	:	Object at trial 5: 76.880000
80423	[3523]	:	Fixation at trial 5: 80.403000
80945	[522]	:	Catch Stim at trial 5: 80.925000
84472	[3527]	:	Catch Q at trial 5: 80.925000
85418	[946]	:	Key	28	DOWN	at	85418   
86452	[1034]	:	Respose to catch Q at trial 5: 85.426000
86453	[1]	:	RT and choice to catch Q at trial 5: 0.974000, 28
86481	[28]	:	Fixation at trial 6: 86.461000
87003	[522]	:	Object at trial 6: 86.983000
90526	[3523]	:	Fixation at trial 6: 90.506000
91051	[525]	:	Catch Stim at trial 6: 91.031000
94576	[3525]	:	Catch Q at trial 6: 91.031000
95573	[997]	:	Key	28	DOWN	at	95573   
96556	[983]	:	Respose to catch Q at trial 6: 95.580000
96557	[1]	:	RT and choice to catch Q at trial 6: 1.024000, 28
96583	[26]	:	Fixation at trial 7: 96.563000
97105	[522]	:	Object at trial 7: 97.085000
100628	[3523]	:	Fixation at trial 7: 100.608000
101151	[523]	:	Catch Stim at trial 7: 101.131000
104676	[3525]	:	Catch Q at trial 7: 101.131000
105594	[918]	:	Key	28	DOWN	at	105594  
106656	[1062]	:	Respose to catch Q at trial 7: 105.599000
106657	[1]	:	RT and choice to catch Q at trial 7: 0.943000, 28
106683	[26]	:	Fixation at trial 8: 106.663000
107208	[525]	:	Object at trial 8: 107.188000
110731	[3523]	:	Fixation at trial 8: 110.711000
111254	[523]	:	Catch Stim at trial 8: 111.234000
114779	[3525]	:	Catch Q at trial 8: 111.234000
116069	[1290]	:	Key	28	DOWN	at	116069  
116759	[690]	:	Respose to catch Q at trial 8: 116.075000
116760	[1]	:	RT and choice to catch Q at trial 8: 1.316000, 28
116785	[25]	:	Fixation at trial 9: 116.765000
117307	[522]	:	Object at trial 9: 117.287000
120830	[3523]	:	Fixation at trial 9: 120.810000
121353	[523]	:	Catch Stim at trial 9: 121.333000
124879	[3526]	:	Catch Q at trial 9: 121.333000
126175	[1296]	:	Key	28	DOWN	at	126175  
126859	[684]	:	Respose to catch Q at trial 9: 126.182000
126860	[1]	:	RT and choice to catch Q at trial 9: 1.323000, 28
126885	[25]	:	Fixation at trial 10: 126.865000
127407	[522]	:	Object at trial 10: 127.387000
130931	[3524]	:	Fixation at trial 10: 130.911000
131453	[522]	:	Catch Stim at trial 10: 131.433000
134978	[3525]	:	Catch Q at trial 10: 131.433000
136391	[1413]	:	Key	28	DOWN	at	136391  
136958	[567]	:	Respose to catch Q at trial 10: 136.397000
136959	[1]	:	RT and choice to catch Q at trial 10: 1.439000, 28
136984	[25]	:	Fixation at trial 11: 136.964000
137506	[522]	:	Object at trial 11: 137.486000
141029	[3523]	:	Fixation at trial 11: 141.009000
141551	[522]	:	Catch Stim at trial 11: 141.531000
145076	[3525]	:	Catch Q at trial 11: 141.531000
146546	[1470]	:	Key	28	DOWN	at	146546  
147056	[510]	:	Respose to catch Q at trial 11: 146.552000
147057	[1]	:	RT and choice to catch Q at trial 11: 1.496000, 28
147081	[24]	:	Fixation at trial 12: 147.061000
147603	[522]	:	Object at trial 12: 147.583000
151126	[3523]	:	Fixation at trial 12: 151.106000
151650	[524]	:	Catch Stim at trial 12: 151.630000
155175	[3525]	:	Catch Q at trial 12: 151.630000
157199	[2024]	:	Respose to catch Q at trial 12: 156.679000
157200	[1]	:	RT and choice to catch Q at trial 12: 1.524000, 0
157231	[31]	:	Fixation at trial 13: 157.211000
157753	[522]	:	Object at trial 13: 157.733000
161276	[3523]	:	Fixation at trial 13: 161.256000
161798	[522]	:	Catch Stim at trial 13: 161.778000
165323	[3525]	:	Catch Q at trial 13: 161.778000
166427	[1104]	:	Key	28	DOWN	at	166427  
167303	[876]	:	Respose to catch Q at trial 13: 166.433000
167304	[1]	:	RT and choice to catch Q at trial 13: 1.130000, 28
167329	[25]	:	Fixation at trial 14: 167.309000
167851	[522]	:	Object at trial 14: 167.831000
171374	[3523]	:	Fixation at trial 14: 171.354000
171896	[522]	:	Catch Stim at trial 14: 171.876000
175421	[3525]	:	Catch Q at trial 14: 171.876000
176168	[747]	:	Key	28	DOWN	at	176168  
177401	[1233]	:	Respose to catch Q at trial 14: 176.174000
177402	[1]	:	RT and choice to catch Q at trial 14: 0.773000, 28
177427	[25]	:	Fixation at trial 15: 177.407000
177950	[523]	:	Object at trial 15: 177.930000
181473	[3523]	:	Fixation at trial 15: 181.453000
181995	[522]	:	Catch Stim at trial 15: 181.975000
185520	[3525]	:	Catch Q at trial 15: 181.975000
186518	[998]	:	Key	28	DOWN	at	186518  
187500	[982]	:	Respose to catch Q at trial 15: 186.524000
187501	[1]	:	RT and choice to catch Q at trial 15: 1.024000, 28
187525	[24]	:	Fixation at trial 16: 187.505000
188047	[522]	:	Object at trial 16: 188.027000
191570	[3523]	:	Fixation at trial 16: 191.550000
192091	[521]	:	Catch Stim at trial 16: 192.071000
195617	[3526]	:	Catch Q at trial 16: 192.071000
196739	[1122]	:	Key	28	DOWN	at	196739  
197597	[858]	:	Respose to catch Q at trial 16: 196.745000
197598	[1]	:	RT and choice to catch Q at trial 16: 1.148000, 28
197622	[24]	:	Fixation at trial 17: 197.602000
198144	[522]	:	Object at trial 17: 198.124000
201667	[3523]	:	Fixation at trial 17: 201.647000
202192	[525]	:	Catch Stim at trial 17: 202.172000
205717	[3525]	:	Catch Q at trial 17: 202.172000
207037	[1320]	:	Key	28	DOWN	at	207037  
207697	[660]	:	Respose to catch Q at trial 17: 207.043000
207698	[1]	:	RT and choice to catch Q at trial 17: 1.346000, 28
207722	[24]	:	Fixation at trial 18: 207.702000
208244	[522]	:	Object at trial 18: 208.224000
211767	[3523]	:	Fixation at trial 18: 211.747000
212288	[521]	:	Catch Stim at trial 18: 212.268000
215813	[3525]	:	Catch Q at trial 18: 212.268000
217837	[2024]	:	Respose to catch Q at trial 18: 217.317000
217838	[1]	:	RT and choice to catch Q at trial 18: 1.524000, 0
217868	[30]	:	Fixation at trial 19: 217.848000
218390	[522]	:	Object at trial 19: 218.370000
221913	[3523]	:	Fixation at trial 19: 221.893000
222434	[521]	:	Catch Stim at trial 19: 222.414000
225960	[3526]	:	Catch Q at trial 19: 222.414000
227153	[1193]	:	Key	30	DOWN	at	227153  
227941	[788]	:	Respose to catch Q at trial 19: 227.161000
227941	[0]	:	RT and choice to catch Q at trial 19: 1.221000, 30
227966	[25]	:	Fixation at trial 20: 227.946000
228488	[522]	:	Object at trial 20: 228.468000
232011	[3523]	:	Fixation at trial 20: 231.991000
232532	[521]	:	Catch Stim at trial 20: 232.512000
236057	[3525]	:	Catch Q at trial 20: 232.512000
238081	[2024]	:	Respose to catch Q at trial 20: 237.561000
238082	[1]	:	RT and choice to catch Q at trial 20: 1.524000, 0
238111	[29]	:	Fixation at trial 21: 238.091000
238633	[522]	:	Object at trial 21: 238.613000
242156	[3523]	:	Fixation at trial 21: 242.136000
242678	[522]	:	Catch Stim at trial 21: 242.658000
246204	[3526]	:	Catch Q at trial 21: 242.658000
247124	[920]	:	Key	28	DOWN	at	247124  
248184	[1060]	:	Respose to catch Q at trial 21: 247.130000
248185	[1]	:	RT and choice to catch Q at trial 21: 0.946000, 28
248209	[24]	:	Fixation at trial 22: 248.189000
248731	[522]	:	Object at trial 22: 248.711000
252254	[3523]	:	Fixation at trial 22: 252.234000
252776	[522]	:	Catch Stim at trial 22: 252.756000
256301	[3525]	:	Catch Q at trial 22: 252.756000
256988	[687]	:	Key	28	DOWN	at	256988  
258281	[1293]	:	Respose to catch Q at trial 22: 256.996000
258281	[0]	:	RT and choice to catch Q at trial 22: 0.715000, 28
258307	[26]	:	Fixation at trial 23: 258.286000
258829	[522]	:	Object at trial 23: 258.809000
262351	[3522]	:	Fixation at trial 23: 262.331000
262873	[522]	:	Catch Stim at trial 23: 262.853000
266398	[3525]	:	Catch Q at trial 23: 262.853000
267135	[737]	:	Key	28	DOWN	at	267135  
268378	[1243]	:	Respose to catch Q at trial 23: 267.141000
268378	[0]	:	RT and choice to catch Q at trial 23: 0.763000, 28
268403	[25]	:	Fixation at trial 24: 268.383000
268925	[522]	:	Object at trial 24: 268.905000
272448	[3523]	:	Fixation at trial 24: 272.428000
272970	[522]	:	Catch Stim at trial 24: 272.950000
276495	[3525]	:	Catch Q at trial 24: 272.950000
277671	[1176]	:	Key	28	DOWN	at	277671  
278475	[804]	:	Respose to catch Q at trial 24: 277.677000
278475	[0]	:	RT and choice to catch Q at trial 24: 1.202000, 28
278500	[25]	:	Fixation at trial 25: 278.480000
279022	[522]	:	Object at trial 25: 279.002000
282545	[3523]	:	Fixation at trial 25: 282.525000
283066	[521]	:	Catch Stim at trial 25: 283.046000
286591	[3525]	:	Catch Q at trial 25: 283.046000
287886	[1295]	:	Key	28	DOWN	at	287886  
288571	[685]	:	Respose to catch Q at trial 25: 287.892000
288571	[0]	:	RT and choice to catch Q at trial 25: 1.321000, 28
288596	[25]	:	Fixation at trial 26: 288.576000
289118	[522]	:	Object at trial 26: 289.098000
292641	[3523]	:	Fixation at trial 26: 292.621000
293163	[522]	:	Catch Stim at trial 26: 293.143000
296688	[3525]	:	Catch Q at trial 26: 293.143000
298712	[2024]	:	Respose to catch Q at trial 26: 298.192000
298713	[1]	:	RT and choice to catch Q at trial 26: 1.524000, 0
298740	[27]	:	Fixation at trial 27: 298.720000
299262	[522]	:	Object at trial 27: 299.242000
302785	[3523]	:	Fixation at trial 27: 302.765000
303307	[522]	:	Catch Stim at trial 27: 303.287000
306833	[3526]	:	Catch Q at trial 27: 303.287000
307742	[909]	:	Key	28	DOWN	at	307742  
308813	[1071]	:	Respose to catch Q at trial 27: 307.748000
308813	[0]	:	RT and choice to catch Q at trial 27: 0.935000, 28
308838	[25]	:	Fixation at trial 28: 308.818000
309360	[522]	:	Object at trial 28: 309.340000
312883	[3523]	:	Fixation at trial 28: 312.863000
313405	[522]	:	Catch Stim at trial 28: 313.385000
316930	[3525]	:	Catch Q at trial 28: 313.385000
318103	[1173]	:	Key	30	DOWN	at	318103  
318910	[807]	:	Respose to catch Q at trial 28: 318.109000
318910	[0]	:	RT and choice to catch Q at trial 28: 1.199000, 30
318935	[25]	:	Fixation at trial 29: 318.915000
319458	[523]	:	Object at trial 29: 319.438000
322981	[3523]	:	Fixation at trial 29: 322.961000
323503	[522]	:	Catch Stim at trial 29: 323.483000
327028	[3525]	:	Catch Q at trial 29: 323.483000
328439	[1411]	:	Key	28	DOWN	at	328439  
329008	[569]	:	Respose to catch Q at trial 29: 328.445000
329008	[0]	:	RT and choice to catch Q at trial 29: 1.437000, 28
329033	[25]	:	Fixation at trial 30: 329.013000
329556	[523]	:	Object at trial 30: 329.536000
333079	[3523]	:	Fixation at trial 30: 333.059000
333601	[522]	:	Catch Stim at trial 30: 333.581000
337126	[3525]	:	Catch Q at trial 30: 333.581000
338149	[1023]	:	Key	30	DOWN	at	338149  
339106	[957]	:	Respose to catch Q at trial 30: 338.155000
339106	[0]	:	RT and choice to catch Q at trial 30: 1.049000, 30
339131	[25]	:	Fixation at trial 31: 339.111000
339653	[522]	:	Object at trial 31: 339.633000
343176	[3523]	:	Fixation at trial 31: 343.156000
343697	[521]	:	Catch Stim at trial 31: 343.677000
347222	[3525]	:	Catch Q at trial 31: 343.677000
348130	[908]	:	Key	30	DOWN	at	348130  
349202	[1072]	:	Respose to catch Q at trial 31: 348.136000
349202	[0]	:	RT and choice to catch Q at trial 31: 0.934000, 30
349227	[25]	:	Fixation at trial 32: 349.207000
349749	[522]	:	Object at trial 32: 349.729000
353272	[3523]	:	Fixation at trial 32: 353.252000
353793	[521]	:	Catch Stim at trial 32: 353.773000
357318	[3525]	:	Catch Q at trial 32: 353.773000
359342	[2024]	:	Respose to catch Q at trial 32: 358.822000
359343	[1]	:	RT and choice to catch Q at trial 32: 1.524000, 0
359369	[26]	:	Fixation at trial 33: 359.349000
359891	[522]	:	Object at trial 33: 359.871000
363414	[3523]	:	Fixation at trial 33: 363.394000
363936	[522]	:	Catch Stim at trial 33: 363.916000
367463	[3527]	:	Catch Q at trial 33: 363.916000
369488	[2025]	:	Respose to catch Q at trial 33: 368.968000
369489	[1]	:	RT and choice to catch Q at trial 33: 1.525000, 0
369514	[25]	:	Fixation at trial 34: 369.494000
370036	[522]	:	Object at trial 34: 370.016000
373559	[3523]	:	Fixation at trial 34: 373.539000
374081	[522]	:	Catch Stim at trial 34: 374.061000
377606	[3525]	:	Catch Q at trial 34: 374.061000
378657	[1051]	:	Key	28	DOWN	at	378657  
379586	[929]	:	Respose to catch Q at trial 34: 378.663000
379586	[0]	:	RT and choice to catch Q at trial 34: 1.077000, 28
379611	[25]	:	Fixation at trial 35: 379.591000
380133	[522]	:	Object at trial 35: 380.113000
383656	[3523]	:	Fixation at trial 35: 383.636000
384178	[522]	:	Catch Stim at trial 35: 384.158000
387703	[3525]	:	Catch Q at trial 35: 384.158000
388993	[1290]	:	Key	28	DOWN	at	388993  
389683	[690]	:	Respose to catch Q at trial 35: 388.999000
389683	[0]	:	RT and choice to catch Q at trial 35: 1.316000, 28
389708	[25]	:	Fixation at trial 36: 389.688000
390231	[523]	:	Object at trial 36: 390.211000
393754	[3523]	:	Fixation at trial 36: 393.734000
394276	[522]	:	Catch Stim at trial 36: 394.256000
397801	[3525]	:	Catch Q at trial 36: 394.256000
398449	[648]	:	Key	30	DOWN	at	398449  
399781	[1332]	:	Respose to catch Q at trial 36: 398.455000
399781	[0]	:	RT and choice to catch Q at trial 36: 0.674000, 30
399806	[25]	:	Fixation at trial 37: 399.786000
400328	[522]	:	Object at trial 37: 400.308000
403851	[3523]	:	Fixation at trial 37: 403.831000
404373	[522]	:	Catch Stim at trial 37: 404.353000
407898	[3525]	:	Catch Q at trial 37: 404.353000
409922	[2024]	:	Respose to catch Q at trial 37: 409.402000
409923	[1]	:	RT and choice to catch Q at trial 37: 1.524000, 0
409947	[24]	:	Fixation at trial 38: 409.927000
410469	[522]	:	Object at trial 38: 410.449000
413992	[3523]	:	Fixation at trial 38: 413.972000
414513	[521]	:	Catch Stim at trial 38: 414.493000
418038	[3525]	:	Catch Q at trial 38: 414.493000
420062	[2024]	:	Respose to catch Q at trial 38: 419.542000
420063	[1]	:	RT and choice to catch Q at trial 38: 1.524000, 0
420087	[24]	:	Fixation at trial 39: 420.067000
420609	[522]	:	Object at trial 39: 420.589000
424132	[3523]	:	Fixation at trial 39: 424.112000
424653	[521]	:	Catch Stim at trial 39: 424.633000
428179	[3526]	:	Catch Q at trial 39: 424.633000
429190	[1011]	:	Key	28	DOWN	at	429190  
430159	[969]	:	Respose to catch Q at trial 39: 429.196000
430159	[0]	:	RT and choice to catch Q at trial 39: 1.037000, 28
430183	[24]	:	Fixation at trial 40: 430.163000
430705	[522]	:	Object at trial 40: 430.685000
434228	[3523]	:	Fixation at trial 40: 434.208000
434749	[521]	:	Catch Stim at trial 40: 434.729000
438274	[3525]	:	Catch Q at trial 40: 434.729000
439351	[1077]	:	Key	28	DOWN	at	439351  
440254	[903]	:	Respose to catch Q at trial 40: 439.357000
440254	[0]	:	RT and choice to catch Q at trial 40: 1.103000, 28
440279	[25]	:	Fixation at trial 41: 440.259000
440801	[522]	:	Object at trial 41: 440.781000
444324	[3523]	:	Fixation at trial 41: 444.304000
444845	[521]	:	Catch Stim at trial 41: 444.825000
448371	[3526]	:	Catch Q at trial 41: 444.825000
449516	[1145]	:	Key	30	DOWN	at	449516  
450351	[835]	:	Respose to catch Q at trial 41: 449.522000
450352	[1]	:	RT and choice to catch Q at trial 41: 1.171000, 30
450376	[24]	:	Fixation at trial 42: 450.356000
450898	[522