Cog2000 log file Fri Oct 04 12:43:18 2019
gprim v1.29 Compiled:Feb  1 2010 (GLib DirectDraw v7 DX10.0 Compiled:Feb  1 2010)
Display:1024x768x32 59.81Hz
CogInput v1.05 Compiled: May 20 2010
0	[0]	:	COGENT START
841	[841]	:	Key	30	DOWN	at	841     
1051	[210]	:	Key	30	UP	at	1051    
1221	[170]	:	Key	28	DOWN	at	1221    
1411	[190]	:	Key	28	UP	at	1411    
24558	[23147]	:	Key	71	DOWN	at	24558   
24617	[59]	:	Fixation at trial 1: 24.597000
25147	[530]	:	Object at trial 1: 25.126000
28672	[3525]	:	Fixation at trial 1: 28.651000
29201	[529]	:	Catch Stim at trial 1: 29.180000
32731	[3530]	:	Catch Q at trial 1: 29.180000
33943	[1212]	:	Key	28	DOWN	at	33943   
34711	[768]	:	Respose to catch Q at trial 1: 33.951000
34712	[1]	:	RT and choice to catch Q at trial 1: 1.241000, 28
34747	[35]	:	Fixation at trial 2: 34.727000
35269	[522]	:	Object at trial 2: 35.249000
38792	[3523]	:	Fixation at trial 2: 38.772000
39315	[523]	:	Catch Stim at trial 2: 39.295000
42842	[3527]	:	Catch Q at trial 2: 39.295000
43939	[1097]	:	Key	28	DOWN	at	43939   
44822	[883]	:	Respose to catch Q at trial 2: 43.946000
44823	[1]	:	RT and choice to catch Q at trial 2: 1.124000, 28
44855	[32]	:	Fixation at trial 3: 44.835000
45377	[522]	:	Object at trial 3: 45.357000
48900	[3523]	:	Fixation at trial 3: 48.880000
49422	[522]	:	Catch Stim at trial 3: 49.402000
52949	[3527]	:	Catch Q at trial 3: 49.402000
53794	[845]	:	Key	28	DOWN	at	53794   
54929	[1135]	:	Respose to catch Q at trial 3: 53.800000
54930	[1]	:	RT and choice to catch Q at trial 3: 0.871000, 28
54958	[28]	:	Fixation at trial 4: 54.938000
55481	[523]	:	Object at trial 4: 55.461000
59004	[3523]	:	Fixation at trial 4: 58.984000
59526	[522]	:	Catch Stim at trial 4: 59.506000
63052	[3526]	:	Catch Q at trial 4: 59.506000
64185	[1133]	:	Key	28	DOWN	at	64185   
65032	[847]	:	Respose to catch Q at trial 4: 64.191000
65033	[1]	:	RT and choice to catch Q at trial 4: 1.159000, 28
65061	[28]	:	Fixation at trial 5: 65.041000
65583	[522]	:	Object at trial 5: 65.563000
69106	[3523]	:	Fixation at trial 5: 69.086000
69629	[523]	:	Catch Stim at trial 5: 69.609000
73155	[3526]	:	Catch Q at trial 5: 69.609000
74100	[945]	:	Key	30	DOWN	at	74100   
75135	[1035]	:	Respose to catch Q at trial 5: 74.106000
75136	[1]	:	RT and choice to catch Q at trial 5: 0.971000, 30
75164	[28]	:	Fixation at trial 6: 75.144000
75686	[522]	:	Object at trial 6: 75.666000
79209	[3523]	:	Fixation at trial 6: 79.189000
79732	[523]	:	Catch Stim at trial 6: 79.712000
83258	[3526]	:	Catch Q at trial 6: 79.712000
84496	[1238]	:	Key	28	DOWN	at	84496   
85238	[742]	:	Respose to catch Q at trial 6: 84.502000
85239	[1]	:	RT and choice to catch Q at trial 6: 1.264000, 28
85266	[27]	:	Fixation at trial 7: 85.246000
85789	[523]	:	Object at trial 7: 85.769000
89312	[3523]	:	Fixation at trial 7: 89.292000
89835	[523]	:	Catch Stim at trial 7: 89.815000
93361	[3526]	:	Catch Q at trial 7: 89.815000
94712	[1351]	:	Key	28	DOWN	at	94712   
95341	[629]	:	Respose to catch Q at trial 7: 94.718000
95341	[0]	:	RT and choice to catch Q at trial 7: 1.377000, 28
95368	[27]	:	Fixation at trial 8: 95.348000
95890	[522]	:	Object at trial 8: 95.870000
99413	[3523]	:	Fixation at trial 8: 99.393000
99936	[523]	:	Catch Stim at trial 8: 99.916000
103462	[3526]	:	Catch Q at trial 8: 99.916000
104322	[860]	:	Key	30	DOWN	at	104322  
105442	[1120]	:	Respose to catch Q at trial 8: 104.328000
105443	[1]	:	RT and choice to catch Q at trial 8: 0.886000, 30
105468	[25]	:	Fixation at trial 9: 105.448000
105990	[522]	:	Object at trial 9: 105.970000
109513	[3523]	:	Fixation at trial 9: 109.493000
110036	[523]	:	Catch Stim at trial 9: 110.016000
113562	[3526]	:	Catch Q at trial 9: 110.016000
114993	[1431]	:	Key	28	DOWN	at	114993  
115542	[549]	:	Respose to catch Q at trial 9: 114.999000
115543	[1]	:	RT and choice to catch Q at trial 9: 1.457000, 28
115568	[25]	:	Fixation at trial 10: 115.548000
116090	[522]	:	Object at trial 10: 116.070000
119613	[3523]	:	Fixation at trial 10: 119.593000
120135	[522]	:	Catch Stim at trial 10: 120.115000
123660	[3525]	:	Catch Q at trial 10: 120.115000
124653	[993]	:	Key	28	DOWN	at	124653  
125640	[987]	:	Respose to catch Q at trial 10: 124.659000
125641	[1]	:	RT and choice to catch Q at trial 10: 1.019000, 28
125665	[24]	:	Fixation at trial 11: 125.645000
126187	[522]	:	Object at trial 11: 126.167000
129710	[3523]	:	Fixation at trial 11: 129.690000
130231	[521]	:	Catch Stim at trial 11: 130.212000
133756	[3525]	:	Catch Q at trial 11: 130.212000
135184	[1428]	:	Key	28	DOWN	at	135184  
135736	[552]	:	Respose to catch Q at trial 11: 135.190000
135737	[1]	:	RT and choice to catch Q at trial 11: 1.454000, 28
135761	[24]	:	Fixation at trial 12: 135.741000
136283	[522]	:	Object at trial 12: 136.263000
139806	[3523]	:	Fixation at trial 12: 139.786000
140328	[522]	:	Catch Stim at trial 12: 140.308000
143853	[3525]	:	Catch Q at trial 12: 140.308000
145879	[2026]	:	Respose to catch Q at trial 12: 145.359000
145880	[1]	:	RT and choice to catch Q at trial 12: 1.526000, 0
145918	[38]	:	Fixation at trial 13: 145.898000
146440	[522]	:	Object at trial 13: 146.420000
149963	[3523]	:	Fixation at trial 13: 149.943000
150486	[523]	:	Catch Stim at trial 13: 150.466000
154013	[3527]	:	Catch Q at trial 13: 150.466000
155260	[1247]	:	Key	30	DOWN	at	155260  
155993	[733]	:	Respose to catch Q at trial 13: 155.267000
155994	[1]	:	RT and choice to catch Q at trial 13: 1.274000, 30
156018	[24]	:	Fixation at trial 14: 155.998000
156540	[522]	:	Object at trial 14: 156.520000
160063	[3523]	:	Fixation at trial 14: 160.043000
160585	[522]	:	Catch Stim at trial 14: 160.565000
164112	[3527]	:	Catch Q at trial 14: 160.565000
164676	[564]	:	Key	30	DOWN	at	164676  
166092	[1416]	:	Respose to catch Q at trial 14: 164.681000
166093	[1]	:	RT and choice to catch Q at trial 14: 0.589000, 30
166117	[24]	:	Fixation at trial 15: 166.097000
166639	[522]	:	Object at trial 15: 166.619000
170162	[3523]	:	Fixation at trial 15: 170.142000
170683	[521]	:	Catch Stim at trial 15: 170.663000
174209	[3526]	:	Catch Q at trial 15: 170.663000
175426	[1217]	:	Key	28	DOWN	at	175426  
176189	[763]	:	Respose to catch Q at trial 15: 175.432000
176190	[1]	:	RT and choice to catch Q at trial 15: 1.243000, 28
176214	[24]	:	Fixation at trial 16: 176.194000
176736	[522]	:	Object at trial 16: 176.716000
180259	[3523]	:	Fixation at trial 16: 180.239000
180780	[521]	:	Catch Stim at trial 16: 180.760000
184306	[3526]	:	Catch Q at trial 16: 180.760000
185682	[1376]	:	Key	28	DOWN	at	185682  
186286	[604]	:	Respose to catch Q at trial 16: 185.688000
186287	[1]	:	RT and choice to catch Q at trial 16: 1.402000, 28
186311	[24]	:	Fixation at trial 17: 186.291000
186833	[522]	:	Object at trial 17: 186.813000
190356	[3523]	:	Fixation at trial 17: 190.336000
190878	[522]	:	Catch Stim at trial 17: 190.858000
194403	[3525]	:	Catch Q at trial 17: 190.858000
195727	[1324]	:	Key	28	DOWN	at	195727  
196383	[656]	:	Respose to catch Q at trial 17: 195.733000
196384	[1]	:	RT and choice to catch Q at trial 17: 1.350000, 28
196408	[24]	:	Fixation at trial 18: 196.388000
196930	[522]	:	Object at trial 18: 196.910000
200453	[3523]	:	Fixation at trial 18: 200.433000
200974	[521]	:	Catch Stim at trial 18: 200.954000
204500	[3526]	:	Catch Q at trial 18: 200.954000
205528	[1028]	:	Key	28	DOWN	at	205528  
206480	[952]	:	Respose to catch Q at trial 18: 205.534000
206480	[0]	:	RT and choice to catch Q at trial 18: 1.054000, 28
206505	[25]	:	Fixation at trial 19: 206.485000
207027	[522]	:	Object at trial 19: 207.007000
210550	[3523]	:	Fixation at trial 19: 210.530000
211072	[522]	:	Catch Stim at trial 19: 211.052000
214599	[3527]	:	Catch Q at trial 19: 211.052000
216623	[2024]	:	Respose to catch Q at trial 19: 216.103000
216624	[1]	:	RT and choice to catch Q at trial 19: 1.524000, 0
216656	[32]	:	Fixation at trial 20: 216.636000
217178	[522]	:	Object at trial 20: 217.158000
220701	[3523]	:	Fixation at trial 20: 220.681000
221224	[523]	:	Catch Stim at trial 20: 221.204000
224749	[3525]	:	Catch Q at trial 20: 221.204000
226774	[2025]	:	Respose to catch Q at trial 20: 226.254000
226775	[1]	:	RT and choice to catch Q at trial 20: 1.525000, 0
226804	[29]	:	Fixation at trial 21: 226.784000
227327	[523]	:	Object at trial 21: 227.307000
230850	[3523]	:	Fixation at trial 21: 230.830000
231373	[523]	:	Catch Stim at trial 21: 231.353000
234898	[3525]	:	Catch Q at trial 21: 231.353000
235674	[776]	:	Key	28	DOWN	at	235674  
236878	[1204]	:	Respose to catch Q at trial 21: 235.680000
236879	[1]	:	RT and choice to catch Q at trial 21: 0.802000, 28
236903	[24]	:	Fixation at trial 22: 236.883000
237425	[522]	:	Object at trial 22: 237.405000
240948	[3523]	:	Fixation at trial 22: 240.928000
241470	[522]	:	Catch Stim at trial 22: 241.450000
244995	[3525]	:	Catch Q at trial 22: 241.450000
246189	[1194]	:	Key	30	DOWN	at	246189  
246975	[786]	:	Respose to catch Q at trial 22: 246.195000
246975	[0]	:	RT and choice to catch Q at trial 22: 1.220000, 30
247000	[25]	:	Fixation at trial 23: 246.980000
247523	[523]	:	Object at trial 23: 247.503000
251046	[3523]	:	Fixation at trial 23: 251.026000
251567	[521]	:	Catch Stim at trial 23: 251.547000
255092	[3525]	:	Catch Q at trial 23: 251.547000
255905	[813]	:	Key	28	DOWN	at	255905  
257072	[1167]	:	Respose to catch Q at trial 23: 255.911000
257072	[0]	:	RT and choice to catch Q at trial 23: 0.839000, 28
257098	[26]	:	Fixation at trial 24: 257.077000
257620	[522]	:	Object at trial 24: 257.600000
261144	[3524]	:	Fixation at trial 24: 261.123000
261664	[520]	:	Catch Stim at trial 24: 261.645000
265188	[3524]	:	Catch Q at trial 24: 261.645000
265585	[397]	:	Key	30	DOWN	at	265585  
267168	[1583]	:	Respose to catch Q at trial 24: 265.590000
267168	[0]	:	RT and choice to catch Q at trial 24: 0.422000, 30
267193	[25]	:	Fixation at trial 25: 267.173000
267715	[522]	:	Object at trial 25: 267.695000
271238	[3523]	:	Fixation at trial 25: 271.218000
271759	[521]	:	Catch Stim at trial 25: 271.739000
275284	[3525]	:	Catch Q at trial 25: 271.739000
276686	[1402]	:	Key	28	DOWN	at	276686  
277264	[578]	:	Respose to catch Q at trial 25: 276.693000
277264	[0]	:	RT and choice to catch Q at trial 25: 1.429000, 28
277289	[25]	:	Fixation at trial 26: 277.269000
277811	[522]	:	Object at trial 26: 277.791000
281334	[3523]	:	Fixation at trial 26: 281.314000
281855	[521]	:	Catch Stim at trial 26: 281.835000
285381	[3526]	:	Catch Q at trial 26: 281.835000
286397	[1016]	:	Key	30	DOWN	at	286397  
287361	[964]	:	Respose to catch Q at trial 26: 286.403000
287361	[0]	:	RT and choice to catch Q at trial 26: 1.042000, 30
287386	[25]	:	Fixation at trial 27: 287.366000
287910	[524]	:	Object at trial 27: 287.888000
291433	[3523]	:	Fixation at trial 27: 291.413000
291954	[521]	:	Catch Stim at trial 27: 291.934000
295480	[3526]	:	Catch Q at trial 27: 291.934000
296507	[1027]	:	Key	28	DOWN	at	296507  
297460	[953]	:	Respose to catch Q at trial 27: 296.513000
297460	[0]	:	RT and choice to catch Q at trial 27: 1.053000, 28
297485	[25]	:	Fixation at trial 28: 297.465000
298007	[522]	:	Object at trial 28: 297.987000
301530	[3523]	:	Fixation at trial 28: 301.510000
302051	[521]	:	Catch Stim at trial 28: 302.031000
305576	[3525]	:	Catch Q at trial 28: 302.031000
306453	[877]	:	Key	28	DOWN	at	306453  
307556	[1103]	:	Respose to catch Q at trial 28: 306.459000
307556	[0]	:	RT and choice to catch Q at trial 28: 0.903000, 28
307581	[25]	:	Fixation at trial 29: 307.561000
308103	[522]	:	Object at trial 29: 308.083000
311626	[3523]	:	Fixation at trial 29: 311.606000
312148	[522]	:	Catch Stim at trial 29: 312.128000
315674	[3526]	:	Catch Q at trial 29: 312.128000
316368	[694]	:	Key	30	DOWN	at	316368  
317654	[1286]	:	Respose to catch Q at trial 29: 316.374000
317655	[1]	:	RT and choice to catch Q at trial 29: 0.720000, 30
317679	[24]	:	Fixation at trial 30: 317.659000
318201	[522]	:	Object at trial 30: 318.181000
321724	[3523]	:	Fixation at trial 30: 321.704000
322245	[521]	:	Catch Stim at trial 30: 322.225000
325771	[3526]	:	Catch Q at trial 30: 322.225000
326224	[453]	:	Key	30	DOWN	at	326224  
327751	[1527]	:	Respose to catch Q at trial 30: 326.229000
327751	[0]	:	RT and choice to catch Q at trial 30: 0.478000, 30
327776	[25]	:	Fixation at trial 31: 327.756000
328298	[522]	:	Object at trial 31: 328.278000
331821	[3523]	:	Fixation at trial 31: 331.801000
332343	[522]	:	Catch Stim at trial 31: 332.323000
335869	[3526]	:	Catch Q at trial 31: 332.323000
336524	[655]	:	Key	30	DOWN	at	336524  
337849	[1325]	:	Respose to catch Q at trial 31: 336.530000
337849	[0]	:	RT and choice to catch Q at trial 31: 0.681000, 30
337874	[25]	:	Fixation at trial 32: 337.854000
338396	[522]	:	Object at trial 32: 338.376000
341919	[3523]	:	Fixation at trial 32: 341.899000
342442	[523]	:	Catch Stim at trial 32: 342.422000
345967	[3525]	:	Catch Q at trial 32: 342.422000
347991	[2024]	:	Respose to catch Q at trial 32: 347.471000
347992	[1]	:	RT and choice to catch Q at trial 32: 1.524000, 0
348019	[27]	:	Fixation at trial 33: 347.999000
348541	[522]	:	Object at trial 33: 348.521000
352065	[3524]	:	Fixation at trial 33: 352.045000
352588	[523]	:	Catch Stim at trial 33: 352.568000
356113	[3525]	:	Catch Q at trial 33: 352.568000
357176	[1063]	:	Key	28	DOWN	at	357176  
358093	[917]	:	Respose to catch Q at trial 33: 357.182000
358093	[0]	:	RT and choice to catch Q at trial 33: 1.089000, 28
358118	[25]	:	Fixation at trial 34: 358.098000
358640	[522]	:	Object at trial 34: 358.620000
362163	[3523]	:	Fixation at trial 34: 362.143000
362684	[521]	:	Catch Stim at trial 34: 362.664000
366210	[3526]	:	Catch Q at trial 34: 362.664000
367461	[1251]	:	Key	28	DOWN	at	367461  
368190	[729]	:	Respose to catch Q at trial 34: 367.467000
368190	[0]	:	RT and choice to catch Q at trial 34: 1.277000, 28
368215	[25]	:	Fixation at trial 35: 368.195000
368737	[522]	:	Object at trial 35: 368.717000
372260	[3523]	:	Fixation at trial 35: 372.240000
372781	[521]	:	Catch Stim at trial 35: 372.761000
376307	[3526]	:	Catch Q at trial 35: 372.761000
377007	[700]	:	Key	30	DOWN	at	377007  
378287	[1280]	:	Respose to catch Q at trial 35: 377.013000
378287	[0]	:	RT and choice to catch Q at trial 35: 0.726000, 30
378312	[25]	:	Fixation at trial 36: 378.292000
378834	[522]	:	Object at trial 36: 378.814000
382357	[3523]	:	Fixation at trial 36: 382.337000
382878	[521]	:	Catch Stim at trial 36: 382.858000
386404	[3526]	:	Catch Q at trial 36: 382.858000
388428	[2024]	:	Respose to catch Q at trial 36: 387.908000
388429	[1]	:	RT and choice to catch Q at trial 36: 1.524000, 0
388455	[26]	:	Fixation at trial 37: 388.435000
388977	[522]	:	Object at trial 37: 388.957000
392501	[3524]	:	Fixation at trial 37: 392.481000
393024	[523]	:	Catch Stim at trial 37: 393.004000
396550	[3526]	:	Catch Q at trial 37: 393.004000
397863	[1313]	:	Key	28	DOWN	at	397863  
398530	[667]	:	Respose to catch Q at trial 37: 397.870000
398530	[0]	:	RT and choice to catch Q at trial 37: 1.340000, 28
398555	[25]	:	Fixation at trial 38: 398.535000
399077	[522]	:	Object at trial 38: 399.057000
402600	[3523]	:	Fixation at trial 38: 402.580000
403122	[522]	:	Catch Stim at trial 38: 403.102000
406647	[3525]	:	Catch Q at trial 38: 403.102000
407744	[1097]	:	Key	28	DOWN	at	407744  
408627	[883]	:	Respose to catch Q at trial 38: 407.750000
408627	[0]	:	RT and choice to catch Q at trial 38: 1.123000, 28
408652	[25]	:	Fixation at trial 39: 408.632000
409174	[522]	:	Object at trial 39: 409.154000
412697	[3523]	:	Fixation at trial 39: 412.677000
413218	[521]	:	Catch Stim at trial 39: 413.198000
416743	[3525]	:	Catch Q at trial 39: 413.198000
417654	[911]	:	Key	28	DOWN	at	417654  
418723	[1069]	:	Respose to catch Q at trial 39: 417.660000
418723	[0]	:	RT and choice to catch Q at trial 39: 0.937000, 28
418748	[25]	:	Fixation at trial 40: 418.728000
419270	[522]	:	Object at trial 40: 419.250000
422793	[3523]	:	Fixation at trial 40: 422.773000
423315	[522]	:	Catch Stim at trial 40: 423.295000
426840	[3525]	:	Catch Q at trial 40: 423.295000
427315	[475]	:	Key	30	DOWN	at	427315  
428820	[1505]	:	Respose to catch Q at trial 40: 427.320000
428820	[0]	:	RT and choice to catch Q at trial 40: 0.500000, 30
428845	[25]	:	Fixation at trial 41: 428.825000
429367	[522]	:	Object at trial 41: 429.347000
432890	[3523]	:	Fixation at trial 41: 432.870000
433411	[521]	:	Catch Stim at trial 41: 433.391000
436936	[3525]	:	Catch Q at trial 41: 433.391000
438380	[1444]	:	Key	28	DOWN	at	438380  
43