Cog2000 log file Fri Oct 04 13:30:53 2019
gprim v1.29 Compiled:Feb  1 2010 (GLib DirectDraw v7 DX10.0 Compiled:Feb  1 2010)
Display:1024x768x32 59.84Hz
CogInput v1.05 Compiled: May 20 2010
0	[0]	:	COGENT START
941	[941]	:	Key	30	DOWN	at	941     
1121	[180]	:	Key	30	UP	at	1121    
1641	[520]	:	Key	28	DOWN	at	1641    
1876	[235]	:	Key	28	UP	at	1876    
27557	[25681]	:	Key	71	DOWN	at	27557   
27621	[64]	:	Fixation at trial 1: 27.601000
28147	[526]	:	Object at trial 1: 28.127000
31670	[3523]	:	Fixation at trial 1: 31.650000
32194	[524]	:	Catch Stim at trial 1: 32.175000
35723	[3529]	:	Catch Q at trial 1: 32.175000
36898	[1175]	:	Key	30	DOWN	at	36898   
37703	[805]	:	Respose to catch Q at trial 1: 36.905000
37704	[1]	:	RT and choice to catch Q at trial 1: 1.202000, 30
37733	[29]	:	Fixation at trial 2: 37.713000
38255	[522]	:	Object at trial 2: 38.235000
41778	[3523]	:	Fixation at trial 2: 41.758000
42299	[521]	:	Catch Stim at trial 2: 42.279000
45824	[3525]	:	Catch Q at trial 2: 42.279000
47138	[1314]	:	Key	28	DOWN	at	47138   
47804	[666]	:	Respose to catch Q at trial 2: 47.144000
47804	[0]	:	RT and choice to catch Q at trial 2: 1.340000, 28
47834	[30]	:	Fixation at trial 3: 47.814000
48356	[522]	:	Object at trial 3: 48.336000
51879	[3523]	:	Fixation at trial 3: 51.859000
52400	[521]	:	Catch Stim at trial 3: 52.380000
55925	[3525]	:	Catch Q at trial 3: 52.380000
57384	[1459]	:	Key	28	DOWN	at	57384   
57905	[521]	:	Respose to catch Q at trial 3: 57.390000
57905	[0]	:	RT and choice to catch Q at trial 3: 1.485000, 28
57930	[25]	:	Fixation at trial 4: 57.910000
58453	[523]	:	Object at trial 4: 58.433000
61976	[3523]	:	Fixation at trial 4: 61.956000
62497	[521]	:	Catch Stim at trial 4: 62.477000
66022	[3525]	:	Catch Q at trial 4: 62.477000
67259	[1237]	:	Key	28	DOWN	at	67259   
68002	[743]	:	Respose to catch Q at trial 4: 67.265000
68002	[0]	:	RT and choice to catch Q at trial 4: 1.263000, 28
68027	[25]	:	Fixation at trial 5: 68.007000
68549	[522]	:	Object at trial 5: 68.529000
72072	[3523]	:	Fixation at trial 5: 72.052000
72594	[522]	:	Catch Stim at trial 5: 72.574000
76119	[3525]	:	Catch Q at trial 5: 72.574000
78143	[2024]	:	Respose to catch Q at trial 5: 77.623000
78144	[1]	:	RT and choice to catch Q at trial 5: 1.524000, 0
78169	[25]	:	Fixation at trial 6: 78.149000
78691	[522]	:	Object at trial 6: 78.671000
82215	[3524]	:	Fixation at trial 6: 82.195000
82738	[523]	:	Catch Stim at trial 6: 82.718000
86264	[3526]	:	Catch Q at trial 6: 82.718000
88289	[2025]	:	Respose to catch Q at trial 6: 87.769000
88290	[1]	:	RT and choice to catch Q at trial 6: 1.525000, 0
88314	[24]	:	Fixation at trial 7: 88.294000
88836	[522]	:	Object at trial 7: 88.816000
92359	[3523]	:	Fixation at trial 7: 92.339000
92882	[523]	:	Catch Stim at trial 7: 92.862000
96408	[3526]	:	Catch Q at trial 7: 92.862000
96941	[533]	:	Key	30	DOWN	at	96941   
98388	[1447]	:	Respose to catch Q at trial 7: 96.946000
98388	[0]	:	RT and choice to catch Q at trial 7: 0.558000, 30
98413	[25]	:	Fixation at trial 8: 98.393000
98939	[526]	:	Object at trial 8: 98.919000
102462	[3523]	:	Fixation at trial 8: 102.442000
102983	[521]	:	Catch Stim at trial 8: 102.963000
106508	[3525]	:	Catch Q at trial 8: 102.963000
107887	[1379]	:	Key	28	DOWN	at	107887  
108488	[601]	:	Respose to catch Q at trial 8: 107.893000
108488	[0]	:	RT and choice to catch Q at trial 8: 1.405000, 28
108513	[25]	:	Fixation at trial 9: 108.493000
109035	[522]	:	Object at trial 9: 109.015000
112558	[3523]	:	Fixation at trial 9: 112.538000
113079	[521]	:	Catch Stim at trial 9: 113.059000
116604	[3525]	:	Catch Q at trial 9: 113.059000
118062	[1458]	:	Key	30	DOWN	at	118062  
118584	[522]	:	Respose to catch Q at trial 9: 118.068000
118584	[0]	:	RT and choice to catch Q at trial 9: 1.484000, 30
118609	[25]	:	Fixation at trial 10: 118.589000
119131	[522]	:	Object at trial 10: 119.111000
122654	[3523]	:	Fixation at trial 10: 122.634000
123176	[522]	:	Catch Stim at trial 10: 123.156000
126701	[3525]	:	Catch Q at trial 10: 123.156000
128725	[2024]	:	Respose to catch Q at trial 10: 128.205000
128726	[1]	:	RT and choice to catch Q at trial 10: 1.524000, 0
128751	[25]	:	Fixation at trial 11: 128.731000
129273	[522]	:	Object at trial 11: 129.253000
132795	[3522]	:	Fixation at trial 11: 132.775000
133318	[523]	:	Catch Stim at trial 11: 133.298000
136845	[3527]	:	Catch Q at trial 11: 133.298000
138268	[1423]	:	Key	30	DOWN	at	138268  
138825	[557]	:	Respose to catch Q at trial 11: 138.274000
138825	[0]	:	RT and choice to catch Q at trial 11: 1.449000, 30
138849	[24]	:	Fixation at trial 12: 138.829000
139372	[523]	:	Object at trial 12: 139.352000
142895	[3523]	:	Fixation at trial 12: 142.875000
143416	[521]	:	Catch Stim at trial 12: 143.396000
146941	[3525]	:	Catch Q at trial 12: 143.396000
147914	[973]	:	Key	30	DOWN	at	147914  
148921	[1007]	:	Respose to catch Q at trial 12: 147.920000
148921	[0]	:	RT and choice to catch Q at trial 12: 0.999000, 30
148946	[25]	:	Fixation at trial 13: 148.926000
149468	[522]	:	Object at trial 13: 149.448000
152991	[3523]	:	Fixation at trial 13: 152.971000
153512	[521]	:	Catch Stim at trial 13: 153.492000
157037	[3525]	:	Catch Q at trial 13: 153.492000
158485	[1448]	:	Key	28	DOWN	at	158485  
159017	[532]	:	Respose to catch Q at trial 13: 158.491000
159017	[0]	:	RT and choice to catch Q at trial 13: 1.474000, 28
159042	[25]	:	Fixation at trial 14: 159.022000
159564	[522]	:	Object at trial 14: 159.544000
163087	[3523]	:	Fixation at trial 14: 163.067000
163608	[521]	:	Catch Stim at trial 14: 163.588000
167133	[3525]	:	Catch Q at trial 14: 163.588000
167785	[652]	:	Key	30	DOWN	at	167785  
169113	[1328]	:	Respose to catch Q at trial 14: 167.790000
169113	[0]	:	RT and choice to catch Q at trial 14: 0.677000, 30
169138	[25]	:	Fixation at trial 15: 169.118000
169660	[522]	:	Object at trial 15: 169.640000
173183	[3523]	:	Fixation at trial 15: 173.163000
173704	[521]	:	Catch Stim at trial 15: 173.684000
177229	[3525]	:	Catch Q at trial 15: 173.684000
177851	[622]	:	Key	30	DOWN	at	177851  
179209	[1358]	:	Respose to catch Q at trial 15: 177.856000
179209	[0]	:	RT and choice to catch Q at trial 15: 0.647000, 30
179234	[25]	:	Fixation at trial 16: 179.214000
179756	[522]	:	Object at trial 16: 179.736000
183279	[3523]	:	Fixation at trial 16: 183.259000
183800	[521]	:	Catch Stim at trial 16: 183.780000
187325	[3525]	:	Catch Q at trial 16: 183.780000
187821	[496]	:	Key	30	DOWN	at	187821  
189305	[1484]	:	Respose to catch Q at trial 16: 187.826000
189306	[1]	:	RT and choice to catch Q at trial 16: 0.521000, 30
189330	[24]	:	Fixation at trial 17: 189.310000
189852	[522]	:	Object at trial 17: 189.832000
193375	[3523]	:	Fixation at trial 17: 193.355000
193896	[521]	:	Catch Stim at trial 17: 193.876000
197421	[3525]	:	Catch Q at trial 17: 193.876000
198057	[636]	:	Key	30	DOWN	at	198057  
199401	[1344]	:	Respose to catch Q at trial 17: 198.062000
199402	[1]	:	RT and choice to catch Q at trial 17: 0.661000, 30
199428	[26]	:	Fixation at trial 18: 199.408000
199950	[522]	:	Object at trial 18: 199.930000
203473	[3523]	:	Fixation at trial 18: 203.453000
203994	[521]	:	Catch Stim at trial 18: 203.974000
207519	[3525]	:	Catch Q at trial 18: 203.974000
208023	[504]	:	Key	30	DOWN	at	208023  
209499	[1476]	:	Respose to catch Q at trial 18: 208.029000
209500	[1]	:	RT and choice to catch Q at trial 18: 0.530000, 30
209524	[24]	:	Fixation at trial 19: 209.504000
210046	[522]	:	Object at trial 19: 210.026000
213569	[3523]	:	Fixation at trial 19: 213.549000
214091	[522]	:	Catch Stim at trial 19: 214.071000
217616	[3525]	:	Catch Q at trial 19: 214.071000
218854	[1238]	:	Key	28	DOWN	at	218854  
219596	[742]	:	Respose to catch Q at trial 19: 218.860000
219596	[0]	:	RT and choice to catch Q at trial 19: 1.264000, 28
219621	[25]	:	Fixation at trial 20: 219.601000
220143	[522]	:	Object at trial 20: 220.123000
223666	[3523]	:	Fixation at trial 20: 223.646000
224187	[521]	:	Catch Stim at trial 20: 224.167000
227712	[3525]	:	Catch Q at trial 20: 224.167000
228300	[588]	:	Key	30	DOWN	at	228300  
229692	[1392]	:	Respose to catch Q at trial 20: 228.305000
229692	[0]	:	RT and choice to catch Q at trial 20: 0.613000, 30
229717	[25]	:	Fixation at trial 21: 229.697000
230240	[523]	:	Object at trial 21: 230.220000
233763	[3523]	:	Fixation at trial 21: 233.743000
234284	[521]	:	Catch Stim at trial 21: 234.264000
237809	[3525]	:	Catch Q at trial 21: 234.264000
238375	[566]	:	Key	30	DOWN	at	238375  
239789	[1414]	:	Respose to catch Q at trial 21: 238.381000
239789	[0]	:	RT and choice to catch Q at trial 21: 0.592000, 30
239814	[25]	:	Fixation at trial 22: 239.794000
240336	[522]	:	Object at trial 22: 240.316000
243859	[3523]	:	Fixation at trial 22: 243.839000
244380	[521]	:	Catch Stim at trial 22: 244.360000
247905	[3525]	:	Catch Q at trial 22: 244.360000
248671	[766]	:	Key	30	DOWN	at	248671  
249885	[1214]	:	Respose to catch Q at trial 22: 248.676000
249885	[0]	:	RT and choice to catch Q at trial 22: 0.791000, 30
249910	[25]	:	Fixation at trial 23: 249.890000
250432	[522]	:	Object at trial 23: 250.412000
253955	[3523]	:	Fixation at trial 23: 253.935000
254476	[521]	:	Catch Stim at trial 23: 254.456000
258002	[3526]	:	Catch Q at trial 23: 254.456000
260026	[2024]	:	Respose to catch Q at trial 23: 259.506000
260026	[0]	:	RT and choice to catch Q at trial 23: 1.524000, 0
260051	[25]	:	Fixation at trial 24: 260.031000
260574	[523]	:	Object at trial 24: 260.553000
264096	[3522]	:	Fixation at trial 24: 264.076000
264619	[523]	:	Catch Stim at trial 24: 264.599000
268145	[3526]	:	Catch Q at trial 24: 264.599000
268567	[422]	:	Key	30	DOWN	at	268567  
270125	[1558]	:	Respose to catch Q at trial 24: 268.572000
270125	[0]	:	RT and choice to catch Q at trial 24: 0.447000, 30
270150	[25]	:	Fixation at trial 25: 270.130000
270672	[522]	:	Object at trial 25: 270.652000
274195	[3523]	:	Fixation at trial 25: 274.175000
274716	[521]	:	Catch Stim at trial 25: 274.696000
278241	[3525]	:	Catch Q at trial 25: 274.696000
280265	[2024]	:	Respose to catch Q at trial 25: 279.745000
280266	[1]	:	RT and choice to catch Q at trial 25: 1.524000, 0
280290	[24]	:	Fixation at trial 26: 280.270000
280812	[522]	:	Object at trial 26: 280.792000
284335	[3523]	:	Fixation at trial 26: 284.315000
284858	[523]	:	Catch Stim at trial 26: 284.838000
288383	[3525]	:	Catch Q at trial 26: 284.838000
289358	[975]	:	Key	30	DOWN	at	289358  
290363	[1005]	:	Respose to catch Q at trial 26: 289.364000
290363	[0]	:	RT and choice to catch Q at trial 26: 1.001000, 30
290389	[26]	:	Fixation at trial 27: 290.368000
290911	[522]	:	Object at trial 27: 290.891000
294434	[3523]	:	Fixation at trial 27: 294.414000
294955	[521]	:	Catch Stim at trial 27: 294.935000
298480	[3525]	:	Catch Q at trial 27: 294.935000
299604	[1124]	:	Key	28	DOWN	at	299604  
300460	[856]	:	Respose to catch Q at trial 27: 299.610000
300460	[0]	:	RT and choice to catch Q at trial 27: 1.150000, 28
300485	[25]	:	Fixation at trial 28: 300.465000
301007	[522]	:	Object at trial 28: 300.987000
304530	[3523]	:	Fixation at trial 28: 304.510000
305051	[521]	:	Catch Stim at trial 28: 305.031000
308576	[3525]	:	Catch Q at trial 28: 305.031000
309634	[1058]	:	Key	30	DOWN	at	309634  
310556	[922]	:	Respose to catch Q at trial 28: 309.640000
310556	[0]	:	RT and choice to catch Q at trial 28: 1.084000, 30
310581	[25]	:	Fixation at trial 29: 310.561000
311103	[522]	:	Object at trial 29: 311.083000
314626	[3523]	:	Fixation at trial 29: 314.606000
315147	[521]	:	Catch Stim at trial 29: 315.127000
318672	[3525]	:	Catch Q at trial 29: 315.127000
320055	[1383]	:	Key	28	DOWN	at	320055  
320652	[597]	:	Respose to catch Q at trial 29: 320.061000
320652	[0]	:	RT and choice to catch Q at trial 29: 1.409000, 28
320678	[26]	:	Fixation at trial 30: 320.658000
321200	[522]	:	Object at trial 30: 321.180000
324723	[3523]	:	Fixation at trial 30: 324.703000
325244	[521]	:	Catch Stim at trial 30: 325.224000
328769	[3525]	:	Catch Q at trial 30: 325.224000
330055	[1286]	:	Key	28	DOWN	at	330055  
330749	[694]	:	Respose to catch Q at trial 30: 330.061000
330749	[0]	:	RT and choice to catch Q at trial 30: 1.312000, 28
330774	[25]	:	Fixation at trial 31: 330.754000
331296	[522]	:	Object at trial 31: 331.276000
334819	[3523]	:	Fixation at trial 31: 334.799000
335340	[521]	:	Catch Stim at trial 31: 335.320000
338865	[3525]	:	Catch Q at trial 31: 335.320000
340246	[1381]	:	Key	30	DOWN	at	340246  
340845	[599]	:	Respose to catch Q at trial 31: 340.252000
340845	[0]	:	RT and choice to catch Q at trial 31: 1.407000, 30
340870	[25]	:	Fixation at trial 32: 340.850000
341392	[522]	:	Object at trial 32: 341.372000
344915	[3523]	:	Fixation at trial 32: 344.895000
345436	[521]	:	Catch Stim at trial 32: 345.416000
348961	[3525]	:	Catch Q at trial 32: 345.416000
350985	[2024]	:	Respose to catch Q at trial 32: 350.465000
350986	[1]	:	RT and choice to catch Q at trial 32: 1.524000, 0
351010	[24]	:	Fixation at trial 33: 350.990000
351532	[522]	:	Object at trial 33: 351.512000
355055	[3523]	:	Fixation at trial 33: 355.035000
355577	[522]	:	Catch Stim at trial 33: 355.557000
359103	[3526]	:	Catch Q at trial 33: 355.557000
361127	[2024]	:	Respose to catch Q at trial 33: 360.607000
361128	[1]	:	RT and choice to catch Q at trial 33: 1.524000, 0
361152	[24]	:	Fixation at trial 34: 361.132000
361674	[522]	:	Object at trial 34: 361.654000
365197	[3523]	:	Fixation at trial 34: 365.177000
365720	[523]	:	Catch Stim at trial 34: 365.700000
369247	[3527]	:	Catch Q at trial 34: 365.700000
370393	[1146]	:	Key	28	DOWN	at	370393  
371227	[834]	:	Respose to catch Q at trial 34: 370.399000
371227	[0]	:	RT and choice to catch Q at trial 34: 1.172000, 28
371252	[25]	:	Fixation at trial 35: 371.232000
371774	[522]	:	Object at trial 35: 371.754000
375297	[3523]	:	Fixation at trial 35: 375.277000
375818	[521]	:	Catch Stim at trial 35: 375.798000
379343	[3525]	:	Catch Q at trial 35: 375.798000
380273	[930]	:	Key	28	DOWN	at	380273  
381323	[1050]	:	Respose to catch Q at trial 35: 380.279000
381323	[0]	:	RT and choice to catch Q at trial 35: 0.956000, 28
381348	[25]	:	Fixation at trial 36: 381.328000
381870	[522]	:	Object at trial 36: 381.850000
385393	[3523]	:	Fixation at trial 36: 385.373000
385914	[521]	:	Catch Stim at trial 36: 385.894000
389439	[3525]	:	Catch Q at trial 36: 385.894000
391463	[2024]	:	Respose to catch Q at trial 36: 390.943000
391464	[1]	:	RT and choice to catch Q at trial 36: 1.524000, 0
391488	[24]	:	Fixation at trial 37: 391.468000
392010	[522]	:	Object at trial 37: 391.990000
395533	[3523]	:	Fixation at trial 37: 395.513000
396055	[522]	:	Catch Stim at trial 37: 396.035000
399582	[3527]	:	Catch Q at trial 37: 396.035000
400469	[887]	:	Key	30	DOWN	at	400469  
401562	[1093]	:	Respose to catch Q at trial 37: 400.475000
401562	[0]	:	RT and choice to catch Q at trial 37: 0.913000, 30
401587	[25]	:	Fixation at trial 38: 401.567000
402109	[522]	:	Object at trial 38: 402.089000
405632	[3523]	:	Fixation at trial 38: 405.612000
406153	[521]	:	Catch Stim at trial 38: 406.133000
409678	[3525]	:	Catch Q at trial 38: 406.133000
410235	[557]	:	Key	30	DOWN	at	410235  
411658	[1423]	:	Respose to catch Q at trial 38: 410.240000
411658	[0]	:	RT and choice to catch Q at trial 38: 0.582000, 30
411683	[25]	:	Fixation at trial 39: 411.663000
412205	[522]	:	Object at trial 39: 412.185000
415728	[3523]	:	Fixation at trial 39: 415.708000
416249	[521]	:	Catch Stim at trial 39: 416.229000
419774	[3525]	:	Catch Q at trial 39: 416.229000
420711	[937]	:	Key	28	DOWN	at	420711  
421754	[1043]	:	Respose to catch Q at trial 39: 420.717000
421754	[0]	:	RT and choice to catch Q at trial 39: 0.963000, 28
421779	[25]	:	Fixation at trial 40: 421.759000
422301	[522]	:	Object at trial 40: 422.281000
425824	[3523]	:	Fixation at trial 40: 425.804000
426347	[523]	:	Catch Stim at trial 40: 426.327000
429872	[3525]	:	Catch Q at trial 40: 426.327000
430946	[1074]	:	Key	28	DOWN	at	430946  
431852	[906]	:	Respose to catch Q at trial 40: 430.952000
431852	[0]	:	RT and choice to catch Q at trial 40: 1.100000, 28
431877	[25]	:	Fixation at trial 41: 431.857000
432399	[522]	:	Object at trial 41: 432.379000
435922	[3523]	:	Fixation at trial 41: 435.902000
436443	[521]	:	Catch Stim at trial 41: 436.423000
439968	[3525]	:	Catch Q at trial 41: 436.423000
440842	[874]	:	Key	28	DOWN	at	440842  
441948	[1106]	:	Respose to catch Q at trial 41: 440.848000
441948	[0]	:	RT and choice to catch Q at trial 41: 0.900