Cog2000 log file Fri Nov 15 12:42:10 2019
gprim v1.29 Compiled:Feb  1 2010 (GLib DirectDraw v7 DX10.0 Compiled:Feb  1 2010)
Display:1024x768x32 59.84Hz
CogInput v1.05 Compiled: May 20 2010
0	[0]	:	COGENT START
1421	[1421]	:	Key	30	DOWN	at	1421    
1586	[165]	:	Key	30	UP	at	1586    
2161	[575]	:	Key	28	DOWN	at	2161    
2341	[180]	:	Key	28	UP	at	2341    
22467	[20126]	:	Key	71	DOWN	at	22467   
22536	[69]	:	Fixation at trial 1: 22.514000
23152	[616]	:	Object at trial 1: 23.132000
26685	[3533]	:	Fixation at trial 1: 26.664000
27225	[540]	:	Catch Stim at trial 1: 27.204000
30775	[3550]	:	Catch Q at trial 1: 27.204000
31583	[808]	:	Key	28	DOWN	at	31583   
32759	[1176]	:	Respose to catch Q at trial 1: 31.598000
32759	[0]	:	RT and choice to catch Q at trial 1: 0.843000, 28
32815	[56]	:	Fixation at trial 2: 32.795000
33340	[525]	:	Object at trial 2: 33.320000
36863	[3523]	:	Fixation at trial 2: 36.843000
37391	[528]	:	Catch Stim at trial 2: 37.370000
40918	[3527]	:	Catch Q at trial 2: 37.370000
41483	[565]	:	Key	30	DOWN	at	41483   
42900	[1417]	:	Respose to catch Q at trial 2: 41.492000
42901	[1]	:	RT and choice to catch Q at trial 2: 0.594000, 30
42952	[51]	:	Fixation at trial 3: 42.932000
43475	[523]	:	Object at trial 3: 43.455000
46998	[3523]	:	Fixation at trial 3: 46.978000
47521	[523]	:	Catch Stim at trial 3: 47.501000
51047	[3526]	:	Catch Q at trial 3: 47.501000
52039	[992]	:	Key	30	DOWN	at	52039   
53027	[988]	:	Respose to catch Q at trial 3: 52.046000
53027	[0]	:	RT and choice to catch Q at trial 3: 1.019000, 30
53071	[44]	:	Fixation at trial 4: 53.051000
53594	[523]	:	Object at trial 4: 53.574000
57117	[3523]	:	Fixation at trial 4: 57.097000
57643	[526]	:	Catch Stim at trial 4: 57.623000
61168	[3525]	:	Catch Q at trial 4: 57.623000
62119	[951]	:	Key	30	DOWN	at	62119   
63148	[1029]	:	Respose to catch Q at trial 4: 62.126000
63149	[1]	:	RT and choice to catch Q at trial 4: 0.978000, 30
63175	[26]	:	Fixation at trial 5: 63.155000
63698	[523]	:	Object at trial 5: 63.678000
67221	[3523]	:	Fixation at trial 5: 67.201000
67746	[525]	:	Catch Stim at trial 5: 67.726000
71271	[3525]	:	Catch Q at trial 5: 67.726000
71960	[689]	:	Key	30	DOWN	at	71960   
73251	[1291]	:	Respose to catch Q at trial 5: 71.967000
73251	[0]	:	RT and choice to catch Q at trial 5: 0.716000, 30
73279	[28]	:	Fixation at trial 6: 73.259000
73802	[523]	:	Object at trial 6: 73.782000
77325	[3523]	:	Fixation at trial 6: 77.305000
77847	[522]	:	Catch Stim at trial 6: 77.827000
81372	[3525]	:	Catch Q at trial 6: 77.827000
82506	[1134]	:	Key	28	DOWN	at	82506   
83353	[847]	:	Respose to catch Q at trial 6: 82.512000
83354	[1]	:	RT and choice to catch Q at trial 6: 1.160000, 28
83380	[26]	:	Fixation at trial 7: 83.360000
83903	[523]	:	Object at trial 7: 83.883000
87426	[3523]	:	Fixation at trial 7: 87.406000
87949	[523]	:	Catch Stim at trial 7: 87.929000
91476	[3527]	:	Catch Q at trial 7: 87.929000
92526	[1050]	:	Key	28	DOWN	at	92526   
93456	[930]	:	Respose to catch Q at trial 7: 92.533000
93457	[1]	:	RT and choice to catch Q at trial 7: 1.077000, 28
93482	[25]	:	Fixation at trial 8: 93.462000
94005	[523]	:	Object at trial 8: 93.985000
97528	[3523]	:	Fixation at trial 8: 97.508000
98051	[523]	:	Catch Stim at trial 8: 98.031000
101576	[3525]	:	Catch Q at trial 8: 98.031000
102857	[1281]	:	Key	28	DOWN	at	102857  
103556	[699]	:	Respose to catch Q at trial 8: 102.863000
103557	[1]	:	RT and choice to catch Q at trial 8: 1.307000, 28
103582	[25]	:	Fixation at trial 9: 103.562000
104106	[524]	:	Object at trial 9: 104.086000
107629	[3523]	:	Fixation at trial 9: 107.609000
108152	[523]	:	Catch Stim at trial 9: 108.132000
111677	[3525]	:	Catch Q at trial 9: 108.132000
112729	[1052]	:	Key	28	DOWN	at	112729  
113657	[928]	:	Respose to catch Q at trial 9: 112.735000
113658	[1]	:	RT and choice to catch Q at trial 9: 1.078000, 28
113683	[25]	:	Fixation at trial 10: 113.663000
114205	[522]	:	Object at trial 10: 114.185000
117728	[3523]	:	Fixation at trial 10: 117.708000
118251	[523]	:	Catch Stim at trial 10: 118.231000
121776	[3525]	:	Catch Q at trial 10: 118.231000
122835	[1059]	:	Key	28	DOWN	at	122835  
123756	[921]	:	Respose to catch Q at trial 10: 122.841000
123757	[1]	:	RT and choice to catch Q at trial 10: 1.085000, 28
123782	[25]	:	Fixation at trial 11: 123.762000
124305	[523]	:	Object at trial 11: 124.285000
127828	[3523]	:	Fixation at trial 11: 127.808000
128350	[522]	:	Catch Stim at trial 11: 128.330000
131875	[3525]	:	Catch Q at trial 11: 128.330000
132570	[695]	:	Key	28	DOWN	at	132570  
133855	[1285]	:	Respose to catch Q at trial 11: 132.576000
133855	[0]	:	RT and choice to catch Q at trial 11: 0.721000, 28
133880	[25]	:	Fixation at trial 12: 133.860000
134402	[522]	:	Object at trial 12: 134.382000
137925	[3523]	:	Fixation at trial 12: 137.905000
138447	[522]	:	Catch Stim at trial 12: 138.427000
141972	[3525]	:	Catch Q at trial 12: 138.427000
142991	[1019]	:	Key	28	DOWN	at	142991  
143952	[961]	:	Respose to catch Q at trial 12: 142.997000
143952	[0]	:	RT and choice to catch Q at trial 12: 1.045000, 28
143977	[25]	:	Fixation at trial 13: 143.957000
144499	[522]	:	Object at trial 13: 144.479000
148022	[3523]	:	Fixation at trial 13: 148.002000
148544	[522]	:	Catch Stim at trial 13: 148.524000
152069	[3525]	:	Catch Q at trial 13: 148.524000
153217	[1148]	:	Key	28	DOWN	at	153217  
154049	[832]	:	Respose to catch Q at trial 13: 153.223000
154050	[1]	:	RT and choice to catch Q at trial 13: 1.174000, 28
154074	[24]	:	Fixation at trial 14: 154.054000
154596	[522]	:	Object at trial 14: 154.576000
158119	[3523]	:	Fixation at trial 14: 158.099000
158641	[522]	:	Catch Stim at trial 14: 158.621000
162166	[3525]	:	Catch Q at trial 14: 158.621000
163272	[1106]	:	Key	28	DOWN	at	163272  
164146	[874]	:	Respose to catch Q at trial 14: 163.278000
164147	[1]	:	RT and choice to catch Q at trial 14: 1.132000, 28
164171	[24]	:	Fixation at trial 15: 164.151000
164693	[522]	:	Object at trial 15: 164.673000
168216	[3523]	:	Fixation at trial 15: 168.196000
168737	[521]	:	Catch Stim at trial 15: 168.717000
172262	[3525]	:	Catch Q at trial 15: 168.717000
173008	[746]	:	Key	30	DOWN	at	173008  
174242	[1234]	:	Respose to catch Q at trial 15: 173.013000
174243	[1]	:	RT and choice to catch Q at trial 15: 0.771000, 30
174268	[25]	:	Fixation at trial 16: 174.248000
174790	[522]	:	Object at trial 16: 174.770000
178313	[3523]	:	Fixation at trial 16: 178.293000
178834	[521]	:	Catch Stim at trial 16: 178.814000
182359	[3525]	:	Catch Q at trial 16: 178.814000
183218	[859]	:	Key	30	DOWN	at	183218  
184339	[1121]	:	Respose to catch Q at trial 16: 183.224000
184340	[1]	:	RT and choice to catch Q at trial 16: 0.885000, 30
184364	[24]	:	Fixation at trial 17: 184.344000
184886	[522]	:	Object at trial 17: 184.866000
188409	[3523]	:	Fixation at trial 17: 188.389000
188930	[521]	:	Catch Stim at trial 17: 188.910000
192455	[3525]	:	Catch Q at trial 17: 188.910000
193689	[1234]	:	Key	28	DOWN	at	193689  
194435	[746]	:	Respose to catch Q at trial 17: 193.695000
194436	[1]	:	RT and choice to catch Q at trial 17: 1.260000, 28
194460	[24]	:	Fixation at trial 18: 194.440000
194982	[522]	:	Object at trial 18: 194.962000
198505	[3523]	:	Fixation at trial 18: 198.485000
199026	[521]	:	Catch Stim at trial 18: 199.006000
202551	[3525]	:	Catch Q at trial 18: 199.006000
203914	[1363]	:	Key	28	DOWN	at	203914  
204531	[617]	:	Respose to catch Q at trial 18: 203.920000
204531	[0]	:	RT and choice to catch Q at trial 18: 1.389000, 28
204556	[25]	:	Fixation at trial 19: 204.536000
205078	[522]	:	Object at trial 19: 205.058000
208601	[3523]	:	Fixation at trial 19: 208.581000
209125	[524]	:	Catch Stim at trial 19: 209.105000
212650	[3525]	:	Catch Q at trial 19: 209.105000
214035	[1385]	:	Key	28	DOWN	at	214035  
214630	[595]	:	Respose to catch Q at trial 19: 214.041000
214630	[0]	:	RT and choice to catch Q at trial 19: 1.411000, 28
214655	[25]	:	Fixation at trial 20: 214.635000
215177	[522]	:	Object at trial 20: 215.157000
218700	[3523]	:	Fixation at trial 20: 218.680000
219221	[521]	:	Catch Stim at trial 20: 219.201000
222746	[3525]	:	Catch Q at trial 20: 219.201000
223741	[995]	:	Key	30	DOWN	at	223741  
224726	[985]	:	Respose to catch Q at trial 20: 223.747000
224727	[1]	:	RT and choice to catch Q at trial 20: 1.021000, 30
224751	[24]	:	Fixation at trial 21: 224.731000
225273	[522]	:	Object at trial 21: 225.253000
228796	[3523]	:	Fixation at trial 21: 228.776000
229318	[522]	:	Catch Stim at trial 21: 229.298000
232845	[3527]	:	Catch Q at trial 21: 229.298000
234151	[1306]	:	Key	28	DOWN	at	234151  
234825	[674]	:	Respose to catch Q at trial 21: 234.158000
234825	[0]	:	RT and choice to catch Q at trial 21: 1.333000, 28
234850	[25]	:	Fixation at trial 22: 234.830000
235373	[523]	:	Object at trial 22: 235.353000
238896	[3523]	:	Fixation at trial 22: 238.876000
239417	[521]	:	Catch Stim at trial 22: 239.397000
242942	[3525]	:	Catch Q at trial 22: 239.397000
243792	[850]	:	Key	30	DOWN	at	243792  
244922	[1130]	:	Respose to catch Q at trial 22: 243.798000
244922	[0]	:	RT and choice to catch Q at trial 22: 0.876000, 30
244947	[25]	:	Fixation at trial 23: 244.927000
245469	[522]	:	Object at trial 23: 245.449000
248992	[3523]	:	Fixation at trial 23: 248.972000
249513	[521]	:	Catch Stim at trial 23: 249.493000
253038	[3525]	:	Catch Q at trial 23: 249.493000
253787	[749]	:	Key	30	DOWN	at	253787  
255018	[1231]	:	Respose to catch Q at trial 23: 253.793000
255018	[0]	:	RT and choice to catch Q at trial 23: 0.775000, 30
255043	[25]	:	Fixation at trial 24: 255.023000
255565	[522]	:	Object at trial 24: 255.545000
259087	[3522]	:	Fixation at trial 24: 259.068000
259610	[523]	:	Catch Stim at trial 24: 259.589000
263135	[3525]	:	Catch Q at trial 24: 259.589000
264628	[1493]	:	Key	28	DOWN	at	264628  
265115	[487]	:	Respose to catch Q at trial 24: 264.634000
265115	[0]	:	RT and choice to catch Q at trial 24: 1.519000, 28
265140	[25]	:	Fixation at trial 25: 265.120000
265662	[522]	:	Object at trial 25: 265.642000
269185	[3523]	:	Fixation at trial 25: 269.165000
269707	[522]	:	Catch Stim at trial 25: 269.687000
273232	[3525]	:	Catch Q at trial 25: 269.687000
274134	[902]	:	Key	28	DOWN	at	274134  
275212	[1078]	:	Respose to catch Q at trial 25: 274.140000
275212	[0]	:	RT and choice to catch Q at trial 25: 0.928000, 28
275237	[25]	:	Fixation at trial 26: 275.217000
275760	[523]	:	Object at trial 26: 275.740000
279284	[3524]	:	Fixation at trial 26: 279.264000
279806	[522]	:	Catch Stim at trial 26: 279.786000
283331	[3525]	:	Catch Q at trial 26: 279.786000
284334	[1003]	:	Key	28	DOWN	at	284334  
285311	[977]	:	Respose to catch Q at trial 26: 284.339000
285311	[0]	:	RT and choice to catch Q at trial 26: 1.028000, 28
285336	[25]	:	Fixation at trial 27: 285.316000
285858	[522]	:	Object at trial 27: 285.838000
289381	[3523]	:	Fixation at trial 27: 289.361000
289903	[522]	:	Catch Stim at trial 27: 289.883000
293428	[3525]	:	Catch Q at trial 27: 289.883000
294730	[1302]	:	Key	28	DOWN	at	294730  
295408	[678]	:	Respose to catch Q at trial 27: 294.736000
295408	[0]	:	RT and choice to catch Q at trial 27: 1.328000, 28
295433	[25]	:	Fixation at trial 28: 295.413000
295956	[523]	:	Object at trial 28: 295.936000
299479	[3523]	:	Fixation at trial 28: 299.459000
300001	[522]	:	Catch Stim at trial 28: 299.981000
303526	[3525]	:	Catch Q at trial 28: 299.981000
304150	[624]	:	Key	30	DOWN	at	304150  
305506	[1356]	:	Respose to catch Q at trial 28: 304.155000
305506	[0]	:	RT and choice to catch Q at trial 28: 0.649000, 30
305531	[25]	:	Fixation at trial 29: 305.511000
306053	[522]	:	Object at trial 29: 306.033000
309576	[3523]	:	Fixation at trial 29: 309.556000
310098	[522]	:	Catch Stim at trial 29: 310.078000
313623	[3525]	:	Catch Q at trial 29: 310.078000
315656	[2033]	:	Respose to catch Q at trial 29: 315.134000
315657	[1]	:	RT and choice to catch Q at trial 29: 1.531000, 0
315691	[34]	:	Fixation at trial 30: 315.671000
316213	[522]	:	Object at trial 30: 316.193000
319736	[3523]	:	Fixation at trial 30: 319.716000
320262	[526]	:	Catch Stim at trial 30: 320.242000
323789	[3527]	:	Catch Q at trial 30: 320.242000
324516	[727]	:	Key	30	DOWN	at	324516  
325769	[1253]	:	Respose to catch Q at trial 30: 324.523000
325769	[0]	:	RT and choice to catch Q at trial 30: 0.754000, 30
325794	[25]	:	Fixation at trial 31: 325.774000
326317	[523]	:	Object at trial 31: 326.297000
329840	[3523]	:	Fixation at trial 31: 329.820000
330362	[522]	:	Catch Stim at trial 31: 330.342000
333888	[3526]	:	Catch Q at trial 31: 330.342000
334427	[539]	:	Key	30	DOWN	at	334427  
335868	[1441]	:	Respose to catch Q at trial 31: 334.433000
335868	[0]	:	RT and choice to catch Q at trial 31: 0.565000, 30
335893	[25]	:	Fixation at trial 32: 335.873000
336415	[522]	:	Object at trial 32: 336.395000
339938	[3523]	:	Fixation at trial 32: 339.918000
340459	[521]	:	Catch Stim at trial 32: 340.439000
343985	[3526]	:	Catch Q at trial 32: 340.439000
344478	[493]	:	Key	30	DOWN	at	344478  
345965	[1487]	:	Respose to catch Q at trial 32: 344.484000
345965	[0]	:	RT and choice to catch Q at trial 32: 0.519000, 30
345990	[25]	:	Fixation at trial 33: 345.970000
346512	[522]	:	Object at trial 33: 346.492000
350035	[3523]	:	Fixation at trial 33: 350.015000
350557	[522]	:	Catch Stim at trial 33: 350.537000
354083	[3526]	:	Catch Q at trial 33: 350.537000
355223	[1140]	:	Key	30	DOWN	at	355223  
356063	[840]	:	Respose to catch Q at trial 33: 355.229000
356064	[1]	:	RT and choice to catch Q at trial 33: 1.166000, 30
356088	[24]	:	Fixation at trial 34: 356.068000
356610	[522]	:	Object at trial 34: 356.590000
360133	[3523]	:	Fixation at trial 34: 360.113000
360654	[521]	:	Catch Stim at trial 34: 360.634000
364179	[3525]	:	Catch Q at trial 34: 360.634000
364909	[730]	:	Key	30	DOWN	at	364909  
366159	[1250]	:	Respose to catch Q at trial 34: 364.915000
366160	[1]	:	RT and choice to catch Q at trial 34: 0.756000, 30
366184	[24]	:	Fixation at trial 35: 366.164000
366706	[522]	:	Object at trial 35: 366.686000
370229	[3523]	:	Fixation at trial 35: 370.209000
370751	[522]	:	Catch Stim at trial 35: 370.731000
374277	[3526]	:	Catch Q at trial 35: 370.731000
375134	[857]	:	Key	28	DOWN	at	375134  
376257	[1123]	:	Respose to catch Q at trial 35: 375.140000
376257	[0]	:	RT and choice to catch Q at trial 35: 0.883000, 28
376282	[25]	:	Fixation at trial 36: 376.262000
376804	[522]	:	Object at trial 36: 376.784000
380327	[3523]	:	Fixation at trial 36: 380.307000
380849	[522]	:	Catch Stim at trial 36: 380.829000
384374	[3525]	:	Catch Q at trial 36: 380.829000
385610	[1236]	:	Key	28	DOWN	at	385610  
386354	[744]	:	Respose to catch Q at trial 36: 385.616000
386354	[0]	:	RT and choice to catch Q at trial 36: 1.262000, 28
386379	[25]	:	Fixation at trial 37: 386.359000
386901	[522]	:	Object at trial 37: 386.881000
390424	[3523]	:	Fixation at trial 37: 390.404000
390946	[522]	:	Catch Stim at trial 37: 390.926000
394471	[3525]	:	Catch Q at trial 37: 390.926000
395520	[1049]	:	Key	28	DOWN	at	395520  
396451	[931]	:	Respose to catch Q at trial 37: 395.526000
396451	[0]	:	RT and choice to catch Q at trial 37: 1.075000, 28
396476	[25]	:	Fixation at trial 38: 396.456000
396998	[522]	:	Object at trial 38: 396.978000
400521	[3523]	:	Fixation at trial 38: 400.501000
401043	[522]	:	Catch Stim at trial 38: 401.023000
404568	[3525]	:	Catch Q at trial 38: 401.023000
405676	[1108]	:	Key	28	DOWN	at	405676  
406548	[872]	:	Respose to catch Q at trial 38: 405.682000
406548	[0]	:	RT and choice to catch Q at trial 38: 1.134000, 28
406573	[25]	:	Fixation at trial 39: 406.553000
407095	[522]	:	Object at trial 39: 407.075000
410618	[3523]	:	Fixation at trial 39: 410.598000
411140	[522]	:	Catch Stim at trial 39: 411.120000
414665	[3525]	:	Catch Q at trial 39: 411.120000
415747	[1082]	:	Key	30	DOWN	at	415747  
416645	[898]	:	Respose to catch Q at trial 39: 415.753000
416645	[0]	:	RT and choice to catch Q at trial 39: 1.108000, 30
416670	[25]	:	Fixation at trial 40: 416.650000
417192	[522]	:	Object at trial 40: 417.172000
420715	[3523]	:	Fixation at trial 40: 420.695000
421237	[522]	:	Catch Stim at trial 40: 421.217000
424762	[3525]	:	Catch Q at trial 40: 421.217000
425897	[1135]	:	Key	30	DOWN	at	425897  
426742	[845]	:	Respose to catch Q at trial 40: 425.903000
426742	[0]	:	RT and choice to catch Q at trial 40: 1.161000, 30
426767	[25]	:	Fixation at trial 41: 426.747000
427289	[522]	:	Object at trial 41: 427.269000
430812	[3523]	:	Fixation at 