Cog2000 log file Fri Nov 15 13:26:18 2019
gprim v1.29 Compiled:Feb  1 2010 (GLib DirectDraw v7 DX10.0 Compiled:Feb  1 2010)
Display:1024x768x32 59.81Hz
CogInput v1.05 Compiled: May 20 2010
0	[0]	:	COGENT START
1271	[1271]	:	Key	30	DOWN	at	1271    
1421	[150]	:	Key	30	UP	at	1421    
1681	[260]	:	Key	28	DOWN	at	1681    
1896	[215]	:	Key	28	UP	at	1896    
19062	[17166]	:	Key	71	DOWN	at	19062   
19131	[69]	:	Fixation at trial 1: 19.109000
19667	[536]	:	Object at trial 1: 19.646000
23195	[3528]	:	Fixation at trial 1: 23.174000
23728	[533]	:	Catch Stim at trial 1: 23.706000
27262	[3534]	:	Catch Q at trial 1: 23.706000
28203	[941]	:	Key	28	DOWN	at	28203   
29245	[1042]	:	Respose to catch Q at trial 1: 28.214000
29247	[2]	:	RT and choice to catch Q at trial 1: 0.973000, 28
29297	[50]	:	Fixation at trial 2: 29.277000
29821	[524]	:	Object at trial 2: 29.801000
33344	[3523]	:	Fixation at trial 2: 33.324000
33869	[525]	:	Catch Stim at trial 2: 33.849000
37394	[3525]	:	Catch Q at trial 2: 33.849000
38063	[669]	:	Key	30	DOWN	at	38063   
39377	[1314]	:	Respose to catch Q at trial 2: 38.070000
39378	[1]	:	RT and choice to catch Q at trial 2: 0.696000, 30
39426	[48]	:	Fixation at trial 3: 39.406000
39948	[522]	:	Object at trial 3: 39.928000
43471	[3523]	:	Fixation at trial 3: 43.451000
43993	[522]	:	Catch Stim at trial 3: 43.973000
47519	[3526]	:	Catch Q at trial 3: 43.973000
48539	[1020]	:	Key	28	DOWN	at	48539   
49499	[960]	:	Respose to catch Q at trial 3: 48.545000
49500	[1]	:	RT and choice to catch Q at trial 3: 1.046000, 28
49539	[39]	:	Fixation at trial 4: 49.519000
50061	[522]	:	Object at trial 4: 50.041000
53584	[3523]	:	Fixation at trial 4: 53.564000
54106	[522]	:	Catch Stim at trial 4: 54.086000
57631	[3525]	:	Catch Q at trial 4: 54.086000
58365	[734]	:	Key	28	DOWN	at	58365   
59611	[1246]	:	Respose to catch Q at trial 4: 58.371000
59612	[1]	:	RT and choice to catch Q at trial 4: 0.760000, 28
59638	[26]	:	Fixation at trial 5: 59.618000
60161	[523]	:	Object at trial 5: 60.141000
63684	[3523]	:	Fixation at trial 5: 63.664000
64206	[522]	:	Catch Stim at trial 5: 64.186000
67731	[3525]	:	Catch Q at trial 5: 64.186000
68695	[964]	:	Key	28	DOWN	at	68695   
69711	[1016]	:	Respose to catch Q at trial 5: 68.701000
69711	[0]	:	RT and choice to catch Q at trial 5: 0.990000, 28
69739	[28]	:	Fixation at trial 6: 69.719000
70261	[522]	:	Object at trial 6: 70.241000
73784	[3523]	:	Fixation at trial 6: 73.764000
74306	[522]	:	Catch Stim at trial 6: 74.286000
77831	[3525]	:	Catch Q at trial 6: 74.286000
78371	[540]	:	Key	30	DOWN	at	78371   
79811	[1440]	:	Respose to catch Q at trial 6: 78.377000
79811	[0]	:	RT and choice to catch Q at trial 6: 0.566000, 30
79838	[27]	:	Fixation at trial 7: 79.818000
80360	[522]	:	Object at trial 7: 80.340000
83883	[3523]	:	Fixation at trial 7: 83.863000
84405	[522]	:	Catch Stim at trial 7: 84.385000
87930	[3525]	:	Catch Q at trial 7: 84.385000
88621	[691]	:	Key	28	DOWN	at	88621   
89910	[1289]	:	Respose to catch Q at trial 7: 88.626000
89911	[1]	:	RT and choice to catch Q at trial 7: 0.716000, 28
89936	[25]	:	Fixation at trial 8: 89.916000
90458	[522]	:	Object at trial 8: 90.438000
93981	[3523]	:	Fixation at trial 8: 93.961000
94503	[522]	:	Catch Stim at trial 8: 94.483000
98028	[3525]	:	Catch Q at trial 8: 94.483000
98837	[809]	:	Key	28	DOWN	at	98837   
100008	[1171]	:	Respose to catch Q at trial 8: 98.843000
100009	[1]	:	RT and choice to catch Q at trial 8: 0.835000, 28
100034	[25]	:	Fixation at trial 9: 100.014000
100556	[522]	:	Object at trial 9: 100.536000
104079	[3523]	:	Fixation at trial 9: 104.059000
104602	[523]	:	Catch Stim at trial 9: 104.582000
108127	[3525]	:	Catch Q at trial 9: 104.582000
108908	[781]	:	Key	30	DOWN	at	108908  
110107	[1199]	:	Respose to catch Q at trial 9: 108.914000
110108	[1]	:	RT and choice to catch Q at trial 9: 0.807000, 30
110133	[25]	:	Fixation at trial 10: 110.113000
110655	[522]	:	Object at trial 10: 110.635000
114178	[3523]	:	Fixation at trial 10: 114.158000
114701	[523]	:	Catch Stim at trial 10: 114.681000
118226	[3525]	:	Catch Q at trial 10: 114.681000
119188	[962]	:	Key	28	DOWN	at	119188  
120206	[1018]	:	Respose to catch Q at trial 10: 119.194000
120207	[1]	:	RT and choice to catch Q at trial 10: 0.988000, 28
120232	[25]	:	Fixation at trial 11: 120.212000
120754	[522]	:	Object at trial 11: 120.734000
124277	[3523]	:	Fixation at trial 11: 124.257000
124799	[522]	:	Catch Stim at trial 11: 124.779000
128324	[3525]	:	Catch Q at trial 11: 124.779000
128959	[635]	:	Key	28	DOWN	at	128959  
130304	[1345]	:	Respose to catch Q at trial 11: 128.965000
130304	[0]	:	RT and choice to catch Q at trial 11: 0.661000, 28
130329	[25]	:	Fixation at trial 12: 130.309000
130850	[521]	:	Object at trial 12: 130.831000
134372	[3522]	:	Fixation at trial 12: 134.352000
134894	[522]	:	Catch Stim at trial 12: 134.874000
138419	[3525]	:	Catch Q at trial 12: 134.874000
139544	[1125]	:	Key	28	DOWN	at	139544  
140399	[855]	:	Respose to catch Q at trial 12: 139.549000
140399	[0]	:	RT and choice to catch Q at trial 12: 1.150000, 28
140424	[25]	:	Fixation at trial 13: 140.404000
140946	[522]	:	Object at trial 13: 140.926000
144469	[3523]	:	Fixation at trial 13: 144.449000
144991	[522]	:	Catch Stim at trial 13: 144.971000
148516	[3525]	:	Catch Q at trial 13: 144.971000
148980	[464]	:	Key	30	DOWN	at	148980  
150496	[1516]	:	Respose to catch Q at trial 13: 148.985000
150497	[1]	:	RT and choice to catch Q at trial 13: 0.489000, 30
150521	[24]	:	Fixation at trial 14: 150.501000
151043	[522]	:	Object at trial 14: 151.023000
154566	[3523]	:	Fixation at trial 14: 154.546000
155088	[522]	:	Catch Stim at trial 14: 155.068000
158613	[3525]	:	Catch Q at trial 14: 155.068000
159225	[612]	:	Key	30	DOWN	at	159225  
160593	[1368]	:	Respose to catch Q at trial 14: 159.231000
160594	[1]	:	RT and choice to catch Q at trial 14: 0.638000, 30
160618	[24]	:	Fixation at trial 15: 160.598000
161140	[522]	:	Object at trial 15: 161.120000
164663	[3523]	:	Fixation at trial 15: 164.643000
165184	[521]	:	Catch Stim at trial 15: 165.164000
168709	[3525]	:	Catch Q at trial 15: 165.164000
169331	[622]	:	Key	28	DOWN	at	169331  
170689	[1358]	:	Respose to catch Q at trial 15: 169.336000
170690	[1]	:	RT and choice to catch Q at trial 15: 0.647000, 28
170714	[24]	:	Fixation at trial 16: 170.694000
171236	[522]	:	Object at trial 16: 171.216000
174759	[3523]	:	Fixation at trial 16: 174.739000
175281	[522]	:	Catch Stim at trial 16: 175.261000
178806	[3525]	:	Catch Q at trial 16: 175.261000
179457	[651]	:	Key	30	DOWN	at	179457  
180786	[1329]	:	Respose to catch Q at trial 16: 179.463000
180787	[1]	:	RT and choice to catch Q at trial 16: 0.677000, 30
180811	[24]	:	Fixation at trial 17: 180.791000
181333	[522]	:	Object at trial 17: 181.313000
184856	[3523]	:	Fixation at trial 17: 184.836000
185377	[521]	:	Catch Stim at trial 17: 185.357000
188902	[3525]	:	Catch Q at trial 17: 185.357000
190072	[1170]	:	Key	28	DOWN	at	190072  
190882	[810]	:	Respose to catch Q at trial 17: 190.078000
190882	[0]	:	RT and choice to catch Q at trial 17: 1.196000, 28
190907	[25]	:	Fixation at trial 18: 190.887000
191429	[522]	:	Object at trial 18: 191.409000
194952	[3523]	:	Fixation at trial 18: 194.932000
195473	[521]	:	Catch Stim at trial 18: 195.453000
198998	[3525]	:	Catch Q at trial 18: 195.453000
200008	[1010]	:	Key	28	DOWN	at	200008  
200978	[970]	:	Respose to catch Q at trial 18: 200.014000
200979	[1]	:	RT and choice to catch Q at trial 18: 1.036000, 28
201003	[24]	:	Fixation at trial 19: 200.983000
201525	[522]	:	Object at trial 19: 201.505000
205048	[3523]	:	Fixation at trial 19: 205.028000
205569	[521]	:	Catch Stim at trial 19: 205.549000
209094	[3525]	:	Catch Q at trial 19: 205.549000
209958	[864]	:	Key	30	DOWN	at	209958  
211074	[1116]	:	Respose to catch Q at trial 19: 209.964000
211074	[0]	:	RT and choice to catch Q at trial 19: 0.890000, 30
211099	[25]	:	Fixation at trial 20: 211.079000
211621	[522]	:	Object at trial 20: 211.601000
215144	[3523]	:	Fixation at trial 20: 215.124000
215665	[521]	:	Catch Stim at trial 20: 215.645000
219190	[3525]	:	Catch Q at trial 20: 215.645000
219704	[514]	:	Key	30	DOWN	at	219704  
221170	[1466]	:	Respose to catch Q at trial 20: 219.710000
221171	[1]	:	RT and choice to catch Q at trial 20: 0.540000, 30
221195	[24]	:	Fixation at trial 21: 221.175000
221717	[522]	:	Object at trial 21: 221.697000
225240	[3523]	:	Fixation at trial 21: 225.220000
225762	[522]	:	Catch Stim at trial 21: 225.742000
229287	[3525]	:	Catch Q at trial 21: 225.742000
229889	[602]	:	Key	30	DOWN	at	229889  
231267	[1378]	:	Respose to catch Q at trial 21: 229.895000
231267	[0]	:	RT and choice to catch Q at trial 21: 0.628000, 30
231292	[25]	:	Fixation at trial 22: 231.272000
231814	[522]	:	Object at trial 22: 231.794000
235338	[3524]	:	Fixation at trial 22: 235.318000
235861	[523]	:	Catch Stim at trial 22: 235.841000
239385	[3524]	:	Catch Q at trial 22: 235.841000
239940	[555]	:	Key	30	DOWN	at	239940  
241365	[1425]	:	Respose to catch Q at trial 22: 239.944000
241365	[0]	:	RT and choice to catch Q at trial 22: 0.579000, 30
241396	[31]	:	Fixation at trial 23: 241.376000
241918	[522]	:	Object at trial 23: 241.898000
245441	[3523]	:	Fixation at trial 23: 245.421000
245963	[522]	:	Catch Stim at trial 23: 245.943000
249487	[3524]	:	Catch Q at trial 23: 245.943000
249991	[504]	:	Key	30	DOWN	at	249991  
251467	[1476]	:	Respose to catch Q at trial 23: 249.995000
251467	[0]	:	RT and choice to catch Q at trial 23: 0.528000, 30
251499	[32]	:	Fixation at trial 24: 251.479000
252021	[522]	:	Object at trial 24: 252.001000
255544	[3523]	:	Fixation at trial 24: 255.524000
256071	[527]	:	Catch Stim at trial 24: 256.051000
259598	[3527]	:	Catch Q at trial 24: 256.051000
260295	[697]	:	Key	30	DOWN	at	260295  
261579	[1284]	:	Respose to catch Q at trial 24: 260.301000
261579	[0]	:	RT and choice to catch Q at trial 24: 0.723000, 30
261605	[26]	:	Fixation at trial 25: 261.584000
262127	[522]	:	Object at trial 25: 262.107000
265650	[3523]	:	Fixation at trial 25: 265.630000
266172	[522]	:	Catch Stim at trial 25: 266.152000
269697	[3525]	:	Catch Q at trial 25: 266.152000
270636	[939]	:	Key	28	DOWN	at	270636  
271677	[1041]	:	Respose to catch Q at trial 25: 270.642000
271677	[0]	:	RT and choice to catch Q at trial 25: 0.965000, 28
271702	[25]	:	Fixation at trial 26: 271.682000
272224	[522]	:	Object at trial 26: 272.204000
275747	[3523]	:	Fixation at trial 26: 275.727000
276269	[522]	:	Catch Stim at trial 26: 276.249000
279794	[3525]	:	Catch Q at trial 26: 276.249000
280611	[817]	:	Key	30	DOWN	at	280611  
281774	[1163]	:	Respose to catch Q at trial 26: 280.617000
281774	[0]	:	RT and choice to catch Q at trial 26: 0.843000, 30
281799	[25]	:	Fixation at trial 27: 281.779000
282321	[522]	:	Object at trial 27: 282.301000
285844	[3523]	:	Fixation at trial 27: 285.824000
286366	[522]	:	Catch Stim at trial 27: 286.346000
289891	[3525]	:	Catch Q at trial 27: 286.346000
290747	[856]	:	Key	30	DOWN	at	290747  
291871	[1124]	:	Respose to catch Q at trial 27: 290.753000
291871	[0]	:	RT and choice to catch Q at trial 27: 0.882000, 30
291896	[25]	:	Fixation at trial 28: 291.876000
292418	[522]	:	Object at trial 28: 292.398000
295941	[3523]	:	Fixation at trial 28: 295.921000
296463	[522]	:	Catch Stim at trial 28: 296.443000
299988	[3525]	:	Catch Q at trial 28: 296.443000
300773	[785]	:	Key	28	DOWN	at	300773  
301968	[1195]	:	Respose to catch Q at trial 28: 300.779000
301968	[0]	:	RT and choice to catch Q at trial 28: 0.811000, 28
301993	[25]	:	Fixation at trial 29: 301.973000
302515	[522]	:	Object at trial 29: 302.495000
306038	[3523]	:	Fixation at trial 29: 306.018000
306560	[522]	:	Catch Stim at trial 29: 306.540000
310085	[3525]	:	Catch Q at trial 29: 306.540000
311163	[1078]	:	Key	28	DOWN	at	311163  
312065	[902]	:	Respose to catch Q at trial 29: 311.168000
312065	[0]	:	RT and choice to catch Q at trial 29: 1.103000, 28
312090	[25]	:	Fixation at trial 30: 312.070000
312612	[522]	:	Object at trial 30: 312.592000
316135	[3523]	:	Fixation at trial 30: 316.115000
316657	[522]	:	Catch Stim at trial 30: 316.637000
320183	[3526]	:	Catch Q at trial 30: 316.637000
321354	[1171]	:	Key	28	DOWN	at	321354  
322163	[809]	:	Respose to catch Q at trial 30: 321.360000
322163	[0]	:	RT and choice to catch Q at trial 30: 1.197000, 28
322188	[25]	:	Fixation at trial 31: 322.168000
322710	[522]	:	Object at trial 31: 322.690000
326233	[3523]	:	Fixation at trial 31: 326.213000
326755	[522]	:	Catch Stim at trial 31: 326.735000
330281	[3526]	:	Catch Q at trial 31: 326.735000
331284	[1003]	:	Key	28	DOWN	at	331284  
332261	[977]	:	Respose to catch Q at trial 31: 331.289000
332261	[0]	:	RT and choice to catch Q at trial 31: 1.028000, 28
332286	[25]	:	Fixation at trial 32: 332.266000
332808	[522]	:	Object at trial 32: 332.788000
336331	[3523]	:	Fixation at trial 32: 336.311000
336853	[522]	:	Catch Stim at trial 32: 336.833000
340379	[3526]	:	Catch Q at trial 32: 336.833000
341235	[856]	:	Key	28	DOWN	at	341235  
342359	[1124]	:	Respose to catch Q at trial 32: 341.241000
342359	[0]	:	RT and choice to catch Q at trial 32: 0.882000, 28
342385	[26]	:	Fixation at trial 33: 342.365000
342907	[522]	:	Object at trial 33: 342.887000
346430	[3523]	:	Fixation at trial 33: 346.410000
346953	[523]	:	Catch Stim at trial 33: 346.933000
350478	[3525]	:	Catch Q at trial 33: 346.933000
351460	[982]	:	Key	30	DOWN	at	351460  
352458	[998]	:	Respose to catch Q at trial 33: 351.466000
352458	[0]	:	RT and choice to catch Q at trial 33: 1.008000, 30
352483	[25]	:	Fixation at trial 34: 352.463000
353005	[522]	:	Object at trial 34: 352.985000
356528	[3523]	:	Fixation at trial 34: 356.508000
357050	[522]	:	Catch Stim at trial 34: 357.030000
360575	[3525]	:	Catch Q at trial 34: 357.030000
361561	[986]	:	Key	28	DOWN	at	361561  
362555	[994]	:	Respose to catch Q at trial 34: 361.567000
362555	[0]	:	RT and choice to catch Q at trial 34: 1.012000, 28
362580	[25]	:	Fixation at trial 35: 362.560000
363102	[522]	:	Object at trial 35: 363.082000
366625	[3523]	:	Fixation at trial 35: 366.605000
367147	[522]	:	Catch Stim at trial 35: 367.127000
370672	[3525]	:	Catch Q at trial 35: 367.127000
371572	[900]	:	Key	28	DOWN	at	371572  
372652	[1080]	:	Respose to catch Q at trial 35: 371.578000
372653	[1]	:	RT and choice to catch Q at trial 35: 0.926000, 28
372677	[24]	:	Fixation at trial 36: 372.657000
373199	[522]	:	Object at trial 36: 373.179000
376722	[3523]	:	Fixation at trial 36: 376.702000
377244	[522]	:	Catch Stim at trial 36: 377.224000
380769	[3525]	:	Catch Q at trial 36: 377.224000
381139	[370]	:	Key	30	DOWN	at	381139  
382749	[1610]	:	Respose to catch Q at trial 36: 381.143000
382749	[0]	:	RT and choice to catch Q at trial 36: 0.394000, 30
382777	[28]	:	Fixation at trial 37: 382.757000
383299	[522]	:	Object at trial 37: 383.279000
386822	[3523]	:	Fixation at trial 37: 386.802000
387344	[522]	:	Catch Stim at trial 37: 387.324000
390868	[3524]	:	Catch Q at trial 37: 387.324000
392040	[1172]	:	Key	30	DOWN	at	392040  
392848	[808]	:	Respose to catch Q at trial 37: 392.044000
392848	[0]	:	RT and choice to catch Q at trial 37: 1.196000, 30
392880	[32]	:	Fixation at trial 38: 392.860000
393402	[522]	:	Object at trial 38: 393.382000
396925	[3523]	:	Fixation at trial 38: 396.905000
397447	[522]	:	Catch Stim at trial 38: 397.427000
400972	[3525]	:	Catch Q at trial 38: 397.427000
401565	[593]	:	Key	30	DOWN	at	401565  
402952	[1387]	:	Respose to catch Q at trial 38: 401.570000
402952	[0]	:	RT and choice to catch Q at trial 38: 0.618000, 30
402977	[25]	:	Fixation at trial 39: 402.957000
403499	[522]	:	Object at trial 39: 403.479000
407022	[3523]	:	Fixation at trial 39: 407.002000
407544	[522]	:	Catch Stim at trial 39: 407.524000
411069	[3525]	:	Catch Q at trial 39: 407.524000
411606	[537]	:	Key	30	DOWN	at	411606  
413049	[1443]	:	Respose to catch Q at trial 39: 411.611000
413049	[0]	:	RT and choice to catch Q at trial 39: 0.562000, 30
413074	[25]	:	Fixation at trial 40: 413.054000
413596	[522]	:	Object at trial 40: 413.576000
417119	[3523]	:	Fixation at trial 40: 417.099000
417641	[522]	:	Catch Stim at trial 40: 417.621000
421166	[3525]	:	Catch Q at trial 40: 417.621000
421596	[430]	:	Key	30	DOWN	at	421596  
423146	[1550]	:	Respose to catch Q at trial 40: 421.601000
423146	[0]	:	RT and choice to catch Q at trial 40: 0.455000, 30
423171	[25]	:	Fixation at trial 41: 423.151000
423693	[522]	:	Object at trial 41: 42