Cog2000 log file Fri Aug 02 18:13:17 2019
gprim v1.29 Compiled:Feb  1 2010 (GLib DirectDraw v7 DX10.0 Compiled:Feb  1 2010)
Display:1024x768x32 59.84Hz
CogInput v1.05 Compiled: May 20 2010
0	[0]	:	COGENT START
3466	[3466]	:	Key	31	DOWN	at	3466    
3467	[1]	:	Key	31	UP	at	3466    
4091	[624]	:	Key	31	DOWN	at	4091    
4091	[0]	:	Key	31	UP	at	4091    
30178	[26087]	:	Key	71	DOWN	at	30178   
30244	[66]	:	Fixation at trial 1: 30.222000
30783	[539]	:	Object at trial 1: 30.762000
34311	[3528]	:	Fixation at trial 1: 34.290000
34848	[537]	:	Catch Stim at trial 1: 34.826000
38382	[3534]	:	Catch Q at trial 1: 34.826000
40415	[2033]	:	Respose to catch Q at trial 1: 39.893000
40417	[2]	:	RT and choice to catch Q at trial 1: 1.532000, 0
40468	[51]	:	Fixation at trial 2: 40.448000
40992	[524]	:	Object at trial 2: 40.972000
44515	[3523]	:	Fixation at trial 2: 44.495000
45042	[527]	:	Catch Stim at trial 2: 45.022000
48568	[3526]	:	Catch Q at trial 2: 45.022000
49590	[1022]	:	Key	28	DOWN	at	49589   
49595	[5]	:	Key	28	UP	at	49594   
50597	[1002]	:	Respose to catch Q at trial 2: 50.075000
50598	[1]	:	RT and choice to catch Q at trial 2: 1.527000, 0
50646	[48]	:	Fixation at trial 3: 50.626000
51325	[679]	:	Object at trial 3: 51.305000
54848	[3523]	:	Fixation at trial 3: 54.828000
55370	[522]	:	Catch Stim at trial 3: 55.350000
58895	[3525]	:	Catch Q at trial 3: 55.350000
59879	[984]	:	Key	28	DOWN	at	59879   
59880	[1]	:	Key	28	UP	at	59879   
60254	[374]	:	Key	31	DOWN	at	60254   
60254	[0]	:	Key	31	UP	at	60254   
60879	[625]	:	Respose to catch Q at trial 3: 60.265000
60880	[1]	:	RT and choice to catch Q at trial 3: 1.390000, 31
60922	[42]	:	Fixation at trial 4: 60.902000
61445	[523]	:	Object at trial 4: 61.425000
64967	[3522]	:	Fixation at trial 4: 64.948000
65488	[521]	:	Catch Stim at trial 4: 65.469000
69013	[3525]	:	Catch Q at trial 4: 65.469000
70345	[1332]	:	Key	28	DOWN	at	70345   
70346	[1]	:	Key	28	UP	at	70345   
71038	[692]	:	Respose to catch Q at trial 4: 70.518000
71038	[0]	:	RT and choice to catch Q at trial 4: 1.525000, 0
71065	[27]	:	Fixation at trial 5: 71.045000
71587	[522]	:	Object at trial 5: 71.567000
75110	[3523]	:	Fixation at trial 5: 75.090000
75632	[522]	:	Catch Stim at trial 5: 75.612000
79157	[3525]	:	Catch Q at trial 5: 75.612000
80120	[963]	:	Key	28	DOWN	at	80120   
80121	[1]	:	Key	28	UP	at	80120   
81181	[1060]	:	Respose to catch Q at trial 5: 80.661000
81181	[0]	:	RT and choice to catch Q at trial 5: 1.524000, 0
81209	[28]	:	Fixation at trial 6: 81.189000
81731	[522]	:	Object at trial 6: 81.711000
85254	[3523]	:	Fixation at trial 6: 85.234000
85777	[523]	:	Catch Stim at trial 6: 85.757000
89302	[3525]	:	Catch Q at trial 6: 85.757000
90741	[1439]	:	Key	28	DOWN	at	90741   
90742	[1]	:	Key	28	UP	at	90741   
91326	[584]	:	Respose to catch Q at trial 6: 90.806000
91326	[0]	:	RT and choice to catch Q at trial 6: 1.524000, 0
91353	[27]	:	Fixation at trial 7: 91.333000
91875	[522]	:	Object at trial 7: 91.855000
95398	[3523]	:	Fixation at trial 7: 95.378000
95920	[522]	:	Catch Stim at trial 7: 95.900000
99445	[3525]	:	Catch Q at trial 7: 95.900000
100452	[1007]	:	Key	31	DOWN	at	100452  
100453	[1]	:	Key	31	UP	at	100452  
101426	[973]	:	Respose to catch Q at trial 7: 100.458000
101426	[0]	:	RT and choice to catch Q at trial 7: 1.033000, 31
101456	[30]	:	Fixation at trial 8: 101.436000
101978	[522]	:	Object at trial 8: 101.958000
105501	[3523]	:	Fixation at trial 8: 105.481000
106024	[523]	:	Catch Stim at trial 8: 106.004000
109549	[3525]	:	Catch Q at trial 8: 106.004000
110067	[518]	:	Key	28	DOWN	at	110067  
110068	[1]	:	Key	28	UP	at	110067  
111573	[1505]	:	Respose to catch Q at trial 8: 111.053000
111573	[0]	:	RT and choice to catch Q at trial 8: 1.524000, 0
111600	[27]	:	Fixation at trial 9: 111.580000
112122	[522]	:	Object at trial 9: 112.102000
115645	[3523]	:	Fixation at trial 9: 115.625000
116168	[523]	:	Catch Stim at trial 9: 116.148000
119693	[3525]	:	Catch Q at trial 9: 116.148000
120793	[1100]	:	Key	28	DOWN	at	120793  
120794	[1]	:	Key	28	UP	at	120793  
121717	[923]	:	Respose to catch Q at trial 9: 121.197000
121718	[1]	:	RT and choice to catch Q at trial 9: 1.524000, 0
121743	[25]	:	Fixation at trial 10: 121.723000
122265	[522]	:	Object at trial 10: 122.245000
125788	[3523]	:	Fixation at trial 10: 125.768000
126311	[523]	:	Catch Stim at trial 10: 126.291000
129836	[3525]	:	Catch Q at trial 10: 126.291000
130877	[1041]	:	Key	31	DOWN	at	130877  
130878	[1]	:	Key	31	UP	at	130877  
131815	[937]	:	Respose to catch Q at trial 10: 130.884000
131816	[1]	:	RT and choice to catch Q at trial 10: 1.068000, 31
131846	[30]	:	Fixation at trial 11: 131.826000
132368	[522]	:	Object at trial 11: 132.348000
135891	[3523]	:	Fixation at trial 11: 135.871000
136414	[523]	:	Catch Stim at trial 11: 136.394000
139939	[3525]	:	Catch Q at trial 11: 136.394000
140884	[945]	:	Key	28	DOWN	at	140884  
140889	[5]	:	Key	28	UP	at	140889  
141963	[1074]	:	Respose to catch Q at trial 11: 141.443000
141964	[1]	:	RT and choice to catch Q at trial 11: 1.524000, 0
141989	[25]	:	Fixation at trial 12: 141.969000
142511	[522]	:	Object at trial 12: 142.491000
146034	[3523]	:	Fixation at trial 12: 146.014000
146556	[522]	:	Catch Stim at trial 12: 146.536000
150081	[3525]	:	Catch Q at trial 12: 146.536000
151400	[1319]	:	Key	31	DOWN	at	151400  
151401	[1]	:	Key	31	UP	at	151400  
152061	[660]	:	Respose to catch Q at trial 12: 151.406000
152062	[1]	:	RT and choice to catch Q at trial 12: 1.345000, 31
152091	[29]	:	Fixation at trial 13: 152.071000
152613	[522]	:	Object at trial 13: 152.593000
156136	[3523]	:	Fixation at trial 13: 156.116000
156658	[522]	:	Catch Stim at trial 13: 156.638000
160183	[3525]	:	Catch Q at trial 13: 156.638000
161505	[1322]	:	Key	31	DOWN	at	161505  
161506	[1]	:	Key	31	UP	at	161505  
162163	[657]	:	Respose to catch Q at trial 13: 161.512000
162164	[1]	:	RT and choice to catch Q at trial 13: 1.349000, 31
162191	[27]	:	Fixation at trial 14: 162.171000
162714	[523]	:	Object at trial 14: 162.694000
166237	[3523]	:	Fixation at trial 14: 166.217000
166759	[522]	:	Catch Stim at trial 14: 166.739000
170284	[3525]	:	Catch Q at trial 14: 166.739000
170566	[282]	:	Key	28	DOWN	at	170566  
170566	[0]	:	Key	28	UP	at	170566  
172308	[1742]	:	Respose to catch Q at trial 14: 171.788000
172309	[1]	:	RT and choice to catch Q at trial 14: 1.524000, 0
172334	[25]	:	Fixation at trial 15: 172.314000
172857	[523]	:	Object at trial 15: 172.837000
176380	[3523]	:	Fixation at trial 15: 176.360000
176901	[521]	:	Catch Stim at trial 15: 176.881000
180426	[3525]	:	Catch Q at trial 15: 176.881000
181841	[1415]	:	Key	28	DOWN	at	181841  
181842	[1]	:	Key	28	UP	at	181841  
182450	[608]	:	Respose to catch Q at trial 15: 181.930000
182451	[1]	:	RT and choice to catch Q at trial 15: 1.524000, 0
182476	[25]	:	Fixation at trial 16: 182.456000
182998	[522]	:	Object at trial 16: 182.978000
186521	[3523]	:	Fixation at trial 16: 186.501000
187043	[522]	:	Catch Stim at trial 16: 187.023000
190568	[3525]	:	Catch Q at trial 16: 187.023000
191917	[1349]	:	Key	31	DOWN	at	191917  
191918	[1]	:	Key	31	UP	at	191917  
192548	[630]	:	Respose to catch Q at trial 16: 191.923000
192549	[1]	:	RT and choice to catch Q at trial 16: 1.375000, 31
192575	[26]	:	Fixation at trial 17: 192.555000
193097	[522]	:	Object at trial 17: 193.077000
196620	[3523]	:	Fixation at trial 17: 196.600000
197142	[522]	:	Catch Stim at trial 17: 197.122000
200668	[3526]	:	Catch Q at trial 17: 197.122000
201562	[894]	:	Key	28	DOWN	at	201562  
201563	[1]	:	Key	28	UP	at	201562  
202692	[1129]	:	Respose to catch Q at trial 17: 202.172000
202692	[0]	:	RT and choice to catch Q at trial 17: 1.524000, 0
202717	[25]	:	Fixation at trial 18: 202.697000
203239	[522]	:	Object at trial 18: 203.219000
206762	[3523]	:	Fixation at trial 18: 206.742000
207284	[522]	:	Catch Stim at trial 18: 207.264000
210809	[3525]	:	Catch Q at trial 18: 207.264000
212283	[1474]	:	Key	28	DOWN	at	212283  
212284	[1]	:	Key	28	UP	at	212283  
212833	[549]	:	Respose to catch Q at trial 18: 212.313000
212834	[1]	:	RT and choice to catch Q at trial 18: 1.524000, 0
212858	[24]	:	Fixation at trial 19: 212.838000
213380	[522]	:	Object at trial 19: 213.360000
216903	[3523]	:	Fixation at trial 19: 216.883000
217425	[522]	:	Catch Stim at trial 19: 217.405000
220950	[3525]	:	Catch Q at trial 19: 217.405000
221564	[614]	:	Key	31	DOWN	at	221564  
221565	[1]	:	Key	31	UP	at	221564  
222930	[1365]	:	Respose to catch Q at trial 19: 221.570000
222930	[0]	:	RT and choice to catch Q at trial 19: 0.640000, 31
222954	[24]	:	Fixation at trial 20: 222.934000
223477	[523]	:	Object at trial 20: 223.457000
227000	[3523]	:	Fixation at trial 20: 226.980000
227521	[521]	:	Catch Stim at trial 20: 227.501000
231046	[3525]	:	Catch Q at trial 20: 227.501000
232124	[1078]	:	Key	31	DOWN	at	232124  
233026	[902]	:	Respose to catch Q at trial 20: 232.130000
233027	[1]	:	RT and choice to catch Q at trial 20: 1.104000, 31
233052	[25]	:	Fixation at trial 21: 233.032000
233575	[523]	:	Object at trial 21: 233.555000
237098	[3523]	:	Fixation at trial 21: 237.078000
237620	[522]	:	Catch Stim at trial 21: 237.600000
241145	[3525]	:	Catch Q at trial 21: 237.600000
241995	[850]	:	Key	31	DOWN	at	241995  
241996	[1]	:	Key	31	UP	at	241995  
243125	[1129]	:	Respose to catch Q at trial 21: 242.001000
243126	[1]	:	RT and choice to catch Q at trial 21: 0.876000, 31
243151	[25]	:	Fixation at trial 22: 243.131000
243673	[522]	:	Object at trial 22: 243.653000
247196	[3523]	:	Fixation at trial 22: 247.176000
247717	[521]	:	Catch Stim at trial 22: 247.697000
251242	[3525]	:	Catch Q at trial 22: 247.697000
253266	[2024]	:	Respose to catch Q at trial 22: 252.746000
253267	[1]	:	RT and choice to catch Q at trial 22: 1.524000, 0
253291	[24]	:	Fixation at trial 23: 253.271000
253813	[522]	:	Object at trial 23: 253.793000
257336	[3523]	:	Fixation at trial 23: 257.316000
257858	[522]	:	Catch Stim at trial 23: 257.838000
261384	[3526]	:	Catch Q at trial 23: 257.838000
261986	[602]	:	Key	28	DOWN	at	261986  
261991	[5]	:	Key	28	UP	at	261991  
262771	[780]	:	Key	28	DOWN	at	262771  
262776	[5]	:	Key	28	UP	at	262776  
263408	[632]	:	Respose to catch Q at trial 23: 262.888000
263409	[1]	:	RT and choice to catch Q at trial 23: 1.524000, 0
263433	[24]	:	Fixation at trial 24: 263.413000
263956	[523]	:	Object at trial 24: 263.936000
267479	[3523]	:	Fixation at trial 24: 267.459000
268001	[522]	:	Catch Stim at trial 24: 267.981000
271526	[3525]	:	Catch Q at trial 24: 267.981000
272592	[1066]	:	Key	31	DOWN	at	272592  
272593	[1]	:	Key	31	UP	at	272592  
273506	[913]	:	Respose to catch Q at trial 24: 272.598000
273506	[0]	:	RT and choice to catch Q at trial 24: 1.092000, 31
273531	[25]	:	Fixation at trial 25: 273.511000
274053	[522]	:	Object at trial 25: 274.033000
277576	[3523]	:	Fixation at trial 25: 277.556000
278097	[521]	:	Catch Stim at trial 25: 278.077000
281622	[3525]	:	Catch Q at trial 25: 278.077000
282593	[971]	:	Key	28	DOWN	at	282593  
282594	[1]	:	Key	28	UP	at	282593  
282683	[89]	:	Key	31	DOWN	at	282683  
282684	[1]	:	Key	31	UP	at	282683  
283602	[918]	:	Respose to catch Q at trial 25: 282.689000
283603	[1]	:	RT and choice to catch Q at trial 25: 1.087000, 31
283627	[24]	:	Fixation at trial 26: 283.607000
284149	[522]	:	Object at trial 26: 284.129000
287672	[3523]	:	Fixation at trial 26: 287.652000
288194	[522]	:	Catch Stim at trial 26: 288.174000
291720	[3526]	:	Catch Q at trial 26: 288.174000
292599	[879]	:	Key	28	DOWN	at	292599  
292600	[1]	:	Key	28	UP	at	292599  
293744	[1144]	:	Respose to catch Q at trial 26: 293.224000
293745	[1]	:	RT and choice to catch Q at trial 26: 1.524000, 0
293769	[24]	:	Fixation at trial 27: 293.749000
294291	[522]	:	Object at trial 27: 294.271000
297814	[3523]	:	Fixation at trial 27: 297.794000
298336	[522]	:	Catch Stim at trial 27: 298.316000
301861	[3525]	:	Catch Q at trial 27: 298.316000
302889	[1028]	:	Key	28	DOWN	at	302889  
302890	[1]	:	Key	28	UP	at	302889  
303885	[995]	:	Respose to catch Q at trial 27: 303.365000
303885	[0]	:	RT and choice to catch Q at trial 27: 1.524000, 0
303910	[25]	:	Fixation at trial 28: 303.890000
304432	[522]	:	Object at trial 28: 304.412000
307955	[3523]	:	Fixation at trial 28: 307.935000
308477	[522]	:	Catch Stim at trial 28: 308.457000
312002	[3525]	:	Catch Q at trial 28: 308.457000
312865	[863]	:	Key	31	DOWN	at	312865  
312866	[1]	:	Key	31	UP	at	312865  
313982	[1116]	:	Respose to catch Q at trial 28: 312.871000
313983	[1]	:	RT and choice to catch Q at trial 28: 0.889000, 31
314007	[24]	:	Fixation at trial 29: 313.987000
314529	[522]	:	Object at trial 29: 314.509000
318052	[3523]	:	Fixation at trial 29: 318.032000
318574	[522]	:	Catch Stim at trial 29: 318.554000
322100	[3526]	:	Catch Q at trial 29: 318.554000
322975	[875]	:	Key	28	DOWN	at	322975  
322976	[1]	:	Key	28	UP	at	322975  
324124	[1148]	:	Respose to catch Q at trial 29: 323.604000
324124	[0]	:	RT and choice to catch Q at trial 29: 1.524000, 0
324149	[25]	:	Fixation at trial 30: 324.129000
324671	[522]	:	Object at trial 30: 324.651000
328194	[3523]	:	Fixation at trial 30: 328.174000
328716	[522]	:	Catch Stim at trial 30: 328.696000
332241	[3525]	:	Catch Q at trial 30: 328.696000
332751	[510]	:	Key	31	DOWN	at	332751  
332752	[1]	:	Key	31	UP	at	332751  
334221	[1469]	:	Respose to catch Q at trial 30: 332.757000
334222	[1]	:	RT and choice to catch Q at trial 30: 0.536000, 31
334246	[24]	:	Fixation at trial 31: 334.226000
334768	[522]	:	Object at trial 31: 334.748000
338291	[3523]	:	Fixation at trial 31: 338.271000
338813	[522]	:	Catch Stim at trial 31: 338.793000
342338	[3525]	:	Catch Q at trial 31: 338.793000
342991	[653]	:	Key	31	DOWN	at	342991  
342992	[1]	:	Key	31	UP	at	342991  
344318	[1326]	:	Respose to catch Q at trial 31: 342.997000
344319	[1]	:	RT and choice to catch Q at trial 31: 0.679000, 31
344344	[25]	:	Fixation at trial 32: 344.324000
344866	[522]	:	Object at trial 32: 344.846000
348389	[3523]	:	Fixation at trial 32: 348.369000
348911	[522]	:	Catch Stim at trial 32: 348.891000
352436	[3525]	:	Catch Q at trial 32: 348.891000
354460	[2024]	:	Respose to catch Q at trial 32: 353.940000
354460	[0]	:	RT and choice to catch Q at trial 32: 1.524000, 0
354485	[25]	:	Fixation at trial 33: 354.465000
355007	[522]	:	Object at trial 33: 354.987000
358530	[3523]	:	Fixation at trial 33: 358.510000
359053	[523]	:	Catch Stim at trial 33: 359.033000
362579	[3526]	:	Catch Q at trial 33: 359.033000
363188	[609]	:	Key	31	DOWN	at	363188  
363189	[1]	:	Key	31	UP	at	363188  
364559	[1370]	:	Respose to catch Q at trial 33: 363.194000
364560	[1]	:	RT and choice to catch Q at trial 33: 0.635000, 31
364586	[26]	:	Fixation at trial 34: 364.566000
365108	[522]	:	Object at trial 34: 365.088000
368631	[3523]	:	Fixation at trial 34: 368.611000
369153	[522]	:	Catch Stim at trial 34: 369.133000
372678	[3525]	:	Catch Q at trial 34: 369.133000
373303	[625]	:	Key	31	DOWN	at	373303  
373304	[1]	:	Key	31	UP	at	373303  
374658	[1354]	:	Respose to catch Q at trial 34: 373.309000
374658	[0]	:	RT and choice to catch Q at trial 34: 0.651000, 31
374683	[25]	:	Fixation at trial 35: 374.663000
375205	[522]	:	Object at trial 35: 375.185000
378728	[3523]	:	Fixation at trial 35: 378.708000
379251	[523]	:	Catch Stim at trial 35: 379.231000
382776	[3525]	:	Catch Q at trial 35: 379.231000
383794	[1018]	:	Key	28	DOWN	at	383794  
383795	[1]	:	Key	28	UP	at	383794  
383869	[74]	:	Key	31	DOWN	at	383869  
384756	[887]	:	Respose to catch Q at trial 35: 383.874000
384756	[0]	:	RT and choice to catch Q at trial 35: 1.118000, 31
384781	[25]	:	Fixation at trial 36: 384.761000
385303	[522]	:	Object at trial 36: 385.283000
388826	[3523]	:	Fixation at trial 36: 388.806000
389348	[522]	:	Catch Stim at trial 36: 389.328000
392873	[3525]	:	Catch Q at trial 36: 389.328000
393684	[811]	:	Key	28	DOWN	at	393684  
393685	[1]	:	Key	28	UP	at	393684  
394897	[1212]	:	Respose to catch Q at trial 36: 394.377000
394897	[0]	:	RT and choice to catch Q at trial 36: 1.524000, 0
394922	[25]	:	Fixation at trial 37: 394.902000
395444	[522]	:	Object at trial 37: 395.424000
398967	[3523]	:	Fixation at trial 37: 398.947000
399489	[522]	:	Catch Stim at trial 37: 399.469000
403014	[3525]	:	Catch Q at trial 37: 399.469000
403390	[376]	:	Key	28	DOWN	at	403390  
403395	[5]	:	Key	28	UP	at	403395  
405038	[1643]	:	Respose to catch Q at trial 37: 404.518000
405038	[0]	:	RT and choice to catch Q at trial 37: 1.524000, 0
405063	[25]	:	Fixation at trial 38: 405.043000
405586	[523]	:	Object at trial 38: 405.566000
409109	[3523]	:	Fixation at trial 38: 409.089000
409630	[521]	:	Catch Stim at trial 38: 409.610000
413155	[3525]	:	Catch Q at trial 38: 409.610000
414211	[1056]	:	Key	28	DOWN	at	414211  
414212	[1]	:	Key	28	UP	at	414211  
415179	[967]	:	Respose to catch Q at trial 38: 414.659000
415179	[0]	:	RT and choice to catch Q at trial 38: 1.524000, 0
415204	[25]	:	Fixation at trial 39: 415.184000
415726	[522]	:	Object at trial 39: 415.706000
419249	[3523]	:	Fixation at trial 39: 419.229000
419771	[522]	:	Catch Stim at trial 39: 419.751000
423296	[3525]	:	Catch Q at trial 39: 419.751000
423791	[495]	:	Key	31	DOWN	at	423791  
423792	[1]	:	Key	31	UP	at	423791  
425276	[1484]	:	Respose to catch Q at trial 39: 423.798000
425276	[0]	:	RT and choice to catch Q at trial 39: 0.522000, 31
425301	[25]	:	Fixation at trial 40: 425.281000
425823	[522]	:	Object at trial 40: 425.803000
429346	[3523]	:	Fixation at trial 40: 429.326000
429868	[522]	:	Catch Stim at trial 40: 429.848000
433393	[3525]	:	Catch Q at trial 40: 429.848000
434377	[984]	:	Key	31	DOWN	at	434377  
435373	[996]	:	Respose to catch Q at trial 40: 434.383000
435373	[0]	:	RT and choice to catch Q at trial 40: 1.010000, 31
435398	[25]	:	Fixation at trial 41: 435.378000
435920	[522]	:	Object at trial 41: 435.900000
439443	[3523]	:	Fixation at trial 41: 439.423000
439965	[522]	:	Catch Stim at trial 41: 439.945000
443490	[3525]	:	Catch Q at trial 41: 439.945000
444407	[917]	:	Key	31	DOWN	at	444407  
444408	[1]	:	Key	31	UP	at	444407  
445470	[1062]	:	Respose to catch Q at trial 41: 444.413000
445471	[1]	:	RT and choice to catch Q at trial 41: 0.943000, 31
445495	[24]	:	Fixation at trial 42: 445.475000
446017	[522]	:	Object at trial 42: 445.997000
449540	[3523]	:	Fixation at trial 42: 449.520000
450062	[522]	:	Catch Stim at trial 42: 450.042000
453587	[3525]	:	Catch Q at trial 42: 450.042000
454098	[511]	:	Key	31	DOWN	at	454098  
454099	[1]	:	Key	31	UP	at	454098  
455567	[1468]	:	Respose to catch Q at trial 42: 454.104000
455568	[1]	:	RT and choice to catch Q at trial 42: 0.537000, 31
455592	[24]	:	Fixation at trial 43: 455.572000
456114	[522]	:	Object at trial 43: 456.094000
459637	[3523]	:	Fixation at trial 43: 459.617000
460159	[522]	:	Catch Stim at trial 43: 460.139000
463684	[3525]	:	Catch Q at trial 43: 460.139000
464268	[584]	:	Key	31	DOWN	at	464268  
464269	[1]	:	Key	31	UP	at	464268  
465664	[1395]	:	Respose to catch Q at trial 43: 464.274000
465664	[0]	:	RT and choice to catch Q at trial 43: 0.610000, 31
465689	[25]	:	Fixation at trial 44: 465.669000
466211	[522]	:	Object at trial 44: 466.191000
469734	[3523]	:	Fixation at trial 44: 469.714000
470256	[522]	:	Catch Stim at trial 44: 470.236000
473781	[3525]	:	Catch Q at trial 44: 470.236000
474834	[1053]	:	Key	28	DOWN	at	474834  
474835	[1]	:	Key	28	UP	at	474834  
475805	[970]	:	Respose to catch Q at trial 44: 475.285000
475805	[0]	:	RT and choice to catch Q at trial 44: 1.524000, 0
475830	[25]	:	Fixation at trial 45: 475.810000
476352	[522]	:	Object at trial 45: 476.332000
479875	[3523]	:	Fixation at trial 45: 479.855000
480396	[521]	:	Catch Stim at trial 45: 480.376000
483921	[3525]	:	Catch Q at trial 45: 480.376000
485090	[1169]	:	Key	28	DOWN	at	485090  
485095	[5]	:	Key	28	UP	at	485095  
485945	[850]	:	Respose to catch Q at trial 45: 485.425000
485945	[0]	:	RT and choice to catch Q at trial 45: 1.524000, 0
485970	[25]	:	Fixation at trial 46: 485.950000
486492	[522]	:	Object at trial 46: 486.472000
490015	[3523]	:	Fixation at trial 46: 489.995000
490536	[521]	:	Catch Stim at trial 46: 490.516000
494061	[3525]	:	Catch Q at trial 46: 490.516000
495155	[1094]	:	Key	28	DOWN	at	495155  
495160	[5]	:	Key	28	UP	at	495160  
496085	[925]	:	Respose to catch Q at trial 46: 495.565000
496085	[0]	:	RT and choice to catch Q at trial 46: 1.524000, 0
496110	[25]	:	Fixation at trial 47: 496.090000
496632	[522]	:	Object at trial 47: 496.612000
500155	[3523]	:	Fixation at trial 47: 500.135000
500676	[521]	:	Catch Stim at trial 47: 500.656000
504201	[3525]	:	Ca