Cog2000 log file Fri Sep 20 12:42:55 2019
gprim v1.29 Compiled:Feb  1 2010 (GLib DirectDraw v7 DX10.0 Compiled:Feb  1 2010)
Display:1024x768x32 59.81Hz
CogInput v1.05 Compiled: May 20 2010
0	[0]	:	COGENT START
1990	[1990]	:	Key	29	DOWN	at	1990    
2230	[240]	:	Key	29	UP	at	2230    
2865	[635]	:	Key	31	DOWN	at	2865    
3125	[260]	:	Key	31	UP	at	3125    
33157	[30032]	:	Key	71	DOWN	at	33157   
33218	[61]	:	Fixation at trial 1: 33.196000
33791	[573]	:	Object at trial 1: 33.770000
37324	[3533]	:	Fixation at trial 1: 37.303000
37862	[538]	:	Catch Stim at trial 1: 37.841000
41410	[3548]	:	Catch Q at trial 1: 37.841000
43442	[2032]	:	Respose to catch Q at trial 1: 42.919000
43444	[2]	:	RT and choice to catch Q at trial 1: 1.530000, 0
43496	[52]	:	Fixation at trial 2: 43.475000
44021	[525]	:	Object at trial 2: 44.001000
47544	[3523]	:	Fixation at trial 2: 47.524000
48072	[528]	:	Catch Stim at trial 2: 48.052000
51601	[3529]	:	Catch Q at trial 2: 48.052000
52696	[1095]	:	Key	31	DOWN	at	52696   
53583	[887]	:	Respose to catch Q at trial 2: 52.711000
53584	[1]	:	RT and choice to catch Q at trial 2: 1.131000, 31
53633	[49]	:	Fixation at trial 3: 53.613000
54156	[523]	:	Object at trial 3: 54.136000
57679	[3523]	:	Fixation at trial 3: 57.659000
58205	[526]	:	Catch Stim at trial 3: 58.185000
61732	[3527]	:	Catch Q at trial 3: 58.185000
62729	[997]	:	Key	31	DOWN	at	62729   
63712	[983]	:	Respose to catch Q at trial 3: 62.737000
63713	[1]	:	RT and choice to catch Q at trial 3: 1.025000, 31
63755	[42]	:	Fixation at trial 4: 63.735000
64280	[525]	:	Object at trial 4: 64.260000
67802	[3522]	:	Fixation at trial 4: 67.782000
68326	[524]	:	Catch Stim at trial 4: 68.306000
71854	[3528]	:	Catch Q at trial 4: 68.306000
72755	[901]	:	Key	31	DOWN	at	72755   
73834	[1079]	:	Respose to catch Q at trial 4: 72.763000
73835	[1]	:	RT and choice to catch Q at trial 4: 0.929000, 31
73861	[26]	:	Fixation at trial 5: 73.841000
74383	[522]	:	Object at trial 5: 74.363000
77906	[3523]	:	Fixation at trial 5: 77.886000
78431	[525]	:	Catch Stim at trial 5: 78.411000
81956	[3525]	:	Catch Q at trial 5: 78.411000
83351	[1395]	:	Key	29	DOWN	at	83351   
83938	[587]	:	Respose to catch Q at trial 5: 83.360000
83938	[0]	:	RT and choice to catch Q at trial 5: 1.424000, 29
83966	[28]	:	Fixation at trial 6: 83.946000
84489	[523]	:	Object at trial 6: 84.469000
88012	[3523]	:	Fixation at trial 6: 87.992000
88535	[523]	:	Catch Stim at trial 6: 88.515000
92060	[3525]	:	Catch Q at trial 6: 88.515000
93346	[1286]	:	Key	31	DOWN	at	93346   
94040	[694]	:	Respose to catch Q at trial 6: 93.352000
94041	[1]	:	RT and choice to catch Q at trial 6: 1.312000, 31
94067	[26]	:	Fixation at trial 7: 94.047000
94589	[522]	:	Object at trial 7: 94.569000
98112	[3523]	:	Fixation at trial 7: 98.092000
98637	[525]	:	Catch Stim at trial 7: 98.617000
102163	[3526]	:	Catch Q at trial 7: 98.617000
103037	[874]	:	Key	29	DOWN	at	103037  
104143	[1106]	:	Respose to catch Q at trial 7: 103.044000
104144	[1]	:	RT and choice to catch Q at trial 7: 0.901000, 29
104169	[25]	:	Fixation at trial 8: 104.149000
104691	[522]	:	Object at trial 8: 104.671000
108214	[3523]	:	Fixation at trial 8: 108.194000
108737	[523]	:	Catch Stim at trial 8: 108.717000
112262	[3525]	:	Catch Q at trial 8: 108.717000
113047	[785]	:	Key	29	DOWN	at	113047  
114242	[1195]	:	Respose to catch Q at trial 8: 113.053000
114243	[1]	:	RT and choice to catch Q at trial 8: 0.811000, 29
114268	[25]	:	Fixation at trial 9: 114.248000
114790	[522]	:	Object at trial 9: 114.770000
118313	[3523]	:	Fixation at trial 9: 118.293000
118836	[523]	:	Catch Stim at trial 9: 118.816000
122361	[3525]	:	Catch Q at trial 9: 118.816000
123468	[1107]	:	Key	31	DOWN	at	123468  
124341	[873]	:	Respose to catch Q at trial 9: 123.474000
124342	[1]	:	RT and choice to catch Q at trial 9: 1.133000, 31
124367	[25]	:	Fixation at trial 10: 124.347000
124889	[522]	:	Object at trial 10: 124.869000
128413	[3524]	:	Fixation at trial 10: 128.393000
128934	[521]	:	Catch Stim at trial 10: 128.915000
132459	[3525]	:	Catch Q at trial 10: 128.915000
133388	[929]	:	Key	29	DOWN	at	133388  
134439	[1051]	:	Respose to catch Q at trial 10: 133.394000
134440	[1]	:	RT and choice to catch Q at trial 10: 0.955000, 29
134465	[25]	:	Fixation at trial 11: 134.445000
134987	[522]	:	Object at trial 11: 134.967000
138510	[3523]	:	Fixation at trial 11: 138.490000
139033	[523]	:	Catch Stim at trial 11: 139.013000
142558	[3525]	:	Catch Q at trial 11: 139.013000
143359	[801]	:	Key	31	DOWN	at	143359  
144538	[1179]	:	Respose to catch Q at trial 11: 143.365000
144538	[0]	:	RT and choice to catch Q at trial 11: 0.827000, 31
144563	[25]	:	Fixation at trial 12: 144.543000
145085	[522]	:	Object at trial 12: 145.065000
148608	[3523]	:	Fixation at trial 12: 148.588000
149130	[522]	:	Catch Stim at trial 12: 149.110000
152655	[3525]	:	Catch Q at trial 12: 149.110000
153300	[645]	:	Key	29	DOWN	at	153300  
154635	[1335]	:	Respose to catch Q at trial 12: 153.305000
154635	[0]	:	RT and choice to catch Q at trial 12: 0.670000, 29
154660	[25]	:	Fixation at trial 13: 154.640000
155182	[522]	:	Object at trial 13: 155.162000
158705	[3523]	:	Fixation at trial 13: 158.685000
159227	[522]	:	Catch Stim at trial 13: 159.207000
162752	[3525]	:	Catch Q at trial 13: 159.207000
163855	[1103]	:	Key	31	DOWN	at	163855  
164732	[877]	:	Respose to catch Q at trial 13: 163.861000
164733	[1]	:	RT and choice to catch Q at trial 13: 1.129000, 31
164757	[24]	:	Fixation at trial 14: 164.737000
165279	[522]	:	Object at trial 14: 165.259000
168802	[3523]	:	Fixation at trial 14: 168.782000
169324	[522]	:	Catch Stim at trial 14: 169.304000
172850	[3526]	:	Catch Q at trial 14: 169.304000
174879	[2029]	:	Respose to catch Q at trial 14: 174.357000
174880	[1]	:	RT and choice to catch Q at trial 14: 1.527000, 0
174915	[35]	:	Fixation at trial 15: 174.895000
175437	[522]	:	Object at trial 15: 175.417000
178960	[3523]	:	Fixation at trial 15: 178.940000
179481	[521]	:	Catch Stim at trial 15: 179.461000
183006	[3525]	:	Catch Q at trial 15: 179.461000
183766	[760]	:	Key	29	DOWN	at	183766  
184986	[1220]	:	Respose to catch Q at trial 15: 183.773000
184987	[1]	:	RT and choice to catch Q at trial 15: 0.787000, 29
185011	[24]	:	Fixation at trial 16: 184.991000
185533	[522]	:	Object at trial 16: 185.513000
189056	[3523]	:	Fixation at trial 16: 189.036000
189577	[521]	:	Catch Stim at trial 16: 189.557000
193102	[3525]	:	Catch Q at trial 16: 189.557000
193882	[780]	:	Key	31	DOWN	at	193882  
195082	[1200]	:	Respose to catch Q at trial 16: 193.888000
195083	[1]	:	RT and choice to catch Q at trial 16: 0.806000, 31
195107	[24]	:	Fixation at trial 17: 195.087000
195629	[522]	:	Object at trial 17: 195.609000
199152	[3523]	:	Fixation at trial 17: 199.132000
199674	[522]	:	Catch Stim at trial 17: 199.654000
203200	[3526]	:	Catch Q at trial 17: 199.654000
203918	[718]	:	Key	31	DOWN	at	203918  
205180	[1262]	:	Respose to catch Q at trial 17: 203.924000
205181	[1]	:	RT and choice to catch Q at trial 17: 0.744000, 31
205205	[24]	:	Fixation at trial 18: 205.185000
205727	[522]	:	Object at trial 18: 205.707000
209250	[3523]	:	Fixation at trial 18: 209.230000
209772	[522]	:	Catch Stim at trial 18: 209.752000
213297	[3525]	:	Catch Q at trial 18: 209.752000
214013	[716]	:	Key	31	DOWN	at	214013  
215277	[1264]	:	Respose to catch Q at trial 18: 214.019000
215277	[0]	:	RT and choice to catch Q at trial 18: 0.742000, 31
215302	[25]	:	Fixation at trial 19: 215.282000
215824	[522]	:	Object at trial 19: 215.804000
219347	[3523]	:	Fixation at trial 19: 219.327000
219868	[521]	:	Catch Stim at trial 19: 219.848000
223393	[3525]	:	Catch Q at trial 19: 219.848000
224504	[1111]	:	Key	31	DOWN	at	224504  
225373	[869]	:	Respose to catch Q at trial 19: 224.511000
225373	[0]	:	RT and choice to catch Q at trial 19: 1.138000, 31
225398	[25]	:	Fixation at trial 20: 225.378000
225920	[522]	:	Object at trial 20: 225.900000
229443	[3523]	:	Fixation at trial 20: 229.423000
229964	[521]	:	Catch Stim at trial 20: 229.944000
233489	[3525]	:	Catch Q at trial 20: 229.944000
234144	[655]	:	Key	31	DOWN	at	234144  
235469	[1325]	:	Respose to catch Q at trial 20: 234.150000
235469	[0]	:	RT and choice to catch Q at trial 20: 0.681000, 31
235494	[25]	:	Fixation at trial 21: 235.474000
236016	[522]	:	Object at trial 21: 235.996000
239539	[3523]	:	Fixation at trial 21: 239.519000
240061	[522]	:	Catch Stim at trial 21: 240.041000
243586	[3525]	:	Catch Q at trial 21: 240.041000
244185	[599]	:	Key	31	DOWN	at	244185  
245566	[1381]	:	Respose to catch Q at trial 21: 244.190000
245566	[0]	:	RT and choice to catch Q at trial 21: 0.624000, 31
245592	[26]	:	Fixation at trial 22: 245.571000
246114	[522]	:	Object at trial 22: 246.094000
249637	[3523]	:	Fixation at trial 22: 249.617000
250158	[521]	:	Catch Stim at trial 22: 250.138000
253683	[3525]	:	Catch Q at trial 22: 250.138000
254280	[597]	:	Key	29	DOWN	at	254280  
255663	[1383]	:	Respose to catch Q at trial 22: 254.285000
255663	[0]	:	RT and choice to catch Q at trial 22: 0.622000, 29
255688	[25]	:	Fixation at trial 23: 255.668000
256211	[523]	:	Object at trial 23: 256.190000
259733	[3522]	:	Fixation at trial 23: 259.713000
260253	[520]	:	Catch Stim at trial 23: 260.234000
263777	[3524]	:	Catch Q at trial 23: 260.234000
264556	[779]	:	Key	31	DOWN	at	264556  
265757	[1201]	:	Respose to catch Q at trial 23: 264.562000
265757	[0]	:	RT and choice to catch Q at trial 23: 0.805000, 31
265782	[25]	:	Fixation at trial 24: 265.762000
266304	[522]	:	Object at trial 24: 266.284000
269827	[3523]	:	Fixation at trial 24: 269.807000
270349	[522]	:	Catch Stim at trial 24: 270.329000
273875	[3526]	:	Catch Q at trial 24: 270.329000
274582	[707]	:	Key	29	DOWN	at	274582  
275855	[1273]	:	Respose to catch Q at trial 24: 274.588000
275855	[0]	:	RT and choice to catch Q at trial 24: 0.733000, 29
275880	[25]	:	Fixation at trial 25: 275.860000
276402	[522]	:	Object at trial 25: 276.382000
279925	[3523]	:	Fixation at trial 25: 279.905000
280446	[521]	:	Catch Stim at trial 25: 280.426000
283971	[3525]	:	Catch Q at trial 25: 280.426000
284827	[856]	:	Key	29	DOWN	at	284827  
285951	[1124]	:	Respose to catch Q at trial 25: 284.834000
285951	[0]	:	RT and choice to catch Q at trial 25: 0.883000, 29
285976	[25]	:	Fixation at trial 26: 285.956000
286498	[522]	:	Object at trial 26: 286.478000
290021	[3523]	:	Fixation at trial 26: 290.001000
290543	[522]	:	Catch Stim at trial 26: 290.523000
294068	[3525]	:	Catch Q at trial 26: 290.523000
294773	[705]	:	Key	29	DOWN	at	294773  
296048	[1275]	:	Respose to catch Q at trial 26: 294.780000
296048	[0]	:	RT and choice to catch Q at trial 26: 0.732000, 29
296073	[25]	:	Fixation at trial 27: 296.053000
296595	[522]	:	Object at trial 27: 296.575000
300118	[3523]	:	Fixation at trial 27: 300.098000
300640	[522]	:	Catch Stim at trial 27: 300.620000
304165	[3525]	:	Catch Q at trial 27: 300.620000
304958	[793]	:	Key	31	DOWN	at	304958  
306145	[1187]	:	Respose to catch Q at trial 27: 304.964000
306145	[0]	:	RT and choice to catch Q at trial 27: 0.819000, 31
306170	[25]	:	Fixation at trial 28: 306.150000
306692	[522]	:	Object at trial 28: 306.672000
310215	[3523]	:	Fixation at trial 28: 310.195000
310737	[522]	:	Catch Stim at trial 28: 310.717000
314262	[3525]	:	Catch Q at trial 28: 310.717000
315014	[752]	:	Key	29	DOWN	at	315014  
316242	[1228]	:	Respose to catch Q at trial 28: 315.020000
316242	[0]	:	RT and choice to catch Q at trial 28: 0.778000, 29
316267	[25]	:	Fixation at trial 29: 316.247000
316790	[523]	:	Object at trial 29: 316.770000
320313	[3523]	:	Fixation at trial 29: 320.293000
320835	[522]	:	Catch Stim at trial 29: 320.815000
324360	[3525]	:	Catch Q at trial 29: 320.815000
325284	[924]	:	Key	29	DOWN	at	325284  
326340	[1056]	:	Respose to catch Q at trial 29: 325.290000
326340	[0]	:	RT and choice to catch Q at trial 29: 0.950000, 29
326365	[25]	:	Fixation at trial 30: 326.345000
326887	[522]	:	Object at trial 30: 326.867000
330410	[3523]	:	Fixation at trial 30: 330.390000
330932	[522]	:	Catch Stim at trial 30: 330.912000
334457	[3525]	:	Catch Q at trial 30: 330.912000
335145	[688]	:	Key	29	DOWN	at	335145  
336437	[1292]	:	Respose to catch Q at trial 30: 335.151000
336437	[0]	:	RT and choice to catch Q at trial 30: 0.714000, 29
336462	[25]	:	Fixation at trial 31: 336.442000
336984	[522]	:	Object at trial 31: 336.964000
340507	[3523]	:	Fixation at trial 31: 340.487000
341029	[522]	:	Catch Stim at trial 31: 341.009000
344554	[3525]	:	Catch Q at trial 31: 341.009000
345676	[1122]	:	Key	31	DOWN	at	345676  
346534	[858]	:	Respose to catch Q at trial 31: 345.682000
346534	[0]	:	RT and choice to catch Q at trial 31: 1.148000, 31
346559	[25]	:	Fixation at trial 32: 346.539000
347081	[522]	:	Object at trial 32: 347.061000
350604	[3523]	:	Fixation at trial 32: 350.584000
351126	[522]	:	Catch Stim at trial 32: 351.106000
354651	[3525]	:	Catch Q at trial 32: 351.106000
355536	[885]	:	Key	31	DOWN	at	355536  
356631	[1095]	:	Respose to catch Q at trial 32: 355.542000
356631	[0]	:	RT and choice to catch Q at trial 32: 0.911000, 31
356656	[25]	:	Fixation at trial 33: 356.636000
357178	[522]	:	Object at trial 33: 357.158000
360701	[3523]	:	Fixation at trial 33: 360.681000
361223	[522]	:	Catch Stim at trial 33: 361.203000
364749	[3526]	:	Catch Q at trial 33: 361.203000
365392	[643]	:	Key	29	DOWN	at	365392  
366729	[1337]	:	Respose to catch Q at trial 33: 365.397000
366729	[0]	:	RT and choice to catch Q at trial 33: 0.668000, 29
366755	[26]	:	Fixation at trial 34: 366.735000
367277	[522]	:	Object at trial 34: 367.257000
370800	[3523]	:	Fixation at trial 34: 370.780000
371321	[521]	:	Catch Stim at trial 34: 371.301000
374847	[3526]	:	Catch Q at trial 34: 371.301000
375557	[710]	:	Key	31	DOWN	at	375557  
376827	[1270]	:	Respose to catch Q at trial 34: 375.563000
376827	[0]	:	RT and choice to catch Q at trial 34: 0.736000, 31
376852	[25]	:	Fixation at trial 35: 376.832000
377374	[522]	:	Object at trial 35: 377.354000
380897	[3523]	:	Fixation at trial 35: 380.877000
381419	[522]	:	Catch Stim at trial 35: 381.399000
384944	[3525]	:	Catch Q at trial 35: 381.399000
385523	[579]	:	Key	31	DOWN	at	385523  
386924	[1401]	:	Respose to catch Q at trial 35: 385.528000
386925	[1]	:	RT and choice to catch Q at trial 35: 0.604000, 31
386949	[24]	:	Fixation at trial 36: 386.929000
387471	[522]	:	Object at trial 36: 387.451000
390994	[3523]	:	Fixation at trial 36: 390.974000
391515	[521]	:	Catch Stim at trial 36: 391.495000
395040	[3525]	:	Catch Q at trial 36: 391.495000
395849	[809]	:	Key	31	DOWN	at	395849  
397020	[1171]	:	Respose to catch Q at trial 36: 395.855000
397020	[0]	:	RT and choice to catch Q at trial 36: 0.835000, 31
397045	[25]	:	Fixation at trial 37: 397.025000
397567	[522]	:	Object at trial 37: 397.547000
401090	[3523]	:	Fixation at trial 37: 401.070000
401612	[522]	:	Catch Stim at trial 37: 401.592000
405137	[3525]	:	Catch Q at trial 37: 401.592000
406229	[1092]	:	Key	31	DOWN	at	406229  
407117	[888]	:	Respose to catch Q at trial 37: 406.233000
407117	[0]	:	RT and choice to catch Q at trial 37: 1.116000, 31
407142	[25]	:	Fixation at trial 38: 407.122000
407664	[522]	:	Object at trial 38: 407.644000
411187	[3523]	:	Fixation at trial 38: 411.167000
411709	[522]	:	Catch Stim at trial 38: 411.689000
415234	[3525]	:	Catch Q at trial 38: 411.689000
415985	[751]	:	Key	29	DOWN	at	415985  
417214	[1229]	:	Respose to catch Q at trial 38: 415.991000
417214	[0]	:	RT and choice to catch Q at trial 38: 0.777000, 29
417239	[25]	:	Fixation at trial 39: 417.219000
417761	[522]	:	Object at trial 39: 417.741000
421284	[3523]	:	Fixation at trial 39: 421.264000
421806	[522]	:	Catch Stim at trial 39: 421.786000
425331	[3525]	:	Catch Q at trial 39: 421.786000
426135	[804]	:	Key	31	DOWN	at	426135  
427311	[1176]	:	Respose to catch Q at trial 39: 426.141000
427311	[0]	:	RT and choice to catch Q at trial 39: 0.830000, 31
427336	[25]	:	Fixation at trial 40: 427.316000
427858	[522]	:	Object at trial 40: 427.838000
431381	[3523]	:	Fixation at trial 40: 431.361000
431903	[522]	:	Catch Stim at trial 40: 431.883000
435428	[3525]	:	Catch Q at trial 40: 431.883000
436251	[823]	:	Key	29	DOWN	at	436251  
437408	[1157]	:	Respose to catch Q at trial 40: 436.257000
437408	[0]	:	RT and choice to catch Q at trial 40: 0.849000, 29
437433	[25]	:	Fixation at trial 41: 437.413000
437955	[522]	:	Object at trial 41: 437.935000
441478	[3523]	:	Fixation at trial 41: 441.458000
442