Cog2000 log file Fri Sep 20 12:53:15 2019
gprim v1.29 Compiled:Feb  1 2010 (GLib DirectDraw v7 DX10.0 Compiled:Feb  1 2010)
Display:1024x768x32 59.81Hz
CogInput v1.05 Compiled: May 20 2010
0	[0]	:	COGENT START
1435	[1435]	:	Key	29	DOWN	at	1435    
1560	[125]	:	Key	29	UP	at	1560    
2460	[900]	:	Key	31	DOWN	at	2460    
2660	[200]	:	Key	31	UP	at	2660    
37302	[34642]	:	Key	71	DOWN	at	37302   
37365	[63]	:	Fixation at trial 1: 37.345000
37893	[528]	:	Object at trial 1: 37.872000
41417	[3524]	:	Fixation at trial 1: 41.396000
41945	[528]	:	Catch Stim at trial 1: 41.924000
45474	[3529]	:	Catch Q at trial 1: 41.924000
46118	[644]	:	Key	29	DOWN	at	46118   
47454	[1336]	:	Respose to catch Q at trial 1: 46.126000
47455	[1]	:	RT and choice to catch Q at trial 1: 0.673000, 29
47490	[35]	:	Fixation at trial 2: 47.470000
48012	[522]	:	Object at trial 2: 47.992000
51535	[3523]	:	Fixation at trial 2: 51.515000
52059	[524]	:	Catch Stim at trial 2: 52.039000
55586	[3527]	:	Catch Q at trial 2: 52.039000
56454	[868]	:	Key	31	DOWN	at	56454   
57566	[1112]	:	Respose to catch Q at trial 2: 56.461000
57567	[1]	:	RT and choice to catch Q at trial 2: 0.895000, 31
57600	[33]	:	Fixation at trial 3: 57.580000
58122	[522]	:	Object at trial 3: 58.102000
61645	[3523]	:	Fixation at trial 3: 61.625000
62167	[522]	:	Catch Stim at trial 3: 62.147000
65693	[3526]	:	Catch Q at trial 3: 62.147000
66484	[791]	:	Key	31	DOWN	at	66484   
67673	[1189]	:	Respose to catch Q at trial 3: 66.489000
67674	[1]	:	RT and choice to catch Q at trial 3: 0.816000, 31
67702	[28]	:	Fixation at trial 4: 67.682000
68224	[522]	:	Object at trial 4: 68.204000
71747	[3523]	:	Fixation at trial 4: 71.727000
72269	[522]	:	Catch Stim at trial 4: 72.249000
75795	[3526]	:	Catch Q at trial 4: 72.249000
76560	[765]	:	Key	29	DOWN	at	76560   
77775	[1215]	:	Respose to catch Q at trial 4: 76.566000
77776	[1]	:	RT and choice to catch Q at trial 4: 0.791000, 29
77804	[28]	:	Fixation at trial 5: 77.784000
78326	[522]	:	Object at trial 5: 78.306000
81849	[3523]	:	Fixation at trial 5: 81.829000
82372	[523]	:	Catch Stim at trial 5: 82.352000
85898	[3526]	:	Catch Q at trial 5: 82.352000
86715	[817]	:	Key	31	DOWN	at	86715   
87878	[1163]	:	Respose to catch Q at trial 5: 86.721000
87879	[1]	:	RT and choice to catch Q at trial 5: 0.843000, 31
87907	[28]	:	Fixation at trial 6: 87.887000
88429	[522]	:	Object at trial 6: 88.409000
91952	[3523]	:	Fixation at trial 6: 91.932000
92474	[522]	:	Catch Stim at trial 6: 92.454000
96000	[3526]	:	Catch Q at trial 6: 92.454000
96566	[566]	:	Key	29	DOWN	at	96566   
97980	[1414]	:	Respose to catch Q at trial 6: 96.572000
97981	[1]	:	RT and choice to catch Q at trial 6: 0.592000, 29
98007	[26]	:	Fixation at trial 7: 97.987000
98529	[522]	:	Object at trial 7: 98.509000
102052	[3523]	:	Fixation at trial 7: 102.032000
102575	[523]	:	Catch Stim at trial 7: 102.555000
106101	[3526]	:	Catch Q at trial 7: 102.555000
106826	[725]	:	Key	29	DOWN	at	106826  
108081	[1255]	:	Respose to catch Q at trial 7: 106.832000
108082	[1]	:	RT and choice to catch Q at trial 7: 0.751000, 29
108108	[26]	:	Fixation at trial 8: 108.088000
108630	[522]	:	Object at trial 8: 108.610000
112153	[3523]	:	Fixation at trial 8: 112.133000
112676	[523]	:	Catch Stim at trial 8: 112.656000
116202	[3526]	:	Catch Q at trial 8: 112.656000
116887	[685]	:	Key	31	DOWN	at	116887  
118182	[1295]	:	Respose to catch Q at trial 8: 116.893000
118183	[1]	:	RT and choice to catch Q at trial 8: 0.711000, 31
118208	[25]	:	Fixation at trial 9: 118.188000
118730	[522]	:	Object at trial 9: 118.710000
122253	[3523]	:	Fixation at trial 9: 122.233000
122776	[523]	:	Catch Stim at trial 9: 122.756000
126301	[3525]	:	Catch Q at trial 9: 122.756000
127493	[1192]	:	Key	29	DOWN	at	127493  
128281	[788]	:	Respose to catch Q at trial 9: 127.499000
128282	[1]	:	RT and choice to catch Q at trial 9: 1.218000, 29
128308	[26]	:	Fixation at trial 10: 128.287000
128830	[522]	:	Object at trial 10: 128.810000
132353	[3523]	:	Fixation at trial 10: 132.333000
132876	[523]	:	Catch Stim at trial 10: 132.856000
136401	[3525]	:	Catch Q at trial 10: 132.856000
137148	[747]	:	Key	31	DOWN	at	137148  
138381	[1233]	:	Respose to catch Q at trial 10: 137.154000
138382	[1]	:	RT and choice to catch Q at trial 10: 0.773000, 31
138406	[24]	:	Fixation at trial 11: 138.386000
138928	[522]	:	Object at trial 11: 138.908000
142451	[3523]	:	Fixation at trial 11: 142.431000
142973	[522]	:	Catch Stim at trial 11: 142.953000
146498	[3525]	:	Catch Q at trial 11: 142.953000
147209	[711]	:	Key	31	DOWN	at	147209  
148478	[1269]	:	Respose to catch Q at trial 11: 147.214000
148479	[1]	:	RT and choice to catch Q at trial 11: 0.736000, 31
148504	[25]	:	Fixation at trial 12: 148.484000
149026	[522]	:	Object at trial 12: 149.006000
152549	[3523]	:	Fixation at trial 12: 152.529000
153072	[523]	:	Catch Stim at trial 12: 153.052000
156598	[3526]	:	Catch Q at trial 12: 153.052000
157279	[681]	:	Key	29	DOWN	at	157279  
158578	[1299]	:	Respose to catch Q at trial 12: 157.285000
158578	[0]	:	RT and choice to catch Q at trial 12: 0.707000, 29
158603	[25]	:	Fixation at trial 13: 158.583000
159125	[522]	:	Object at trial 13: 159.105000
162648	[3523]	:	Fixation at trial 13: 162.628000
163170	[522]	:	Catch Stim at trial 13: 163.150000
166696	[3526]	:	Catch Q at trial 13: 163.150000
167520	[824]	:	Key	29	DOWN	at	167520  
168676	[1156]	:	Respose to catch Q at trial 13: 167.525000
168677	[1]	:	RT and choice to catch Q at trial 13: 0.849000, 29
168702	[25]	:	Fixation at trial 14: 168.682000
169224	[522]	:	Object at trial 14: 169.204000
172747	[3523]	:	Fixation at trial 14: 172.727000
173268	[521]	:	Catch Stim at trial 14: 173.248000
176793	[3525]	:	Catch Q at trial 14: 173.248000
177550	[757]	:	Key	31	DOWN	at	177550  
178773	[1223]	:	Respose to catch Q at trial 14: 177.556000
178774	[1]	:	RT and choice to catch Q at trial 14: 0.783000, 31
178798	[24]	:	Fixation at trial 15: 178.778000
179320	[522]	:	Object at trial 15: 179.300000
182843	[3523]	:	Fixation at trial 15: 182.823000
183365	[522]	:	Catch Stim at trial 15: 183.345000
186891	[3526]	:	Catch Q at trial 15: 183.345000
187876	[985]	:	Key	31	DOWN	at	187876  
188871	[995]	:	Respose to catch Q at trial 15: 187.882000
188872	[1]	:	RT and choice to catch Q at trial 15: 1.011000, 31
188896	[24]	:	Fixation at trial 16: 188.876000
189418	[522]	:	Object at trial 16: 189.398000
192941	[3523]	:	Fixation at trial 16: 192.921000
193464	[523]	:	Catch Stim at trial 16: 193.444000
196989	[3525]	:	Catch Q at trial 16: 193.444000
197772	[783]	:	Key	31	DOWN	at	197772  
198969	[1197]	:	Respose to catch Q at trial 16: 197.777000
198970	[1]	:	RT and choice to catch Q at trial 16: 0.808000, 31
198994	[24]	:	Fixation at trial 17: 198.974000
199516	[522]	:	Object at trial 17: 199.496000
203039	[3523]	:	Fixation at trial 17: 203.019000
203560	[521]	:	Catch Stim at trial 17: 203.540000
207085	[3525]	:	Catch Q at trial 17: 203.540000
207872	[787]	:	Key	31	DOWN	at	207872  
209065	[1193]	:	Respose to catch Q at trial 17: 207.878000
209065	[0]	:	RT and choice to catch Q at trial 17: 0.813000, 31
209090	[25]	:	Fixation at trial 18: 209.070000
209612	[522]	:	Object at trial 18: 209.592000
213135	[3523]	:	Fixation at trial 18: 213.115000
213657	[522]	:	Catch Stim at trial 18: 213.637000
217182	[3525]	:	Catch Q at trial 18: 213.637000
217983	[801]	:	Key	29	DOWN	at	217983  
219162	[1179]	:	Respose to catch Q at trial 18: 217.989000
219162	[0]	:	RT and choice to catch Q at trial 18: 0.827000, 29
219187	[25]	:	Fixation at trial 19: 219.167000
219709	[522]	:	Object at trial 19: 219.689000
223232	[3523]	:	Fixation at trial 19: 223.212000
223754	[522]	:	Catch Stim at trial 19: 223.734000
227280	[3526]	:	Catch Q at trial 19: 223.734000
228113	[833]	:	Key	29	DOWN	at	228113  
229260	[1147]	:	Respose to catch Q at trial 19: 228.119000
229260	[0]	:	RT and choice to catch Q at trial 19: 0.859000, 29
229285	[25]	:	Fixation at trial 20: 229.265000
229807	[522]	:	Object at trial 20: 229.787000
233330	[3523]	:	Fixation at trial 20: 233.310000
233852	[522]	:	Catch Stim at trial 20: 233.832000
237377	[3525]	:	Catch Q at trial 20: 233.832000
238264	[887]	:	Key	31	DOWN	at	238264  
239357	[1093]	:	Respose to catch Q at trial 20: 238.270000
239358	[1]	:	RT and choice to catch Q at trial 20: 0.913000, 31
239382	[24]	:	Fixation at trial 21: 239.362000
239904	[522]	:	Object at trial 21: 239.884000
243427	[3523]	:	Fixation at trial 21: 243.407000
243949	[522]	:	Catch Stim at trial 21: 243.929000
247474	[3525]	:	Catch Q at trial 21: 243.929000
248210	[736]	:	Key	31	DOWN	at	248210  
249454	[1244]	:	Respose to catch Q at trial 21: 248.216000
249454	[0]	:	RT and choice to catch Q at trial 21: 0.762000, 31
249479	[25]	:	Fixation at trial 22: 249.459000
250001	[522]	:	Object at trial 22: 249.981000
253525	[3524]	:	Fixation at trial 22: 253.505000
254047	[522]	:	Catch Stim at trial 22: 254.027000
257574	[3527]	:	Catch Q at trial 22: 254.027000
259599	[2025]	:	Respose to catch Q at trial 22: 259.079000
259600	[1]	:	RT and choice to catch Q at trial 22: 1.525000, 0
259632	[32]	:	Fixation at trial 23: 259.612000
260154	[522]	:	Object at trial 23: 260.134000
263677	[3523]	:	Fixation at trial 23: 263.657000
264199	[522]	:	Catch Stim at trial 23: 264.179000
267727	[3528]	:	Catch Q at trial 23: 264.179000
268451	[724]	:	Key	31	DOWN	at	268451  
269707	[1256]	:	Respose to catch Q at trial 23: 268.458000
269707	[0]	:	RT and choice to catch Q at trial 23: 0.751000, 31
269732	[25]	:	Fixation at trial 24: 269.712000
270255	[523]	:	Object at trial 24: 270.235000
273778	[3523]	:	Fixation at trial 24: 273.758000
274299	[521]	:	Catch Stim at trial 24: 274.279000
277824	[3525]	:	Catch Q at trial 24: 274.279000
278471	[647]	:	Key	29	DOWN	at	278471  
279804	[1333]	:	Respose to catch Q at trial 24: 278.477000
279804	[0]	:	RT and choice to catch Q at trial 24: 0.673000, 29
279829	[25]	:	Fixation at trial 25: 279.809000
280351	[522]	:	Object at trial 25: 280.331000
283874	[3523]	:	Fixation at trial 25: 283.854000
284396	[522]	:	Catch Stim at trial 25: 284.376000
287922	[3526]	:	Catch Q at trial 25: 284.376000
288492	[570]	:	Key	29	DOWN	at	288492  
289902	[1410]	:	Respose to catch Q at trial 25: 288.498000
289902	[0]	:	RT and choice to catch Q at trial 25: 0.596000, 29
289927	[25]	:	Fixation at trial 26: 289.907000
290449	[522]	:	Object at trial 26: 290.429000
293972	[3523]	:	Fixation at trial 26: 293.952000
294493	[521]	:	Catch Stim at trial 26: 294.473000
298019	[3526]	:	Catch Q at trial 26: 294.473000
298727	[708]	:	Key	31	DOWN	at	298727  
299999	[1272]	:	Respose to catch Q at trial 26: 298.733000
299999	[0]	:	RT and choice to catch Q at trial 26: 0.734000, 31
300024	[25]	:	Fixation at trial 27: 300.004000
300546	[522]	:	Object at trial 27: 300.526000
304069	[3523]	:	Fixation at trial 27: 304.049000
304591	[522]	:	Catch Stim at trial 27: 304.571000
308116	[3525]	:	Catch Q at trial 27: 304.571000
308733	[617]	:	Key	29	DOWN	at	308733  
310096	[1363]	:	Respose to catch Q at trial 27: 308.739000
310096	[0]	:	RT and choice to catch Q at trial 27: 0.643000, 29
310121	[25]	:	Fixation at trial 28: 310.101000
310643	[522]	:	Object at trial 28: 310.623000
314166	[3523]	:	Fixation at trial 28: 314.146000
314688	[522]	:	Catch Stim at trial 28: 314.668000
318214	[3526]	:	Catch Q at trial 28: 314.668000
319099	[885]	:	Key	29	DOWN	at	319099  
320194	[1095]	:	Respose to catch Q at trial 28: 319.105000
320194	[0]	:	RT and choice to catch Q at trial 28: 0.911000, 29
320219	[25]	:	Fixation at trial 29: 320.199000
320741	[522]	:	Object at trial 29: 320.721000
324264	[3523]	:	Fixation at trial 29: 324.244000
324786	[522]	:	Catch Stim at trial 29: 324.766000
328312	[3526]	:	Catch Q at trial 29: 324.766000
329169	[857]	:	Key	31	DOWN	at	329169  
330292	[1123]	:	Respose to catch Q at trial 29: 329.175000
330292	[0]	:	RT and choice to catch Q at trial 29: 0.883000, 31
330317	[25]	:	Fixation at trial 30: 330.297000
331027	[710]	:	Object at trial 30: 331.007000
334550	[3523]	:	Fixation at trial 30: 334.530000
335072	[522]	:	Catch Stim at trial 30: 335.052000
338598	[3526]	:	Catch Q at trial 30: 335.052000
339116	[518]	:	Key	29	DOWN	at	339116  
340578	[1462]	:	Respose to catch Q at trial 30: 339.121000
340578	[0]	:	RT and choice to catch Q at trial 30: 0.543000, 29
340603	[25]	:	Fixation at trial 31: 340.583000
341126	[523]	:	Object at trial 31: 341.106000
344649	[3523]	:	Fixation at trial 31: 344.629000
345171	[522]	:	Catch Stim at trial 31: 345.151000
348697	[3526]	:	Catch Q at trial 31: 345.151000
349286	[589]	:	Key	31	DOWN	at	349286  
350677	[1391]	:	Respose to catch Q at trial 31: 349.291000
350677	[0]	:	RT and choice to catch Q at trial 31: 0.614000, 31
350702	[25]	:	Fixation at trial 32: 350.682000
351224	[522]	:	Object at trial 32: 351.204000
354747	[3523]	:	Fixation at trial 32: 354.727000
355269	[522]	:	Catch Stim at trial 32: 355.249000
358795	[3526]	:	Catch Q at trial 32: 355.249000
359382	[587]	:	Key	31	DOWN	at	359382  
360775	[1393]	:	Respose to catch Q at trial 32: 359.387000
360775	[0]	:	RT and choice to catch Q at trial 32: 0.612000, 31
360800	[25]	:	Fixation at trial 33: 360.780000
361322	[522]	:	Object at trial 33: 361.302000
364845	[3523]	:	Fixation at trial 33: 364.825000
365367	[522]	:	Catch Stim at trial 33: 365.347000
368893	[3526]	:	Catch Q at trial 33: 365.347000
369647	[754]	:	Key	29	DOWN	at	369647  
370873	[1226]	:	Respose to catch Q at trial 33: 369.653000
370873	[0]	:	RT and choice to catch Q at trial 33: 0.780000, 29
370898	[25]	:	Fixation at trial 34: 370.878000
371420	[522]	:	Object at trial 34: 371.400000
374943	[3523]	:	Fixation at trial 34: 374.923000
375465	[522]	:	Catch Stim at trial 34: 375.445000
378990	[3525]	:	Catch Q at trial 34: 375.445000
379743	[753]	:	Key	31	DOWN	at	379743  
380970	[1227]	:	Respose to catch Q at trial 34: 379.749000
380970	[0]	:	RT and choice to catch Q at trial 34: 0.779000, 31
380995	[25]	:	Fixation at trial 35: 380.975000
381517	[522]	:	Object at trial 35: 381.497000
385040	[3523]	:	Fixation at trial 35: 385.020000
385562	[522]	:	Catch Stim at trial 35: 385.542000
389087	[3525]	:	Catch Q at trial 35: 385.542000
389674	[587]	:	Key	29	DOWN	at	389674  
391067	[1393]	:	Respose to catch Q at trial 35: 389.680000
391067	[0]	:	RT and choice to catch Q at trial 35: 0.613000, 29
391092	[25]	:	Fixation at trial 36: 391.072000
391614	[522]	:	Object at trial 36: 391.594000
395137	[3523]	:	Fixation at trial 36: 395.117000
395660	[523]	:	Catch Stim at trial 36: 395.640000
399185	[3525]	:	Catch Q at trial 36: 395.640000
400219	[1034]	:	Key	29	DOWN	at	400219  
401165	[946]	:	Respose to catch Q at trial 36: 400.225000
401165	[0]	:	RT and choice to catch Q at trial 36: 1.060000, 29
401190	[25]	:	Fixation at trial 37: 401.170000
401712	[522]	:	Object at trial 37: 401.692000
405235	[3523]	:	Fixation at trial 37: 405.215000
405757	[522]	:	Catch Stim at trial 37: 405.737000
409282	[3525]	:	Catch Q at trial 37: 405.737000
409965	[683]	:	Key	31	DOWN	at	409965  
411262	[1297]	:	Respose to catch Q at trial 37: 409.971000
411262	[0]	:	RT and choice to catch Q at trial 37: 0.709000, 31
411287	[25]	:	Fixation at trial 38: 411.267000
411809	[522]	:	Object at trial 38: 411.789000
415332	[3523]	:	Fixation at trial 38: 415.312000
415854	[522]	:	Catch Stim at trial 38: 415.834000
419379	[3525]	:	Catch Q at trial 38: 415.834000
420270	[891]	:	Key	29	DOWN	at	420270  
421359	[1089]	:	Respose to catch Q at trial 38: 420.275000
421359	[0]	:	RT and choice to catch Q at trial 38: 0.916000, 29
421384	[25]	:	Fixation at trial 39: 421.364000
421906	[522]	:	Object at trial 39: 421.886000
425429	[3523]	:	Fixation at trial 39: 425.409000
425951	[522]	:	Catch Stim at trial 39: 425.931000
429476	[3525]	:	Catch Q at trial 39: 425.931000
430091	[615]	:	Key	29	DOWN	at	430091  
431456	[1365]	:	Respose to catch Q at trial 39: 430.097000
431456	[0]	:	RT and choice to catch Q at trial 39: 0.641000, 29
431481	[25]	:	Fixation at trial 40: 431.461000
432003	[522]	:	Object at trial 40: 431.983000
435526	[3523]	:	Fixation at trial 40: 435.506000
436048	[522]	:	Catch Stim at trial 40: 436.028000
439573	[3525]	:	Catch Q at trial 40: 436.028000
440432	[859]	:	Key	29	DOWN	at	440432  
441553	[1121]	:	Respose to catch Q at trial 40: 440.437000
441554	[1]	:	RT and choice to catch Q at trial 40: 0.884000, 29
441578	[24]	:	Fixation at trial 41: 441.558000
442100	[522]	:	Object at trial 41: 442.080000
445623	[