Cog2000 log file Fri Nov 22 12:11:01 2019
gprim v1.29 Compiled:Feb  1 2010 (GLib DirectDraw v7 DX10.0 Compiled:Feb  1 2010)
Display:1024x768x32 59.81Hz
Attaching C:\Program Files\matlab\toolbox2015b\Cogent2000\Toolbox\CogInput.mexw32
CogInput v1.05 Compiled: May 20 2010

*******
*ABORT* CogInput : Create : cannot get active window
*******
Cog2000 log file Fri Nov 22 12:11:14 2019
gprim v1.29 Compiled:Feb  1 2010 (GLib DirectDraw v7 DX10.0 Compiled:Feb  1 2010)
Display:1024x768x32 59.84Hz
CogInput v1.05 Compiled: May 20 2010
5	[5]	:	COGENT START
2177	[2172]	:	Key	31	DOWN	at	2170    
2425	[248]	:	Key	31	UP	at	2425    
2820	[395]	:	Key	29	DOWN	at	2820    
3000	[180]	:	Key	29	UP	at	3000    
38293	[35293]	:	Key	71	DOWN	at	38293   
38380	[87]	:	Fixation at trial 1: 38.358000
39435	[1055]	:	Object at trial 1: 39.414000
41504	[2069]	:	Fixation at trial 2: 41.483000
42526	[1022]	:	Object at trial 2: 42.506000
44568	[2042]	:	Fixation at trial 3: 44.548000
45590	[1022]	:	Object at trial 3: 45.570000
47616	[2026]	:	Fixation at trial 3: 47.595000
48865	[1249]	:	Catch Stim at trial 3: 48.845000
49859	[994]	:	Key	29	DOWN	at	49859   
51347	[1488]	:	Respose to catch Q at trial 3: 49.883000
51349	[2]	:	RT and choice to catch Q at trial 3: 1.038000, 29
51392	[43]	:	Fixation at trial 4: 51.372000
52415	[1023]	:	Object at trial 4: 52.395000
54446	[2031]	:	Fixation at trial 5: 54.426000
55467	[1021]	:	Object at trial 5: 55.447000
57492	[2025]	:	Fixation at trial 6: 57.472000
58515	[1023]	:	Object at trial 6: 58.495000
60540	[2025]	:	Fixation at trial 7: 60.520000
61562	[1022]	:	Object at trial 7: 61.542000
63587	[2025]	:	Fixation at trial 8: 63.567000
64607	[1020]	:	Object at trial 8: 64.588000
66631	[2024]	:	Fixation at trial 9: 66.611000
67652	[1021]	:	Object at trial 9: 67.632000
69676	[2024]	:	Fixation at trial 9: 69.656000
70706	[1030]	:	Catch Stim at trial 9: 70.685000
71500	[794]	:	Key	29	DOWN	at	71500   
73186	[1686]	:	Respose to catch Q at trial 9: 71.507000
73187	[1]	:	RT and choice to catch Q at trial 9: 0.822000, 29
73212	[25]	:	Fixation at trial 10: 73.192000
74233	[1021]	:	Object at trial 10: 74.213000
76257	[2024]	:	Fixation at trial 11: 76.237000
77278	[1021]	:	Object at trial 11: 77.258000
79302	[2024]	:	Fixation at trial 12: 79.282000
80323	[1021]	:	Object at trial 12: 80.303000
82347	[2024]	:	Fixation at trial 13: 82.327000
83368	[1021]	:	Object at trial 13: 83.348000
85392	[2024]	:	Fixation at trial 14: 85.372000
86413	[1021]	:	Object at trial 14: 86.393000
88437	[2024]	:	Fixation at trial 15: 88.417000
89458	[1021]	:	Object at trial 15: 89.438000
91481	[2023]	:	Fixation at trial 15: 91.461000
92506	[1025]	:	Catch Stim at trial 15: 92.486000
93117	[611]	:	Key	31	DOWN	at	93117   
94988	[1871]	:	Respose to catch Q at trial 15: 93.124000
94989	[1]	:	RT and choice to catch Q at trial 15: 0.638000, 31
95014	[25]	:	Fixation at trial 16: 94.994000
96035	[1021]	:	Object at trial 16: 96.015000
98061	[2026]	:	Fixation at trial 17: 98.041000
99082	[1021]	:	Object at trial 17: 99.062000
101106	[2024]	:	Fixation at trial 18: 101.086000
102127	[1021]	:	Object at trial 18: 102.107000
104151	[2024]	:	Fixation at trial 19: 104.131000
105172	[1021]	:	Object at trial 19: 105.152000
107196	[2024]	:	Fixation at trial 20: 107.176000
108217	[1021]	:	Object at trial 20: 108.197000
110241	[2024]	:	Fixation at trial 21: 110.221000
111262	[1021]	:	Object at trial 21: 111.242000
113286	[2024]	:	Fixation at trial 22: 113.266000
114308	[1022]	:	Object at trial 22: 114.288000
116332	[2024]	:	Fixation at trial 23: 116.312000
117353	[1021]	:	Object at trial 23: 117.333000
119377	[2024]	:	Fixation at trial 24: 119.357000
120398	[1021]	:	Object at trial 24: 120.378000
122422	[2024]	:	Fixation at trial 25: 122.402000
123444	[1022]	:	Object at trial 25: 123.424000
125468	[2024]	:	Fixation at trial 26: 125.448000
126489	[1021]	:	Object at trial 26: 126.469000
128513	[2024]	:	Fixation at trial 27: 128.493000
129535	[1022]	:	Object at trial 27: 129.514000
131559	[2024]	:	Fixation at trial 28: 131.539000
132580	[1021]	:	Object at trial 28: 132.560000
134604	[2024]	:	Fixation at trial 29: 134.584000
135625	[1021]	:	Object at trial 29: 135.605000
137658	[2033]	:	Fixation at trial 30: 137.638000
138679	[1021]	:	Object at trial 30: 138.659000
140702	[2023]	:	Fixation at trial 30: 140.682000
141726	[1024]	:	Catch Stim at trial 30: 141.706000
142504	[778]	:	Key	31	DOWN	at	142504  
144206	[1702]	:	Respose to catch Q at trial 30: 142.510000
144207	[1]	:	RT and choice to catch Q at trial 30: 0.804000, 31
144232	[25]	:	Fixation at trial 31: 144.212000
145254	[1022]	:	Object at trial 31: 145.234000
147278	[2024]	:	Fixation at trial 32: 147.258000
148299	[1021]	:	Object at trial 32: 148.279000
150323	[2024]	:	Fixation at trial 33: 150.303000
151344	[1021]	:	Object at trial 33: 151.324000
153368	[2024]	:	Fixation at trial 34: 153.348000
154389	[1021]	:	Object at trial 34: 154.369000
156412	[2023]	:	Fixation at trial 34: 156.392000
157437	[1025]	:	Catch Stim at trial 34: 157.417000
158945	[1508]	:	Key	31	DOWN	at	158945  
159917	[972]	:	Respose to catch Q at trial 34: 158.951000
159918	[1]	:	RT and choice to catch Q at trial 34: 1.534000, 31
159942	[24]	:	Fixation at trial 35: 159.922000
160963	[1021]	:	Object at trial 35: 160.943000
162987	[2024]	:	Fixation at trial 36: 162.967000
164008	[1021]	:	Object at trial 36: 163.988000
166031	[2023]	:	Fixation at trial 36: 166.011000
167057	[1026]	:	Catch Stim at trial 36: 167.037000
168091	[1034]	:	Key	29	DOWN	at	168091  
169537	[1446]	:	Respose to catch Q at trial 36: 168.097000
169538	[1]	:	RT and choice to catch Q at trial 36: 1.060000, 29
169562	[24]	:	Fixation at trial 37: 169.542000
170583	[1021]	:	Object at trial 37: 170.563000
172607	[2024]	:	Fixation at trial 38: 172.587000
173628	[1021]	:	Object at trial 38: 173.608000
175653	[2025]	:	Fixation at trial 39: 175.633000
176674	[1021]	:	Object at trial 39: 176.654000
178698	[2024]	:	Fixation at trial 40: 178.678000
179719	[1021]	:	Object at trial 40: 179.699000
181742	[2023]	:	Fixation at trial 40: 181.722000
182769	[1027]	:	Catch Stim at trial 40: 182.749000
183607	[838]	:	Key	29	DOWN	at	183607  
185249	[1642]	:	Respose to catch Q at trial 40: 183.613000
185250	[1]	:	RT and choice to catch Q at trial 40: 0.864000, 29
185275	[25]	:	Fixation at trial 41: 185.255000
186296	[1021]	:	Object at trial 41: 186.276000
188321	[2025]	:	Fixation at trial 42: 188.301000
189342	[1021]	:	Object at trial 42: 189.322000
191366	[2024]	:	Fixation at trial 43: 191.346000
192387	[1021]	:	Object at trial 43: 192.367000
194411	[2024]	:	Fixation at trial 44: 194.391000
195432	[1021]	:	Object at trial 44: 195.412000
197456	[2024]	:	Fixation at trial 45: 197.436000
198477	[1021]	:	Object at trial 45: 198.457000
200501	[2024]	:	Fixation at trial 46: 200.481000
201522	[1021]	:	Object at trial 46: 201.502000
203546	[2024]	:	Fixation at trial 47: 203.526000
204567	[1021]	:	Object at trial 47: 204.547000
206591	[2024]	:	Fixation at trial 48: 206.571000
207612	[1021]	:	Object at trial 48: 207.592000
209636	[2024]	:	Fixation at trial 48: 209.615000
210661	[1025]	:	Catch Stim at trial 48: 210.641000
211448	[787]	:	Key	29	DOWN	at	211448  
213141	[1693]	:	Respose to catch Q at trial 48: 211.454000
213141	[0]	:	RT and choice to catch Q at trial 48: 0.813000, 29
213166	[25]	:	Fixation at trial 49: 213.146000
214187	[1021]	:	Object at trial 49: 214.167000
216211	[2024]	:	Fixation at trial 50: 216.191000
217232	[1021]	:	Object at trial 50: 217.212000
219256	[2024]	:	Fixation at trial 51: 219.236000
220277	[1021]	:	Object at trial 51: 220.257000
222301	[2024]	:	Fixation at trial 52: 222.281000
223322	[1021]	:	Object at trial 52: 223.302000
225346	[2024]	:	Fixation at trial 52: 225.326000
226372	[1026]	:	Catch Stim at trial 52: 226.352000
227271	[899]	:	Key	29	DOWN	at	227271  
228852	[1581]	:	Respose to catch Q at trial 52: 227.277000
228853	[1]	:	RT and choice to catch Q at trial 52: 0.925000, 29
228877	[24]	:	Fixation at trial 53: 228.857000
229898	[1021]	:	Object at trial 53: 229.878000
231922	[2024]	:	Fixation at trial 54: 231.902000
232943	[1021]	:	Object at trial 54: 232.923000
234967	[2024]	:	Fixation at trial 54: 234.947000
235992	[1025]	:	Catch Stim at trial 54: 235.972000
236777	[785]	:	Key	29	DOWN	at	236777  
238472	[1695]	:	Respose to catch Q at trial 54: 236.783000
238473	[1]	:	RT and choice to catch Q at trial 54: 0.811000, 29
238497	[24]	:	Fixation at trial 55: 238.477000
239518	[1021]	:	Object at trial 55: 239.498000
241542	[2024]	:	Fixation at trial 56: 241.522000
242564	[1022]	:	Object at trial 56: 242.544000
244589	[2025]	:	Fixation at trial 57: 244.569000
245610	[1021]	:	Object at trial 57: 245.590000
247634	[2024]	:	Fixation at trial 58: 247.614000
248656	[1022]	:	Object at trial 58: 248.636000
250681	[2025]	:	Fixation at trial 59: 250.661000
251702	[1021]	:	Object at trial 59: 251.682000
253726	[2024]	:	Fixation at trial 60: 253.706000
254747	[1021]	:	Object at trial 60: 254.727000
256771	[2024]	:	Fixation at trial 61: 256.751000
257793	[1022]	:	Object at trial 61: 257.772000
259819	[2026]	:	Fixation at trial 61: 259.798000
260843	[1024]	:	Catch Stim at trial 61: 260.823000
261778	[935]	:	Key	31	DOWN	at	261778  
263323	[1545]	:	Respose to catch Q at trial 61: 261.784000
263323	[0]	:	RT and choice to catch Q at trial 61: 0.961000, 31
263348	[25]	:	Fixation at trial 62: 263.328000
264369	[1021]	:	Object at trial 62: 264.349000
266393	[2024]	:	Fixation at trial 63: 266.373000
267414	[1021]	:	Object at trial 63: 267.394000
269438	[2024]	:	Fixation at trial 64: 269.418000
270459	[1021]	:	Object at trial 64: 270.439000
272483	[2024]	:	Fixation at trial 65: 272.463000
273504	[1021]	:	Object at trial 65: 273.484000
275528	[2024]	:	Fixation at trial 66: 275.508000
276549	[1021]	:	Object at trial 66: 276.529000
278573	[2024]	:	Fixation at trial 67: 278.553000
279594	[1021]	:	Object at trial 67: 279.574000
281618	[2024]	:	Fixation at trial 68: 281.598000
282639	[1021]	:	Object at trial 68: 282.619000
284663	[2024]	:	Fixation at trial 69: 284.643000
285684	[1021]	:	Object at trial 69: 285.664000
287708	[2024]	:	Fixation at trial 70: 287.688000
288729	[1021]	:	Object at trial 70: 288.709000
290753	[2024]	:	Fixation at trial 70: 290.733000
291778	[1025]	:	Catch Stim at trial 70: 291.758000
292670	[892]	:	Key	29	DOWN	at	292670  
294258	[1588]	:	Respose to catch Q at trial 70: 292.676000
294258	[0]	:	RT and choice to catch Q at trial 70: 0.918000, 29
294283	[25]	:	Fixation at trial 71: 294.263000
295304	[1021]	:	Object at trial 71: 295.284000
297328	[2024]	:	Fixation at trial 72: 297.308000
298349	[1021]	:	Object at trial 72: 298.329000
300373	[2024]	:	Fixation at trial 72: 300.353000
301397	[1024]	:	Catch Stim at trial 72: 301.377000
302096	[699]	:	Key	31	DOWN	at	302096  
303877	[1781]	:	Respose to catch Q at trial 72: 302.102000
303877	[0]	:	RT and choice to catch Q at trial 72: 0.725000, 31
303902	[25]	:	Fixation at trial 73: 303.882000
304923	[1021]	:	Object at trial 73: 304.903000
306947	[2024]	:	Fixation at trial 73: 306.927000
307971	[1024]	:	Catch Stim at trial 73: 307.951000
308801	[830]	:	Key	31	DOWN	at	308801  
310451	[1650]	:	Respose to catch Q at trial 73: 308.807000
310451	[0]	:	RT and choice to catch Q at trial 73: 0.856000, 31
310476	[25]	:	Fixation at trial 74: 310.456000
311497	[1021]	:	Object at trial 74: 311.477000
313522	[2025]	:	Fixation at trial 75: 313.502000
314543	[1021]	:	Object at trial 75: 314.523000
316567	[2024]	:	Fixation at trial 75: 316.547000
317591	[1024]	:	Catch Stim at trial 75: 317.571000
318272	[681]	:	Key	31	DOWN	at	318272  
320071	[1799]	:	Respose to catch Q at trial 75: 318.278000
320071	[0]	:	RT and choice to catch Q at trial 75: 0.707000, 31
320096	[25]	:	Fixation at trial 76: 320.076000
321117	[1021]	:	Object at trial 76: 321.097000
323143	[2026]	:	Fixation at trial 77: 323.123000
324164	[1021]	:	Object at trial 77: 324.144000
326188	[2024]	:	Fixation at trial 78: 326.168000
327209	[1021]	:	Object at trial 78: 327.189000
329233	[2024]	:	Fixation at trial 79: 329.213000
330254	[1021]	:	Object at trial 79: 330.234000
332278	[2024]	:	Fixation at trial 80: 332.258000
333299	[1021]	:	Object at trial 80: 333.279000
335323	[2024]	:	Fixation at trial 81: 335.303000
336344	[1021]	:	Object at trial 81: 336.324000
338368	[2024]	:	Fixation at trial 81: 338.348000
339393	[1025]	:	Catch Stim at trial 81: 339.373000
340243	[850]	:	Key	29	DOWN	at	340243  
341873	[1630]	:	Respose to catch Q at trial 81: 340.249000
341873	[0]	:	RT and choice to catch Q at trial 81: 0.876000, 29
341898	[25]	:	Fixation at trial 82: 341.878000
342920	[1022]	:	Object at t