Cog2000 log file Fri Nov 22 12:19:44 2019
gprim v1.29 Compiled:Feb  1 2010 (GLib DirectDraw v7 DX10.0 Compiled:Feb  1 2010)
Display:1024x768x32 59.84Hz
CogInput v1.05 Compiled: May 20 2010
0	[0]	:	COGENT START
1026	[1026]	:	Key	31	DOWN	at	1026    
1231	[205]	:	Key	31	UP	at	1231    
1366	[135]	:	Key	29	DOWN	at	1366    
1521	[155]	:	Key	29	UP	at	1521    
21597	[20076]	:	Key	71	DOWN	at	21597   
21654	[57]	:	Fixation at trial 1: 21.633000
22677	[1023]	:	Object at trial 1: 22.657000
24708	[2031]	:	Fixation at trial 2: 24.688000
25729	[1021]	:	Object at trial 2: 25.709000
27758	[2029]	:	Fixation at trial 3: 27.738000
28780	[1022]	:	Object at trial 3: 28.760000
30806	[2026]	:	Fixation at trial 4: 30.786000
31827	[1021]	:	Object at trial 4: 31.807000
33852	[2025]	:	Fixation at trial 4: 33.831000
34881	[1029]	:	Catch Stim at trial 4: 34.860000
35624	[743]	:	Key	31	DOWN	at	35624   
37361	[1737]	:	Respose to catch Q at trial 4: 35.631000
37362	[1]	:	RT and choice to catch Q at trial 4: 0.771000, 31
37391	[29]	:	Fixation at trial 5: 37.371000
38412	[1021]	:	Object at trial 5: 38.392000
40439	[2027]	:	Fixation at trial 6: 40.419000
41460	[1021]	:	Object at trial 6: 41.440000
43485	[2025]	:	Fixation at trial 7: 43.465000
44506	[1021]	:	Object at trial 7: 44.486000
46531	[2025]	:	Fixation at trial 8: 46.511000
47553	[1022]	:	Object at trial 8: 47.533000
49578	[2025]	:	Fixation at trial 9: 49.558000
50599	[1021]	:	Object at trial 9: 50.579000
52624	[2025]	:	Fixation at trial 10: 52.604000
53645	[1021]	:	Object at trial 10: 53.625000
55669	[2024]	:	Fixation at trial 10: 55.649000
56696	[1027]	:	Catch Stim at trial 10: 56.676000
57435	[739]	:	Key	29	DOWN	at	57435   
59176	[1741]	:	Respose to catch Q at trial 10: 57.442000
59177	[1]	:	RT and choice to catch Q at trial 10: 0.766000, 29
59207	[30]	:	Fixation at trial 11: 59.187000
60228	[1021]	:	Object at trial 11: 60.208000
62258	[2030]	:	Fixation at trial 12: 62.238000
63279	[1021]	:	Object at trial 12: 63.259000
65307	[2028]	:	Fixation at trial 13: 65.287000
66328	[1021]	:	Object at trial 13: 66.308000
68352	[2024]	:	Fixation at trial 13: 68.332000
69378	[1026]	:	Catch Stim at trial 13: 69.358000
70045	[667]	:	Key	29	DOWN	at	70045   
71858	[1813]	:	Respose to catch Q at trial 13: 70.051000
71859	[1]	:	RT and choice to catch Q at trial 13: 0.693000, 29
71884	[25]	:	Fixation at trial 14: 71.864000
72905	[1021]	:	Object at trial 14: 72.885000
74932	[2027]	:	Fixation at trial 15: 74.911000
75953	[1021]	:	Object at trial 15: 75.933000
77978	[2025]	:	Fixation at trial 16: 77.958000
78999	[1021]	:	Object at trial 16: 78.979000
81023	[2024]	:	Fixation at trial 16: 81.003000
82048	[1025]	:	Catch Stim at trial 16: 82.028000
82731	[683]	:	Key	29	DOWN	at	82731   
84528	[1797]	:	Respose to catch Q at trial 16: 82.737000
84529	[1]	:	RT and choice to catch Q at trial 16: 0.709000, 29
84554	[25]	:	Fixation at trial 17: 84.534000
85575	[1021]	:	Object at trial 17: 85.555000
87600	[2025]	:	Fixation at trial 18: 87.580000
88621	[1021]	:	Object at trial 18: 88.601000
90646	[2025]	:	Fixation at trial 19: 90.626000
91667	[1021]	:	Object at trial 19: 91.647000
93691	[2024]	:	Fixation at trial 20: 93.671000
94712	[1021]	:	Object at trial 20: 94.692000
96736	[2024]	:	Fixation at trial 21: 96.716000
97757	[1021]	:	Object at trial 21: 97.737000
99780	[2023]	:	Fixation at trial 21: 99.760000
100805	[1025]	:	Catch Stim at trial 21: 100.785000
101452	[647]	:	Key	31	DOWN	at	101452  
103285	[1833]	:	Respose to catch Q at trial 21: 101.458000
103286	[1]	:	RT and choice to catch Q at trial 21: 0.673000, 31
103311	[25]	:	Fixation at trial 22: 103.291000
104332	[1021]	:	Object at trial 22: 104.312000
106356	[2024]	:	Fixation at trial 23: 106.336000
107377	[1021]	:	Object at trial 23: 107.357000
109401	[2024]	:	Fixation at trial 24: 109.381000
110422	[1021]	:	Object at trial 24: 110.402000
112446	[2024]	:	Fixation at trial 24: 112.426000
113471	[1025]	:	Catch Stim at trial 24: 113.451000
114798	[1327]	:	Key	29	DOWN	at	114798  
115951	[1153]	:	Respose to catch Q at trial 24: 114.804000
115952	[1]	:	RT and choice to catch Q at trial 24: 1.353000, 29
115977	[25]	:	Fixation at trial 25: 115.957000
116999	[1022]	:	Object at trial 25: 116.979000
119023	[2024]	:	Fixation at trial 25: 119.003000
120048	[1025]	:	Catch Stim at trial 25: 120.028000
120763	[715]	:	Key	29	DOWN	at	120763  
122528	[1765]	:	Respose to catch Q at trial 25: 120.769000
122529	[1]	:	RT and choice to catch Q at trial 25: 0.741000, 29
122553	[24]	:	Fixation at trial 26: 122.533000
123575	[1022]	:	Object at trial 26: 123.555000
125600	[2025]	:	Fixation at trial 27: 125.580000
126621	[1021]	:	Object at trial 27: 126.601000
128645	[2024]	:	Fixation at trial 28: 128.625000
129666	[1021]	:	Object at trial 28: 129.646000
131690	[2024]	:	Fixation at trial 29: 131.670000
132711	[1021]	:	Object at trial 29: 132.691000
134735	[2024]	:	Fixation at trial 30: 134.715000
135756	[1021]	:	Object at trial 30: 135.736000
137780	[2024]	:	Fixation at trial 31: 137.760000
138801	[1021]	:	Object at trial 31: 138.781000
140825	[2024]	:	Fixation at trial 32: 140.805000
141846	[1021]	:	Object at trial 32: 141.826000
143869	[2023]	:	Fixation at trial 32: 143.849000
144894	[1025]	:	Catch Stim at trial 32: 144.874000
145630	[736]	:	Key	31	DOWN	at	145630  
147374	[1744]	:	Respose to catch Q at trial 32: 145.636000
147375	[1]	:	RT and choice to catch Q at trial 32: 0.762000, 31
147399	[24]	:	Fixation at trial 33: 147.379000
148420	[1021]	:	Object at trial 33: 148.400000
150444	[2024]	:	Fixation at trial 34: 150.424000
151465	[1021]	:	Object at trial 34: 151.445000
153489	[2024]	:	Fixation at trial 35: 153.469000
154510	[1021]	:	Object at trial 35: 154.490000
156534	[2024]	:	Fixation at trial 36: 156.514000
157555	[1021]	:	Object at trial 36: 157.535000
159579	[2024]	:	Fixation at trial 37: 159.559000
160600	[1021]	:	Object at trial 37: 160.580000
162624	[2024]	:	Fixation at trial 37: 162.604000
163648	[1024]	:	Catch Stim at trial 37: 163.628000
164391	[743]	:	Key	29	DOWN	at	164391  
166128	[1737]	:	Respose to catch Q at trial 37: 164.397000
166128	[0]	:	RT and choice to catch Q at trial 37: 0.769000, 29
166153	[25]	:	Fixation at trial 38: 166.133000
167175	[1022]	:	Object at trial 38: 167.155000
169201	[2026]	:	Fixation at trial 39: 169.181000
170223	[1022]	:	Object at trial 39: 170.203000
172247	[2024]	:	Fixation at trial 40: 172.227000
173268	[1021]	:	Object at trial 40: 173.248000
175292	[2024]	:	Fixation at trial 41: 175.272000
176313	[1021]	:	Object at trial 41: 176.293000
178337	[2024]	:	Fixation at trial 41: 178.317000
179361	[1024]	:	Catch Stim at trial 41: 179.341000
180782	[1421]	:	Key	31	DOWN	at	180782  
181841	[1059]	:	Respose to catch Q at trial 41: 180.788000
181841	[0]	:	RT and choice to catch Q at trial 41: 1.447000, 31
181866	[25]	:	Fixation at trial 42: 181.846000
182887	[1021]	:	Object at trial 42: 182.867000
184911	[2024]	:	Fixation at trial 43: 184.891000
185932	[1021]	:	Object at trial 43: 185.912000
187956	[2024]	:	Fixation at trial 44: 187.936000
188977	[1021]	:	Object at trial 44: 188.957000
191001	[2024]	:	Fixation at trial 45: 190.981000
192022	[1021]	:	Object at trial 45: 192.002000
194046	[2024]	:	Fixation at trial 46: 194.026000
195067	[1021]	:	Object at trial 46: 195.047000
197091	[2024]	:	Fixation at trial 47: 197.071000
198112	[1021]	:	Object at trial 47: 198.092000
200136	[2024]	:	Fixation at trial 47: 200.116000
201162	[1026]	:	Catch Stim at trial 47: 201.142000
202008	[846]	:	Key	31	DOWN	at	202008  
203642	[1634]	:	Respose to catch Q at trial 47: 202.014000
203642	[0]	:	RT and choice to catch Q at trial 47: 0.872000, 31
203667	[25]	:	Fixation at trial 48: 203.647000
204689	[1022]	:	Object at trial 48: 204.669000
206713	[2024]	:	Fixation at trial 49: 206.693000
207734	[1021]	:	Object at trial 49: 207.714000
209765	[2031]	:	Fixation at trial 50: 209.745000
210786	[1021]	:	Object at trial 50: 210.766000
212810	[2024]	:	Fixation at trial 51: 212.790000
213831	[1021]	:	Object at trial 51: 213.811000
215855	[2024]	:	Fixation at trial 52: 215.835000
216876	[1021]	:	Object at trial 52: 216.856000
218900	[2024]	:	Fixation at trial 53: 218.880000
219921	[1021]	:	Object at trial 53: 219.901000
221945	[2024]	:	Fixation at trial 54: 221.925000
222966	[1021]	:	Object at trial 54: 222.946000
224990	[2024]	:	Fixation at trial 55: 224.970000
226011	[1021]	:	Object at trial 55: 225.991000
228035	[2024]	:	Fixation at trial 55: 228.015000
229059	[1024]	:	Catch Stim at trial 55: 229.039000
229720	[661]	:	Key	31	DOWN	at	229720  
231539	[1819]	:	Respose to catch Q at trial 55: 229.726000
231539	[0]	:	RT and choice to catch Q at trial 55: 0.687000, 31
231565	[26]	:	Fixation at trial 56: 231.545000
232586	[1021]	:	Object at trial 56: 232.566000
234610	[2024]	:	Fixation at trial 57: 234.590000
235631	[1021]	:	Object at trial 57: 235.611000
237655	[2024]	:	Fixation at trial 58: 237.635000
238676	[1021]	:	Object at trial 58: 238.656000
240700	[2024]	:	Fixation at trial 59: 240.680000
241721	[1021]	:	Object at trial 59: 241.701000
243745	[2024]	:	Fixation at trial 60: 243.725000
244766	[1021]	:	Object at trial 60: 244.746000
246790	[2024]	:	Fixation at trial 61: 246.770000
247811	[1021]	:	Object at trial 61: 247.791000
249835	[2024]	:	Fixation at trial 62: 249.815000
250856	[1021]	:	Object at trial 62: 250.836000
252880	[2024]	:	Fixation at trial 63: 252.860000
253901	[1021]	:	Object at trial 63: 253.881000
255925	[2024]	:	Fixation at trial 64: 255.905000
256946	[1021]	:	Object at trial 64: 256.926000
258973	[2027]	:	Fixation at trial 65: 258.952000
259994	[1021]	:	Object at trial 65: 259.974000
262021	[2027]	:	Fixation at trial 66: 262.000000
263042	[1021]	:	Object at trial 66: 263.022000
265066	[2024]	:	Fixation at trial 67: 265.046000
266087	[1021]	:	Object at trial 67: 266.067000
268111	[2024]	:	Fixation at trial 67: 268.091000
269136	[1025]	:	Catch Stim at trial 67: 269.116000
269867	[731]	:	Key	29	DOWN	at	269867  
271616	[1749]	:	Respose to catch Q at trial 67: 269.873000
271616	[0]	:	RT and choice to catch Q at trial 67: 0.757000, 29
271641	[25]	:	Fixation at trial 68: 271.621000
272662	[1021]	:	Object at trial 68: 272.642000
274686	[2024]	:	Fixation at trial 69: 274.666000
275707	[1021]	:	Object at trial 69: 275.687000
277731	[2024]	:	Fixation at trial 69: 277.711000
278756	[1025]	:	Catch Stim at trial 69: 278.736000
279717	[961]	:	Key	29	DOWN	at	279717  
281236	[1519]	:	Respose to catch Q at trial 69: 279.723000
281236	[0]	:	RT and choice to catch Q at trial 69: 0.987000, 29
281261	[25]	:	Fixation at trial 70: 281.241000
282282	[1021]	:	Object at trial 70: 282.262000
284306	[2024]	:	Fixation at trial 71: 284.286000
285327	[1021]	:	Object at trial 71: 285.307000
287353	[2026]	:	Fixation at trial 72: 287.333000
288374	[1021]	:	Object at trial 72: 288.354000
290398	[2024]	:	Fixation at trial 73: 290.378000
291419	[1021]	:	Object at trial 73: 291.399000
293443	[2024]	:	Fixation at trial 74: 293.423000
294464	[1021]	:	Object at trial 74: 294.444000
296491	[2027]	:	Fixation at trial 75: 296.471000
297512	[1021]	:	Object at trial 75: 297.492000
299536	[2024]	:	Fixation at trial 76: 299.516000
300557	[1021]	:	Object at trial 76: 300.537000
302581	[2024]	:	Fixation at trial 77: 302.561000
303602	[1021]	:	Object at trial 77: 303.582000
305626	[2024]	:	Fixation at trial 77: 305.606000
306650	[1024]	:	Catch Stim at trial 77: 306.630000
307440	[790]	:	Key	31	DOWN	at	307440  
309130	[1690]	:	Respose to catch Q at trial 77: 307.446000
309130	[0]	:	RT and choice to catch Q at trial 77: 0.816000, 31
309155	[25]	:	Fixation at trial 78: 309.135000
310176	[1021]	:	Object at trial 78: 310.156000
312200	[2024]	:	Fixation at trial 79: 312.180000
313221	[1021]	:	Object at trial 79: 313.201000
315245	[2024]	:	Fixation at trial 79: 315.225000
316269	[1024]	:	Catch Stim at trial 79: 316.249000
316911	[642]	:	Key	31	DOWN	at	316911  
318749	[1838]	:	Respose to catch Q at trial 79: 316.917000
318749	[0]	:	RT and choice to catch Q at trial 79: 0.668000, 31
318774	[25]	:	Fixation at trial 80: 318.754000
319795	[1021]	:	Object at trial 80: 319.775000
321819	[2024]	:	Fixation at trial 81: 321.799000
322840	[1021]	:	Object at trial 81: 322.820000
324864	[2024]	:	Fixation at trial 82: 324.844000
325885	[1021]	:	Object at trial 82: 325.865000
3