Cog2000 log file Wed Oct 09 12:49:43 2019
gprim v1.29 Compiled:Feb  1 2010 (GLib DirectDraw v7 DX10.0 Compiled:Feb  1 2010)
Display:1024x768x32 59.77Hz
CogInput v1.05 Compiled: May 20 2010
0	[0]	:	COGENT START
785	[785]	:	Key	30	DOWN	at	785     
1014	[229]	:	Key	30	UP	at	1014    
1500	[486]	:	Key	28	DOWN	at	1500    
1665	[165]	:	Key	28	UP	at	1665    
23396	[21731]	:	Key	71	DOWN	at	23396   
23451	[55]	:	Fixation at trial 1: 23.431000
23979	[528]	:	Object at trial 1: 23.958000
27503	[3524]	:	Fixation at trial 1: 27.482000
28034	[531]	:	Catch Stim at trial 1: 28.013000
31563	[3529]	:	Catch Q at trial 1: 28.013000
32441	[878]	:	Key	28	DOWN	at	32441   
33543	[1102]	:	Respose to catch Q at trial 1: 32.449000
33544	[1]	:	RT and choice to catch Q at trial 1: 0.907000, 28
33579	[35]	:	Fixation at trial 2: 33.559000
34101	[522]	:	Object at trial 2: 34.081000
37624	[3523]	:	Fixation at trial 2: 37.604000
38148	[524]	:	Catch Stim at trial 2: 38.128000
41674	[3526]	:	Catch Q at trial 2: 38.128000
42377	[703]	:	Key	28	DOWN	at	42377   
43654	[1277]	:	Respose to catch Q at trial 2: 42.384000
43655	[1]	:	RT and choice to catch Q at trial 2: 0.730000, 28
43687	[32]	:	Fixation at trial 3: 43.667000
44209	[522]	:	Object at trial 3: 44.189000
47732	[3523]	:	Fixation at trial 3: 47.712000
48254	[522]	:	Catch Stim at trial 3: 48.234000
51780	[3526]	:	Catch Q at trial 3: 48.234000
52348	[568]	:	Key	30	DOWN	at	52348   
53760	[1412]	:	Respose to catch Q at trial 3: 52.354000
53761	[1]	:	RT and choice to catch Q at trial 3: 0.594000, 30
53789	[28]	:	Fixation at trial 4: 53.769000
54311	[522]	:	Object at trial 4: 54.291000
57834	[3523]	:	Fixation at trial 4: 57.814000
58356	[522]	:	Catch Stim at trial 4: 58.336000
61881	[3525]	:	Catch Q at trial 4: 58.336000
62808	[927]	:	Key	28	DOWN	at	62808   
63861	[1053]	:	Respose to catch Q at trial 4: 62.815000
63862	[1]	:	RT and choice to catch Q at trial 4: 0.954000, 28
63890	[28]	:	Fixation at trial 5: 63.870000
64411	[521]	:	Object at trial 5: 64.392000
67933	[3522]	:	Fixation at trial 5: 67.913000
68456	[523]	:	Catch Stim at trial 5: 68.436000
71982	[3526]	:	Catch Q at trial 5: 68.436000
72549	[567]	:	Key	30	DOWN	at	72549   
73962	[1413]	:	Respose to catch Q at trial 5: 72.555000
73963	[1]	:	RT and choice to catch Q at trial 5: 0.593000, 30
73991	[28]	:	Fixation at trial 6: 73.971000
74513	[522]	:	Object at trial 6: 74.493000
78036	[3523]	:	Fixation at trial 6: 78.016000
78559	[523]	:	Catch Stim at trial 6: 78.539000
82085	[3526]	:	Catch Q at trial 6: 78.539000
82909	[824]	:	Key	30	DOWN	at	82909   
84065	[1156]	:	Respose to catch Q at trial 6: 82.915000
84066	[1]	:	RT and choice to catch Q at trial 6: 0.850000, 30
84093	[27]	:	Fixation at trial 7: 84.073000
84616	[523]	:	Object at trial 7: 84.596000
88139	[3523]	:	Fixation at trial 7: 88.119000
88662	[523]	:	Catch Stim at trial 7: 88.642000
92188	[3526]	:	Catch Q at trial 7: 88.642000
92775	[587]	:	Key	30	DOWN	at	92775   
94168	[1393]	:	Respose to catch Q at trial 7: 92.781000
94169	[1]	:	RT and choice to catch Q at trial 7: 0.613000, 30
94195	[26]	:	Fixation at trial 8: 94.175000
94717	[522]	:	Object at trial 8: 94.697000
98240	[3523]	:	Fixation at trial 8: 98.220000
98763	[523]	:	Catch Stim at trial 8: 98.743000
102289	[3526]	:	Catch Q at trial 8: 98.743000
102985	[696]	:	Key	30	DOWN	at	102985  
104269	[1284]	:	Respose to catch Q at trial 8: 102.991000
104270	[1]	:	RT and choice to catch Q at trial 8: 0.722000, 30
104296	[26]	:	Fixation at trial 9: 104.276000
104818	[522]	:	Object at trial 9: 104.798000
108341	[3523]	:	Fixation at trial 9: 108.321000
108864	[523]	:	Catch Stim at trial 9: 108.844000
112389	[3525]	:	Catch Q at trial 9: 108.844000
113131	[742]	:	Key	28	DOWN	at	113131  
114369	[1238]	:	Respose to catch Q at trial 9: 113.137000
114370	[1]	:	RT and choice to catch Q at trial 9: 0.768000, 28
114395	[25]	:	Fixation at trial 10: 114.375000
114917	[522]	:	Object at trial 10: 114.897000
118440	[3523]	:	Fixation at trial 10: 118.420000
118963	[523]	:	Catch Stim at trial 10: 118.943000
122488	[3525]	:	Catch Q at trial 10: 118.943000
123262	[774]	:	Key	28	DOWN	at	123262  
124468	[1206]	:	Respose to catch Q at trial 10: 123.268000
124469	[1]	:	RT and choice to catch Q at trial 10: 0.800000, 28
124493	[24]	:	Fixation at trial 11: 124.473000
125015	[522]	:	Object at trial 11: 124.995000
128538	[3523]	:	Fixation at trial 11: 128.518000
129059	[521]	:	Catch Stim at trial 11: 129.040000
132584	[3525]	:	Catch Q at trial 11: 129.040000
134042	[1458]	:	Key	30	DOWN	at	134042  
134564	[522]	:	Respose to catch Q at trial 11: 134.048000
134565	[1]	:	RT and choice to catch Q at trial 11: 1.484000, 30
134589	[24]	:	Fixation at trial 12: 134.569000
135111	[522]	:	Object at trial 12: 135.091000
138634	[3523]	:	Fixation at trial 12: 138.614000
139156	[522]	:	Catch Stim at trial 12: 139.136000
142682	[3526]	:	Catch Q at trial 12: 139.136000
143403	[721]	:	Key	28	DOWN	at	143403  
144662	[1259]	:	Respose to catch Q at trial 12: 143.409000
144662	[0]	:	RT and choice to catch Q at trial 12: 0.747000, 28
144687	[25]	:	Fixation at trial 13: 144.667000
145210	[523]	:	Object at trial 13: 145.190000
148733	[3523]	:	Fixation at trial 13: 148.713000
149255	[522]	:	Catch Stim at trial 13: 149.235000
152780	[3525]	:	Catch Q at trial 13: 149.235000
153483	[703]	:	Key	28	DOWN	at	153483  
154760	[1277]	:	Respose to catch Q at trial 13: 153.489000
154761	[1]	:	RT and choice to catch Q at trial 13: 0.729000, 28
154786	[25]	:	Fixation at trial 14: 154.766000
155308	[522]	:	Object at trial 14: 155.288000
158831	[3523]	:	Fixation at trial 14: 158.811000
159353	[522]	:	Catch Stim at trial 14: 159.333000
162878	[3525]	:	Catch Q at trial 14: 159.333000
163609	[731]	:	Key	28	DOWN	at	163609  
164858	[1249]	:	Respose to catch Q at trial 14: 163.615000
164863	[5]	:	RT and choice to catch Q at trial 14: 0.757000, 28
164894	[31]	:	Fixation at trial 15: 164.874000
165416	[522]	:	Object at trial 15: 165.396000
168939	[3523]	:	Fixation at trial 15: 168.919000
169462	[523]	:	Catch Stim at trial 15: 169.442000
172987	[3525]	:	Catch Q at trial 15: 169.442000
173749	[762]	:	Key	30	DOWN	at	173749  
174967	[1218]	:	Respose to catch Q at trial 15: 173.754000
174968	[1]	:	RT and choice to catch Q at trial 15: 0.787000, 30
174992	[24]	:	Fixation at trial 16: 174.972000
175514	[522]	:	Object at trial 16: 175.494000
179037	[3523]	:	Fixation at trial 16: 179.017000
179559	[522]	:	Catch Stim at trial 16: 179.539000
183084	[3525]	:	Catch Q at trial 16: 179.539000
183525	[441]	:	Key	30	DOWN	at	183525  
185064	[1539]	:	Respose to catch Q at trial 16: 183.530000
185065	[1]	:	RT and choice to catch Q at trial 16: 0.466000, 30
185089	[24]	:	Fixation at trial 17: 185.069000
185611	[522]	:	Object at trial 17: 185.591000
189134	[3523]	:	Fixation at trial 17: 189.114000
189656	[522]	:	Catch Stim at trial 17: 189.636000
193182	[3526]	:	Catch Q at trial 17: 189.636000
194141	[959]	:	Key	30	DOWN	at	194141  
195162	[1021]	:	Respose to catch Q at trial 17: 194.147000
195162	[0]	:	RT and choice to catch Q at trial 17: 0.985000, 30
195187	[25]	:	Fixation at trial 18: 195.167000
195709	[522]	:	Object at trial 18: 195.689000
199232	[3523]	:	Fixation at trial 18: 199.212000
199753	[521]	:	Catch Stim at trial 18: 199.733000
203278	[3525]	:	Catch Q at trial 18: 199.733000
205307	[2029]	:	Respose to catch Q at trial 18: 204.785000
205308	[1]	:	RT and choice to catch Q at trial 18: 1.527000, 0
205345	[37]	:	Fixation at trial 19: 205.325000
205867	[522]	:	Object at trial 19: 205.847000
209390	[3523]	:	Fixation at trial 19: 209.370000
209912	[522]	:	Catch Stim at trial 19: 209.892000
213438	[3526]	:	Catch Q at trial 19: 209.892000
214147	[709]	:	Key	28	DOWN	at	214147  
215418	[1271]	:	Respose to catch Q at trial 19: 214.154000
215418	[0]	:	RT and choice to catch Q at trial 19: 0.736000, 28
215443	[25]	:	Fixation at trial 20: 215.423000
215965	[522]	:	Object at trial 20: 215.945000
219488	[3523]	:	Fixation at trial 20: 219.468000
220010	[522]	:	Catch Stim at trial 20: 219.990000
223535	[3525]	:	Catch Q at trial 20: 219.990000
224127	[592]	:	Key	30	DOWN	at	224127  
225515	[1388]	:	Respose to catch Q at trial 20: 224.133000
225515	[0]	:	RT and choice to catch Q at trial 20: 0.618000, 30
225540	[25]	:	Fixation at trial 21: 225.520000
226062	[522]	:	Object at trial 21: 226.042000
229585	[3523]	:	Fixation at trial 21: 229.565000
230107	[522]	:	Catch Stim at trial 21: 230.087000
233632	[3525]	:	Catch Q at trial 21: 230.087000
234208	[576]	:	Key	30	DOWN	at	234208  
235612	[1404]	:	Respose to catch Q at trial 21: 234.214000
235612	[0]	:	RT and choice to catch Q at trial 21: 0.602000, 30
235637	[25]	:	Fixation at trial 22: 235.617000
236159	[522]	:	Object at trial 22: 236.139000
239682	[3523]	:	Fixation at trial 22: 239.662000
240204	[522]	:	Catch Stim at trial 22: 240.184000
243730	[3526]	:	Catch Q at trial 22: 240.184000
244419	[689]	:	Key	30	DOWN	at	244419  
245710	[1291]	:	Respose to catch Q at trial 22: 244.425000
245710	[0]	:	RT and choice to catch Q at trial 22: 0.715000, 30
245735	[25]	:	Fixation at trial 23: 245.715000
246257	[522]	:	Object at trial 23: 246.237000
249780	[3523]	:	Fixation at trial 23: 249.760000
250302	[522]	:	Catch Stim at trial 23: 250.282000
253827	[3525]	:	Catch Q at trial 23: 250.282000
254514	[687]	:	Key	30	DOWN	at	254514  
255807	[1293]	:	Respose to catch Q at trial 23: 254.520000
255807	[0]	:	RT and choice to catch Q at trial 23: 0.713000, 30
255832	[25]	:	Fixation at trial 24: 255.812000
256355	[523]	:	Object at trial 24: 256.334000
259878	[3523]	:	Fixation at trial 24: 259.859000
260401	[523]	:	Catch Stim at trial 24: 260.380000
263926	[3525]	:	Catch Q at trial 24: 260.380000
264570	[644]	:	Key	28	DOWN	at	264570  
265906	[1336]	:	Respose to catch Q at trial 24: 264.576000
265906	[0]	:	RT and choice to catch Q at trial 24: 0.670000, 28
265931	[25]	:	Fixation at trial 25: 265.911000
266453	[522]	:	Object at trial 25: 266.433000
269976	[3523]	:	Fixation at trial 25: 269.956000
270497	[521]	:	Catch Stim at trial 25: 270.477000
274022	[3525]	:	Catch Q at trial 25: 270.477000
274720	[698]	:	Key	30	DOWN	at	274720  
276002	[1282]	:	Respose to catch Q at trial 25: 274.726000
276003	[1]	:	RT and choice to catch Q at trial 25: 0.724000, 30
276027	[24]	:	Fixation at trial 26: 276.007000
276549	[522]	:	Object at trial 26: 276.529000
280072	[3523]	:	Fixation at trial 26: 280.052000
280593	[521]	:	Catch Stim at trial 26: 280.573000
284118	[3525]	:	Catch Q at trial 26: 280.573000
285151	[1033]	:	Key	28	DOWN	at	285151  
286098	[947]	:	Respose to catch Q at trial 26: 285.157000
286098	[0]	:	RT and choice to catch Q at trial 26: 1.059000, 28
286123	[25]	:	Fixation at trial 27: 286.103000
286645	[522]	:	Object at trial 27: 286.625000
290168	[3523]	:	Fixation at trial 27: 290.148000
290690	[522]	:	Catch Stim at trial 27: 290.670000
294215	[3525]	:	Catch Q at trial 27: 290.670000
295099	[884]	:	Key	28	DOWN	at	295099  
296195	[1096]	:	Respose to catch Q at trial 27: 295.105000
296195	[0]	:	RT and choice to catch Q at trial 27: 0.910000, 28
296220	[25]	:	Fixation at trial 28: 296.200000
296742	[522]	:	Object at trial 28: 296.722000
300265	[3523]	:	Fixation at trial 28: 300.245000
300787	[522]	:	Catch Stim at trial 28: 300.767000
304313	[3526]	:	Catch Q at trial 28: 300.767000
305010	[697]	:	Key	28	DOWN	at	305010  
306293	[1283]	:	Respose to catch Q at trial 28: 305.016000
306293	[0]	:	RT and choice to catch Q at trial 28: 0.723000, 28
306318	[25]	:	Fixation at trial 29: 306.298000
306840	[522]	:	Object at trial 29: 306.820000
310363	[3523]	:	Fixation at trial 29: 310.343000
310885	[522]	:	Catch Stim at trial 29: 310.865000
314411	[3526]	:	Catch Q at trial 29: 310.865000
315331	[920]	:	Key	28	DOWN	at	315331  
316391	[1060]	:	Respose to catch Q at trial 29: 315.337000
316392	[1]	:	RT and choice to catch Q at trial 29: 0.946000, 28
316416	[24]	:	Fixation at trial 30: 316.396000
316939	[523]	:	Object at trial 30: 316.919000
320462	[3523]	:	Fixation at trial 30: 320.442000
320984	[522]	:	Catch Stim at trial 30: 320.964000
324509	[3525]	:	Catch Q at trial 30: 320.964000
325076	[567]	:	Key	30	DOWN	at	325076  
326489	[1413]	:	Respose to catch Q at trial 30: 325.082000
326489	[0]	:	RT and choice to catch Q at trial 30: 0.593000, 30
326514	[25]	:	Fixation at trial 31: 326.494000
327037	[523]	:	Object at trial 31: 327.017000
330560	[3523]	:	Fixation at trial 31: 330.540000
331083	[523]	:	Catch Stim at trial 31: 331.063000
334609	[3526]	:	Catch Q at trial 31: 331.063000
335177	[568]	:	Key	30	DOWN	at	335177  
336589	[1412]	:	Respose to catch Q at trial 31: 335.183000
336589	[0]	:	RT and choice to catch Q at trial 31: 0.594000, 30
336614	[25]	:	Fixation at trial 32: 336.594000
337137	[523]	:	Object at trial 32: 337.117000
340660	[3523]	:	Fixation at trial 32: 340.640000
341183	[523]	:	Catch Stim at trial 32: 341.163000
344709	[3526]	:	Catch Q at trial 32: 341.163000
345192	[483]	:	Key	30	DOWN	at	345192  
346689	[1497]	:	Respose to catch Q at trial 32: 345.198000
346689	[0]	:	RT and choice to catch Q at trial 32: 0.509000, 30
346714	[25]	:	Fixation at trial 33: 346.694000
347236	[522]	:	Object at trial 33: 347.216000
350759	[3523]	:	Fixation at trial 33: 350.739000
351282	[523]	:	Catch Stim at trial 33: 351.262000
354808	[3526]	:	Catch Q at trial 33: 351.262000
355593	[785]	:	Key	28	DOWN	at	355593  
356788	[1195]	:	Respose to catch Q at trial 33: 355.599000
356788	[0]	:	RT and choice to catch Q at trial 33: 0.811000, 28
356813	[25]	:	Fixation at trial 34: 356.793000
357335	[522]	:	Object at trial 34: 357.315000
360858	[3523]	:	Fixation at trial 34: 360.838000
361380	[522]	:	Catch Stim at trial 34: 361.360000
364905	[3525]	:	Catch Q at trial 34: 361.360000
365703	[798]	:	Key	30	DOWN	at	365703  
366885	[1182]	:	Respose to catch Q at trial 34: 365.709000
366885	[0]	:	RT and choice to catch Q at trial 34: 0.824000, 30
366910	[25]	:	Fixation at trial 35: 366.890000
367432	[522]	:	Object at trial 35: 367.412000
370955	[3523]	:	Fixation at trial 35: 370.935000
371477	[522]	:	Catch Stim at trial 35: 371.457000
375002	[3525]	:	Catch Q at trial 35: 371.457000
375694	[692]	:	Key	28	DOWN	at	375694  
376982	[1288]	:	Respose to catch Q at trial 35: 375.700000
376982	[0]	:	RT and choice to catch Q at trial 35: 0.718000, 28
377009	[27]	:	Fixation at trial 36: 376.989000
377531	[522]	:	Object at trial 36: 377.511000
381054	[3523]	:	Fixation at trial 36: 381.034000
381577	[523]	:	Catch Stim at trial 36: 381.557000
385102	[3525]	:	Catch Q at trial 36: 381.557000
385860	[758]	:	Key	28	DOWN	at	385860  
387082	[1222]	:	Respose to catch Q at trial 36: 385.866000
387082	[0]	:	RT and choice to catch Q at trial 36: 0.784000, 28
387107	[25]	:	Fixation at trial 37: 387.087000
387629	[522]	:	Object at trial 37: 387.609000
391152	[3523]	:	Fixation at trial 37: 391.132000
391674	[522]	:	Catch Stim at trial 37: 391.654000
395199	[3525]	:	Catch Q at trial 37: 391.654000
395892	[693]	:	Key	28	DOWN	at	395892  
397179	[1287]	:	Respose to catch Q at trial 37: 395.898000
397179	[0]	:	RT and choice to catch Q at trial 37: 0.719000, 28
397204	[25]	:	Fixation at trial 38: 397.184000
397726	[522]	:	Object at trial 38: 397.706000
401249	[3523]	:	Fixation at trial 38: 401.229000
401771	[522]	:	Catch Stim at trial 38: 401.751000
405296	[3525]	:	Catch Q at trial 38: 401.751000
406023	[727]	:	Key	28	DOWN	at	406023  
407276	[1253]	:	Respose to catch Q at trial 38: 406.029000
407276	[0]	:	RT and choice to catch Q at trial 38: 0.753000, 28
407301	[25]	:	Fixation at trial 39: 407.281000
407823	[522]	:	Object at trial 39: 407.803000
411346	[3523]	:	Fixation at trial 39: 411.326000
411868	[522]	:	Catch Stim at trial 39: 411.848000
415393	[3525]	:	Catch Q at trial 39: 411.848000
415968	[575]	:	Key	30	DOWN	at	415968  
417373	[1405]	:	Respose to catch Q at trial 39: 415.974000
417373	[0]	:	RT and choice to catch Q at trial 39: 0.601000, 30
417398	[25]	:	Fixation at trial 40: 417.378000
417920	[522]	:	Object at trial 40: 417.900000
421443	[3523]	:	Fixation at trial 40: 421.423000
421965	[522]	:	Catch Stim at trial 40: 421.945000
425490	[3525]	:	Catch Q at trial 40: 421.945000
426124	[634]	:	Key	28	DOWN	at	426124  
427470	[1346]	:	Respose to catch Q at trial 40: 426.130000
427470	[0]	:	RT and choice to catch Q at trial 40: 0.660000, 28
427495	[25]	:	Fixation at trial 41: 427.475000
428018	[523]	:	Object at trial 41: 427.998000
431541	[3523]	:	Fixation at 