Cog2000 log file Wed Oct 09 13:17:44 2019
gprim v1.29 Compiled:Feb  1 2010 (GLib DirectDraw v7 DX10.0 Compiled:Feb  1 2010)
Display:1024x768x32 59.81Hz
CogInput v1.05 Compiled: May 20 2010
0	[0]	:	COGENT START
910	[910]	:	Key	30	DOWN	at	910     
1115	[205]	:	Key	30	UP	at	1115    
1805	[690]	:	Key	28	DOWN	at	1805    
1995	[190]	:	Key	28	UP	at	1995    
24726	[22731]	:	Key	71	DOWN	at	24726   
24777	[51]	:	Fixation at trial 1: 24.757000
25303	[526]	:	Object at trial 1: 25.283000
28826	[3523]	:	Fixation at trial 1: 28.806000
29354	[528]	:	Catch Stim at trial 1: 29.334000
32881	[3527]	:	Catch Q at trial 1: 29.334000
33377	[496]	:	Key	30	DOWN	at	33377   
34861	[1484]	:	Respose to catch Q at trial 1: 33.383000
34862	[1]	:	RT and choice to catch Q at trial 1: 0.522000, 30
34890	[28]	:	Fixation at trial 2: 34.870000
35412	[522]	:	Object at trial 2: 35.392000
38935	[3523]	:	Fixation at trial 2: 38.915000
39457	[522]	:	Catch Stim at trial 2: 39.437000
42982	[3525]	:	Catch Q at trial 2: 39.437000
43632	[650]	:	Key	28	DOWN	at	43632   
44962	[1330]	:	Respose to catch Q at trial 2: 43.638000
44962	[0]	:	RT and choice to catch Q at trial 2: 0.676000, 28
44991	[29]	:	Fixation at trial 3: 44.971000
45513	[522]	:	Object at trial 3: 45.493000
49036	[3523]	:	Fixation at trial 3: 49.016000
49559	[523]	:	Catch Stim at trial 3: 49.539000
53085	[3526]	:	Catch Q at trial 3: 49.539000
53716	[631]	:	Key	28	DOWN	at	53716   
55065	[1349]	:	Respose to catch Q at trial 3: 53.722000
55066	[1]	:	RT and choice to catch Q at trial 3: 0.657000, 28
55090	[24]	:	Fixation at trial 4: 55.070000
55612	[522]	:	Object at trial 4: 55.592000
59135	[3523]	:	Fixation at trial 4: 59.115000
59658	[523]	:	Catch Stim at trial 4: 59.638000
63183	[3525]	:	Catch Q at trial 4: 59.638000
63776	[593]	:	Key	28	DOWN	at	63776   
65163	[1387]	:	Respose to catch Q at trial 4: 63.782000
65164	[1]	:	RT and choice to catch Q at trial 4: 0.619000, 28
65188	[24]	:	Fixation at trial 5: 65.168000
65710	[522]	:	Object at trial 5: 65.690000
69233	[3523]	:	Fixation at trial 5: 69.213000
69756	[523]	:	Catch Stim at trial 5: 69.736000
73281	[3525]	:	Catch Q at trial 5: 69.736000
73907	[626]	:	Key	30	DOWN	at	73907   
75261	[1354]	:	Respose to catch Q at trial 5: 73.913000
75262	[1]	:	RT and choice to catch Q at trial 5: 0.652000, 30
75286	[24]	:	Fixation at trial 6: 75.266000
75808	[522]	:	Object at trial 6: 75.788000
79331	[3523]	:	Fixation at trial 6: 79.311000
79853	[522]	:	Catch Stim at trial 6: 79.833000
83379	[3526]	:	Catch Q at trial 6: 79.833000
84082	[703]	:	Key	30	DOWN	at	84082   
85359	[1277]	:	Respose to catch Q at trial 6: 84.088000
85359	[0]	:	RT and choice to catch Q at trial 6: 0.729000, 30
85384	[25]	:	Fixation at trial 7: 85.364000
85906	[522]	:	Object at trial 7: 85.886000
89429	[3523]	:	Fixation at trial 7: 89.409000
89951	[522]	:	Catch Stim at trial 7: 89.931000
93477	[3526]	:	Catch Q at trial 7: 89.931000
94073	[596]	:	Key	30	DOWN	at	94073   
95457	[1384]	:	Respose to catch Q at trial 7: 94.079000
95458	[1]	:	RT and choice to catch Q at trial 7: 0.622000, 30
95482	[24]	:	Fixation at trial 8: 95.462000
96004	[522]	:	Object at trial 8: 95.984000
99527	[3523]	:	Fixation at trial 8: 99.507000
100049	[522]	:	Catch Stim at trial 8: 100.029000
103575	[3526]	:	Catch Q at trial 8: 100.029000
104304	[729]	:	Key	28	DOWN	at	104304  
105555	[1251]	:	Respose to catch Q at trial 8: 104.310000
105556	[1]	:	RT and choice to catch Q at trial 8: 0.755000, 28
105580	[24]	:	Fixation at trial 9: 105.560000
106102	[522]	:	Object at trial 9: 106.082000
109625	[3523]	:	Fixation at trial 9: 109.605000
110147	[522]	:	Catch Stim at trial 9: 110.127000
113672	[3525]	:	Catch Q at trial 9: 110.127000
114184	[512]	:	Key	30	DOWN	at	114184  
115652	[1468]	:	Respose to catch Q at trial 9: 114.190000
115653	[1]	:	RT and choice to catch Q at trial 9: 0.538000, 30
115677	[24]	:	Fixation at trial 10: 115.657000
116199	[522]	:	Object at trial 10: 116.179000
119722	[3523]	:	Fixation at trial 10: 119.702000
120244	[522]	:	Catch Stim at trial 10: 120.224000
123769	[3525]	:	Catch Q at trial 10: 120.224000
124485	[716]	:	Key	28	DOWN	at	124485  
125749	[1264]	:	Respose to catch Q at trial 10: 124.491000
125750	[1]	:	RT and choice to catch Q at trial 10: 0.742000, 28
125774	[24]	:	Fixation at trial 11: 125.754000
126296	[522]	:	Object at trial 11: 126.276000
129820	[3524]	:	Fixation at trial 11: 129.799000
130344	[524]	:	Catch Stim at trial 11: 130.323000
133869	[3525]	:	Catch Q at trial 11: 130.323000
134630	[761]	:	Key	28	DOWN	at	134630  
135849	[1219]	:	Respose to catch Q at trial 11: 134.636000
135850	[1]	:	RT and choice to catch Q at trial 11: 0.787000, 28
135874	[24]	:	Fixation at trial 12: 135.854000
136396	[522]	:	Object at trial 12: 136.376000
139919	[3523]	:	Fixation at trial 12: 139.899000
140442	[523]	:	Catch Stim at trial 12: 140.422000
143967	[3525]	:	Catch Q at trial 12: 140.422000
144996	[1029]	:	Key	28	DOWN	at	144996  
145947	[951]	:	Respose to catch Q at trial 12: 145.002000
145947	[0]	:	RT and choice to catch Q at trial 12: 1.055000, 28
145971	[24]	:	Fixation at trial 13: 145.951000
146493	[522]	:	Object at trial 13: 146.473000
150016	[3523]	:	Fixation at trial 13: 149.996000
150538	[522]	:	Catch Stim at trial 13: 150.518000
154063	[3525]	:	Catch Q at trial 13: 150.518000
154897	[834]	:	Key	28	DOWN	at	154897  
156043	[1146]	:	Respose to catch Q at trial 13: 154.903000
156044	[1]	:	RT and choice to catch Q at trial 13: 0.860000, 28
156068	[24]	:	Fixation at trial 14: 156.048000
156590	[522]	:	Object at trial 14: 156.570000
160113	[3523]	:	Fixation at trial 14: 160.093000
160636	[523]	:	Catch Stim at trial 14: 160.616000
164163	[3527]	:	Catch Q at trial 14: 160.616000
164757	[594]	:	Key	30	DOWN	at	164757  
166143	[1386]	:	Respose to catch Q at trial 14: 164.762000
166144	[1]	:	RT and choice to catch Q at trial 14: 0.619000, 30
166169	[25]	:	Fixation at trial 15: 166.149000
166691	[522]	:	Object at trial 15: 166.671000
170214	[3523]	:	Fixation at trial 15: 170.194000
170737	[523]	:	Catch Stim at trial 15: 170.717000
174263	[3526]	:	Catch Q at trial 15: 170.717000
175133	[870]	:	Key	30	DOWN	at	175133  
176243	[1110]	:	Respose to catch Q at trial 15: 175.139000
176244	[1]	:	RT and choice to catch Q at trial 15: 0.896000, 30
176268	[24]	:	Fixation at trial 16: 176.248000
176790	[522]	:	Object at trial 16: 176.770000
180313	[3523]	:	Fixation at trial 16: 180.293000
180835	[522]	:	Catch Stim at trial 16: 180.815000
184361	[3526]	:	Catch Q at trial 16: 180.815000
184853	[492]	:	Key	30	DOWN	at	184853  
186341	[1488]	:	Respose to catch Q at trial 16: 184.859000
186341	[0]	:	RT and choice to catch Q at trial 16: 0.518000, 30
186366	[25]	:	Fixation at trial 17: 186.346000
186888	[522]	:	Object at trial 17: 186.868000
190411	[3523]	:	Fixation at trial 17: 190.391000
190933	[522]	:	Catch Stim at trial 17: 190.913000
194458	[3525]	:	Catch Q at trial 17: 190.913000
195179	[721]	:	Key	28	DOWN	at	195179  
196438	[1259]	:	Respose to catch Q at trial 17: 195.185000
196439	[1]	:	RT and choice to catch Q at trial 17: 0.747000, 28
196463	[24]	:	Fixation at trial 18: 196.443000
196985	[522]	:	Object at trial 18: 196.965000
200508	[3523]	:	Fixation at trial 18: 200.488000
201030	[522]	:	Catch Stim at trial 18: 201.010000
204555	[3525]	:	Catch Q at trial 18: 201.010000
205314	[759]	:	Key	28	DOWN	at	205314  
206535	[1221]	:	Respose to catch Q at trial 18: 205.320000
206536	[1]	:	RT and choice to catch Q at trial 18: 0.785000, 28
206560	[24]	:	Fixation at trial 19: 206.540000
207082	[522]	:	Object at trial 19: 207.062000
210605	[3523]	:	Fixation at trial 19: 210.585000
211127	[522]	:	Catch Stim at trial 19: 211.107000
214652	[3525]	:	Catch Q at trial 19: 211.107000
215345	[693]	:	Key	30	DOWN	at	215345  
216632	[1287]	:	Respose to catch Q at trial 19: 215.351000
216632	[0]	:	RT and choice to catch Q at trial 19: 0.719000, 30
216657	[25]	:	Fixation at trial 20: 216.637000
217179	[522]	:	Object at trial 20: 217.159000
220702	[3523]	:	Fixation at trial 20: 220.682000
221224	[522]	:	Catch Stim at trial 20: 221.204000
224749	[3525]	:	Catch Q at trial 20: 221.204000
225671	[922]	:	Key	30	DOWN	at	225671  
226729	[1058]	:	Respose to catch Q at trial 20: 225.677000
226730	[1]	:	RT and choice to catch Q at trial 20: 0.948000, 30
226754	[24]	:	Fixation at trial 21: 226.734000
227276	[522]	:	Object at trial 21: 227.256000
230799	[3523]	:	Fixation at trial 21: 230.779000
231321	[522]	:	Catch Stim at trial 21: 231.301000
234846	[3525]	:	Catch Q at trial 21: 231.301000
235751	[905]	:	Key	28	DOWN	at	235751  
236826	[1075]	:	Respose to catch Q at trial 21: 235.757000
236827	[1]	:	RT and choice to catch Q at trial 21: 0.931000, 28
236851	[24]	:	Fixation at trial 22: 236.831000
237373	[522]	:	Object at trial 22: 237.353000
240896	[3523]	:	Fixation at trial 22: 240.876000
241418	[522]	:	Catch Stim at trial 22: 241.398000
244943	[3525]	:	Catch Q at trial 22: 241.398000
245537	[594]	:	Key	30	DOWN	at	245537  
246923	[1386]	:	Respose to catch Q at trial 22: 245.543000
246924	[1]	:	RT and choice to catch Q at trial 22: 0.620000, 30
246948	[24]	:	Fixation at trial 23: 246.928000
247470	[522]	:	Object at trial 23: 247.450000
250993	[3523]	:	Fixation at trial 23: 250.973000
251515	[522]	:	Catch Stim at trial 23: 251.495000
255040	[3525]	:	Catch Q at trial 23: 251.495000
255742	[702]	:	Key	28	DOWN	at	255742  
257021	[1279]	:	Respose to catch Q at trial 23: 255.748000
257022	[1]	:	RT and choice to catch Q at trial 23: 0.728000, 28
257046	[24]	:	Fixation at trial 24: 257.026000
257569	[523]	:	Object at trial 24: 257.548000
261091	[3522]	:	Fixation at trial 24: 261.071000
261613	[522]	:	Catch Stim at trial 24: 261.593000
265138	[3525]	:	Catch Q at trial 24: 261.593000
265623	[485]	:	Key	30	DOWN	at	265623  
267118	[1495]	:	Respose to catch Q at trial 24: 265.629000
267119	[1]	:	RT and choice to catch Q at trial 24: 0.511000, 30
267143	[24]	:	Fixation at trial 25: 267.123000
267665	[522]	:	Object at trial 25: 267.645000
271188	[3523]	:	Fixation at trial 25: 271.168000
271710	[522]	:	Catch Stim at trial 25: 271.690000
275235	[3525]	:	Catch Q at trial 25: 271.690000
275908	[673]	:	Key	28	DOWN	at	275908  
277215	[1307]	:	Respose to catch Q at trial 25: 275.914000
277216	[1]	:	RT and choice to catch Q at trial 25: 0.699000, 28
277240	[24]	:	Fixation at trial 26: 277.220000
277762	[522]	:	Object at trial 26: 277.742000
281285	[3523]	:	Fixation at trial 26: 281.265000
281807	[522]	:	Catch Stim at trial 26: 281.787000
285332	[3525]	:	Catch Q at trial 26: 281.787000
286169	[837]	:	Key	28	DOWN	at	286169  
287312	[1143]	:	Respose to catch Q at trial 26: 286.175000
287313	[1]	:	RT and choice to catch Q at trial 26: 0.863000, 28
287337	[24]	:	Fixation at trial 27: 287.317000
287859	[522]	:	Object at trial 27: 287.839000
291382	[3523]	:	Fixation at trial 27: 291.362000
291904	[522]	:	Catch Stim at trial 27: 291.884000
295429	[3525]	:	Catch Q at trial 27: 291.884000
296000	[571]	:	Key	30	DOWN	at	296000  
297409	[1409]	:	Respose to catch Q at trial 27: 296.006000
297409	[0]	:	RT and choice to catch Q at trial 27: 0.597000, 30
297434	[25]	:	Fixation at trial 28: 297.414000
297956	[522]	:	Object at trial 28: 297.936000
301479	[3523]	:	Fixation at trial 28: 301.459000
302001	[522]	:	Catch Stim at trial 28: 301.981000
305526	[3525]	:	Catch Q at trial 28: 301.981000
306015	[489]	:	Key	30	DOWN	at	306015  
307506	[1491]	:	Respose to catch Q at trial 28: 306.021000
307507	[1]	:	RT and choice to catch Q at trial 28: 0.515000, 30
307531	[24]	:	Fixation at trial 29: 307.511000
308053	[522]	:	Object at trial 29: 308.033000
311576	[3523]	:	Fixation at trial 29: 311.556000
312098	[522]	:	Catch Stim at trial 29: 312.078000
315623	[3525]	:	Catch Q at trial 29: 312.078000
316406	[783]	:	Key	30	DOWN	at	316406  
317603	[1197]	:	Respose to catch Q at trial 29: 316.412000
317603	[0]	:	RT and choice to catch Q at trial 29: 0.809000, 30
317628	[25]	:	Fixation at trial 30: 317.608000
318150	[522]	:	Object at trial 30: 318.130000
321673	[3523]	:	Fixation at trial 30: 321.653000
322194	[521]	:	Catch Stim at trial 30: 322.174000
325719	[3525]	:	Catch Q at trial 30: 322.174000
326566	[847]	:	Key	28	DOWN	at	326566  
327699	[1133]	:	Respose to catch Q at trial 30: 326.572000
327699	[0]	:	RT and choice to catch Q at trial 30: 0.873000, 28
327724	[25]	:	Fixation at trial 31: 327.704000
328247	[523]	:	Object at trial 31: 328.227000
331770	[3523]	:	Fixation at trial 31: 331.750000
332292	[522]	:	Catch Stim at trial 31: 332.272000
335817	[3525]	:	Catch Q at trial 31: 332.272000
336587	[770]	:	Key	28	DOWN	at	336587  
337797	[1210]	:	Respose to catch Q at trial 31: 336.593000
337798	[1]	:	RT and choice to catch Q at trial 31: 0.796000, 28
337822	[24]	:	Fixation at trial 32: 337.802000
338344	[522]	:	Object at trial 32: 338.324000
341867	[3523]	:	Fixation at trial 32: 341.847000
342388	[521]	:	Catch Stim at trial 32: 342.368000
345913	[3525]	:	Catch Q at trial 32: 342.368000
346658	[745]	:	Key	28	DOWN	at	346658  
347893	[1235]	:	Respose to catch Q at trial 32: 346.664000
347894	[1]	:	RT and choice to catch Q at trial 32: 0.771000, 28
347918	[24]	:	Fixation at trial 33: 347.898000
348440	[522]	:	Object at trial 33: 348.420000
351963	[3523]	:	Fixation at trial 33: 351.943000
352485	[522]	:	Catch Stim at trial 33: 352.465000
356010	[3525]	:	Catch Q at trial 33: 352.465000
356863	[853]	:	Key	28	DOWN	at	356863  
357990	[1127]	:	Respose to catch Q at trial 33: 356.869000
357991	[1]	:	RT and choice to catch Q at trial 33: 0.879000, 28
358015	[24]	:	Fixation at trial 34: 357.995000
358537	[522]	:	Object at trial 34: 358.517000
362060	[3523]	:	Fixation at trial 34: 362.040000
362582	[522]	:	Catch Stim at trial 34: 362.562000
366107	[3525]	:	Catch Q at trial 34: 362.562000
366869	[762]	:	Key	28	DOWN	at	366869  
368087	[1218]	:	Respose to catch Q at trial 34: 366.875000
368088	[1]	:	RT and choice to catch Q at trial 34: 0.788000, 28
368112	[24]	:	Fixation at trial 35: 368.092000
368634	[522]	:	Object at trial 35: 368.614000
372157	[3523]	:	Fixation at trial 35: 372.137000
372679	[522]	:	Catch Stim at trial 35: 372.659000
376204	[3525]	:	Catch Q at trial 35: 372.659000
376909	[705]	:	Key	30	DOWN	at	376909  
378184	[1275]	:	Respose to catch Q at trial 35: 376.915000
378185	[1]	:	RT and choice to catch Q at trial 35: 0.731000, 30
378209	[24]	:	Fixation at trial 36: 378.189000
378732	[523]	:	Object at trial 36: 378.712000
382255	[3523]	:	Fixation at trial 36: 382.235000
382776	[521]	:	Catch Stim at trial 36: 382.756000
386301	[3525]	:	Catch Q at trial 36: 382.756000
387190	[889]	:	Key	28	DOWN	at	387190  
388281	[1091]	:	Respose to catch Q at trial 36: 387.196000
388281	[0]	:	RT and choice to catch Q at trial 36: 0.915000, 28
388306	[25]	:	Fixation at trial 37: 388.286000
388828	[522]	:	Object at trial 37: 388.808000
392351	[3523]	:	Fixation at trial 37: 392.331000
392872	[521]	:	Catch Stim at trial 37: 392.852000
396397	[3525]	:	Catch Q at trial 37: 392.852000
397230	[833]	:	Key	28	DOWN	at	397230  
398377	[1147]	:	Respose to catch Q at trial 37: 397.236000
398377	[0]	:	RT and choice to catch Q at trial 37: 0.859000, 28
398402	[25]	:	Fixation at trial 38: 398.382000
398924	[522]	:	Object at trial 38: 398.904000
402447	[3523]	:	Fixation at trial 38: 402.427000
402968	[521]	:	Catch Stim at trial 38: 402.948000
406494	[3526]	:	Catch Q at trial 38: 402.948000
407121	[627]	:	Key	30	DOWN	at	407121  
408474	[1353]	:	Respose to catch Q at trial 38: 407.127000
408475	[1]	:	RT and choice to catch Q at trial 38: 0.653000, 30
408499	[24]	:	Fixation at trial 39: 408.479000
409021	[522]	:	Object at trial 39: 409.001000
412544	[3523]	:	Fixation at trial 39: 412.524000
413066	[522]	:	Catch Stim at trial 39: 413.046000
416592	[3526]	:	Catch Q at trial 39: 413.046000
417232	[640]	:	Key	30	DOWN	at	417232  
418572	[1340]	:	Respose to catch Q at trial 39: 417.238000
418572	[0]	:	RT and choice to catch Q at trial 39: 0.666000, 30
418597	[25]	:	Fixation at trial 40: 418.577000
419119	[522]	:	Object at trial 40: 419.099000
422642	[3523]	:	Fixation at trial 40: 422.622000
423163	[521]	:	Catch Stim at trial 40: 423.143000
426688	[3525]	:	Catch Q at trial 40: 423.143000
427482	[794]	:	Key	28	DOWN	at	427482  
428668	[1186]	:	Respose to catch Q at trial 40: 427.488000
428669	[1]	:	RT and choice to catch Q at trial 40: 0.820000, 28
428693	[24]	:	Fixation at trial 41: 428.673000
429215	[522]	:	Object at trial 