Cog2000 log file Wed Sep 25 10:16:57 2019
gprim v1.29 Compiled:Feb  1 2010 (GLib DirectDraw v7 DX10.0 Compiled:Feb  1 2010)
Display:1024x768x32 59.84Hz
CogInput v1.05 Compiled: May 20 2010
0	[0]	:	COGENT START
8391	[8391]	:	Key	30	DOWN	at	8391    
8646	[255]	:	Key	30	UP	at	8646    
9792	[1146]	:	Key	28	DOWN	at	9792    
10022	[230]	:	Key	28	UP	at	10022   
38163	[28141]	:	Key	71	DOWN	at	38163   
38221	[58]	:	Fixation at trial 1: 38.199000
38802	[581]	:	Object at trial 1: 38.781000
42335	[3533]	:	Fixation at trial 1: 42.314000
42873	[538]	:	Catch Stim at trial 1: 42.851000
46421	[3548]	:	Catch Q at trial 1: 42.851000
48460	[2039]	:	Respose to catch Q at trial 1: 47.937000
48462	[2]	:	RT and choice to catch Q at trial 1: 1.537000, 0
48511	[49]	:	Fixation at trial 2: 48.491000
49035	[524]	:	Object at trial 2: 49.015000
52558	[3523]	:	Fixation at trial 2: 52.538000
53085	[527]	:	Catch Stim at trial 2: 53.065000
56612	[3527]	:	Catch Q at trial 2: 53.065000
58061	[1449]	:	Key	28	DOWN	at	58061   
58595	[534]	:	Respose to catch Q at trial 2: 58.076000
58596	[1]	:	RT and choice to catch Q at trial 2: 1.484000, 28
58646	[50]	:	Fixation at trial 3: 58.626000
59169	[523]	:	Object at trial 3: 59.149000
62692	[3523]	:	Fixation at trial 3: 62.672000
63216	[524]	:	Catch Stim at trial 3: 63.196000
66743	[3527]	:	Catch Q at trial 3: 63.196000
68772	[2029]	:	Respose to catch Q at trial 3: 68.250000
68773	[1]	:	RT and choice to catch Q at trial 3: 1.527000, 0
68819	[46]	:	Fixation at trial 4: 68.799000
69343	[524]	:	Object at trial 4: 69.323000
72866	[3523]	:	Fixation at trial 4: 72.846000
73390	[524]	:	Catch Stim at trial 4: 73.370000
76916	[3526]	:	Catch Q at trial 4: 73.370000
78092	[1176]	:	Key	30	DOWN	at	78092   
78896	[804]	:	Respose to catch Q at trial 4: 78.100000
78897	[1]	:	RT and choice to catch Q at trial 4: 1.204000, 30
78924	[27]	:	Fixation at trial 5: 78.904000
79446	[522]	:	Object at trial 5: 79.426000
82969	[3523]	:	Fixation at trial 5: 82.949000
83493	[524]	:	Catch Stim at trial 5: 83.473000
87018	[3525]	:	Catch Q at trial 5: 83.473000
88103	[1085]	:	Key	28	DOWN	at	88103   
88999	[896]	:	Respose to catch Q at trial 5: 88.111000
89000	[1]	:	RT and choice to catch Q at trial 5: 1.113000, 28
89028	[28]	:	Fixation at trial 6: 89.008000
89550	[522]	:	Object at trial 6: 89.530000
93073	[3523]	:	Fixation at trial 6: 93.053000
93595	[522]	:	Catch Stim at trial 6: 93.575000
97120	[3525]	:	Catch Q at trial 6: 93.575000
98184	[1064]	:	Key	28	DOWN	at	98184   
99100	[916]	:	Respose to catch Q at trial 6: 98.190000
99100	[0]	:	RT and choice to catch Q at trial 6: 1.090000, 28
99128	[28]	:	Fixation at trial 7: 99.108000
99650	[522]	:	Object at trial 7: 99.630000
103173	[3523]	:	Fixation at trial 7: 103.153000
103695	[522]	:	Catch Stim at trial 7: 103.675000
107220	[3525]	:	Catch Q at trial 7: 103.675000
109244	[2024]	:	Respose to catch Q at trial 7: 108.724000
109244	[0]	:	RT and choice to catch Q at trial 7: 1.524000, 0
109275	[31]	:	Fixation at trial 8: 109.255000
109797	[522]	:	Object at trial 8: 109.777000
113320	[3523]	:	Fixation at trial 8: 113.300000
113843	[523]	:	Catch Stim at trial 8: 113.823000
117368	[3525]	:	Catch Q at trial 8: 113.823000
118450	[1082]	:	Key	30	DOWN	at	118450  
119349	[899]	:	Respose to catch Q at trial 8: 118.456000
119349	[0]	:	RT and choice to catch Q at trial 8: 1.108000, 30
119375	[26]	:	Fixation at trial 9: 119.355000
119897	[522]	:	Object at trial 9: 119.877000
123420	[3523]	:	Fixation at trial 9: 123.400000
123943	[523]	:	Catch Stim at trial 9: 123.923000
127468	[3525]	:	Catch Q at trial 9: 123.923000
128220	[752]	:	Key	30	DOWN	at	128220  
129448	[1228]	:	Respose to catch Q at trial 9: 128.226000
129449	[1]	:	RT and choice to catch Q at trial 9: 0.778000, 30
129475	[26]	:	Fixation at trial 10: 129.454000
129999	[524]	:	Object at trial 10: 129.979000
133521	[3522]	:	Fixation at trial 10: 133.501000
134043	[522]	:	Catch Stim at trial 10: 134.023000
137568	[3525]	:	Catch Q at trial 10: 134.023000
138491	[923]	:	Key	30	DOWN	at	138491  
139548	[1057]	:	Respose to catch Q at trial 10: 138.497000
139549	[1]	:	RT and choice to catch Q at trial 10: 0.949000, 30
139574	[25]	:	Fixation at trial 11: 139.554000
140097	[523]	:	Object at trial 11: 140.077000
143620	[3523]	:	Fixation at trial 11: 143.600000
144142	[522]	:	Catch Stim at trial 11: 144.122000
147667	[3525]	:	Catch Q at trial 11: 144.122000
148931	[1264]	:	Key	28	DOWN	at	148931  
149647	[716]	:	Respose to catch Q at trial 11: 148.937000
149647	[0]	:	RT and choice to catch Q at trial 11: 1.290000, 28
149672	[25]	:	Fixation at trial 12: 149.652000
150194	[522]	:	Object at trial 12: 150.174000
153717	[3523]	:	Fixation at trial 12: 153.697000
154239	[522]	:	Catch Stim at trial 12: 154.219000
157764	[3525]	:	Catch Q at trial 12: 154.219000
158862	[1098]	:	Key	30	DOWN	at	158862  
159744	[882]	:	Respose to catch Q at trial 12: 158.868000
159745	[1]	:	RT and choice to catch Q at trial 12: 1.124000, 30
159774	[29]	:	Fixation at trial 13: 159.754000
160296	[522]	:	Object at trial 13: 160.276000
163819	[3523]	:	Fixation at trial 13: 163.799000
164341	[522]	:	Catch Stim at trial 13: 164.321000
167868	[3527]	:	Catch Q at trial 13: 164.321000
168929	[1061]	:	Key	28	DOWN	at	168929  
169848	[919]	:	Respose to catch Q at trial 13: 168.937000
169848	[0]	:	RT and choice to catch Q at trial 13: 1.089000, 28
169873	[25]	:	Fixation at trial 14: 169.853000
170395	[522]	:	Object at trial 14: 170.375000
173918	[3523]	:	Fixation at trial 14: 173.898000
174439	[521]	:	Catch Stim at trial 14: 174.419000
177964	[3525]	:	Catch Q at trial 14: 174.419000
178759	[795]	:	Key	30	DOWN	at	178759  
179944	[1185]	:	Respose to catch Q at trial 14: 178.765000
179945	[1]	:	RT and choice to catch Q at trial 14: 0.821000, 30
179969	[24]	:	Fixation at trial 15: 179.949000
180492	[523]	:	Object at trial 15: 180.472000
184015	[3523]	:	Fixation at trial 15: 183.995000
184536	[521]	:	Catch Stim at trial 15: 184.516000
188061	[3525]	:	Catch Q at trial 15: 184.516000
188850	[789]	:	Key	30	DOWN	at	188850  
190041	[1191]	:	Respose to catch Q at trial 15: 188.856000
190042	[1]	:	RT and choice to catch Q at trial 15: 0.815000, 30
190066	[24]	:	Fixation at trial 16: 190.046000
190588	[522]	:	Object at trial 16: 190.568000
194111	[3523]	:	Fixation at trial 16: 194.091000
194632	[521]	:	Catch Stim at trial 16: 194.612000
198157	[3525]	:	Catch Q at trial 16: 194.612000
199075	[918]	:	Key	28	DOWN	at	199075  
200137	[1062]	:	Respose to catch Q at trial 16: 199.081000
200138	[1]	:	RT and choice to catch Q at trial 16: 0.944000, 28
200162	[24]	:	Fixation at trial 17: 200.142000
200685	[523]	:	Object at trial 17: 200.665000
204208	[3523]	:	Fixation at trial 17: 204.188000
204730	[522]	:	Catch Stim at trial 17: 204.710000
208255	[3525]	:	Catch Q at trial 17: 204.710000
209256	[1001]	:	Key	28	DOWN	at	209256  
210235	[979]	:	Respose to catch Q at trial 17: 209.262000
210236	[1]	:	RT and choice to catch Q at trial 17: 1.027000, 28
210260	[24]	:	Fixation at trial 18: 210.240000
210782	[522]	:	Object at trial 18: 210.762000
214305	[3523]	:	Fixation at trial 18: 214.285000
214827	[522]	:	Catch Stim at trial 18: 214.807000
218352	[3525]	:	Catch Q at trial 18: 214.807000
219517	[1165]	:	Key	28	DOWN	at	219517  
220332	[815]	:	Respose to catch Q at trial 18: 219.523000
220332	[0]	:	RT and choice to catch Q at trial 18: 1.191000, 28
220357	[25]	:	Fixation at trial 19: 220.337000
220879	[522]	:	Object at trial 19: 220.859000
224402	[3523]	:	Fixation at trial 19: 224.382000
224923	[521]	:	Catch Stim at trial 19: 224.903000
228448	[3525]	:	Catch Q at trial 19: 224.903000
229582	[1134]	:	Key	30	DOWN	at	229582  
230428	[846]	:	Respose to catch Q at trial 19: 229.588000
230429	[1]	:	RT and choice to catch Q at trial 19: 1.160000, 30
230453	[24]	:	Fixation at trial 20: 230.433000
230975	[522]	:	Object at trial 20: 230.955000
234498	[3523]	:	Fixation at trial 20: 234.478000
235020	[522]	:	Catch Stim at trial 20: 235.000000
238545	[3525]	:	Catch Q at trial 20: 235.000000
240569	[2024]	:	Respose to catch Q at trial 20: 240.049000
240570	[1]	:	RT and choice to catch Q at trial 20: 1.524000, 0
240600	[30]	:	Fixation at trial 21: 240.580000
241122	[522]	:	Object at trial 21: 241.102000
244646	[3524]	:	Fixation at trial 21: 244.626000
245168	[522]	:	Catch Stim at trial 21: 245.148000
248694	[3526]	:	Catch Q at trial 21: 245.148000
250068	[1374]	:	Key	28	DOWN	at	250068  
250674	[606]	:	Respose to catch Q at trial 21: 250.074000
250674	[0]	:	RT and choice to catch Q at trial 21: 1.400000, 28
250699	[25]	:	Fixation at trial 22: 250.679000
251221	[522]	:	Object at trial 22: 251.201000
254744	[3523]	:	Fixation at trial 22: 254.724000
255266	[522]	:	Catch Stim at trial 22: 255.246000
258791	[3525]	:	Catch Q at trial 22: 255.246000
259608	[817]	:	Key	30	DOWN	at	259608  
260772	[1164]	:	Respose to catch Q at trial 22: 259.615000
260772	[0]	:	RT and choice to catch Q at trial 22: 0.844000, 30
260797	[25]	:	Fixation at trial 23: 260.777000
261320	[523]	:	Object at trial 23: 261.300000
264843	[3523]	:	Fixation at trial 23: 264.823000
265365	[522]	:	Catch Stim at trial 23: 265.345000
268890	[3525]	:	Catch Q at trial 23: 265.345000
269789	[899]	:	Key	30	DOWN	at	269789  
270870	[1081]	:	Respose to catch Q at trial 23: 269.795000
270870	[0]	:	RT and choice to catch Q at trial 23: 0.925000, 30
270895	[25]	:	Fixation at trial 24: 270.875000
271418	[523]	:	Object at trial 24: 271.398000
274941	[3523]	:	Fixation at trial 24: 274.921000
275465	[524]	:	Catch Stim at trial 24: 275.445000
278990	[3525]	:	Catch Q at trial 24: 275.445000
279885	[895]	:	Key	30	DOWN	at	279885  
280970	[1085]	:	Respose to catch Q at trial 24: 279.891000
280970	[0]	:	RT and choice to catch Q at trial 24: 0.921000, 30
280995	[25]	:	Fixation at trial 25: 280.975000
281517	[522]	:	Object at trial 25: 281.497000
285040	[3523]	:	Fixation at trial 25: 285.020000
285562	[522]	:	Catch Stim at trial 25: 285.542000
289088	[3526]	:	Catch Q at trial 25: 285.542000
290461	[1373]	:	Key	28	DOWN	at	290461  
291068	[607]	:	Respose to catch Q at trial 25: 290.467000
291068	[0]	:	RT and choice to catch Q at trial 25: 1.399000, 28
291093	[25]	:	Fixation at trial 26: 291.073000
291615	[522]	:	Object at trial 26: 291.595000
295138	[3523]	:	Fixation at trial 26: 295.118000
295659	[521]	:	Catch Stim at trial 26: 295.639000
299184	[3525]	:	Catch Q at trial 26: 295.639000
300216	[1032]	:	Key	30	DOWN	at	300216  
301164	[948]	:	Respose to catch Q at trial 26: 300.222000
301164	[0]	:	RT and choice to catch Q at trial 26: 1.058000, 30
301189	[25]	:	Fixation at trial 27: 301.169000
301711	[522]	:	Object at trial 27: 301.691000
305234	[3523]	:	Fixation at trial 27: 305.214000
305756	[522]	:	Catch Stim at trial 27: 305.736000
309282	[3526]	:	Catch Q at trial 27: 305.736000
309997	[715]	:	Key	30	DOWN	at	309997  
311262	[1265]	:	Respose to catch Q at trial 27: 310.003000
311262	[0]	:	RT and choice to catch Q at trial 27: 0.741000, 30
311287	[25]	:	Fixation at trial 28: 311.267000
311809	[522]	:	Object at trial 28: 311.789000
315332	[3523]	:	Fixation at trial 28: 315.312000
315854	[522]	:	Catch Stim at trial 28: 315.834000
319379	[3525]	:	Catch Q at trial 28: 315.834000
320412	[1033]	:	Key	30	DOWN	at	320412  
321359	[947]	:	Respose to catch Q at trial 28: 320.418000
321359	[0]	:	RT and choice to catch Q at trial 28: 1.059000, 30
321384	[25]	:	Fixation at trial 29: 321.364000
321906	[522]	:	Object at trial 29: 321.886000
325429	[3523]	:	Fixation at trial 29: 325.409000
325951	[522]	:	Catch Stim at trial 29: 325.931000
329476	[3525]	:	Catch Q at trial 29: 325.931000
330583	[1107]	:	Key	28	DOWN	at	330583  
331456	[873]	:	Respose to catch Q at trial 29: 330.589000
331456	[0]	:	RT and choice to catch Q at trial 29: 1.133000, 28
331481	[25]	:	Fixation at trial 30: 331.461000
332004	[523]	:	Object at trial 30: 331.984000
335527	[3523]	:	Fixation at trial 30: 335.507000
336049	[522]	:	Catch Stim at trial 30: 336.029000
339575	[3526]	:	Catch Q at trial 30: 336.029000
340473	[898]	:	Key	30	DOWN	at	340473  
341555	[1082]	:	Respose to catch Q at trial 30: 340.479000
341555	[0]	:	RT and choice to catch Q at trial 30: 0.924000, 30
341580	[25]	:	Fixation at trial 31: 341.560000
342102	[522]	:	Object at trial 31: 342.082000
345625	[3523]	:	Fixation at trial 31: 345.605000
346148	[523]	:	Catch Stim at trial 31: 346.128000
349673	[3525]	:	Catch Q at trial 31: 346.128000
350629	[956]	:	Key	28	DOWN	at	350629  
351653	[1024]	:	Respose to catch Q at trial 31: 350.635000
351653	[0]	:	RT and choice to catch Q at trial 31: 0.982000, 28
351678	[25]	:	Fixation at trial 32: 351.658000
352200	[522]	:	Object at trial 32: 352.180000
355723	[3523]	:	Fixation at trial 32: 355.703000
356244	[521]	:	Catch Stim at trial 32: 356.224000
359769	[3525]	:	Catch Q at trial 32: 356.224000
360450	[681]	:	Key	30	DOWN	at	360450  
361749	[1299]	:	Respose to catch Q at trial 32: 360.455000
361749	[0]	:	RT and choice to catch Q at trial 32: 0.706000, 30
361774	[25]	:	Fixation at trial 33: 361.754000
362296	[522]	:	Object at trial 33: 362.276000
365819	[3523]	:	Fixation at trial 33: 365.799000
366340	[521]	:	Catch Stim at trial 33: 366.320000
369865	[3525]	:	Catch Q at trial 33: 366.320000
370835	[970]	:	Key	28	DOWN	at	370835  
371845	[1010]	:	Respose to catch Q at trial 33: 370.841000
371845	[0]	:	RT and choice to catch Q at trial 33: 0.996000, 28
371870	[25]	:	Fixation at trial 34: 371.850000
372392	[522]	:	Object at trial 34: 372.372000
375915	[3523]	:	Fixation at trial 34: 375.895000
376436	[521]	:	Catch Stim at trial 34: 376.416000
379961	[3525]	:	Catch Q at trial 34: 376.416000
380876	[915]	:	Key	28	DOWN	at	380876  
381941	[1065]	:	Respose to catch Q at trial 34: 380.881000
381941	[0]	:	RT and choice to catch Q at trial 34: 0.940000, 28
381966	[25]	:	Fixation at trial 35: 381.946000
382488	[522]	:	Object at trial 35: 382.468000
386011	[3523]	:	Fixation at trial 35: 385.991000
386533	[522]	:	Catch Stim at trial 35: 386.513000
390059	[3526]	:	Catch Q at trial 35: 386.513000
390906	[847]	:	Key	30	DOWN	at	390906  
392039	[1133]	:	Respose to catch Q at trial 35: 390.912000
392039	[0]	:	RT and choice to catch Q at trial 35: 0.873000, 30
392064	[25]	:	Fixation at trial 36: 392.044000
392586	[522]	:	Object at trial 36: 392.566000
396109	[3523]	:	Fixation at trial 36: 396.089000
396631	[522]	:	Catch Stim at trial 36: 396.611000
400157	[3526]	:	Catch Q at trial 36: 396.611000
402181	[2024]	:	Respose to catch Q at trial 36: 401.661000
402182	[1]	:	RT and choice to catch Q at trial 36: 1.524000, 0
402211	[29]	:	Fixation at trial 37: 402.191000
402733	[522]	:	Object at trial 37: 402.713000
406256	[3523]	:	Fixation at trial 37: 406.236000
406778	[522]	:	Catch Stim at trial 37: 406.758000
410306	[3528]	:	Catch Q at trial 37: 406.758000
410807	[501]	:	Key	30	DOWN	at	410807  
412286	[1479]	:	Respose to catch Q at trial 37: 410.812000
412286	[0]	:	RT and choice to catch Q at trial 37: 0.526000, 30
412311	[25]	:	Fixation at trial 38: 412.291000
412833	[522]	:	Object at trial 38: 412.813000
416356	[3523]	:	Fixation at trial 38: 416.336000
416877	[521]	:	Catch Stim at trial 38: 416.857000
420403	[3526]	:	Catch Q at trial 38: 416.857000
421843	[1440]	:	Key	28	DOWN	at	421843  
422383	[540]	:	Respose to catch Q at trial 38: 421.849000
422383	[0]	:	RT and choice to catch Q at trial 38: 1.466000, 28
422408	[25]	:	Fixation at trial 39: 422.388000
422930	[522]	:	Object at trial 39: 422.910000
426453	[3523]	:	Fixation at trial 39: 426.433000
426974	[521]	:	Catch Stim at trial 39: 426.954000
430499	[3525]	:	Catch Q at trial 39: 426.954000
431359	[860]	:	Key	28	DOWN	at	431359  
432479	[1120]	:	Respose to catch Q at trial 39: 431.364000
432480	[1]	:	RT and choice to catch Q at trial 39: 0.885000, 28
432504	[24]	:	Fixation at trial 40: 432.484000
433026	[522]	:	Object at trial 40: 433.006000
436549	[3523]	:	Fixation at trial 40: 436.529000
437071	[522]	:	Catch Stim at trial 40: 437.051000
440596	[3525]	:	Catch Q at trial 40: 437.051000
442084	[1488]	:	Key	28	DOWN	at	442084  
442576	[492]	:	Respose to catch Q at trial 40: 442.090000
442576	[0]	:	RT and choice to catch Q at trial 40: 1.514000, 28
442601	[25]	:	Fixation at trial 41: 442.581000
443123	[522]	:	Object at trial 41: 443.103000
446646	[3523]	:	Fixation at trial 41: 446.626000
447168	[522]	:	Catch Stim at trial 41: 447.148000
450693	[3525]	:	Catch Q at trial 41: 447.148000
452717	[2024]	:	