Cog2000 log file Wed Oct 02 12:01:42 2019
gprim v1.29 Compiled:Feb  1 2010 (GLib DirectDraw v7 DX10.0 Compiled:Feb  1 2010)
Display:1024x768x32 59.81Hz
CogInput v1.05 Compiled: May 20 2010
0	[0]	:	COGENT START
1251	[1251]	:	Key	30	DOWN	at	1251    
1426	[175]	:	Key	30	UP	at	1426    
2256	[830]	:	Key	28	DOWN	at	2256    
2476	[220]	:	Key	28	UP	at	2476    
7732	[5256]	:	Key	71	DOWN	at	7732    
7788	[56]	:	Fixation at trial 1: 7.766000
8363	[575]	:	Object at trial 1: 8.343000
11897	[3534]	:	Fixation at trial 1: 11.876000
12438	[541]	:	Catch Stim at trial 1: 12.417000
15990	[3552]	:	Catch Q at trial 1: 12.417000
18024	[2034]	:	Respose to catch Q at trial 1: 17.501000
18026	[2]	:	RT and choice to catch Q at trial 1: 1.532000, 0
18079	[53]	:	Fixation at trial 2: 18.059000
18604	[525]	:	Object at trial 2: 18.584000
22127	[3523]	:	Fixation at trial 2: 22.107000
22659	[532]	:	Catch Stim at trial 2: 22.638000
26204	[3545]	:	Catch Q at trial 2: 22.638000
28237	[2033]	:	Respose to catch Q at trial 2: 27.715000
28238	[1]	:	RT and choice to catch Q at trial 2: 1.531000, 0
28285	[47]	:	Fixation at trial 3: 28.265000
28809	[524]	:	Object at trial 3: 28.789000
32331	[3522]	:	Fixation at trial 3: 32.312000
32854	[523]	:	Catch Stim at trial 3: 32.834000
36379	[3525]	:	Catch Q at trial 3: 32.834000
38403	[2024]	:	Respose to catch Q at trial 3: 37.883000
38403	[0]	:	RT and choice to catch Q at trial 3: 1.524000, 0
38447	[44]	:	Fixation at trial 4: 38.427000
38969	[522]	:	Object at trial 4: 38.949000
42492	[3523]	:	Fixation at trial 4: 42.472000
43016	[524]	:	Catch Stim at trial 4: 42.996000
46541	[3525]	:	Catch Q at trial 4: 42.996000
48565	[2024]	:	Respose to catch Q at trial 4: 48.045000
48566	[1]	:	RT and choice to catch Q at trial 4: 1.524000, 0
48594	[28]	:	Fixation at trial 5: 48.574000
49117	[523]	:	Object at trial 5: 49.097000
52640	[3523]	:	Fixation at trial 5: 52.620000
53162	[522]	:	Catch Stim at trial 5: 53.142000
56687	[3525]	:	Catch Q at trial 5: 53.142000
58711	[2024]	:	Respose to catch Q at trial 5: 58.191000
58712	[1]	:	RT and choice to catch Q at trial 5: 1.524000, 0
62749	[4037]	:	COGENT STOP
Cog2000 log file Wed Oct 02 12:28:07 2019
gprim v1.29 Compiled:Feb  1 2010 (GLib DirectDraw v7 DX10.0 Compiled:Feb  1 2010)
Display:1024x768x32 59.84Hz
CogInput v1.05 Compiled: May 20 2010
0	[0]	:	COGENT START
1850	[1850]	:	Key	30	DOWN	at	1850    
2029	[179]	:	Key	30	UP	at	2029    
2355	[326]	:	Key	28	DOWN	at	2355    
2550	[195]	:	Key	28	UP	at	2550    
23336	[20786]	:	Key	71	DOWN	at	23336   
23404	[68]	:	Fixation at trial 1: 23.382000
23941	[537]	:	Object at trial 1: 23.920000
27469	[3528]	:	Fixation at trial 1: 27.448000
28002	[533]	:	Catch Stim at trial 1: 27.981000
31536	[3534]	:	Catch Q at trial 1: 27.981000
32767	[1231]	:	Key	30	DOWN	at	32767   
33519	[752]	:	Respose to catch Q at trial 1: 32.781000
33521	[2]	:	RT and choice to catch Q at trial 1: 1.266000, 30
33569	[48]	:	Fixation at trial 2: 33.549000
34093	[524]	:	Object at trial 2: 34.073000
37616	[3523]	:	Fixation at trial 2: 37.596000
38141	[525]	:	Catch Stim at trial 2: 38.121000
41666	[3525]	:	Catch Q at trial 2: 38.121000
42492	[826]	:	Key	28	DOWN	at	42492   
43648	[1156]	:	Respose to catch Q at trial 2: 42.501000
43649	[1]	:	RT and choice to catch Q at trial 2: 0.855000, 28
43694	[45]	:	Fixation at trial 3: 43.674000
44217	[523]	:	Object at trial 3: 44.197000
47740	[3523]	:	Fixation at trial 3: 47.720000
48262	[522]	:	Catch Stim at trial 3: 48.242000
51789	[3527]	:	Catch Q at trial 3: 48.242000
52618	[829]	:	Key	30	DOWN	at	52618   
53769	[1151]	:	Respose to catch Q at trial 3: 52.625000
53769	[0]	:	RT and choice to catch Q at trial 3: 0.856000, 30
53810	[41]	:	Fixation at trial 4: 53.790000
54333	[523]	:	Object at trial 4: 54.313000
57856	[3523]	:	Fixation at trial 4: 57.836000
58378	[522]	:	Catch Stim at trial 4: 58.358000
61903	[3525]	:	Catch Q at trial 4: 58.358000
63109	[1206]	:	Key	28	DOWN	at	63109   
63883	[774]	:	Respose to catch Q at trial 4: 63.116000
63883	[0]	:	RT and choice to catch Q at trial 4: 1.233000, 28
63910	[27]	:	Fixation at trial 5: 63.890000
64433	[523]	:	Object at trial 5: 64.413000
67957	[3524]	:	Fixation at trial 5: 67.937000
68479	[522]	:	Catch Stim at trial 5: 68.459000
72004	[3525]	:	Catch Q at trial 5: 68.459000
72689	[685]	:	Key	30	DOWN	at	72689   
73984	[1295]	:	Respose to catch Q at trial 5: 72.695000
73984	[0]	:	RT and choice to catch Q at trial 5: 0.711000, 30
74012	[28]	:	Fixation at trial 6: 73.992000
74536	[524]	:	Object at trial 6: 74.516000
78059	[3523]	:	Fixation at trial 6: 78.039000
78581	[522]	:	Catch Stim at trial 6: 78.561000
82106	[3525]	:	Catch Q at trial 6: 78.561000
84137	[2031]	:	Respose to catch Q at trial 6: 83.615000
84138	[1]	:	RT and choice to catch Q at trial 6: 1.529000, 0
84174	[36]	:	Fixation at trial 7: 84.154000
84696	[522]	:	Object at trial 7: 84.676000
88219	[3523]	:	Fixation at trial 7: 88.199000
88742	[523]	:	Catch Stim at trial 7: 88.722000
92269	[3527]	:	Catch Q at trial 7: 88.722000
93175	[906]	:	Key	30	DOWN	at	93175   
94249	[1074]	:	Respose to catch Q at trial 7: 93.184000
94249	[0]	:	RT and choice to catch Q at trial 7: 0.935000, 30
94277	[28]	:	Fixation at trial 8: 94.257000
94799	[522]	:	Object at trial 8: 94.779000
98322	[3523]	:	Fixation at trial 8: 98.302000
98845	[523]	:	Catch Stim at trial 8: 98.825000
102370	[3525]	:	Catch Q at trial 8: 98.825000
103221	[851]	:	Key	28	DOWN	at	103221  
104350	[1129]	:	Respose to catch Q at trial 8: 103.227000
104351	[1]	:	RT and choice to catch Q at trial 8: 0.877000, 28
104376	[25]	:	Fixation at trial 9: 104.356000
104899	[523]	:	Object at trial 9: 104.879000
108422	[3523]	:	Fixation at trial 9: 108.402000
108945	[523]	:	Catch Stim at trial 9: 108.925000
112470	[3525]	:	Catch Q at trial 9: 108.925000
113362	[892]	:	Key	28	DOWN	at	113362  
114450	[1088]	:	Respose to catch Q at trial 9: 113.368000
114451	[1]	:	RT and choice to catch Q at trial 9: 0.918000, 28
114476	[25]	:	Fixation at trial 10: 114.456000
114999	[523]	:	Object at trial 10: 114.979000
118522	[3523]	:	Fixation at trial 10: 118.502000
119045	[523]	:	Catch Stim at trial 10: 119.025000
122570	[3525]	:	Catch Q at trial 10: 119.025000
123352	[782]	:	Key	30	DOWN	at	123352  
124550	[1198]	:	Respose to catch Q at trial 10: 123.357000
124551	[1]	:	RT and choice to catch Q at trial 10: 0.807000, 30
124576	[25]	:	Fixation at trial 11: 124.556000
125098	[522]	:	Object at trial 11: 125.078000
128621	[3523]	:	Fixation at trial 11: 128.601000
129142	[521]	:	Catch Stim at trial 11: 129.123000
132667	[3525]	:	Catch Q at trial 11: 129.123000
133688	[1021]	:	Key	28	DOWN	at	133688  
134647	[959]	:	Respose to catch Q at trial 11: 133.693000
134648	[1]	:	RT and choice to catch Q at trial 11: 1.046000, 28
134673	[25]	:	Fixation at trial 12: 134.653000
135195	[522]	:	Object at trial 12: 135.175000
138718	[3523]	:	Fixation at trial 12: 138.698000
139240	[522]	:	Catch Stim at trial 12: 139.220000
142765	[3525]	:	Catch Q at trial 12: 139.220000
143523	[758]	:	Key	28	DOWN	at	143523  
144745	[1222]	:	Respose to catch Q at trial 12: 143.528000
144745	[0]	:	RT and choice to catch Q at trial 12: 0.783000, 28
144770	[25]	:	Fixation at trial 13: 144.750000
145292	[522]	:	Object at trial 13: 145.272000
148815	[3523]	:	Fixation at trial 13: 148.795000
149337	[522]	:	Catch Stim at trial 13: 149.317000
152862	[3525]	:	Catch Q at trial 13: 149.317000
153639	[777]	:	Key	28	DOWN	at	153639  
154842	[1203]	:	Respose to catch Q at trial 13: 153.645000
154842	[0]	:	RT and choice to catch Q at trial 13: 0.803000, 28
154867	[25]	:	Fixation at trial 14: 154.847000
155389	[522]	:	Object at trial 14: 155.369000
158912	[3523]	:	Fixation at trial 14: 158.892000
159434	[522]	:	Catch Stim at trial 14: 159.414000
162960	[3526]	:	Catch Q at trial 14: 159.414000
163674	[714]	:	Key	28	DOWN	at	163674  
164940	[1266]	:	Respose to catch Q at trial 14: 163.680000
164941	[1]	:	RT and choice to catch Q at trial 14: 0.740000, 28
164965	[24]	:	Fixation at trial 15: 164.945000
165487	[522]	:	Object at trial 15: 165.467000
169010	[3523]	:	Fixation at trial 15: 168.990000
169532	[522]	:	Catch Stim at trial 15: 169.512000
173057	[3525]	:	Catch Q at trial 15: 169.512000
174135	[1078]	:	Key	28	DOWN	at	174135  
175037	[902]	:	Respose to catch Q at trial 15: 174.140000
175038	[1]	:	RT and choice to catch Q at trial 15: 1.103000, 28
175062	[24]	:	Fixation at trial 16: 175.042000
175584	[522]	:	Object at trial 16: 175.564000
179107	[3523]	:	Fixation at trial 16: 179.087000
179629	[522]	:	Catch Stim at trial 16: 179.609000
183154	[3525]	:	Catch Q at trial 16: 179.609000
183961	[807]	:	Key	30	DOWN	at	183961  
185134	[1173]	:	Respose to catch Q at trial 16: 183.967000
185135	[1]	:	RT and choice to catch Q at trial 16: 0.833000, 30
185159	[24]	:	Fixation at trial 17: 185.139000
185682	[523]	:	Object at trial 17: 185.662000
189205	[3523]	:	Fixation at trial 17: 189.185000
189728	[523]	:	Catch Stim at trial 17: 189.708000
193253	[3525]	:	Catch Q at trial 17: 189.708000
194216	[963]	:	Key	30	DOWN	at	194216  
195233	[1017]	:	Respose to catch Q at trial 17: 194.222000
195234	[1]	:	RT and choice to catch Q at trial 17: 0.989000, 30
195258	[24]	:	Fixation at trial 18: 195.238000
195780	[522]	:	Object at trial 18: 195.760000
199303	[3523]	:	Fixation at trial 18: 199.283000
199824	[521]	:	Catch Stim at trial 18: 199.804000
203349	[3525]	:	Catch Q at trial 18: 199.804000
204202	[853]	:	Key	30	DOWN	at	204202  
205329	[1127]	:	Respose to catch Q at trial 18: 204.208000
205329	[0]	:	RT and choice to catch Q at trial 18: 0.879000, 30
205354	[25]	:	Fixation at trial 19: 205.334000
205876	[522]	:	Object at trial 19: 205.856000
209399	[3523]	:	Fixation at trial 19: 209.379000
209923	[524]	:	Catch Stim at trial 19: 209.903000
213448	[3525]	:	Catch Q at trial 19: 209.903000
214297	[849]	:	Key	30	DOWN	at	214297  
215428	[1131]	:	Respose to catch Q at trial 19: 214.302000
215428	[0]	:	RT and choice to catch Q at trial 19: 0.874000, 30
215453	[25]	:	Fixation at trial 20: 215.433000
215976	[523]	:	Object at trial 20: 215.956000
219499	[3523]	:	Fixation at trial 20: 219.479000
220021	[522]	:	Catch Stim at trial 20: 220.001000
223546	[3525]	:	Catch Q at trial 20: 220.001000
224318	[772]	:	Key	28	DOWN	at	224318  
225526	[1208]	:	Respose to catch Q at trial 20: 224.324000
225526	[0]	:	RT and choice to catch Q at trial 20: 0.798000, 28
225551	[25]	:	Fixation at trial 21: 225.531000
226073	[522]	:	Object at trial 21: 226.053000
229596	[3523]	:	Fixation at trial 21: 229.576000
230117	[521]	:	Catch Stim at trial 21: 230.097000
233642	[3525]	:	Catch Q at trial 21: 230.097000
234378	[736]	:	Key	28	DOWN	at	234378  
235622	[1244]	:	Respose to catch Q at trial 21: 234.384000
235622	[0]	:	RT and choice to catch Q at trial 21: 0.762000, 28
235647	[25]	:	Fixation at trial 22: 235.627000
236169	[522]	:	Object at trial 22: 236.149000
239692	[3523]	:	Fixation at trial 22: 239.672000
240213	[521]	:	Catch Stim at trial 22: 240.193000
243738	[3525]	:	Catch Q at trial 22: 240.193000
244409	[671]	:	Key	30	DOWN	at	244409  
245718	[1309]	:	Respose to catch Q at trial 22: 244.415000
245718	[0]	:	RT and choice to catch Q at trial 22: 0.697000, 30
245743	[25]	:	Fixation at trial 23: 245.723000
246265	[522]	:	Object at trial 23: 246.245000
249788	[3523]	:	Fixation at trial 23: 249.768000
250310	[522]	:	Catch Stim at trial 23: 250.290000
253836	[3526]	:	Catch Q at trial 23: 250.290000
254690	[854]	:	Key	28	DOWN	at	254690  
255816	[1126]	:	Respose to catch Q at trial 23: 254.696000
255816	[0]	:	RT and choice to catch Q at trial 23: 0.880000, 28
255841	[25]	:	Fixation at trial 24: 255.821000
256365	[524]	:	Object at trial 24: 256.345000
259887	[3522]	:	Fixation at trial 24: 259.867000
260409	[522]	:	Catch Stim at trial 24: 260.389000
263933	[3524]	:	Catch Q at trial 24: 260.389000
264555	[622]	:	Key	30	DOWN	at	264555  
265913	[1358]	:	Respose to catch Q at trial 24: 264.561000
265913	[0]	:	RT and choice to catch Q at trial 24: 0.648000, 30
265938	[25]	:	Fixation at trial 25: 265.918000
266460	[522]	:	Object at trial 25: 266.440000
269983	[3523]	:	Fixation at trial 25: 269.963000
270505	[522]	:	Catch Stim at trial 25: 270.485000
274031	[3526]	:	Catch Q at trial 25: 270.485000
274696	[665]	:	Key	30	DOWN	at	274696  
276011	[1315]	:	Respose to catch Q at trial 25: 274.703000
276011	[0]	:	RT and choice to catch Q at trial 25: 0.692000, 30
276036	[25]	:	Fixation at trial 26: 276.016000
276558	[522]	:	Object at trial 26: 276.538000
280081	[3523]	:	Fixation at trial 26: 280.061000
280603	[522]	:	Catch Stim at trial 26: 280.583000
284128	[3525]	:	Catch Q at trial 26: 280.583000
284716	[588]	:	Key	30	DOWN	at	284716  
286108	[1392]	:	Respose to catch Q at trial 26: 284.722000
286108	[0]	:	RT and choice to catch Q at trial 26: 0.614000, 30
286133	[25]	:	Fixation at trial 27: 286.113000
286655	[522]	:	Object at trial 27: 286.635000
290178	[3523]	:	Fixation at trial 27: 290.158000
290700	[522]	:	Catch Stim at trial 27: 290.680000
294225	[3525]	:	Catch Q at trial 27: 290.680000
295017	[792]	:	Key	30	DOWN	at	295017  
296205	[1188]	:	Respose to catch Q at trial 27: 295.023000
296205	[0]	:	RT and choice to catch Q at trial 27: 0.818000, 30
296230	[25]	:	Fixation at trial 28: 296.210000
296752	[522]	:	Object at trial 28: 296.732000
300275	[3523]	:	Fixation at trial 28: 300.255000
300797	[522]	:	Catch Stim at trial 28: 300.777000
304322	[3525]	:	Catch Q at trial 28: 300.777000
305217	[895]	:	Key	28	DOWN	at	305217  
306302	[1085]	:	Respose to catch Q at trial 28: 305.223000
306302	[0]	:	RT and choice to catch Q at trial 28: 0.921000, 28
306327	[25]	:	Fixation at trial 29: 306.307000
306849	[522]	:	Object at trial 29: 306.829000
310372	[3523]	:	Fixation at trial 29: 310.352000
310894	[522]	:	Catch Stim at trial 29: 310.874000
314419	[3525]	:	Catch Q at trial 29: 310.874000
315123	[704]	:	Key	28	DOWN	at	315123  
316399	[1276]	:	Respose to catch Q at trial 29: 315.129000
316399	[0]	:	RT and choice to catch Q at trial 29: 0.730000, 28
316424	[25]	:	Fixation at trial 30: 316.404000
316946	[522]	:	Object at trial 30: 316.926000
320470	[3524]	:	Fixation at trial 30: 320.450000
320992	[522]	:	Catch Stim at trial 30: 320.972000
324517	[3525]	:	Catch Q at trial 30: 320.972000
325504	[987]	:	Key	28	DOWN	at	325504  
326497	[993]	:	Respose to catch Q at trial 30: 325.510000
326497	[0]	:	RT and choice to catch Q at trial 30: 1.013000, 28
326522	[25]	:	Fixation at trial 31: 326.502000
327045	[523]	:	Object at trial 31: 327.025000
330568	[3523]	:	Fixation at trial 31: 330.548000
331089	[521]	:	Catch Stim at trial 31: 331.069000
334615	[3526]	:	Catch Q at trial 31: 331.069000
335569	[954]	:	Key	30	DOWN	at	335569  
336595	[1026]	:	Respose to catch Q at trial 31: 335.575000
336595	[0]	:	RT and choice to catch Q at trial 31: 0.980000, 30
336620	[25]	:	Fixation at trial 32: 336.600000
337142	[522]	:	Object at trial 32: 337.122000
340665	[3523]	:	Fixation at trial 32: 340.645000
341186	[521]	:	Catch Stim at trial 32: 341.166000
344711	[3525]	:	Catch Q at trial 32: 341.166000
345375	[664]	:	Key	30	DOWN	at	345375  
346691	[1316]	:	Respose to catch Q at trial 32: 345.381000
346691	[0]	:	RT and choice to catch Q at trial 32: 0.690000, 30
346716	[25]	:	Fixation at trial 33: 346.696000
347239	[523]	:	Object at trial 33: 347.219000
350762	[3523]	:	Fixation at trial 33: 350.742000
351284	[522]	:	Catch Stim at trial 33: 351.264000
354809	[3525]	:	Catch Q at trial 33: 351.264000
355395	[586]	:	Key	30	DOWN	at	355395  
356789	[1394]	:	Respose to catch Q at trial 33: 355.401000
356789	[0]	:	RT and choice to catch Q at trial 33: 0.612000, 30
356814	[25]	:	Fixation at trial 34: 356.794000
357336	[522]	:	Object at trial 34: 357.316000
360859	[3523]	:	Fixation at trial 34: 360.839000
361381	[522]	:	Catch Stim at trial 34: 361.361000
364906	[3525]	:	Catch Q at trial 34: 361.361000
365586	[680]	:	Key	30	DOWN	at	365586  
366886	[1300]	:	Respose to catch Q at trial 34: 365.592000
366886	[0]	:	RT and choice to catch Q at trial 34: 0.706000, 30
366911	[25]	:	Fixation at trial 35: 366.891000
367433	[522]	:	Object at trial 35: 367.413000
370956	[3523]	:	Fixation at trial 35: 370.936000
371478	[522]	:	Catch Stim at trial 35: 371.458000
375003	[3525]	:	Catch Q at trial 35: 371.458000
375772	[769]	:	Key	28	DOWN	at	375772  
376983	[1211]	:	Respose to catch Q at trial 35: 375.778000
376983	[0]	:	RT and choice to catch Q at trial 35: 0.795000, 28
377008	[25]	:	Fixation at trial 36: 376.988000
377530	[522]	:	Object at trial 36: 377.510000
381053	[3523]	:	Fixation at trial 36: 381.033000
381575	[522]	:	Catch Stim at trial 36: 381.555000
385100	[3525]	:	Catch Q at trial 36: 381.555000
385958	[858]	:	Key	28	DOWN	at	385958  
387080	[1122]	:	Respose to catch Q at trial 36: 385.964000
387080	[0]	:	RT and choice to catch Q at trial 36: 0.884000, 28
387105	[25]	:	Fixation at trial 37: 387.085000
387627	[522]	:	Object at trial 37: 387.607000
391150	[3523]	:	Fixation at trial 37: 391.130000
391672	[522]	:	Catch Stim at trial 37: 391.652000
395197	[3525]	:	Catch Q at trial 37: 391.652000
395864	[667]	:	Key	28	DOWN	at	395864  
397177	[1313]	:	Respose to catch Q at trial 37: 395.870000
397177	[0]	:	RT and choice to catch Q at trial 37: 0.693000, 28
397202	[25]	:	Fixation at trial 38: 397.182000
397724	[522]	:	Object at trial 38: 397.704000
401247	[3523]	:	Fixation at trial 38: 401.227000
401769	[522]	:	Catch Stim at trial 38: 401.749000
405294	[3525]	:	Catch Q at trial 38: 401.749000
405964	[670]	:	Key	28	DOWN	at	405964  
407274	[1310]	:	Respose to catch Q at trial 38: 405.970000
407274	[0]	:	RT and choice to catch Q at trial 38: 0.696000, 28
407299	[25]	:	Fixation at trial 39: 407.279000
407821	[522]	:	Object at trial 39: 407.801000
411344	[3523]	:	Fixation at trial 39: 411.324000
411866	[522]	:	Catch Stim at trial 39: 411.846000
415391	[3525]	:	Catch Q at trial 39: 411.846000
416340	[949]	:	Key	30	DOWN	at	416340  
417371	[1031]	:	Respose to catch Q at trial 39: 416.346000
417371	[0]	:	RT and choice to catch Q at trial 39: 0.975000, 30
417396	[25]	:	Fixation at trial 40: 417.376000
417918	[522]	:	Object at trial 40: 417.898000
421441	[3523]	:	Fixation at trial 40: 421.421000
421962	[521]	:	Catch Stim at trial 40: 421.942000
425487	[3525]	:	Catch Q at trial 40: 421.942000
426430	[943]	:	Key	28	DOWN	at	426430  
427467	[1037]	:	Respose to catch Q at trial 40: 426.436000
427467	[0]	:	RT and choice to catch Q at trial 40: 0.969000, 28
427492	[25]	:	Fixation at trial 41: 427.472000
428014	[522]	:	Object at trial 41: 427.994000
431537	[3523]	:	Fixation a