Cog2000 log file Wed Oct 02 12:37:43 2019
gprim v1.29 Compiled:Feb  1 2010 (GLib DirectDraw v7 DX10.0 Compiled:Feb  1 2010)
Display:1024x768x32 59.84Hz
CogInput v1.05 Compiled: May 20 2010
0	[0]	:	COGENT START
1106	[1106]	:	Key	30	DOWN	at	1106    
1276	[170]	:	Key	30	UP	at	1276    
1716	[440]	:	Key	28	DOWN	at	1716    
1881	[165]	:	Key	28	UP	at	1881    
22922	[21041]	:	Key	71	DOWN	at	22922   
22980	[58]	:	Fixation at trial 1: 22.960000
23508	[528]	:	Object at trial 1: 23.487000
27032	[3524]	:	Fixation at trial 1: 27.011000
27560	[528]	:	Catch Stim at trial 1: 27.539000
31089	[3529]	:	Catch Q at trial 1: 27.539000
32028	[939]	:	Key	28	DOWN	at	32028   
33069	[1041]	:	Respose to catch Q at trial 1: 32.036000
33070	[1]	:	RT and choice to catch Q at trial 1: 0.968000, 28
33105	[35]	:	Fixation at trial 2: 33.085000
33627	[522]	:	Object at trial 2: 33.607000
37150	[3523]	:	Fixation at trial 2: 37.130000
37674	[524]	:	Catch Stim at trial 2: 37.654000
41201	[3527]	:	Catch Q at trial 2: 37.654000
42118	[917]	:	Key	28	DOWN	at	42118   
43181	[1063]	:	Respose to catch Q at trial 2: 42.125000
43182	[1]	:	RT and choice to catch Q at trial 2: 0.944000, 28
43214	[32]	:	Fixation at trial 3: 43.194000
43736	[522]	:	Object at trial 3: 43.716000
47259	[3523]	:	Fixation at trial 3: 47.239000
47781	[522]	:	Catch Stim at trial 3: 47.761000
51306	[3525]	:	Catch Q at trial 3: 47.761000
52144	[838]	:	Key	28	DOWN	at	52144   
53286	[1142]	:	Respose to catch Q at trial 3: 52.150000
53287	[1]	:	RT and choice to catch Q at trial 3: 0.864000, 28
53315	[28]	:	Fixation at trial 4: 53.295000
53837	[522]	:	Object at trial 4: 53.817000
57360	[3523]	:	Fixation at trial 4: 57.340000
57882	[522]	:	Catch Stim at trial 4: 57.862000
61408	[3526]	:	Catch Q at trial 4: 57.862000
62225	[817]	:	Key	28	DOWN	at	62225   
63388	[1163]	:	Respose to catch Q at trial 4: 62.231000
63389	[1]	:	RT and choice to catch Q at trial 4: 0.843000, 28
63417	[28]	:	Fixation at trial 5: 63.397000
63939	[522]	:	Object at trial 5: 63.919000
67462	[3523]	:	Fixation at trial 5: 67.442000
67985	[523]	:	Catch Stim at trial 5: 67.965000
71511	[3526]	:	Catch Q at trial 5: 67.965000
72750	[1239]	:	Key	28	DOWN	at	72750   
73491	[741]	:	Respose to catch Q at trial 5: 72.756000
73492	[1]	:	RT and choice to catch Q at trial 5: 1.265000, 28
73520	[28]	:	Fixation at trial 6: 73.500000
74042	[522]	:	Object at trial 6: 74.022000
77565	[3523]	:	Fixation at trial 6: 77.545000
78088	[523]	:	Catch Stim at trial 6: 78.068000
81613	[3525]	:	Catch Q at trial 6: 78.068000
83036	[1423]	:	Key	28	DOWN	at	83036   
83593	[557]	:	Respose to catch Q at trial 6: 83.042000
83594	[1]	:	RT and choice to catch Q at trial 6: 1.449000, 28
83620	[26]	:	Fixation at trial 7: 83.600000
84142	[522]	:	Object at trial 7: 84.122000
87665	[3523]	:	Fixation at trial 7: 87.645000
88188	[523]	:	Catch Stim at trial 7: 88.168000
91713	[3525]	:	Catch Q at trial 7: 88.168000
92496	[783]	:	Key	30	DOWN	at	92496   
93693	[1197]	:	Respose to catch Q at trial 7: 92.502000
93694	[1]	:	RT and choice to catch Q at trial 7: 0.809000, 30
93720	[26]	:	Fixation at trial 8: 93.700000
94242	[522]	:	Object at trial 8: 94.222000
97765	[3523]	:	Fixation at trial 8: 97.745000
98288	[523]	:	Catch Stim at trial 8: 98.268000
101814	[3526]	:	Catch Q at trial 8: 98.268000
102582	[768]	:	Key	30	DOWN	at	102582  
103794	[1212]	:	Respose to catch Q at trial 8: 102.587000
103795	[1]	:	RT and choice to catch Q at trial 8: 0.793000, 30
103819	[24]	:	Fixation at trial 9: 103.799000
104341	[522]	:	Object at trial 9: 104.321000
107864	[3523]	:	Fixation at trial 9: 107.844000
108387	[523]	:	Catch Stim at trial 9: 108.367000
111912	[3525]	:	Catch Q at trial 9: 108.367000
112557	[645]	:	Key	30	DOWN	at	112557  
113892	[1335]	:	Respose to catch Q at trial 9: 112.562000
113893	[1]	:	RT and choice to catch Q at trial 9: 0.670000, 30
113918	[25]	:	Fixation at trial 10: 113.898000
114440	[522]	:	Object at trial 10: 114.420000
117963	[3523]	:	Fixation at trial 10: 117.943000
118486	[523]	:	Catch Stim at trial 10: 118.466000
122011	[3525]	:	Catch Q at trial 10: 118.466000
122698	[687]	:	Key	30	DOWN	at	122698  
123991	[1293]	:	Respose to catch Q at trial 10: 122.704000
123992	[1]	:	RT and choice to catch Q at trial 10: 0.713000, 30
124016	[24]	:	Fixation at trial 11: 123.996000
124538	[522]	:	Object at trial 11: 124.518000
128062	[3524]	:	Fixation at trial 11: 128.042000
128584	[522]	:	Catch Stim at trial 11: 128.564000
132111	[3527]	:	Catch Q at trial 11: 128.564000
132769	[658]	:	Key	30	DOWN	at	132769  
134091	[1322]	:	Respose to catch Q at trial 11: 132.775000
134092	[1]	:	RT and choice to catch Q at trial 11: 0.684000, 30
134116	[24]	:	Fixation at trial 12: 134.096000
134638	[522]	:	Object at trial 12: 134.618000
138161	[3523]	:	Fixation at trial 12: 138.141000
138683	[522]	:	Catch Stim at trial 12: 138.663000
142209	[3526]	:	Catch Q at trial 12: 138.663000
143004	[795]	:	Key	28	DOWN	at	143004  
144189	[1185]	:	Respose to catch Q at trial 12: 143.010000
144189	[0]	:	RT and choice to catch Q at trial 12: 0.821000, 28
144214	[25]	:	Fixation at trial 13: 144.194000
144736	[522]	:	Object at trial 13: 144.716000
148259	[3523]	:	Fixation at trial 13: 148.239000
148781	[522]	:	Catch Stim at trial 13: 148.761000
152306	[3525]	:	Catch Q at trial 13: 148.761000
153135	[829]	:	Key	30	DOWN	at	153135  
154286	[1151]	:	Respose to catch Q at trial 13: 153.141000
154287	[1]	:	RT and choice to catch Q at trial 13: 0.855000, 30
154311	[24]	:	Fixation at trial 14: 154.291000
154833	[522]	:	Object at trial 14: 154.813000
158356	[3523]	:	Fixation at trial 14: 158.336000
158879	[523]	:	Catch Stim at trial 14: 158.859000
162405	[3526]	:	Catch Q at trial 14: 158.859000
163070	[665]	:	Key	30	DOWN	at	163070  
164385	[1315]	:	Respose to catch Q at trial 14: 163.076000
164386	[1]	:	RT and choice to catch Q at trial 14: 0.691000, 30
164410	[24]	:	Fixation at trial 15: 164.390000
164932	[522]	:	Object at trial 15: 164.912000
168455	[3523]	:	Fixation at trial 15: 168.435000
168977	[522]	:	Catch Stim at trial 15: 168.957000
172502	[3525]	:	Catch Q at trial 15: 168.957000
173226	[724]	:	Key	30	DOWN	at	173226  
174482	[1256]	:	Respose to catch Q at trial 15: 173.232000
174483	[1]	:	RT and choice to catch Q at trial 15: 0.750000, 30
174507	[24]	:	Fixation at trial 16: 174.487000
175029	[522]	:	Object at trial 16: 175.009000
178552	[3523]	:	Fixation at trial 16: 178.532000
179074	[522]	:	Catch Stim at trial 16: 179.054000
182599	[3525]	:	Catch Q at trial 16: 179.054000
183366	[767]	:	Key	30	DOWN	at	183366  
184579	[1213]	:	Respose to catch Q at trial 16: 183.372000
184580	[1]	:	RT and choice to catch Q at trial 16: 0.793000, 30
184604	[24]	:	Fixation at trial 17: 184.584000
185126	[522]	:	Object at trial 17: 185.106000
188649	[3523]	:	Fixation at trial 17: 188.629000
189171	[522]	:	Catch Stim at trial 17: 189.151000
192696	[3525]	:	Catch Q at trial 17: 189.151000
193482	[786]	:	Key	30	DOWN	at	193482  
194676	[1194]	:	Respose to catch Q at trial 17: 193.488000
194676	[0]	:	RT and choice to catch Q at trial 17: 0.812000, 30
194701	[25]	:	Fixation at trial 18: 194.681000
195223	[522]	:	Object at trial 18: 195.203000
198746	[3523]	:	Fixation at trial 18: 198.726000
199268	[522]	:	Catch Stim at trial 18: 199.248000
202793	[3525]	:	Catch Q at trial 18: 199.248000
203538	[745]	:	Key	30	DOWN	at	203538  
204773	[1235]	:	Respose to catch Q at trial 18: 203.544000
204773	[0]	:	RT and choice to catch Q at trial 18: 0.771000, 30
204798	[25]	:	Fixation at trial 19: 204.778000
205320	[522]	:	Object at trial 19: 205.300000
208843	[3523]	:	Fixation at trial 19: 208.823000
209365	[522]	:	Catch Stim at trial 19: 209.345000
212890	[3525]	:	Catch Q at trial 19: 209.345000
213438	[548]	:	Key	30	DOWN	at	213438  
214870	[1432]	:	Respose to catch Q at trial 19: 213.444000
214870	[0]	:	RT and choice to catch Q at trial 19: 0.574000, 30
214895	[25]	:	Fixation at trial 20: 214.875000
215417	[522]	:	Object at trial 20: 215.397000
218940	[3523]	:	Fixation at trial 20: 218.920000
219462	[522]	:	Catch Stim at trial 20: 219.442000
222987	[3525]	:	Catch Q at trial 20: 219.442000
223754	[767]	:	Key	28	DOWN	at	223754  
224967	[1213]	:	Respose to catch Q at trial 20: 223.760000
224968	[1]	:	RT and choice to catch Q at trial 20: 0.793000, 28
224992	[24]	:	Fixation at trial 21: 224.972000
225514	[522]	:	Object at trial 21: 225.494000
229037	[3523]	:	Fixation at trial 21: 229.017000
229559	[522]	:	Catch Stim at trial 21: 229.539000
233084	[3525]	:	Catch Q at trial 21: 229.539000
233734	[650]	:	Key	30	DOWN	at	233734  
235064	[1330]	:	Respose to catch Q at trial 21: 233.740000
235064	[0]	:	RT and choice to catch Q at trial 21: 0.676000, 30
235089	[25]	:	Fixation at trial 22: 235.069000
235611	[522]	:	Object at trial 22: 235.591000
239134	[3523]	:	Fixation at trial 22: 239.114000
239655	[521]	:	Catch Stim at trial 22: 239.635000
243180	[3525]	:	Catch Q at trial 22: 239.635000
244070	[890]	:	Key	30	DOWN	at	244070  
245160	[1090]	:	Respose to catch Q at trial 22: 244.076000
245160	[0]	:	RT and choice to catch Q at trial 22: 0.916000, 30
245185	[25]	:	Fixation at trial 23: 245.165000
245707	[522]	:	Object at trial 23: 245.687000
249230	[3523]	:	Fixation at trial 23: 249.210000
249752	[522]	:	Catch Stim at trial 23: 249.732000
253277	[3525]	:	Catch Q at trial 23: 249.732000
254000	[723]	:	Key	28	DOWN	at	254000  
255257	[1257]	:	Respose to catch Q at trial 23: 254.006000
255257	[0]	:	RT and choice to catch Q at trial 23: 0.749000, 28
255282	[25]	:	Fixation at trial 24: 255.262000
255804	[522]	:	Object at trial 24: 255.784000
259329	[3525]	:	Fixation at trial 24: 259.308000
259851	[522]	:	Catch Stim at trial 24: 259.831000
263376	[3525]	:	Catch Q at trial 24: 259.831000
264481	[1105]	:	Key	28	DOWN	at	264481  
265356	[875]	:	Respose to catch Q at trial 24: 264.487000
265356	[0]	:	RT and choice to catch Q at trial 24: 1.131000, 28
265381	[25]	:	Fixation at trial 25: 265.361000
265903	[522]	:	Object at trial 25: 265.883000
269426	[3523]	:	Fixation at trial 25: 269.406000
269948	[522]	:	Catch Stim at trial 25: 269.928000
273473	[3525]	:	Catch Q at trial 25: 269.928000
274332	[859]	:	Key	30	DOWN	at	274332  
275453	[1121]	:	Respose to catch Q at trial 25: 274.338000
275453	[0]	:	RT and choice to catch Q at trial 25: 0.885000, 30
275478	[25]	:	Fixation at trial 26: 275.458000
276000	[522]	:	Object at trial 26: 275.980000
279523	[3523]	:	Fixation at trial 26: 279.503000
280045	[522]	:	Catch Stim at trial 26: 280.025000
283570	[3525]	:	Catch Q at trial 26: 280.025000
284417	[847]	:	Key	28	DOWN	at	284417  
285550	[1133]	:	Respose to catch Q at trial 26: 284.423000
285550	[0]	:	RT and choice to catch Q at trial 26: 0.873000, 28
285575	[25]	:	Fixation at trial 27: 285.555000
286098	[523]	:	Object at trial 27: 286.078000
289621	[3523]	:	Fixation at trial 27: 289.601000
290144	[523]	:	Catch Stim at trial 27: 290.124000
293670	[3526]	:	Catch Q at trial 27: 290.124000
294338	[668]	:	Key	30	DOWN	at	294338  
295650	[1312]	:	Respose to catch Q at trial 27: 294.343000
295650	[0]	:	RT and choice to catch Q at trial 27: 0.693000, 30
295675	[25]	:	Fixation at trial 28: 295.655000
296197	[522]	:	Object at trial 28: 296.177000
299720	[3523]	:	Fixation at trial 28: 299.700000
300242	[522]	:	Catch Stim at trial 28: 300.222000
303768	[3526]	:	Catch Q at trial 28: 300.222000
304278	[510]	:	Key	30	DOWN	at	304278  
305748	[1470]	:	Respose to catch Q at trial 28: 304.283000
305748	[0]	:	RT and choice to catch Q at trial 28: 0.535000, 30
305773	[25]	:	Fixation at trial 29: 305.753000
306295	[522]	:	Object at trial 29: 306.275000
309818	[3523]	:	Fixation at trial 29: 309.798000
310340	[522]	:	Catch Stim at trial 29: 310.320000
313865	[3525]	:	Catch Q at trial 29: 310.320000
314704	[839]	:	Key	30	DOWN	at	314704  
315845	[1141]	:	Respose to catch Q at trial 29: 314.710000
315845	[0]	:	RT and choice to catch Q at trial 29: 0.865000, 30
315870	[25]	:	Fixation at trial 30: 315.850000
316392	[522]	:	Object at trial 30: 316.372000
319915	[3523]	:	Fixation at trial 30: 319.895000
320437	[522]	:	Catch Stim at trial 30: 320.417000
323963	[3526]	:	Catch Q at trial 30: 320.417000
325050	[1087]	:	Key	28	DOWN	at	325050  
325943	[893]	:	Respose to catch Q at trial 30: 325.056000
325943	[0]	:	RT and choice to catch Q at trial 30: 1.113000, 28
325968	[25]	:	Fixation at trial 31: 325.948000
326490	[522]	:	Object at trial 31: 326.470000
330013	[3523]	:	Fixation at trial 31: 329.993000
330536	[523]	:	Catch Stim at trial 31: 330.516000
334062	[3526]	:	Catch Q at trial 31: 330.516000
334880	[818]	:	Key	28	DOWN	at	334880  
336042	[1162]	:	Respose to catch Q at trial 31: 334.886000
336042	[0]	:	RT and choice to catch Q at trial 31: 0.844000, 28
336067	[25]	:	Fixation at trial 32: 336.047000
336589	[522]	:	Object at trial 32: 336.569000
340112	[3523]	:	Fixation at trial 32: 340.092000
340635	[523]	:	Catch Stim at trial 32: 340.615000
344161	[3526]	:	Catch Q at trial 32: 340.615000
345376	[1215]	:	Key	28	DOWN	at	345376  
346141	[765]	:	Respose to catch Q at trial 32: 345.382000
346141	[0]	:	RT and choice to catch Q at trial 32: 1.241000, 28
346166	[25]	:	Fixation at trial 33: 346.146000
346688	[522]	:	Object at trial 33: 346.668000
350211	[3523]	:	Fixation at trial 33: 350.191000
350733	[522]	:	Catch Stim at trial 33: 350.713000
354258	[3525]	:	Catch Q at trial 33: 350.713000
355176	[918]	:	Key	28	DOWN	at	355176  
356238	[1062]	:	Respose to catch Q at trial 33: 355.182000
356238	[0]	:	RT and choice to catch Q at trial 33: 0.944000, 28
356264	[26]	:	Fixation at trial 34: 356.244000
356786	[522]	:	Object at trial 34: 356.766000
360309	[3523]	:	Fixation at trial 34: 360.289000
360831	[522]	:	Catch Stim at trial 34: 360.811000
364356	[3525]	:	Catch Q at trial 34: 360.811000
365457	[1101]	:	Key	28	DOWN	at	365457  
366336	[879]	:	Respose to catch Q at trial 34: 365.463000
366336	[0]	:	RT and choice to catch Q at trial 34: 1.127000, 28
366361	[25]	:	Fixation at trial 35: 366.341000
366883	[522]	:	Object at trial 35: 366.863000
370406	[3523]	:	Fixation at trial 35: 370.386000
370928	[522]	:	Catch Stim at trial 35: 370.908000
374453	[3525]	:	Catch Q at trial 35: 370.908000
375467	[1014]	:	Key	28	DOWN	at	375467  
376433	[966]	:	Respose to catch Q at trial 35: 375.473000
376433	[0]	:	RT and choice to catch Q at trial 35: 1.040000, 28
376458	[25]	:	Fixation at trial 36: 376.438000
376980	[522]	:	Object at trial 36: 376.960000
380503	[3523]	:	Fixation at trial 36: 380.483000
381025	[522]	:	Catch Stim at trial 36: 381.005000
384550	[3525]	:	Catch Q at trial 36: 381.005000
385208	[658]	:	Key	30	DOWN	at	385208  
386530	[1322]	:	Respose to catch Q at trial 36: 385.214000
386530	[0]	:	RT and choice to catch Q at trial 36: 0.684000, 30
386555	[25]	:	Fixation at trial 37: 386.535000
387077	[522]	:	Object at trial 37: 387.057000
390600	[3523]	:	Fixation at trial 37: 390.580000
391122	[522]	:	Catch Stim at trial 37: 391.102000
394647	[3525]	:	Catch Q at trial 37: 391.102000
395444	[797]	:	Key	28	DOWN	at	395444  
396627	[1183]	:	Respose to catch Q at trial 37: 395.450000
396627	[0]	:	RT and choice to catch Q at trial 37: 0.823000, 28
396652	[25]	:	Fixation at trial 38: 396.632000
397174	[522]	:	Object at trial 38: 397.154000
400697	[3523]	:	Fixation at trial 38: 400.677000
401219	[522]	:	Catch Stim at trial 38: 401.199000
404744	[3525]	:	Catch Q at trial 38: 401.199000
405489	[745]	:	Key	30	DOWN	at	405489  
406724	[1235]	:	Respose to catch Q at trial 38: 405.495000
406724	[0]	:	RT and choice to catch Q at trial 38: 0.771000, 30
406749	[25]	:	Fixation at trial 39: 406.729000
407271	[522]	:	Object at trial 39: 407.251000
410794	[3523]	:	Fixation at trial 39: 410.774000
411317	[523]	:	Catch Stim at trial 39: 411.297000
414843	[3526]	:	Catch Q at trial 39: 411.297000
415545	[702]	:	Key	28	DOWN	at	415545  
416823	[1278]	:	Respose to catch Q at trial 39: 415.551000
416823	[0]	:	RT and choice to catch Q at trial 39: 0.728000, 28
416848	[25]	:	Fixation at trial 40: 416.828000
417370	[522]	:	Object at trial 40: 417.350000
420893	[3523]	:	Fixation at trial 40: 420.873000
421415	[522]	:	Catch Stim at trial 40: 421.395000
424940	[3525]	:	Catch Q at trial 40: 421.395000
425655	[715]	:	Key	30	DOWN	at	425655  
426920	[1265]	:	Respose to catch Q at trial 40: 425.660000
426920	[0]	:	RT and choice to catch Q at trial 40: 0.740000, 30
426945	[25]	:	Fixation at trial 41: 426.925000
427467	[522]	:	Object at trial 4