Cog2000 log file Wed Oct 02 13:15:44 2019
gprim v1.29 Compiled:Feb  1 2010 (GLib DirectDraw v7 DX10.0 Compiled:Feb  1 2010)
Display:1024x768x32 59.84Hz
CogInput v1.05 Compiled: May 20 2010
0	[0]	:	COGENT START
1641	[1641]	:	Key	30	DOWN	at	1641    
1802	[161]	:	Key	30	UP	at	1802    
2021	[219]	:	Key	28	DOWN	at	2021    
2167	[146]	:	Key	28	UP	at	2167    
18327	[16160]	:	Key	71	DOWN	at	18327   
18391	[64]	:	Fixation at trial 1: 18.371000
18917	[526]	:	Object at trial 1: 18.897000
22443	[3526]	:	Fixation at trial 1: 22.423000
22968	[525]	:	Catch Stim at trial 1: 22.948000
26496	[3528]	:	Catch Q at trial 1: 22.948000
27053	[557]	:	Key	30	DOWN	at	27053   
28476	[1423]	:	Respose to catch Q at trial 1: 27.060000
28477	[1]	:	RT and choice to catch Q at trial 1: 0.584000, 30
28505	[28]	:	Fixation at trial 2: 28.485000
29027	[522]	:	Object at trial 2: 29.007000
32551	[3524]	:	Fixation at trial 2: 32.530000
33073	[522]	:	Catch Stim at trial 2: 33.053000
36598	[3525]	:	Catch Q at trial 2: 33.053000
37444	[846]	:	Key	28	DOWN	at	37444   
38578	[1134]	:	Respose to catch Q at trial 2: 37.450000
38578	[0]	:	RT and choice to catch Q at trial 2: 0.872000, 28
38606	[28]	:	Fixation at trial 3: 38.586000
39128	[522]	:	Object at trial 3: 39.108000
42651	[3523]	:	Fixation at trial 3: 42.631000
43173	[522]	:	Catch Stim at trial 3: 43.153000
46698	[3525]	:	Catch Q at trial 3: 43.153000
47274	[576]	:	Key	28	DOWN	at	47274   
48678	[1404]	:	Respose to catch Q at trial 3: 47.280000
48678	[0]	:	RT and choice to catch Q at trial 3: 0.602000, 28
48703	[25]	:	Fixation at trial 4: 48.683000
49225	[522]	:	Object at trial 4: 49.205000
52748	[3523]	:	Fixation at trial 4: 52.728000
53270	[522]	:	Catch Stim at trial 4: 53.250000
56795	[3525]	:	Catch Q at trial 4: 53.250000
57360	[565]	:	Key	30	DOWN	at	57360   
58775	[1415]	:	Respose to catch Q at trial 4: 57.365000
58775	[0]	:	RT and choice to catch Q at trial 4: 0.590000, 30
58800	[25]	:	Fixation at trial 5: 58.780000
59322	[522]	:	Object at trial 5: 59.302000
62845	[3523]	:	Fixation at trial 5: 62.825000
63366	[521]	:	Catch Stim at trial 5: 63.346000
66891	[3525]	:	Catch Q at trial 5: 63.346000
67740	[849]	:	Key	30	DOWN	at	67740   
68871	[1131]	:	Respose to catch Q at trial 5: 67.746000
68871	[0]	:	RT and choice to catch Q at trial 5: 0.875000, 30
68896	[25]	:	Fixation at trial 6: 68.876000
69418	[522]	:	Object at trial 6: 69.398000
72941	[3523]	:	Fixation at trial 6: 72.921000
73463	[522]	:	Catch Stim at trial 6: 73.443000
76989	[3526]	:	Catch Q at trial 6: 73.443000
77676	[687]	:	Key	28	DOWN	at	77676   
78969	[1293]	:	Respose to catch Q at trial 6: 77.681000
78969	[0]	:	RT and choice to catch Q at trial 6: 0.712000, 28
78994	[25]	:	Fixation at trial 7: 78.974000
79516	[522]	:	Object at trial 7: 79.496000
83039	[3523]	:	Fixation at trial 7: 83.019000
83560	[521]	:	Catch Stim at trial 7: 83.540000
87086	[3526]	:	Catch Q at trial 7: 83.540000
88096	[1010]	:	Key	28	DOWN	at	88096   
89066	[970]	:	Respose to catch Q at trial 7: 88.102000
89066	[0]	:	RT and choice to catch Q at trial 7: 1.036000, 28
89091	[25]	:	Fixation at trial 8: 89.071000
89613	[522]	:	Object at trial 8: 89.593000
93136	[3523]	:	Fixation at trial 8: 93.116000
93658	[522]	:	Catch Stim at trial 8: 93.638000
97184	[3526]	:	Catch Q at trial 8: 93.638000
97802	[618]	:	Key	28	DOWN	at	97802   
99164	[1362]	:	Respose to catch Q at trial 8: 97.808000
99164	[0]	:	RT and choice to catch Q at trial 8: 0.644000, 28
99189	[25]	:	Fixation at trial 9: 99.169000
99711	[522]	:	Object at trial 9: 99.691000
103234	[3523]	:	Fixation at trial 9: 103.214000
103756	[522]	:	Catch Stim at trial 9: 103.736000
107281	[3525]	:	Catch Q at trial 9: 103.736000
107943	[662]	:	Key	30	DOWN	at	107943  
109261	[1318]	:	Respose to catch Q at trial 9: 107.948000
109261	[0]	:	RT and choice to catch Q at trial 9: 0.687000, 30
109286	[25]	:	Fixation at trial 10: 109.266000
109808	[522]	:	Object at trial 10: 109.788000
113331	[3523]	:	Fixation at trial 10: 113.311000
113852	[521]	:	Catch Stim at trial 10: 113.832000
117378	[3526]	:	Catch Q at trial 10: 113.832000
118083	[705]	:	Key	28	DOWN	at	118083  
119358	[1275]	:	Respose to catch Q at trial 10: 118.089000
119358	[0]	:	RT and choice to catch Q at trial 10: 0.731000, 28
119383	[25]	:	Fixation at trial 11: 119.363000
119905	[522]	:	Object at trial 11: 119.885000
123428	[3523]	:	Fixation at trial 11: 123.408000
123950	[522]	:	Catch Stim at trial 11: 123.930000
127475	[3525]	:	Catch Q at trial 11: 123.930000
128399	[924]	:	Key	28	DOWN	at	128399  
129455	[1056]	:	Respose to catch Q at trial 11: 128.405000
129455	[0]	:	RT and choice to catch Q at trial 11: 0.950000, 28
129481	[26]	:	Fixation at trial 12: 129.460000
130003	[522]	:	Object at trial 12: 129.983000
133526	[3523]	:	Fixation at trial 12: 133.506000
134048	[522]	:	Catch Stim at trial 12: 134.028000
137573	[3525]	:	Catch Q at trial 12: 134.028000
138134	[561]	:	Key	30	DOWN	at	138134  
139553	[1419]	:	Respose to catch Q at trial 12: 138.139000
139553	[0]	:	RT and choice to catch Q at trial 12: 0.586000, 30
139579	[26]	:	Fixation at trial 13: 139.559000
140101	[522]	:	Object at trial 13: 140.081000
143624	[3523]	:	Fixation at trial 13: 143.604000
144147	[523]	:	Catch Stim at trial 13: 144.127000
147672	[3525]	:	Catch Q at trial 13: 144.127000
148780	[1108]	:	Key	28	DOWN	at	148780  
149652	[872]	:	Respose to catch Q at trial 13: 148.786000
149652	[0]	:	RT and choice to catch Q at trial 13: 1.134000, 28
149677	[25]	:	Fixation at trial 14: 149.657000
150199	[522]	:	Object at trial 14: 150.179000
153722	[3523]	:	Fixation at trial 14: 153.702000
154245	[523]	:	Catch Stim at trial 14: 154.225000
157771	[3526]	:	Catch Q at trial 14: 154.225000
158425	[654]	:	Key	30	DOWN	at	158425  
159751	[1326]	:	Respose to catch Q at trial 14: 158.431000
159751	[0]	:	RT and choice to catch Q at trial 14: 0.680000, 30
159776	[25]	:	Fixation at trial 15: 159.756000
160298	[522]	:	Object at trial 15: 160.278000
163821	[3523]	:	Fixation at trial 15: 163.801000
164344	[523]	:	Catch Stim at trial 15: 164.324000
167870	[3526]	:	Catch Q at trial 15: 164.324000
168846	[976]	:	Key	28	DOWN	at	168846  
169850	[1004]	:	Respose to catch Q at trial 15: 168.852000
169850	[0]	:	RT and choice to catch Q at trial 15: 1.002000, 28
169875	[25]	:	Fixation at trial 16: 169.855000
170397	[522]	:	Object at trial 16: 170.377000
173920	[3523]	:	Fixation at trial 16: 173.900000
174443	[523]	:	Catch Stim at trial 16: 174.423000
177969	[3526]	:	Catch Q at trial 16: 174.423000
178957	[988]	:	Key	28	DOWN	at	178957  
179949	[992]	:	Respose to catch Q at trial 16: 178.963000
179949	[0]	:	RT and choice to catch Q at trial 16: 1.014000, 28
179974	[25]	:	Fixation at trial 17: 179.954000
180496	[522]	:	Object at trial 17: 180.476000
184019	[3523]	:	Fixation at trial 17: 183.999000
184541	[522]	:	Catch Stim at trial 17: 184.521000
188066	[3525]	:	Catch Q at trial 17: 184.521000
188717	[651]	:	Key	30	DOWN	at	188717  
190046	[1329]	:	Respose to catch Q at trial 17: 188.723000
190046	[0]	:	RT and choice to catch Q at trial 17: 0.677000, 30
190071	[25]	:	Fixation at trial 18: 190.051000
190593	[522]	:	Object at trial 18: 190.573000
194116	[3523]	:	Fixation at trial 18: 194.096000
194637	[521]	:	Catch Stim at trial 18: 194.617000
198162	[3525]	:	Catch Q at trial 18: 194.617000
198928	[766]	:	Key	30	DOWN	at	198928  
200142	[1214]	:	Respose to catch Q at trial 18: 198.934000
200142	[0]	:	RT and choice to catch Q at trial 18: 0.792000, 30
200167	[25]	:	Fixation at trial 19: 200.147000
200689	[522]	:	Object at trial 19: 200.669000
204212	[3523]	:	Fixation at trial 19: 204.192000
204734	[522]	:	Catch Stim at trial 19: 204.714000
208259	[3525]	:	Catch Q at trial 19: 204.714000
208988	[729]	:	Key	28	DOWN	at	208988  
210239	[1251]	:	Respose to catch Q at trial 19: 208.994000
210239	[0]	:	RT and choice to catch Q at trial 19: 0.755000, 28
210264	[25]	:	Fixation at trial 20: 210.244000
210786	[522]	:	Object at trial 20: 210.766000
214309	[3523]	:	Fixation at trial 20: 214.289000
214831	[522]	:	Catch Stim at trial 20: 214.811000
218356	[3525]	:	Catch Q at trial 20: 214.811000
219244	[888]	:	Key	30	DOWN	at	219244  
220336	[1092]	:	Respose to catch Q at trial 20: 219.249000
220336	[0]	:	RT and choice to catch Q at trial 20: 0.913000, 30
220361	[25]	:	Fixation at trial 21: 220.341000
220883	[522]	:	Object at trial 21: 220.863000
224406	[3523]	:	Fixation at trial 21: 224.386000
224928	[522]	:	Catch Stim at trial 21: 224.908000
228454	[3526]	:	Catch Q at trial 21: 224.908000
229345	[891]	:	Key	30	DOWN	at	229345  
230434	[1089]	:	Respose to catch Q at trial 21: 229.351000
230434	[0]	:	RT and choice to catch Q at trial 21: 0.917000, 30
230459	[25]	:	Fixation at trial 22: 230.439000
230981	[522]	:	Object at trial 22: 230.961000
234504	[3523]	:	Fixation at trial 22: 234.484000
235026	[522]	:	Catch Stim at trial 22: 235.006000
238551	[3525]	:	Catch Q at trial 22: 235.006000
239520	[969]	:	Key	28	DOWN	at	239520  
240531	[1011]	:	Respose to catch Q at trial 22: 239.526000
240531	[0]	:	RT and choice to catch Q at trial 22: 0.995000, 28
240564	[33]	:	Fixation at trial 23: 240.544000
241086	[522]	:	Object at trial 23: 241.066000
244609	[3523]	:	Fixation at trial 23: 244.589000
245130	[521]	:	Catch Stim at trial 23: 245.110000
248655	[3525]	:	Catch Q at trial 23: 245.110000
249562	[907]	:	Key	30	DOWN	at	249562  
250635	[1073]	:	Respose to catch Q at trial 23: 249.568000
250635	[0]	:	RT and choice to catch Q at trial 23: 0.933000, 30
250660	[25]	:	Fixation at trial 24: 250.640000
251182	[522]	:	Object at trial 24: 251.162000
254705	[3523]	:	Fixation at trial 24: 254.685000
255227	[522]	:	Catch Stim at trial 24: 255.207000
258752	[3525]	:	Catch Q at trial 24: 255.207000
259357	[605]	:	Key	30	DOWN	at	259357  
260732	[1375]	:	Respose to catch Q at trial 24: 259.362000
260732	[0]	:	RT and choice to catch Q at trial 24: 0.630000, 30
260757	[25]	:	Fixation at trial 25: 260.737000
261279	[522]	:	Object at trial 25: 261.259000
264802	[3523]	:	Fixation at trial 25: 264.782000
265325	[523]	:	Catch Stim at trial 25: 265.305000
268850	[3525]	:	Catch Q at trial 25: 265.305000
269743	[893]	:	Key	28	DOWN	at	269743  
270830	[1087]	:	Respose to catch Q at trial 25: 269.749000
270830	[0]	:	RT and choice to catch Q at trial 25: 0.919000, 28
270855	[25]	:	Fixation at trial 26: 270.835000
271377	[522]	:	Object at trial 26: 271.357000
274900	[3523]	:	Fixation at trial 26: 274.880000
275421	[521]	:	Catch Stim at trial 26: 275.401000
278946	[3525]	:	Catch Q at trial 26: 275.401000
279573	[627]	:	Key	28	DOWN	at	279573  
280926	[1353]	:	Respose to catch Q at trial 26: 279.579000
280926	[0]	:	RT and choice to catch Q at trial 26: 0.653000, 28
280951	[25]	:	Fixation at trial 27: 280.931000
281475	[524]	:	Object at trial 27: 281.455000
284998	[3523]	:	Fixation at trial 27: 284.978000
285520	[522]	:	Catch Stim at trial 27: 285.500000
289045	[3525]	:	Catch Q at trial 27: 285.500000
289759	[714]	:	Key	28	DOWN	at	289759  
291025	[1266]	:	Respose to catch Q at trial 27: 289.765000
291025	[0]	:	RT and choice to catch Q at trial 27: 0.740000, 28
291050	[25]	:	Fixation at trial 28: 291.030000
291572	[522]	:	Object at trial 28: 291.552000
295095	[3523]	:	Fixation at trial 28: 295.075000
295617	[522]	:	Catch Stim at trial 28: 295.597000
299142	[3525]	:	Catch Q at trial 28: 295.597000
299776	[634]	:	Key	30	DOWN	at	299776  
301122	[1346]	:	Respose to catch Q at trial 28: 299.781000
301122	[0]	:	RT and choice to catch Q at trial 28: 0.659000, 30
301147	[25]	:	Fixation at trial 29: 301.127000
301670	[523]	:	Object at trial 29: 301.650000
305193	[3523]	:	Fixation at trial 29: 305.173000
305715	[522]	:	Catch Stim at trial 29: 305.695000
309240	[3525]	:	Catch Q at trial 29: 305.695000
309851	[611]	:	Key	28	DOWN	at	309851  
311220	[1369]	:	Respose to catch Q at trial 29: 309.859000
311220	[0]	:	RT and choice to catch Q at trial 29: 0.639000, 28
311245	[25]	:	Fixation at trial 30: 311.225000
311767	[522]	:	Object at trial 30: 311.747000
315290	[3523]	:	Fixation at trial 30: 315.270000
315812	[522]	:	Catch Stim at trial 30: 315.792000
319337	[3525]	:	Catch Q at trial 30: 315.792000
320097	[760]	:	Key	28	DOWN	at	320097  
321317	[1220]	:	Respose to catch Q at trial 30: 320.103000
321317	[0]	:	RT and choice to catch Q at trial 30: 0.786000, 28
321342	[25]	:	Fixation at trial 31: 321.322000
321864	[522]	:	Object at trial 31: 321.844000
325387	[3523]	:	Fixation at trial 31: 325.367000
325908	[521]	:	Catch Stim at trial 31: 325.888000
329433	[3525]	:	Catch Q at trial 31: 325.888000
330007	[574]	:	Key	30	DOWN	at	330007  
331413	[1406]	:	Respose to catch Q at trial 31: 330.013000
331413	[0]	:	RT and choice to catch Q at trial 31: 0.600000, 30
331438	[25]	:	Fixation at trial 32: 331.418000
331960	[522]	:	Object at trial 32: 331.940000
335483	[3523]	:	Fixation at trial 32: 335.463000
336005	[522]	:	Catch Stim at trial 32: 335.985000
339530	[3525]	:	Catch Q at trial 32: 335.985000
340193	[663]	:	Key	28	DOWN	at	340193  
341510	[1317]	:	Respose to catch Q at trial 32: 340.199000
341510	[0]	:	RT and choice to catch Q at trial 32: 0.689000, 28
341535	[25]	:	Fixation at trial 33: 341.515000
342057	[522]	:	Object at trial 33: 342.037000
345580	[3523]	:	Fixation at trial 33: 345.560000
346102	[522]	:	Catch Stim at trial 33: 346.082000
349627	[3525]	:	Catch Q at trial 33: 346.082000
350278	[651]	:	Key	28	DOWN	at	350278  
351607	[1329]	:	Respose to catch Q at trial 33: 350.284000
351607	[0]	:	RT and choice to catch Q at trial 33: 0.677000, 28
351633	[26]	:	Fixation at trial 34: 351.613000
352155	[522]	:	Object at trial 34: 352.135000
355678	[3523]	:	Fixation at trial 34: 355.658000
356200	[522]	:	Catch Stim at trial 34: 356.180000
359725	[3525]	:	Catch Q at trial 34: 356.180000
360229	[504]	:	Key	30	DOWN	at	360229  
361705	[1476]	:	Respose to catch Q at trial 34: 360.235000
361705	[0]	:	RT and choice to catch Q at trial 34: 0.530000, 30
361730	[25]	:	Fixation at trial 35: 361.710000
362252	[522]	:	Object at trial 35: 362.232000
365775	[3523]	:	Fixation at trial 35: 365.755000
366297	[522]	:	Catch Stim at trial 35: 366.277000
369822	[3525]	:	Catch Q at trial 35: 366.277000
370305	[483]	:	Key	30	DOWN	at	370305  
371802	[1497]	:	Respose to catch Q at trial 35: 370.310000
371803	[1]	:	RT and choice to catch Q at trial 35: 0.508000, 30
371827	[24]	:	Fixation at trial 36: 371.807000
372349	[522]	:	Object at trial 36: 372.329000
375872	[3523]	:	Fixation at trial 36: 375.852000
376393	[521]	:	Catch Stim at trial 36: 376.373000
379918	[3525]	:	Catch Q at trial 36: 376.373000
380395	[477]	:	Key	30	DOWN	at	380395  
381898	[1503]	:	Respose to catch Q at trial 36: 380.401000
381898	[0]	:	RT and choice to catch Q at trial 36: 0.503000, 30
381923	[25]	:	Fixation at trial 37: 381.903000
382445	[522]	:	Object at trial 37: 382.425000
385968	[3523]	:	Fixation at trial 37: 385.948000
386489	[521]	:	Catch Stim at trial 37: 386.469000
390014	[3525]	:	Catch Q at trial 37: 386.469000
390601	[587]	:	Key	28	DOWN	at	390601  
391994	[1393]	:	Respose to catch Q at trial 37: 390.607000
391994	[0]	:	RT and choice to catch Q at trial 37: 0.613000, 28
392019	[25]	:	Fixation at trial 38: 391.999000
392541	[522]	:	Object at trial 38: 392.521000
396064	[3523]	:	Fixation at trial 38: 396.044000
396594	[530]	:	Catch Stim at trial 38: 396.574000
400119	[3525]	:	Catch Q at trial 38: 396.574000
400676	[557]	:	Key	30	DOWN	at	400676  
402099	[1423]	:	Respose to catch Q at trial 38: 400.681000
402099	[0]	:	RT and choice to catch Q at trial 38: 0.582000, 30
402124	[25]	:	Fixation at trial 39: 402.104000
402646	[522]	:	Object at trial 39: 402.626000
406169	[3523]	:	Fixation at trial 39: 406.149000
406690	[521]	:	Catch Stim at trial 39: 406.670000
410215	[3525]	:	Catch Q at trial 39: 406.670000
411057	[842]	:	Key	30	DOWN	at	411057  
412195	[1138]	:	Respose to catch Q at trial 39: 411.063000
412195	[0]	:	RT and choice to catch Q at trial 39: 0.868000, 30
412220	[25]	:	Fixation at trial 40: 412.200000
412742	[522]	:	Object at trial 40: 412.722000
416265	[3523]	:	Fixation at trial 40: 416.245000
416786	[521]	:	Catch Stim at trial 40: 416.766000
420311	[3525]	:	Catch Q at trial 40: 416.766000
421033	[722]	:	Key	28	DOWN	at	421033  
422291	[1258]	:	Respose to catch Q at trial 40: 421.039000
422291	[0]	:	RT and choice to catch Q at trial 40: 0.748000, 28
422316	[25]	:	Fixation at trial 41: 422.296000
422838	[522]	:	Object at trial 41: 422.818