Cog2000 log file Wed Oct 02 13:25:09 2019
gprim v1.29 Compiled:Feb  1 2010 (GLib DirectDraw v7 DX10.0 Compiled:Feb  1 2010)
Display:1024x768x32 59.81Hz
CogInput v1.05 Compiled: May 20 2010
0	[0]	:	COGENT START
780	[780]	:	Key	30	DOWN	at	780     
950	[170]	:	Key	30	UP	at	950     
1225	[275]	:	Key	28	DOWN	at	1225    
1410	[185]	:	Key	28	UP	at	1410    
28171	[26761]	:	Key	71	DOWN	at	28171   
28230	[59]	:	Fixation at trial 1: 28.210000
28756	[526]	:	Object at trial 1: 28.736000
32279	[3523]	:	Fixation at trial 1: 32.259000
32804	[525]	:	Catch Stim at trial 1: 32.784000
36332	[3528]	:	Catch Q at trial 1: 32.784000
37287	[955]	:	Key	30	DOWN	at	37287   
38312	[1025]	:	Respose to catch Q at trial 1: 37.294000
38313	[1]	:	RT and choice to catch Q at trial 1: 0.982000, 30
38342	[29]	:	Fixation at trial 2: 38.322000
38864	[522]	:	Object at trial 2: 38.844000
42387	[3523]	:	Fixation at trial 2: 42.367000
42908	[521]	:	Catch Stim at trial 2: 42.888000
46433	[3525]	:	Catch Q at trial 2: 42.888000
46957	[524]	:	Key	30	DOWN	at	46957   
48413	[1456]	:	Respose to catch Q at trial 2: 46.963000
48413	[0]	:	RT and choice to catch Q at trial 2: 0.550000, 30
48442	[29]	:	Fixation at trial 3: 48.422000
48964	[522]	:	Object at trial 3: 48.944000
52487	[3523]	:	Fixation at trial 3: 52.467000
53008	[521]	:	Catch Stim at trial 3: 52.988000
56533	[3525]	:	Catch Q at trial 3: 52.988000
56998	[465]	:	Key	30	DOWN	at	56998   
58513	[1515]	:	Respose to catch Q at trial 3: 57.004000
58513	[0]	:	RT and choice to catch Q at trial 3: 0.491000, 30
58538	[25]	:	Fixation at trial 4: 58.518000
59060	[522]	:	Object at trial 4: 59.040000
62583	[3523]	:	Fixation at trial 4: 62.563000
63104	[521]	:	Catch Stim at trial 4: 63.084000
66629	[3525]	:	Catch Q at trial 4: 63.084000
67029	[400]	:	Key	30	DOWN	at	67029   
68609	[1580]	:	Respose to catch Q at trial 4: 67.034000
68609	[0]	:	RT and choice to catch Q at trial 4: 0.425000, 30
68634	[25]	:	Fixation at trial 5: 68.614000
69157	[523]	:	Object at trial 5: 69.137000
72680	[3523]	:	Fixation at trial 5: 72.660000
73201	[521]	:	Catch Stim at trial 5: 73.181000
76726	[3525]	:	Catch Q at trial 5: 73.181000
77459	[733]	:	Key	28	DOWN	at	77459   
78706	[1247]	:	Respose to catch Q at trial 5: 77.465000
78706	[0]	:	RT and choice to catch Q at trial 5: 0.759000, 28
78731	[25]	:	Fixation at trial 6: 78.711000
79253	[522]	:	Object at trial 6: 79.233000
82776	[3523]	:	Fixation at trial 6: 82.756000
83297	[521]	:	Catch Stim at trial 6: 83.277000
86822	[3525]	:	Catch Q at trial 6: 83.277000
87695	[873]	:	Key	28	DOWN	at	87695   
88802	[1107]	:	Respose to catch Q at trial 6: 87.701000
88802	[0]	:	RT and choice to catch Q at trial 6: 0.899000, 28
88827	[25]	:	Fixation at trial 7: 88.807000
89349	[522]	:	Object at trial 7: 89.329000
92872	[3523]	:	Fixation at trial 7: 92.852000
93394	[522]	:	Catch Stim at trial 7: 93.374000
96919	[3525]	:	Catch Q at trial 7: 93.374000
97720	[801]	:	Key	28	DOWN	at	97720   
98899	[1179]	:	Respose to catch Q at trial 7: 97.726000
98899	[0]	:	RT and choice to catch Q at trial 7: 0.827000, 28
98924	[25]	:	Fixation at trial 8: 98.904000
99446	[522]	:	Object at trial 8: 99.426000
102969	[3523]	:	Fixation at trial 8: 102.949000
103490	[521]	:	Catch Stim at trial 8: 103.470000
107015	[3525]	:	Catch Q at trial 8: 103.470000
107606	[591]	:	Key	30	DOWN	at	107606  
108995	[1389]	:	Respose to catch Q at trial 8: 107.612000
108995	[0]	:	RT and choice to catch Q at trial 8: 0.617000, 30
109020	[25]	:	Fixation at trial 9: 109.000000
109542	[522]	:	Object at trial 9: 109.522000
113065	[3523]	:	Fixation at trial 9: 113.045000
113586	[521]	:	Catch Stim at trial 9: 113.566000
117111	[3525]	:	Catch Q at trial 9: 113.566000
117907	[796]	:	Key	30	DOWN	at	117907  
119091	[1184]	:	Respose to catch Q at trial 9: 117.913000
119091	[0]	:	RT and choice to catch Q at trial 9: 0.822000, 30
119116	[25]	:	Fixation at trial 10: 119.096000
119638	[522]	:	Object at trial 10: 119.618000
123161	[3523]	:	Fixation at trial 10: 123.141000
123682	[521]	:	Catch Stim at trial 10: 123.662000
127207	[3525]	:	Catch Q at trial 10: 123.662000
128223	[1016]	:	Key	28	DOWN	at	128223  
129187	[964]	:	Respose to catch Q at trial 10: 128.229000
129187	[0]	:	RT and choice to catch Q at trial 10: 1.042000, 28
129213	[26]	:	Fixation at trial 11: 129.192000
129735	[522]	:	Object at trial 11: 129.715000
133258	[3523]	:	Fixation at trial 11: 133.238000
133780	[522]	:	Catch Stim at trial 11: 133.760000
137305	[3525]	:	Catch Q at trial 11: 133.760000
137954	[649]	:	Key	28	DOWN	at	137954  
139285	[1331]	:	Respose to catch Q at trial 11: 137.960000
139285	[0]	:	RT and choice to catch Q at trial 11: 0.675000, 28
139310	[25]	:	Fixation at trial 12: 139.290000
139832	[522]	:	Object at trial 12: 139.812000
143355	[3523]	:	Fixation at trial 12: 143.335000
143876	[521]	:	Catch Stim at trial 12: 143.856000
147401	[3525]	:	Catch Q at trial 12: 143.856000
147964	[563]	:	Key	28	DOWN	at	147964  
149381	[1417]	:	Respose to catch Q at trial 12: 147.970000
149381	[0]	:	RT and choice to catch Q at trial 12: 0.589000, 28
149406	[25]	:	Fixation at trial 13: 149.386000
149928	[522]	:	Object at trial 13: 149.908000
153451	[3523]	:	Fixation at trial 13: 153.431000
153972	[521]	:	Catch Stim at trial 13: 153.952000
157497	[3525]	:	Catch Q at trial 13: 153.952000
158335	[838]	:	Key	28	DOWN	at	158335  
159477	[1142]	:	Respose to catch Q at trial 13: 158.341000
159477	[0]	:	RT and choice to catch Q at trial 13: 0.864000, 28
159502	[25]	:	Fixation at trial 14: 159.482000
160024	[522]	:	Object at trial 14: 160.004000
163547	[3523]	:	Fixation at trial 14: 163.527000
164068	[521]	:	Catch Stim at trial 14: 164.048000
167593	[3525]	:	Catch Q at trial 14: 164.048000
168045	[452]	:	Key	30	DOWN	at	168045  
169573	[1528]	:	Respose to catch Q at trial 14: 168.051000
169573	[0]	:	RT and choice to catch Q at trial 14: 0.478000, 30
169598	[25]	:	Fixation at trial 15: 169.578000
170120	[522]	:	Object at trial 15: 170.100000
173643	[3523]	:	Fixation at trial 15: 173.623000
174164	[521]	:	Catch Stim at trial 15: 174.144000
177689	[3525]	:	Catch Q at trial 15: 174.144000
178491	[802]	:	Key	28	DOWN	at	178491  
179669	[1178]	:	Respose to catch Q at trial 15: 178.497000
179669	[0]	:	RT and choice to catch Q at trial 15: 0.828000, 28
179694	[25]	:	Fixation at trial 16: 179.674000
180216	[522]	:	Object at trial 16: 180.196000
183739	[3523]	:	Fixation at trial 16: 183.719000
184260	[521]	:	Catch Stim at trial 16: 184.240000
187785	[3525]	:	Catch Q at trial 16: 184.240000
188266	[481]	:	Key	30	DOWN	at	188266  
189765	[1499]	:	Respose to catch Q at trial 16: 188.271000
189765	[0]	:	RT and choice to catch Q at trial 16: 0.506000, 30
189790	[25]	:	Fixation at trial 17: 189.770000
190312	[522]	:	Object at trial 17: 190.292000
193835	[3523]	:	Fixation at trial 17: 193.815000
194356	[521]	:	Catch Stim at trial 17: 194.336000
197881	[3525]	:	Catch Q at trial 17: 194.336000
198707	[826]	:	Key	28	DOWN	at	198707  
199861	[1154]	:	Respose to catch Q at trial 17: 198.713000
199861	[0]	:	RT and choice to catch Q at trial 17: 0.852000, 28
199886	[25]	:	Fixation at trial 18: 199.866000
200408	[522]	:	Object at trial 18: 200.388000
203931	[3523]	:	Fixation at trial 18: 203.911000
204452	[521]	:	Catch Stim at trial 18: 204.432000
207977	[3525]	:	Catch Q at trial 18: 204.432000
208613	[636]	:	Key	28	DOWN	at	208613  
209957	[1344]	:	Respose to catch Q at trial 18: 208.619000
209957	[0]	:	RT and choice to catch Q at trial 18: 0.662000, 28
209982	[25]	:	Fixation at trial 19: 209.962000
210504	[522]	:	Object at trial 19: 210.484000
214027	[3523]	:	Fixation at trial 19: 214.007000
214548	[521]	:	Catch Stim at trial 19: 214.528000
218073	[3525]	:	Catch Q at trial 19: 214.528000
218908	[835]	:	Key	28	DOWN	at	218908  
220053	[1145]	:	Respose to catch Q at trial 19: 218.914000
220053	[0]	:	RT and choice to catch Q at trial 19: 0.861000, 28
220078	[25]	:	Fixation at trial 20: 220.058000
220600	[522]	:	Object at trial 20: 220.580000
224123	[3523]	:	Fixation at trial 20: 224.103000
224644	[521]	:	Catch Stim at trial 20: 224.624000
228169	[3525]	:	Catch Q at trial 20: 224.624000
228914	[745]	:	Key	30	DOWN	at	228914  
230149	[1235]	:	Respose to catch Q at trial 20: 228.920000
230150	[1]	:	RT and choice to catch Q at trial 20: 0.771000, 30
230174	[24]	:	Fixation at trial 21: 230.154000
230696	[522]	:	Object at trial 21: 230.676000
234219	[3523]	:	Fixation at trial 21: 234.199000
234740	[521]	:	Catch Stim at trial 21: 234.720000
238265	[3525]	:	Catch Q at trial 21: 234.720000
238929	[664]	:	Key	30	DOWN	at	238929  
240245	[1316]	:	Respose to catch Q at trial 21: 238.935000
240245	[0]	:	RT and choice to catch Q at trial 21: 0.690000, 30
240270	[25]	:	Fixation at trial 22: 240.250000
240793	[523]	:	Object at trial 22: 240.773000
244316	[3523]	:	Fixation at trial 22: 244.296000
244837	[521]	:	Catch Stim at trial 22: 244.817000
248362	[3525]	:	Catch Q at trial 22: 244.817000
248890	[528]	:	Key	30	DOWN	at	248890  
250342	[1452]	:	Respose to catch Q at trial 22: 248.896000
250342	[0]	:	RT and choice to catch Q at trial 22: 0.554000, 30
250367	[25]	:	Fixation at trial 23: 250.347000
250889	[522]	:	Object at trial 23: 250.869000
254412	[3523]	:	Fixation at trial 23: 254.392000
254933	[521]	:	Catch Stim at trial 23: 254.913000
258458	[3525]	:	Catch Q at trial 23: 254.913000
259091	[633]	:	Key	28	DOWN	at	259091  
260438	[1347]	:	Respose to catch Q at trial 23: 259.096000
260438	[0]	:	RT and choice to catch Q at trial 23: 0.658000, 28
260462	[24]	:	Fixation at trial 24: 260.443000
260985	[523]	:	Object at trial 24: 260.964000
264507	[3522]	:	Fixation at trial 24: 264.487000
265028	[521]	:	Catch Stim at trial 24: 265.008000
268553	[3525]	:	Catch Q at trial 24: 265.008000
269496	[943]	:	Key	28	DOWN	at	269496  
270533	[1037]	:	Respose to catch Q at trial 24: 269.502000
270533	[0]	:	RT and choice to catch Q at trial 24: 0.969000, 28
270558	[25]	:	Fixation at trial 25: 270.538000
271080	[522]	:	Object at trial 25: 271.060000
274603	[3523]	:	Fixation at trial 25: 274.583000
275124	[521]	:	Catch Stim at trial 25: 275.104000
278649	[3525]	:	Catch Q at trial 25: 275.104000
279252	[603]	:	Key	28	DOWN	at	279252  
280629	[1377]	:	Respose to catch Q at trial 25: 279.258000
280629	[0]	:	RT and choice to catch Q at trial 25: 0.629000, 28
280654	[25]	:	Fixation at trial 26: 280.634000
281176	[522]	:	Object at trial 26: 281.156000
284699	[3523]	:	Fixation at trial 26: 284.679000
285220	[521]	:	Catch Stim at trial 26: 285.200000
288745	[3525]	:	Catch Q at trial 26: 285.200000
289537	[792]	:	Key	28	DOWN	at	289537  
290725	[1188]	:	Respose to catch Q at trial 26: 289.543000
290725	[0]	:	RT and choice to catch Q at trial 26: 0.818000, 28
290750	[25]	:	Fixation at trial 27: 290.730000
291272	[522]	:	Object at trial 27: 291.252000
294795	[3523]	:	Fixation at trial 27: 294.775000
295316	[521]	:	Catch Stim at trial 27: 295.296000
298841	[3525]	:	Catch Q at trial 27: 295.296000
299434	[593]	:	Key	30	DOWN	at	299434  
300821	[1387]	:	Respose to catch Q at trial 27: 299.440000
300821	[0]	:	RT and choice to catch Q at trial 27: 0.619000, 30
300846	[25]	:	Fixation at trial 28: 300.826000
301368	[522]	:	Object at trial 28: 301.348000
304891	[3523]	:	Fixation at trial 28: 304.871000
305412	[521]	:	Catch Stim at trial 28: 305.392000
308937	[3525]	:	Catch Q at trial 28: 305.392000
309525	[588]	:	Key	30	DOWN	at	309525  
310917	[1392]	:	Respose to catch Q at trial 28: 309.530000
310917	[0]	:	RT and choice to catch Q at trial 28: 0.613000, 30
310942	[25]	:	Fixation at trial 29: 310.922000
311464	[522]	:	Object at trial 29: 311.444000
314987	[3523]	:	Fixation at trial 29: 314.967000
315508	[521]	:	Catch Stim at trial 29: 315.488000
319033	[3525]	:	Catch Q at trial 29: 315.488000
319751	[718]	:	Key	28	DOWN	at	319751  
321013	[1262]	:	Respose to catch Q at trial 29: 319.757000
321013	[0]	:	RT and choice to catch Q at trial 29: 0.744000, 28
321038	[25]	:	Fixation at trial 30: 321.018000
321560	[522]	:	Object at trial 30: 321.540000
325083	[3523]	:	Fixation at trial 30: 325.063000
325604	[521]	:	Catch Stim at trial 30: 325.584000
329129	[3525]	:	Catch Q at trial 30: 325.584000
329672	[543]	:	Key	30	DOWN	at	329672  
331109	[1437]	:	Respose to catch Q at trial 30: 329.677000
331109	[0]	:	RT and choice to catch Q at trial 30: 0.568000, 30
331134	[25]	:	Fixation at trial 31: 331.114000
331657	[523]	:	Object at trial 31: 331.637000
335180	[3523]	:	Fixation at trial 31: 335.160000
335701	[521]	:	Catch Stim at trial 31: 335.681000
339226	[3525]	:	Catch Q at trial 31: 335.681000
340097	[871]	:	Key	30	DOWN	at	340097  
341206	[1109]	:	Respose to catch Q at trial 31: 340.103000
341206	[0]	:	RT and choice to catch Q at trial 31: 0.897000, 30
341231	[25]	:	Fixation at trial 32: 341.211000
341753	[522]	:	Object at trial 32: 341.733000
345276	[3523]	:	Fixation at trial 32: 345.256000
345797	[521]	:	Catch Stim at trial 32: 345.777000
349322	[3525]	:	Catch Q at trial 32: 345.777000
349893	[571]	:	Key	28	DOWN	at	349893  
351302	[1409]	:	Respose to catch Q at trial 32: 349.898000
351302	[0]	:	RT and choice to catch Q at trial 32: 0.596000, 28
351327	[25]	:	Fixation at trial 33: 351.307000
351850	[523]	:	Object at trial 33: 351.830000
355373	[3523]	:	Fixation at trial 33: 355.353000
355894	[521]	:	Catch Stim at trial 33: 355.874000
359419	[3525]	:	Catch Q at trial 33: 355.874000
359963	[544]	:	Key	28	DOWN	at	359963  
361399	[1436]	:	Respose to catch Q at trial 33: 359.969000
361399	[0]	:	RT and choice to catch Q at trial 33: 0.570000, 28
361424	[25]	:	Fixation at trial 34: 361.404000
361946	[522]	:	Object at trial 34: 361.926000
365469	[3523]	:	Fixation at trial 34: 365.449000
365990	[521]	:	Catch Stim at trial 34: 365.970000
369515	[3525]	:	Catch Q at trial 34: 365.970000
370174	[659]	:	Key	30	DOWN	at	370174  
371495	[1321]	:	Respose to catch Q at trial 34: 370.179000
371495	[0]	:	RT and choice to catch Q at trial 34: 0.684000, 30
371520	[25]	:	Fixation at trial 35: 371.500000
372042	[522]	:	Object at trial 35: 372.022000
375565	[3523]	:	Fixation at trial 35: 375.545000
376086	[521]	:	Catch Stim at trial 35: 376.066000
379611	[3525]	:	Catch Q at trial 35: 376.066000
380154	[543]	:	Key	30	DOWN	at	380154  
381591	[1437]	:	Respose to catch Q at trial 35: 380.160000
381591	[0]	:	RT and choice to catch Q at trial 35: 0.569000, 30
381616	[25]	:	Fixation at trial 36: 381.596000
382138	[522]	:	Object at trial 36: 382.118000
385661	[3523]	:	Fixation at trial 36: 385.641000
386182	[521]	:	Catch Stim at trial 36: 386.162000
389707	[3525]	:	Catch Q at trial 36: 386.162000
390670	[963]	:	Key	28	DOWN	at	390670  
391687	[1017]	:	Respose to catch Q at trial 36: 390.676000
391687	[0]	:	RT and choice to catch Q at trial 36: 0.989000, 28
391712	[25]	:	Fixation at trial 37: 391.692000
392234	[522]	:	Object at trial 37: 392.214000
395757	[3523]	:	Fixation at trial 37: 395.737000
396279	[522]	:	Catch Stim at trial 37: 396.259000
399804	[3525]	:	Catch Q at trial 37: 396.259000
400561	[757]	:	Key	28	DOWN	at	400561  
401784	[1223]	:	Respose to catch Q at trial 37: 400.567000
401784	[0]	:	RT and choice to catch Q at trial 37: 0.783000, 28
401809	[25]	:	Fixation at trial 38: 401.789000
402331	[522]	:	Object at trial 38: 402.311000
405854	[3523]	:	Fixation at trial 38: 405.834000
406375	[521]	:	Catch Stim at trial 38: 406.355000
409900	[3525]	:	Catch Q at trial 38: 406.355000
410911	[1011]	:	Key	28	DOWN	at	410911  
411880	[969]	:	Respose to catch Q at trial 38: 410.917000
411880	[0]	:	RT and choice to catch Q at trial 38: 1.037000, 28
411905	[25]	:	Fixation at trial 39: 411.885000
412427	[522]	:	Object at trial 39: 412.407000
415950	[3523]	:	Fixation at trial 39: 415.930000
416471	[521]	:	Catch Stim at trial 39: 416.451000
419996	[3525]	:	Catch Q at trial 39: 416.451000
420827	[831]	:	Key	30	DOWN	at	420827  
421976	[1149]	:	Respose to catch Q at trial 39: 420.833000
421976	[0]	:	RT and choice to catch Q at trial 39: 0.857000, 30
422001	[25]	:	Fixation at trial 40: 421.981000
422523	[522]	:	Object at trial 40: 422.503000
426046	[3523]	:	Fixation at trial 40: 426.026000
426567	[521]	:	Catch Stim at trial 40: 426.547000
430092	[3525]	:	Catch Q at trial 40: 426.547000
430942	[850]	:	Key	30	DOWN	at	430942  
432072	[1130]	:	Respose to catch Q at trial 40: 430.948000
432072	[0]	:	RT and choice to catch Q at trial 40: 0.876000, 30
432097	[25]	:	Fixation at trial 41: 432.077000
432619	[522]	:	Object at trial