Cog2000 log file Fri Nov 01 12:38:21 2019
gprim v1.29 Compiled:Feb  1 2010 (GLib DirectDraw v7 DX10.0 Compiled:Feb  1 2010)
Display:1024x768x32 59.84Hz
CogInput v1.05 Compiled: May 20 2010
0	[0]	:	COGENT START
1030	[1030]	:	Key	30	DOWN	at	1030    
1160	[130]	:	Key	30	UP	at	1160    
1625	[465]	:	Key	28	DOWN	at	1625    
1735	[110]	:	Key	28	UP	at	1735    
23941	[22206]	:	Key	71	DOWN	at	23941   
24002	[61]	:	Fixation at trial 1: 23.981000
24530	[528]	:	Object at trial 1: 24.509000
28055	[3525]	:	Fixation at trial 1: 28.034000
28583	[528]	:	Catch Stim at trial 1: 28.562000
32112	[3529]	:	Catch Q at trial 1: 28.562000
32726	[614]	:	Key	30	DOWN	at	32726   
34091	[1365]	:	Respose to catch Q at trial 1: 32.735000
34092	[1]	:	RT and choice to catch Q at trial 1: 0.644000, 30
34126	[34]	:	Fixation at trial 2: 34.106000
34648	[522]	:	Object at trial 2: 34.628000
38171	[3523]	:	Fixation at trial 2: 38.151000
38695	[524]	:	Catch Stim at trial 2: 38.675000
42221	[3526]	:	Catch Q at trial 2: 38.675000
42847	[626]	:	Key	28	DOWN	at	42847   
44201	[1354]	:	Respose to catch Q at trial 2: 42.854000
44202	[1]	:	RT and choice to catch Q at trial 2: 0.653000, 28
44234	[32]	:	Fixation at trial 3: 44.214000
44756	[522]	:	Object at trial 3: 44.736000
48279	[3523]	:	Fixation at trial 3: 48.259000
48801	[522]	:	Catch Stim at trial 3: 48.781000
52326	[3525]	:	Catch Q at trial 3: 48.781000
52788	[462]	:	Key	30	DOWN	at	52788   
54306	[1518]	:	Respose to catch Q at trial 3: 52.793000
54307	[1]	:	RT and choice to catch Q at trial 3: 0.487000, 30
54335	[28]	:	Fixation at trial 4: 54.315000
54857	[522]	:	Object at trial 4: 54.837000
58380	[3523]	:	Fixation at trial 4: 58.360000
58902	[522]	:	Catch Stim at trial 4: 58.882000
62427	[3525]	:	Catch Q at trial 4: 58.882000
62939	[512]	:	Key	30	DOWN	at	62939   
64407	[1468]	:	Respose to catch Q at trial 4: 62.944000
64408	[1]	:	RT and choice to catch Q at trial 4: 0.537000, 30
64436	[28]	:	Fixation at trial 5: 64.416000
64958	[522]	:	Object at trial 5: 64.938000
68481	[3523]	:	Fixation at trial 5: 68.461000
69003	[522]	:	Catch Stim at trial 5: 68.983000
72529	[3526]	:	Catch Q at trial 5: 68.983000
73419	[890]	:	Key	28	DOWN	at	73419   
74509	[1090]	:	Respose to catch Q at trial 5: 73.425000
74510	[1]	:	RT and choice to catch Q at trial 5: 0.916000, 28
74538	[28]	:	Fixation at trial 6: 74.518000
75061	[523]	:	Object at trial 6: 75.041000
78584	[3523]	:	Fixation at trial 6: 78.564000
79107	[523]	:	Catch Stim at trial 6: 79.087000
82632	[3525]	:	Catch Q at trial 6: 79.087000
83605	[973]	:	Key	30	DOWN	at	83605   
84612	[1007]	:	Respose to catch Q at trial 6: 83.610000
84613	[1]	:	RT and choice to catch Q at trial 6: 0.998000, 30
84639	[26]	:	Fixation at trial 7: 84.619000
85161	[522]	:	Object at trial 7: 85.141000
88684	[3523]	:	Fixation at trial 7: 88.664000
89207	[523]	:	Catch Stim at trial 7: 89.187000
92732	[3525]	:	Catch Q at trial 7: 89.187000
93465	[733]	:	Key	28	DOWN	at	93465   
94712	[1247]	:	Respose to catch Q at trial 7: 93.471000
94712	[0]	:	RT and choice to catch Q at trial 7: 0.759000, 28
94739	[27]	:	Fixation at trial 8: 94.719000
95261	[522]	:	Object at trial 8: 95.241000
98784	[3523]	:	Fixation at trial 8: 98.764000
99307	[523]	:	Catch Stim at trial 8: 99.287000
102832	[3525]	:	Catch Q at trial 8: 99.287000
103411	[579]	:	Key	28	DOWN	at	103411  
104812	[1401]	:	Respose to catch Q at trial 8: 103.417000
104813	[1]	:	RT and choice to catch Q at trial 8: 0.605000, 28
104837	[24]	:	Fixation at trial 9: 104.817000
105359	[522]	:	Object at trial 9: 105.339000
108882	[3523]	:	Fixation at trial 9: 108.862000
109405	[523]	:	Catch Stim at trial 9: 109.385000
112930	[3525]	:	Catch Q at trial 9: 109.385000
113411	[481]	:	Key	30	DOWN	at	113411  
114910	[1499]	:	Respose to catch Q at trial 9: 113.417000
114911	[1]	:	RT and choice to catch Q at trial 9: 0.507000, 30
114936	[25]	:	Fixation at trial 10: 114.916000
115458	[522]	:	Object at trial 10: 115.438000
118981	[3523]	:	Fixation at trial 10: 118.961000
119503	[522]	:	Catch Stim at trial 10: 119.483000
123028	[3525]	:	Catch Q at trial 10: 119.483000
123457	[429]	:	Key	30	DOWN	at	123457  
125008	[1551]	:	Respose to catch Q at trial 10: 123.463000
125009	[1]	:	RT and choice to catch Q at trial 10: 0.455000, 30
125033	[24]	:	Fixation at trial 11: 125.013000
125555	[522]	:	Object at trial 11: 125.535000
129079	[3524]	:	Fixation at trial 11: 129.059000
129600	[521]	:	Catch Stim at trial 11: 129.581000
133125	[3525]	:	Catch Q at trial 11: 129.581000
133738	[613]	:	Key	28	DOWN	at	133738  
135105	[1367]	:	Respose to catch Q at trial 11: 133.743000
135106	[1]	:	RT and choice to catch Q at trial 11: 0.638000, 28
135130	[24]	:	Fixation at trial 12: 135.110000
135652	[522]	:	Object at trial 12: 135.632000
139175	[3523]	:	Fixation at trial 12: 139.155000
139697	[522]	:	Catch Stim at trial 12: 139.677000
143222	[3525]	:	Catch Q at trial 12: 139.677000
143813	[591]	:	Key	28	DOWN	at	143813  
145202	[1389]	:	Respose to catch Q at trial 12: 143.818000
145202	[0]	:	RT and choice to catch Q at trial 12: 0.616000, 28
145227	[25]	:	Fixation at trial 13: 145.207000
145749	[522]	:	Object at trial 13: 145.729000
149272	[3523]	:	Fixation at trial 13: 149.252000
149794	[522]	:	Catch Stim at trial 13: 149.774000
153320	[3526]	:	Catch Q at trial 13: 149.774000
154159	[839]	:	Key	28	DOWN	at	154159  
155300	[1141]	:	Respose to catch Q at trial 13: 154.165000
155301	[1]	:	RT and choice to catch Q at trial 13: 0.865000, 28
155325	[24]	:	Fixation at trial 14: 155.305000
155847	[522]	:	Object at trial 14: 155.827000
159370	[3523]	:	Fixation at trial 14: 159.350000
159892	[522]	:	Catch Stim at trial 14: 159.872000
163418	[3526]	:	Catch Q at trial 14: 159.872000
163974	[556]	:	Key	30	DOWN	at	163974  
165398	[1424]	:	Respose to catch Q at trial 14: 163.980000
165399	[1]	:	RT and choice to catch Q at trial 14: 0.582000, 30
165423	[24]	:	Fixation at trial 15: 165.403000
165945	[522]	:	Object at trial 15: 165.925000
169468	[3523]	:	Fixation at trial 15: 169.448000
169989	[521]	:	Catch Stim at trial 15: 169.969000
173514	[3525]	:	Catch Q at trial 15: 169.969000
174140	[626]	:	Key	28	DOWN	at	174140  
175494	[1354]	:	Respose to catch Q at trial 15: 174.145000
175495	[1]	:	RT and choice to catch Q at trial 15: 0.651000, 28
175519	[24]	:	Fixation at trial 16: 175.499000
176041	[522]	:	Object at trial 16: 176.021000
179564	[3523]	:	Fixation at trial 16: 179.544000
180085	[521]	:	Catch Stim at trial 16: 180.065000
183610	[3525]	:	Catch Q at trial 16: 180.065000
184145	[535]	:	Key	28	DOWN	at	184145  
185590	[1445]	:	Respose to catch Q at trial 16: 184.150000
185591	[1]	:	RT and choice to catch Q at trial 16: 0.560000, 28
185615	[24]	:	Fixation at trial 17: 185.595000
186137	[522]	:	Object at trial 17: 186.117000
189660	[3523]	:	Fixation at trial 17: 189.640000
190182	[522]	:	Catch Stim at trial 17: 190.162000
193707	[3525]	:	Catch Q at trial 17: 190.162000
194336	[629]	:	Key	28	DOWN	at	194336  
195687	[1351]	:	Respose to catch Q at trial 17: 194.341000
195687	[0]	:	RT and choice to catch Q at trial 17: 0.654000, 28
195712	[25]	:	Fixation at trial 18: 195.692000
196234	[522]	:	Object at trial 18: 196.214000
199757	[3523]	:	Fixation at trial 18: 199.737000
200278	[521]	:	Catch Stim at trial 18: 200.258000
203803	[3525]	:	Catch Q at trial 18: 200.258000
204407	[604]	:	Key	30	DOWN	at	204407  
205783	[1376]	:	Respose to catch Q at trial 18: 204.413000
205783	[0]	:	RT and choice to catch Q at trial 18: 0.630000, 30
205808	[25]	:	Fixation at trial 19: 205.788000
206330	[522]	:	Object at trial 19: 206.310000
209853	[3523]	:	Fixation at trial 19: 209.833000
210375	[522]	:	Catch Stim at trial 19: 210.355000
213900	[3525]	:	Catch Q at trial 19: 210.355000
214567	[667]	:	Key	28	DOWN	at	214567  
215880	[1313]	:	Respose to catch Q at trial 19: 214.573000
215880	[0]	:	RT and choice to catch Q at trial 19: 0.693000, 28
215905	[25]	:	Fixation at trial 20: 215.885000
216427	[522]	:	Object at trial 20: 216.407000
219950	[3523]	:	Fixation at trial 20: 219.930000
220472	[522]	:	Catch Stim at trial 20: 220.452000
223997	[3525]	:	Catch Q at trial 20: 220.452000
224533	[536]	:	Key	30	DOWN	at	224533  
225977	[1444]	:	Respose to catch Q at trial 20: 224.538000
225978	[1]	:	RT and choice to catch Q at trial 20: 0.561000, 30
226002	[24]	:	Fixation at trial 21: 225.982000
226524	[522]	:	Object at trial 21: 226.504000
230047	[3523]	:	Fixation at trial 21: 230.027000
230569	[522]	:	Catch Stim at trial 21: 230.549000
234094	[3525]	:	Catch Q at trial 21: 230.549000
234813	[719]	:	Key	28	DOWN	at	234813  
236074	[1261]	:	Respose to catch Q at trial 21: 234.819000
236074	[0]	:	RT and choice to catch Q at trial 21: 0.745000, 28
236099	[25]	:	Fixation at trial 22: 236.079000
236621	[522]	:	Object at trial 22: 236.601000
240144	[3523]	:	Fixation at trial 22: 240.124000
240666	[522]	:	Catch Stim at trial 22: 240.646000
244191	[3525]	:	Catch Q at trial 22: 240.646000
244814	[623]	:	Key	28	DOWN	at	244814  
246171	[1357]	:	Respose to catch Q at trial 22: 244.820000
246171	[0]	:	RT and choice to catch Q at trial 22: 0.649000, 28
246196	[25]	:	Fixation at trial 23: 246.176000
246718	[522]	:	Object at trial 23: 246.698000
250241	[3523]	:	Fixation at trial 23: 250.221000
250763	[522]	:	Catch Stim at trial 23: 250.743000
254288	[3525]	:	Catch Q at trial 23: 250.743000
255100	[812]	:	Key	28	DOWN	at	255100  
256269	[1169]	:	Respose to catch Q at trial 23: 255.107000
256269	[0]	:	RT and choice to catch Q at trial 23: 0.839000, 28
256295	[26]	:	Fixation at trial 24: 256.274000
256817	[522]	:	Object at trial 24: 256.797000
260341	[3524]	:	Fixation at trial 24: 260.320000
260863	[522]	:	Catch Stim at trial 24: 260.843000
264388	[3525]	:	Catch Q at trial 24: 260.843000
265200	[812]	:	Key	28	DOWN	at	265200  
266368	[1168]	:	Respose to catch Q at trial 24: 265.206000
266368	[0]	:	RT and choice to catch Q at trial 24: 0.838000, 28
266393	[25]	:	Fixation at trial 25: 266.373000
266915	[522]	:	Object at trial 25: 266.895000
270438	[3523]	:	Fixation at trial 25: 270.418000
270960	[522]	:	Catch Stim at trial 25: 270.940000
274486	[3526]	:	Catch Q at trial 25: 270.940000
275041	[555]	:	Key	28	DOWN	at	275041  
276466	[1425]	:	Respose to catch Q at trial 25: 275.047000
276466	[0]	:	RT and choice to catch Q at trial 25: 0.581000, 28
276491	[25]	:	Fixation at trial 26: 276.471000
277014	[523]	:	Object at trial 26: 276.994000
280537	[3523]	:	Fixation at trial 26: 280.517000
281058	[521]	:	Catch Stim at trial 26: 281.038000
284583	[3525]	:	Catch Q at trial 26: 281.038000
285441	[858]	:	Key	28	DOWN	at	285441  
286563	[1122]	:	Respose to catch Q at trial 26: 285.447000
286564	[1]	:	RT and choice to catch Q at trial 26: 0.884000, 28
286588	[24]	:	Fixation at trial 27: 286.568000
287110	[522]	:	Object at trial 27: 287.090000
290633	[3523]	:	Fixation at trial 27: 290.613000
291155	[522]	:	Catch Stim at trial 27: 291.135000
294680	[3525]	:	Catch Q at trial 27: 291.135000
295297	[617]	:	Key	28	DOWN	at	295297  
296660	[1363]	:	Respose to catch Q at trial 27: 295.303000
296660	[0]	:	RT and choice to catch Q at trial 27: 0.643000, 28
296685	[25]	:	Fixation at trial 28: 296.665000
297207	[522]	:	Object at trial 28: 297.187000
300730	[3523]	:	Fixation at trial 28: 300.710000
301252	[522]	:	Catch Stim at trial 28: 301.232000
304778	[3526]	:	Catch Q at trial 28: 301.232000
305587	[809]	:	Key	28	DOWN	at	305587  
306758	[1171]	:	Respose to catch Q at trial 28: 305.593000
306758	[0]	:	RT and choice to catch Q at trial 28: 0.835000, 28
306783	[25]	:	Fixation at trial 29: 306.763000
307305	[522]	:	Object at trial 29: 307.285000
310828	[3523]	:	Fixation at trial 29: 310.808000
311350	[522]	:	Catch Stim at trial 29: 311.330000
314875	[3525]	:	Catch Q at trial 29: 311.330000
315393	[518]	:	Key	30	DOWN	at	315393  
316855	[1462]	:	Respose to catch Q at trial 29: 315.398000
316855	[0]	:	RT and choice to catch Q at trial 29: 0.543000, 30
316880	[25]	:	Fixation at trial 30: 316.860000
317402	[522]	:	Object at trial 30: 317.382000
320925	[3523]	:	Fixation at trial 30: 320.905000
321447	[522]	:	Catch Stim at trial 30: 321.427000
324973	[3526]	:	Catch Q at trial 30: 321.427000
325514	[541]	:	Key	30	DOWN	at	325514  
326953	[1439]	:	Respose to catch Q at trial 30: 325.519000
326953	[0]	:	RT and choice to catch Q at trial 30: 0.566000, 30
326978	[25]	:	Fixation at trial 31: 326.958000
327500	[522]	:	Object at trial 31: 327.480000
331023	[3523]	:	Fixation at trial 31: 331.003000
331545	[522]	:	Catch Stim at trial 31: 331.525000
335071	[3526]	:	Catch Q at trial 31: 331.525000
335739	[668]	:	Key	30	DOWN	at	335739  
337051	[1312]	:	Respose to catch Q at trial 31: 335.745000
337051	[0]	:	RT and choice to catch Q at trial 31: 0.694000, 30
337076	[25]	:	Fixation at trial 32: 337.056000
337598	[522]	:	Object at trial 32: 337.578000
341121	[3523]	:	Fixation at trial 32: 341.101000
341643	[522]	:	Catch Stim at trial 32: 341.623000
345168	[3525]	:	Catch Q at trial 32: 341.623000
345620	[452]	:	Key	30	DOWN	at	345620  
347148	[1528]	:	Respose to catch Q at trial 32: 345.626000
347148	[0]	:	RT and choice to catch Q at trial 32: 0.478000, 30
347173	[25]	:	Fixation at trial 33: 347.153000
347696	[523]	:	Object at trial 33: 347.676000
351219	[3523]	:	Fixation at trial 33: 351.199000
351742	[523]	:	Catch Stim at trial 33: 351.722000
355267	[3525]	:	Catch Q at trial 33: 351.722000
355685	[418]	:	Key	30	DOWN	at	355685  
357247	[1562]	:	Respose to catch Q at trial 33: 355.690000
357247	[0]	:	RT and choice to catch Q at trial 33: 0.443000, 30
357272	[25]	:	Fixation at trial 34: 357.252000
357794	[522]	:	Object at trial 34: 357.774000
361317	[3523]	:	Fixation at trial 34: 361.297000
361839	[522]	:	Catch Stim at trial 34: 361.819000
365364	[3525]	:	Catch Q at trial 34: 361.819000
366041	[677]	:	Key	30	DOWN	at	366041  
367344	[1303]	:	Respose to catch Q at trial 34: 366.048000
367345	[1]	:	RT and choice to catch Q at trial 34: 0.704000, 30
367369	[24]	:	Fixation at trial 35: 367.349000
367891	[522]	:	Object at trial 35: 367.871000
371414	[3523]	:	Fixation at trial 35: 371.394000
371936	[522]	:	Catch Stim at trial 35: 371.916000
375461	[3525]	:	Catch Q at trial 35: 371.916000
376156	[695]	:	Key	30	DOWN	at	376156  
377441	[1285]	:	Respose to catch Q at trial 35: 376.162000
377441	[0]	:	RT and choice to catch Q at trial 35: 0.721000, 30
377466	[25]	:	Fixation at trial 36: 377.446000
377988	[522]	:	Object at trial 36: 377.968000
381511	[3523]	:	Fixation at trial 36: 381.491000
382034	[523]	:	Catch Stim at trial 36: 382.014000
385559	[3525]	:	Catch Q at trial 36: 382.014000
386087	[528]	:	Key	30	DOWN	at	386087  
387539	[1452]	:	Respose to catch Q at trial 36: 386.092000
387539	[0]	:	RT and choice to catch Q at trial 36: 0.553000, 30
387564	[25]	:	Fixation at trial 37: 387.544000
388086	[522]	:	Object at trial 37: 388.066000
391609	[3523]	:	Fixation at trial 37: 391.589000
392131	[522]	:	Catch Stim at trial 37: 392.111000
395656	[3525]	:	Catch Q at trial 37: 392.111000
396118	[462]	:	Key	30	DOWN	at	396118  
397636	[1518]	:	Respose to catch Q at trial 37: 396.123000
397636	[0]	:	RT and choice to catch Q at trial 37: 0.487000, 30
397661	[25]	:	Fixation at trial 38: 397.641000
398183	[522]	:	Object at trial 38: 398.163000
401706	[3523]	:	Fixation at trial 38: 401.686000
402228	[522]	:	Catch Stim at trial 38: 402.208000
405753	[3525]	:	Catch Q at trial 38: 402.208000
406523	[770]	:	Key	28	DOWN	at	406523  
407733	[1210]	:	Respose to catch Q at trial 38: 406.529000
407733	[0]	:	RT and choice to catch Q at trial 38: 0.796000, 28
407758	[25]	:	Fixation at trial 39: 407.738000
408280	[522]	:	Object at trial 39: 408.260000
411803	[3523]	:	Fixation at trial 39: 411.783000
412326	[523]	:	Catch Stim at trial 39: 412.306000
415852	[3526]	:	Catch Q at trial 39: 412.306000
416389	[537]	:	Key	30	DOWN	at	416389  
417832	[1443]	:	Respose to catch Q at trial 39: 416.394000
417832	[0]	:	RT and choice to catch Q at trial 39: 0.562000, 30
417857	[25]	:	Fixation at trial 40: 417.837000
418379	[522]	:	Object at trial 40: 418.359000
421902	[3523]	:	Fixation at trial 40: 421.882000
422424	[522]	:	Catch Stim at trial 40: 422.404000
425950	[3526]	:	Catch Q at trial 40: 422.404000
426539	[589]	:	Key	30	DOWN	at	426539  
427930	[1391]	:	Respose to catch Q at trial 40: 426.545000
427930	[0]	:	RT and choice to catch Q at trial 40: 0.615000, 30
427956	[26]	:	Fixation at trial 41: 427.936000
428478	[522]	:	Object at trial 4