Cog2000 log file Fri Nov 01 12:49:00 2019
gprim v1.29 Compiled:Feb  1 2010 (GLib DirectDraw v7 DX10.0 Compiled:Feb  1 2010)
Display:1024x768x32 59.84Hz
CogInput v1.05 Compiled: May 20 2010
1	[1]	:	COGENT START
887	[886]	:	Key	30	DOWN	at	887     
1047	[160]	:	Key	30	UP	at	1047    
1372	[325]	:	Key	28	DOWN	at	1372    
1547	[175]	:	Key	28	UP	at	1547    
20288	[18741]	:	Key	71	DOWN	at	20288   
20349	[61]	:	Fixation at trial 1: 20.329000
20876	[527]	:	Object at trial 1: 20.855000
24400	[3524]	:	Fixation at trial 1: 24.379000
24928	[528]	:	Catch Stim at trial 1: 24.907000
28457	[3529]	:	Catch Q at trial 1: 24.907000
29043	[586]	:	Key	30	DOWN	at	29043   
30437	[1394]	:	Respose to catch Q at trial 1: 29.050000
30438	[1]	:	RT and choice to catch Q at trial 1: 0.614000, 30
30472	[34]	:	Fixation at trial 2: 30.452000
30994	[522]	:	Object at trial 2: 30.974000
34517	[3523]	:	Fixation at trial 2: 34.497000
35040	[523]	:	Catch Stim at trial 2: 35.020000
38566	[3526]	:	Catch Q at trial 2: 35.020000
39012	[446]	:	Key	30	DOWN	at	39012   
40546	[1534]	:	Respose to catch Q at trial 2: 39.019000
40547	[1]	:	RT and choice to catch Q at trial 2: 0.473000, 30
40579	[32]	:	Fixation at trial 3: 40.559000
41101	[522]	:	Object at trial 3: 41.081000
44624	[3523]	:	Fixation at trial 3: 44.604000
45146	[522]	:	Catch Stim at trial 3: 45.126000
48672	[3526]	:	Catch Q at trial 3: 45.126000
49277	[605]	:	Key	28	DOWN	at	49277   
50652	[1375]	:	Respose to catch Q at trial 3: 49.282000
50653	[1]	:	RT and choice to catch Q at trial 3: 0.630000, 28
50682	[29]	:	Fixation at trial 4: 50.662000
51204	[522]	:	Object at trial 4: 51.184000
54727	[3523]	:	Fixation at trial 4: 54.707000
55249	[522]	:	Catch Stim at trial 4: 55.229000
58774	[3525]	:	Catch Q at trial 4: 55.229000
59358	[584]	:	Key	28	DOWN	at	59358   
60754	[1396]	:	Respose to catch Q at trial 4: 59.363000
60755	[1]	:	RT and choice to catch Q at trial 4: 0.609000, 28
60782	[27]	:	Fixation at trial 5: 60.762000
61304	[522]	:	Object at trial 5: 61.284000
64827	[3523]	:	Fixation at trial 5: 64.807000
65348	[521]	:	Catch Stim at trial 5: 65.329000
68874	[3526]	:	Catch Q at trial 5: 65.329000
69463	[589]	:	Key	28	DOWN	at	69463   
70854	[1391]	:	Respose to catch Q at trial 5: 69.468000
70855	[1]	:	RT and choice to catch Q at trial 5: 0.614000, 28
70883	[28]	:	Fixation at trial 6: 70.863000
71406	[523]	:	Object at trial 6: 71.386000
74929	[3523]	:	Fixation at trial 6: 74.909000
75451	[522]	:	Catch Stim at trial 6: 75.431000
78976	[3525]	:	Catch Q at trial 6: 75.431000
79559	[583]	:	Key	28	DOWN	at	79559   
80956	[1397]	:	Respose to catch Q at trial 6: 79.564000
80957	[1]	:	RT and choice to catch Q at trial 6: 0.608000, 28
80984	[27]	:	Fixation at trial 7: 80.964000
81506	[522]	:	Object at trial 7: 81.486000
85029	[3523]	:	Fixation at trial 7: 85.009000
85552	[523]	:	Catch Stim at trial 7: 85.532000
89077	[3525]	:	Catch Q at trial 7: 85.532000
89710	[633]	:	Key	28	DOWN	at	89710   
91057	[1347]	:	Respose to catch Q at trial 7: 89.715000
91058	[1]	:	RT and choice to catch Q at trial 7: 0.658000, 28
91083	[25]	:	Fixation at trial 8: 91.063000
91605	[522]	:	Object at trial 8: 91.585000
95128	[3523]	:	Fixation at trial 8: 95.108000
95651	[523]	:	Catch Stim at trial 8: 95.631000
99176	[3525]	:	Catch Q at trial 8: 95.631000
99530	[354]	:	Key	30	DOWN	at	99530   
101156	[1626]	:	Respose to catch Q at trial 8: 99.535000
101157	[1]	:	RT and choice to catch Q at trial 8: 0.379000, 30
101182	[25]	:	Fixation at trial 9: 101.162000
101704	[522]	:	Object at trial 9: 101.684000
105227	[3523]	:	Fixation at trial 9: 105.207000
105750	[523]	:	Catch Stim at trial 9: 105.730000
109276	[3526]	:	Catch Q at trial 9: 105.730000
109906	[630]	:	Key	28	DOWN	at	109906  
111256	[1350]	:	Respose to catch Q at trial 9: 109.911000
111257	[1]	:	RT and choice to catch Q at trial 9: 0.655000, 28
111282	[25]	:	Fixation at trial 10: 111.262000
111804	[522]	:	Object at trial 10: 111.784000
115327	[3523]	:	Fixation at trial 10: 115.307000
115849	[522]	:	Catch Stim at trial 10: 115.829000
119374	[3525]	:	Catch Q at trial 10: 115.829000
120041	[667]	:	Key	28	DOWN	at	120041  
121354	[1313]	:	Respose to catch Q at trial 10: 120.047000
121355	[1]	:	RT and choice to catch Q at trial 10: 0.693000, 28
121380	[25]	:	Fixation at trial 11: 121.360000
121902	[522]	:	Object at trial 11: 121.882000
125425	[3523]	:	Fixation at trial 11: 125.405000
125947	[522]	:	Catch Stim at trial 11: 125.927000
129472	[3525]	:	Catch Q at trial 11: 125.927000
130176	[704]	:	Key	28	DOWN	at	130176  
131452	[1276]	:	Respose to catch Q at trial 11: 130.183000
131452	[0]	:	RT and choice to catch Q at trial 11: 0.731000, 28
131477	[25]	:	Fixation at trial 12: 131.457000
131999	[522]	:	Object at trial 12: 131.979000
135522	[3523]	:	Fixation at trial 12: 135.502000
136044	[522]	:	Catch Stim at trial 12: 136.024000
139569	[3525]	:	Catch Q at trial 12: 136.024000
140187	[618]	:	Key	30	DOWN	at	140187  
141549	[1362]	:	Respose to catch Q at trial 12: 140.192000
141549	[0]	:	RT and choice to catch Q at trial 12: 0.643000, 30
141573	[24]	:	Fixation at trial 13: 141.553000
142095	[522]	:	Object at trial 13: 142.075000
145618	[3523]	:	Fixation at trial 13: 145.598000
146140	[522]	:	Catch Stim at trial 13: 146.120000
149666	[3526]	:	Catch Q at trial 13: 146.120000
150228	[562]	:	Key	28	DOWN	at	150228  
151646	[1418]	:	Respose to catch Q at trial 13: 150.233000
151647	[1]	:	RT and choice to catch Q at trial 13: 0.587000, 28
151670	[23]	:	Fixation at trial 14: 151.650000
152192	[522]	:	Object at trial 14: 152.172000
155715	[3523]	:	Fixation at trial 14: 155.695000
156237	[522]	:	Catch Stim at trial 14: 156.217000
159762	[3525]	:	Catch Q at trial 14: 156.217000
160414	[652]	:	Key	28	DOWN	at	160414  
161742	[1328]	:	Respose to catch Q at trial 14: 160.419000
161743	[1]	:	RT and choice to catch Q at trial 14: 0.677000, 28
161766	[23]	:	Fixation at trial 15: 161.746000
162288	[522]	:	Object at trial 15: 162.268000
165811	[3523]	:	Fixation at trial 15: 165.791000
166333	[522]	:	Catch Stim at trial 15: 166.313000
169859	[3526]	:	Catch Q at trial 15: 166.313000
170264	[405]	:	Key	30	DOWN	at	170264  
171839	[1575]	:	Respose to catch Q at trial 15: 170.269000
171840	[1]	:	RT and choice to catch Q at trial 15: 0.430000, 30
171864	[24]	:	Fixation at trial 16: 171.844000
172386	[522]	:	Object at trial 16: 172.366000
175909	[3523]	:	Fixation at trial 16: 175.889000
176431	[522]	:	Catch Stim at trial 16: 176.411000
179956	[3525]	:	Catch Q at trial 16: 176.411000
180365	[409]	:	Key	30	DOWN	at	180365  
181936	[1571]	:	Respose to catch Q at trial 16: 180.370000
181937	[1]	:	RT and choice to catch Q at trial 16: 0.434000, 30
181961	[24]	:	Fixation at trial 17: 181.941000
182483	[522]	:	Object at trial 17: 182.463000
186006	[3523]	:	Fixation at trial 17: 185.986000
186528	[522]	:	Catch Stim at trial 17: 186.508000
190053	[3525]	:	Catch Q at trial 17: 186.508000
190670	[617]	:	Key	28	DOWN	at	190670  
192033	[1363]	:	Respose to catch Q at trial 17: 190.675000
192033	[0]	:	RT and choice to catch Q at trial 17: 0.642000, 28
192058	[25]	:	Fixation at trial 18: 192.038000
192580	[522]	:	Object at trial 18: 192.560000
196103	[3523]	:	Fixation at trial 18: 196.083000
196625	[522]	:	Catch Stim at trial 18: 196.605000
200150	[3525]	:	Catch Q at trial 18: 196.605000
200661	[511]	:	Key	30	DOWN	at	200661  
202130	[1469]	:	Respose to catch Q at trial 18: 200.666000
202130	[0]	:	RT and choice to catch Q at trial 18: 0.536000, 30
202155	[25]	:	Fixation at trial 19: 202.135000
202677	[522]	:	Object at trial 19: 202.657000
206200	[3523]	:	Fixation at trial 19: 206.180000
206721	[521]	:	Catch Stim at trial 19: 206.701000
210246	[3525]	:	Catch Q at trial 19: 206.701000
210857	[611]	:	Key	28	DOWN	at	210857  
212226	[1369]	:	Respose to catch Q at trial 19: 210.863000
212226	[0]	:	RT and choice to catch Q at trial 19: 0.637000, 28
212251	[25]	:	Fixation at trial 20: 212.231000
212773	[522]	:	Object at trial 20: 212.753000
216296	[3523]	:	Fixation at trial 20: 216.276000
216818	[522]	:	Catch Stim at trial 20: 216.798000
220343	[3525]	:	Catch Q at trial 20: 216.798000
220872	[529]	:	Key	30	DOWN	at	220872  
222323	[1451]	:	Respose to catch Q at trial 20: 220.877000
222324	[1]	:	RT and choice to catch Q at trial 20: 0.554000, 30
222348	[24]	:	Fixation at trial 21: 222.328000
222870	[522]	:	Object at trial 21: 222.850000
226393	[3523]	:	Fixation at trial 21: 226.373000
226915	[522]	:	Catch Stim at trial 21: 226.895000
230440	[3525]	:	Catch Q at trial 21: 226.895000
231033	[593]	:	Key	28	DOWN	at	231033  
232420	[1387]	:	Respose to catch Q at trial 21: 231.038000
232420	[0]	:	RT and choice to catch Q at trial 21: 0.618000, 28
232445	[25]	:	Fixation at trial 22: 232.425000
232967	[522]	:	Object at trial 22: 232.947000
236490	[3523]	:	Fixation at trial 22: 236.470000
237012	[522]	:	Catch Stim at trial 22: 236.992000
240537	[3525]	:	Catch Q at trial 22: 236.992000
241078	[541]	:	Key	30	DOWN	at	241078  
242517	[1439]	:	Respose to catch Q at trial 22: 241.084000
242517	[0]	:	RT and choice to catch Q at trial 22: 0.567000, 30
242542	[25]	:	Fixation at trial 23: 242.522000
243064	[522]	:	Object at trial 23: 243.044000
246587	[3523]	:	Fixation at trial 23: 246.567000
247109	[522]	:	Catch Stim at trial 23: 247.089000
250634	[3525]	:	Catch Q at trial 23: 247.089000
251334	[700]	:	Key	28	DOWN	at	251334  
252614	[1280]	:	Respose to catch Q at trial 23: 251.340000
252614	[0]	:	RT and choice to catch Q at trial 23: 0.726000, 28
252639	[25]	:	Fixation at trial 24: 252.619000
253161	[522]	:	Object at trial 24: 253.141000
256684	[3523]	:	Fixation at trial 24: 256.664000
257206	[522]	:	Catch Stim at trial 24: 257.186000
260731	[3525]	:	Catch Q at trial 24: 257.186000
261214	[483]	:	Key	30	DOWN	at	261214  
262711	[1497]	:	Respose to catch Q at trial 24: 261.219000
262711	[0]	:	RT and choice to catch Q at trial 24: 0.508000, 30
262736	[25]	:	Fixation at trial 25: 262.716000
263258	[522]	:	Object at trial 25: 263.238000
266781	[3523]	:	Fixation at trial 25: 266.761000
267303	[522]	:	Catch Stim at trial 25: 267.283000
270828	[3525]	:	Catch Q at trial 25: 267.283000
271550	[722]	:	Key	28	DOWN	at	271550  
272808	[1258]	:	Respose to catch Q at trial 25: 271.556000
272808	[0]	:	RT and choice to catch Q at trial 25: 0.748000, 28
272833	[25]	:	Fixation at trial 26: 272.813000
273355	[522]	:	Object at trial 26: 273.335000
276878	[3523]	:	Fixation at trial 26: 276.858000
277400	[522]	:	Catch Stim at trial 26: 277.380000
280925	[3525]	:	Catch Q at trial 26: 277.380000
281751	[826]	:	Key	30	DOWN	at	281751  
282905	[1154]	:	Respose to catch Q at trial 26: 281.757000
282905	[0]	:	RT and choice to catch Q at trial 26: 0.852000, 30
282930	[25]	:	Fixation at trial 27: 282.910000
283452	[522]	:	Object at trial 27: 283.432000
286975	[3523]	:	Fixation at trial 27: 286.955000
287497	[522]	:	Catch Stim at trial 27: 287.477000
291022	[3525]	:	Catch Q at trial 27: 287.477000
291692	[670]	:	Key	28	DOWN	at	291692  
293002	[1310]	:	Respose to catch Q at trial 27: 291.698000
293002	[0]	:	RT and choice to catch Q at trial 27: 0.696000, 28
293027	[25]	:	Fixation at trial 28: 293.007000
293549	[522]	:	Object at trial 28: 293.529000
297072	[3523]	:	Fixation at trial 28: 297.052000
297594	[522]	:	Catch Stim at trial 28: 297.574000
301120	[3526]	:	Catch Q at trial 28: 297.574000
301733	[613]	:	Key	30	DOWN	at	301733  
303100	[1367]	:	Respose to catch Q at trial 28: 301.739000
303100	[0]	:	RT and choice to catch Q at trial 28: 0.639000, 30
303125	[25]	:	Fixation at trial 29: 303.105000
303647	[522]	:	Object at trial 29: 303.627000
307170	[3523]	:	Fixation at trial 29: 307.150000
307692	[522]	:	Catch Stim at trial 29: 307.672000
311218	[3526]	:	Catch Q at trial 29: 307.672000
312018	[800]	:	Key	30	DOWN	at	312018  
313198	[1180]	:	Respose to catch Q at trial 29: 312.024000
313198	[0]	:	RT and choice to catch Q at trial 29: 0.826000, 30
313223	[25]	:	Fixation at trial 30: 313.203000
313745	[522]	:	Object at trial 30: 313.725000
317268	[3523]	:	Fixation at trial 30: 317.248000
317790	[522]	:	Catch Stim at trial 30: 317.770000
321316	[3526]	:	Catch Q at trial 30: 317.770000
321904	[588]	:	Key	28	DOWN	at	321904  
323296	[1392]	:	Respose to catch Q at trial 30: 321.910000
323296	[0]	:	RT and choice to catch Q at trial 30: 0.614000, 28
323321	[25]	:	Fixation at trial 31: 323.301000
323843	[522]	:	Object at trial 31: 323.823000
327366	[3523]	:	Fixation at trial 31: 327.346000
327888	[522]	:	Catch Stim at trial 31: 327.868000
331414	[3526]	:	Catch Q at trial 31: 327.868000
332044	[630]	:	Key	30	DOWN	at	332044  
333394	[1350]	:	Respose to catch Q at trial 31: 332.049000
333394	[0]	:	RT and choice to catch Q at trial 31: 0.655000, 30
333419	[25]	:	Fixation at trial 32: 333.399000
333941	[522]	:	Object at trial 32: 333.921000
337464	[3523]	:	Fixation at trial 32: 337.444000
337987	[523]	:	Catch Stim at trial 32: 337.967000
341512	[3525]	:	Catch Q at trial 32: 337.967000
341940	[428]	:	Key	30	DOWN	at	341940  
343492	[1552]	:	Respose to catch Q at trial 32: 341.945000
343492	[0]	:	RT and choice to catch Q at trial 32: 0.453000, 30
343517	[25]	:	Fixation at trial 33: 343.497000
344039	[522]	:	Object at trial 33: 344.019000
347562	[3523]	:	Fixation at trial 33: 347.542000
348085	[523]	:	Catch Stim at trial 33: 348.065000
351610	[3525]	:	Catch Q at trial 33: 348.065000
352152	[542]	:	Key	28	DOWN	at	352152  
353590	[1438]	:	Respose to catch Q at trial 33: 352.157000
353590	[0]	:	RT and choice to catch Q at trial 33: 0.567000, 28
353615	[25]	:	Fixation at trial 34: 353.595000
354137	[522]	:	Object at trial 34: 354.117000
357661	[3524]	:	Fixation at trial 34: 357.640000
358184	[523]	:	Catch Stim at trial 34: 358.164000
361709	[3525]	:	Catch Q at trial 34: 358.164000
362262	[553]	:	Key	30	DOWN	at	362262  
363689	[1427]	:	Respose to catch Q at trial 34: 362.267000
363689	[0]	:	RT and choice to catch Q at trial 34: 0.578000, 30
363713	[24]	:	Fixation at trial 35: 363.693000
364235	[522]	:	Object at trial 35: 364.215000
367758	[3523]	:	Fixation at trial 35: 367.738000
368280	[522]	:	Catch Stim at trial 35: 368.260000
371805	[3525]	:	Catch Q at trial 35: 368.260000
372523	[718]	:	Key	28	DOWN	at	372523  
373785	[1262]	:	Respose to catch Q at trial 35: 372.529000
373785	[0]	:	RT and choice to catch Q at trial 35: 0.744000, 28
373810	[25]	:	Fixation at trial 36: 373.790000
374332	[522]	:	Object at trial 36: 374.312000
377855	[3523]	:	Fixation at trial 36: 377.835000
378377	[522]	:	Catch Stim at trial 36: 378.357000
381902	[3525]	:	Catch Q at trial 36: 378.357000
382353	[451]	:	Key	30	DOWN	at	382353  
383882	[1529]	:	Respose to catch Q at trial 36: 382.358000
383882	[0]	:	RT and choice to catch Q at trial 36: 0.476000, 30
383908	[26]	:	Fixation at trial 37: 383.888000
384430	[522]	:	Object at trial 37: 384.410000
387953	[3523]	:	Fixation at trial 37: 387.933000
388475	[522]	:	Catch Stim at trial 37: 388.455000
392000	[3525]	:	Catch Q at trial 37: 388.455000
392789	[789]	:	Key	28	DOWN	at	392789  
393980	[1191]	:	Respose to catch Q at trial 37: 392.795000
393980	[0]	:	RT and choice to catch Q at trial 37: 0.815000, 28
394005	[25]	:	Fixation at trial 38: 393.985000
394527	[522]	:	Object at trial 38: 394.507000
398050	[3523]	:	Fixation at trial 38: 398.030000
398572	[522]	:	Catch Stim at trial 38: 398.552000
402097	[3525]	:	Catch Q at trial 38: 398.552000
402615	[518]	:	Key	30	DOWN	at	402615  
404077	[1462]	:	Respose to catch Q at trial 38: 402.620000
404077	[0]	:	RT and choice to catch Q at trial 38: 0.543000, 30
404102	[25]	:	Fixation at trial 39: 404.082000
404624	[522]	:	Object at trial 39: 404.604000
408147	[3523]	:	Fixation at trial 39: 408.127000
408669	[522]	:	Catch Stim at trial 39: 408.649000
412195	[3526]	:	Catch Q at trial 39: 408.649000
412801	[606]	:	Key	30	DOWN	at	412801  
414175	[1374]	:	Respose to catch Q at trial 39: 412.807000
414175	[0]	:	RT and choice to catch Q at trial 39: 0.632000, 30
414200	[25]	:	Fixation at trial 40: 414.180000
414722	[522]	:	Object at trial 40: 414.702000
418245	[3523]	:	Fixation at trial 40: 418.225000
418767	[522]	:	Catch Stim at trial 40: 418.747000
422292	[3525]	:	Catch Q at trial 40: 418.747000
422967	[675]	:	Key	28	DOWN	at	422967  
424272	[1305]	:	Respose to catch Q at trial 40: 422.973000
424272	[0]	:	RT and choice to catch Q at trial 40: 0.701000, 28
424297	[25]	:	Fixation at trial 41: 424.277000
424820	[523]	:	Object at trial 41: 42