Cog2000 log file Thu Aug 22 11:34:23 2019
gprim v1.29 Compiled:Feb  1 2010 (GLib DirectDraw v7 DX10.0 Compiled:Feb  1 2010)
Display:1024x768x32 59.81Hz
CogInput v1.05 Compiled: May 20 2010
0	[0]	:	COGENT START
1970	[1970]	:	Key	30	DOWN	at	1970    
2180	[210]	:	Key	28	DOWN	at	2180    
2220	[40]	:	Key	30	UP	at	2220    
2470	[250]	:	Key	28	UP	at	2470    
27087	[24617]	:	Key	71	DOWN	at	27087   
27150	[63]	:	Fixation at trial 1: 27.130000
28174	[1024]	:	Object at trial 1: 28.153000
30204	[2030]	:	Fixation at trial 2: 30.184000
31225	[1021]	:	Object at trial 2: 31.205000
33253	[2028]	:	Fixation at trial 3: 33.233000
34275	[1022]	:	Object at trial 3: 34.255000
36305	[2030]	:	Fixation at trial 4: 36.285000
37327	[1022]	:	Object at trial 4: 37.307000
39352	[2025]	:	Fixation at trial 5: 39.332000
40373	[1021]	:	Object at trial 5: 40.353000
42398	[2025]	:	Fixation at trial 6: 42.378000
43419	[1021]	:	Object at trial 6: 43.399000
45444	[2025]	:	Fixation at trial 6: 45.423000
46476	[1032]	:	Catch Stim at trial 6: 46.455000
47353	[877]	:	Key	28	DOWN	at	47353   
48956	[1603]	:	Respose to catch Q at trial 6: 47.360000
48957	[1]	:	RT and choice to catch Q at trial 6: 0.905000, 28
48986	[29]	:	Fixation at trial 7: 48.966000
50007	[1021]	:	Object at trial 7: 49.987000
52037	[2030]	:	Fixation at trial 8: 52.017000
53058	[1021]	:	Object at trial 8: 53.038000
55084	[2026]	:	Fixation at trial 9: 55.064000
56105	[1021]	:	Object at trial 9: 56.085000
58137	[2032]	:	Fixation at trial 10: 58.117000
59158	[1021]	:	Object at trial 10: 59.138000
61183	[2025]	:	Fixation at trial 11: 61.163000
62204	[1021]	:	Object at trial 11: 62.184000
64229	[2025]	:	Fixation at trial 12: 64.208000
65250	[1021]	:	Object at trial 12: 65.230000
67274	[2024]	:	Fixation at trial 13: 67.254000
68295	[1021]	:	Object at trial 13: 68.275000
70319	[2024]	:	Fixation at trial 14: 70.299000
71340	[1021]	:	Object at trial 14: 71.320000
73364	[2024]	:	Fixation at trial 15: 73.344000
74385	[1021]	:	Object at trial 15: 74.365000
76409	[2024]	:	Fixation at trial 16: 76.389000
77430	[1021]	:	Object at trial 16: 77.410000
79454	[2024]	:	Fixation at trial 17: 79.434000
80475	[1021]	:	Object at trial 17: 80.455000
82499	[2024]	:	Fixation at trial 18: 82.479000
83521	[1022]	:	Object at trial 18: 83.501000
85545	[2024]	:	Fixation at trial 19: 85.525000
86566	[1021]	:	Object at trial 19: 86.546000
88590	[2024]	:	Fixation at trial 20: 88.570000
89611	[1021]	:	Object at trial 20: 89.591000
91636	[2025]	:	Fixation at trial 21: 91.616000
92658	[1022]	:	Object at trial 21: 92.638000
94682	[2024]	:	Fixation at trial 22: 94.662000
95704	[1022]	:	Object at trial 22: 95.684000
97728	[2024]	:	Fixation at trial 23: 97.708000
98749	[1021]	:	Object at trial 23: 98.729000
100773	[2024]	:	Fixation at trial 24: 100.753000
101794	[1021]	:	Object at trial 24: 101.774000
103818	[2024]	:	Fixation at trial 25: 103.798000
104839	[1021]	:	Object at trial 25: 104.819000
106863	[2024]	:	Fixation at trial 26: 106.843000
107885	[1022]	:	Object at trial 26: 107.865000
109909	[2024]	:	Fixation at trial 27: 109.889000
110931	[1022]	:	Object at trial 27: 110.911000
112955	[2024]	:	Fixation at trial 27: 112.935000
113981	[1026]	:	Catch Stim at trial 27: 113.961000
115057	[1076]	:	Key	30	DOWN	at	115057  
116463	[1406]	:	Respose to catch Q at trial 27: 115.065000
116464	[1]	:	RT and choice to catch Q at trial 27: 1.104000, 30
116489	[25]	:	Fixation at trial 28: 116.469000
117510	[1021]	:	Object at trial 28: 117.490000
119534	[2024]	:	Fixation at trial 29: 119.514000
120555	[1021]	:	Object at trial 29: 120.535000
122579	[2024]	:	Fixation at trial 29: 122.559000
123604	[1025]	:	Catch Stim at trial 29: 123.584000
124597	[993]	:	Key	28	DOWN	at	124597  
126084	[1487]	:	Respose to catch Q at trial 29: 124.603000
126085	[1]	:	RT and choice to catch Q at trial 29: 1.019000, 28
126110	[25]	:	Fixation at trial 30: 126.090000
127131	[1021]	:	Object at trial 30: 127.111000
129154	[2023]	:	Fixation at trial 31: 129.135000
130175	[1021]	:	Object at trial 31: 130.155000
132199	[2024]	:	Fixation at trial 32: 132.179000
133221	[1022]	:	Object at trial 32: 133.201000
135246	[2025]	:	Fixation at trial 33: 135.226000
136268	[1022]	:	Object at trial 33: 136.248000
138292	[2024]	:	Fixation at trial 34: 138.272000
139314	[1022]	:	Object at trial 34: 139.294000
141338	[2024]	:	Fixation at trial 35: 141.318000
142359	[1021]	:	Object at trial 35: 142.339000
144383	[2024]	:	Fixation at trial 36: 144.363000
145404	[1021]	:	Object at trial 36: 145.384000
147428	[2024]	:	Fixation at trial 37: 147.408000
148449	[1021]	:	Object at trial 37: 148.429000
150473	[2024]	:	Fixation at trial 37: 150.453000
151498	[1025]	:	Catch Stim at trial 37: 151.478000
152435	[937]	:	Key	30	DOWN	at	152435  
153978	[1543]	:	Respose to catch Q at trial 37: 152.441000
153979	[1]	:	RT and choice to catch Q at trial 37: 0.963000, 30
154004	[25]	:	Fixation at trial 38: 153.984000
155025	[1021]	:	Object at trial 38: 155.005000
157049	[2024]	:	Fixation at trial 39: 157.029000
158070	[1021]	:	Object at trial 39: 158.050000
160095	[2025]	:	Fixation at trial 40: 160.075000
161116	[1021]	:	Object at trial 40: 161.096000
163140	[2024]	:	Fixation at trial 41: 163.120000
164161	[1021]	:	Object at trial 41: 164.141000
166185	[2024]	:	Fixation at trial 41: 166.165000
167210	[1025]	:	Catch Stim at trial 41: 167.190000
167906	[696]	:	Key	30	DOWN	at	167906  
169690	[1784]	:	Respose to catch Q at trial 41: 167.912000
169691	[1]	:	RT and choice to catch Q at trial 41: 0.722000, 30
169715	[24]	:	Fixation at trial 42: 169.695000
170736	[1021]	:	Object at trial 42: 170.716000
172759	[2023]	:	Fixation at trial 42: 172.739000
173785	[1026]	:	Catch Stim at trial 42: 173.765000
174421	[636]	:	Key	28	DOWN	at	174421  
176265	[1844]	:	Respose to catch Q at trial 42: 174.427000
176266	[1]	:	RT and choice to catch Q at trial 42: 0.662000, 28
176290	[24]	:	Fixation at trial 43: 176.270000
177311	[1021]	:	Object at trial 43: 177.291000
179336	[2025]	:	Fixation at trial 44: 179.316000
180357	[1021]	:	Object at trial 44: 180.337000
182381	[2024]	:	Fixation at trial 45: 182.361000
183402	[1021]	:	Object at trial 45: 183.382000
185426	[2024]	:	Fixation at trial 46: 185.406000
186447	[1021]	:	Object at trial 46: 186.427000
188471	[2024]	:	Fixation at trial 47: 188.451000
189493	[1022]	:	Object at trial 47: 189.473000
191517	[2024]	:	Fixation at trial 47: 191.497000
192542	[1025]	:	Catch Stim at trial 47: 192.522000
193552	[1010]	:	Key	30	DOWN	at	193552  
195022	[1470]	:	Respose to catch Q at trial 47: 193.558000
195023	[1]	:	RT and choice to catch Q at trial 47: 1.036000, 30
195047	[24]	:	Fixation at trial 48: 195.027000
196068	[1021]	:	Object at trial 48: 196.048000
198092	[2024]	:	Fixation at trial 48: 198.072000
199116	[1024]	:	Catch Stim at trial 48: 199.096000
199747	[631]	:	Key	30	DOWN	at	199747  
201596	[1849]	:	Respose to catch Q at trial 48: 199.753000
201596	[0]	:	RT and choice to catch Q at trial 48: 0.657000, 30
201624	[28]	:	Fixation at trial 49: 201.604000
202645	[1021]	:	Object at trial 49: 202.625000
204674	[2029]	:	Fixation at trial 50: 204.654000
205695	[1021]	:	Object at trial 50: 205.675000
207719	[2024]	:	Fixation at trial 50: 207.699000
208743	[1024]	:	Catch Stim at trial 50: 208.723000
209263	[520]	:	Key	30	DOWN	at	209263  
211223	[1960]	:	Respose to catch Q at trial 50: 209.269000
211223	[0]	:	RT and choice to catch Q at trial 50: 0.546000, 30
211248	[25]	:	Fixation at trial 51: 211.228000
212269	[1021]	:	Object at trial 51: 212.249000
214293	[2024]	:	Fixation at trial 52: 214.273000
215314	[1021]	:	Object at trial 52: 215.294000
217338	[2024]	:	Fixation at trial 53: 217.318000
218359	[1021]	:	Object at trial 53: 218.339000
220383	[2024]	:	Fixation at trial 54: 220.363000
221404	[1021]	:	Object at trial 54: 221.384000
223428	[2024]	:	Fixation at trial 55: 223.408000
224449	[1021]	:	Object at trial 55: 224.429000
226473	[2024]	:	Fixation at trial 56: 226.453000
227494	[1021]	:	Object at trial 56: 227.474000
229518	[2024]	:	Fixation at trial 57: 229.498000
230539	[1021]	:	Object at trial 57: 230.519000
232563	[2024]	:	Fixation at trial 58: 232.543000
233584	[1021]	:	Object at trial 58: 233.564000
235608	[2024]	:	Fixation at trial 59: 235.588000
236630	[1022]	:	Object at trial 59: 236.610000
238654	[2024]	:	Fixation at trial 60: 238.634000
239675	[1021]	:	Object at trial 60: 239.655000
241699	[2024]	:	Fixation at trial 61: 241.679000
242720	[1021]	:	Object at trial 61: 242.700000
244744	[2024]	:	Fixation at trial 61: 244.724000
245769	[1025]	:	Catch Stim at trial 61: 245.749000
246730	[961]	:	Key	28	DOWN	at	246730  
248249	[1519]	:	Respose to catch Q at trial 61: 246.736000
248250	[1]	:	RT and choice to catch Q at trial 61: 0.987000, 28
248274	[24]	:	Fixation at trial 62: 248.254000
249295	[1021]	:	Object at trial 62: 249.275000
251319	[2024]	:	Fixation at trial 62: 251.299000
252343	[1024]	:	Catch Stim at trial 62: 252.323000
252910	[567]	:	Key	30	DOWN	at	252910  
254823	[1913]	:	Respose to catch Q at trial 62: 252.916000
254824	[1]	:	RT and choice to catch Q at trial 62: 0.593000, 30
254848	[24]	:	Fixation at trial 63: 254.828000
255869	[1021]	:	Object at trial 63: 255.849000
257894	[2025]	:	Fixation at trial 64: 257.873000
258914	[1020]	:	Object at trial 64: 258.895000
260937	[2023]	:	Fixation at trial 64: 260.917000
261962	[1025]	:	Catch Stim at trial 64: 261.942000
262966	[1004]	:	Key	28	DOWN	at	262966  
264442	[1476]	:	Respose to catch Q at trial 64: 262.972000
264442	[0]	:	RT and choice to catch Q at trial 64: 1.030000, 28
264467	[25]	:	Fixation at trial 65: 264.447000
265488	[1021]	:	Object at trial 65: 265.468000
267512	[2024]	:	Fixation at trial 66: 267.492000
268533	[1021]	:	Object at trial 66: 268.513000
270558	[2025]	:	Fixation at trial 66: 270.538000
271583	[1025]	:	Catch Stim at trial 66: 271.563000
272387	[804]	:	Key	28	DOWN	at	272387  
274063	[1676]	:	Respose to catch Q at trial 66: 272.393000
274063	[0]	:	RT and choice to catch Q at trial 66: 0.830000, 28
274088	[25]	:	Fixation at trial 67: 274.068000
275109	[1021]	:	Object at trial 67: 275.089000
277133	[2024]	:	Fixation at trial 68: 277.113000
278154	[1021]	:	Object at trial 68: 278.134000
280178	[2024]	:	Fixation at trial 69: 280.158000
281199	[1021]	:	Object at trial 69: 281.179000
283225	[2026]	:	Fixation at trial 70: 283.205000
284246	[1021]	:	Object at trial 70: 284.226000
286270	[2024]	:	Fixation at trial 71: 286.250000
287291	[1021]	:	Object at trial 71: 287.271000
289315	[2024]	:	Fixation at trial 72: 289.295000
290336	[1021]	:	Object at trial 72: 290.316000
292360	[2024]	:	Fixation at trial 73: 292.340000
293381	[1021]	:	Object at trial 73: 293.361000
295405	[2024]	:	Fixation at trial 74: 295.385000
296426	[1021]	:	Object at trial 74: 296.406000
298450	[2024]	:	Fixation at trial 75: 298.430000
299471	[1021]	:	Object at trial 75: 299.451000
301496	[2025]	:	Fixation at trial 76: 301.476000
302517	[1021]	:	Object at trial 76: 302.497000
304541	[2024]	:	Fixation at trial 77: 304.521000
305562	[1021]	:	Object at trial 77: 305.542000
307586	[2024]	:	Fixation at trial 78: 307.566000
308607	[1021]	:	Object at trial 78: 308.587000
310631	[2024]	:	Fixation at trial 79: 310.611000
311652	[1021]	:	Object at trial 79: 311.632000
313676	[2024]	:	Fixation at trial 80: 313.656000
314697	[1021]	:	Object at trial 80: 314.677000
316721	[2024]	:	Fixation at trial 80: 316.701000
317746	[1025]	:	Catch Stim at trial 80: 317.726000
318435	[689]	:	Key	28	DOWN	at	318435  
320226	[1791]	:	Respose to catch Q at trial 80: 318.441000
320226	[0]	:	RT and choice to catch Q at trial 80: 0.715000, 28
320251	[25]	:	Fixation at trial 81: 320.231000
321272	[1021]	:	Object at trial 81: 321.252000
323296	[2024]	:	Fixation at trial 82: 323.276000
324317	[1021]	:	Object at trial 82: 324.297000
326341	[2024]	:	Fixation at trial 83: 326.321000
327362	[1021]	:	Object at trial 83: 327.342000
329386	[2024]	:	Fixation at trial 84: 329.366000
330407	[1021]	:	Object at trial 84: 330.387000
332431	[2024]	:	Fixation at trial 85: 332.411000
333452	[1021]	:	Object at trial 85: 333.432000
335476	[2024]	:	Fixation at trial 85: 335.456000
336501	[1025]	:	Catch Stim at trial 85: 336.481000
337271	[770]	:	Key	28	DOWN	at	337271  
338981	[1710]	:	Respose to catch Q at trial 85: 337.277000
338981	[0]	:	RT a