Cog2000 log file Thu Aug 22 12:00:34 2019
gprim v1.29 Compiled:Feb  1 2010 (GLib DirectDraw v7 DX10.0 Compiled:Feb  1 2010)
Display:1024x768x32 59.84Hz
CogInput v1.05 Compiled: May 20 2010
0	[0]	:	COGENT START
2016	[2016]	:	Key	30	DOWN	at	2016    
2286	[270]	:	Key	30	UP	at	2286    
3201	[915]	:	Key	28	DOWN	at	3201    
3476	[275]	:	Key	28	UP	at	3476    
26192	[22716]	:	Key	71	DOWN	at	26192   
26247	[55]	:	Fixation at trial 1: 26.225000
26800	[553]	:	Object at trial 1: 26.779000
30327	[3527]	:	Fixation at trial 1: 30.307000
30860	[533]	:	Catch Stim at trial 1: 30.838000
34410	[3550]	:	Catch Q at trial 1: 30.838000
36444	[2034]	:	Respose to catch Q at trial 1: 35.921000
36446	[2]	:	RT and choice to catch Q at trial 1: 1.532000, 0
36496	[50]	:	Fixation at trial 2: 36.475000
37021	[525]	:	Object at trial 2: 37.000000
40544	[3523]	:	Fixation at trial 2: 40.524000
43893	[3349]	:	COGENT STOP
Cog2000 log file Thu Aug 22 12:05:23 2019
gprim v1.29 Compiled:Feb  1 2010 (GLib DirectDraw v7 DX10.0 Compiled:Feb  1 2010)
Display:1024x768x32 59.81Hz
CogInput v1.05 Compiled: May 20 2010
0	[0]	:	COGENT START
98732	[98732]	:	Key	30	DOWN	at	98732   
98952	[220]	:	Key	30	UP	at	98952   
99877	[925]	:	Key	28	DOWN	at	99877   
100092	[215]	:	Key	28	UP	at	100092  
118698	[18606]	:	Key	71	DOWN	at	118698  
118756	[58]	:	Fixation at trial 1: 118.736000
119283	[527]	:	Object at trial 1: 119.263000
122806	[3523]	:	Fixation at trial 1: 122.786000
123331	[525]	:	Catch Stim at trial 1: 123.311000
126858	[3527]	:	Catch Q at trial 1: 123.311000
127609	[751]	:	Key	30	DOWN	at	127609  
128844	[1235]	:	Respose to catch Q at trial 1: 127.622000
128845	[1]	:	RT and choice to catch Q at trial 1: 0.784000, 30
128880	[35]	:	Fixation at trial 2: 128.860000
129404	[524]	:	Object at trial 2: 129.383000
132926	[3522]	:	Fixation at trial 2: 132.906000
133451	[525]	:	Catch Stim at trial 2: 133.431000
136978	[3527]	:	Catch Q at trial 2: 133.431000
137959	[981]	:	Key	28	DOWN	at	137959  
138960	[1001]	:	Respose to catch Q at trial 2: 137.967000
138961	[1]	:	RT and choice to catch Q at trial 2: 1.009000, 28
139009	[48]	:	Fixation at trial 3: 138.989000
139531	[522]	:	Object at trial 3: 139.511000
143054	[3523]	:	Fixation at trial 3: 143.034000
143576	[522]	:	Catch Stim at trial 3: 143.556000
147102	[3526]	:	Catch Q at trial 3: 143.556000
147770	[668]	:	Key	28	DOWN	at	147770  
149082	[1312]	:	Respose to catch Q at trial 3: 147.777000
149083	[1]	:	RT and choice to catch Q at trial 3: 0.695000, 28
149124	[41]	:	Fixation at trial 4: 149.104000
149646	[522]	:	Object at trial 4: 149.626000
153169	[3523]	:	Fixation at trial 4: 153.149000
153691	[522]	:	Catch Stim at trial 4: 153.671000
157216	[3525]	:	Catch Q at trial 4: 153.671000
158270	[1054]	:	Key	30	DOWN	at	158270  
159196	[926]	:	Respose to catch Q at trial 4: 158.277000
159197	[1]	:	RT and choice to catch Q at trial 4: 1.081000, 30
159224	[27]	:	Fixation at trial 5: 159.204000
159746	[522]	:	Object at trial 5: 159.726000
163269	[3523]	:	Fixation at trial 5: 163.249000
163791	[522]	:	Catch Stim at trial 5: 163.771000
167317	[3526]	:	Catch Q at trial 5: 163.771000
167946	[629]	:	Key	28	DOWN	at	167946  
169297	[1351]	:	Respose to catch Q at trial 5: 167.953000
169298	[1]	:	RT and choice to catch Q at trial 5: 0.656000, 28
169325	[27]	:	Fixation at trial 6: 169.305000
169847	[522]	:	Object at trial 6: 169.827000
173370	[3523]	:	Fixation at trial 6: 173.350000
173892	[522]	:	Catch Stim at trial 6: 173.872000
177417	[3525]	:	Catch Q at trial 6: 173.872000
178172	[755]	:	Key	28	DOWN	at	178172  
179397	[1225]	:	Respose to catch Q at trial 6: 178.178000
179398	[1]	:	RT and choice to catch Q at trial 6: 0.781000, 28
179425	[27]	:	Fixation at trial 7: 179.405000
179947	[522]	:	Object at trial 7: 179.927000
183470	[3523]	:	Fixation at trial 7: 183.450000
183993	[523]	:	Catch Stim at trial 7: 183.973000
187518	[3525]	:	Catch Q at trial 7: 183.973000
188072	[554]	:	Key	28	DOWN	at	188072  
189498	[1426]	:	Respose to catch Q at trial 7: 188.077000
189499	[1]	:	RT and choice to catch Q at trial 7: 0.579000, 28
189524	[25]	:	Fixation at trial 8: 189.504000
190046	[522]	:	Object at trial 8: 190.026000
193569	[3523]	:	Fixation at trial 8: 193.549000
194092	[523]	:	Catch Stim at trial 8: 194.072000
197617	[3525]	:	Catch Q at trial 8: 194.072000
198813	[1196]	:	Key	28	DOWN	at	198813  
199597	[784]	:	Respose to catch Q at trial 8: 198.819000
199598	[1]	:	RT and choice to catch Q at trial 8: 1.222000, 28
199623	[25]	:	Fixation at trial 9: 199.603000
200146	[523]	:	Object at trial 9: 200.126000
203669	[3523]	:	Fixation at trial 9: 203.649000
204192	[523]	:	Catch Stim at trial 9: 204.172000
207717	[3525]	:	Catch Q at trial 9: 204.172000
208528	[811]	:	Key	30	DOWN	at	208528  
209697	[1169]	:	Respose to catch Q at trial 9: 208.534000
209698	[1]	:	RT and choice to catch Q at trial 9: 0.837000, 30
209722	[24]	:	Fixation at trial 10: 209.702000
210244	[522]	:	Object at trial 10: 210.224000
213767	[3523]	:	Fixation at trial 10: 213.747000
214290	[523]	:	Catch Stim at trial 10: 214.270000
217815	[3525]	:	Catch Q at trial 10: 214.270000
218754	[939]	:	Key	30	DOWN	at	218754  
219795	[1041]	:	Respose to catch Q at trial 10: 218.760000
219796	[1]	:	RT and choice to catch Q at trial 10: 0.965000, 30
219821	[25]	:	Fixation at trial 11: 219.801000
220343	[522]	:	Object at trial 11: 220.323000
223866	[3523]	:	Fixation at trial 11: 223.846000
224388	[522]	:	Catch Stim at trial 11: 224.368000
227913	[3525]	:	Catch Q at trial 11: 224.368000
228679	[766]	:	Key	28	DOWN	at	228679  
229893	[1214]	:	Respose to catch Q at trial 11: 228.684000
229893	[0]	:	RT and choice to catch Q at trial 11: 0.791000, 28
229918	[25]	:	Fixation at trial 12: 229.898000
230440	[522]	:	Object at trial 12: 230.420000
233963	[3523]	:	Fixation at trial 12: 233.943000
234485	[522]	:	Catch Stim at trial 12: 234.465000
238010	[3525]	:	Catch Q at trial 12: 234.465000
238635	[625]	:	Key	28	DOWN	at	238635  
239990	[1355]	:	Respose to catch Q at trial 12: 238.641000
239990	[0]	:	RT and choice to catch Q at trial 12: 0.651000, 28
240015	[25]	:	Fixation at trial 13: 239.995000
240537	[522]	:	Object at trial 13: 240.517000
244060	[3523]	:	Fixation at trial 13: 244.040000
244582	[522]	:	Catch Stim at trial 13: 244.562000
248107	[3525]	:	Catch Q at trial 13: 244.562000
248746	[639]	:	Key	30	DOWN	at	248746  
250087	[1341]	:	Respose to catch Q at trial 13: 248.752000
250088	[1]	:	RT and choice to catch Q at trial 13: 0.665000, 30
250112	[24]	:	Fixation at trial 14: 250.092000
250634	[522]	:	Object at trial 14: 250.614000
254157	[3523]	:	Fixation at trial 14: 254.137000
254678	[521]	:	Catch Stim at trial 14: 254.658000
258204	[3526]	:	Catch Q at trial 14: 254.658000
258880	[676]	:	Key	28	DOWN	at	258880  
260185	[1305]	:	Respose to catch Q at trial 14: 258.887000
260185	[0]	:	RT and choice to catch Q at trial 14: 0.703000, 28
260211	[26]	:	Fixation at trial 15: 260.191000
260733	[522]	:	Object at trial 15: 260.713000
264256	[3523]	:	Fixation at trial 15: 264.236000
264778	[522]	:	Catch Stim at trial 15: 264.758000
268303	[3525]	:	Catch Q at trial 15: 264.758000
268747	[444]	:	Key	28	DOWN	at	268747  
270283	[1536]	:	Respose to catch Q at trial 15: 268.752000
270284	[1]	:	RT and choice to catch Q at trial 15: 0.469000, 28
270308	[24]	:	Fixation at trial 16: 270.288000
270830	[522]	:	Object at trial 16: 270.810000
274353	[3523]	:	Fixation at trial 16: 274.333000
274874	[521]	:	Catch Stim at trial 16: 274.854000
278400	[3526]	:	Catch Q at trial 16: 274.854000
278897	[497]	:	Key	30	DOWN	at	278897  
280380	[1483]	:	Respose to catch Q at trial 16: 278.903000
280381	[1]	:	RT and choice to catch Q at trial 16: 0.523000, 30
280412	[31]	:	Fixation at trial 17: 280.392000
280934	[522]	:	Object at trial 17: 280.914000
284457	[3523]	:	Fixation at trial 17: 284.437000
284979	[522]	:	Catch Stim at trial 17: 284.959000
288504	[3525]	:	Catch Q at trial 17: 284.959000
289368	[864]	:	Key	30	DOWN	at	289368  
290484	[1116]	:	Respose to catch Q at trial 17: 289.374000
290484	[0]	:	RT and choice to catch Q at trial 17: 0.890000, 30
290509	[25]	:	Fixation at trial 18: 290.489000
291031	[522]	:	Object at trial 18: 291.011000
294554	[3523]	:	Fixation at trial 18: 294.534000
295075	[521]	:	Catch Stim at trial 18: 295.055000
298600	[3525]	:	Catch Q at trial 18: 295.055000
299053	[453]	:	Key	30	DOWN	at	299053  
300580	[1527]	:	Respose to catch Q at trial 18: 299.058000
300580	[0]	:	RT and choice to catch Q at trial 18: 0.478000, 30
300606	[26]	:	Fixation at trial 19: 300.586000
301128	[522]	:	Object at trial 19: 301.108000
304651	[3523]	:	Fixation at trial 19: 304.631000
305173	[522]	:	Catch Stim at trial 19: 305.153000
308698	[3525]	:	Catch Q at trial 19: 305.153000
309424	[726]	:	Key	28	DOWN	at	309424  
310678	[1254]	:	Respose to catch Q at trial 19: 309.430000
310678	[0]	:	RT and choice to catch Q at trial 19: 0.752000, 28
310703	[25]	:	Fixation at trial 20: 310.683000
311225	[522]	:	Object at trial 20: 311.205000
314748	[3523]	:	Fixation at trial 20: 314.728000
315269	[521]	:	Catch Stim at trial 20: 315.249000
318794	[3525]	:	Catch Q at trial 20: 315.249000
319360	[566]	:	Key	30	DOWN	at	319360  
320774	[1414]	:	Respose to catch Q at trial 20: 319.366000
320774	[0]	:	RT and choice to catch Q at trial 20: 0.592000, 30
320798	[24]	:	Fixation at trial 21: 320.778000
321320	[522]	:	Object at trial 21: 321.300000
324843	[3523]	:	Fixation at trial 21: 324.823000
325364	[521]	:	Catch Stim at trial 21: 325.344000
328889	[3525]	:	Catch Q at trial 21: 325.344000
329300	[411]	:	Key	30	DOWN	at	329300  
330869	[1569]	:	Respose to catch Q at trial 21: 329.306000
330869	[0]	:	RT and choice to catch Q at trial 21: 0.437000, 30
330895	[26]	:	Fixation at trial 22: 330.875000
331417	[522]	:	Object at trial 22: 331.397000
334941	[3524]	:	Fixation at trial 22: 334.921000
335463	[522]	:	Catch Stim at trial 22: 335.443000
338989	[3526]	:	Catch Q at trial 22: 335.443000
339741	[752]	:	Key	28	DOWN	at	339741  
340969	[1228]	:	Respose to catch Q at trial 22: 339.747000
340970	[1]	:	RT and choice to catch Q at trial 22: 0.778000, 28
340994	[24]	:	Fixation at trial 23: 340.974000
341516	[522]	:	Object at trial 23: 341.496000
345039	[3523]	:	Fixation at trial 23: 345.019000
345560	[521]	:	Catch Stim at trial 23: 345.540000
349085	[3525]	:	Catch Q at trial 23: 345.540000
350021	[936]	:	Key	28	DOWN	at	350021  
351065	[1044]	:	Respose to catch Q at trial 23: 350.027000
351066	[1]	:	RT and choice to catch Q at trial 23: 0.962000, 28
351091	[25]	:	Fixation at trial 24: 351.071000
351613	[522]	:	Object at trial 24: 351.593000
355136	[3523]	:	Fixation at trial 24: 355.116000
355658	[522]	:	Catch Stim at trial 24: 355.638000
359183	[3525]	:	Catch Q at trial 24: 355.638000
359697	[514]	:	Key	30	DOWN	at	359697  
361163	[1466]	:	Respose to catch Q at trial 24: 359.703000
361163	[0]	:	RT and choice to catch Q at trial 24: 0.540000, 30
361188	[25]	:	Fixation at trial 25: 361.168000
361710	[522]	:	Object at trial 25: 361.690000
365233	[3523]	:	Fixation at trial 25: 365.213000
365755	[522]	:	Catch Stim at trial 25: 365.735000
369280	[3525]	:	Catch Q at trial 25: 365.735000
369852	[572]	:	Key	30	DOWN	at	369852  
371260	[1408]	:	Respose to catch Q at trial 25: 369.857000
371260	[0]	:	RT and choice to catch Q at trial 25: 0.597000, 30
371285	[25]	:	Fixation at trial 26: 371.265000
371807	[522]	:	Object at trial 26: 371.787000
375330	[3523]	:	Fixation at trial 26: 375.310000
375852	[522]	:	Catch Stim at trial 26: 375.832000
379377	[3525]	:	Catch Q at trial 26: 375.832000
379858	[481]	:	Key	28	DOWN	at	379858  
381357	[1499]	:	Respose to catch Q at trial 26: 379.867000
381357	[0]	:	RT and choice to catch Q at trial 26: 0.510000, 28
381382	[25]	:	Fixation at trial 27: 381.362000
381904	[522]	:	Object at trial 27: 381.884000
385427	[3523]	:	Fixation at trial 27: 385.407000
385949	[522]	:	Catch Stim at trial 27: 385.929000
389474	[3525]	:	Catch Q at trial 27: 385.929000
389979	[505]	:	Key	28	DOWN	at	389979  
391454	[1475]	:	Respose to catch Q at trial 27: 389.984000
391454	[0]	:	RT and choice to catch Q at trial 27: 0.530000, 28
391479	[25]	:	Fixation at trial 28: 391.459000
392001	[522]	:	Object at trial 28: 391.981000
395524	[3523]	:	Fixation at trial 28: 395.504000
396046	[522]	:	Catch Stim at trial 28: 396.026000
399571	[3525]	:	Catch Q at trial 28: 396.026000
400069	[498]	:	Key	28	DOWN	at	400069  
401551	[1482]	:	Respose to catch Q at trial 28: 400.074000
401551	[0]	:	RT and choice to catch Q at trial 28: 0.523000, 28
401577	[26]	:	Fixation at trial 29: 401.557000
402099	[522]	:	Object at trial 29: 402.079000
405622	[3523]	:	Fixation at trial 29: 405.602000
406144	[522]	:	Catch Stim at trial 29: 406.124000
409669	[3525]	:	Catch Q at trial 29: 406.124000
410410	[741]	:	Key	28	DOWN	at	410410  
411649	[1239]	:	Respose to catch Q at trial 29: 410.416000
411649	[0]	:	RT and choice to catch Q at trial 29: 0.767000, 28
411675	[26]	:	Fixation at trial 30: 411.655000
412197	[522]	:	Object at trial 30: 412.177000
415720	[3523]	:	Fixation at trial 30: 415.700000
416242	[522]	:	Catch Stim at trial 30: 416.222000
419767	[3525]	:	Catch Q at trial 30: 416.222000
420295	[528]	:	Key	30	DOWN	at	420295  
421747	[1452]	:	Respose to catch Q at trial 30: 420.301000
421748	[1]	:	RT and choice to catch Q at trial 30: 0.554000, 30
421773	[25]	:	Fixation at trial 31: 421.753000
422295	[522]	:	Object at trial 31: 422.275000
425818	[3523]	:	Fixation at trial 31: 425.798000
426340	[522]	:	Catch Stim at trial 31: 426.320000
429866	[3526]	:	Catch Q at trial 31: 426.320000
430296	[430]	:	Key	30	DOWN	at	430296  
431846	[1550]	:	Respose to catch Q at trial 31: 430.301000
431846	[0]	:	RT and choice to catch Q at trial 31: 0.455000, 30
431872	[26]	:	Fixation at trial 32: 431.852000
432394	[522]	:	Object at trial 32: 432.374000
435917	[3523]	:	Fixation at trial 32: 435.897000
436438	[521]	:	Catch Stim at trial 32: 436.418000
439963	[3525]	:	Catch Q at trial 32: 436.418000
441007	[1044]	:	Key	28	DOWN	at	441007  
441943	[936]	:	Respose to catch Q at trial 32: 441.013000
441943	[0]	:	RT and choice to catch Q at trial 32: 1.070000, 28
441968	[25]	:	Fixation at trial 33: 441.948000
442490	[522]	:	Object at trial 33: 442.470000
446013	[3523]	:	Fixation at trial 33: 445.993000
446535	[522]	:	Catch Stim at trial 33: 446.515000
450060	[3525]	:	Catch Q at trial 33: 446.515000
450467	[407]	:	Key	28	DOWN	at	450467  
452040	[1573]	:	Respose to catch Q at trial 33: 450.472000
452040	[0]	:	RT and choice to catch Q at trial 33: 0.432000, 28
452065	[25]	:	Fixation at trial 34: 452.045000
452588	[523]	:	Object at trial 34: 452.568000
456111	[3523]	:	Fixation at trial 34: 456.091000
456633	[522]	:	Catch Stim at trial 34: 456.613000
460158	[3525]	:	Catch Q at trial 34: 456.613000
460783	[625]	:	Key	28	DOWN	at	460783  
462138	[1355]	:	Respose to catch Q at trial 34: 460.789000
462138	[0]	:	RT and choice to catch Q at trial 34: 0.651000, 28
462162	[24]	:	Fixation at trial 35: 462.142000
462684	[522]	:	Object at trial 35: 462.664000
466207	[3523]	:	Fixation at trial 35: 466.187000
466729	[522]	:	Catch Stim at trial 35: 466.709000
470254	[3525]	:	Catch Q at trial 35: 466.709000
470828	[574]	:	Key	30	DOWN	at	470828  
472234	[1406]	:	Respose to catch Q at trial 35: 470.834000
472234	[0]	:	RT and choice to catch Q at trial 35: 0.600000, 30
472259	[25]	:	Fixation at trial 36: 472.239000
472781	[522]	:	Object at trial 36: 472.761000
476304	[3523]	:	Fixation at trial 36: 476.284000
476826	[522]	:	Catch Stim at trial 36: 476.806000
480351	[3525]	:	Catch Q at trial 36: 476.806000
480834	[483]	:	Key	30	DOWN	at	480834  
482331	[1497]	:	Respose to catch Q at trial 36: 480.840000
482331	[0]	:	RT and choice to catch Q at trial 36: 0.509000, 30
482356	[25]	:	Fixation at trial 37: 482.336000
482878	[522]	:	Object at trial 37: 482.858000
486401	[3523]	:	Fixation at trial 37: 486.381000
486923	[522]	:	Catch Stim at trial 37: 486.903000
490448	[3525]	:	Catch Q at trial 37: 486.903000
491574	[1126]	:	Key	30	DOWN	at	491574  
492428	[854]	:	Respose to catch Q at trial 37: 491.580000
492429	[1]	:	RT and choice to catch Q at trial 37: 1.152000, 30
492453	[24]	:	Fixation at trial 38: 492.433000
492975	[522]	:	Object at trial 38: 492.955000
496498	[3523]	:	Fixation at trial 38: 496.478000
497019	[521]	:	Catch Stim at trial 38: 496.999000
500544	[3525]	:	Catch Q at trial 38: 496.999000
501685	[1141]	:	Key	28	DOWN	at	501685  
502524	[839]	:	Respose to catch Q at trial 38: 501.691000
502525	[1]	:	RT and choice to catch Q at trial 38: 1.167000, 28
502550	[25]	:	Fixation at trial 39: 502.530000
503073	[523]	:	Object at trial 39: 503.053000
506596	[3523]	:	Fixation at trial 39: 506.576000
507118	[522]	:	Catch Stim at trial 39: 507.098000
510644	[3526]	:	Catch Q at trial 39: 507.098000
511336	[692]	:	Key	28	DOWN	at	511336  
512624	[1288]	:	Respose to catch Q at trial 39: 511.342000
512624	[0]	:	RT and choice to catch Q at trial 39: 0.718000, 28
512648	[24]	:	Fixation at trial 40: 512.628000
513171	[523]	:	Object at trial 40: 513.150000
516693	[3522]	:	Fixation at trial 40: 516.673000
517215	[522]	:	Catch Stim at trial 40: 517.195000
520739	[3524]	:	Catch Q at trial 40: 517.195000
521491	[752]	:	Key	30	DOWN	at	521491  
522719	[1228]	:	Respose to catch Q at trial 40: 521.497000
522719	[0]	:	RT and choice to