Cog2000 log file Thu Aug 22 12:16:35 2019
gprim v1.29 Compiled:Feb  1 2010 (GLib DirectDraw v7 DX10.0 Compiled:Feb  1 2010)
Display:1024x768x32 59.81Hz
CogInput v1.05 Compiled: May 20 2010
0	[0]	:	COGENT START
1175	[1175]	:	Key	30	DOWN	at	1175    
1430	[255]	:	Key	30	UP	at	1430    
1725	[295]	:	Key	28	DOWN	at	1725    
2050	[325]	:	Key	28	UP	at	2050    
23631	[21581]	:	Key	71	DOWN	at	23631   
23691	[60]	:	Fixation at trial 1: 23.671000
24219	[528]	:	Object at trial 1: 24.198000
27743	[3524]	:	Fixation at trial 1: 27.722000
28271	[528]	:	Catch Stim at trial 1: 28.250000
31800	[3529]	:	Catch Q at trial 1: 28.250000
32756	[956]	:	Key	28	DOWN	at	32756   
33780	[1024]	:	Respose to catch Q at trial 1: 32.765000
33781	[1]	:	RT and choice to catch Q at trial 1: 0.986000, 28
33816	[35]	:	Fixation at trial 2: 33.796000
34338	[522]	:	Object at trial 2: 34.318000
37861	[3523]	:	Fixation at trial 2: 37.841000
38385	[524]	:	Catch Stim at trial 2: 38.365000
41912	[3527]	:	Catch Q at trial 2: 38.365000
42707	[795]	:	Key	30	DOWN	at	42707   
43892	[1185]	:	Respose to catch Q at trial 2: 42.715000
43893	[1]	:	RT and choice to catch Q at trial 2: 0.823000, 30
43925	[32]	:	Fixation at trial 3: 43.905000
44447	[522]	:	Object at trial 3: 44.427000
47970	[3523]	:	Fixation at trial 3: 47.950000
48492	[522]	:	Catch Stim at trial 3: 48.472000
52019	[3527]	:	Catch Q at trial 3: 48.472000
52633	[614]	:	Key	28	DOWN	at	52633   
53999	[1366]	:	Respose to catch Q at trial 3: 52.640000
54000	[1]	:	RT and choice to catch Q at trial 3: 0.641000, 28
54029	[29]	:	Fixation at trial 4: 54.009000
54551	[522]	:	Object at trial 4: 54.531000
58074	[3523]	:	Fixation at trial 4: 58.054000
58597	[523]	:	Catch Stim at trial 4: 58.577000
62123	[3526]	:	Catch Q at trial 4: 58.577000
62703	[580]	:	Key	30	DOWN	at	62703   
64104	[1401]	:	Respose to catch Q at trial 4: 62.709000
64105	[1]	:	RT and choice to catch Q at trial 4: 0.606000, 30
64134	[29]	:	Fixation at trial 5: 64.113000
64657	[523]	:	Object at trial 5: 64.637000
68180	[3523]	:	Fixation at trial 5: 68.160000
68703	[523]	:	Catch Stim at trial 5: 68.683000
72229	[3526]	:	Catch Q at trial 5: 68.683000
72864	[635]	:	Key	28	DOWN	at	72864   
74209	[1345]	:	Respose to catch Q at trial 5: 72.870000
74210	[1]	:	RT and choice to catch Q at trial 5: 0.661000, 28
74238	[28]	:	Fixation at trial 6: 74.218000
74760	[522]	:	Object at trial 6: 74.740000
78283	[3523]	:	Fixation at trial 6: 78.263000
78806	[523]	:	Catch Stim at trial 6: 78.786000
82332	[3526]	:	Catch Q at trial 6: 78.786000
83210	[878]	:	Key	28	DOWN	at	83210   
84312	[1102]	:	Respose to catch Q at trial 6: 83.216000
84313	[1]	:	RT and choice to catch Q at trial 6: 0.904000, 28
84339	[26]	:	Fixation at trial 7: 84.319000
84861	[522]	:	Object at trial 7: 84.841000
88384	[3523]	:	Fixation at trial 7: 88.364000
88907	[523]	:	Catch Stim at trial 7: 88.887000
92432	[3525]	:	Catch Q at trial 7: 88.887000
93110	[678]	:	Key	28	DOWN	at	93110   
94412	[1302]	:	Respose to catch Q at trial 7: 93.116000
94413	[1]	:	RT and choice to catch Q at trial 7: 0.704000, 28
94439	[26]	:	Fixation at trial 8: 94.419000
94961	[522]	:	Object at trial 8: 94.941000
98484	[3523]	:	Fixation at trial 8: 98.464000
99007	[523]	:	Catch Stim at trial 8: 98.987000
102533	[3526]	:	Catch Q at trial 8: 98.987000
103041	[508]	:	Key	30	DOWN	at	103041  
104513	[1472]	:	Respose to catch Q at trial 8: 103.046000
104514	[1]	:	RT and choice to catch Q at trial 8: 0.533000, 30
104540	[26]	:	Fixation at trial 9: 104.520000
105062	[522]	:	Object at trial 9: 105.042000
108585	[3523]	:	Fixation at trial 9: 108.565000
109108	[523]	:	Catch Stim at trial 9: 109.088000
112633	[3525]	:	Catch Q at trial 9: 109.088000
113181	[548]	:	Key	30	DOWN	at	113181  
114613	[1432]	:	Respose to catch Q at trial 9: 113.186000
114614	[1]	:	RT and choice to catch Q at trial 9: 0.573000, 30
114639	[25]	:	Fixation at trial 10: 114.619000
115161	[522]	:	Object at trial 10: 115.141000
118684	[3523]	:	Fixation at trial 10: 118.664000
119207	[523]	:	Catch Stim at trial 10: 119.187000
122733	[3526]	:	Catch Q at trial 10: 119.187000
123137	[404]	:	Key	30	DOWN	at	123137  
124713	[1576]	:	Respose to catch Q at trial 10: 123.143000
124714	[1]	:	RT and choice to catch Q at trial 10: 0.430000, 30
124739	[25]	:	Fixation at trial 11: 124.719000
125261	[522]	:	Object at trial 11: 125.241000
128785	[3524]	:	Fixation at trial 11: 128.764000
129308	[523]	:	Catch Stim at trial 11: 129.287000
132834	[3526]	:	Catch Q at trial 11: 129.287000
133512	[678]	:	Key	28	DOWN	at	133512  
134814	[1302]	:	Respose to catch Q at trial 11: 133.517000
134815	[1]	:	RT and choice to catch Q at trial 11: 0.703000, 28
134840	[25]	:	Fixation at trial 12: 134.820000
135363	[523]	:	Object at trial 12: 135.343000
138886	[3523]	:	Fixation at trial 12: 138.866000
139408	[522]	:	Catch Stim at trial 12: 139.388000
142935	[3527]	:	Catch Q at trial 12: 139.388000
143378	[443]	:	Key	30	DOWN	at	143378  
144915	[1537]	:	Respose to catch Q at trial 12: 143.383000
144915	[0]	:	RT and choice to catch Q at trial 12: 0.468000, 30
144940	[25]	:	Fixation at trial 13: 144.920000
145462	[522]	:	Object at trial 13: 145.442000
148985	[3523]	:	Fixation at trial 13: 148.965000
149508	[523]	:	Catch Stim at trial 13: 149.488000
153034	[3526]	:	Catch Q at trial 13: 149.488000
153674	[640]	:	Key	30	DOWN	at	153674  
155014	[1340]	:	Respose to catch Q at trial 13: 153.680000
155015	[1]	:	RT and choice to catch Q at trial 13: 0.666000, 30
155040	[25]	:	Fixation at trial 14: 155.020000
155562	[522]	:	Object at trial 14: 155.542000
159085	[3523]	:	Fixation at trial 14: 159.065000
159607	[522]	:	Catch Stim at trial 14: 159.587000
163132	[3525]	:	Catch Q at trial 14: 159.587000
164289	[1157]	:	Key	30	DOWN	at	164289  
165112	[823]	:	Respose to catch Q at trial 14: 164.295000
165113	[1]	:	RT and choice to catch Q at trial 14: 1.183000, 30
165138	[25]	:	Fixation at trial 15: 165.118000
165660	[522]	:	Object at trial 15: 165.640000
169183	[3523]	:	Fixation at trial 15: 169.163000
169704	[521]	:	Catch Stim at trial 15: 169.684000
173230	[3526]	:	Catch Q at trial 15: 169.684000
174220	[990]	:	Key	28	DOWN	at	174220  
175210	[990]	:	Respose to catch Q at trial 15: 174.226000
175211	[1]	:	RT and choice to catch Q at trial 15: 1.016000, 28
175235	[24]	:	Fixation at trial 16: 175.215000
175757	[522]	:	Object at trial 16: 175.737000
179280	[3523]	:	Fixation at trial 16: 179.260000
179802	[522]	:	Catch Stim at trial 16: 179.782000
183328	[3526]	:	Catch Q at trial 16: 179.782000
184050	[722]	:	Key	28	DOWN	at	184050  
185308	[1258]	:	Respose to catch Q at trial 16: 184.056000
185309	[1]	:	RT and choice to catch Q at trial 16: 0.748000, 28
185334	[25]	:	Fixation at trial 17: 185.314000
185856	[522]	:	Object at trial 17: 185.836000
189379	[3523]	:	Fixation at trial 17: 189.359000
189901	[522]	:	Catch Stim at trial 17: 189.881000
193426	[3525]	:	Catch Q at trial 17: 189.881000
193741	[315]	:	Key	30	DOWN	at	193741  
195406	[1665]	:	Respose to catch Q at trial 17: 193.746000
195406	[0]	:	RT and choice to catch Q at trial 17: 0.340000, 30
195432	[26]	:	Fixation at trial 18: 195.412000
195954	[522]	:	Object at trial 18: 195.934000
199477	[3523]	:	Fixation at trial 18: 199.457000
199999	[522]	:	Catch Stim at trial 18: 199.979000
203525	[3526]	:	Catch Q at trial 18: 199.979000
204221	[696]	:	Key	28	DOWN	at	204221  
205505	[1284]	:	Respose to catch Q at trial 18: 204.226000
205505	[0]	:	RT and choice to catch Q at trial 18: 0.721000, 28
205530	[25]	:	Fixation at trial 19: 205.510000
206052	[522]	:	Object at trial 19: 206.032000
209575	[3523]	:	Fixation at trial 19: 209.555000
210097	[522]	:	Catch Stim at trial 19: 210.077000
213623	[3526]	:	Catch Q at trial 19: 210.077000
214107	[484]	:	Key	30	DOWN	at	214107  
215603	[1496]	:	Respose to catch Q at trial 19: 214.112000
215603	[0]	:	RT and choice to catch Q at trial 19: 0.509000, 30
215629	[26]	:	Fixation at trial 20: 215.609000
216151	[522]	:	Object at trial 20: 216.131000
219674	[3523]	:	Fixation at trial 20: 219.654000
220196	[522]	:	Catch Stim at trial 20: 220.176000
223721	[3525]	:	Catch Q at trial 20: 220.176000
224263	[542]	:	Key	28	DOWN	at	224263  
225701	[1438]	:	Respose to catch Q at trial 20: 224.268000
225702	[1]	:	RT and choice to catch Q at trial 20: 0.567000, 28
225727	[25]	:	Fixation at trial 21: 225.707000
226249	[522]	:	Object at trial 21: 226.229000
229773	[3524]	:	Fixation at trial 21: 229.753000
230294	[521]	:	Catch Stim at trial 21: 230.274000
233819	[3525]	:	Catch Q at trial 21: 230.274000
234448	[629]	:	Key	28	DOWN	at	234448  
235799	[1351]	:	Respose to catch Q at trial 21: 234.453000
235799	[0]	:	RT and choice to catch Q at trial 21: 0.654000, 28
235825	[26]	:	Fixation at trial 22: 235.805000
236348	[523]	:	Object at trial 22: 236.328000
239871	[3523]	:	Fixation at trial 22: 239.851000
240393	[522]	:	Catch Stim at trial 22: 240.373000
243918	[3525]	:	Catch Q at trial 22: 240.373000
244389	[471]	:	Key	30	DOWN	at	244389  
245898	[1509]	:	Respose to catch Q at trial 22: 244.394000
245898	[0]	:	RT and choice to catch Q at trial 22: 0.496000, 30
245924	[26]	:	Fixation at trial 23: 245.904000
246446	[522]	:	Object at trial 23: 246.426000
249969	[3523]	:	Fixation at trial 23: 249.949000
250491	[522]	:	Catch Stim at trial 23: 250.471000
254018	[3527]	:	Catch Q at trial 23: 250.471000
254684	[666]	:	Key	28	DOWN	at	254684  
255998	[1314]	:	Respose to catch Q at trial 23: 254.689000
255998	[0]	:	RT and choice to catch Q at trial 23: 0.691000, 28
256023	[25]	:	Fixation at trial 24: 256.003000
256545	[522]	:	Object at trial 24: 256.525000
260067	[3522]	:	Fixation at trial 24: 260.047000
260589	[522]	:	Catch Stim at trial 24: 260.569000
264114	[3525]	:	Catch Q at trial 24: 260.569000
264535	[421]	:	Key	30	DOWN	at	264535  
266094	[1559]	:	Respose to catch Q at trial 24: 264.540000
266094	[0]	:	RT and choice to catch Q at trial 24: 0.446000, 30
266120	[26]	:	Fixation at trial 25: 266.100000
266642	[522]	:	Object at trial 25: 266.622000
270165	[3523]	:	Fixation at trial 25: 270.145000
270687	[522]	:	Catch Stim at trial 25: 270.667000
274213	[3526]	:	Catch Q at trial 25: 270.667000
274695	[482]	:	Key	30	DOWN	at	274695  
276193	[1498]	:	Respose to catch Q at trial 25: 274.700000
276193	[0]	:	RT and choice to catch Q at trial 25: 0.507000, 30
276218	[25]	:	Fixation at trial 26: 276.198000
276740	[522]	:	Object at trial 26: 276.720000
280263	[3523]	:	Fixation at trial 26: 280.243000
280785	[522]	:	Catch Stim at trial 26: 280.765000
284310	[3525]	:	Catch Q at trial 26: 280.765000
285023	[713]	:	Key	28	DOWN	at	285023  
286290	[1267]	:	Respose to catch Q at trial 26: 285.029000
286291	[1]	:	RT and choice to catch Q at trial 26: 0.739000, 28
286315	[24]	:	Fixation at trial 27: 286.295000
286837	[522]	:	Object at trial 27: 286.817000
290361	[3524]	:	Fixation at trial 27: 290.341000
290884	[523]	:	Catch Stim at trial 27: 290.864000
294410	[3526]	:	Catch Q at trial 27: 290.864000
294879	[469]	:	Key	28	DOWN	at	294879  
296390	[1511]	:	Respose to catch Q at trial 27: 294.884000
296391	[1]	:	RT and choice to catch Q at trial 27: 0.494000, 28
296416	[25]	:	Fixation at trial 28: 296.396000
296938	[522]	:	Object at trial 28: 296.918000
300461	[3523]	:	Fixation at trial 28: 300.441000
300983	[522]	:	Catch Stim at trial 28: 300.963000
304509	[3526]	:	Catch Q at trial 28: 300.963000
305374	[865]	:	Key	28	DOWN	at	305374  
306489	[1115]	:	Respose to catch Q at trial 28: 305.379000
306489	[0]	:	RT and choice to catch Q at trial 28: 0.890000, 28
306514	[25]	:	Fixation at trial 29: 306.494000
307036	[522]	:	Object at trial 29: 307.016000
310559	[3523]	:	Fixation at trial 29: 310.539000
311081	[522]	:	Catch Stim at trial 29: 311.061000
314607	[3526]	:	Catch Q at trial 29: 311.061000
315165	[558]	:	Key	28	DOWN	at	315165  
316587	[1422]	:	Respose to catch Q at trial 29: 315.171000
316587	[0]	:	RT and choice to catch Q at trial 29: 0.584000, 28
316613	[26]	:	Fixation at trial 30: 316.593000
317136	[523]	:	Object at trial 30: 317.116000
320659	[3523]	:	Fixation at trial 30: 320.639000
321182	[523]	:	Catch Stim at trial 30: 321.162000
324708	[3526]	:	Catch Q at trial 30: 321.162000
325800	[1092]	:	Key	30	DOWN	at	325800  
326688	[888]	:	Respose to catch Q at trial 30: 325.806000
326688	[0]	:	RT and choice to catch Q at trial 30: 1.118000, 30
326714	[26]	:	Fixation at trial 31: 326.694000
327237	[523]	:	Object at trial 31: 327.217000
330760	[3523]	:	Fixation at trial 31: 330.740000
331282	[522]	:	Catch Stim at trial 31: 331.262000
334808	[3526]	:	Catch Q at trial 31: 331.262000
335786	[978]	:	Key	30	DOWN	at	335786  
336788	[1002]	:	Respose to catch Q at trial 31: 335.792000
336788	[0]	:	RT and choice to catch Q at trial 31: 1.004000, 30
336813	[25]	:	Fixation at trial 32: 336.793000
337336	[523]	:	Object at trial 32: 337.316000
340859	[3523]	:	Fixation at trial 32: 340.839000
341382	[523]	:	Catch Stim at trial 32: 341.362000
344908	[3526]	:	Catch Q at trial 32: 341.362000
345697	[789]	:	Key	28	DOWN	at	345697  
346888	[1191]	:	Respose to catch Q at trial 32: 345.703000
346889	[1]	:	RT and choice to catch Q at trial 32: 0.815000, 28
346914	[25]	:	Fixation at trial 33: 346.894000
347436	[522]	:	Object at trial 33: 347.416000
350959	[3523]	:	Fixation at trial 33: 350.939000
351482	[523]	:	Catch Stim at trial 33: 351.462000
355007	[3525]	:	Catch Q at trial 33: 351.462000
355677	[670]	:	Key	28	DOWN	at	355677  
356987	[1310]	:	Respose to catch Q at trial 33: 355.683000
356987	[0]	:	RT and choice to catch Q at trial 33: 0.696000, 28
357012	[25]	:	Fixation at trial 34: 356.992000
357534	[522]	:	Object at trial 34: 357.514000
361057	[3523]	:	Fixation at trial 34: 361.037000
361580	[523]	:	Catch Stim at trial 34: 361.560000
365105	[3525]	:	Catch Q at trial 34: 361.560000
365793	[688]	:	Key	28	DOWN	at	365793  
367085	[1292]	:	Respose to catch Q at trial 34: 365.797000
367085	[0]	:	RT and choice to catch Q at trial 34: 0.712000, 28
367111	[26]	:	Fixation at trial 35: 367.091000
367633	[522]	:	Object at trial 35: 367.613000
371156	[3523]	:	Fixation at trial 35: 371.136000
371678	[522]	:	Catch Stim at trial 35: 371.658000
375203	[3525]	:	Catch Q at trial 35: 371.658000
375958	[755]	:	Key	30	DOWN	at	375958  
377183	[1225]	:	Respose to catch Q at trial 35: 375.964000
377183	[0]	:	RT and choice to catch Q at trial 35: 0.781000, 30
377209	[26]	:	Fixation at trial 36: 377.189000
377731	[522]	:	Object at trial 36: 377.711000
381254	[3523]	:	Fixation at trial 36: 381.234000
381776	[522]	:	Catch Stim at trial 36: 381.756000
385303	[3527]	:	Catch Q at trial 36: 381.756000
385834	[531]	:	Key	30	DOWN	at	385834  
387281	[1447]	:	Respose to catch Q at trial 36: 385.840000
387281	[0]	:	RT and choice to catch Q at trial 36: 0.559000, 30
387307	[26]	:	Fixation at trial 37: 387.287000
387829	[522]	:	Object at trial 37: 387.809000
391352	[3523]	:	Fixation at trial 37: 391.332000
391874	[522]	:	Catch Stim at trial 37: 391.854000
395399	[3525]	:	Catch Q at trial 37: 391.854000
395999	[600]	:	Key	28	DOWN	at	395999  
397379	[1380]	:	Respose to catch Q at trial 37: 396.005000
397379	[0]	:	RT and choice to catch Q at trial 37: 0.626000, 28
397404	[25]	:	Fixation at trial 38: 397.384000
397926	[522]	:	Object at trial 38: 397.906000
401449	[3523]	:	Fixation at trial 38: 401.429000
401971	[522]	:	Catch Stim at trial 38: 401.951000
405496	[3525]	:	Catch Q at trial 38: 401.951000
406370	[874]	:	Key	28	DOWN	at	406370  
407476	[1106]	:	Respose to catch Q at trial 38: 406.376000
407476	[0]	:	RT and choice to catch Q at trial 38: 0.900000, 28
407502	[26]	:	Fixation at trial 39: 407.482000
408024	[522]	:	Object at trial 39: 408.004000
411547	[3523]	:	Fixation at trial 39: 411.527000
412068	[521]	:	Catch Stim at trial 39: 412.048000
415594	[3526]	:	Catch Q at trial 39: 412.048000
416091	[497]	:	Key	30	DOWN	at	416091  
417574	[1483]	:	Respose to catch Q at trial 39: 416.096000
417574	[0]	:	RT and choice to catch Q at trial 39: 0.522000, 30
417599	[25]	:	Fixation at trial 40: 417.579000
418121	[522]	:	Object at trial 40: 418.101000
421644	[3523]	:	Fixation at trial 40: 421.624000
422166	[522]	:	Catch Stim at trial 40: 422.146000
425692	[3526]	:	Catch Q at trial 40: 422.146000
426331	[639]	:	Key	30	DOWN	at	426331  
427672	[1341]	:	Respose to catch Q at trial 40: 426.337000
427672	[0]	:	RT and choice to catch Q at trial 40: 0.665000, 30
427697	[25]	:	Fixation at trial 41: 427.677000
428219	[522]	:	Object at trial 41