Cog2000 log file Thu Aug 22 12:26:14 2019
gprim v1.29 Compiled:Feb  1 2010 (GLib DirectDraw v7 DX10.0 Compiled:Feb  1 2010)
Display:1024x768x32 59.84Hz
CogInput v1.05 Compiled: May 20 2010
0	[0]	:	COGENT START
5925	[5925]	:	Key	30	DOWN	at	5925    
6150	[225]	:	Key	30	UP	at	6150    
6655	[505]	:	Key	28	DOWN	at	6655    
6875	[220]	:	Key	28	UP	at	6875    
25206	[18331]	:	Key	71	DOWN	at	25206   
25271	[65]	:	Fixation at trial 1: 25.251000
25798	[527]	:	Object at trial 1: 25.777000
29322	[3524]	:	Fixation at trial 1: 29.301000
29851	[529]	:	Catch Stim at trial 1: 29.830000
33380	[3529]	:	Catch Q at trial 1: 29.830000
34062	[682]	:	Key	28	DOWN	at	34062   
35360	[1298]	:	Respose to catch Q at trial 1: 34.070000
35361	[1]	:	RT and choice to catch Q at trial 1: 0.711000, 28
35396	[35]	:	Fixation at trial 2: 35.376000
35918	[522]	:	Object at trial 2: 35.898000
39441	[3523]	:	Fixation at trial 2: 39.421000
39965	[524]	:	Catch Stim at trial 2: 39.945000
43492	[3527]	:	Catch Q at trial 2: 39.945000
43882	[390]	:	Key	30	DOWN	at	43882   
45472	[1590]	:	Respose to catch Q at trial 2: 43.890000
45473	[1]	:	RT and choice to catch Q at trial 2: 0.418000, 30
45506	[33]	:	Fixation at trial 3: 45.486000
46028	[522]	:	Object at trial 3: 46.008000
49551	[3523]	:	Fixation at trial 3: 49.531000
50073	[522]	:	Catch Stim at trial 3: 50.053000
53599	[3526]	:	Catch Q at trial 3: 50.053000
54278	[679]	:	Key	28	DOWN	at	54278   
55579	[1301]	:	Respose to catch Q at trial 3: 54.284000
55580	[1]	:	RT and choice to catch Q at trial 3: 0.705000, 28
55610	[30]	:	Fixation at trial 4: 55.590000
56132	[522]	:	Object at trial 4: 56.112000
59655	[3523]	:	Fixation at trial 4: 59.635000
60178	[523]	:	Catch Stim at trial 4: 60.158000
63705	[3527]	:	Catch Q at trial 4: 60.158000
64284	[579]	:	Key	28	DOWN	at	64284   
65685	[1401]	:	Respose to catch Q at trial 4: 64.291000
65686	[1]	:	RT and choice to catch Q at trial 4: 0.606000, 28
65714	[28]	:	Fixation at trial 5: 65.694000
66236	[522]	:	Object at trial 5: 66.216000
69759	[3523]	:	Fixation at trial 5: 69.739000
70282	[523]	:	Catch Stim at trial 5: 70.262000
73808	[3526]	:	Catch Q at trial 5: 70.262000
74414	[606]	:	Key	30	DOWN	at	74414   
75788	[1374]	:	Respose to catch Q at trial 5: 74.421000
75789	[1]	:	RT and choice to catch Q at trial 5: 0.633000, 30
75817	[28]	:	Fixation at trial 6: 75.797000
76339	[522]	:	Object at trial 6: 76.319000
79862	[3523]	:	Fixation at trial 6: 79.842000
80385	[523]	:	Catch Stim at trial 6: 80.365000
83911	[3526]	:	Catch Q at trial 6: 80.365000
84920	[1009]	:	Key	30	DOWN	at	84920   
85891	[971]	:	Respose to catch Q at trial 6: 84.926000
85892	[1]	:	RT and choice to catch Q at trial 6: 1.035000, 30
85919	[27]	:	Fixation at trial 7: 85.899000
86441	[522]	:	Object at trial 7: 86.421000
89964	[3523]	:	Fixation at trial 7: 89.944000
90487	[523]	:	Catch Stim at trial 7: 90.467000
94013	[3526]	:	Catch Q at trial 7: 90.467000
94520	[507]	:	Key	30	DOWN	at	94520   
95993	[1473]	:	Respose to catch Q at trial 7: 94.525000
95994	[1]	:	RT and choice to catch Q at trial 7: 0.532000, 30
96020	[26]	:	Fixation at trial 8: 96.000000
96542	[522]	:	Object at trial 8: 96.522000
100065	[3523]	:	Fixation at trial 8: 100.045000
100588	[523]	:	Catch Stim at trial 8: 100.568000
104114	[3526]	:	Catch Q at trial 8: 100.568000
104556	[442]	:	Key	30	DOWN	at	104556  
106094	[1538]	:	Respose to catch Q at trial 8: 104.561000
106095	[1]	:	RT and choice to catch Q at trial 8: 0.467000, 30
106120	[25]	:	Fixation at trial 9: 106.100000
106642	[522]	:	Object at trial 9: 106.622000
110165	[3523]	:	Fixation at trial 9: 110.145000
110688	[523]	:	Catch Stim at trial 9: 110.668000
114215	[3527]	:	Catch Q at trial 9: 110.668000
114681	[466]	:	Key	28	DOWN	at	114681  
116195	[1514]	:	Respose to catch Q at trial 9: 114.687000
116196	[1]	:	RT and choice to catch Q at trial 9: 0.492000, 28
116221	[25]	:	Fixation at trial 10: 116.201000
116743	[522]	:	Object at trial 10: 116.723000
120266	[3523]	:	Fixation at trial 10: 120.246000
120788	[522]	:	Catch Stim at trial 10: 120.768000
124313	[3525]	:	Catch Q at trial 10: 120.768000
125064	[751]	:	Key	30	DOWN	at	125064  
126293	[1229]	:	Respose to catch Q at trial 10: 125.070000
126294	[1]	:	RT and choice to catch Q at trial 10: 0.777000, 30
126319	[25]	:	Fixation at trial 11: 126.299000
126841	[522]	:	Object at trial 11: 126.821000
130365	[3524]	:	Fixation at trial 11: 130.345000
130886	[521]	:	Catch Stim at trial 11: 130.867000
134412	[3526]	:	Catch Q at trial 11: 130.867000
134875	[463]	:	Key	30	DOWN	at	134875  
136392	[1517]	:	Respose to catch Q at trial 11: 134.881000
136392	[0]	:	RT and choice to catch Q at trial 11: 0.489000, 30
136417	[25]	:	Fixation at trial 12: 136.397000
136939	[522]	:	Object at trial 12: 136.919000
140462	[3523]	:	Fixation at trial 12: 140.442000
140985	[523]	:	Catch Stim at trial 12: 140.965000
144512	[3527]	:	Catch Q at trial 12: 140.965000
145020	[508]	:	Key	28	DOWN	at	145020  
146492	[1472]	:	Respose to catch Q at trial 12: 145.027000
146492	[0]	:	RT and choice to catch Q at trial 12: 0.535000, 28
146518	[26]	:	Fixation at trial 13: 146.498000
147040	[522]	:	Object at trial 13: 147.020000
150563	[3523]	:	Fixation at trial 13: 150.543000
151086	[523]	:	Catch Stim at trial 13: 151.066000
154612	[3526]	:	Catch Q at trial 13: 151.066000
155041	[429]	:	Key	30	DOWN	at	155041  
156592	[1551]	:	Respose to catch Q at trial 13: 155.046000
156593	[1]	:	RT and choice to catch Q at trial 13: 0.454000, 30
156618	[25]	:	Fixation at trial 14: 156.598000
157140	[522]	:	Object at trial 14: 157.120000
160663	[3523]	:	Fixation at trial 14: 160.643000
161185	[522]	:	Catch Stim at trial 14: 161.165000
164711	[3526]	:	Catch Q at trial 14: 161.165000
165341	[630]	:	Key	28	DOWN	at	165341  
166691	[1350]	:	Respose to catch Q at trial 14: 165.346000
166692	[1]	:	RT and choice to catch Q at trial 14: 0.655000, 28
166717	[25]	:	Fixation at trial 15: 166.697000
167239	[522]	:	Object at trial 15: 167.219000
170762	[3523]	:	Fixation at trial 15: 170.742000
171284	[522]	:	Catch Stim at trial 15: 171.264000
174810	[3526]	:	Catch Q at trial 15: 171.264000
175278	[468]	:	Key	30	DOWN	at	175278  
176790	[1512]	:	Respose to catch Q at trial 15: 175.283000
176791	[1]	:	RT and choice to catch Q at trial 15: 0.493000, 30
176816	[25]	:	Fixation at trial 16: 176.796000
177338	[522]	:	Object at trial 16: 177.318000
180861	[3523]	:	Fixation at trial 16: 180.841000
181383	[522]	:	Catch Stim at trial 16: 181.363000
184909	[3526]	:	Catch Q at trial 16: 181.363000
185388	[479]	:	Key	28	DOWN	at	185388  
186889	[1501]	:	Respose to catch Q at trial 16: 185.394000
186890	[1]	:	RT and choice to catch Q at trial 16: 0.505000, 28
186915	[25]	:	Fixation at trial 17: 186.895000
187437	[522]	:	Object at trial 17: 187.417000
190960	[3523]	:	Fixation at trial 17: 190.940000
191482	[522]	:	Catch Stim at trial 17: 191.462000
195008	[3526]	:	Catch Q at trial 17: 191.462000
195674	[666]	:	Key	30	DOWN	at	195674  
196988	[1314]	:	Respose to catch Q at trial 17: 195.680000
196988	[0]	:	RT and choice to catch Q at trial 17: 0.692000, 30
197014	[26]	:	Fixation at trial 18: 196.994000
197536	[522]	:	Object at trial 18: 197.516000
201059	[3523]	:	Fixation at trial 18: 201.039000
201581	[522]	:	Catch Stim at trial 18: 201.561000
205108	[3527]	:	Catch Q at trial 18: 201.561000
205770	[662]	:	Key	28	DOWN	at	205770  
207088	[1318]	:	Respose to catch Q at trial 18: 205.776000
207088	[0]	:	RT and choice to catch Q at trial 18: 0.688000, 28
207114	[26]	:	Fixation at trial 19: 207.094000
207636	[522]	:	Object at trial 19: 207.616000
211159	[3523]	:	Fixation at trial 19: 211.139000
211681	[522]	:	Catch Stim at trial 19: 211.661000
215207	[3526]	:	Catch Q at trial 19: 211.661000
215750	[543]	:	Key	28	DOWN	at	215750  
217187	[1437]	:	Respose to catch Q at trial 19: 215.755000
217187	[0]	:	RT and choice to catch Q at trial 19: 0.568000, 28
217213	[26]	:	Fixation at trial 20: 217.193000
217735	[522]	:	Object at trial 20: 217.715000
221258	[3523]	:	Fixation at trial 20: 221.238000
221780	[522]	:	Catch Stim at trial 20: 221.760000
225306	[3526]	:	Catch Q at trial 20: 221.760000
226116	[810]	:	Key	30	DOWN	at	226116  
227286	[1170]	:	Respose to catch Q at trial 20: 226.121000
227287	[1]	:	RT and choice to catch Q at trial 20: 0.835000, 30
227312	[25]	:	Fixation at trial 21: 227.292000
227834	[522]	:	Object at trial 21: 227.814000
231357	[3523]	:	Fixation at trial 21: 231.337000
231879	[522]	:	Catch Stim at trial 21: 231.859000
235405	[3526]	:	Catch Q at trial 21: 231.859000
235981	[576]	:	Key	30	DOWN	at	235981  
237385	[1404]	:	Respose to catch Q at trial 21: 235.986000
237385	[0]	:	RT and choice to catch Q at trial 21: 0.601000, 30
237411	[26]	:	Fixation at trial 22: 237.391000
237933	[522]	:	Object at trial 22: 237.913000
241456	[3523]	:	Fixation at trial 22: 241.436000
241978	[522]	:	Catch Stim at trial 22: 241.958000
245503	[3525]	:	Catch Q at trial 22: 241.958000
245847	[344]	:	Key	30	DOWN	at	245847  
247483	[1636]	:	Respose to catch Q at trial 22: 245.852000
247483	[0]	:	RT and choice to catch Q at trial 22: 0.369000, 30
247509	[26]	:	Fixation at trial 23: 247.489000
248032	[523]	:	Object at trial 23: 248.012000
251555	[3523]	:	Fixation at trial 23: 251.535000
252077	[522]	:	Catch Stim at trial 23: 252.057000
255602	[3525]	:	Catch Q at trial 23: 252.057000
256188	[586]	:	Key	28	DOWN	at	256188  
257582	[1394]	:	Respose to catch Q at trial 23: 256.193000
257582	[0]	:	RT and choice to catch Q at trial 23: 0.611000, 28
257607	[25]	:	Fixation at trial 24: 257.587000
258128	[521]	:	Object at trial 24: 258.109000
261651	[3523]	:	Fixation at trial 24: 261.631000
262173	[522]	:	Catch Stim at trial 24: 262.153000
265699	[3526]	:	Catch Q at trial 24: 262.153000
266313	[614]	:	Key	28	DOWN	at	266313  
267679	[1366]	:	Respose to catch Q at trial 24: 266.318000
267679	[0]	:	RT and choice to catch Q at trial 24: 0.639000, 28
267703	[24]	:	Fixation at trial 25: 267.683000
268225	[522]	:	Object at trial 25: 268.205000
271748	[3523]	:	Fixation at trial 25: 271.728000
272270	[522]	:	Catch Stim at trial 25: 272.250000
275796	[3526]	:	Catch Q at trial 25: 272.250000
276379	[583]	:	Key	28	DOWN	at	276379  
277776	[1397]	:	Respose to catch Q at trial 25: 276.385000
277776	[0]	:	RT and choice to catch Q at trial 25: 0.609000, 28
277802	[26]	:	Fixation at trial 26: 277.782000
278324	[522]	:	Object at trial 26: 278.304000
281847	[3523]	:	Fixation at trial 26: 281.827000
282369	[522]	:	Catch Stim at trial 26: 282.349000
285894	[3525]	:	Catch Q at trial 26: 282.349000
286344	[450]	:	Key	30	DOWN	at	286344  
287874	[1530]	:	Respose to catch Q at trial 26: 286.349000
287874	[0]	:	RT and choice to catch Q at trial 26: 0.475000, 30
287900	[26]	:	Fixation at trial 27: 287.880000
288422	[522]	:	Object at trial 27: 288.402000
291945	[3523]	:	Fixation at trial 27: 291.925000
292467	[522]	:	Catch Stim at trial 27: 292.447000
295992	[3525]	:	Catch Q at trial 27: 292.447000
296500	[508]	:	Key	30	DOWN	at	296500  
297972	[1472]	:	Respose to catch Q at trial 27: 296.505000
297972	[0]	:	RT and choice to catch Q at trial 27: 0.533000, 30
297996	[24]	:	Fixation at trial 28: 297.976000
298518	[522]	:	Object at trial 28: 298.498000
302041	[3523]	:	Fixation at trial 28: 302.021000
302563	[522]	:	Catch Stim at trial 28: 302.543000
306089	[3526]	:	Catch Q at trial 28: 302.543000
306785	[696]	:	Key	28	DOWN	at	306785  
308069	[1284]	:	Respose to catch Q at trial 28: 306.791000
308069	[0]	:	RT and choice to catch Q at trial 28: 0.722000, 28
308094	[25]	:	Fixation at trial 29: 308.074000
308616	[522]	:	Object at trial 29: 308.596000
312139	[3523]	:	Fixation at trial 29: 312.119000
312661	[522]	:	Catch Stim at trial 29: 312.641000
316187	[3526]	:	Catch Q at trial 29: 312.641000
316661	[474]	:	Key	30	DOWN	at	316661  
318167	[1506]	:	Respose to catch Q at trial 29: 316.666000
318167	[0]	:	RT and choice to catch Q at trial 29: 0.499000, 30
318193	[26]	:	Fixation at trial 30: 318.173000
318715	[522]	:	Object at trial 30: 318.695000
322238	[3523]	:	Fixation at trial 30: 322.218000
322760	[522]	:	Catch Stim at trial 30: 322.740000
326286	[3526]	:	Catch Q at trial 30: 322.740000
327262	[976]	:	Key	28	DOWN	at	327262  
328266	[1004]	:	Respose to catch Q at trial 30: 327.268000
328267	[1]	:	RT and choice to catch Q at trial 30: 1.002000, 28
328292	[25]	:	Fixation at trial 31: 328.272000
328814	[522]	:	Object at trial 31: 328.794000
332337	[3523]	:	Fixation at trial 31: 332.317000
332860	[523]	:	Catch Stim at trial 31: 332.840000
336386	[3526]	:	Catch Q at trial 31: 332.840000
336957	[571]	:	Key	28	DOWN	at	336957  
338366	[1409]	:	Respose to catch Q at trial 31: 336.963000
338366	[0]	:	RT and choice to catch Q at trial 31: 0.597000, 28
338391	[25]	:	Fixation at trial 32: 338.371000
338913	[522]	:	Object at trial 32: 338.893000
342436	[3523]	:	Fixation at trial 32: 342.416000
342959	[523]	:	Catch Stim at trial 32: 342.939000
346485	[3526]	:	Catch Q at trial 32: 342.939000
346988	[503]	:	Key	30	DOWN	at	346988  
348465	[1477]	:	Respose to catch Q at trial 32: 346.994000
348465	[0]	:	RT and choice to catch Q at trial 32: 0.529000, 30
348491	[26]	:	Fixation at trial 33: 348.471000
349013	[522]	:	Object at trial 33: 348.993000
352536	[3523]	:	Fixation at trial 33: 352.516000
353059	[523]	:	Catch Stim at trial 33: 353.039000
356584	[3525]	:	Catch Q at trial 33: 353.039000
357198	[614]	:	Key	28	DOWN	at	357198  
358564	[1366]	:	Respose to catch Q at trial 33: 357.204000
358564	[0]	:	RT and choice to catch Q at trial 33: 0.640000, 28
358590	[26]	:	Fixation at trial 34: 358.570000
359112	[522]	:	Object at trial 34: 359.092000
362635	[3523]	:	Fixation at trial 34: 362.615000
363158	[523]	:	Catch Stim at trial 34: 363.138000
366683	[3525]	:	Catch Q at trial 34: 363.138000
367059	[376]	:	Key	30	DOWN	at	367059  
368663	[1604]	:	Respose to catch Q at trial 34: 367.064000
368663	[0]	:	RT and choice to catch Q at trial 34: 0.401000, 30
368688	[25]	:	Fixation at trial 35: 368.668000
369210	[522]	:	Object at trial 35: 369.190000
372733	[3523]	:	Fixation at trial 35: 372.713000
373255	[522]	:	Catch Stim at trial 35: 373.235000
376780	[3525]	:	Catch Q at trial 35: 373.235000
377444	[664]	:	Key	28	DOWN	at	377444  
378760	[1316]	:	Respose to catch Q at trial 35: 377.450000
378760	[0]	:	RT and choice to catch Q at trial 35: 0.690000, 28
378785	[25]	:	Fixation at trial 36: 378.765000
379308	[523]	:	Object at trial 36: 379.288000
382831	[3523]	:	Fixation at trial 36: 382.811000
383353	[522]	:	Catch Stim at trial 36: 383.333000
386878	[3525]	:	Catch Q at trial 36: 383.333000
387355	[477]	:	Key	30	DOWN	at	387355  
388858	[1503]	:	Respose to catch Q at trial 36: 387.359000
388858	[0]	:	RT and choice to catch Q at trial 36: 0.501000, 30
388884	[26]	:	Fixation at trial 37: 388.864000
389406	[522]	:	Object at trial 37: 389.386000
392929	[3523]	:	Fixation at trial 37: 392.909000
393453	[524]	:	Catch Stim at trial 37: 393.433000
396978	[3525]	:	Catch Q at trial 37: 393.433000
397551	[573]	:	Key	28	DOWN	at	397551  
398958	[1407]	:	Respose to catch Q at trial 37: 397.557000
398958	[0]	:	RT and choice to catch Q at trial 37: 0.599000, 28
398984	[26]	:	Fixation at trial 38: 398.964000
399506	[522]	:	Object at trial 38: 399.486000
403029	[3523]	:	Fixation at trial 38: 403.009000
403552	[523]	:	Catch Stim at trial 38: 403.532000
407077	[3525]	:	Catch Q at trial 38: 403.532000
407516	[439]	:	Key	28	DOWN	at	407516  
409057	[1541]	:	Respose to catch Q at trial 38: 407.522000
409057	[0]	:	RT and choice to catch Q at trial 38: 0.465000, 28
409082	[25]	:	Fixation at trial 39: 409.062000
409604	[522]	:	Object at trial 39: 409.584000
413127	[3523]	:	Fixation at trial 39: 413.107000
413649	[522]	:	Catch Stim at trial 39: 413.629000
417175	[3526]	:	Catch Q at trial 39: 413.629000
417727	[552]	:	Key	28	DOWN	at	417727  
419155	[1428]	:	Respose to catch Q at trial 39: 417.733000
419155	[0]	:	RT and choice to catch Q at trial 39: 0.578000, 28
419181	[26]	:	Fixation at trial 40: 419.161000
419703	[522]	:	Object at trial 40: 419.683000
423226	[3523]	:	Fixation at trial 40: 423.206000
423748	[522]	:	Catch Stim at trial 40: 423.728000
427274	[3526]	:	Catch Q at trial 40: 423.728000
428357	[1083]	:	Key	30	DOWN	at	428357  
429254	[897]	:	Respose to catch Q at trial 40: 428.363000
429254	[0]	:	RT and choice to catch Q at trial 40: 1.109000, 30
429280	[26]	:	Fixation at trial 41: 429.260000
429802	[522]	:	Object at tr