Cog2000 log file Thu Aug 22 12:41:49 2019
gprim v1.29 Compiled:Feb  1 2010 (GLib DirectDraw v7 DX10.0 Compiled:Feb  1 2010)
Display:1024x768x32 59.81Hz
CogInput v1.05 Compiled: May 20 2010
0	[0]	:	COGENT START
835	[835]	:	Key	30	DOWN	at	835     
1210	[375]	:	Key	30	UP	at	1210    
1230	[20]	:	Key	28	DOWN	at	1230    
1420	[190]	:	Key	28	UP	at	1420    
24047	[22627]	:	Key	71	DOWN	at	24047   
24107	[60]	:	Fixation at trial 1: 24.085000
24643	[536]	:	Object at trial 1: 24.622000
28171	[3528]	:	Fixation at trial 1: 28.150000
28704	[533]	:	Catch Stim at trial 1: 28.682000
32238	[3534]	:	Catch Q at trial 1: 28.682000
33012	[774]	:	Key	30	DOWN	at	33012   
34222	[1210]	:	Respose to catch Q at trial 1: 33.022000
34224	[2]	:	RT and choice to catch Q at trial 1: 0.805000, 30
34274	[50]	:	Fixation at trial 2: 34.254000
34798	[524]	:	Object at trial 2: 34.778000
38321	[3523]	:	Fixation at trial 2: 38.301000
38846	[525]	:	Catch Stim at trial 2: 38.826000
42371	[3525]	:	Catch Q at trial 2: 38.826000
42948	[577]	:	Key	30	DOWN	at	42948   
44352	[1404]	:	Respose to catch Q at trial 2: 42.955000
44353	[1]	:	RT and choice to catch Q at trial 2: 0.604000, 30
44400	[47]	:	Fixation at trial 3: 44.380000
44922	[522]	:	Object at trial 3: 44.902000
48445	[3523]	:	Fixation at trial 3: 48.425000
48967	[522]	:	Catch Stim at trial 3: 48.947000
52492	[3525]	:	Catch Q at trial 3: 48.947000
53203	[711]	:	Key	28	DOWN	at	53203   
54473	[1270]	:	Respose to catch Q at trial 3: 53.210000
54473	[0]	:	RT and choice to catch Q at trial 3: 0.738000, 28
54513	[40]	:	Fixation at trial 4: 54.493000
55035	[522]	:	Object at trial 4: 55.015000
58558	[3523]	:	Fixation at trial 4: 58.538000
59080	[522]	:	Catch Stim at trial 4: 59.060000
62605	[3525]	:	Catch Q at trial 4: 59.060000
62964	[359]	:	Key	30	DOWN	at	62964   
64586	[1622]	:	Respose to catch Q at trial 4: 62.969000
64587	[1]	:	RT and choice to catch Q at trial 4: 0.384000, 30
64613	[26]	:	Fixation at trial 5: 64.593000
65134	[521]	:	Object at trial 5: 65.115000
68657	[3523]	:	Fixation at trial 5: 68.637000
69184	[527]	:	Catch Stim at trial 5: 69.164000
72709	[3525]	:	Catch Q at trial 5: 69.164000
73310	[601]	:	Key	28	DOWN	at	73310   
74689	[1379]	:	Respose to catch Q at trial 5: 73.315000
74690	[1]	:	RT and choice to catch Q at trial 5: 0.626000, 28
74717	[27]	:	Fixation at trial 6: 74.697000
75239	[522]	:	Object at trial 6: 75.219000
78762	[3523]	:	Fixation at trial 6: 78.742000
79284	[522]	:	Catch Stim at trial 6: 79.264000
82810	[3526]	:	Catch Q at trial 6: 79.264000
83125	[315]	:	Key	30	DOWN	at	83125   
84790	[1665]	:	Respose to catch Q at trial 6: 83.130000
84791	[1]	:	RT and choice to catch Q at trial 6: 0.340000, 30
84818	[27]	:	Fixation at trial 7: 84.798000
85340	[522]	:	Object at trial 7: 85.320000
88863	[3523]	:	Fixation at trial 7: 88.843000
89386	[523]	:	Catch Stim at trial 7: 89.366000
92911	[3525]	:	Catch Q at trial 7: 89.366000
93636	[725]	:	Key	28	DOWN	at	93636   
94891	[1255]	:	Respose to catch Q at trial 7: 93.642000
94892	[1]	:	RT and choice to catch Q at trial 7: 0.751000, 28
94917	[25]	:	Fixation at trial 8: 94.897000
95439	[522]	:	Object at trial 8: 95.419000
98962	[3523]	:	Fixation at trial 8: 98.942000
99485	[523]	:	Catch Stim at trial 8: 99.465000
103010	[3525]	:	Catch Q at trial 8: 99.465000
104126	[1116]	:	Key	28	DOWN	at	104126  
104990	[864]	:	Respose to catch Q at trial 8: 104.132000
104991	[1]	:	RT and choice to catch Q at trial 8: 1.142000, 28
105015	[24]	:	Fixation at trial 9: 104.995000
105537	[522]	:	Object at trial 9: 105.517000
109060	[3523]	:	Fixation at trial 9: 109.040000
109583	[523]	:	Catch Stim at trial 9: 109.563000
113108	[3525]	:	Catch Q at trial 9: 109.563000
113907	[799]	:	Key	28	DOWN	at	113907  
115088	[1181]	:	Respose to catch Q at trial 9: 113.912000
115089	[1]	:	RT and choice to catch Q at trial 9: 0.824000, 28
115114	[25]	:	Fixation at trial 10: 115.094000
115636	[522]	:	Object at trial 10: 115.616000
119159	[3523]	:	Fixation at trial 10: 119.139000
119682	[523]	:	Catch Stim at trial 10: 119.662000
123207	[3525]	:	Catch Q at trial 10: 119.662000
123662	[455]	:	Key	30	DOWN	at	123662  
125187	[1525]	:	Respose to catch Q at trial 10: 123.668000
125188	[1]	:	RT and choice to catch Q at trial 10: 0.481000, 30
125213	[25]	:	Fixation at trial 11: 125.193000
125735	[522]	:	Object at trial 11: 125.715000
129258	[3523]	:	Fixation at trial 11: 129.238000
129779	[521]	:	Catch Stim at trial 11: 129.760000
133304	[3525]	:	Catch Q at trial 11: 129.760000
133833	[529]	:	Key	28	DOWN	at	133833  
135284	[1451]	:	Respose to catch Q at trial 11: 133.839000
135284	[0]	:	RT and choice to catch Q at trial 11: 0.555000, 28
135309	[25]	:	Fixation at trial 12: 135.289000
135831	[522]	:	Object at trial 12: 135.811000
139354	[3523]	:	Fixation at trial 12: 139.334000
139876	[522]	:	Catch Stim at trial 12: 139.856000
143401	[3525]	:	Catch Q at trial 12: 139.856000
144539	[1138]	:	Key	28	DOWN	at	144539  
145381	[842]	:	Respose to catch Q at trial 12: 144.545000
145381	[0]	:	RT and choice to catch Q at trial 12: 1.164000, 28
145406	[25]	:	Fixation at trial 13: 145.386000
145928	[522]	:	Object at trial 13: 145.908000
149451	[3523]	:	Fixation at trial 13: 149.431000
149973	[522]	:	Catch Stim at trial 13: 149.953000
153498	[3525]	:	Catch Q at trial 13: 149.953000
153864	[366]	:	Key	30	DOWN	at	153864  
155478	[1614]	:	Respose to catch Q at trial 13: 153.870000
155479	[1]	:	RT and choice to catch Q at trial 13: 0.392000, 30
155503	[24]	:	Fixation at trial 14: 155.483000
156026	[523]	:	Object at trial 14: 156.006000
159549	[3523]	:	Fixation at trial 14: 159.529000
160071	[522]	:	Catch Stim at trial 14: 160.051000
163597	[3526]	:	Catch Q at trial 14: 160.051000
164135	[538]	:	Key	30	DOWN	at	164135  
165577	[1442]	:	Respose to catch Q at trial 14: 164.141000
165578	[1]	:	RT and choice to catch Q at trial 14: 0.564000, 30
165602	[24]	:	Fixation at trial 15: 165.582000
166124	[522]	:	Object at trial 15: 166.104000
169647	[3523]	:	Fixation at trial 15: 169.627000
170168	[521]	:	Catch Stim at trial 15: 170.148000
173693	[3525]	:	Catch Q at trial 15: 170.148000
174020	[327]	:	Key	30	DOWN	at	174020  
175673	[1653]	:	Respose to catch Q at trial 15: 174.025000
175674	[1]	:	RT and choice to catch Q at trial 15: 0.352000, 30
175698	[24]	:	Fixation at trial 16: 175.678000
176220	[522]	:	Object at trial 16: 176.200000
179743	[3523]	:	Fixation at trial 16: 179.723000
180265	[522]	:	Catch Stim at trial 16: 180.245000
183790	[3525]	:	Catch Q at trial 16: 180.245000
184416	[626]	:	Key	28	DOWN	at	184416  
185770	[1354]	:	Respose to catch Q at trial 16: 184.422000
185771	[1]	:	RT and choice to catch Q at trial 16: 0.652000, 28
185796	[25]	:	Fixation at trial 17: 185.776000
186318	[522]	:	Object at trial 17: 186.298000
189841	[3523]	:	Fixation at trial 17: 189.821000
190362	[521]	:	Catch Stim at trial 17: 190.342000
193887	[3525]	:	Catch Q at trial 17: 190.342000
194362	[475]	:	Key	28	DOWN	at	194362  
195867	[1505]	:	Respose to catch Q at trial 17: 194.367000
195868	[1]	:	RT and choice to catch Q at trial 17: 0.500000, 28
195892	[24]	:	Fixation at trial 18: 195.872000
196414	[522]	:	Object at trial 18: 196.394000
199937	[3523]	:	Fixation at trial 18: 199.917000
200458	[521]	:	Catch Stim at trial 18: 200.438000
203983	[3525]	:	Catch Q at trial 18: 200.438000
204587	[604]	:	Key	28	DOWN	at	204587  
205963	[1376]	:	Respose to catch Q at trial 18: 204.592000
205963	[0]	:	RT and choice to catch Q at trial 18: 0.629000, 28
205988	[25]	:	Fixation at trial 19: 205.968000
206510	[522]	:	Object at trial 19: 206.490000
210033	[3523]	:	Fixation at trial 19: 210.013000
210555	[522]	:	Catch Stim at trial 19: 210.535000
214080	[3525]	:	Catch Q at trial 19: 210.535000
214478	[398]	:	Key	30	DOWN	at	214478  
216060	[1582]	:	Respose to catch Q at trial 19: 214.483000
216060	[0]	:	RT and choice to catch Q at trial 19: 0.423000, 30
216085	[25]	:	Fixation at trial 20: 216.065000
216607	[522]	:	Object at trial 20: 216.587000
220130	[3523]	:	Fixation at trial 20: 220.110000
220651	[521]	:	Catch Stim at trial 20: 220.631000
224176	[3525]	:	Catch Q at trial 20: 220.631000
224593	[417]	:	Key	30	DOWN	at	224593  
226156	[1563]	:	Respose to catch Q at trial 20: 224.598000
226157	[1]	:	RT and choice to catch Q at trial 20: 0.442000, 30
226181	[24]	:	Fixation at trial 21: 226.161000
226703	[522]	:	Object at trial 21: 226.683000
230226	[3523]	:	Fixation at trial 21: 230.206000
230747	[521]	:	Catch Stim at trial 21: 230.727000
234272	[3525]	:	Catch Q at trial 21: 230.727000
234649	[377]	:	Key	30	DOWN	at	234649  
236252	[1603]	:	Respose to catch Q at trial 21: 234.654000
236253	[1]	:	RT and choice to catch Q at trial 21: 0.402000, 30
236277	[24]	:	Fixation at trial 22: 236.257000
236799	[522]	:	Object at trial 22: 236.779000
240322	[3523]	:	Fixation at trial 22: 240.302000
240844	[522]	:	Catch Stim at trial 22: 240.824000
244369	[3525]	:	Catch Q at trial 22: 240.824000
244699	[330]	:	Key	30	DOWN	at	244699  
246349	[1650]	:	Respose to catch Q at trial 22: 244.704000
246349	[0]	:	RT and choice to catch Q at trial 22: 0.355000, 30
246374	[25]	:	Fixation at trial 23: 246.354000
246896	[522]	:	Object at trial 23: 246.876000
250419	[3523]	:	Fixation at trial 23: 250.399000
250940	[521]	:	Catch Stim at trial 23: 250.920000
254465	[3525]	:	Catch Q at trial 23: 250.920000
255005	[540]	:	Key	28	DOWN	at	255005  
256445	[1440]	:	Respose to catch Q at trial 23: 255.011000
256445	[0]	:	RT and choice to catch Q at trial 23: 0.566000, 28
256470	[25]	:	Fixation at trial 24: 256.450000
256991	[521]	:	Object at trial 24: 256.972000
260514	[3523]	:	Fixation at trial 24: 260.494000
261036	[522]	:	Catch Stim at trial 24: 261.016000
264561	[3525]	:	Catch Q at trial 24: 261.016000
265856	[1295]	:	Key	28	DOWN	at	265856  
266541	[685]	:	Respose to catch Q at trial 24: 265.862000
266541	[0]	:	RT and choice to catch Q at trial 24: 1.321000, 28
266566	[25]	:	Fixation at trial 25: 266.546000
267088	[522]	:	Object at trial 25: 267.068000
270611	[3523]	:	Fixation at trial 25: 270.591000
271132	[521]	:	Catch Stim at trial 25: 271.112000
274657	[3525]	:	Catch Q at trial 25: 271.112000
275331	[674]	:	Key	28	DOWN	at	275331  
276637	[1306]	:	Respose to catch Q at trial 25: 275.336000
276637	[0]	:	RT and choice to catch Q at trial 25: 0.699000, 28
276662	[25]	:	Fixation at trial 26: 276.642000
277184	[522]	:	Object at trial 26: 277.164000
280707	[3523]	:	Fixation at trial 26: 280.687000
281228	[521]	:	Catch Stim at trial 26: 281.208000
284753	[3525]	:	Catch Q at trial 26: 281.208000
285407	[654]	:	Key	30	DOWN	at	285407  
286733	[1326]	:	Respose to catch Q at trial 26: 285.412000
286733	[0]	:	RT and choice to catch Q at trial 26: 0.679000, 30
286758	[25]	:	Fixation at trial 27: 286.738000
287280	[522]	:	Object at trial 27: 287.260000
290803	[3523]	:	Fixation at trial 27: 290.783000
291325	[522]	:	Catch Stim at trial 27: 291.305000
294850	[3525]	:	Catch Q at trial 27: 291.305000
295542	[692]	:	Key	28	DOWN	at	295542  
296830	[1288]	:	Respose to catch Q at trial 27: 295.547000
296830	[0]	:	RT and choice to catch Q at trial 27: 0.717000, 28
296855	[25]	:	Fixation at trial 28: 296.835000
297377	[522]	:	Object at trial 28: 297.357000
300900	[3523]	:	Fixation at trial 28: 300.880000
301422	[522]	:	Catch Stim at trial 28: 301.402000
304947	[3525]	:	Catch Q at trial 28: 301.402000
305528	[581]	:	Key	30	DOWN	at	305528  
306927	[1399]	:	Respose to catch Q at trial 28: 305.533000
306928	[1]	:	RT and choice to catch Q at trial 28: 0.606000, 30
306952	[24]	:	Fixation at trial 29: 306.932000
307475	[523]	:	Object at trial 29: 307.455000
310998	[3523]	:	Fixation at trial 29: 310.978000
311520	[522]	:	Catch Stim at trial 29: 311.500000
315045	[3525]	:	Catch Q at trial 29: 311.500000
316123	[1078]	:	Key	30	DOWN	at	316123  
317025	[902]	:	Respose to catch Q at trial 29: 316.129000
317025	[0]	:	RT and choice to catch Q at trial 29: 1.104000, 30
317050	[25]	:	Fixation at trial 30: 317.030000
317573	[523]	:	Object at trial 30: 317.553000
321096	[3523]	:	Fixation at trial 30: 321.076000
321617	[521]	:	Catch Stim at trial 30: 321.597000
325143	[3526]	:	Catch Q at trial 30: 321.597000
325649	[506]	:	Key	28	DOWN	at	325649  
327123	[1474]	:	Respose to catch Q at trial 30: 325.655000
327123	[0]	:	RT and choice to catch Q at trial 30: 0.532000, 28
327148	[25]	:	Fixation at trial 31: 327.128000
327670	[522]	:	Object at trial 31: 327.650000
331193	[3523]	:	Fixation at trial 31: 331.173000
331714	[521]	:	Catch Stim at trial 31: 331.694000
335240	[3526]	:	Catch Q at trial 31: 331.694000
335905	[665]	:	Key	30	DOWN	at	335905  
337220	[1315]	:	Respose to catch Q at trial 31: 335.911000
337220	[0]	:	RT and choice to catch Q at trial 31: 0.691000, 30
337245	[25]	:	Fixation at trial 32: 337.225000
337767	[522]	:	Object at trial 32: 337.747000
341290	[3523]	:	Fixation at trial 32: 341.270000
341811	[521]	:	Catch Stim at trial 32: 341.791000
345336	[3525]	:	Catch Q at trial 32: 341.791000
345925	[589]	:	Key	28	DOWN	at	345925  
347316	[1391]	:	Respose to catch Q at trial 32: 345.931000
347316	[0]	:	RT and choice to catch Q at trial 32: 0.615000, 28
347341	[25]	:	Fixation at trial 33: 347.321000
347863	[522]	:	Object at trial 33: 347.843000
351386	[3523]	:	Fixation at trial 33: 351.366000
351908	[522]	:	Catch Stim at trial 33: 351.888000
355433	[3525]	:	Catch Q at trial 33: 351.888000
356066	[633]	:	Key	30	DOWN	at	356066  
357413	[1347]	:	Respose to catch Q at trial 33: 356.072000
357414	[1]	:	RT and choice to catch Q at trial 33: 0.659000, 30
357438	[24]	:	Fixation at trial 34: 357.418000
357960	[522]	:	Object at trial 34: 357.940000
361483	[3523]	:	Fixation at trial 34: 361.463000
362005	[522]	:	Catch Stim at trial 34: 361.985000
365530	[3525]	:	Catch Q at trial 34: 361.985000
365886	[356]	:	Key	30	DOWN	at	365886  
367510	[1624]	:	Respose to catch Q at trial 34: 365.892000
367511	[1]	:	RT and choice to catch Q at trial 34: 0.382000, 30
367535	[24]	:	Fixation at trial 35: 367.515000
368057	[522]	:	Object at trial 35: 368.037000
371580	[3523]	:	Fixation at trial 35: 371.560000
372102	[522]	:	Catch Stim at trial 35: 372.082000
375627	[3525]	:	Catch Q at trial 35: 372.082000
376397	[770]	:	Key	28	DOWN	at	376397  
377607	[1210]	:	Respose to catch Q at trial 35: 376.403000
377607	[0]	:	RT and choice to catch Q at trial 35: 0.796000, 28
377631	[24]	:	Fixation at trial 36: 377.611000
378153	[522]	:	Object at trial 36: 378.133000
381676	[3523]	:	Fixation at trial 36: 381.656000
382198	[522]	:	Catch Stim at trial 36: 382.178000
385723	[3525]	:	Catch Q at trial 36: 382.178000
386112	[389]	:	Key	30	DOWN	at	386112  
387703	[1591]	:	Respose to catch Q at trial 36: 386.118000
387703	[0]	:	RT and choice to catch Q at trial 36: 0.415000, 30
387728	[25]	:	Fixation at trial 37: 387.708000
388250	[522]	:	Object at trial 37: 388.230000
391773	[3523]	:	Fixation at trial 37: 391.753000
392295	[522]	:	Catch Stim at trial 37: 392.275000
395820	[3525]	:	Catch Q at trial 37: 392.275000
396408	[588]	:	Key	28	DOWN	at	396408  
397800	[1392]	:	Respose to catch Q at trial 37: 396.413000
397800	[0]	:	RT and choice to catch Q at trial 37: 0.613000, 28
397825	[25]	:	Fixation at trial 38: 397.805000
398347	[522]	:	Object at trial 38: 398.327000
401870	[3523]	:	Fixation at trial 38: 401.850000
402392	[522]	:	Catch Stim at trial 38: 402.372000
405917	[3525]	:	Catch Q at trial 38: 402.372000
406379	[462]	:	Key	28	DOWN	at	406379  
407897	[1518]	:	Respose to catch Q at trial 38: 406.384000
407897	[0]	:	RT and choice to catch Q at trial 38: 0.487000, 28
407922	[25]	:	Fixation at trial 39: 407.902000
408444	[522]	:	Object at trial 39: 408.424000
411967	[3523]	:	Fixation at trial 39: 411.947000
412489	[522]	:	Catch Stim at trial 39: 412.469000
416015	[3526]	:	Catch Q at trial 39: 412.469000
416484	[469]	:	Key	30	DOWN	at	416484  
417995	[1511]	:	Respose to catch Q at trial 39: 416.489000
417995	[0]	:	RT and choice to catch Q at trial 39: 0.494000, 30
418020	[25]	:	Fixation at trial 40: 418.000000
418542	[522]	:	Object at trial 40: 418.522000
422065	[3523]	:	Fixation at trial 40: 422.045000
422587	[522]	:	Catch Stim at trial 40: 422.567000
426112	[3525]	:	Catch Q at trial 40: 422.567000
426805	[693]	:	Key	30	DOWN	at	426805  
428092	[1287]	:	Respose to catch Q at trial 40: 426.811000
428092	[0]	:	RT and choice to catch Q at trial 40: 0.719000, 30
428117	[25]	:	Fixation at trial 41: 428.097000
428639	[522]	:	Object at trial 41: 