Cog2000 log file Fri Oct 25 12:06:11 2019
gprim v1.29 Compiled:Feb  1 2010 (GLib DirectDraw v7 DX10.0 Compiled:Feb  1 2010)
Display:1024x768x32 59.81Hz
CogInput v1.05 Compiled: May 20 2010
0	[0]	:	COGENT START
1280	[1280]	:	Key	30	DOWN	at	1280    
1480	[200]	:	Key	30	UP	at	1480    
2880	[1400]	:	Key	28	DOWN	at	2880    
3055	[175]	:	Key	28	UP	at	3055    
71724	[68669]	:	Key	71	DOWN	at	71724   
71783	[59]	:	Fixation at trial 1: 71.763000
72807	[1024]	:	Object at trial 1: 72.786000
74840	[2033]	:	Fixation at trial 2: 74.820000
75861	[1021]	:	Object at trial 2: 75.841000
77889	[2028]	:	Fixation at trial 3: 77.869000
78912	[1023]	:	Object at trial 3: 78.892000
80938	[2026]	:	Fixation at trial 4: 80.918000
81959	[1021]	:	Object at trial 4: 81.939000
83985	[2026]	:	Fixation at trial 5: 83.965000
85006	[1021]	:	Object at trial 5: 84.986000
87032	[2026]	:	Fixation at trial 6: 87.012000
88054	[1022]	:	Object at trial 6: 88.034000
90079	[2025]	:	Fixation at trial 7: 90.059000
91100	[1021]	:	Object at trial 7: 91.080000
93125	[2025]	:	Fixation at trial 8: 93.105000
94146	[1021]	:	Object at trial 8: 94.126000
96171	[2025]	:	Fixation at trial 9: 96.151000
97192	[1021]	:	Object at trial 9: 97.172000
99216	[2024]	:	Fixation at trial 10: 99.196000
100237	[1021]	:	Object at trial 10: 100.217000
102262	[2025]	:	Fixation at trial 11: 102.242000
103284	[1022]	:	Object at trial 11: 103.264000
105308	[2024]	:	Fixation at trial 12: 105.288000
106329	[1021]	:	Object at trial 12: 106.309000
108353	[2024]	:	Fixation at trial 13: 108.333000
109374	[1021]	:	Object at trial 13: 109.354000
111398	[2024]	:	Fixation at trial 14: 111.378000
112419	[1021]	:	Object at trial 14: 112.399000
114443	[2024]	:	Fixation at trial 15: 114.423000
115465	[1022]	:	Object at trial 15: 115.445000
117489	[2024]	:	Fixation at trial 16: 117.469000
118511	[1022]	:	Object at trial 16: 118.491000
120535	[2024]	:	Fixation at trial 17: 120.515000
121557	[1022]	:	Object at trial 17: 121.537000
123581	[2024]	:	Fixation at trial 18: 123.561000
124602	[1021]	:	Object at trial 18: 124.582000
126628	[2026]	:	Fixation at trial 18: 126.607000
127659	[1031]	:	Catch Stim at trial 18: 127.638000
130244	[2585]	:	Respose to catch Q at trial 18: 129.720000
130245	[1]	:	RT and choice to catch Q at trial 18: 2.082000, 0
130273	[28]	:	Fixation at trial 19: 130.254000
131294	[1021]	:	Object at trial 19: 131.274000
133324	[2030]	:	Fixation at trial 20: 133.304000
134346	[1022]	:	Object at trial 20: 134.326000
136371	[2025]	:	Fixation at trial 20: 136.351000
137397	[1026]	:	Catch Stim at trial 20: 137.377000
138663	[1266]	:	Key	30	DOWN	at	138663  
139877	[1214]	:	Respose to catch Q at trial 20: 138.670000
139878	[1]	:	RT and choice to catch Q at trial 20: 1.293000, 30
139907	[29]	:	Fixation at trial 21: 139.887000
140929	[1022]	:	Object at trial 21: 140.909000
142959	[2030]	:	Fixation at trial 22: 142.939000
143981	[1022]	:	Object at trial 22: 143.961000
146008	[2027]	:	Fixation at trial 23: 145.988000
147029	[1021]	:	Object at trial 23: 147.009000
149055	[2026]	:	Fixation at trial 24: 149.035000
150076	[1021]	:	Object at trial 24: 150.056000
152102	[2026]	:	Fixation at trial 25: 152.082000
153123	[1021]	:	Object at trial 25: 153.103000
155149	[2026]	:	Fixation at trial 26: 155.129000
156170	[1021]	:	Object at trial 26: 156.150000
158195	[2025]	:	Fixation at trial 26: 158.175000
159220	[1025]	:	Catch Stim at trial 26: 159.200000
160044	[824]	:	Key	28	DOWN	at	160044  
161700	[1656]	:	Respose to catch Q at trial 26: 160.051000
161701	[1]	:	RT and choice to catch Q at trial 26: 0.851000, 28
161726	[25]	:	Fixation at trial 27: 161.706000
162747	[1021]	:	Object at trial 27: 162.727000
164772	[2025]	:	Fixation at trial 28: 164.752000
165793	[1021]	:	Object at trial 28: 165.773000
167818	[2025]	:	Fixation at trial 29: 167.798000
168839	[1021]	:	Object at trial 29: 168.819000
170864	[2025]	:	Fixation at trial 30: 170.844000
171886	[1022]	:	Object at trial 30: 171.866000
173911	[2025]	:	Fixation at trial 31: 173.891000
174933	[1022]	:	Object at trial 31: 174.913000
176958	[2025]	:	Fixation at trial 32: 176.938000
177980	[1022]	:	Object at trial 32: 177.960000
180004	[2024]	:	Fixation at trial 32: 179.984000
181028	[1024]	:	Catch Stim at trial 32: 181.008000
181970	[942]	:	Key	30	DOWN	at	181970  
183508	[1538]	:	Respose to catch Q at trial 32: 181.976000
183509	[1]	:	RT and choice to catch Q at trial 32: 0.968000, 30
183534	[25]	:	Fixation at trial 33: 183.514000
184555	[1021]	:	Object at trial 33: 184.535000
186580	[2025]	:	Fixation at trial 33: 186.560000
187605	[1025]	:	Catch Stim at trial 33: 187.585000
188170	[565]	:	Key	30	DOWN	at	188170  
190085	[1915]	:	Respose to catch Q at trial 33: 188.176000
190086	[1]	:	RT and choice to catch Q at trial 33: 0.591000, 30
190110	[24]	:	Fixation at trial 34: 190.090000
191131	[1021]	:	Object at trial 34: 191.111000
193156	[2025]	:	Fixation at trial 34: 193.136000
194182	[1026]	:	Catch Stim at trial 34: 194.162000
195041	[859]	:	Key	28	DOWN	at	195041  
196662	[1621]	:	Respose to catch Q at trial 34: 195.047000
196663	[1]	:	RT and choice to catch Q at trial 34: 0.885000, 28
196688	[25]	:	Fixation at trial 35: 196.668000
197709	[1021]	:	Object at trial 35: 197.689000
199734	[2025]	:	Fixation at trial 36: 199.714000
200755	[1021]	:	Object at trial 36: 200.735000
202780	[2025]	:	Fixation at trial 36: 202.760000
203805	[1025]	:	Catch Stim at trial 36: 203.785000
204486	[681]	:	Key	30	DOWN	at	204486  
206285	[1799]	:	Respose to catch Q at trial 36: 204.492000
206286	[1]	:	RT and choice to catch Q at trial 36: 0.707000, 30
206310	[24]	:	Fixation at trial 37: 206.290000
207331	[1021]	:	Object at trial 37: 207.311000
209355	[2024]	:	Fixation at trial 38: 209.335000
210376	[1021]	:	Object at trial 38: 210.356000
212400	[2024]	:	Fixation at trial 39: 212.380000
213422	[1022]	:	Object at trial 39: 213.402000
215446	[2024]	:	Fixation at trial 40: 215.426000
216467	[1021]	:	Object at trial 40: 216.447000
218491	[2024]	:	Fixation at trial 40: 218.471000
219515	[1024]	:	Catch Stim at trial 40: 219.495000
220037	[522]	:	Key	30	DOWN	at	220037  
221995	[1958]	:	Respose to catch Q at trial 40: 220.042000
221996	[1]	:	RT and choice to catch Q at trial 40: 0.547000, 30
222020	[24]	:	Fixation at trial 41: 222.000000
223041	[1021]	:	Object at trial 41: 223.021000
225065	[2024]	:	Fixation at trial 42: 225.045000
226086	[1021]	:	Object at trial 42: 226.066000
228110	[2024]	:	Fixation at trial 43: 228.090000
229131	[1021]	:	Object at trial 43: 229.111000
231155	[2024]	:	Fixation at trial 44: 231.135000
232176	[1021]	:	Object at trial 44: 232.156000
234200	[2024]	:	Fixation at trial 45: 234.180000
235222	[1022]	:	Object at trial 45: 235.202000
237246	[2024]	:	Fixation at trial 46: 237.226000
238268	[1022]	:	Object at trial 46: 238.248000
240292	[2024]	:	Fixation at trial 47: 240.272000
241314	[1022]	:	Object at trial 47: 241.294000
243338	[2024]	:	Fixation at trial 48: 243.318000
244360	[1022]	:	Object at trial 48: 244.340000
246384	[2024]	:	Fixation at trial 49: 246.364000
247405	[1021]	:	Object at trial 49: 247.385000
249429	[2024]	:	Fixation at trial 50: 249.409000
250450	[1021]	:	Object at trial 50: 250.430000
252474	[2024]	:	Fixation at trial 51: 252.454000
253495	[1021]	:	Object at trial 51: 253.475000
255519	[2024]	:	Fixation at trial 52: 255.499000
256539	[1020]	:	Object at trial 52: 256.520000
258562	[2023]	:	Fixation at trial 53: 258.542000
259583	[1021]	:	Object at trial 53: 259.563000
261610	[2027]	:	Fixation at trial 54: 261.589000
262631	[1021]	:	Object at trial 54: 262.611000
264655	[2024]	:	Fixation at trial 55: 264.635000
265676	[1021]	:	Object at trial 55: 265.656000
267700	[2024]	:	Fixation at trial 55: 267.680000
268725	[1025]	:	Catch Stim at trial 55: 268.705000
269935	[1210]	:	Key	28	DOWN	at	269935  
271205	[1270]	:	Respose to catch Q at trial 55: 269.941000
271205	[0]	:	RT and choice to catch Q at trial 55: 1.236000, 28
271230	[25]	:	Fixation at trial 56: 271.210000
272252	[1022]	:	Object at trial 56: 272.232000
274276	[2024]	:	Fixation at trial 56: 274.256000
275300	[1024]	:	Catch Stim at trial 56: 275.280000
276395	[1095]	:	Key	30	DOWN	at	276395  
277780	[1385]	:	Respose to catch Q at trial 56: 276.401000
277781	[1]	:	RT and choice to catch Q at trial 56: 1.121000, 30
277806	[25]	:	Fixation at trial 57: 277.786000
278827	[1021]	:	Object at trial 57: 278.807000
280851	[2024]	:	Fixation at trial 58: 280.831000
281872	[1021]	:	Object at trial 58: 281.852000
283896	[2024]	:	Fixation at trial 59: 283.876000
284917	[1021]	:	Object at trial 59: 284.897000
286941	[2024]	:	Fixation at trial 60: 286.921000
287962	[1021]	:	Object at trial 60: 287.942000
289986	[2024]	:	Fixation at trial 61: 289.966000
291007	[1021]	:	Object at trial 61: 290.987000
293031	[2024]	:	Fixation at trial 62: 293.011000
294052	[1021]	:	Object at trial 62: 294.032000
296076	[2024]	:	Fixation at trial 62: 296.056000
297101	[1025]	:	Catch Stim at trial 62: 297.081000
298187	[1086]	:	Key	28	DOWN	at	298187  
299581	[1394]	:	Respose to catch Q at trial 62: 298.193000
299581	[0]	:	RT and choice to catch Q at trial 62: 1.112000, 28
299606	[25]	:	Fixation at trial 63: 299.586000
300627	[1021]	:	Object at trial 63: 300.607000
302651	[2024]	:	Fixation at trial 64: 302.631000
303672	[1021]	:	Object at trial 64: 303.652000
305696	[2024]	:	Fixation at trial 65: 305.676000
306717	[1021]	:	Object at trial 65: 306.697000
308741	[2024]	:	Fixation at trial 66: 308.721000
309762	[1021]	:	Object at trial 66: 309.742000
311786	[2024]	:	Fixation at trial 66: 311.766000
312810	[1024]	:	Catch Stim at trial 66: 312.790000
313493	[683]	:	Key	30	DOWN	at	313493  
315290	[1797]	:	Respose to catch Q at trial 66: 313.499000
315290	[0]	:	RT and choice to catch Q at trial 66: 0.709000, 30
315315	[25]	:	Fixation at trial 67: 315.295000
316336	[1021]	:	Object at trial 67: 316.316000
318360	[2024]	:	Fixation at trial 68: 318.340000
319381	[1021]	:	Object at trial 68: 319.361000
321405	[2024]	:	Fixation at trial 69: 321.385000
322426	[1021]	:	Object at trial 69: 322.406000
324450	[2024]	:	Fixation at trial 70: 324.430000
325471	[1021]	:	Object at trial 70: 325.451000
327495	[2024]	:	Fixation at trial 71: 327.475000
328516	[1021]	:	Object at trial 71: 328.496000
330540	[2024]	:	Fixation at trial 72: 330.520000
331561	[1021]	:	Object at trial 72: 331.541000
333585	[2024]	:	Fixation at trial 73: 333.565000
334606	[1021]	:	Object at trial 73: 334.586000
336630	[2024]	:	Fixation at trial 74: 336.610000
337651	[1021]	:	Object at trial 74: 337.631000
339675	[2024]	:	Fixation at trial 74: 339.655000
340700	[1025]	:	Catch Stim at trial 74: 340.680000
341709	[1009]	:	Key	28	DOWN	at	341709  
343180	[1471]	:	Respose to catch Q at trial 74: 341.715000
343180	[0]	:	RT and choice to catch Q at trial 74: 1.035000, 28
343205	[25]	:	Fixation at trial 75: 343.185000
344226	[1021]	:	Object at trial 75: 344.206000
346250	[2024]	:	Fixation at trial 75: 346.230000
347274	[1024]	:	Catch Stim at trial 75: 347.254000
347830	[556]	:	Key	30	DOWN	at	347830  
349754	[1924]	:	Respose to catch Q at trial 75: 347.836000
349755	[1]	:	RT and choice to catch Q at trial 75: 0.582000, 30
349779	[24]	:	Fixation at trial 76: 349.759000
350800	[1021]	:	Object at trial 76: 350.780000
352824	[2024]	:	Fixation at trial 77: 352.804000
353845	[1021]	:	Object at trial 77: 353.825000
355869	[2024]	:	Fixation at trial 77: 355.849000
356893	[1024]	:	Catch Stim at trial 77: 356.873000
357580	[687]	:	Key	30	DOWN	at	357580  
359373	[1793]	:	Respose to catch Q at trial 77: 357.586000
359373	[0]	:	RT and choice to catch Q at trial 77: 0.713000, 30
359398	[25]	:	Fixation at trial 78: 359.378000
360419	[1021]	:	Object at trial 78: 360.399000
362443	[2024]	:	Fixation at trial 78: 362.423000
363468	[1025]	:	Catch Stim at trial 78: 363.448000
364205	[737]	:	Key	28	DOWN	at	364205  
365948	[1743]	:	Respose to catch Q at trial 78: 364.210000
365948	[0]	:	RT and choice to catch Q at trial 78: 0.762000, 28
365973	[25]	:	Fixation at trial 79: 365.953000
366994	[1021]	:	Object at trial 79: 366.974000
369018	[2024]	:	Fixation at trial 80: 368.998000
370039	[1021]	:	Object at trial 80: 370.019000
372063	[2024]	:	Fixation at trial 81: 372.043000
373084	[1021]	:	Object at trial 81: 373.064000
375108	[2024]	:	Fixation at trial 82: 375.088000
