Cog2000 log file Fri Oct 25 13:17:37 2019
gprim v1.29 Compiled:Feb  1 2010 (GLib DirectDraw v7 DX10.0 Compiled:Feb  1 2010)
Display:1024x768x32 59.81Hz
CogInput v1.05 Compiled: May 20 2010
0	[0]	:	COGENT START
3686	[3686]	:	Key	30	DOWN	at	3686    
3846	[160]	:	Key	30	UP	at	3846    
4726	[880]	:	Key	28	DOWN	at	4726    
4891	[165]	:	Key	28	UP	at	4891    
23618	[18727]	:	Key	71	DOWN	at	23618   
23676	[58]	:	Fixation at trial 1: 23.654000
24212	[536]	:	Object at trial 1: 24.191000
27740	[3528]	:	Fixation at trial 1: 27.719000
28272	[532]	:	Catch Stim at trial 1: 28.251000
31806	[3534]	:	Catch Q at trial 1: 28.251000
32598	[792]	:	Key	28	DOWN	at	32598   
33789	[1191]	:	Respose to catch Q at trial 1: 32.609000
33791	[2]	:	RT and choice to catch Q at trial 1: 0.824000, 28
33843	[52]	:	Fixation at trial 2: 33.822000
34367	[524]	:	Object at trial 2: 34.347000
37890	[3523]	:	Fixation at trial 2: 37.870000
38416	[526]	:	Catch Stim at trial 2: 38.395000
41941	[3525]	:	Catch Q at trial 2: 38.395000
42734	[793]	:	Key	30	DOWN	at	42734   
43924	[1190]	:	Respose to catch Q at trial 2: 42.741000
43925	[1]	:	RT and choice to catch Q at trial 2: 0.820000, 30
43973	[48]	:	Fixation at trial 3: 43.953000
44495	[522]	:	Object at trial 3: 44.475000
48018	[3523]	:	Fixation at trial 3: 47.998000
48540	[522]	:	Catch Stim at trial 3: 48.520000
52065	[3525]	:	Catch Q at trial 3: 48.520000
52899	[834]	:	Key	28	DOWN	at	52899   
54045	[1146]	:	Respose to catch Q at trial 3: 52.905000
54046	[1]	:	RT and choice to catch Q at trial 3: 0.860000, 28
54086	[40]	:	Fixation at trial 4: 54.066000
54608	[522]	:	Object at trial 4: 54.588000
58131	[3523]	:	Fixation at trial 4: 58.111000
58653	[522]	:	Catch Stim at trial 4: 58.633000
62178	[3525]	:	Catch Q at trial 4: 58.633000
63045	[867]	:	Key	28	DOWN	at	63045   
64158	[1113]	:	Respose to catch Q at trial 4: 63.051000
64159	[1]	:	RT and choice to catch Q at trial 4: 0.893000, 28
64185	[26]	:	Fixation at trial 5: 64.165000
64708	[523]	:	Object at trial 5: 64.687000
68231	[3523]	:	Fixation at trial 5: 68.211000
68753	[522]	:	Catch Stim at trial 5: 68.733000
72278	[3525]	:	Catch Q at trial 5: 68.733000
73420	[1142]	:	Key	30	DOWN	at	73420   
74258	[838]	:	Respose to catch Q at trial 5: 73.426000
74259	[1]	:	RT and choice to catch Q at trial 5: 1.168000, 30
74286	[27]	:	Fixation at trial 6: 74.266000
74808	[522]	:	Object at trial 6: 74.788000
78331	[3523]	:	Fixation at trial 6: 78.311000
78853	[522]	:	Catch Stim at trial 6: 78.833000
82378	[3525]	:	Catch Q at trial 6: 78.833000
83446	[1068]	:	Key	28	DOWN	at	83446   
84358	[912]	:	Respose to catch Q at trial 6: 83.452000
84359	[1]	:	RT and choice to catch Q at trial 6: 1.094000, 28
84385	[26]	:	Fixation at trial 7: 84.365000
84907	[522]	:	Object at trial 7: 84.887000
88430	[3523]	:	Fixation at trial 7: 88.410000
88953	[523]	:	Catch Stim at trial 7: 88.933000
92478	[3525]	:	Catch Q at trial 7: 88.933000
93272	[794]	:	Key	30	DOWN	at	93272   
94458	[1186]	:	Respose to catch Q at trial 7: 93.278000
94459	[1]	:	RT and choice to catch Q at trial 7: 0.820000, 30
94484	[25]	:	Fixation at trial 8: 94.464000
95007	[523]	:	Object at trial 8: 94.987000
98530	[3523]	:	Fixation at trial 8: 98.510000
99053	[523]	:	Catch Stim at trial 8: 99.033000
102578	[3525]	:	Catch Q at trial 8: 99.033000
103612	[1034]	:	Key	28	DOWN	at	103612  
104558	[946]	:	Respose to catch Q at trial 8: 103.618000
104559	[1]	:	RT and choice to catch Q at trial 8: 1.060000, 28
104584	[25]	:	Fixation at trial 9: 104.564000
105106	[522]	:	Object at trial 9: 105.086000
108629	[3523]	:	Fixation at trial 9: 108.609000
109152	[523]	:	Catch Stim at trial 9: 109.132000
112677	[3525]	:	Catch Q at trial 9: 109.132000
113353	[676]	:	Key	30	DOWN	at	113353  
114657	[1304]	:	Respose to catch Q at trial 9: 113.359000
114658	[1]	:	RT and choice to catch Q at trial 9: 0.702000, 30
114683	[25]	:	Fixation at trial 10: 114.663000
115205	[522]	:	Object at trial 10: 115.185000
118728	[3523]	:	Fixation at trial 10: 118.708000
119251	[523]	:	Catch Stim at trial 10: 119.231000
122776	[3525]	:	Catch Q at trial 10: 119.231000
123773	[997]	:	Key	28	DOWN	at	123773  
124756	[983]	:	Respose to catch Q at trial 10: 123.779000
124757	[1]	:	RT and choice to catch Q at trial 10: 1.023000, 28
124782	[25]	:	Fixation at trial 11: 124.762000
125304	[522]	:	Object at trial 11: 125.284000
128826	[3522]	:	Fixation at trial 11: 128.807000
129348	[522]	:	Catch Stim at trial 11: 129.328000
132873	[3525]	:	Catch Q at trial 11: 129.328000
133729	[856]	:	Key	30	DOWN	at	133729  
134853	[1124]	:	Respose to catch Q at trial 11: 133.735000
134853	[0]	:	RT and choice to catch Q at trial 11: 0.882000, 30
134878	[25]	:	Fixation at trial 12: 134.858000
135400	[522]	:	Object at trial 12: 135.380000
138923	[3523]	:	Fixation at trial 12: 138.903000
139445	[522]	:	Catch Stim at trial 12: 139.425000
142970	[3525]	:	Catch Q at trial 12: 139.425000
144104	[1134]	:	Key	28	DOWN	at	144104  
144950	[846]	:	Respose to catch Q at trial 12: 144.110000
144950	[0]	:	RT and choice to catch Q at trial 12: 1.160000, 28
144975	[25]	:	Fixation at trial 13: 144.955000
145497	[522]	:	Object at trial 13: 145.477000
149020	[3523]	:	Fixation at trial 13: 149.000000
149542	[522]	:	Catch Stim at trial 13: 149.522000
153067	[3525]	:	Catch Q at trial 13: 149.522000
153760	[693]	:	Key	30	DOWN	at	153760  
155047	[1287]	:	Respose to catch Q at trial 13: 153.765000
155048	[1]	:	RT and choice to catch Q at trial 13: 0.718000, 30
155072	[24]	:	Fixation at trial 14: 155.052000
155594	[522]	:	Object at trial 14: 155.574000
159117	[3523]	:	Fixation at trial 14: 159.097000
159639	[522]	:	Catch Stim at trial 14: 159.619000
163164	[3525]	:	Catch Q at trial 14: 159.619000
163771	[607]	:	Key	30	DOWN	at	163771  
165144	[1373]	:	Respose to catch Q at trial 14: 163.776000
165145	[1]	:	RT and choice to catch Q at trial 14: 0.632000, 30
165169	[24]	:	Fixation at trial 15: 165.149000
165691	[522]	:	Object at trial 15: 165.671000
169214	[3523]	:	Fixation at trial 15: 169.194000
169736	[522]	:	Catch Stim at trial 15: 169.716000
173261	[3525]	:	Catch Q at trial 15: 169.716000
173741	[480]	:	Key	30	DOWN	at	173741  
175241	[1500]	:	Respose to catch Q at trial 15: 173.746000
175242	[1]	:	RT and choice to catch Q at trial 15: 0.505000, 30
175266	[24]	:	Fixation at trial 16: 175.246000
175788	[522]	:	Object at trial 16: 175.768000
179311	[3523]	:	Fixation at trial 16: 179.291000
179833	[522]	:	Catch Stim at trial 16: 179.813000
183358	[3525]	:	Catch Q at trial 16: 179.813000
184072	[714]	:	Key	28	DOWN	at	184072  
185338	[1266]	:	Respose to catch Q at trial 16: 184.078000
185339	[1]	:	RT and choice to catch Q at trial 16: 0.740000, 28
185363	[24]	:	Fixation at trial 17: 185.343000
185885	[522]	:	Object at trial 17: 185.865000
189408	[3523]	:	Fixation at trial 17: 189.388000
189931	[523]	:	Catch Stim at trial 17: 189.911000
193456	[3525]	:	Catch Q at trial 17: 189.911000
194097	[641]	:	Key	30	DOWN	at	194097  
195436	[1339]	:	Respose to catch Q at trial 17: 194.103000
195436	[0]	:	RT and choice to catch Q at trial 17: 0.667000, 30
195461	[25]	:	Fixation at trial 18: 195.441000
195983	[522]	:	Object at trial 18: 195.963000
199506	[3523]	:	Fixation at trial 18: 199.486000
200029	[523]	:	Catch Stim at trial 18: 200.009000
203555	[3526]	:	Catch Q at trial 18: 200.009000
204438	[883]	:	Key	28	DOWN	at	204438  
205535	[1097]	:	Respose to catch Q at trial 18: 204.444000
205535	[0]	:	RT and choice to catch Q at trial 18: 0.909000, 28
205560	[25]	:	Fixation at trial 19: 205.540000
206082	[522]	:	Object at trial 19: 206.062000
209605	[3523]	:	Fixation at trial 19: 209.585000
210127	[522]	:	Catch Stim at trial 19: 210.107000
213652	[3525]	:	Catch Q at trial 19: 210.107000
214288	[636]	:	Key	30	DOWN	at	214288  
215632	[1344]	:	Respose to catch Q at trial 19: 214.294000
215633	[1]	:	RT and choice to catch Q at trial 19: 0.662000, 30
215657	[24]	:	Fixation at trial 20: 215.637000
216179	[522]	:	Object at trial 20: 216.159000
219702	[3523]	:	Fixation at trial 20: 219.682000
220223	[521]	:	Catch Stim at trial 20: 220.203000
223748	[3525]	:	Catch Q at trial 20: 220.203000
224334	[586]	:	Key	30	DOWN	at	224334  
225728	[1394]	:	Respose to catch Q at trial 20: 224.340000
225729	[1]	:	RT and choice to catch Q at trial 20: 0.612000, 30
225753	[24]	:	Fixation at trial 21: 225.733000
226277	[524]	:	Object at trial 21: 226.257000
229803	[3526]	:	Fixation at trial 21: 229.783000
230325	[522]	:	Catch Stim at trial 21: 230.305000
233850	[3525]	:	Catch Q at trial 21: 230.305000
235030	[1180]	:	Key	28	DOWN	at	235030  
235830	[800]	:	Respose to catch Q at trial 21: 235.036000
235830	[0]	:	RT and choice to catch Q at trial 21: 1.206000, 28
235856	[26]	:	Fixation at trial 22: 235.836000
236378	[522]	:	Object at trial 22: 236.358000
239901	[3523]	:	Fixation at trial 22: 239.881000
240422	[521]	:	Catch Stim at trial 22: 240.402000
243947	[3525]	:	Catch Q at trial 22: 240.402000
244605	[658]	:	Key	30	DOWN	at	244605  
245927	[1322]	:	Respose to catch Q at trial 22: 244.611000
245927	[0]	:	RT and choice to catch Q at trial 22: 0.684000, 30
245952	[25]	:	Fixation at trial 23: 245.932000
246474	[522]	:	Object at trial 23: 246.454000
249997	[3523]	:	Fixation at trial 23: 249.977000
250518	[521]	:	Catch Stim at trial 23: 250.498000
254043	[3525]	:	Catch Q at trial 23: 250.498000
254926	[883]	:	Key	30	DOWN	at	254926  
256023	[1097]	:	Respose to catch Q at trial 23: 254.932000
256023	[0]	:	RT and choice to catch Q at trial 23: 0.909000, 30
256048	[25]	:	Fixation at trial 24: 256.028000
256570	[522]	:	Object at trial 24: 256.550000
260093	[3523]	:	Fixation at trial 24: 260.073000
260615	[522]	:	Catch Stim at trial 24: 260.594000
264140	[3525]	:	Catch Q at trial 24: 260.594000
265051	[911]	:	Key	28	DOWN	at	265051  
266120	[1069]	:	Respose to catch Q at trial 24: 265.057000
266120	[0]	:	RT and choice to catch Q at trial 24: 0.937000, 28
266145	[25]	:	Fixation at trial 25: 266.125000
266668	[523]	:	Object at trial 25: 266.648000
270191	[3523]	:	Fixation at trial 25: 270.171000
270712	[521]	:	Catch Stim at trial 25: 270.692000
274237	[3525]	:	Catch Q at trial 25: 270.692000
275077	[840]	:	Key	30	DOWN	at	275077  
276217	[1140]	:	Respose to catch Q at trial 25: 275.084000
276217	[0]	:	RT and choice to catch Q at trial 25: 0.867000, 30
276242	[25]	:	Fixation at trial 26: 276.222000
276764	[522]	:	Object at trial 26: 276.744000
280287	[3523]	:	Fixation at trial 26: 280.267000
280808	[521]	:	Catch Stim at trial 26: 280.788000
284333	[3525]	:	Catch Q at trial 26: 280.788000
285202	[869]	:	Key	28	DOWN	at	285202  
286313	[1111]	:	Respose to catch Q at trial 26: 285.209000
286313	[0]	:	RT and choice to catch Q at trial 26: 0.896000, 28
286338	[25]	:	Fixation at trial 27: 286.318000
286860	[522]	:	Object at trial 27: 286.840000
290383	[3523]	:	Fixation at trial 27: 290.363000
290905	[522]	:	Catch Stim at trial 27: 290.885000
294430	[3525]	:	Catch Q at trial 27: 290.885000
295648	[1218]	:	Key	28	DOWN	at	295648  
296410	[762]	:	Respose to catch Q at trial 27: 295.654000
296410	[0]	:	RT and choice to catch Q at trial 27: 1.244000, 28
296435	[25]	:	Fixation at trial 28: 296.415000
296957	[522]	:	Object at trial 28: 296.937000
300480	[3523]	:	Fixation at trial 28: 300.460000
301002	[522]	:	Catch Stim at trial 28: 300.982000
304527	[3525]	:	Catch Q at trial 28: 300.982000
305394	[867]	:	Key	28	DOWN	at	305394  
306507	[1113]	:	Respose to catch Q at trial 28: 305.400000
306507	[0]	:	RT and choice to catch Q at trial 28: 0.893000, 28
306532	[25]	:	Fixation at trial 29: 306.512000
307054	[522]	:	Object at trial 29: 307.034000
310577	[3523]	:	Fixation at trial 29: 310.557000
311099	[522]	:	Catch Stim at trial 29: 311.079000
314624	[3525]	:	Catch Q at trial 29: 311.079000
315234	[610]	:	Key	30	DOWN	at	315234  
316604	[1370]	:	Respose to catch Q at trial 29: 315.240000
316604	[0]	:	RT and choice to catch Q at trial 29: 0.636000, 30
316629	[25]	:	Fixation at trial 30: 316.609000
317151	[522]	:	Object at trial 30: 317.131000
320674	[3523]	:	Fixation at trial 30: 320.654000
321196	[522]	:	Catch Stim at trial 30: 321.176000
324722	[3526]	:	Catch Q at trial 30: 321.176000
325350	[628]	:	Key	30	DOWN	at	325350  
326702	[1352]	:	Respose to catch Q at trial 30: 325.356000
326702	[0]	:	RT and choice to catch Q at trial 30: 0.654000, 30
326727	[25]	:	Fixation at trial 31: 326.707000
327249	[522]	:	Object at trial 31: 327.229000
330772	[3523]	:	Fixation at trial 31: 330.752000
331294	[522]	:	Catch Stim at trial 31: 331.274000
334820	[3526]	:	Catch Q at trial 31: 331.274000
335510	[690]	:	Key	28	DOWN	at	335510  
336800	[1290]	:	Respose to catch Q at trial 31: 335.516000
336800	[0]	:	RT and choice to catch Q at trial 31: 0.716000, 28
336825	[25]	:	Fixation at trial 32: 336.805000
337347	[522]	:	Object at trial 32: 337.327000
340870	[3523]	:	Fixation at trial 32: 340.850000
341391	[521]	:	Catch Stim at trial 32: 341.371000
344916	[3525]	:	Catch Q at trial 32: 341.371000
345911	[995]	:	Key	28	DOWN	at	345911  
346896	[985]	:	Respose to catch Q at trial 32: 345.917000
346896	[0]	:	RT and choice to catch Q at trial 32: 1.021000, 28
346921	[25]	:	Fixation at trial 33: 346.901000
347443	[522]	:	Object at trial 33: 347.423000
350966	[3523]	:	Fixation at trial 33: 350.946000
351487	[521]	:	Catch Stim at trial 33: 351.467000
355012	[3525]	:	Catch Q at trial 33: 351.467000
356232	[1220]	:	Key	30	DOWN	at	356232  
356992	[760]	:	Respose to catch Q at trial 33: 356.238000
356992	[0]	:	RT and choice to catch Q at trial 33: 1.246000, 30
357017	[25]	:	Fixation at trial 34: 356.997000
357539	[522]	:	Object at trial 34: 357.519000
361062	[3523]	:	Fixation at trial 34: 361.042000
361584	[522]	:	Catch Stim at trial 34: 361.564000
365109	[3525]	:	Catch Q at trial 34: 361.564000
367141	[2032]	:	Respose to catch Q at trial 34: 366.619000
367142	[1]	:	RT and choice to catch Q at trial 34: 1.530000, 0
367178	[36]	:	Fixation at trial 35: 367.158000
367700	[522]	:	Object at trial 35: 367.680000
371223	[3523]	:	Fixation at trial 35: 371.203000
371746	[523]	:	Catch Stim at trial 35: 371.726000
375273	[3527]	:	Catch Q at trial 35: 371.726000
375938	[665]	:	Key	30	DOWN	at	375938  
377253	[1315]	:	Respose to catch Q at trial 35: 375.944000
377253	[0]	:	RT and choice to catch Q at trial 35: 0.691000, 30
377278	[25]	:	Fixation at trial 36: 377.258000
377800	[522]	:	Object at trial 36: 377.780000
381323	[3523]	:	Fixation at trial 36: 381.303000
381845	[522]	:	Catch Stim at trial 36: 381.825000
385370	[3525]	:	Catch Q at trial 36: 381.825000
386118	[748]	:	Key	30	DOWN	at	386118  
387350	[1232]	:	Respose to catch Q at trial 36: 386.123000
387350	[0]	:	RT and choice to catch Q at trial 36: 0.773000, 30
387375	[25]	:	Fixation at trial 37: 387.355000
387897	[522]	:	Object at trial 37: 387.877000
391420	[3523]	:	Fixation at trial 37: 391.400000
391942	[522]	:	Catch Stim at trial 37: 391.922000
395467	[3525]	:	Catch Q at trial 37: 391.922000
396374	[907]	:	Key	30	DOWN	at	396374  
397447	[1073]	:	Respose to catch Q at trial 37: 396.380000
397447	[0]	:	RT and choice to catch Q at trial 37: 0.933000, 30
397472	[25]	:	Fixation at trial 38: 397.452000
397994	[522]	:	Object at trial 38: 397.974000
401517	[3523]	:	Fixation at trial 38: 401.497000
402039	[522]	:	Catch Stim at trial 38: 402.019000
405564	[3525]	:	Catch Q at trial 38: 402.019000
406414	[850]	:	Key	30	DOWN	at	406414  
407544	[1130]	:	Respose to catch Q at trial 38: 406.420000
407544	[0]	:	RT and choice to catch Q at trial 38: 0.876000, 30
407569	[25]	:	Fixation at trial 39: 407.549000
408091	[522]	:	Object at trial 39: 408.071000
411614	[3523]	:	Fixation at trial 39: 411.594000
412136	[522]	:	Catch Stim at trial 39: 412.116000
415661	[3525]	:	Catch Q at trial 39: 412.116000
416400	[739]	:	Key	28	DOWN	at	416400  
417641	[1241]	:	Respose to catch Q at trial 39: 416.405000
417641	[0]	:	RT and choice to catch Q at trial 39: 0.764000, 28
417666	[25]	:	Fixation at trial 40: 417.646000
418188	[522]	:	Object at trial 40: 418.168000
421711	[3523]	:	Fixation at trial 40: 421.691000
422233	[522]	:	Catch Stim at trial 40: 422.213000
425758	[3525]	:	Catch Q at trial 40: 422.213000
426781	[1023]	:	Key	28	DOWN	at	426781  
427738	[957]	:	Respose to catch Q at trial 40: 426.787000
427739	[1]	:	RT and choice to catch Q at trial 40: 1.049000, 28
427763	[24]	:	Fixation at trial 41: 427.743000
428285	[522]	:	Object at trial 41: 428.265000
431808	[3523]	:	Fixation at 