Cog2000 log file Wed Sep 25 09:59:36 2019
gprim v1.29 Compiled:Feb  1 2010 (GLib DirectDraw v7 DX10.0 Compiled:Feb  1 2010)
Display:1024x768x32 59.81Hz
CogInput v1.05 Compiled: May 20 2010
0	[0]	:	COGENT START
3552	[3552]	:	Key	30	DOWN	at	3552    
3837	[285]	:	Key	30	UP	at	3837    
4967	[1130]	:	Key	28	DOWN	at	4967    
5222	[255]	:	Key	28	UP	at	5222    
31613	[26391]	:	Key	71	DOWN	at	31613   
31667	[54]	:	Fixation at trial 1: 31.647000
32691	[1024]	:	Object at trial 1: 32.670000
34715	[2024]	:	Fixation at trial 1: 34.695000
35745	[1030]	:	Catch Stim at trial 1: 35.723000
36513	[768]	:	Key	30	DOWN	at	36513   
38224	[1711]	:	Respose to catch Q at trial 1: 36.520000
38225	[1]	:	RT and choice to catch Q at trial 1: 0.797000, 30
38259	[34]	:	Fixation at trial 2: 38.239000
39281	[1022]	:	Object at trial 2: 39.261000
41310	[2029]	:	Fixation at trial 3: 41.290000
42331	[1021]	:	Object at trial 3: 42.311000
44357	[2026]	:	Fixation at trial 4: 44.337000
45379	[1022]	:	Object at trial 4: 45.359000
47406	[2027]	:	Fixation at trial 5: 47.386000
48427	[1021]	:	Object at trial 5: 48.407000
50454	[2027]	:	Fixation at trial 6: 50.434000
51475	[1021]	:	Object at trial 6: 51.455000
53500	[2025]	:	Fixation at trial 7: 53.480000
54522	[1022]	:	Object at trial 7: 54.502000
56547	[2025]	:	Fixation at trial 8: 56.527000
57569	[1022]	:	Object at trial 8: 57.549000
59594	[2025]	:	Fixation at trial 9: 59.574000
60616	[1022]	:	Object at trial 9: 60.596000
62640	[2024]	:	Fixation at trial 9: 62.620000
63665	[1025]	:	Catch Stim at trial 9: 63.645000
65120	[1455]	:	Key	28	DOWN	at	65120   
66144	[1024]	:	Respose to catch Q at trial 9: 65.127000
66145	[1]	:	RT and choice to catch Q at trial 9: 1.482000, 28
66172	[27]	:	Fixation at trial 10: 66.152000
67193	[1021]	:	Object at trial 10: 67.173000
69217	[2024]	:	Fixation at trial 11: 69.197000
70238	[1021]	:	Object at trial 11: 70.218000
72262	[2024]	:	Fixation at trial 12: 72.242000
73283	[1021]	:	Object at trial 12: 73.263000
75307	[2024]	:	Fixation at trial 13: 75.287000
76328	[1021]	:	Object at trial 13: 76.308000
78353	[2025]	:	Fixation at trial 14: 78.333000
79374	[1021]	:	Object at trial 14: 79.354000
81399	[2025]	:	Fixation at trial 15: 81.379000
82421	[1022]	:	Object at trial 15: 82.401000
84445	[2024]	:	Fixation at trial 16: 84.425000
85466	[1021]	:	Object at trial 16: 85.446000
87490	[2024]	:	Fixation at trial 17: 87.470000
88511	[1021]	:	Object at trial 17: 88.491000
90542	[2031]	:	Fixation at trial 18: 90.522000
91563	[1021]	:	Object at trial 18: 91.543000
93588	[2025]	:	Fixation at trial 19: 93.568000
94609	[1021]	:	Object at trial 19: 94.589000
96633	[2024]	:	Fixation at trial 19: 96.613000
97659	[1026]	:	Catch Stim at trial 19: 97.639000
98563	[904]	:	Key	28	DOWN	at	98563   
100139	[1576]	:	Respose to catch Q at trial 19: 98.569000
100140	[1]	:	RT and choice to catch Q at trial 19: 0.930000, 28
100170	[30]	:	Fixation at trial 20: 100.150000
101191	[1021]	:	Object at trial 20: 101.171000
103222	[2031]	:	Fixation at trial 21: 103.202000
104243	[1021]	:	Object at trial 21: 104.223000
106268	[2025]	:	Fixation at trial 21: 106.248000
107294	[1026]	:	Catch Stim at trial 21: 107.274000
108289	[995]	:	Key	30	DOWN	at	108289  
109774	[1485]	:	Respose to catch Q at trial 21: 108.295000
109775	[1]	:	RT and choice to catch Q at trial 21: 1.021000, 30
109801	[26]	:	Fixation at trial 22: 109.781000
110822	[1021]	:	Object at trial 22: 110.802000
112850	[2028]	:	Fixation at trial 23: 112.830000
113871	[1021]	:	Object at trial 23: 113.851000
115898	[2027]	:	Fixation at trial 24: 115.878000
116920	[1022]	:	Object at trial 24: 116.900000
118945	[2025]	:	Fixation at trial 25: 118.925000
119967	[1022]	:	Object at trial 25: 119.947000
121993	[2026]	:	Fixation at trial 26: 121.973000
123015	[1022]	:	Object at trial 26: 122.995000
125040	[2025]	:	Fixation at trial 26: 125.020000
126065	[1025]	:	Catch Stim at trial 26: 126.045000
126900	[835]	:	Key	30	DOWN	at	126900  
128545	[1645]	:	Respose to catch Q at trial 26: 126.906000
128547	[2]	:	RT and choice to catch Q at trial 26: 0.861000, 30
128571	[24]	:	Fixation at trial 27: 128.552000
129594	[1023]	:	Object at trial 27: 129.573000
131619	[2025]	:	Fixation at trial 28: 131.599000
132640	[1021]	:	Object at trial 28: 132.620000
134664	[2024]	:	Fixation at trial 29: 134.644000
135685	[1021]	:	Object at trial 29: 135.665000
137709	[2024]	:	Fixation at trial 29: 137.689000
138735	[1026]	:	Catch Stim at trial 29: 138.715000
139880	[1145]	:	Key	28	DOWN	at	139880  
141215	[1335]	:	Respose to catch Q at trial 29: 139.886000
141216	[1]	:	RT and choice to catch Q at trial 29: 1.171000, 28
141242	[26]	:	Fixation at trial 30: 141.222000
142264	[1022]	:	Object at trial 30: 142.244000
144289	[2025]	:	Fixation at trial 30: 144.269000
145314	[1025]	:	Catch Stim at trial 30: 145.294000
146496	[1182]	:	Key	30	DOWN	at	146496  
147794	[1298]	:	Respose to catch Q at trial 30: 146.502000
147795	[1]	:	RT and choice to catch Q at trial 30: 1.208000, 30
147820	[25]	:	Fixation at trial 31: 147.800000
148841	[1021]	:	Object at trial 31: 148.821000
150866	[2025]	:	Fixation at trial 31: 150.846000
151892	[1026]	:	Catch Stim at trial 31: 151.872000
152916	[1024]	:	Key	28	DOWN	at	152916  
154372	[1456]	:	Respose to catch Q at trial 31: 152.922000
154373	[1]	:	RT and choice to catch Q at trial 31: 1.050000, 28
154398	[25]	:	Fixation at trial 32: 154.378000
155419	[1021]	:	Object at trial 32: 155.399000
157444	[2025]	:	Fixation at trial 33: 157.424000
158465	[1021]	:	Object at trial 33: 158.445000
160490	[2025]	:	Fixation at trial 34: 160.470000
161512	[1022]	:	Object at trial 34: 161.492000
163537	[2025]	:	Fixation at trial 35: 163.517000
164558	[1021]	:	Object at trial 35: 164.538000
166583	[2025]	:	Fixation at trial 36: 166.563000
167604	[1021]	:	Object at trial 36: 167.584000
169628	[2024]	:	Fixation at trial 37: 169.608000
170649	[1021]	:	Object at trial 37: 170.629000
172673	[2024]	:	Fixation at trial 38: 172.653000
173694	[1021]	:	Object at trial 38: 173.674000
175718	[2024]	:	Fixation at trial 39: 175.698000
176739	[1021]	:	Object at trial 39: 176.719000
178763	[2024]	:	Fixation at trial 40: 178.743000
179784	[1021]	:	Object at trial 40: 179.764000
181808	[2024]	:	Fixation at trial 41: 181.788000
182829	[1021]	:	Object at trial 41: 182.809000
184853	[2024]	:	Fixation at trial 41: 184.833000
185879	[1026]	:	Catch Stim at trial 41: 185.859000
187018	[1139]	:	Key	28	DOWN	at	187018  
188359	[1341]	:	Respose to catch Q at trial 41: 187.024000
188360	[1]	:	RT and choice to catch Q at trial 41: 1.165000, 28
188384	[24]	:	Fixation at trial 42: 188.364000
189405	[1021]	:	Object at trial 42: 189.385000
191429	[2024]	:	Fixation at trial 43: 191.409000
192450	[1021]	:	Object at trial 43: 192.430000
194474	[2024]	:	Fixation at trial 44: 194.454000
195495	[1021]	:	Object at trial 44: 195.475000
197519	[2024]	:	Fixation at trial 45: 197.499000
198541	[1022]	:	Object at trial 45: 198.521000
200565	[2024]	:	Fixation at trial 46: 200.545000
201587	[1022]	:	Object at trial 46: 201.567000
203611	[2024]	:	Fixation at trial 47: 203.591000
204633	[1022]	:	Object at trial 47: 204.613000
206658	[2025]	:	Fixation at trial 48: 206.638000
207679	[1021]	:	Object at trial 48: 207.659000
209703	[2024]	:	Fixation at trial 49: 209.683000
210724	[1021]	:	Object at trial 49: 210.704000
212748	[2024]	:	Fixation at trial 50: 212.728000
213769	[1021]	:	Object at trial 50: 213.749000
215793	[2024]	:	Fixation at trial 50: 215.773000
216817	[1024]	:	Catch Stim at trial 50: 216.797000
217491	[674]	:	Key	30	DOWN	at	217491  
219297	[1806]	:	Respose to catch Q at trial 50: 217.497000
219298	[1]	:	RT and choice to catch Q at trial 50: 0.700000, 30
219322	[24]	:	Fixation at trial 51: 219.302000
220343	[1021]	:	Object at trial 51: 220.323000
222367	[2024]	:	Fixation at trial 52: 222.347000
223388	[1021]	:	Object at trial 52: 223.368000
225412	[2024]	:	Fixation at trial 53: 225.392000
226433	[1021]	:	Object at trial 53: 226.413000
228457	[2024]	:	Fixation at trial 54: 228.437000
229478	[1021]	:	Object at trial 54: 229.458000
231502	[2024]	:	Fixation at trial 54: 231.482000
232527	[1025]	:	Catch Stim at trial 54: 232.507000
233577	[1050]	:	Key	28	DOWN	at	233577  
235007	[1430]	:	Respose to catch Q at trial 54: 233.583000
235007	[0]	:	RT and choice to catch Q at trial 54: 1.076000, 28
235032	[25]	:	Fixation at trial 55: 235.012000
236054	[1022]	:	Object at trial 55: 236.034000
238078	[2024]	:	Fixation at trial 56: 238.058000
239099	[1021]	:	Object at trial 56: 239.079000
241123	[2024]	:	Fixation at trial 57: 241.103000
242144	[1021]	:	Object at trial 57: 242.124000
244170	[2026]	:	Fixation at trial 58: 244.150000
245191	[1021]	:	Object at trial 58: 245.171000
247216	[2025]	:	Fixation at trial 59: 247.196000
248237	[1021]	:	Object at trial 59: 248.217000
250261	[2024]	:	Fixation at trial 60: 250.241000
251282	[1021]	:	Object at trial 60: 251.262000
253306	[2024]	:	Fixation at trial 61: 253.286000
254327	[1021]	:	Object at trial 61: 254.307000
256353	[2026]	:	Fixation at trial 62: 256.332000
257373	[1020]	:	Object at trial 62: 257.354000
259396	[2023]	:	Fixation at trial 62: 259.376000
260420	[1024]	:	Catch Stim at trial 62: 260.400000
261559	[1139]	:	Key	30	DOWN	at	261559  
262900	[1341]	:	Respose to catch Q at trial 62: 261.565000
262900	[0]	:	RT and choice to catch Q at trial 62: 1.165000, 30
262925	[25]	:	Fixation at trial 63: 262.905000
263946	[1021]	:	Object at trial 63: 263.926000
265970	[2024]	:	Fixation at trial 64: 265.950000
266991	[1021]	:	Object at trial 64: 266.971000
269015	[2024]	:	Fixation at trial 65: 268.995000
270036	[1021]	:	Object at trial 65: 270.016000
272060	[2024]	:	Fixation at trial 65: 272.040000
273085	[1025]	:	Catch Stim at trial 65: 273.065000
274370	[1285]	:	Key	28	DOWN	at	274370  
275565	[1195]	:	Respose to catch Q at trial 65: 274.376000
275565	[0]	:	RT and choice to catch Q at trial 65: 1.311000, 28
275590	[25]	:	Fixation at trial 66: 275.570000
276611	[1021]	:	Object at trial 66: 276.591000
278635	[2024]	:	Fixation at trial 67: 278.615000
279656	[1021]	:	Object at trial 67: 279.636000
281680	[2024]	:	Fixation at trial 68: 281.660000
282701	[1021]	:	Object at trial 68: 282.681000
284725	[2024]	:	Fixation at trial 69: 284.705000
285746	[1021]	:	Object at trial 69: 285.726000
287770	[2024]	:	Fixation at trial 70: 287.750000
288791	[1021]	:	Object at trial 70: 288.771000
290815	[2024]	:	Fixation at trial 71: 290.795000
291836	[1021]	:	Object at trial 71: 291.816000
293860	[2024]	:	Fixation at trial 72: 293.840000
294881	[1021]	:	Object at trial 72: 294.861000
296905	[2024]	:	Fixation at trial 73: 296.885000
297926	[1021]	:	Object at trial 73: 297.906000
299950	[2024]	:	Fixation at trial 73: 299.930000
300974	[1024]	:	Catch Stim at trial 73: 300.954000
301818	[844]	:	Key	30	DOWN	at	301818  
303454	[1636]	:	Respose to catch Q at trial 73: 301.824000
303454	[0]	:	RT and choice to catch Q at trial 73: 0.870000, 30
303479	[25]	:	Fixation at trial 74: 303.459000
304500	[1021]	:	Object at trial 74: 304.480000
306524	[2024]	:	Fixation at trial 75: 306.504000
307545	[1021]	:	Object at trial 75: 307.525000
309569	[2024]	:	Fixation at trial 76: 309.549000
310590	[1021]	:	Object at trial 76: 310.570000
312615	[2025]	:	Fixation at trial 77: 312.595000
313636	[1021]	:	Object at trial 77: 313.616000
315660	[2024]	:	Fixation at trial 78: 315.640000
316681	[1021]	:	Object at trial 78: 316.661000
318705	[2024]	:	Fixation at trial 79: 318.685000
319726	[1021]	:	Object at trial 79: 319.706000
321750	[2024]	:	Fixation at trial 80: 321.730000
322771	[1021]	:	Object at trial 80: 322.751000
324795	[2024]	:	Fixation at trial 81: 324.775000
325816	[1021]	:	Object at trial 81: 325.796000
327840	[2024]	:	Fixation at trial 81: 327.820000
328864	[1024]	:	Catch Stim at trial 81: 328.844000
329864	[1000]	:	Key	28	DOWN	at	329864  
331344	[1480]	:	Respose to catch Q at trial 81: 329.870000
331344	[0]	:	RT and choice to catch Q at trial 81: 1.026000, 28
331369	[25]	:	Fixation at trial 82: 331.349000
332390	[1021]	:	Object at trial 82: 332.370000
334414	[2024]	:	Fixation at trial 83: 334.394000
335435	[1021]	:	Object at trial 83: 335.415000
337459	[2024]	:	Fixation at trial 84: 337.439000
338480	[1021]	:	Object at trial 84: 338.460000
340505	[2025]	:	Fixation at trial 85: 340.485