Cog2000 log file Wed Sep 25 10:30:31 2019
gprim v1.29 Compiled:Feb  1 2010 (GLib DirectDraw v7 DX10.0 Compiled:Feb  1 2010)
Display:1024x768x32 59.84Hz
CogInput v1.05 Compiled: May 20 2010
0	[0]	:	COGENT START
4726	[4726]	:	Key	30	DOWN	at	4726    
4951	[225]	:	Key	30	UP	at	4951    
6856	[1905]	:	Key	28	DOWN	at	6856    
7066	[210]	:	Key	28	UP	at	7066    
35438	[28372]	:	Key	71	DOWN	at	35438   
35495	[57]	:	Fixation at trial 1: 35.475000
36023	[528]	:	Object at trial 1: 36.002000
39547	[3524]	:	Fixation at trial 1: 39.526000
40076	[529]	:	Catch Stim at trial 1: 40.055000
43605	[3529]	:	Catch Q at trial 1: 40.055000
44873	[1268]	:	Key	28	DOWN	at	44873   
45585	[712]	:	Respose to catch Q at trial 1: 44.881000
45586	[1]	:	RT and choice to catch Q at trial 1: 1.297000, 28
45621	[35]	:	Fixation at trial 2: 45.601000
46143	[522]	:	Object at trial 2: 46.123000
49666	[3523]	:	Fixation at trial 2: 49.646000
50190	[524]	:	Catch Stim at trial 2: 50.170000
53716	[3526]	:	Catch Q at trial 2: 50.170000
54399	[683]	:	Key	30	DOWN	at	54399   
55696	[1297]	:	Respose to catch Q at trial 2: 54.405000
55697	[1]	:	RT and choice to catch Q at trial 2: 0.709000, 30
55730	[33]	:	Fixation at trial 3: 55.710000
56252	[522]	:	Object at trial 3: 56.232000
59775	[3523]	:	Fixation at trial 3: 59.755000
60299	[524]	:	Catch Stim at trial 3: 60.278000
63825	[3526]	:	Catch Q at trial 3: 60.278000
64574	[749]	:	Key	30	DOWN	at	64574   
65805	[1231]	:	Respose to catch Q at trial 3: 64.580000
65806	[1]	:	RT and choice to catch Q at trial 3: 0.775000, 30
65834	[28]	:	Fixation at trial 4: 65.814000
66356	[522]	:	Object at trial 4: 66.336000
69879	[3523]	:	Fixation at trial 4: 69.859000
70401	[522]	:	Catch Stim at trial 4: 70.381000
73927	[3526]	:	Catch Q at trial 4: 70.381000
74675	[748]	:	Key	28	DOWN	at	74675   
75907	[1232]	:	Respose to catch Q at trial 4: 74.681000
75908	[1]	:	RT and choice to catch Q at trial 4: 0.774000, 28
75936	[28]	:	Fixation at trial 5: 75.916000
76458	[522]	:	Object at trial 5: 76.438000
79981	[3523]	:	Fixation at trial 5: 79.961000
80503	[522]	:	Catch Stim at trial 5: 80.483000
84029	[3526]	:	Catch Q at trial 5: 80.483000
84860	[831]	:	Key	28	DOWN	at	84860   
86009	[1149]	:	Respose to catch Q at trial 5: 84.866000
86010	[1]	:	RT and choice to catch Q at trial 5: 0.857000, 28
86038	[28]	:	Fixation at trial 6: 86.018000
86561	[523]	:	Object at trial 6: 86.541000
90084	[3523]	:	Fixation at trial 6: 90.064000
90606	[522]	:	Catch Stim at trial 6: 90.586000
94131	[3525]	:	Catch Q at trial 6: 90.586000
95161	[1030]	:	Key	30	DOWN	at	95161   
96111	[950]	:	Respose to catch Q at trial 6: 95.167000
96112	[1]	:	RT and choice to catch Q at trial 6: 1.056000, 30
96138	[26]	:	Fixation at trial 7: 96.118000
96660	[522]	:	Object at trial 7: 96.640000
100183	[3523]	:	Fixation at trial 7: 100.163000
100706	[523]	:	Catch Stim at trial 7: 100.686000
104232	[3526]	:	Catch Q at trial 7: 100.686000
105046	[814]	:	Key	28	DOWN	at	105046  
106212	[1166]	:	Respose to catch Q at trial 7: 105.051000
106213	[1]	:	RT and choice to catch Q at trial 7: 0.839000, 28
106238	[25]	:	Fixation at trial 8: 106.218000
106760	[522]	:	Object at trial 8: 106.740000
110283	[3523]	:	Fixation at trial 8: 110.263000
110806	[523]	:	Catch Stim at trial 8: 110.786000
114331	[3525]	:	Catch Q at trial 8: 110.786000
114917	[586]	:	Key	30	DOWN	at	114917  
116311	[1394]	:	Respose to catch Q at trial 8: 114.923000
116312	[1]	:	RT and choice to catch Q at trial 8: 0.612000, 30
116337	[25]	:	Fixation at trial 9: 116.317000
116859	[522]	:	Object at trial 9: 116.839000
120382	[3523]	:	Fixation at trial 9: 120.362000
120905	[523]	:	Catch Stim at trial 9: 120.885000
124431	[3526]	:	Catch Q at trial 9: 120.885000
125408	[977]	:	Key	30	DOWN	at	125408  
126411	[1003]	:	Respose to catch Q at trial 9: 125.414000
126412	[1]	:	RT and choice to catch Q at trial 9: 1.003000, 30
126436	[24]	:	Fixation at trial 10: 126.416000
126958	[522]	:	Object at trial 10: 126.938000
130481	[3523]	:	Fixation at trial 10: 130.461000
131003	[522]	:	Catch Stim at trial 10: 130.983000
134528	[3525]	:	Catch Q at trial 10: 130.983000
135863	[1335]	:	Key	28	DOWN	at	135863  
136508	[645]	:	Respose to catch Q at trial 10: 135.869000
136509	[1]	:	RT and choice to catch Q at trial 10: 1.361000, 28
136533	[24]	:	Fixation at trial 11: 136.513000
137055	[522]	:	Object at trial 11: 137.035000
140578	[3523]	:	Fixation at trial 11: 140.558000
141100	[522]	:	Catch Stim at trial 11: 141.080000
144626	[3526]	:	Catch Q at trial 11: 141.080000
145694	[1068]	:	Key	28	DOWN	at	145694  
146606	[912]	:	Respose to catch Q at trial 11: 145.700000
146607	[1]	:	RT and choice to catch Q at trial 11: 1.094000, 28
146631	[24]	:	Fixation at trial 12: 146.611000
147153	[522]	:	Object at trial 12: 147.133000
150676	[3523]	:	Fixation at trial 12: 150.656000
151198	[522]	:	Catch Stim at trial 12: 151.178000
154723	[3525]	:	Catch Q at trial 12: 151.178000
156024	[1301]	:	Key	30	DOWN	at	156024  
156703	[679]	:	Respose to catch Q at trial 12: 156.030000
156703	[0]	:	RT and choice to catch Q at trial 12: 1.327000, 30
156728	[25]	:	Fixation at trial 13: 156.708000
157250	[522]	:	Object at trial 13: 157.230000
160773	[3523]	:	Fixation at trial 13: 160.753000
161295	[522]	:	Catch Stim at trial 13: 161.275000
164821	[3526]	:	Catch Q at trial 13: 161.275000
165480	[659]	:	Key	30	DOWN	at	165480  
166801	[1321]	:	Respose to catch Q at trial 13: 165.486000
166802	[1]	:	RT and choice to catch Q at trial 13: 0.685000, 30
166826	[24]	:	Fixation at trial 14: 166.806000
167349	[523]	:	Object at trial 14: 167.329000
170872	[3523]	:	Fixation at trial 14: 170.852000
171394	[522]	:	Catch Stim at trial 14: 171.374000
174920	[3526]	:	Catch Q at trial 14: 171.374000
175746	[826]	:	Key	30	DOWN	at	175746  
176900	[1154]	:	Respose to catch Q at trial 14: 175.752000
176901	[1]	:	RT and choice to catch Q at trial 14: 0.852000, 30
176925	[24]	:	Fixation at trial 15: 176.905000
177447	[522]	:	Object at trial 15: 177.427000
180970	[3523]	:	Fixation at trial 15: 180.950000
181491	[521]	:	Catch Stim at trial 15: 181.471000
185016	[3525]	:	Catch Q at trial 15: 181.471000
185601	[585]	:	Key	30	DOWN	at	185601  
186996	[1395]	:	Respose to catch Q at trial 15: 185.607000
186997	[1]	:	RT and choice to catch Q at trial 15: 0.611000, 30
187021	[24]	:	Fixation at trial 16: 187.001000
187543	[522]	:	Object at trial 16: 187.523000
191066	[3523]	:	Fixation at trial 16: 191.046000
191588	[522]	:	Catch Stim at trial 16: 191.568000
195113	[3525]	:	Catch Q at trial 16: 191.568000
196117	[1004]	:	Key	28	DOWN	at	196117  
197093	[976]	:	Respose to catch Q at trial 16: 196.123000
197094	[1]	:	RT and choice to catch Q at trial 16: 1.030000, 28
197118	[24]	:	Fixation at trial 17: 197.098000
197641	[523]	:	Object at trial 17: 197.621000
201164	[3523]	:	Fixation at trial 17: 201.144000
201686	[522]	:	Catch Stim at trial 17: 201.666000
205212	[3526]	:	Catch Q at trial 17: 201.666000
206122	[910]	:	Key	28	DOWN	at	206122  
207192	[1070]	:	Respose to catch Q at trial 17: 206.127000
207192	[0]	:	RT and choice to catch Q at trial 17: 0.935000, 28
207217	[25]	:	Fixation at trial 18: 207.197000
207739	[522]	:	Object at trial 18: 207.719000
211262	[3523]	:	Fixation at trial 18: 211.242000
211784	[522]	:	Catch Stim at trial 18: 211.764000
215311	[3527]	:	Catch Q at trial 18: 211.764000
216178	[867]	:	Key	30	DOWN	at	216178  
217291	[1113]	:	Respose to catch Q at trial 18: 216.183000
217291	[0]	:	RT and choice to catch Q at trial 18: 0.892000, 30
217316	[25]	:	Fixation at trial 19: 217.296000
217838	[522]	:	Object at trial 19: 217.818000
221361	[3523]	:	Fixation at trial 19: 221.341000
221883	[522]	:	Catch Stim at trial 19: 221.863000
225409	[3526]	:	Catch Q at trial 19: 221.863000
226588	[1179]	:	Key	30	DOWN	at	226588  
227389	[801]	:	Respose to catch Q at trial 19: 226.594000
227389	[0]	:	RT and choice to catch Q at trial 19: 1.205000, 30
227414	[25]	:	Fixation at trial 20: 227.394000
227936	[522]	:	Object at trial 20: 227.916000
231459	[3523]	:	Fixation at trial 20: 231.439000
231981	[522]	:	Catch Stim at trial 20: 231.961000
235506	[3525]	:	Catch Q at trial 20: 231.961000
236449	[943]	:	Key	28	DOWN	at	236449  
237486	[1037]	:	Respose to catch Q at trial 20: 236.455000
237487	[1]	:	RT and choice to catch Q at trial 20: 0.969000, 28
237511	[24]	:	Fixation at trial 21: 237.491000
238033	[522]	:	Object at trial 21: 238.013000
241556	[3523]	:	Fixation at trial 21: 241.536000
242078	[522]	:	Catch Stim at trial 21: 242.058000
245604	[3526]	:	Catch Q at trial 21: 242.058000
246565	[961]	:	Key	30	DOWN	at	246565  
247584	[1019]	:	Respose to catch Q at trial 21: 246.571000
247584	[0]	:	RT and choice to catch Q at trial 21: 0.987000, 30
247609	[25]	:	Fixation at trial 22: 247.589000
248131	[522]	:	Object at trial 22: 248.111000
251654	[3523]	:	Fixation at trial 22: 251.634000
252176	[522]	:	Catch Stim at trial 22: 252.156000
255701	[3525]	:	Catch Q at trial 22: 252.156000
256295	[594]	:	Key	30	DOWN	at	256295  
257682	[1387]	:	Respose to catch Q at trial 22: 256.301000
257682	[0]	:	RT and choice to catch Q at trial 22: 0.620000, 30
257707	[25]	:	Fixation at trial 23: 257.687000
258230	[523]	:	Object at trial 23: 258.209000
261753	[3523]	:	Fixation at trial 23: 261.734000
262275	[522]	:	Catch Stim at trial 23: 262.255000
265800	[3525]	:	Catch Q at trial 23: 262.255000
267271	[1471]	:	Key	30	DOWN	at	267271  
267780	[509]	:	Respose to catch Q at trial 23: 267.277000
267781	[1]	:	RT and choice to catch Q at trial 23: 1.497000, 30
267805	[24]	:	Fixation at trial 24: 267.785000
268327	[522]	:	Object at trial 24: 268.307000
271850	[3523]	:	Fixation at trial 24: 271.830000
272372	[522]	:	Catch Stim at trial 24: 272.352000
275897	[3525]	:	Catch Q at trial 24: 272.352000
277126	[1229]	:	Key	28	DOWN	at	277126  
277877	[751]	:	Respose to catch Q at trial 24: 277.132000
277877	[0]	:	RT and choice to catch Q at trial 24: 1.255000, 28
277902	[25]	:	Fixation at trial 25: 277.882000
278424	[522]	:	Object at trial 25: 278.404000
281947	[3523]	:	Fixation at trial 25: 281.927000
282469	[522]	:	Catch Stim at trial 25: 282.449000
285994	[3525]	:	Catch Q at trial 25: 282.449000
287042	[1048]	:	Key	28	DOWN	at	287042  
287974	[932]	:	Respose to catch Q at trial 25: 287.048000
287974	[0]	:	RT and choice to catch Q at trial 25: 1.074000, 28
287999	[25]	:	Fixation at trial 26: 287.979000
288521	[522]	:	Object at trial 26: 288.501000
292044	[3523]	:	Fixation at trial 26: 292.024000
292565	[521]	:	Catch Stim at trial 26: 292.545000
296091	[3526]	:	Catch Q at trial 26: 292.545000
297062	[971]	:	Key	30	DOWN	at	297062  
298071	[1009]	:	Respose to catch Q at trial 26: 297.068000
298071	[0]	:	RT and choice to catch Q at trial 26: 0.997000, 30
298096	[25]	:	Fixation at trial 27: 298.076000
298619	[523]	:	Object at trial 27: 298.599000
302142	[3523]	:	Fixation at trial 27: 302.122000
302663	[521]	:	Catch Stim at trial 27: 302.643000
306188	[3525]	:	Catch Q at trial 27: 302.643000
306983	[795]	:	Key	30	DOWN	at	306983  
308168	[1185]	:	Respose to catch Q at trial 27: 306.989000
308168	[0]	:	RT and choice to catch Q at trial 27: 0.821000, 30
308193	[25]	:	Fixation at trial 28: 308.173000
308715	[522]	:	Object at trial 28: 308.695000
312238	[3523]	:	Fixation at trial 28: 312.218000
312760	[522]	:	Catch Stim at trial 28: 312.740000
316286	[3526]	:	Catch Q at trial 28: 312.740000
317134	[848]	:	Key	28	DOWN	at	317134  
318266	[1132]	:	Respose to catch Q at trial 28: 317.140000
318267	[1]	:	RT and choice to catch Q at trial 28: 0.874000, 28
318291	[24]	:	Fixation at trial 29: 318.271000
318813	[522]	:	Object at trial 29: 318.793000
322336	[3523]	:	Fixation at trial 29: 322.316000
322858	[522]	:	Catch Stim at trial 29: 322.838000
326383	[3525]	:	Catch Q at trial 29: 322.838000
327259	[876]	:	Key	30	DOWN	at	327259  
328363	[1104]	:	Respose to catch Q at trial 29: 327.265000
328363	[0]	:	RT and choice to catch Q at trial 29: 0.902000, 30
328388	[25]	:	Fixation at trial 30: 328.368000
328910	[522]	:	Object at trial 30: 328.890000
332433	[3523]	:	Fixation at trial 30: 332.413000
332955	[522]	:	Catch Stim at trial 30: 332.935000
336481	[3526]	:	Catch Q at trial 30: 332.935000
337275	[794]	:	Key	30	DOWN	at	337275  
338461	[1186]	:	Respose to catch Q at trial 30: 337.281000
338461	[0]	:	RT and choice to catch Q at trial 30: 0.820000, 30
338486	[25]	:	Fixation at trial 31: 338.466000
339008	[522]	:	Object at trial 31: 338.988000
342531	[3523]	:	Fixation at trial 31: 342.511000
343053	[522]	:	Catch Stim at trial 31: 343.033000
346579	[3526]	:	Catch Q at trial 31: 343.033000
347270	[691]	:	Key	30	DOWN	at	347270  
348559	[1289]	:	Respose to catch Q at trial 31: 347.276000
348560	[1]	:	RT and choice to catch Q at trial 31: 0.717000, 30
348584	[24]	:	Fixation at trial 32: 348.564000
349106	[522]	:	Object at trial 32: 349.086000
352629	[3523]	:	Fixation at trial 32: 352.609000
353150	[521]	:	Catch Stim at trial 32: 353.130000
356676	[3526]	:	Catch Q at trial 32: 353.130000
357456	[780]	:	Key	28	DOWN	at	357456  
358656	[1200]	:	Respose to catch Q at trial 32: 357.461000
358656	[0]	:	RT and choice to catch Q at trial 32: 0.805000, 28
358681	[25]	:	Fixation at trial 33: 358.661000
359203	[522]	:	Object at trial 33: 359.183000
362726	[3523]	:	Fixation at trial 33: 362.706000
363248	[522]	:	Catch Stim at trial 33: 363.228000
366773	[3525]	:	Catch Q at trial 33: 363.228000
367476	[703]	:	Key	30	DOWN	at	367476  
368753	[1277]	:	Respose to catch Q at trial 33: 367.482000
368753	[0]	:	RT and choice to catch Q at trial 33: 0.729000, 30
368778	[25]	:	Fixation at trial 34: 368.758000
369300	[522]	:	Object at trial 34: 369.280000
372823	[3523]	:	Fixation at trial 34: 372.803000
373345	[522]	:	Catch Stim at trial 34: 373.325000
376870	[3525]	:	Catch Q at trial 34: 373.325000
377687	[817]	:	Key	28	DOWN	at	377687  
378850	[1163]	:	Respose to catch Q at trial 34: 377.692000
378850	[0]	:	RT and choice to catch Q at trial 34: 0.842000, 28
378875	[25]	:	Fixation at trial 35: 378.855000
379397	[522]	:	Object at trial 35: 379.377000
382920	[3523]	:	Fixation at trial 35: 382.900000
383442	[522]	:	Catch Stim at trial 35: 383.422000
386967	[3525]	:	Catch Q at trial 35: 383.422000
387823	[856]	:	Key	30	DOWN	at	387823  
388947	[1124]	:	Respose to catch Q at trial 35: 387.829000
388947	[0]	:	RT and choice to catch Q at trial 35: 0.882000, 30
388972	[25]	:	Fixation at trial 36: 388.952000
389494	[522]	:	Object at trial 36: 389.474000
393017	[3523]	:	Fixation at trial 36: 392.997000
393539	[522]	:	Catch Stim at trial 36: 393.519000
397064	[3525]	:	Catch Q at trial 36: 393.519000
397903	[839]	:	Key	28	DOWN	at	397903  
399044	[1141]	:	Respose to catch Q at trial 36: 397.908000
399044	[0]	:	RT and choice to catch Q at trial 36: 0.864000, 28
399069	[25]	:	Fixation at trial 37: 399.049000
399591	[522]	:	Object at trial 37: 399.571000
403114	[3523]	:	Fixation at trial 37: 403.094000
403636	[522]	:	Catch Stim at trial 37: 403.616000
407161	[3525]	:	Catch Q at trial 37: 403.616000
407659	[498]	:	Key	30	DOWN	at	407659  
409141	[1482]	:	Respose to catch Q at trial 37: 407.665000
409141	[0]	:	RT and choice to catch Q at trial 37: 0.524000, 30
409166	[25]	:	Fixation at trial 38: 409.146000
409688	[522]	:	Object at trial 38: 409.668000
413211	[3523]	:	Fixation at trial 38: 413.191000
413733	[522]	:	Catch Stim at trial 38: 413.713000
417258	[3525]	:	Catch Q at trial 38: 413.713000
417989	[731]	:	Key	28	DOWN	at	417989  
419238	[1249]	:	Respose to catch Q at trial 38: 417.995000
419238	[0]	:	RT and choice to catch Q at trial 38: 0.757000, 28
419263	[25]	:	Fixation at trial 39: 419.243000
419785	[522]	:	Object at trial 39: 419.765000
423308	[3523]	:	Fixation at trial 39: 423.288000
423830	[522]	:	Catch Stim at trial 39: 423.810000
427355	[3525]	:	Catch Q at trial 39: 423.810000
428115	[760]	:	Key	28	DOWN	at	428115  
429335	[1220]	:	Respose to catch Q at trial 39: 428.122000
429335	[0]	:	RT and choice to catch Q at trial 39: 0.787000, 28
429360	[25]	:	Fixation at trial 40: 429.340000
429882	[522]	:	Object at trial 40: 429.862000
433405	[3523]	:	Fixation at trial 40: 433.385000
433926	[521]	:	Catch Stim at trial 40: 433.906000
437451	[3525]	:	Catch Q at trial 40: 433.906000
438396	[945]	:	Key	28	DOWN	at	438396  
439431	[1035]	:	Respose to catch Q at trial 40: 438.402000
439431	[0]	:	RT and choice to catch Q at trial 40: 0.971000, 28
439456	[25]	:	Fixation at trial 41: 439.436000
439978	[522]