Cog2000 log file Wed Sep 25 10:58:43 2019
gprim v1.29 Compiled:Feb  1 2010 (GLib DirectDraw v7 DX10.0 Compiled:Feb  1 2010)
Display:1024x768x32 59.81Hz
CogInput v1.05 Compiled: May 20 2010
0	[0]	:	COGENT START
1460	[1460]	:	Key	30	DOWN	at	1460    
1710	[250]	:	Key	30	UP	at	1710    
2740	[1030]	:	Key	28	DOWN	at	2740    
2940	[200]	:	Key	28	UP	at	2940    
27719	[24779]	:	Key	71	DOWN	at	27719   
27788	[69]	:	Fixation at trial 1: 27.766000
28324	[536]	:	Object at trial 1: 28.303000
31852	[3528]	:	Fixation at trial 1: 31.831000
32383	[531]	:	Catch Stim at trial 1: 32.363000
35918	[3535]	:	Catch Q at trial 1: 32.363000
36649	[731]	:	Key	30	DOWN	at	36649   
37902	[1253]	:	Respose to catch Q at trial 1: 36.659000
37904	[2]	:	RT and choice to catch Q at trial 1: 0.762000, 30
37953	[49]	:	Fixation at trial 2: 37.933000
38477	[524]	:	Object at trial 2: 38.457000
42000	[3523]	:	Fixation at trial 2: 41.980000
42525	[525]	:	Catch Stim at trial 2: 42.505000
46051	[3526]	:	Catch Q at trial 2: 42.505000
47075	[1024]	:	Key	30	DOWN	at	47075   
48032	[957]	:	Respose to catch Q at trial 2: 47.082000
48033	[1]	:	RT and choice to catch Q at trial 2: 1.051000, 30
48077	[44]	:	Fixation at trial 3: 48.057000
48599	[522]	:	Object at trial 3: 48.579000
52122	[3523]	:	Fixation at trial 3: 52.102000
52644	[522]	:	Catch Stim at trial 3: 52.624000
56169	[3525]	:	Catch Q at trial 3: 52.624000
57016	[847]	:	Key	28	DOWN	at	57016   
58150	[1134]	:	Respose to catch Q at trial 3: 57.022000
58151	[1]	:	RT and choice to catch Q at trial 3: 0.873000, 28
58191	[40]	:	Fixation at trial 4: 58.171000
58714	[523]	:	Object at trial 4: 58.694000
62237	[3523]	:	Fixation at trial 4: 62.217000
62759	[522]	:	Catch Stim at trial 4: 62.739000
66284	[3525]	:	Catch Q at trial 4: 62.739000
67081	[797]	:	Key	30	DOWN	at	67081   
68264	[1183]	:	Respose to catch Q at trial 4: 67.086000
68265	[1]	:	RT and choice to catch Q at trial 4: 0.822000, 30
68292	[27]	:	Fixation at trial 5: 68.272000
68814	[522]	:	Object at trial 5: 68.794000
72337	[3523]	:	Fixation at trial 5: 72.317000
72859	[522]	:	Catch Stim at trial 5: 72.839000
76384	[3525]	:	Catch Q at trial 5: 72.839000
77212	[828]	:	Key	30	DOWN	at	77212   
78364	[1152]	:	Respose to catch Q at trial 5: 77.218000
78364	[0]	:	RT and choice to catch Q at trial 5: 0.854000, 30
78392	[28]	:	Fixation at trial 6: 78.372000
78914	[522]	:	Object at trial 6: 78.894000
82437	[3523]	:	Fixation at trial 6: 82.417000
82959	[522]	:	Catch Stim at trial 6: 82.939000
86484	[3525]	:	Catch Q at trial 6: 82.939000
87432	[948]	:	Key	28	DOWN	at	87432   
88464	[1032]	:	Respose to catch Q at trial 6: 87.438000
88465	[1]	:	RT and choice to catch Q at trial 6: 0.974000, 28
88491	[26]	:	Fixation at trial 7: 88.471000
89013	[522]	:	Object at trial 7: 88.993000
92536	[3523]	:	Fixation at trial 7: 92.516000
93059	[523]	:	Catch Stim at trial 7: 93.039000
96584	[3525]	:	Catch Q at trial 7: 93.039000
97198	[614]	:	Key	28	DOWN	at	97198   
98564	[1366]	:	Respose to catch Q at trial 7: 97.203000
98565	[1]	:	RT and choice to catch Q at trial 7: 0.639000, 28
98590	[25]	:	Fixation at trial 8: 98.570000
99112	[522]	:	Object at trial 8: 99.092000
102635	[3523]	:	Fixation at trial 8: 102.615000
103158	[523]	:	Catch Stim at trial 8: 103.138000
106683	[3525]	:	Catch Q at trial 8: 103.138000
107498	[815]	:	Key	28	DOWN	at	107498  
108663	[1165]	:	Respose to catch Q at trial 8: 107.504000
108664	[1]	:	RT and choice to catch Q at trial 8: 0.841000, 28
108689	[25]	:	Fixation at trial 9: 108.669000
109211	[522]	:	Object at trial 9: 109.191000
112734	[3523]	:	Fixation at trial 9: 112.714000
113257	[523]	:	Catch Stim at trial 9: 113.237000
116782	[3525]	:	Catch Q at trial 9: 113.237000
117269	[487]	:	Key	30	DOWN	at	117269  
118762	[1493]	:	Respose to catch Q at trial 9: 117.275000
118763	[1]	:	RT and choice to catch Q at trial 9: 0.513000, 30
118788	[25]	:	Fixation at trial 10: 118.768000
119310	[522]	:	Object at trial 10: 119.290000
122833	[3523]	:	Fixation at trial 10: 122.813000
123356	[523]	:	Catch Stim at trial 10: 123.336000
126881	[3525]	:	Catch Q at trial 10: 123.336000
127435	[554]	:	Key	30	DOWN	at	127435  
128862	[1427]	:	Respose to catch Q at trial 10: 127.441000
128863	[1]	:	RT and choice to catch Q at trial 10: 0.580000, 30
128888	[25]	:	Fixation at trial 11: 128.868000
129410	[522]	:	Object at trial 11: 129.390000
132932	[3522]	:	Fixation at trial 11: 132.912000
133454	[522]	:	Catch Stim at trial 11: 133.434000
136979	[3525]	:	Catch Q at trial 11: 133.434000
138110	[1131]	:	Key	30	DOWN	at	138110  
138959	[849]	:	Respose to catch Q at trial 11: 138.116000
138959	[0]	:	RT and choice to catch Q at trial 11: 1.157000, 30
138984	[25]	:	Fixation at trial 12: 138.964000
139506	[522]	:	Object at trial 12: 139.486000
143029	[3523]	:	Fixation at trial 12: 143.009000
143551	[522]	:	Catch Stim at trial 12: 143.531000
147076	[3525]	:	Catch Q at trial 12: 143.531000
147881	[805]	:	Key	30	DOWN	at	147881  
149056	[1175]	:	Respose to catch Q at trial 12: 147.887000
149056	[0]	:	RT and choice to catch Q at trial 12: 0.831000, 30
149081	[25]	:	Fixation at trial 13: 149.061000
149603	[522]	:	Object at trial 13: 149.583000
153126	[3523]	:	Fixation at trial 13: 153.106000
153647	[521]	:	Catch Stim at trial 13: 153.627000
157172	[3525]	:	Catch Q at trial 13: 153.627000
158446	[1274]	:	Key	28	DOWN	at	158446  
159152	[706]	:	Respose to catch Q at trial 13: 158.452000
159153	[1]	:	RT and choice to catch Q at trial 13: 1.300000, 28
159177	[24]	:	Fixation at trial 14: 159.157000
159699	[522]	:	Object at trial 14: 159.679000
163222	[3523]	:	Fixation at trial 14: 163.202000
163744	[522]	:	Catch Stim at trial 14: 163.724000
167269	[3525]	:	Catch Q at trial 14: 163.724000
168452	[1183]	:	Key	28	DOWN	at	168452  
169249	[797]	:	Respose to catch Q at trial 14: 168.458000
169250	[1]	:	RT and choice to catch Q at trial 14: 1.209000, 28
169274	[24]	:	Fixation at trial 15: 169.254000
169796	[522]	:	Object at trial 15: 169.776000
173319	[3523]	:	Fixation at trial 15: 173.299000
173840	[521]	:	Catch Stim at trial 15: 173.820000
177365	[3525]	:	Catch Q at trial 15: 173.820000
178428	[1063]	:	Key	30	DOWN	at	178428  
179345	[917]	:	Respose to catch Q at trial 15: 178.434000
179346	[1]	:	RT and choice to catch Q at trial 15: 1.089000, 30
179370	[24]	:	Fixation at trial 16: 179.350000
179892	[522]	:	Object at trial 16: 179.872000
183415	[3523]	:	Fixation at trial 16: 183.395000
183936	[521]	:	Catch Stim at trial 16: 183.916000
187461	[3525]	:	Catch Q at trial 16: 183.916000
188173	[712]	:	Key	28	DOWN	at	188173  
189441	[1268]	:	Respose to catch Q at trial 16: 188.179000
189442	[1]	:	RT and choice to catch Q at trial 16: 0.738000, 28
189466	[24]	:	Fixation at trial 17: 189.446000
189988	[522]	:	Object at trial 17: 189.968000
193511	[3523]	:	Fixation at trial 17: 193.491000
194033	[522]	:	Catch Stim at trial 17: 194.013000
197558	[3525]	:	Catch Q at trial 17: 194.013000
198294	[736]	:	Key	30	DOWN	at	198294  
199538	[1244]	:	Respose to catch Q at trial 17: 198.300000
199538	[0]	:	RT and choice to catch Q at trial 17: 0.762000, 30
199563	[25]	:	Fixation at trial 18: 199.543000
200085	[522]	:	Object at trial 18: 200.065000
203608	[3523]	:	Fixation at trial 18: 203.588000
204130	[522]	:	Catch Stim at trial 18: 204.110000
207655	[3525]	:	Catch Q at trial 18: 204.110000
208434	[779]	:	Key	30	DOWN	at	208434  
209635	[1201]	:	Respose to catch Q at trial 18: 208.440000
209635	[0]	:	RT and choice to catch Q at trial 18: 0.805000, 30
209660	[25]	:	Fixation at trial 19: 209.640000
210182	[522]	:	Object at trial 19: 210.162000
213705	[3523]	:	Fixation at trial 19: 213.685000
214227	[522]	:	Catch Stim at trial 19: 214.207000
217752	[3525]	:	Catch Q at trial 19: 214.207000
218485	[733]	:	Key	30	DOWN	at	218485  
219732	[1247]	:	Respose to catch Q at trial 19: 218.490000
219732	[0]	:	RT and choice to catch Q at trial 19: 0.758000, 30
219757	[25]	:	Fixation at trial 20: 219.737000
220279	[522]	:	Object at trial 20: 220.259000
223802	[3523]	:	Fixation at trial 20: 223.782000
224323	[521]	:	Catch Stim at trial 20: 224.303000
227849	[3526]	:	Catch Q at trial 20: 224.303000
228625	[776]	:	Key	28	DOWN	at	228625  
229829	[1204]	:	Respose to catch Q at trial 20: 228.631000
229830	[1]	:	RT and choice to catch Q at trial 20: 0.802000, 28
229854	[24]	:	Fixation at trial 21: 229.834000
230376	[522]	:	Object at trial 21: 230.356000
233899	[3523]	:	Fixation at trial 21: 233.879000
234420	[521]	:	Catch Stim at trial 21: 234.400000
237945	[3525]	:	Catch Q at trial 21: 234.400000
238761	[816]	:	Key	30	DOWN	at	238761  
239925	[1164]	:	Respose to catch Q at trial 21: 238.766000
239925	[0]	:	RT and choice to catch Q at trial 21: 0.841000, 30
239950	[25]	:	Fixation at trial 22: 239.930000
240472	[522]	:	Object at trial 22: 240.452000
243995	[3523]	:	Fixation at trial 22: 243.975000
244516	[521]	:	Catch Stim at trial 22: 244.496000
248041	[3525]	:	Catch Q at trial 22: 244.496000
248657	[616]	:	Key	28	DOWN	at	248657  
250021	[1364]	:	Respose to catch Q at trial 22: 248.663000
250021	[0]	:	RT and choice to catch Q at trial 22: 0.642000, 28
250046	[25]	:	Fixation at trial 23: 250.026000
250568	[522]	:	Object at trial 23: 250.548000
254091	[3523]	:	Fixation at trial 23: 254.071000
254612	[521]	:	Catch Stim at trial 23: 254.592000
258137	[3525]	:	Catch Q at trial 23: 254.592000
258872	[735]	:	Key	30	DOWN	at	258872  
260118	[1246]	:	Respose to catch Q at trial 23: 258.877000
260118	[0]	:	RT and choice to catch Q at trial 23: 0.760000, 30
260144	[26]	:	Fixation at trial 24: 260.123000
260666	[522]	:	Object at trial 24: 260.646000
264189	[3523]	:	Fixation at trial 24: 264.169000
264710	[521]	:	Catch Stim at trial 24: 264.690000
268235	[3525]	:	Catch Q at trial 24: 264.690000
269168	[933]	:	Key	28	DOWN	at	269168  
270215	[1047]	:	Respose to catch Q at trial 24: 269.174000
270215	[0]	:	RT and choice to catch Q at trial 24: 0.959000, 28
270240	[25]	:	Fixation at trial 25: 270.220000
270762	[522]	:	Object at trial 25: 270.742000
274285	[3523]	:	Fixation at trial 25: 274.265000
274806	[521]	:	Catch Stim at trial 25: 274.786000
278331	[3525]	:	Catch Q at trial 25: 274.786000
279268	[937]	:	Key	28	DOWN	at	279268  
280311	[1043]	:	Respose to catch Q at trial 25: 279.274000
280311	[0]	:	RT and choice to catch Q at trial 25: 0.963000, 28
280336	[25]	:	Fixation at trial 26: 280.316000
280858	[522]	:	Object at trial 26: 280.838000
284381	[3523]	:	Fixation at trial 26: 284.361000
284903	[522]	:	Catch Stim at trial 26: 284.883000
288428	[3525]	:	Catch Q at trial 26: 284.883000
288969	[541]	:	Key	28	DOWN	at	288969  
290408	[1439]	:	Respose to catch Q at trial 26: 288.974000
290408	[0]	:	RT and choice to catch Q at trial 26: 0.566000, 28
290432	[24]	:	Fixation at trial 27: 290.412000
290954	[522]	:	Object at trial 27: 290.934000
294477	[3523]	:	Fixation at trial 27: 294.457000
294999	[522]	:	Catch Stim at trial 27: 294.979000
298524	[3525]	:	Catch Q at trial 27: 294.979000
299104	[580]	:	Key	28	DOWN	at	299104  
300504	[1400]	:	Respose to catch Q at trial 27: 299.109000
300504	[0]	:	RT and choice to catch Q at trial 27: 0.605000, 28
300529	[25]	:	Fixation at trial 28: 300.509000
301051	[522]	:	Object at trial 28: 301.031000
304574	[3523]	:	Fixation at trial 28: 304.554000
305096	[522]	:	Catch Stim at trial 28: 305.076000
308621	[3525]	:	Catch Q at trial 28: 305.076000
309210	[589]	:	Key	30	DOWN	at	309210  
310601	[1391]	:	Respose to catch Q at trial 28: 309.216000
310601	[0]	:	RT and choice to catch Q at trial 28: 0.615000, 30
310626	[25]	:	Fixation at trial 29: 310.606000
311148	[522]	:	Object at trial 29: 311.128000
314671	[3523]	:	Fixation at trial 29: 314.651000
315193	[522]	:	Catch Stim at trial 29: 315.173000
318718	[3525]	:	Catch Q at trial 29: 315.173000
319666	[948]	:	Key	30	DOWN	at	319666  
320698	[1032]	:	Respose to catch Q at trial 29: 319.672000
320698	[0]	:	RT and choice to catch Q at trial 29: 0.974000, 30
320723	[25]	:	Fixation at trial 30: 320.703000
321245	[522]	:	Object at trial 30: 321.225000
324768	[3523]	:	Fixation at trial 30: 324.748000
325290	[522]	:	Catch Stim at trial 30: 325.270000
328816	[3526]	:	Catch Q at trial 30: 325.270000
329656	[840]	:	Key	30	DOWN	at	329656  
330796	[1140]	:	Respose to catch Q at trial 30: 329.661000
330796	[0]	:	RT and choice to catch Q at trial 30: 0.865000, 30
330821	[25]	:	Fixation at trial 31: 330.801000
331343	[522]	:	Object at trial 31: 331.323000
334866	[3523]	:	Fixation at trial 31: 334.846000
335388	[522]	:	Catch Stim at trial 31: 335.368000
338914	[3526]	:	Catch Q at trial 31: 335.368000
339822	[908]	:	Key	28	DOWN	at	339822  
340894	[1072]	:	Respose to catch Q at trial 31: 339.828000
340894	[0]	:	RT and choice to catch Q at trial 31: 0.934000, 28
340919	[25]	:	Fixation at trial 32: 340.899000
341441	[522]	:	Object at trial 32: 341.421000
344964	[3523]	:	Fixation at trial 32: 344.944000
345485	[521]	:	Catch Stim at trial 32: 345.465000
349011	[3526]	:	Catch Q at trial 32: 345.465000
349602	[591]	:	Key	30	DOWN	at	349602  
350991	[1389]	:	Respose to catch Q at trial 32: 349.607000
350991	[0]	:	RT and choice to catch Q at trial 32: 0.616000, 30
351016	[25]	:	Fixation at trial 33: 350.996000
351538	[522]	:	Object at trial 33: 351.518000
355061	[3523]	:	Fixation at trial 33: 355.041000
355583	[522]	:	Catch Stim at trial 33: 355.563000
359108	[3525]	:	Catch Q at trial 33: 355.563000
360163	[1055]	:	Key	30	DOWN	at	360163  
361088	[925]	:	Respose to catch Q at trial 33: 360.169000
361088	[0]	:	RT and choice to catch Q at trial 33: 1.081000, 30
361113	[25]	:	Fixation at trial 34: 361.093000
361635	[522]	:	Object at trial 34: 361.615000
365158	[3523]	:	Fixation at trial 34: 365.138000
365679	[521]	:	Catch Stim at trial 34: 365.659000
369204	[3525]	:	Catch Q at trial 34: 365.659000
370013	[809]	:	Key	28	DOWN	at	370013  
371184	[1171]	:	Respose to catch Q at trial 34: 370.019000
371184	[0]	:	RT and choice to catch Q at trial 34: 0.835000, 28
371209	[25]	:	Fixation at trial 35: 371.189000
371731	[522]	:	Object at trial 35: 371.711000
375254	[3523]	:	Fixation at trial 35: 375.234000
375776	[522]	:	Catch Stim at trial 35: 375.756000
379301	[3525]	:	Catch Q at trial 35: 375.756000
379834	[533]	:	Key	30	DOWN	at	379834  
381281	[1447]	:	Respose to catch Q at trial 35: 379.839000
381281	[0]	:	RT and choice to catch Q at trial 35: 0.558000, 30
381306	[25]	:	Fixation at trial 36: 381.286000
381828	[522]	:	Object at trial 36: 381.808000
385351	[3523]	:	Fixation at trial 36: 385.331000
385873	[522]	:	Catch Stim at trial 36: 385.853000
389398	[3525]	:	Catch Q at trial 36: 385.853000
390115	[717]	:	Key	28	DOWN	at	390115  
391378	[1263]	:	Respose to catch Q at trial 36: 390.121000
391378	[0]	:	RT and choice to catch Q at trial 36: 0.743000, 28
391403	[25]	:	Fixation at trial 37: 391.383000
391925	[522]	:	Object at trial 37: 391.905000
395448	[3523]	:	Fixation at trial 37: 395.428000
395971	[523]	:	Catch Stim at trial 37: 395.951000
399496	[3525]	:	Catch Q at trial 37: 395.951000
400080	[584]	:	Key	28	DOWN	at	400080  
401476	[1396]	:	Respose to catch Q at trial 37: 400.086000
401477	[1]	:	RT and choice to catch Q at trial 37: 0.610000, 28
401501	[24]	:	Fixation at trial 38: 401.481000
402023	[522]	:	Object at trial 38: 402.003000
405546	[3523]	:	Fixation at trial 38: 405.526000
406068	[522]	:	Catch Stim at trial 38: 406.048000
409593	[3525]	:	Catch Q at trial 38: 406.048000
410026	[433]	:	Key	30	DOWN	at	410026  
411573	[1547]	:	Respose to catch Q at trial 38: 410.032000
411573	[0]	:	RT and choice to catch Q at trial 38: 0.459000, 30
411598	[25]	:	Fixation at trial 39: 411.578000
412120	[522]	:	Object at trial 39: 412.100000
415643	[3523]	:	Fixation at trial 39: 415.623000
416165	[522]	:	Catch Stim at trial 39: 416.145000
419690	[3525]	:	Catch Q at trial 39: 416.145000
420216	[526]	:	Key	30	DOWN	at	420216  
421670	[1454]	:	Respose to catch Q at trial 39: 420.222000
421670	[0]	:	RT and choice to catch Q at trial 39: 0.552000, 30
421695	[25]	:	Fixation at trial 40: 421.675000
422217	[522]	:	Object at trial 40: 422.197000
425740	[3523]	:	Fixation at trial 40: 425.720000
426262	[522]	:	Catch Stim at trial 40: 426.242000
429788	[3526]	:	Catch Q at trial 40: 426.242000
430317	[529]	:	Key	28	DOWN	at	430317  
431768	[1451]	:	Respose to catch Q at trial 40: 430.322000
431768	[0]	:	RT and choice to catch Q at trial 40: 0.554000, 28
431793	[25]	:	Fixation at trial 41: 431.773000
432315	[522]	:	Object at t