Cog2000 log file Thu Aug 22 13:04:03 2019
gprim v1.29 Compiled:Feb  1 2010 (GLib DirectDraw v7 DX10.0 Compiled:Feb  1 2010)
Display:1024x768x32 59.84Hz
CogInput v1.05 Compiled: May 20 2010
0	[0]	:	COGENT START
1471	[1471]	:	Key	30	DOWN	at	1471    
1676	[205]	:	Key	30	UP	at	1676    
1826	[150]	:	Key	28	DOWN	at	1826    
2001	[175]	:	Key	28	UP	at	2001    
16627	[14626]	:	Key	71	DOWN	at	16627   
16689	[62]	:	Fixation at trial 1: 16.669000
17215	[526]	:	Object at trial 1: 17.195000
20738	[3523]	:	Fixation at trial 1: 20.718000
21263	[525]	:	Catch Stim at trial 1: 21.243000
24791	[3528]	:	Catch Q at trial 1: 21.243000
25227	[436]	:	Key	30	DOWN	at	25227   
26771	[1544]	:	Respose to catch Q at trial 1: 25.234000
26772	[1]	:	RT and choice to catch Q at trial 1: 0.463000, 30
26801	[29]	:	Fixation at trial 2: 26.781000
27323	[522]	:	Object at trial 2: 27.303000
30846	[3523]	:	Fixation at trial 2: 30.826000
31367	[521]	:	Catch Stim at trial 2: 31.347000
34892	[3525]	:	Catch Q at trial 2: 31.347000
35343	[451]	:	Key	30	DOWN	at	35343   
36872	[1529]	:	Respose to catch Q at trial 2: 35.348000
36872	[0]	:	RT and choice to catch Q at trial 2: 0.476000, 30
36902	[30]	:	Fixation at trial 3: 36.882000
37424	[522]	:	Object at trial 3: 37.404000
40947	[3523]	:	Fixation at trial 3: 40.927000
41469	[522]	:	Catch Stim at trial 3: 41.449000
44994	[3525]	:	Catch Q at trial 3: 41.449000
45583	[589]	:	Key	28	DOWN	at	45583   
46974	[1391]	:	Respose to catch Q at trial 3: 45.589000
46974	[0]	:	RT and choice to catch Q at trial 3: 0.615000, 28
46999	[25]	:	Fixation at trial 4: 46.979000
47521	[522]	:	Object at trial 4: 47.501000
51044	[3523]	:	Fixation at trial 4: 51.024000
51565	[521]	:	Catch Stim at trial 4: 51.545000
55090	[3525]	:	Catch Q at trial 4: 51.545000
55864	[774]	:	Key	30	DOWN	at	55864   
57070	[1206]	:	Respose to catch Q at trial 4: 55.868000
57070	[0]	:	RT and choice to catch Q at trial 4: 0.798000, 30
57096	[26]	:	Fixation at trial 5: 57.076000
57618	[522]	:	Object at trial 5: 57.598000
61141	[3523]	:	Fixation at trial 5: 61.121000
61662	[521]	:	Catch Stim at trial 5: 61.642000
65187	[3525]	:	Catch Q at trial 5: 61.642000
65860	[673]	:	Key	28	DOWN	at	65860   
67167	[1307]	:	Respose to catch Q at trial 5: 65.866000
67167	[0]	:	RT and choice to catch Q at trial 5: 0.699000, 28
67193	[26]	:	Fixation at trial 6: 67.172000
67716	[523]	:	Object at trial 6: 67.696000
71239	[3523]	:	Fixation at trial 6: 71.219000
71760	[521]	:	Catch Stim at trial 6: 71.740000
75285	[3525]	:	Catch Q at trial 6: 71.740000
76286	[1001]	:	Key	28	DOWN	at	76286   
77265	[979]	:	Respose to catch Q at trial 6: 76.292000
77265	[0]	:	RT and choice to catch Q at trial 6: 1.027000, 28
77290	[25]	:	Fixation at trial 7: 77.270000
77812	[522]	:	Object at trial 7: 77.792000
81335	[3523]	:	Fixation at trial 7: 81.315000
81856	[521]	:	Catch Stim at trial 7: 81.836000
85381	[3525]	:	Catch Q at trial 7: 81.836000
86012	[631]	:	Key	28	DOWN	at	86012   
87361	[1349]	:	Respose to catch Q at trial 7: 86.017000
87361	[0]	:	RT and choice to catch Q at trial 7: 0.656000, 28
87387	[26]	:	Fixation at trial 8: 87.367000
87909	[522]	:	Object at trial 8: 87.889000
91432	[3523]	:	Fixation at trial 8: 91.412000
91953	[521]	:	Catch Stim at trial 8: 91.933000
95478	[3525]	:	Catch Q at trial 8: 91.933000
95952	[474]	:	Key	30	DOWN	at	95952   
97458	[1506]	:	Respose to catch Q at trial 8: 95.957000
97458	[0]	:	RT and choice to catch Q at trial 8: 0.499000, 30
97483	[25]	:	Fixation at trial 9: 97.463000
98005	[522]	:	Object at trial 9: 97.985000
101528	[3523]	:	Fixation at trial 9: 101.508000
102049	[521]	:	Catch Stim at trial 9: 102.029000
105574	[3525]	:	Catch Q at trial 9: 102.029000
106163	[589]	:	Key	28	DOWN	at	106163  
107554	[1391]	:	Respose to catch Q at trial 9: 106.169000
107554	[0]	:	RT and choice to catch Q at trial 9: 0.615000, 28
107579	[25]	:	Fixation at trial 10: 107.559000
108101	[522]	:	Object at trial 10: 108.081000
111624	[3523]	:	Fixation at trial 10: 111.604000
112145	[521]	:	Catch Stim at trial 10: 112.125000
115670	[3525]	:	Catch Q at trial 10: 112.125000
115998	[328]	:	Key	30	DOWN	at	115998  
117650	[1652]	:	Respose to catch Q at trial 10: 116.004000
117650	[0]	:	RT and choice to catch Q at trial 10: 0.354000, 30
117675	[25]	:	Fixation at trial 11: 117.655000
118197	[522]	:	Object at trial 11: 118.177000
121720	[3523]	:	Fixation at trial 11: 121.700000
122242	[522]	:	Catch Stim at trial 11: 122.222000
125767	[3525]	:	Catch Q at trial 11: 122.222000
126359	[592]	:	Key	28	DOWN	at	126359  
127747	[1388]	:	Respose to catch Q at trial 11: 126.365000
127747	[0]	:	RT and choice to catch Q at trial 11: 0.618000, 28
127772	[25]	:	Fixation at trial 12: 127.752000
128295	[523]	:	Object at trial 12: 128.275000
131818	[3523]	:	Fixation at trial 12: 131.798000
132339	[521]	:	Catch Stim at trial 12: 132.319000
135864	[3525]	:	Catch Q at trial 12: 132.319000
136285	[421]	:	Key	30	DOWN	at	136285  
137844	[1559]	:	Respose to catch Q at trial 12: 136.291000
137844	[0]	:	RT and choice to catch Q at trial 12: 0.447000, 30
137869	[25]	:	Fixation at trial 13: 137.849000
138391	[522]	:	Object at trial 13: 138.371000
141914	[3523]	:	Fixation at trial 13: 141.894000
142435	[521]	:	Catch Stim at trial 13: 142.415000
145960	[3525]	:	Catch Q at trial 13: 142.415000
146585	[625]	:	Key	28	DOWN	at	146585  
147940	[1355]	:	Respose to catch Q at trial 13: 146.591000
147940	[0]	:	RT and choice to catch Q at trial 13: 0.651000, 28
147965	[25]	:	Fixation at trial 14: 147.945000
148487	[522]	:	Object at trial 14: 148.467000
152010	[3523]	:	Fixation at trial 14: 151.990000
152531	[521]	:	Catch Stim at trial 14: 152.511000
156056	[3525]	:	Catch Q at trial 14: 152.511000
156696	[640]	:	Key	28	DOWN	at	156696  
158036	[1340]	:	Respose to catch Q at trial 14: 156.702000
158036	[0]	:	RT and choice to catch Q at trial 14: 0.666000, 28
158062	[26]	:	Fixation at trial 15: 158.042000
158584	[522]	:	Object at trial 15: 158.564000
162107	[3523]	:	Fixation at trial 15: 162.087000
162628	[521]	:	Catch Stim at trial 15: 162.608000
166153	[3525]	:	Catch Q at trial 15: 162.608000
167496	[1343]	:	Key	30	DOWN	at	167496  
168133	[637]	:	Respose to catch Q at trial 15: 167.502000
168133	[0]	:	RT and choice to catch Q at trial 15: 1.369000, 30
168158	[25]	:	Fixation at trial 16: 168.138000
168680	[522]	:	Object at trial 16: 168.660000
172203	[3523]	:	Fixation at trial 16: 172.183000
172724	[521]	:	Catch Stim at trial 16: 172.704000
176249	[3525]	:	Catch Q at trial 16: 172.704000
176652	[403]	:	Key	30	DOWN	at	176652  
178229	[1577]	:	Respose to catch Q at trial 16: 176.657000
178229	[0]	:	RT and choice to catch Q at trial 16: 0.428000, 30
178254	[25]	:	Fixation at trial 17: 178.234000
178776	[522]	:	Object at trial 17: 178.756000
182299	[3523]	:	Fixation at trial 17: 182.279000
182820	[521]	:	Catch Stim at trial 17: 182.800000
186345	[3525]	:	Catch Q at trial 17: 182.800000
186982	[637]	:	Key	30	DOWN	at	186982  
188325	[1343]	:	Respose to catch Q at trial 17: 186.988000
188325	[0]	:	RT and choice to catch Q at trial 17: 0.663000, 30
188350	[25]	:	Fixation at trial 18: 188.330000
188872	[522]	:	Object at trial 18: 188.852000
192395	[3523]	:	Fixation at trial 18: 192.375000
192917	[522]	:	Catch Stim at trial 18: 192.897000
196442	[3525]	:	Catch Q at trial 18: 192.897000
197633	[1191]	:	Key	28	DOWN	at	197633  
198422	[789]	:	Respose to catch Q at trial 18: 197.639000
198422	[0]	:	RT and choice to catch Q at trial 18: 1.217000, 28
198447	[25]	:	Fixation at trial 19: 198.427000
198969	[522]	:	Object at trial 19: 198.949000
202492	[3523]	:	Fixation at trial 19: 202.472000
203013	[521]	:	Catch Stim at trial 19: 202.993000
206538	[3525]	:	Catch Q at trial 19: 202.993000
207274	[736]	:	Key	28	DOWN	at	207274  
208518	[1244]	:	Respose to catch Q at trial 19: 207.279000
208518	[0]	:	RT and choice to catch Q at trial 19: 0.761000, 28
208543	[25]	:	Fixation at trial 20: 208.523000
209066	[523]	:	Object at trial 20: 209.046000
212589	[3523]	:	Fixation at trial 20: 212.569000
213110	[521]	:	Catch Stim at trial 20: 213.090000
216635	[3525]	:	Catch Q at trial 20: 213.090000
217449	[814]	:	Key	28	DOWN	at	217449  
218615	[1166]	:	Respose to catch Q at trial 20: 217.455000
218616	[1]	:	RT and choice to catch Q at trial 20: 0.840000, 28
218641	[25]	:	Fixation at trial 21: 218.621000
219163	[522]	:	Object at trial 21: 219.143000
222686	[3523]	:	Fixation at trial 21: 222.666000
223207	[521]	:	Catch Stim at trial 21: 223.187000
226732	[3525]	:	Catch Q at trial 21: 223.187000
227525	[793]	:	Key	28	DOWN	at	227525  
228712	[1187]	:	Respose to catch Q at trial 21: 227.531000
228712	[0]	:	RT and choice to catch Q at trial 21: 0.819000, 28
228737	[25]	:	Fixation at trial 22: 228.717000
229259	[522]	:	Object at trial 22: 229.239000
232782	[3523]	:	Fixation at trial 22: 232.762000
233303	[521]	:	Catch Stim at trial 22: 233.283000
236828	[3525]	:	Catch Q at trial 22: 233.283000
237140	[312]	:	Key	30	DOWN	at	237140  
238808	[1668]	:	Respose to catch Q at trial 22: 237.145000
238808	[0]	:	RT and choice to catch Q at trial 22: 0.337000, 30
238833	[25]	:	Fixation at trial 23: 238.813000
239355	[522]	:	Object at trial 23: 239.335000
242878	[3523]	:	Fixation at trial 23: 242.858000
243399	[521]	:	Catch Stim at trial 23: 243.379000
246924	[3525]	:	Catch Q at trial 23: 243.379000
247736	[812]	:	Key	28	DOWN	at	247736  
248904	[1168]	:	Respose to catch Q at trial 23: 247.742000
248904	[0]	:	RT and choice to catch Q at trial 23: 0.838000, 28
248930	[26]	:	Fixation at trial 24: 248.910000
249452	[522]	:	Object at trial 24: 249.432000
252975	[3523]	:	Fixation at trial 24: 252.955000
253496	[521]	:	Catch Stim at trial 24: 253.476000
257021	[3525]	:	Catch Q at trial 24: 253.476000
257661	[640]	:	Key	28	DOWN	at	257661  
259002	[1341]	:	Respose to catch Q at trial 24: 257.666000
259002	[0]	:	RT and choice to catch Q at trial 24: 0.665000, 28
259027	[25]	:	Fixation at trial 25: 259.007000
259550	[523]	:	Object at trial 25: 259.529000
263072	[3522]	:	Fixation at trial 25: 263.052000
263593	[521]	:	Catch Stim at trial 25: 263.573000
267119	[3526]	:	Catch Q at trial 25: 263.573000
267677	[558]	:	Key	30	DOWN	at	267677  
269099	[1422]	:	Respose to catch Q at trial 25: 267.682000
269099	[0]	:	RT and choice to catch Q at trial 25: 0.583000, 30
269124	[25]	:	Fixation at trial 26: 269.104000
269646	[522]	:	Object at trial 26: 269.626000
273169	[3523]	:	Fixation at trial 26: 273.149000
273690	[521]	:	Catch Stim at trial 26: 273.670000
277215	[3525]	:	Catch Q at trial 26: 273.670000
277848	[633]	:	Key	28	DOWN	at	277848  
279195	[1347]	:	Respose to catch Q at trial 26: 277.853000
279195	[0]	:	RT and choice to catch Q at trial 26: 0.658000, 28
279220	[25]	:	Fixation at trial 27: 279.200000
279742	[522]	:	Object at trial 27: 279.722000
283265	[3523]	:	Fixation at trial 27: 283.245000
283786	[521]	:	Catch Stim at trial 27: 283.766000
287311	[3525]	:	Catch Q at trial 27: 283.766000
287803	[492]	:	Key	28	DOWN	at	287803  
289291	[1488]	:	Respose to catch Q at trial 27: 287.808000
289291	[0]	:	RT and choice to catch Q at trial 27: 0.517000, 28
289317	[26]	:	Fixation at trial 28: 289.297000
289840	[523]	:	Object at trial 28: 289.820000
293363	[3523]	:	Fixation at trial 28: 293.343000
293884	[521]	:	Catch Stim at trial 28: 293.864000
297409	[3525]	:	Catch Q at trial 28: 293.864000
298479	[1070]	:	Key	30	DOWN	at	298479  
299389	[910]	:	Respose to catch Q at trial 28: 298.485000
299389	[0]	:	RT and choice to catch Q at trial 28: 1.096000, 30
299414	[25]	:	Fixation at trial 29: 299.394000
299936	[522]	:	Object at trial 29: 299.916000
303459	[3523]	:	Fixation at trial 29: 303.439000
303980	[521]	:	Catch Stim at trial 29: 303.960000
307505	[3525]	:	Catch Q at trial 29: 303.960000
307844	[339]	:	Key	30	DOWN	at	307844  
309485	[1641]	:	Respose to catch Q at trial 29: 307.849000
309485	[0]	:	RT and choice to catch Q at trial 29: 0.364000, 30
309509	[24]	:	Fixation at trial 30: 309.489000
310031	[522]	:	Object at trial 30: 310.011000
313554	[3523]	:	Fixation at trial 30: 313.534000
314075	[521]	:	Catch Stim at trial 30: 314.055000
317600	[3525]	:	Catch Q at trial 30: 314.055000
319060	[1460]	:	Key	28	DOWN	at	319060  
319580	[520]	:	Respose to catch Q at trial 30: 319.066000
319580	[0]	:	RT and choice to catch Q at trial 30: 1.486000, 28
319606	[26]	:	Fixation at trial 31: 319.586000
320128	[522]	:	Object at trial 31: 320.108000
323651	[3523]	:	Fixation at trial 31: 323.631000
324172	[521]	:	Catch Stim at trial 31: 324.152000
327697	[3525]	:	Catch Q at trial 31: 324.152000
328200	[503]	:	Key	28	DOWN	at	328200  
329677	[1477]	:	Respose to catch Q at trial 31: 328.205000
329677	[0]	:	RT and choice to catch Q at trial 31: 0.528000, 28
329702	[25]	:	Fixation at trial 32: 329.682000
330224	[522]	:	Object at trial 32: 330.204000
333747	[3523]	:	Fixation at trial 32: 333.727000
334268	[521]	:	Catch Stim at trial 32: 334.248000
337793	[3525]	:	Catch Q at trial 32: 334.248000
338356	[563]	:	Key	28	DOWN	at	338356  
339773	[1417]	:	Respose to catch Q at trial 32: 338.361000
339773	[0]	:	RT and choice to catch Q at trial 32: 0.588000, 28
339798	[25]	:	Fixation at trial 33: 339.778000
340320	[522]	:	Object at trial 33: 340.300000
343843	[3523]	:	Fixation at trial 33: 343.823000
344364	[521]	:	Catch Stim at trial 33: 344.344000
347889	[3525]	:	Catch Q at trial 33: 344.344000
348407	[518]	:	Key	28	DOWN	at	348407  
349869	[1462]	:	Respose to catch Q at trial 33: 348.413000
349869	[0]	:	RT and choice to catch Q at trial 33: 0.544000, 28
349894	[25]	:	Fixation at trial 34: 349.874000
350416	[522]	:	Object at trial 34: 350.396000
353939	[3523]	:	Fixation at trial 34: 353.919000
354460	[521]	:	Catch Stim at trial 34: 354.440000
357985	[3525]	:	Catch Q at trial 34: 354.440000
358567	[582]	:	Key	28	DOWN	at	358567  
359965	[1398]	:	Respose to catch Q at trial 34: 358.573000
359965	[0]	:	RT and choice to catch Q at trial 34: 0.608000, 28
359990	[25]	:	Fixation at trial 35: 359.970000
360513	[523]	:	Object at trial 35: 360.493000
364036	[3523]	:	Fixation at trial 35: 364.016000
364561	[525]	:	Catch Stim at trial 35: 364.541000
368086	[3525]	:	Catch Q at trial 35: 364.541000
368700	[614]	:	Key	30	DOWN	at	368700  
370066	[1366]	:	Respose to catch Q at trial 35: 368.706000
370066	[0]	:	RT and choice to catch Q at trial 35: 0.640000, 30
370091	[25]	:	Fixation at trial 36: 370.071000
370613	[522]	:	Object at trial 36: 370.593000
374136	[3523]	:	Fixation at trial 36: 374.116000
374657	[521]	:	Catch Stim at trial 36: 374.637000
378182	[3525]	:	Catch Q at trial 36: 374.637000
378680	[498]	:	Key	28	DOWN	at	378680  
380162	[1482]	:	Respose to catch Q at trial 36: 378.686000
380162	[0]	:	RT and choice to catch Q at trial 36: 0.524000, 28
380187	[25]	:	Fixation at trial 37: 380.167000
380709	[522]	:	Object at trial 37: 380.689000
384232	[3523]	:	Fixation at trial 37: 384.212000
384753	[521]	:	Catch Stim at trial 37: 384.733000
388278	[3525]	:	Catch Q at trial 37: 384.733000
388721	[443]	:	Key	30	DOWN	at	388721  
390258	[1537]	:	Respose to catch Q at trial 37: 388.727000
390258	[0]	:	RT and choice to catch Q at trial 37: 0.469000, 30
390283	[25]	:	Fixation at trial 38: 390.263000
390805	[522]	:	Object at trial 38: 390.785000
394328	[3523]	:	Fixation at trial 38: 394.308000
394849	[521]	:	Catch Stim at trial 38: 394.829000
398374	[3525]	:	Catch Q at trial 38: 394.829000
398872	[498]	:	Key	30	DOWN	at	398872  
400354	[1482]	:	Respose to catch Q at trial 38: 398.878000
400354	[0]	:	RT and choice to catch Q at trial 38: 0.524000, 30
400379	[25]	:	Fixation at trial 39: 400.359000
400901	[522]	:	Object at trial 39: 400.881000
404424	[3523]	:	Fixation at trial 39: 404.404000
404945	[521]	:	Catch Stim at trial 39: 404.925000
408470	[3525]	:	Catch Q at trial 39: 404.925000
409352	[882]	:	Key	28	DOWN	at	409352  
410450	[1098]	:	Respose to catch Q at trial 39: 409.358000
410450	[0]	:	RT and choice to catch Q at trial 39: 0.908000, 28
410475	[25]	:	Fixation at trial 40: 410.455000
410998	[523]	:	Object at trial 40: 410.978000
414521	[3523]	:	Fixation at trial 40: 414.501000
415042	[521]	:	Catch Stim at trial 40: 415.022000
418567	[3525]	:	Catch Q at trial 40: 415.022000
419653	[1086]	:	Key	30	DOWN	at	419653  
420547	[894]	:	Respose to catch Q at trial 40: 419.659000
420547	[0]	:	RT and choice to catch Q at trial 40: 1.112000, 30
420571	[24]	:	Fixation at trial 41: 420.551000
421093	[522]	:	Object at trial 41: 421.07