Cog2000 log file Fri Oct 04 11:56:42 2019
gprim v1.29 Compiled:Feb  1 2010 (GLib DirectDraw v7 DX10.0 Compiled:Feb  1 2010)
Display:1024x768x32 59.84Hz
Attaching C:\Program Files\matlab\toolbox2015b\Cogent2000\Toolbox\CogInput.mexw32
CogInput v1.05 Compiled: May 20 2010
6	[6]	:	COGENT START
1861	[1855]	:	Key	30	DOWN	at	1855    
2090	[229]	:	Key	30	UP	at	2090    
2996	[906]	:	Key	28	DOWN	at	2996    
3251	[255]	:	Key	28	UP	at	3251    
45968	[42717]	:	Key	71	DOWN	at	45968   
46045	[77]	:	Fixation at trial 1: 46.023000
47098	[1053]	:	Object at trial 1: 47.077000
49129	[2031]	:	Fixation at trial 1: 49.108000
50173	[1044]	:	Catch Stim at trial 1: 50.152000
51088	[915]	:	Key	30	DOWN	at	51088   
52656	[1568]	:	Respose to catch Q at trial 1: 51.109000
52658	[2]	:	RT and choice to catch Q at trial 1: 0.957000, 30
52705	[47]	:	Fixation at trial 2: 52.685000
53727	[1022]	:	Object at trial 2: 53.707000
55771	[2044]	:	Fixation at trial 3: 55.751000
56793	[1022]	:	Object at trial 3: 56.773000
58829	[2036]	:	Fixation at trial 4: 58.809000
59852	[1023]	:	Object at trial 4: 59.832000
61877	[2025]	:	Fixation at trial 5: 61.857000
62898	[1021]	:	Object at trial 5: 62.878000
64932	[2034]	:	Fixation at trial 6: 64.912000
65953	[1021]	:	Object at trial 6: 65.933000
67978	[2025]	:	Fixation at trial 7: 67.958000
68999	[1021]	:	Object at trial 7: 68.979000
71025	[2026]	:	Fixation at trial 8: 71.005000
72047	[1022]	:	Object at trial 8: 72.027000
74071	[2024]	:	Fixation at trial 8: 74.051000
75272	[1201]	:	Catch Stim at trial 8: 75.252000
77858	[2586]	:	Respose to catch Q at trial 8: 77.336000
77859	[1]	:	RT and choice to catch Q at trial 8: 2.084000, 0
77893	[34]	:	Fixation at trial 9: 77.873000
78914	[1021]	:	Object at trial 9: 78.894000
80944	[2030]	:	Fixation at trial 10: 80.924000
81965	[1021]	:	Object at trial 10: 81.945000
83993	[2028]	:	Fixation at trial 11: 83.973000
85014	[1021]	:	Object at trial 11: 84.994000
87040	[2026]	:	Fixation at trial 12: 87.020000
88061	[1021]	:	Object at trial 12: 88.041000
90086	[2025]	:	Fixation at trial 13: 90.066000
91107	[1021]	:	Object at trial 13: 91.087000
93131	[2024]	:	Fixation at trial 13: 93.111000
94159	[1028]	:	Catch Stim at trial 13: 94.139000
95107	[948]	:	Key	28	DOWN	at	95107   
96641	[1534]	:	Respose to catch Q at trial 13: 95.115000
96642	[1]	:	RT and choice to catch Q at trial 13: 0.976000, 28
96672	[30]	:	Fixation at trial 14: 96.652000
97694	[1022]	:	Object at trial 14: 97.674000
99724	[2030]	:	Fixation at trial 15: 99.704000
100745	[1021]	:	Object at trial 15: 100.725000
102769	[2024]	:	Fixation at trial 15: 102.749000
103794	[1025]	:	Catch Stim at trial 15: 103.774000
104547	[753]	:	Key	30	DOWN	at	104547  
106274	[1727]	:	Respose to catch Q at trial 15: 104.554000
106275	[1]	:	RT and choice to catch Q at trial 15: 0.780000, 30
106301	[26]	:	Fixation at trial 16: 106.281000
107322	[1021]	:	Object at trial 16: 107.302000
109349	[2027]	:	Fixation at trial 17: 109.329000
110370	[1021]	:	Object at trial 17: 110.350000
112405	[2035]	:	Fixation at trial 18: 112.385000
113426	[1021]	:	Object at trial 18: 113.406000
115451	[2025]	:	Fixation at trial 19: 115.431000
116472	[1021]	:	Object at trial 19: 116.452000
118496	[2024]	:	Fixation at trial 20: 118.476000
119517	[1021]	:	Object at trial 20: 119.497000
121541	[2024]	:	Fixation at trial 21: 121.521000
122562	[1021]	:	Object at trial 21: 122.542000
124586	[2024]	:	Fixation at trial 21: 124.566000
125610	[1024]	:	Catch Stim at trial 21: 125.590000
127234	[1624]	:	Key	28	DOWN	at	127234  
128090	[856]	:	Respose to catch Q at trial 21: 127.240000
128091	[1]	:	RT and choice to catch Q at trial 21: 1.650000, 28
128116	[25]	:	Fixation at trial 22: 128.096000
129136	[1020]	:	Object at trial 22: 129.117000
131160	[2024]	:	Fixation at trial 23: 131.140000
132181	[1021]	:	Object at trial 23: 132.161000
134206	[2025]	:	Fixation at trial 24: 134.186000
135227	[1021]	:	Object at trial 24: 135.207000
137251	[2024]	:	Fixation at trial 25: 137.231000
138272	[1021]	:	Object at trial 25: 138.252000
140296	[2024]	:	Fixation at trial 26: 140.276000
141317	[1021]	:	Object at trial 26: 141.297000
143342	[2025]	:	Fixation at trial 27: 143.322000
144363	[1021]	:	Object at trial 27: 144.343000
146386	[2023]	:	Fixation at trial 27: 146.366000
147411	[1025]	:	Catch Stim at trial 27: 147.391000
148525	[1114]	:	Key	30	DOWN	at	148525  
149891	[1366]	:	Respose to catch Q at trial 27: 148.531000
149892	[1]	:	RT and choice to catch Q at trial 27: 1.140000, 30
149917	[25]	:	Fixation at trial 28: 149.897000
150938	[1021]	:	Object at trial 28: 150.918000
152963	[2025]	:	Fixation at trial 28: 152.943000
153989	[1026]	:	Catch Stim at trial 28: 153.969000
154995	[1006]	:	Key	28	DOWN	at	154995  
156469	[1474]	:	Respose to catch Q at trial 28: 155.001000
156470	[1]	:	RT and choice to catch Q at trial 28: 1.032000, 28
156499	[29]	:	Fixation at trial 29: 156.475000
157520	[1021]	:	Object at trial 29: 157.500000
159544	[2024]	:	Fixation at trial 29: 159.524000
160569	[1025]	:	Catch Stim at trial 29: 160.549000
161568	[999]	:	Key	30	DOWN	at	161568  
163049	[1481]	:	Respose to catch Q at trial 29: 161.574000
163050	[1]	:	RT and choice to catch Q at trial 29: 1.025000, 30
163074	[24]	:	Fixation at trial 30: 163.054000
164095	[1021]	:	Object at trial 30: 164.075000
166119	[2024]	:	Fixation at trial 31: 166.099000
167140	[1021]	:	Object at trial 31: 167.120000
169164	[2024]	:	Fixation at trial 32: 169.144000
170185	[1021]	:	Object at trial 32: 170.165000
172209	[2024]	:	Fixation at trial 33: 172.189000
173230	[1021]	:	Object at trial 33: 173.210000
175254	[2024]	:	Fixation at trial 34: 175.234000
176275	[1021]	:	Object at trial 34: 176.255000
178299	[2024]	:	Fixation at trial 35: 178.279000
179320	[1021]	:	Object at trial 35: 179.300000
181344	[2024]	:	Fixation at trial 35: 181.324000
182371	[1027]	:	Catch Stim at trial 35: 182.351000
183285	[914]	:	Key	30	DOWN	at	183285  
184851	[1566]	:	Respose to catch Q at trial 35: 183.291000
184852	[1]	:	RT and choice to catch Q at trial 35: 0.940000, 30
184876	[24]	:	Fixation at trial 36: 184.856000
185897	[1021]	:	Object at trial 36: 185.877000
187921	[2024]	:	Fixation at trial 37: 187.901000
188942	[1021]	:	Object at trial 37: 188.922000
190966	[2024]	:	Fixation at trial 38: 190.946000
191987	[1021]	:	Object at trial 38: 191.967000
194011	[2024]	:	Fixation at trial 39: 193.991000
195032	[1021]	:	Object at trial 39: 195.012000
197056	[2024]	:	Fixation at trial 39: 197.036000
198080	[1024]	:	Catch Stim at trial 39: 198.060000
198641	[561]	:	Key	30	DOWN	at	198641  
200560	[1919]	:	Respose to catch Q at trial 39: 198.647000
200561	[1]	:	RT and choice to catch Q at trial 39: 0.587000, 30
200585	[24]	:	Fixation at trial 40: 200.565000
201607	[1022]	:	Object at trial 40: 201.587000
203631	[2024]	:	Fixation at trial 41: 203.611000
204652	[1021]	:	Object at trial 41: 204.632000
206676	[2024]	:	Fixation at trial 42: 206.656000
207697	[1021]	:	Object at trial 42: 207.677000
209721	[2024]	:	Fixation at trial 43: 209.701000
210742	[1021]	:	Object at trial 43: 210.722000
212766	[2024]	:	Fixation at trial 44: 212.746000
213787	[1021]	:	Object at trial 44: 213.767000
215811	[2024]	:	Fixation at trial 45: 215.791000
216832	[1021]	:	Object at trial 45: 216.812000
218856	[2024]	:	Fixation at trial 46: 218.836000
219877	[1021]	:	Object at trial 46: 219.857000
221901	[2024]	:	Fixation at trial 47: 221.881000
222922	[1021]	:	Object at trial 47: 222.902000
224946	[2024]	:	Fixation at trial 48: 224.926000
225967	[1021]	:	Object at trial 48: 225.947000
227991	[2024]	:	Fixation at trial 48: 227.971000
229016	[1025]	:	Catch Stim at trial 48: 228.996000
230413	[1397]	:	Key	30	DOWN	at	230413  
231496	[1083]	:	Respose to catch Q at trial 48: 230.419000
231497	[1]	:	RT and choice to catch Q at trial 48: 1.423000, 30
231521	[24]	:	Fixation at trial 49: 231.501000
232542	[1021]	:	Object at trial 49: 232.522000
234566	[2024]	:	Fixation at trial 49: 234.546000
235590	[1024]	:	Catch Stim at trial 49: 235.570000
236384	[794]	:	Key	30	DOWN	at	236384  
238070	[1686]	:	Respose to catch Q at trial 49: 236.390000
238070	[0]	:	RT and choice to catch Q at trial 49: 0.820000, 30
238095	[25]	:	Fixation at trial 50: 238.075000
239117	[1022]	:	Object at trial 50: 239.097000
241141	[2024]	:	Fixation at trial 51: 241.121000
242162	[1021]	:	Object at trial 51: 242.142000
244186	[2024]	:	Fixation at trial 52: 244.166000
245207	[1021]	:	Object at trial 52: 245.187000
247231	[2024]	:	Fixation at trial 53: 247.211000
248252	[1021]	:	Object at trial 53: 248.232000
250276	[2024]	:	Fixation at trial 54: 250.256000
251297	[1021]	:	Object at trial 54: 251.277000
253321	[2024]	:	Fixation at trial 54: 253.301000
254345	[1024]	:	Catch Stim at trial 54: 254.325000
254926	[581]	:	Key	30	DOWN	at	254926  
256825	[1899]	:	Respose to catch Q at trial 54: 254.932000
256825	[0]	:	RT and choice to catch Q at trial 54: 0.607000, 30
256849	[24]	:	Fixation at trial 55: 256.830000
257870	[1021]	:	Object at trial 55: 257.850000
259896	[2026]	:	Fixation at trial 56: 259.875000
260918	[1022]	:	Object at trial 56: 260.897000
262942	[2024]	:	Fixation at trial 57: 262.922000
263963	[1021]	:	Object at trial 57: 263.943000
265987	[2024]	:	Fixation at trial 58: 265.967000
267008	[1021]	:	Object at trial 58: 266.988000
269032	[2024]	:	Fixation at trial 59: 269.012000
270053	[1021]	:	Object at trial 59: 270.033000
272077	[2024]	:	Fixation at trial 60: 272.057000
273098	[1021]	:	Object at trial 60: 273.078000
275122	[2024]	:	Fixation at trial 61: 275.102000
276143	[1021]	:	Object at trial 61: 276.123000
278167	[2024]	:	Fixation at trial 62: 278.147000
279188	[1021]	:	Object at trial 62: 279.168000
281212	[2024]	:	Fixation at trial 63: 281.192000
282233	[1021]	:	Object at trial 63: 282.213000
284257	[2024]	:	Fixation at trial 64: 284.237000
285278	[1021]	:	Object at trial 64: 285.258000
287303	[2025]	:	Fixation at trial 65: 287.283000
288324	[1021]	:	Object at trial 65: 288.304000
290348	[2024]	:	Fixation at trial 66: 290.328000
291369	[1021]	:	Object at trial 66: 291.349000
293393	[2024]	:	Fixation at trial 67: 293.373000
294414	[1021]	:	Object at trial 67: 294.394000
296438	[2024]	:	Fixation at trial 68: 296.418000
297459	[1021]	:	Object at trial 68: 297.439000
299483	[2024]	:	Fixation at trial 69: 299.463000
300504	[1021]	:	Object at trial 69: 300.484000
302528	[2024]	:	Fixation at trial 70: 302.508000
303549	[1021]	:	Object at trial 70: 303.529000
305573	[2024]	:	Fixation at trial 71: 305.553000
306594	[1021]	:	Object at trial 71: 306.574000
308618	[2024]	:	Fixation at trial 72: 308.598000
309639	[1021]	:	Object at trial 72: 309.619000
311663	[2024]	:	Fixation at trial 73: 311.643000
312684	[1021]	:	Object at trial 73: 312.664000
314709	[2025]	:	Fixation at trial 74: 314.689000
315730	[1021]	:	Object at trial 74: 315.710000
317754	[2024]	:	Fixation at trial 74: 317.734000
318779	[1025]	:	Catch Stim at trial 74: 318.759000
319890	[1111]	:	Key	28	DOWN	at	319890  
321259	[1369]	:	Respose to catch Q at trial 74: 319.896000
321259	[0]	:	RT and choice to catch Q at trial 74: 1.137000, 28
321285	[26]	:	Fixation at trial 75: 321.265000
322306	[1021]	:	Object at trial 75: 322.286000
324331	[2025]	:	Fixation at trial 76: 324.311000
325352	[1021]	:	Object at trial 76: 325.332000
327376	[2024]	:	Fixation at trial 77: 327.356000
328397	[1021]	:	Object at trial 77: 328.377000
330421	[2024]	:	Fixation at trial 78: 330.401000
331442	[1021]	:	Object at trial 78: 331.422000
333466	[2024]	:	Fixation at trial 78: 333.446000
334491	[1025]	:	Catch Stim at trial 78: 334.471000
335416	[925]	:	Key	28	DOWN	at	335416  
336971	[1555]	:	Respose to catch Q at trial 78: 335.422000
336971	[0]	:	RT and choice to catch Q at trial 78: 0.951000, 28
336996	[25]	:	Fixation at trial 79: 336.976000
338017	[1021]	:	Object at trial 79: 337.997000
340041	[2024]	:	Fixation at trial 79: 340.021000
341066	[1025]	:	Catch Stim at trial 79: 341.046000
342376	[1310]	:	Key	28	DOWN	at	342376  
343546	[1170]	:	Respose to catch Q at trial 79: 342.382000
343546	[0]	:	RT and choice to catch Q at trial 79: 1.336000, 28
343571	[25]	:	Fixation at trial 80: 343.551000
344592	[1021]	:	Object at trial 80: 344.572000
346617	[2025]	:	Fixation at trial 81: 346.597000
347638	[1021]	:	Object at trial 81: 347.618000
349662	[2024]	:	Fix