Cog2000 log file Fri Oct 04 12:52:59 2019
gprim v1.29 Compiled:Feb  1 2010 (GLib DirectDraw v7 DX10.0 Compiled:Feb  1 2010)
Display:1024x768x32 59.81Hz
CogInput v1.05 Compiled: May 20 2010
0	[0]	:	COGENT START
890	[890]	:	Key	30	DOWN	at	890     
1075	[185]	:	Key	30	UP	at	1075    
1480	[405]	:	Key	28	DOWN	at	1480    
1745	[265]	:	Key	28	UP	at	1745    
23087	[21342]	:	Key	71	DOWN	at	23087   
23140	[53]	:	Fixation at trial 1: 23.120000
23667	[527]	:	Object at trial 1: 23.646000
27191	[3524]	:	Fixation at trial 1: 27.170000
27720	[529]	:	Catch Stim at trial 1: 27.699000
31250	[3530]	:	Catch Q at trial 1: 27.699000
32087	[837]	:	Key	28	DOWN	at	32087   
33229	[1142]	:	Respose to catch Q at trial 1: 32.095000
33230	[1]	:	RT and choice to catch Q at trial 1: 0.866000, 28
33266	[36]	:	Fixation at trial 2: 33.246000
33788	[522]	:	Object at trial 2: 33.768000
37311	[3523]	:	Fixation at trial 2: 37.291000
37835	[524]	:	Catch Stim at trial 2: 37.815000
41363	[3528]	:	Catch Q at trial 2: 37.815000
42558	[1195]	:	Key	28	DOWN	at	42558   
43343	[785]	:	Respose to catch Q at trial 2: 42.565000
43344	[1]	:	RT and choice to catch Q at trial 2: 1.222000, 28
43377	[33]	:	Fixation at trial 3: 43.357000
43900	[523]	:	Object at trial 3: 43.880000
47423	[3523]	:	Fixation at trial 3: 47.403000
47945	[522]	:	Catch Stim at trial 3: 47.925000
51471	[3526]	:	Catch Q at trial 3: 47.925000
53497	[2026]	:	Respose to catch Q at trial 3: 52.977000
53498	[1]	:	RT and choice to catch Q at trial 3: 1.526000, 0
53533	[35]	:	Fixation at trial 4: 53.513000
54055	[522]	:	Object at trial 4: 54.035000
57578	[3523]	:	Fixation at trial 4: 57.558000
58100	[522]	:	Catch Stim at trial 4: 58.080000
61625	[3525]	:	Catch Q at trial 4: 58.080000
62674	[1049]	:	Key	28	DOWN	at	62674   
63605	[931]	:	Respose to catch Q at trial 4: 62.681000
63606	[1]	:	RT and choice to catch Q at trial 4: 1.076000, 28
63634	[28]	:	Fixation at trial 5: 63.614000
64155	[521]	:	Object at trial 5: 64.136000
67677	[3522]	:	Fixation at trial 5: 67.657000
68200	[523]	:	Catch Stim at trial 5: 68.180000
71726	[3526]	:	Catch Q at trial 5: 68.180000
72505	[779]	:	Key	28	DOWN	at	72505   
73706	[1201]	:	Respose to catch Q at trial 5: 72.510000
73707	[1]	:	RT and choice to catch Q at trial 5: 0.804000, 28
73736	[29]	:	Fixation at trial 6: 73.716000
74258	[522]	:	Object at trial 6: 74.238000
77781	[3523]	:	Fixation at trial 6: 77.761000
78304	[523]	:	Catch Stim at trial 6: 78.284000
81830	[3526]	:	Catch Q at trial 6: 78.284000
82875	[1045]	:	Key	28	DOWN	at	82875   
83810	[935]	:	Respose to catch Q at trial 6: 82.882000
83811	[1]	:	RT and choice to catch Q at trial 6: 1.072000, 28
83838	[27]	:	Fixation at trial 7: 83.818000
84360	[522]	:	Object at trial 7: 84.340000
87883	[3523]	:	Fixation at trial 7: 87.863000
88406	[523]	:	Catch Stim at trial 7: 88.386000
91932	[3526]	:	Catch Q at trial 7: 88.386000
93956	[2024]	:	Respose to catch Q at trial 7: 93.436000
93957	[1]	:	RT and choice to catch Q at trial 7: 1.524000, 0
93989	[32]	:	Fixation at trial 8: 93.969000
94511	[522]	:	Object at trial 8: 94.491000
98034	[3523]	:	Fixation at trial 8: 98.014000
98557	[523]	:	Catch Stim at trial 8: 98.537000
102082	[3525]	:	Catch Q at trial 8: 98.537000
103121	[1039]	:	Key	28	DOWN	at	103121  
104062	[941]	:	Respose to catch Q at trial 8: 103.126000
104063	[1]	:	RT and choice to catch Q at trial 8: 1.064000, 28
104089	[26]	:	Fixation at trial 9: 104.069000
104611	[522]	:	Object at trial 9: 104.591000
108134	[3523]	:	Fixation at trial 9: 108.114000
108656	[522]	:	Catch Stim at trial 9: 108.636000
112182	[3526]	:	Catch Q at trial 9: 108.636000
113192	[1010]	:	Key	28	DOWN	at	113192  
114162	[970]	:	Respose to catch Q at trial 9: 113.198000
114163	[1]	:	RT and choice to catch Q at trial 9: 1.036000, 28
114188	[25]	:	Fixation at trial 10: 114.168000
114710	[522]	:	Object at trial 10: 114.690000
118233	[3523]	:	Fixation at trial 10: 118.213000
118755	[522]	:	Catch Stim at trial 10: 118.735000
122281	[3526]	:	Catch Q at trial 10: 118.735000
122987	[706]	:	Key	30	DOWN	at	122987  
124261	[1274]	:	Respose to catch Q at trial 10: 122.993000
124262	[1]	:	RT and choice to catch Q at trial 10: 0.732000, 30
124287	[25]	:	Fixation at trial 11: 124.267000
124809	[522]	:	Object at trial 11: 124.789000
128332	[3523]	:	Fixation at trial 11: 128.312000
128856	[524]	:	Catch Stim at trial 11: 128.835000
132381	[3525]	:	Catch Q at trial 11: 128.835000
133158	[777]	:	Key	30	DOWN	at	133158  
134361	[1203]	:	Respose to catch Q at trial 11: 133.163000
134362	[1]	:	RT and choice to catch Q at trial 11: 0.802000, 30
134386	[24]	:	Fixation at trial 12: 134.366000
134908	[522]	:	Object at trial 12: 134.888000
138431	[3523]	:	Fixation at trial 12: 138.411000
138953	[522]	:	Catch Stim at trial 12: 138.933000
142478	[3525]	:	Catch Q at trial 12: 138.933000
142874	[396]	:	Key	30	DOWN	at	142874  
144458	[1584]	:	Respose to catch Q at trial 12: 142.879000
144459	[1]	:	RT and choice to catch Q at trial 12: 0.421000, 30
144483	[24]	:	Fixation at trial 13: 144.463000
145005	[522]	:	Object at trial 13: 144.985000
148528	[3523]	:	Fixation at trial 13: 148.508000
149050	[522]	:	Catch Stim at trial 13: 149.030000
152576	[3526]	:	Catch Q at trial 13: 149.030000
153884	[1308]	:	Key	28	DOWN	at	153884  
154556	[672]	:	Respose to catch Q at trial 13: 153.890000
154556	[0]	:	RT and choice to catch Q at trial 13: 1.334000, 28
154581	[25]	:	Fixation at trial 14: 154.561000
155103	[522]	:	Object at trial 14: 155.083000
158626	[3523]	:	Fixation at trial 14: 158.606000
159149	[523]	:	Catch Stim at trial 14: 159.129000
162674	[3525]	:	Catch Q at trial 14: 159.129000
163595	[921]	:	Key	28	DOWN	at	163595  
164654	[1059]	:	Respose to catch Q at trial 14: 163.601000
164655	[1]	:	RT and choice to catch Q at trial 14: 0.947000, 28
164679	[24]	:	Fixation at trial 15: 164.659000
165201	[522]	:	Object at trial 15: 165.181000
168724	[3523]	:	Fixation at trial 15: 168.704000
169246	[522]	:	Catch Stim at trial 15: 169.226000
172772	[3526]	:	Catch Q at trial 15: 169.226000
173945	[1173]	:	Key	28	DOWN	at	173945  
174752	[807]	:	Respose to catch Q at trial 15: 173.957000
174753	[1]	:	RT and choice to catch Q at trial 15: 1.205000, 28
174777	[24]	:	Fixation at trial 16: 174.757000
175299	[522]	:	Object at trial 16: 175.279000
178822	[3523]	:	Fixation at trial 16: 178.802000
179344	[522]	:	Catch Stim at trial 16: 179.324000
182871	[3527]	:	Catch Q at trial 16: 179.324000
184281	[1410]	:	Key	28	DOWN	at	184281  
184851	[570]	:	Respose to catch Q at trial 16: 184.287000
184852	[1]	:	RT and choice to catch Q at trial 16: 1.436000, 28
184876	[24]	:	Fixation at trial 17: 184.856000
185399	[523]	:	Object at trial 17: 185.379000
188922	[3523]	:	Fixation at trial 17: 188.902000
189444	[522]	:	Catch Stim at trial 17: 189.424000
192971	[3527]	:	Catch Q at trial 17: 189.424000
194266	[1295]	:	Key	28	DOWN	at	194266  
194951	[685]	:	Respose to catch Q at trial 17: 194.273000
194952	[1]	:	RT and choice to catch Q at trial 17: 1.322000, 28
194976	[24]	:	Fixation at trial 18: 194.956000
195498	[522]	:	Object at trial 18: 195.478000
199021	[3523]	:	Fixation at trial 18: 199.001000
199543	[522]	:	Catch Stim at trial 18: 199.523000
203069	[3526]	:	Catch Q at trial 18: 199.523000
204242	[1173]	:	Key	30	DOWN	at	204242  
205049	[807]	:	Respose to catch Q at trial 18: 204.248000
205050	[1]	:	RT and choice to catch Q at trial 18: 1.199000, 30
205074	[24]	:	Fixation at trial 19: 205.054000
205596	[522]	:	Object at trial 19: 205.576000
209119	[3523]	:	Fixation at trial 19: 209.099000
209641	[522]	:	Catch Stim at trial 19: 209.621000
213166	[3525]	:	Catch Q at trial 19: 209.621000
214183	[1017]	:	Key	28	DOWN	at	214183  
215146	[963]	:	Respose to catch Q at trial 19: 214.189000
215147	[1]	:	RT and choice to catch Q at trial 19: 1.043000, 28
215171	[24]	:	Fixation at trial 20: 215.151000
215695	[524]	:	Object at trial 20: 215.675000
219218	[3523]	:	Fixation at trial 20: 219.198000
219740	[522]	:	Catch Stim at trial 20: 219.720000
223265	[3525]	:	Catch Q at trial 20: 219.720000
224428	[1163]	:	Key	28	DOWN	at	224428  
225245	[817]	:	Respose to catch Q at trial 20: 224.434000
225245	[0]	:	RT and choice to catch Q at trial 20: 1.189000, 28
225270	[25]	:	Fixation at trial 21: 225.250000
225793	[523]	:	Object at trial 21: 225.773000
229316	[3523]	:	Fixation at trial 21: 229.296000
229838	[522]	:	Catch Stim at trial 21: 229.818000
233363	[3525]	:	Catch Q at trial 21: 229.818000
234184	[821]	:	Key	30	DOWN	at	234184  
235343	[1159]	:	Respose to catch Q at trial 21: 234.190000
235343	[0]	:	RT and choice to catch Q at trial 21: 0.847000, 30
235367	[24]	:	Fixation at trial 22: 235.347000
235889	[522]	:	Object at trial 22: 235.869000
239412	[3523]	:	Fixation at trial 22: 239.392000
239934	[522]	:	Catch Stim at trial 22: 239.914000
243459	[3525]	:	Catch Q at trial 22: 239.914000
244689	[1230]	:	Key	28	DOWN	at	244689  
245439	[750]	:	Respose to catch Q at trial 22: 244.696000
245439	[0]	:	RT and choice to catch Q at trial 22: 1.257000, 28
245464	[25]	:	Fixation at trial 23: 245.444000
245986	[522]	:	Object at trial 23: 245.966000
249509	[3523]	:	Fixation at trial 23: 249.489000
250031	[522]	:	Catch Stim at trial 23: 250.011000
253557	[3526]	:	Catch Q at trial 23: 250.011000
254756	[1199]	:	Key	28	DOWN	at	254756  
255537	[781]	:	Respose to catch Q at trial 23: 254.762000
255537	[0]	:	RT and choice to catch Q at trial 23: 1.225000, 28
255562	[25]	:	Fixation at trial 24: 255.542000
256084	[522]	:	Object at trial 24: 256.064000
259607	[3523]	:	Fixation at trial 24: 259.587000
260128	[521]	:	Catch Stim at trial 24: 260.109000
263652	[3524]	:	Catch Q at trial 24: 260.109000
264732	[1080]	:	Key	28	DOWN	at	264732  
265632	[900]	:	Respose to catch Q at trial 24: 264.738000
265632	[0]	:	RT and choice to catch Q at trial 24: 1.106000, 28
265657	[25]	:	Fixation at trial 25: 265.637000
266179	[522]	:	Object at trial 25: 266.159000
269702	[3523]	:	Fixation at trial 25: 269.682000
270224	[522]	:	Catch Stim at trial 25: 270.204000
273749	[3525]	:	Catch Q at trial 25: 270.204000
274812	[1063]	:	Key	28	DOWN	at	274812  
275729	[917]	:	Respose to catch Q at trial 25: 274.818000
275729	[0]	:	RT and choice to catch Q at trial 25: 1.089000, 28
275754	[25]	:	Fixation at trial 26: 275.734000
276276	[522]	:	Object at trial 26: 276.256000
279799	[3523]	:	Fixation at trial 26: 279.779000
280320	[521]	:	Catch Stim at trial 26: 280.300000
283845	[3525]	:	Catch Q at trial 26: 280.300000
284833	[988]	:	Key	28	DOWN	at	284833  
285825	[992]	:	Respose to catch Q at trial 26: 284.839000
285825	[0]	:	RT and choice to catch Q at trial 26: 1.014000, 28
285850	[25]	:	Fixation at trial 27: 285.830000
286372	[522]	:	Object at trial 27: 286.352000
289895	[3523]	:	Fixation at trial 27: 289.875000
290417	[522]	:	Catch Stim at trial 27: 290.397000
293942	[3525]	:	Catch Q at trial 27: 290.397000
295143	[1201]	:	Key	28	DOWN	at	295143  
295922	[779]	:	Respose to catch Q at trial 27: 295.148000
295922	[0]	:	RT and choice to catch Q at trial 27: 1.226000, 28
295947	[25]	:	Fixation at trial 28: 295.927000
296469	[522]	:	Object at trial 28: 296.449000
299992	[3523]	:	Fixation at trial 28: 299.972000
300514	[522]	:	Catch Stim at trial 28: 300.494000
304040	[3526]	:	Catch Q at trial 28: 300.494000
304694	[654]	:	Key	30	DOWN	at	304694  
306020	[1326]	:	Respose to catch Q at trial 28: 304.700000
306020	[0]	:	RT and choice to catch Q at trial 28: 0.680000, 30
306045	[25]	:	Fixation at trial 29: 306.025000
306567	[522]	:	Object at trial 29: 306.547000
310090	[3523]	:	Fixation at trial 29: 310.070000
310612	[522]	:	Catch Stim at trial 29: 310.592000
314137	[3525]	:	Catch Q at trial 29: 310.592000
314599	[462]	:	Key	30	DOWN	at	314599  
316117	[1518]	:	Respose to catch Q at trial 29: 314.605000
316117	[0]	:	RT and choice to catch Q at trial 29: 0.488000, 30
316142	[25]	:	Fixation at trial 30: 316.122000
316664	[522]	:	Object at trial 30: 316.644000
320187	[3523]	:	Fixation at trial 30: 320.167000
320709	[522]	:	Catch Stim at trial 30: 320.689000
324235	[3526]	:	Catch Q at trial 30: 320.689000
325336	[1101]	:	Key	28	DOWN	at	325336  
326215	[879]	:	Respose to catch Q at trial 30: 325.342000
326215	[0]	:	RT and choice to catch Q at trial 30: 1.127000, 28
326240	[25]	:	Fixation at trial 31: 326.220000
326762	[522]	:	Object at trial 31: 326.742000
330285	[3523]	:	Fixation at trial 31: 330.265000
330807	[522]	:	Catch Stim at trial 31: 330.787000
334332	[3525]	:	Catch Q at trial 31: 330.787000
335267	[935]	:	Key	30	DOWN	at	335267  
336312	[1045]	:	Respose to catch Q at trial 31: 335.273000
336312	[0]	:	RT and choice to catch Q at trial 31: 0.961000, 30
336337	[25]	:	Fixation at trial 32: 336.317000
336859	[522]	:	Object at trial 32: 336.839000
340382	[3523]	:	Fixation at trial 32: 340.362000
340904	[522]	:	Catch Stim at trial 32: 340.884000
344429	[3525]	:	Catch Q at trial 32: 340.884000
345017	[588]	:	Key	30	DOWN	at	345017  
346409	[1392]	:	Respose to catch Q at trial 32: 345.022000
346409	[0]	:	RT and choice to catch Q at trial 32: 0.613000, 30
346434	[25]	:	Fixation at trial 33: 346.414000
346956	[522]	:	Object at trial 33: 346.936000
350479	[3523]	:	Fixation at trial 33: 350.459000
351001	[522]	:	Catch Stim at trial 33: 350.981000
354527	[3526]	:	Catch Q at trial 33: 350.981000
354958	[431]	:	Key	30	DOWN	at	354958  
356507	[1549]	:	Respose to catch Q at trial 33: 354.963000
356507	[0]	:	RT and choice to catch Q at trial 33: 0.456000, 30
356532	[25]	:	Fixation at trial 34: 356.512000
357054	[522]	:	Object at trial 34: 357.034000
360577	[3523]	:	Fixation at trial 34: 360.557000
361100	[523]	:	Catch Stim at trial 34: 361.080000
364626	[3526]	:	Catch Q at trial 34: 361.080000
366088	[1462]	:	Key	28	DOWN	at	366088  
366606	[518]	:	Respose to catch Q at trial 34: 366.094000
366606	[0]	:	RT and choice to catch Q at trial 34: 1.488000, 28
366631	[25]	:	Fixation at trial 35: 366.611000
367153	[522]	:	Object at trial 35: 367.133000
370676	[3523]	:	Fixation at trial 35: 370.656000
371198	[522]	:	Catch Stim at trial 35: 371.178000
374724	[3526]	:	Catch Q at trial 35: 371.178000
375774	[1050]	:	Key	28	DOWN	at	375774  
376704	[930]	:	Respose to catch Q at trial 35: 375.780000
376704	[0]	:	RT and choice to catch Q at trial 35: 1.076000, 28
376729	[25]	:	Fixation at trial 36: 376.709000
377251	[522]	:	Object at trial 36: 377.231000
380774	[3523]	:	Fixation at trial 36: 380.754000
381297	[523]	:	Catch Stim at trial 36: 381.277000
384823	[3526]	:	Catch Q at trial 36: 381.277000
385884	[1061]	:	Key	28	DOWN	at	385884  
386803	[919]	:	Respose to catch Q at trial 36: 385.890000
386803	[0]	:	RT and choice to catch Q at trial 36: 1.087000, 28
386828	[25]	:	Fixation at trial 37: 386.808000
387350	[522]	:	Object at trial 37: 387.330000
390873	[3523]	:	Fixation at trial 37: 390.853000
391395	[522]	:	Catch Stim at trial 37: 391.375000
394920	[3525]	:	Catch Q at trial 37: 391.375000
396180	[1260]	:	Key	30	DOWN	at	396180  
396900	[720]	:	Respose to catch Q at trial 37: 396.186000
396900	[0]	:	RT and choice to catch Q at trial 37: 1.286000, 30
396924	[24]	:	Fixation at trial 38: 396.904000
397446	[522]	:	Object at trial 38: 397.426000
400969	[3523]	:	Fixation at trial 38: 400.949000
401491	[522]	:	Catch Stim at trial 38: 401.471000
405016	[3525]	:	Catch Q at trial 38: 401.471000
406316	[1300]	:	Key	30	DOWN	at	406316  
406996	[680]	:	Respose to catch Q at trial 38: 406.322000
406996	[0]	:	RT and choice to catch Q at trial 38: 1.326000, 30
407021	[25]	:	Fixation at trial 39: 407.001000
407543	[522]	:	Object at trial 39: 407.523000
411066	[3523]	:	Fixation at trial 39: 411.046000
411588	[522]	:	Catch Stim at trial 39: 411.568000
415113	[3525]	:	Catch Q at trial 39: 411.568000
416066	[953]	:	Key	28	DOWN	at	416066  
417093	[1027]	:	Respose to catch Q at trial 39: 416.072000
417093	[0]	:	RT and choice to catch Q at trial 39: 0.979000, 28
417118	[25]	:	Fixation at trial 40: 417.098000
417640	[522]	:	Object at trial 40: 417.620000
421163	[3523]	:	Fixation at trial 40: 421.143000
421685	[522]	:	Catch Stim at trial 40: 421.665000
425210	[3525]	:	Catch Q at trial 40: 421.665000
425797	[587]	:	Key	30	DOWN	at	425797  
427190	[1393]	:	Respose to catch Q at trial 40: 425.803000
427190	[0]	:	RT and choice to catch Q at trial 40: 0.613000, 30
427215	[25]	:	Fixation at trial 41: 427.195000
427737	[522]	:	Object at trial 41: 427.717000
431260	[3523]	:	Fixation at trial 41: 431.240000
431782	[522]	:	Cat