Cog2000 log file Fri Oct 04 13:19:03 2019
gprim v1.29 Compiled:Feb  1 2010 (GLib DirectDraw v7 DX10.0 Compiled:Feb  1 2010)
Display:1024x768x32 59.84Hz
CogInput v1.05 Compiled: May 20 2010
0	[0]	:	COGENT START
745	[745]	:	Key	30	DOWN	at	745     
910	[165]	:	Key	30	UP	at	910     
1070	[160]	:	Key	28	DOWN	at	1070    
1235	[165]	:	Key	28	UP	at	1235    
100066	[98831]	:	Key	71	DOWN	at	100066  
100127	[61]	:	Fixation at trial 1: 100.107000
100653	[526]	:	Object at trial 1: 100.633000
104176	[3523]	:	Fixation at trial 1: 104.156000
104701	[525]	:	Catch Stim at trial 1: 104.681000
108230	[3529]	:	Catch Q at trial 1: 104.681000
109521	[1291]	:	Key	28	DOWN	at	109521  
110210	[689]	:	Respose to catch Q at trial 1: 109.527000
110211	[1]	:	RT and choice to catch Q at trial 1: 1.317000, 28
110239	[28]	:	Fixation at trial 2: 110.219000
110761	[522]	:	Object at trial 2: 110.741000
114284	[3523]	:	Fixation at trial 2: 114.264000
114806	[522]	:	Catch Stim at trial 2: 114.786000
118331	[3525]	:	Catch Q at trial 2: 114.786000
118997	[666]	:	Key	30	DOWN	at	118997  
120311	[1314]	:	Respose to catch Q at trial 2: 119.003000
120311	[0]	:	RT and choice to catch Q at trial 2: 0.692000, 30
120341	[30]	:	Fixation at trial 3: 120.321000
120863	[522]	:	Object at trial 3: 120.843000
124386	[3523]	:	Fixation at trial 3: 124.366000
124908	[522]	:	Catch Stim at trial 3: 124.888000
128433	[3525]	:	Catch Q at trial 3: 124.888000
129782	[1349]	:	Key	30	DOWN	at	129782  
130414	[632]	:	Respose to catch Q at trial 3: 129.788000
130416	[2]	:	RT and choice to catch Q at trial 3: 1.374000, 30
130439	[23]	:	Fixation at trial 4: 130.420000
130961	[522]	:	Object at trial 4: 130.941000
134484	[3523]	:	Fixation at trial 4: 134.464000
135006	[522]	:	Catch Stim at trial 4: 134.986000
138531	[3525]	:	Catch Q at trial 4: 134.986000
138948	[417]	:	Key	30	DOWN	at	138948  
140511	[1563]	:	Respose to catch Q at trial 4: 138.954000
140511	[0]	:	RT and choice to catch Q at trial 4: 0.443000, 30
140536	[25]	:	Fixation at trial 5: 140.516000
141058	[522]	:	Object at trial 5: 141.038000
144581	[3523]	:	Fixation at trial 5: 144.561000
145103	[522]	:	Catch Stim at trial 5: 145.083000
148628	[3525]	:	Catch Q at trial 5: 145.083000
150652	[2024]	:	Respose to catch Q at trial 5: 150.132000
150653	[1]	:	RT and choice to catch Q at trial 5: 1.524000, 0
150680	[27]	:	Fixation at trial 6: 150.660000
151202	[522]	:	Object at trial 6: 151.182000
154725	[3523]	:	Fixation at trial 6: 154.705000
155249	[524]	:	Catch Stim at trial 6: 155.229000
158776	[3527]	:	Catch Q at trial 6: 155.229000
159409	[633]	:	Key	28	DOWN	at	159409  
160756	[1347]	:	Respose to catch Q at trial 6: 159.414000
160756	[0]	:	RT and choice to catch Q at trial 6: 0.658000, 28
160781	[25]	:	Fixation at trial 7: 160.761000
161303	[522]	:	Object at trial 7: 161.283000
164826	[3523]	:	Fixation at trial 7: 164.806000
165348	[522]	:	Catch Stim at trial 7: 165.328000
168873	[3525]	:	Catch Q at trial 7: 165.328000
169335	[462]	:	Key	30	DOWN	at	169335  
170853	[1518]	:	Respose to catch Q at trial 7: 169.340000
170853	[0]	:	RT and choice to catch Q at trial 7: 0.487000, 30
170878	[25]	:	Fixation at trial 8: 170.858000
171400	[522]	:	Object at trial 8: 171.380000
174923	[3523]	:	Fixation at trial 8: 174.903000
175445	[522]	:	Catch Stim at trial 8: 175.425000
178970	[3525]	:	Catch Q at trial 8: 175.425000
179475	[505]	:	Key	30	DOWN	at	179475  
180950	[1475]	:	Respose to catch Q at trial 8: 179.480000
180950	[0]	:	RT and choice to catch Q at trial 8: 0.530000, 30
180975	[25]	:	Fixation at trial 9: 180.955000
181497	[522]	:	Object at trial 9: 181.477000
185020	[3523]	:	Fixation at trial 9: 185.000000
185542	[522]	:	Catch Stim at trial 9: 185.522000
189068	[3526]	:	Catch Q at trial 9: 185.522000
190516	[1448]	:	Key	28	DOWN	at	190516  
191048	[532]	:	Respose to catch Q at trial 9: 190.522000
191048	[0]	:	RT and choice to catch Q at trial 9: 1.474000, 28
191073	[25]	:	Fixation at trial 10: 191.053000
191596	[523]	:	Object at trial 10: 191.576000
195119	[3523]	:	Fixation at trial 10: 195.099000
195641	[522]	:	Catch Stim at trial 10: 195.621000
199167	[3526]	:	Catch Q at trial 10: 195.621000
200276	[1109]	:	Key	28	DOWN	at	200276  
201147	[871]	:	Respose to catch Q at trial 10: 200.282000
201147	[0]	:	RT and choice to catch Q at trial 10: 1.135000, 28
201172	[25]	:	Fixation at trial 11: 201.152000
201694	[522]	:	Object at trial 11: 201.674000
205217	[3523]	:	Fixation at trial 11: 205.197000
205739	[522]	:	Catch Stim at trial 11: 205.719000
209265	[3526]	:	Catch Q at trial 11: 205.719000
210032	[767]	:	Key	30	DOWN	at	210032  
211245	[1213]	:	Respose to catch Q at trial 11: 210.038000
211245	[0]	:	RT and choice to catch Q at trial 11: 0.793000, 30
211270	[25]	:	Fixation at trial 12: 211.250000
211792	[522]	:	Object at trial 12: 211.772000
215315	[3523]	:	Fixation at trial 12: 215.295000
215837	[522]	:	Catch Stim at trial 12: 215.817000
219362	[3525]	:	Catch Q at trial 12: 215.817000
220207	[845]	:	Key	28	DOWN	at	220207  
221342	[1135]	:	Respose to catch Q at trial 12: 220.213000
221342	[0]	:	RT and choice to catch Q at trial 12: 0.871000, 28
221367	[25]	:	Fixation at trial 13: 221.347000
221889	[522]	:	Object at trial 13: 221.869000
225412	[3523]	:	Fixation at trial 13: 225.392000
225934	[522]	:	Catch Stim at trial 13: 225.914000
229459	[3525]	:	Catch Q at trial 13: 225.914000
230018	[559]	:	Key	30	DOWN	at	230018  
231439	[1421]	:	Respose to catch Q at trial 13: 230.024000
231439	[0]	:	RT and choice to catch Q at trial 13: 0.585000, 30
231464	[25]	:	Fixation at trial 14: 231.444000
231986	[522]	:	Object at trial 14: 231.966000
235509	[3523]	:	Fixation at trial 14: 235.489000
236031	[522]	:	Catch Stim at trial 14: 236.011000
239556	[3525]	:	Catch Q at trial 14: 236.011000
240919	[1363]	:	Key	28	DOWN	at	240919  
241536	[617]	:	Respose to catch Q at trial 14: 240.925000
241536	[0]	:	RT and choice to catch Q at trial 14: 1.389000, 28
241561	[25]	:	Fixation at trial 15: 241.541000
242083	[522]	:	Object at trial 15: 242.063000
245606	[3523]	:	Fixation at trial 15: 245.586000
246128	[522]	:	Catch Stim at trial 15: 246.108000
249653	[3525]	:	Catch Q at trial 15: 246.108000
250964	[1311]	:	Key	28	DOWN	at	250964  
251633	[669]	:	Respose to catch Q at trial 15: 250.971000
251633	[0]	:	RT and choice to catch Q at trial 15: 1.338000, 28
251658	[25]	:	Fixation at trial 16: 251.638000
252180	[522]	:	Object at trial 16: 252.160000
255703	[3523]	:	Fixation at trial 16: 255.683000
256226	[523]	:	Catch Stim at trial 16: 256.206000
259752	[3526]	:	Catch Q at trial 16: 256.206000
260870	[1118]	:	Key	28	DOWN	at	260870  
261732	[862]	:	Respose to catch Q at trial 16: 260.876000
261732	[0]	:	RT and choice to catch Q at trial 16: 1.144000, 28
261757	[25]	:	Fixation at trial 17: 261.737000
262279	[522]	:	Object at trial 17: 262.259000
265802	[3523]	:	Fixation at trial 17: 265.782000
266324	[522]	:	Catch Stim at trial 17: 266.304000
269849	[3525]	:	Catch Q at trial 17: 266.304000
270220	[371]	:	Key	30	DOWN	at	270220  
271829	[1609]	:	Respose to catch Q at trial 17: 270.226000
271829	[0]	:	RT and choice to catch Q at trial 17: 0.397000, 30
271854	[25]	:	Fixation at trial 18: 271.834000
272376	[522]	:	Object at trial 18: 272.356000
275899	[3523]	:	Fixation at trial 18: 275.879000
276422	[523]	:	Catch Stim at trial 18: 276.402000
279947	[3525]	:	Catch Q at trial 18: 276.402000
280996	[1049]	:	Key	28	DOWN	at	280996  
281927	[931]	:	Respose to catch Q at trial 18: 281.002000
281927	[0]	:	RT and choice to catch Q at trial 18: 1.075000, 28
281952	[25]	:	Fixation at trial 19: 281.932000
282474	[522]	:	Object at trial 19: 282.454000
285997	[3523]	:	Fixation at trial 19: 285.977000
286520	[523]	:	Catch Stim at trial 19: 286.500000
290046	[3526]	:	Catch Q at trial 19: 286.500000
291517	[1471]	:	Key	30	DOWN	at	291517  
292026	[509]	:	Respose to catch Q at trial 19: 291.523000
292026	[0]	:	RT and choice to catch Q at trial 19: 1.497000, 30
292051	[25]	:	Fixation at trial 20: 292.031000
292573	[522]	:	Object at trial 20: 292.553000
296096	[3523]	:	Fixation at trial 20: 296.076000
296617	[521]	:	Catch Stim at trial 20: 296.597000
300143	[3526]	:	Catch Q at trial 20: 296.597000
302167	[2024]	:	Respose to catch Q at trial 20: 301.647000
302168	[1]	:	RT and choice to catch Q at trial 20: 1.524000, 0
302194	[26]	:	Fixation at trial 21: 302.174000
302716	[522]	:	Object at trial 21: 302.696000
306239	[3523]	:	Fixation at trial 21: 306.219000
306816	[577]	:	Catch Stim at trial 21: 306.796000
310341	[3525]	:	Catch Q at trial 21: 306.796000
311388	[1047]	:	Key	28	DOWN	at	311388  
312321	[933]	:	Respose to catch Q at trial 21: 311.394000
312321	[0]	:	RT and choice to catch Q at trial 21: 1.073000, 28
312346	[25]	:	Fixation at trial 22: 312.326000
312868	[522]	:	Object at trial 22: 312.848000
316391	[3523]	:	Fixation at trial 22: 316.371000
316912	[521]	:	Catch Stim at trial 22: 316.892000
320438	[3526]	:	Catch Q at trial 22: 316.892000
322462	[2024]	:	Respose to catch Q at trial 22: 321.942000
322463	[1]	:	RT and choice to catch Q at trial 22: 1.524000, 0
322488	[25]	:	Fixation at trial 23: 322.468000
323010	[522]	:	Object at trial 23: 322.990000
326533	[3523]	:	Fixation at trial 23: 326.513000
327056	[523]	:	Catch Stim at trial 23: 327.036000
330582	[3526]	:	Catch Q at trial 23: 327.036000
332054	[1472]	:	Key	30	DOWN	at	332054  
332562	[508]	:	Respose to catch Q at trial 23: 332.060000
332562	[0]	:	RT and choice to catch Q at trial 23: 1.498000, 30
332587	[25]	:	Fixation at trial 24: 332.567000
333110	[523]	:	Object at trial 24: 333.090000
336633	[3523]	:	Fixation at trial 24: 336.613000
337154	[521]	:	Catch Stim at trial 24: 337.134000
340679	[3525]	:	Catch Q at trial 24: 337.134000
341909	[1230]	:	Key	28	DOWN	at	341909  
342659	[750]	:	Respose to catch Q at trial 24: 341.915000
342659	[0]	:	RT and choice to catch Q at trial 24: 1.256000, 28
342684	[25]	:	Fixation at trial 25: 342.664000
343206	[522]	:	Object at trial 25: 343.186000
346729	[3523]	:	Fixation at trial 25: 346.709000
347250	[521]	:	Catch Stim at trial 25: 347.230000
350775	[3525]	:	Catch Q at trial 25: 347.230000
352150	[1375]	:	Key	28	DOWN	at	352150  
352755	[605]	:	Respose to catch Q at trial 25: 352.156000
352755	[0]	:	RT and choice to catch Q at trial 25: 1.401000, 28
352780	[25]	:	Fixation at trial 26: 352.760000
353302	[522]	:	Object at trial 26: 353.282000
356825	[3523]	:	Fixation at trial 26: 356.805000
357347	[522]	:	Catch Stim at trial 26: 357.327000
360873	[3526]	:	Catch Q at trial 26: 357.327000
361756	[883]	:	Key	30	DOWN	at	361756  
362853	[1097]	:	Respose to catch Q at trial 26: 361.762000
362853	[0]	:	RT and choice to catch Q at trial 26: 0.909000, 30
362878	[25]	:	Fixation at trial 27: 362.858000
363400	[522]	:	Object at trial 27: 363.380000
366924	[3524]	:	Fixation at trial 27: 366.904000
367446	[522]	:	Catch Stim at trial 27: 367.426000
370971	[3525]	:	Catch Q at trial 27: 367.426000
372076	[1105]	:	Key	30	DOWN	at	372076  
372951	[875]	:	Respose to catch Q at trial 27: 372.082000
372952	[1]	:	RT and choice to catch Q at trial 27: 1.131000, 30
372976	[24]	:	Fixation at trial 28: 372.956000
373498	[522]	:	Object at trial 28: 373.478000
377021	[3523]	:	Fixation at trial 28: 377.001000
377543	[522]	:	Catch Stim at trial 28: 377.523000
381068	[3525]	:	Catch Q at trial 28: 377.523000
381982	[914]	:	Key	30	DOWN	at	381982  
383048	[1066]	:	Respose to catch Q at trial 28: 381.988000
383048	[0]	:	RT and choice to catch Q at trial 28: 0.940000, 30
383073	[25]	:	Fixation at trial 29: 383.053000
383595	[522]	:	Object at trial 29: 383.575000
387118	[3523]	:	Fixation at trial 29: 387.098000
387640	[522]	:	Catch Stim at trial 29: 387.620000
391165	[3525]	:	Catch Q at trial 29: 387.620000
392392	[1227]	:	Key	28	DOWN	at	392392  
393145	[753]	:	Respose to catch Q at trial 29: 392.398000
393145	[0]	:	RT and choice to catch Q at trial 29: 1.253000, 28
393170	[25]	:	Fixation at trial 30: 393.150000
393693	[523]	:	Object at trial 30: 393.673000
397216	[3523]	:	Fixation at trial 30: 397.196000
397737	[521]	:	Catch Stim at trial 30: 397.717000
401262	[3525]	:	Catch Q at trial 30: 397.717000
402658	[1396]	:	Key	28	DOWN	at	402658  
403242	[584]	:	Respose to catch Q at trial 30: 402.664000
403242	[0]	:	RT and choice to catch Q at trial 30: 1.422000, 28
403267	[25]	:	Fixation at trial 31: 403.247000
403790	[523]	:	Object at trial 31: 403.770000
407313	[3523]	:	Fixation at trial 31: 407.293000
407834	[521]	:	Catch Stim at trial 31: 407.814000
411359	[3525]	:	Catch Q at trial 31: 407.814000
412708	[1349]	:	Key	28	DOWN	at	412708  
413339	[631]	:	Respose to catch Q at trial 31: 412.714000
413339	[0]	:	RT and choice to catch Q at trial 31: 1.375000, 28
413364	[25]	:	Fixation at trial 32: 413.344000
413886	[522]	:	Object at trial 32: 413.866000
417409	[3523]	:	Fixation at trial 32: 417.389000
417931	[522]	:	Catch Stim at trial 32: 417.911000
421456	[3525]	:	Catch Q at trial 32: 417.911000
422604	[1148]	:	Key	28	DOWN	at	422604  
423436	[832]	:	Respose to catch Q at trial 32: 422.610000
423436	[0]	:	RT and choice to catch Q at trial 32: 1.174000, 28
423461	[25]	:	Fixation at trial 33: 423.441000
423983	[522]	:	Object at trial 33: 423.963000
427506	[3523]	:	Fixation at trial 33: 427.486000
428028	[522]	:	Catch Stim at trial 33: 428.008000
431553	[3525]	:	Catch Q at trial 33: 428.008000
432390	[837]	:	Key	30	DOWN	at	432390  
433533	[1143]	:	Respose to catch Q at trial 33: 432.396000
433533	[0]	:	RT and choice to catch Q at trial 33: 0.863000, 30
433558	[25]	:	Fixation at trial 34: 433.538000
434080	[522]	:	Object at trial 34: 434.060000
437603	[3523]	:	Fixation at trial 34: 437.583000
438125	[522]	:	Catch Stim at trial 34: 438.105000
441649	[3524]	:	Catch Q at trial 34: 438.105000
442855	[1206]	:	Key	28	DOWN	at	442855  
443629	[774]	:	Respose to catch Q at trial 34: 442.861000
443629	[0]	:	RT and choice to catch Q at trial 34: 1.232000, 28
443654	[25]	:	Fixation at trial 35: 443.634000
444176	[522]	:	Object at trial 35: 444.156000
447699	[3523]	:	Fixation at trial 35: 447.679000
448221	[522]	:	Catch Stim at trial 35: 448.201000
451746	[3525]	:	Catch Q at trial 35: 448.201000
452591	[845]	:	Key	30	DOWN	at	452591  
453726	[1135]	:	Respose to catch Q at trial 35: 452.597000
453726	[0]	:	RT and choice to catch Q at trial 35: 0.871000, 30
453751	[25]	:	Fixation at trial 36: 453.731000
454273	[522]	:	Object at trial 36: 454.253000
457796	[3523]	:	Fixation at trial 36: 457.776000
458318	[522]	:	Catch Stim at trial 36: 458.298000
461843	[3525]	:	Catch Q at trial 36: 458.298000
463281	[1438]	:	Key	28	DOWN	at	463281  
463823	[542]	:	Respose to catch Q at trial 36: 463.287000
463823	[0]	:	RT and choice to catch Q at trial 36: 1.464000, 28
463848	[25]	:	Fixation at trial 37: 463.828000
464371	[523]	:	Object at trial 37: 464.351000
467894	[3523]	:	Fixation at trial 37: 467.874000
468415	[521]	:	Catch Stim at trial 37: 468.395000
471940	[3525]	:	Catch Q at trial 37: 468.395000
473263	[1323]	:	Key	28	DOWN	at	473263  
473920	[657]	:	Respose to catch Q at trial 37: 473.269000
473920	[0]	:	RT and choice to catch Q at trial 37: 1.349000, 28
473945	[25]	:	Fixation at trial 38: 473.925000
474467	[522]	:	Object at trial 38: 474.447000
477990	[3523]	:	Fixation at trial 38: 477.970000
478512	[522]	:	Catch Stim at trial 38: 478.492000
482037	[3525]	:	Catch Q at trial 38: 478.492000
483213	[1176]	:	Key	30	DOWN	at	483213  
484017	[804]	:	Respose to catch Q at trial 38: 483.219000
484017	[0]	:	RT and choice to catch Q at trial 38: 1.202000, 30
484042	[25]	:	Fixation at trial 39: 484.022000
484564	[522]	:	Object at trial 39: 484.544000
488087	[3523]	:	Fixation at trial 39: 488.067000
488608	[521]	:	Catch Stim at trial 39: 488.588000
492133	[3525]	:	Catch Q at trial 39: 488.588000
493549	[1416]	:	Key	28	DOWN	at	493549  
494113	[564]	:	Respose to catch Q at trial 39: 493.555000
494113	[0]	:	RT and choice to catch Q at trial 39: 1.442000, 28
494138	[25]	:	Fixation at trial 40: 494.118000
494660	[522]	:	Object at trial 40: 494.640000
498183	[3523]	:	Fixation at trial 40: 498.163000
498705	[522]	:	Catch Stim at trial 40: 498.685000
502230	[3525]	:	Catch Q at trial 40: 498.685000
503350	[1120]	:	Key	28	DOWN	at	503350  
504210	[860]	:	Respose to catch Q at trial 40: 503.356000
504210	[0]	:	RT and choice to catch Q at trial 40: 1.146000, 28
504235	[25]	:	Fixation at trial 41: 504.215000
504757	[522]	:	Object at trial 41: 504.737000
5