Cog2000 log file Wed Oct 23 12:07:24 2019
gprim v1.29 Compiled:Feb  1 2010 (GLib DirectDraw v7 DX10.0 Compiled:Feb  1 2010)
Display:1024x768x32 59.84Hz
CogInput v1.05 Compiled: May 20 2010
0	[0]	:	COGENT START
1450	[1450]	:	Key	30	DOWN	at	1450    
1880	[430]	:	Key	30	UP	at	1880    
2110	[230]	:	Key	28	DOWN	at	2110    
2355	[245]	:	Key	28	UP	at	2355    
28941	[26586]	:	Key	71	DOWN	at	28941   
28993	[52]	:	Fixation at trial 1: 28.973000
30018	[1025]	:	Object at trial 1: 29.998000
32046	[2028]	:	Fixation at trial 2: 32.026000
33068	[1022]	:	Object at trial 2: 33.048000
35100	[2032]	:	Fixation at trial 3: 35.080000
36122	[1022]	:	Object at trial 3: 36.102000
38151	[2029]	:	Fixation at trial 4: 38.131000
39173	[1022]	:	Object at trial 4: 39.153000
41198	[2025]	:	Fixation at trial 4: 41.178000
42229	[1031]	:	Catch Stim at trial 4: 42.208000
43244	[1015]	:	Key	30	DOWN	at	43244   
44710	[1466]	:	Respose to catch Q at trial 4: 43.251000
44711	[1]	:	RT and choice to catch Q at trial 4: 1.043000, 30
44743	[32]	:	Fixation at trial 5: 44.723000
45766	[1023]	:	Object at trial 5: 45.746000
47800	[2034]	:	Fixation at trial 6: 47.780000
48823	[1023]	:	Object at trial 6: 48.803000
50852	[2029]	:	Fixation at trial 7: 50.832000
51874	[1022]	:	Object at trial 7: 51.854000
53901	[2027]	:	Fixation at trial 8: 53.881000
54923	[1022]	:	Object at trial 8: 54.903000
56950	[2027]	:	Fixation at trial 9: 56.930000
57972	[1022]	:	Object at trial 9: 57.952000
59998	[2026]	:	Fixation at trial 10: 59.978000
61020	[1022]	:	Object at trial 10: 61.000000
63046	[2026]	:	Fixation at trial 11: 63.026000
64068	[1022]	:	Object at trial 11: 64.048000
66093	[2025]	:	Fixation at trial 11: 66.073000
67121	[1028]	:	Catch Stim at trial 11: 67.101000
67861	[740]	:	Key	28	DOWN	at	67861   
69601	[1740]	:	Respose to catch Q at trial 11: 67.866000
69601	[0]	:	RT and choice to catch Q at trial 11: 0.765000, 28
69626	[25]	:	Fixation at trial 12: 69.606000
70647	[1021]	:	Object at trial 12: 70.627000
72671	[2024]	:	Fixation at trial 13: 72.651000
73692	[1021]	:	Object at trial 13: 73.672000
75716	[2024]	:	Fixation at trial 14: 75.696000
76737	[1021]	:	Object at trial 14: 76.717000
78761	[2024]	:	Fixation at trial 15: 78.741000
79782	[1021]	:	Object at trial 15: 79.762000
81806	[2024]	:	Fixation at trial 16: 81.786000
82827	[1021]	:	Object at trial 16: 82.807000
84851	[2024]	:	Fixation at trial 16: 84.831000
85875	[1024]	:	Catch Stim at trial 16: 85.855000
86537	[662]	:	Key	30	DOWN	at	86537   
88355	[1818]	:	Respose to catch Q at trial 16: 86.543000
88355	[0]	:	RT and choice to catch Q at trial 16: 0.688000, 30
88380	[25]	:	Fixation at trial 17: 88.360000
89401	[1021]	:	Object at trial 17: 89.381000
91425	[2024]	:	Fixation at trial 18: 91.405000
92446	[1021]	:	Object at trial 18: 92.426000
94470	[2024]	:	Fixation at trial 19: 94.450000
95491	[1021]	:	Object at trial 19: 95.471000
97514	[2023]	:	Fixation at trial 19: 97.494000
98539	[1025]	:	Catch Stim at trial 19: 98.519000
99412	[873]	:	Key	30	DOWN	at	99412   
101019	[1607]	:	Respose to catch Q at trial 19: 99.417000
101019	[0]	:	RT and choice to catch Q at trial 19: 0.898000, 30
101044	[25]	:	Fixation at trial 20: 101.024000
102065	[1021]	:	Object at trial 20: 102.045000
104089	[2024]	:	Fixation at trial 21: 104.069000
105110	[1021]	:	Object at trial 21: 105.090000
107134	[2024]	:	Fixation at trial 22: 107.114000
108155	[1021]	:	Object at trial 22: 108.135000
110179	[2024]	:	Fixation at trial 23: 110.159000
111200	[1021]	:	Object at trial 23: 111.180000
113224	[2024]	:	Fixation at trial 24: 113.204000
114245	[1021]	:	Object at trial 24: 114.225000
116269	[2024]	:	Fixation at trial 25: 116.249000
117290	[1021]	:	Object at trial 25: 117.270000
119314	[2024]	:	Fixation at trial 26: 119.294000
120335	[1021]	:	Object at trial 26: 120.315000
122359	[2024]	:	Fixation at trial 26: 122.339000
123383	[1024]	:	Catch Stim at trial 26: 123.363000
124039	[656]	:	Key	30	DOWN	at	124039  
125863	[1824]	:	Respose to catch Q at trial 26: 124.045000
125863	[0]	:	RT and choice to catch Q at trial 26: 0.682000, 30
125888	[25]	:	Fixation at trial 27: 125.868000
126910	[1022]	:	Object at trial 27: 126.890000
128934	[2024]	:	Fixation at trial 28: 128.915000
129955	[1021]	:	Object at trial 28: 129.935000
131979	[2024]	:	Fixation at trial 29: 131.959000
133000	[1021]	:	Object at trial 29: 132.980000
135024	[2024]	:	Fixation at trial 30: 135.004000
136045	[1021]	:	Object at trial 30: 136.025000
138069	[2024]	:	Fixation at trial 31: 138.049000
139090	[1021]	:	Object at trial 31: 139.070000
141114	[2024]	:	Fixation at trial 32: 141.094000
142135	[1021]	:	Object at trial 32: 142.115000
144159	[2024]	:	Fixation at trial 32: 144.139000
145184	[1025]	:	Catch Stim at trial 32: 145.164000
146045	[861]	:	Key	28	DOWN	at	146045  
147664	[1619]	:	Respose to catch Q at trial 32: 146.051000
147664	[0]	:	RT and choice to catch Q at trial 32: 0.887000, 28
147689	[25]	:	Fixation at trial 33: 147.669000
148710	[1021]	:	Object at trial 33: 148.690000
150734	[2024]	:	Fixation at trial 34: 150.714000
151755	[1021]	:	Object at trial 34: 151.735000
153779	[2024]	:	Fixation at trial 35: 153.759000
154800	[1021]	:	Object at trial 35: 154.780000
156823	[2023]	:	Fixation at trial 35: 156.803000
157848	[1025]	:	Catch Stim at trial 35: 157.828000
158621	[773]	:	Key	28	DOWN	at	158621  
160328	[1707]	:	Respose to catch Q at trial 35: 158.627000
160328	[0]	:	RT and choice to catch Q at trial 35: 0.799000, 28
160353	[25]	:	Fixation at trial 36: 160.333000
161374	[1021]	:	Object at trial 36: 161.354000
163398	[2024]	:	Fixation at trial 37: 163.378000
164419	[1021]	:	Object at trial 37: 164.399000
166443	[2024]	:	Fixation at trial 38: 166.423000
167464	[1021]	:	Object at trial 38: 167.444000
169488	[2024]	:	Fixation at trial 39: 169.468000
170509	[1021]	:	Object at trial 39: 170.489000
172533	[2024]	:	Fixation at trial 40: 172.513000
173554	[1021]	:	Object at trial 40: 173.534000
175578	[2024]	:	Fixation at trial 41: 175.558000
176599	[1021]	:	Object at trial 41: 176.579000
178623	[2024]	:	Fixation at trial 42: 178.603000
179644	[1021]	:	Object at trial 42: 179.624000
181668	[2024]	:	Fixation at trial 43: 181.648000
182689	[1021]	:	Object at trial 43: 182.669000
184713	[2024]	:	Fixation at trial 44: 184.693000
185734	[1021]	:	Object at trial 44: 185.714000
187757	[2023]	:	Fixation at trial 44: 187.737000
188782	[1025]	:	Catch Stim at trial 44: 188.762000
189637	[855]	:	Key	28	DOWN	at	189637  
191262	[1625]	:	Respose to catch Q at trial 44: 189.643000
191262	[0]	:	RT and choice to catch Q at trial 44: 0.881000, 28
191287	[25]	:	Fixation at trial 45: 191.267000
192308	[1021]	:	Object at trial 45: 192.288000
194331	[2023]	:	Fixation at trial 45: 194.311000
195356	[1025]	:	Catch Stim at trial 45: 195.336000
196438	[1082]	:	Key	28	DOWN	at	196438  
197836	[1398]	:	Respose to catch Q at trial 45: 196.444000
197836	[0]	:	RT and choice to catch Q at trial 45: 1.108000, 28
197861	[25]	:	Fixation at trial 46: 197.841000
198882	[1021]	:	Object at trial 46: 198.862000
200906	[2024]	:	Fixation at trial 47: 200.886000
201927	[1021]	:	Object at trial 47: 201.907000
203951	[2024]	:	Fixation at trial 48: 203.931000
204972	[1021]	:	Object at trial 48: 204.952000
206996	[2024]	:	Fixation at trial 49: 206.976000
208017	[1021]	:	Object at trial 49: 207.997000
210041	[2024]	:	Fixation at trial 50: 210.021000
211062	[1021]	:	Object at trial 50: 211.042000
213086	[2024]	:	Fixation at trial 51: 213.066000
214107	[1021]	:	Object at trial 51: 214.087000
216131	[2024]	:	Fixation at trial 52: 216.111000
217152	[1021]	:	Object at trial 52: 217.132000
219176	[2024]	:	Fixation at trial 53: 219.156000
220197	[1021]	:	Object at trial 53: 220.177000
222221	[2024]	:	Fixation at trial 54: 222.201000
223242	[1021]	:	Object at trial 54: 223.222000
225266	[2024]	:	Fixation at trial 55: 225.246000
226287	[1021]	:	Object at trial 55: 226.267000
228310	[2023]	:	Fixation at trial 55: 228.290000
229335	[1025]	:	Catch Stim at trial 55: 229.315000
230226	[891]	:	Key	30	DOWN	at	230226  
231815	[1589]	:	Respose to catch Q at trial 55: 230.232000
231815	[0]	:	RT and choice to catch Q at trial 55: 0.917000, 30
231840	[25]	:	Fixation at trial 56: 231.820000
232862	[1022]	:	Object at trial 56: 232.842000
234886	[2024]	:	Fixation at trial 57: 234.866000
235907	[1021]	:	Object at trial 57: 235.887000
237931	[2024]	:	Fixation at trial 58: 237.911000
238952	[1021]	:	Object at trial 58: 238.932000
240975	[2023]	:	Fixation at trial 58: 240.955000
242000	[1025]	:	Catch Stim at trial 58: 241.980000
242962	[962]	:	Key	28	DOWN	at	242962  
244480	[1518]	:	Respose to catch Q at trial 58: 242.968000
244480	[0]	:	RT and choice to catch Q at trial 58: 0.988000, 28
244505	[25]	:	Fixation at trial 59: 244.485000
245526	[1021]	:	Object at trial 59: 245.506000
247550	[2024]	:	Fixation at trial 60: 247.530000
248571	[1021]	:	Object at trial 60: 248.551000
250595	[2024]	:	Fixation at trial 61: 250.575000
251616	[1021]	:	Object at trial 61: 251.596000
253640	[2024]	:	Fixation at trial 62: 253.620000
254661	[1021]	:	Object at trial 62: 254.641000
256687	[2026]	:	Fixation at trial 63: 256.666000
257708	[1021]	:	Object at trial 63: 257.688000
259735	[2027]	:	Fixation at trial 64: 259.714000
260757	[1022]	:	Object at trial 64: 260.736000
262781	[2024]	:	Fixation at trial 65: 262.761000
263802	[1021]	:	Object at trial 65: 263.782000
265826	[2024]	:	Fixation at trial 66: 265.806000
266847	[1021]	:	Object at trial 66: 266.827000
268871	[2024]	:	Fixation at trial 67: 268.851000
269892	[1021]	:	Object at trial 67: 269.872000
271915	[2023]	:	Fixation at trial 67: 271.895000
272940	[1025]	:	Catch Stim at trial 67: 272.920000
273819	[879]	:	Key	28	DOWN	at	273819  
275420	[1601]	:	Respose to catch Q at trial 67: 273.825000
275420	[0]	:	RT and choice to catch Q at trial 67: 0.905000, 28
275445	[25]	:	Fixation at trial 68: 275.425000
276466	[1021]	:	Object at trial 68: 276.446000
278489	[2023]	:	Fixation at trial 68: 278.469000
279514	[1025]	:	Catch Stim at trial 68: 279.494000
280335	[821]	:	Key	30	DOWN	at	280335  
281994	[1659]	:	Respose to catch Q at trial 68: 280.341000
281994	[0]	:	RT and choice to catch Q at trial 68: 0.847000, 30
282019	[25]	:	Fixation at trial 69: 281.999000
283040	[1021]	:	Object at trial 69: 283.020000
285063	[2023]	:	Fixation at trial 69: 285.043000
286088	[1025]	:	Catch Stim at trial 69: 286.068000
286980	[892]	:	Key	30	DOWN	at	286980  
288568	[1588]	:	Respose to catch Q at trial 69: 286.986000
288568	[0]	:	RT and choice to catch Q at trial 69: 0.918000, 30
288593	[25]	:	Fixation at trial 70: 288.573000
289614	[1021]	:	Object at trial 70: 289.594000
291638	[2024]	:	Fixation at trial 71: 291.618000
292659	[1021]	:	Object at trial 71: 292.639000
294683	[2024]	:	Fixation at trial 72: 294.663000
295704	[1021]	:	Object at trial 72: 295.684000
297727	[2023]	:	Fixation at trial 72: 297.707000
298752	[1025]	:	Catch Stim at trial 72: 298.732000
299778	[1026]	:	Key	30	DOWN	at	299778  
301232	[1454]	:	Respose to catch Q at trial 72: 299.784000
301232	[0]	:	RT and choice to catch Q at trial 72: 1.052000, 30
301257	[25]	:	Fixation at trial 73: 301.237000
302278	[1021]	:	Object at trial 73: 302.258000
304302	[2024]	:	Fixation at trial 74: 304.282000
305323	[1021]	:	Object at trial 74: 305.303000
307347	[2024]	:	Fixation at trial 75: 307.327000
308368	[1021]	:	Object at trial 75: 308.348000
310391	[2023]	:	Fixation at trial 75: 310.371000
311416	[1025]	:	Catch Stim at trial 75: 311.396000
312083	[667]	:	Key	28	DOWN	at	312083  
313896	[1813]	:	Respose to catch Q at trial 75: 312.089000
313896	[0]	:	RT and choice to catch Q at trial 75: 0.693000, 28
313921	[25]	:	Fixation at trial 76: 313.901000
314942	[1021]	:	Object at trial 76: 314.922000
316966	[2024]	:	Fixation at trial 77: 316.946000
317987	[1021]	:	Object at trial 77: 317.967000
320011	[2024]	:	Fixation at trial 78: 319.991000
321032	[1021]	:	Object at trial 78: 321.012000
323056	[2024]	:	Fixation at trial 79: 323.036000
324077	[1021]	:	Object at trial 79: 324.057000
326101	[2024]	:	Fixation at trial 80: 326.081000
327122	[1021]	:	Object at trial 80: 327.102000
329145	[2023]	:	Fixation at trial 80: 329.125000
330170	[1025]	:	Catch Stim at trial 80: 330.150000
330980	[810]	:	Key	28	DOWN	at	330980  
332650	[1670]	:	Respose to catch Q at tri