Cog2000 log file Thu Nov 28 09:35:25 2019
gprim v1.29 Compiled:Feb  1 2010 (GLib DirectDraw v7 DX10.0 Compiled:Feb  1 2010)
Display:1024x768x32 59.81Hz
CogInput v1.05 Compiled: May 20 2010
1	[1]	:	COGENT START
3886	[3885]	:	Key	30	DOWN	at	3886    
4091	[205]	:	Key	30	UP	at	4091    
4886	[795]	:	Key	28	DOWN	at	4886    
5021	[135]	:	Key	28	UP	at	5021    
18262	[13241]	:	Key	30	DOWN	at	18262   
18592	[330]	:	Key	30	UP	at	18592   
25622	[7030]	:	Key	71	DOWN	at	25622   
25675	[53]	:	Fixation at trial 1: 25.655000
26699	[1024]	:	Object at trial 1: 26.678000
28731	[2032]	:	Fixation at trial 2: 28.711000
29753	[1022]	:	Object at trial 2: 29.733000
31778	[2025]	:	Fixation at trial 2: 31.757000
32810	[1032]	:	Catch Stim at trial 2: 32.788000
33663	[853]	:	Key	28	DOWN	at	33663   
35289	[1626]	:	Respose to catch Q at trial 2: 33.670000
35290	[1]	:	RT and choice to catch Q at trial 2: 0.882000, 28
35325	[35]	:	Fixation at trial 3: 35.305000
36346	[1021]	:	Object at trial 3: 36.326000
38374	[2028]	:	Fixation at trial 4: 38.354000
39396	[1022]	:	Object at trial 4: 39.376000
41422	[2026]	:	Fixation at trial 5: 41.402000
42443	[1021]	:	Object at trial 5: 42.423000
44470	[2027]	:	Fixation at trial 6: 44.450000
45491	[1021]	:	Object at trial 6: 45.471000
47516	[2025]	:	Fixation at trial 7: 47.496000
48537	[1021]	:	Object at trial 7: 48.517000
50562	[2025]	:	Fixation at trial 8: 50.542000
51584	[1022]	:	Object at trial 8: 51.564000
53609	[2025]	:	Fixation at trial 9: 53.589000
54630	[1021]	:	Object at trial 9: 54.610000
56654	[2024]	:	Fixation at trial 9: 56.634000
57679	[1025]	:	Catch Stim at trial 9: 57.659000
58529	[850]	:	Key	30	DOWN	at	58529   
60159	[1630]	:	Respose to catch Q at trial 9: 58.536000
60160	[1]	:	RT and choice to catch Q at trial 9: 0.877000, 30
60186	[26]	:	Fixation at trial 10: 60.166000
61207	[1021]	:	Object at trial 10: 61.187000
63231	[2024]	:	Fixation at trial 11: 63.211000
64253	[1022]	:	Object at trial 11: 64.233000
66277	[2024]	:	Fixation at trial 12: 66.257000
67298	[1021]	:	Object at trial 12: 67.278000
69327	[2029]	:	Fixation at trial 13: 69.307000
70348	[1021]	:	Object at trial 13: 70.328000
72373	[2025]	:	Fixation at trial 14: 72.353000
73394	[1021]	:	Object at trial 14: 73.374000
75418	[2024]	:	Fixation at trial 15: 75.398000
76439	[1021]	:	Object at trial 15: 76.419000
78463	[2024]	:	Fixation at trial 15: 78.443000
79487	[1024]	:	Catch Stim at trial 15: 79.467000
80576	[1089]	:	Key	30	DOWN	at	80576   
81967	[1391]	:	Respose to catch Q at trial 15: 80.582000
81968	[1]	:	RT and choice to catch Q at trial 15: 1.115000, 30
81995	[27]	:	Fixation at trial 16: 81.975000
83016	[1021]	:	Object at trial 16: 82.996000
85040	[2024]	:	Fixation at trial 17: 85.020000
86061	[1021]	:	Object at trial 17: 86.041000
88085	[2024]	:	Fixation at trial 18: 88.065000
89106	[1021]	:	Object at trial 18: 89.086000
91131	[2025]	:	Fixation at trial 18: 91.111000
92156	[1025]	:	Catch Stim at trial 18: 92.136000
92957	[801]	:	Key	30	DOWN	at	92957   
94636	[1679]	:	Respose to catch Q at trial 18: 92.963000
94637	[1]	:	RT and choice to catch Q at trial 18: 0.827000, 30
94662	[25]	:	Fixation at trial 19: 94.642000
95683	[1021]	:	Object at trial 19: 95.663000
97707	[2024]	:	Fixation at trial 20: 97.687000
98728	[1021]	:	Object at trial 20: 98.708000
100752	[2024]	:	Fixation at trial 21: 100.732000
101773	[1021]	:	Object at trial 21: 101.753000
103805	[2032]	:	Fixation at trial 22: 103.785000
104826	[1021]	:	Object at trial 22: 104.806000
106850	[2024]	:	Fixation at trial 23: 106.830000
107871	[1021]	:	Object at trial 23: 107.851000
109894	[2023]	:	Fixation at trial 23: 109.874000
110920	[1026]	:	Catch Stim at trial 23: 110.900000
111854	[934]	:	Key	28	DOWN	at	111854  
113400	[1546]	:	Respose to catch Q at trial 23: 111.860000
113401	[1]	:	RT and choice to catch Q at trial 23: 0.960000, 28
113430	[29]	:	Fixation at trial 24: 113.410000
114451	[1021]	:	Object at trial 24: 114.431000
116475	[2024]	:	Fixation at trial 25: 116.455000
117497	[1022]	:	Object at trial 25: 117.477000
119521	[2024]	:	Fixation at trial 26: 119.501000
120543	[1022]	:	Object at trial 26: 120.523000
122568	[2025]	:	Fixation at trial 27: 122.548000
123589	[1021]	:	Object at trial 27: 123.569000
125613	[2024]	:	Fixation at trial 28: 125.593000
126634	[1021]	:	Object at trial 28: 126.614000
128660	[2026]	:	Fixation at trial 29: 128.640000
129683	[1023]	:	Object at trial 29: 129.662000
131707	[2024]	:	Fixation at trial 30: 131.687000
132729	[1022]	:	Object at trial 30: 132.709000
134753	[2024]	:	Fixation at trial 30: 134.733000
135779	[1026]	:	Catch Stim at trial 30: 135.759000
136731	[952]	:	Key	28	DOWN	at	136731  
138259	[1528]	:	Respose to catch Q at trial 30: 136.737000
138260	[1]	:	RT and choice to catch Q at trial 30: 0.978000, 28
138284	[24]	:	Fixation at trial 31: 138.264000
139306	[1022]	:	Object at trial 31: 139.286000
141330	[2024]	:	Fixation at trial 32: 141.310000
142351	[1021]	:	Object at trial 32: 142.331000
144375	[2024]	:	Fixation at trial 32: 144.355000
145400	[1025]	:	Catch Stim at trial 32: 145.380000
146351	[951]	:	Key	28	DOWN	at	146351  
147880	[1529]	:	Respose to catch Q at trial 32: 146.357000
147881	[1]	:	RT and choice to catch Q at trial 32: 0.977000, 28
147905	[24]	:	Fixation at trial 33: 147.885000
148926	[1021]	:	Object at trial 33: 148.906000
150950	[2024]	:	Fixation at trial 34: 150.930000
151971	[1021]	:	Object at trial 34: 151.951000
153995	[2024]	:	Fixation at trial 35: 153.975000
155016	[1021]	:	Object at trial 35: 154.996000
157040	[2024]	:	Fixation at trial 36: 157.020000
158061	[1021]	:	Object at trial 36: 158.041000
160085	[2024]	:	Fixation at trial 37: 160.065000
161106	[1021]	:	Object at trial 37: 161.086000
163130	[2024]	:	Fixation at trial 38: 163.110000
164151	[1021]	:	Object at trial 38: 164.131000
166175	[2024]	:	Fixation at trial 39: 166.155000
167196	[1021]	:	Object at trial 39: 167.176000
169220	[2024]	:	Fixation at trial 40: 169.200000
170241	[1021]	:	Object at trial 40: 170.221000
172265	[2024]	:	Fixation at trial 41: 172.245000
173286	[1021]	:	Object at trial 41: 173.266000
175310	[2024]	:	Fixation at trial 42: 175.290000
176331	[1021]	:	Object at trial 42: 176.311000
178355	[2024]	:	Fixation at trial 43: 178.335000
179376	[1021]	:	Object at trial 43: 179.356000
181400	[2024]	:	Fixation at trial 44: 181.380000
182421	[1021]	:	Object at trial 44: 182.401000
184445	[2024]	:	Fixation at trial 45: 184.425000
185466	[1021]	:	Object at trial 45: 185.446000
187490	[2024]	:	Fixation at trial 45: 187.470000
188515	[1025]	:	Catch Stim at trial 45: 188.495000
189435	[920]	:	Key	28	DOWN	at	189435  
190995	[1560]	:	Respose to catch Q at trial 45: 189.441000
190995	[0]	:	RT and choice to catch Q at trial 45: 0.946000, 28
191020	[25]	:	Fixation at trial 46: 191.000000
192041	[1021]	:	Object at trial 46: 192.021000
194065	[2024]	:	Fixation at trial 47: 194.045000
195086	[1021]	:	Object at trial 47: 195.066000
197110	[2024]	:	Fixation at trial 48: 197.090000
198131	[1021]	:	Object at trial 48: 198.111000
200155	[2024]	:	Fixation at trial 48: 200.135000
201181	[1026]	:	Catch Stim at trial 48: 201.161000
202000	[819]	:	Key	28	DOWN	at	202000  
203661	[1661]	:	Respose to catch Q at trial 48: 202.006000
203661	[0]	:	RT and choice to catch Q at trial 48: 0.845000, 28
203686	[25]	:	Fixation at trial 49: 203.666000
204707	[1021]	:	Object at trial 49: 204.687000
206731	[2024]	:	Fixation at trial 50: 206.711000
207752	[1021]	:	Object at trial 50: 207.732000
209776	[2024]	:	Fixation at trial 51: 209.756000
210797	[1021]	:	Object at trial 51: 210.777000
212821	[2024]	:	Fixation at trial 52: 212.801000
213842	[1021]	:	Object at trial 52: 213.822000
215866	[2024]	:	Fixation at trial 52: 215.846000
216891	[1025]	:	Catch Stim at trial 52: 216.871000
217682	[791]	:	Key	30	DOWN	at	217682  
219371	[1689]	:	Respose to catch Q at trial 52: 217.688000
219371	[0]	:	RT and choice to catch Q at trial 52: 0.817000, 30
219396	[25]	:	Fixation at trial 53: 219.376000
220417	[1021]	:	Object at trial 53: 220.397000
222441	[2024]	:	Fixation at trial 53: 222.421000
223465	[1024]	:	Catch Stim at trial 53: 223.445000
224303	[838]	:	Key	30	DOWN	at	224303  
225945	[1642]	:	Respose to catch Q at trial 53: 224.309000
225946	[1]	:	RT and choice to catch Q at trial 53: 0.864000, 30
225970	[24]	:	Fixation at trial 54: 225.950000
226991	[1021]	:	Object at trial 54: 226.971000
229015	[2024]	:	Fixation at trial 55: 228.995000
230036	[1021]	:	Object at trial 55: 230.016000
232060	[2024]	:	Fixation at trial 56: 232.040000
233081	[1021]	:	Object at trial 56: 233.061000
235105	[2024]	:	Fixation at trial 57: 235.085000
236126	[1021]	:	Object at trial 57: 236.106000
238150	[2024]	:	Fixation at trial 58: 238.130000
239171	[1021]	:	Object at trial 58: 239.151000
241195	[2024]	:	Fixation at trial 58: 241.175000
242220	[1025]	:	Catch Stim at trial 58: 242.200000
243164	[944]	:	Key	28	DOWN	at	243164  
244700	[1536]	:	Respose to catch Q at trial 58: 243.170000
244700	[0]	:	RT and choice to catch Q at trial 58: 0.970000, 28
244725	[25]	:	Fixation at trial 59: 244.705000
245747	[1022]	:	Object at trial 59: 245.727000
247771	[2024]	:	Fixation at trial 60: 247.751000
248792	[1021]	:	Object at trial 60: 248.772000
250816	[2024]	:	Fixation at trial 61: 250.796000
251837	[1021]	:	Object at trial 61: 251.817000
253861	[2024]	:	Fixation at trial 62: 253.841000
254882	[1021]	:	Object at trial 62: 254.862000
256908	[2026]	:	Fixation at trial 63: 256.887000
257930	[1022]	:	Object at trial 63: 257.909000
259956	[2026]	:	Fixation at trial 64: 259.935000
260978	[1022]	:	Object at trial 64: 260.957000
263002	[2024]	:	Fixation at trial 65: 262.982000
264023	[1021]	:	Object at trial 65: 264.003000
266047	[2024]	:	Fixation at trial 65: 266.027000
267072	[1025]	:	Catch Stim at trial 65: 267.052000
267881	[809]	:	Key	28	DOWN	at	267881  
269552	[1671]	:	Respose to catch Q at trial 65: 267.887000
269552	[0]	:	RT and choice to catch Q at trial 65: 0.835000, 28
269577	[25]	:	Fixation at trial 66: 269.557000
270598	[1021]	:	Object at trial 66: 270.578000
272622	[2024]	:	Fixation at trial 67: 272.602000
273643	[1021]	:	Object at trial 67: 273.623000
275667	[2024]	:	Fixation at trial 68: 275.647000
276688	[1021]	:	Object at trial 68: 276.668000
278712	[2024]	:	Fixation at trial 69: 278.692000
279733	[1021]	:	Object at trial 69: 279.713000
281757	[2024]	:	Fixation at trial 70: 281.737000
282778	[1021]	:	Object at trial 70: 282.758000
284802	[2024]	:	Fixation at trial 70: 284.782000
285826	[1024]	:	Catch Stim at trial 70: 285.806000
286722	[896]	:	Key	30	DOWN	at	286722  
288306	[1584]	:	Respose to catch Q at trial 70: 286.728000
288306	[0]	:	RT and choice to catch Q at trial 70: 0.922000, 30
288334	[28]	:	Fixation at trial 71: 288.314000
289355	[1021]	:	Object at trial 71: 289.335000
291379	[2024]	:	Fixation at trial 71: 291.359000
292403	[1024]	:	Catch Stim at trial 71: 292.383000
293147	[744]	:	Key	30	DOWN	at	293147  
294883	[1736]	:	Respose to catch Q at trial 71: 293.153000
294883	[0]	:	RT and choice to catch Q at trial 71: 0.770000, 30
294908	[25]	:	Fixation at trial 72: 294.888000
295929	[1021]	:	Object at trial 72: 295.909000
297953	[2024]	:	Fixation at trial 73: 297.933000
298974	[1021]	:	Object at trial 73: 298.954000
300998	[2024]	:	Fixation at trial 74: 300.978000
302019	[1021]	:	Object at trial 74: 301.999000
304043	[2024]	:	Fixation at trial 75: 304.023000
305064	[1021]	:	Object at trial 75: 305.044000
307088	[2024]	:	Fixation at trial 76: 307.068000
308109	[1021]	:	Object at trial 76: 308.089000
310133	[2024]	:	Fixation at trial 76: 310.113000
311157	[1024]	:	Catch Stim at trial 76: 311.137000
312109	[952]	:	Key	28	DOWN	at	312109  
313637	[1528]	:	Respose to catch Q at trial 76: 312.115000
313637	[0]	:	RT and choice to catch Q at trial 76: 0.978000, 28
313662	[25]	:	Fixation at trial 77: 313.642000
314683	[1021]	:	Object at trial 77: 314.663000
316707	[2024]	:	Fixation at trial 78: 316.687000
317728	[1021]	:	Object at trial 78: 317.708000
319752	[2024]	:	Fixation at trial 79: 319.732000
320773	[1021]	:	Object at trial 79: 320.753000
322797	[2024]	:	Fixation at trial 80: 322.777000
323818	[1021]	:	Object at trial 80: 323.798000
325842	[2024]	:	Fixation at trial 81: 325.822000
326863	[1021]	:	Object at trial 81: 326.843000
328887	[2024]	:	Fixat