Cog2000 log file Thu Nov 28 10:04:33 2019
gprim v1.29 Compiled:Feb  1 2010 (GLib DirectDraw v7 DX10.0 Compiled:Feb  1 2010)
Display:1024x768x32 59.84Hz
CogInput v1.05 Compiled: May 20 2010
0	[0]	:	COGENT START
13956	[13956]	:	Key	30	DOWN	at	13956   
14156	[200]	:	Key	30	UP	at	14156   
15726	[1570]	:	Key	28	DOWN	at	15726   
15906	[180]	:	Key	28	UP	at	15906   
34307	[18401]	:	Key	71	DOWN	at	34307   
34372	[65]	:	Fixation at trial 1: 34.352000
34902	[530]	:	Object at trial 1: 34.881000
38426	[3524]	:	Fixation at trial 1: 38.405000
38956	[530]	:	Catch Stim at trial 1: 38.935000
42485	[3529]	:	Catch Q at trial 1: 38.935000
43417	[932]	:	Key	28	DOWN	at	43417   
44465	[1048]	:	Respose to catch Q at trial 1: 43.425000
44466	[1]	:	RT and choice to catch Q at trial 1: 0.961000, 28
44500	[34]	:	Fixation at trial 2: 44.480000
45022	[522]	:	Object at trial 2: 45.002000
48545	[3523]	:	Fixation at trial 2: 48.525000
49069	[524]	:	Catch Stim at trial 2: 49.049000
52596	[3527]	:	Catch Q at trial 2: 49.049000
53478	[882]	:	Key	28	DOWN	at	53478   
54576	[1098]	:	Respose to catch Q at trial 2: 53.485000
54577	[1]	:	RT and choice to catch Q at trial 2: 0.909000, 28
54608	[31]	:	Fixation at trial 3: 54.588000
55130	[522]	:	Object at trial 3: 55.110000
58653	[3523]	:	Fixation at trial 3: 58.633000
59175	[522]	:	Catch Stim at trial 3: 59.155000
62700	[3525]	:	Catch Q at trial 3: 59.155000
63383	[683]	:	Key	28	DOWN	at	63383   
64680	[1297]	:	Respose to catch Q at trial 3: 63.389000
64681	[1]	:	RT and choice to catch Q at trial 3: 0.709000, 28
64708	[27]	:	Fixation at trial 4: 64.689000
65229	[521]	:	Object at trial 4: 65.210000
68752	[3523]	:	Fixation at trial 4: 68.732000
69274	[522]	:	Catch Stim at trial 4: 69.254000
72800	[3526]	:	Catch Q at trial 4: 69.254000
73469	[669]	:	Key	28	DOWN	at	73469   
74780	[1311]	:	Respose to catch Q at trial 4: 73.475000
74781	[1]	:	RT and choice to catch Q at trial 4: 0.695000, 28
74809	[28]	:	Fixation at trial 5: 74.789000
75331	[522]	:	Object at trial 5: 75.311000
78854	[3523]	:	Fixation at trial 5: 78.834000
79377	[523]	:	Catch Stim at trial 5: 79.357000
82903	[3526]	:	Catch Q at trial 5: 79.357000
83595	[692]	:	Key	30	DOWN	at	83595   
84883	[1288]	:	Respose to catch Q at trial 5: 83.600000
84884	[1]	:	RT and choice to catch Q at trial 5: 0.717000, 30
84912	[28]	:	Fixation at trial 6: 84.892000
85434	[522]	:	Object at trial 6: 85.414000
88957	[3523]	:	Fixation at trial 6: 88.937000
89480	[523]	:	Catch Stim at trial 6: 89.460000
93005	[3525]	:	Catch Q at trial 6: 89.460000
93660	[655]	:	Key	30	DOWN	at	93660   
94985	[1325]	:	Respose to catch Q at trial 6: 93.665000
94986	[1]	:	RT and choice to catch Q at trial 6: 0.680000, 30
95012	[26]	:	Fixation at trial 7: 94.992000
95534	[522]	:	Object at trial 7: 95.514000
99057	[3523]	:	Fixation at trial 7: 99.037000
99580	[523]	:	Catch Stim at trial 7: 99.560000
103106	[3526]	:	Catch Q at trial 7: 99.560000
103611	[505]	:	Key	30	DOWN	at	103611  
105086	[1475]	:	Respose to catch Q at trial 7: 103.617000
105087	[1]	:	RT and choice to catch Q at trial 7: 0.531000, 30
105113	[26]	:	Fixation at trial 8: 105.093000
105635	[522]	:	Object at trial 8: 105.615000
109158	[3523]	:	Fixation at trial 8: 109.138000
109681	[523]	:	Catch Stim at trial 8: 109.661000
113207	[3526]	:	Catch Q at trial 8: 109.661000
114066	[859]	:	Key	30	DOWN	at	114066  
115187	[1121]	:	Respose to catch Q at trial 8: 114.072000
115188	[1]	:	RT and choice to catch Q at trial 8: 0.885000, 30
115213	[25]	:	Fixation at trial 9: 115.193000
115735	[522]	:	Object at trial 9: 115.715000
119258	[3523]	:	Fixation at trial 9: 119.238000
119781	[523]	:	Catch Stim at trial 9: 119.761000
123306	[3525]	:	Catch Q at trial 9: 119.761000
123902	[596]	:	Key	30	DOWN	at	123902  
125286	[1384]	:	Respose to catch Q at trial 9: 123.908000
125287	[1]	:	RT and choice to catch Q at trial 9: 0.622000, 30
125311	[24]	:	Fixation at trial 10: 125.291000
125833	[522]	:	Object at trial 10: 125.813000
129356	[3523]	:	Fixation at trial 10: 129.336000
129880	[524]	:	Catch Stim at trial 10: 129.859000
133405	[3525]	:	Catch Q at trial 10: 129.859000
134377	[972]	:	Key	28	DOWN	at	134377  
135385	[1008]	:	Respose to catch Q at trial 10: 134.383000
135386	[1]	:	RT and choice to catch Q at trial 10: 0.998000, 28
135410	[24]	:	Fixation at trial 11: 135.390000
135932	[522]	:	Object at trial 11: 135.912000
139455	[3523]	:	Fixation at trial 11: 139.435000
139978	[523]	:	Catch Stim at trial 11: 139.958000
143503	[3525]	:	Catch Q at trial 11: 139.958000
144103	[600]	:	Key	30	DOWN	at	144103  
145483	[1380]	:	Respose to catch Q at trial 11: 144.109000
145484	[1]	:	RT and choice to catch Q at trial 11: 0.626000, 30
145508	[24]	:	Fixation at trial 12: 145.488000
146031	[523]	:	Object at trial 12: 146.011000
149554	[3523]	:	Fixation at trial 12: 149.534000
150077	[523]	:	Catch Stim at trial 12: 150.057000
153602	[3525]	:	Catch Q at trial 12: 150.057000
154189	[587]	:	Key	28	DOWN	at	154189  
155582	[1393]	:	Respose to catch Q at trial 12: 154.195000
155582	[0]	:	RT and choice to catch Q at trial 12: 0.613000, 28
155608	[26]	:	Fixation at trial 13: 155.588000
156131	[523]	:	Object at trial 13: 156.111000
159654	[3523]	:	Fixation at trial 13: 159.634000
160176	[522]	:	Catch Stim at trial 13: 160.156000
163701	[3525]	:	Catch Q at trial 13: 160.156000
164089	[388]	:	Key	30	DOWN	at	164089  
165681	[1592]	:	Respose to catch Q at trial 13: 164.094000
165682	[1]	:	RT and choice to catch Q at trial 13: 0.413000, 30
165706	[24]	:	Fixation at trial 14: 165.686000
166228	[522]	:	Object at trial 14: 166.208000
169751	[3523]	:	Fixation at trial 14: 169.731000
170273	[522]	:	Catch Stim at trial 14: 170.253000
173798	[3525]	:	Catch Q at trial 14: 170.253000
174360	[562]	:	Key	30	DOWN	at	174360  
175778	[1418]	:	Respose to catch Q at trial 14: 174.366000
175779	[1]	:	RT and choice to catch Q at trial 14: 0.588000, 30
175804	[25]	:	Fixation at trial 15: 175.784000
176326	[522]	:	Object at trial 15: 176.306000
179849	[3523]	:	Fixation at trial 15: 179.829000
180371	[522]	:	Catch Stim at trial 15: 180.351000
183896	[3525]	:	Catch Q at trial 15: 180.351000
184320	[424]	:	Key	30	DOWN	at	184320  
185876	[1556]	:	Respose to catch Q at trial 15: 184.326000
185877	[1]	:	RT and choice to catch Q at trial 15: 0.450000, 30
185901	[24]	:	Fixation at trial 16: 185.881000
186423	[522]	:	Object at trial 16: 186.403000
189946	[3523]	:	Fixation at trial 16: 189.926000
190468	[522]	:	Catch Stim at trial 16: 190.448000
193993	[3525]	:	Catch Q at trial 16: 190.448000
194381	[388]	:	Key	30	DOWN	at	194381  
195973	[1592]	:	Respose to catch Q at trial 16: 194.387000
195974	[1]	:	RT and choice to catch Q at trial 16: 0.414000, 30
195998	[24]	:	Fixation at trial 17: 195.978000
196520	[522]	:	Object at trial 17: 196.500000
200043	[3523]	:	Fixation at trial 17: 200.023000
200565	[522]	:	Catch Stim at trial 17: 200.545000
204092	[3527]	:	Catch Q at trial 17: 200.545000
204676	[584]	:	Key	28	DOWN	at	204676  
206072	[1396]	:	Respose to catch Q at trial 17: 204.682000
206072	[0]	:	RT and choice to catch Q at trial 17: 0.610000, 28
206096	[24]	:	Fixation at trial 18: 206.076000
206618	[522]	:	Object at trial 18: 206.598000
210141	[3523]	:	Fixation at trial 18: 210.121000
210663	[522]	:	Catch Stim at trial 18: 210.643000
214188	[3525]	:	Catch Q at trial 18: 210.643000
214707	[519]	:	Key	28	DOWN	at	214707  
216168	[1461]	:	Respose to catch Q at trial 18: 214.712000
216168	[0]	:	RT and choice to catch Q at trial 18: 0.544000, 28
216193	[25]	:	Fixation at trial 19: 216.173000
216715	[522]	:	Object at trial 19: 216.695000
220238	[3523]	:	Fixation at trial 19: 220.218000
220759	[521]	:	Catch Stim at trial 19: 220.739000
224284	[3525]	:	Catch Q at trial 19: 220.739000
224703	[419]	:	Key	30	DOWN	at	224703  
226264	[1561]	:	Respose to catch Q at trial 19: 224.709000
226264	[0]	:	RT and choice to catch Q at trial 19: 0.445000, 30
226289	[25]	:	Fixation at trial 20: 226.269000
226811	[522]	:	Object at trial 20: 226.791000
230334	[3523]	:	Fixation at trial 20: 230.314000
230856	[522]	:	Catch Stim at trial 20: 230.836000
234381	[3525]	:	Catch Q at trial 20: 230.836000
235063	[682]	:	Key	28	DOWN	at	235063  
236361	[1298]	:	Respose to catch Q at trial 20: 235.069000
236362	[1]	:	RT and choice to catch Q at trial 20: 0.708000, 28
236386	[24]	:	Fixation at trial 21: 236.366000
236908	[522]	:	Object at trial 21: 236.888000
240431	[3523]	:	Fixation at trial 21: 240.411000
240953	[522]	:	Catch Stim at trial 21: 240.933000
244479	[3526]	:	Catch Q at trial 21: 240.933000
245139	[660]	:	Key	28	DOWN	at	245139  
246459	[1320]	:	Respose to catch Q at trial 21: 245.145000
246460	[1]	:	RT and choice to catch Q at trial 21: 0.686000, 28
246484	[24]	:	Fixation at trial 22: 246.464000
247007	[523]	:	Object at trial 22: 246.987000
250531	[3524]	:	Fixation at trial 22: 250.511000
251052	[521]	:	Catch Stim at trial 22: 251.032000
254577	[3525]	:	Catch Q at trial 22: 251.032000
255024	[447]	:	Key	30	DOWN	at	255024  
256557	[1533]	:	Respose to catch Q at trial 22: 255.030000
256557	[0]	:	RT and choice to catch Q at trial 22: 0.473000, 30
256582	[25]	:	Fixation at trial 23: 256.562000
257105	[523]	:	Object at trial 23: 257.084000
260628	[3523]	:	Fixation at trial 23: 260.609000
261151	[523]	:	Catch Stim at trial 23: 261.130000
264676	[3525]	:	Catch Q at trial 23: 261.130000
265250	[574]	:	Key	28	DOWN	at	265250  
266656	[1406]	:	Respose to catch Q at trial 23: 265.256000
266656	[0]	:	RT and choice to catch Q at trial 23: 0.600000, 28
266681	[25]	:	Fixation at trial 24: 266.661000
267203	[522]	:	Object at trial 24: 267.183000
270726	[3523]	:	Fixation at trial 24: 270.706000
271248	[522]	:	Catch Stim at trial 24: 271.228000
274773	[3525]	:	Catch Q at trial 24: 271.228000
275345	[572]	:	Key	28	DOWN	at	275345  
276753	[1408]	:	Respose to catch Q at trial 24: 275.351000
276753	[0]	:	RT and choice to catch Q at trial 24: 0.598000, 28
276778	[25]	:	Fixation at trial 25: 276.758000
277300	[522]	:	Object at trial 25: 277.280000
280823	[3523]	:	Fixation at trial 25: 280.803000
281344	[521]	:	Catch Stim at trial 25: 281.324000
284869	[3525]	:	Catch Q at trial 25: 281.324000
285531	[662]	:	Key	28	DOWN	at	285531  
286849	[1318]	:	Respose to catch Q at trial 25: 285.536000
286849	[0]	:	RT and choice to catch Q at trial 25: 0.687000, 28
286874	[25]	:	Fixation at trial 26: 286.854000
287396	[522]	:	Object at trial 26: 287.376000
290919	[3523]	:	Fixation at trial 26: 290.899000
291441	[522]	:	Catch Stim at trial 26: 291.421000
294967	[3526]	:	Catch Q at trial 26: 291.421000
295587	[620]	:	Key	30	DOWN	at	295587  
296947	[1360]	:	Respose to catch Q at trial 26: 295.592000
296947	[0]	:	RT and choice to catch Q at trial 26: 0.645000, 30
296972	[25]	:	Fixation at trial 27: 296.952000
297494	[522]	:	Object at trial 27: 297.474000
301017	[3523]	:	Fixation at trial 27: 300.997000
301539	[522]	:	Catch Stim at trial 27: 301.519000
305064	[3525]	:	Catch Q at trial 27: 301.519000
305737	[673]	:	Key	28	DOWN	at	305737  
307044	[1307]	:	Respose to catch Q at trial 27: 305.742000
307044	[0]	:	RT and choice to catch Q at trial 27: 0.698000, 28
307069	[25]	:	Fixation at trial 28: 307.049000
307591	[522]	:	Object at trial 28: 307.571000
311114	[3523]	:	Fixation at trial 28: 311.094000
311636	[522]	:	Catch Stim at trial 28: 311.616000
315162	[3526]	:	Catch Q at trial 28: 311.616000
315948	[786]	:	Key	28	DOWN	at	315948  
317142	[1194]	:	Respose to catch Q at trial 28: 315.954000
317142	[0]	:	RT and choice to catch Q at trial 28: 0.812000, 28
317167	[25]	:	Fixation at trial 29: 317.147000
317689	[522]	:	Object at trial 29: 317.669000
321212	[3523]	:	Fixation at trial 29: 321.192000
321734	[522]	:	Catch Stim at trial 29: 321.714000
325259	[3525]	:	Catch Q at trial 29: 321.714000
325943	[684]	:	Key	28	DOWN	at	325943  
327239	[1296]	:	Respose to catch Q at trial 29: 325.949000
327239	[0]	:	RT and choice to catch Q at trial 29: 0.710000, 28
327264	[25]	:	Fixation at trial 30: 327.244000
327786	[522]	:	Object at trial 30: 327.766000
331309	[3523]	:	Fixation at trial 30: 331.289000
331831	[522]	:	Catch Stim at trial 30: 331.811000
335357	[3526]	:	Catch Q at trial 30: 331.811000
336114	[757]	:	Key	28	DOWN	at	336114  
337337	[1223]	:	Respose to catch Q at trial 30: 336.120000
337338	[1]	:	RT and choice to catch Q at trial 30: 0.783000, 28
337362	[24]	:	Fixation at trial 31: 337.342000
337884	[522]	:	Object at trial 31: 337.864000
341407	[3523]	:	Fixation at trial 31: 341.387000
341930	[523]	:	Catch Stim at trial 31: 341.910000
345456	[3526]	:	Catch Q at trial 31: 341.910000
346345	[889]	:	Key	30	DOWN	at	346345  
347436	[1091]	:	Respose to catch Q at trial 31: 346.351000
347436	[0]	:	RT and choice to catch Q at trial 31: 0.915000, 30
347461	[25]	:	Fixation at trial 32: 347.441000
347983	[522]	:	Object at trial 32: 347.963000
351506	[3523]	:	Fixation at trial 32: 351.486000
352029	[523]	:	Catch Stim at trial 32: 352.009000
355555	[3526]	:	Catch Q at trial 32: 352.009000
356285	[730]	:	Key	30	DOWN	at	356285  
357535	[1250]	:	Respose to catch Q at trial 32: 356.291000
357535	[0]	:	RT and choice to catch Q at trial 32: 0.756000, 30
357560	[25]	:	Fixation at trial 33: 357.540000
358082	[522]	:	Object at trial 33: 358.062000
361605	[3523]	:	Fixation at trial 33: 361.585000
362128	[523]	:	Catch Stim at trial 33: 362.108000
365653	[3525]	:	Catch Q at trial 33: 362.108000
366281	[628]	:	Key	30	DOWN	at	366281  
367633	[1352]	:	Respose to catch Q at trial 33: 366.287000
367633	[0]	:	RT and choice to catch Q at trial 33: 0.654000, 30
367658	[25]	:	Fixation at trial 34: 367.638000
368180	[522]	:	Object at trial 34: 368.160000
371703	[3523]	:	Fixation at trial 34: 371.683000
372225	[522]	:	Catch Stim at trial 34: 372.205000
375750	[3525]	:	Catch Q at trial 34: 372.205000
376451	[701]	:	Key	28	DOWN	at	376451  
377730	[1279]	:	Respose to catch Q at trial 34: 376.457000
377731	[1]	:	RT and choice to catch Q at trial 34: 0.727000, 28
377756	[25]	:	Fixation at trial 35: 377.735000
378278	[522]	:	Object at trial 35: 378.258000
381801	[3523]	:	Fixation at trial 35: 381.781000
382323	[522]	:	Catch Stim at trial 35: 382.303000
385848	[3525]	:	Catch Q at trial 35: 382.303000
386728	[880]	:	Key	30	DOWN	at	386728  
387828	[1100]	:	Respose to catch Q at trial 35: 386.734000
387828	[0]	:	RT and choice to catch Q at trial 35: 0.906000, 30
387853	[25]	:	Fixation at trial 36: 387.833000
388375	[522]	:	Object at trial 36: 388.355000
391898	[3523]	:	Fixation at trial 36: 391.878000
392420	[522]	:	Catch Stim at trial 36: 392.400000
395945	[3525]	:	Catch Q at trial 36: 392.400000
396483	[538]	:	Key	30	DOWN	at	396483  
397925	[1442]	:	Respose to catch Q at trial 36: 396.489000
397925	[0]	:	RT and choice to catch Q at trial 36: 0.564000, 30
397949	[24]	:	Fixation at trial 37: 397.929000
398471	[522]	:	Object at trial 37: 398.451000
401994	[3523]	:	Fixation at trial 37: 401.974000
402516	[522]	:	Catch Stim at trial 37: 402.496000
406041	[3525]	:	Catch Q at trial 37: 402.496000
406579	[538]	:	Key	28	DOWN	at	406579  
408021	[1442]	:	Respose to catch Q at trial 37: 406.584000
408021	[0]	:	RT and choice to catch Q at trial 37: 0.563000, 28
408046	[25]	:	Fixation at trial 38: 408.026000
408568	[522]	:	Object at trial 38: 408.548000
412091	[3523]	:	Fixation at trial 38: 412.071000
412613	[522]	:	Catch Stim at trial 38: 412.593000
416138	[3525]	:	Catch Q at trial 38: 412.593000
416710	[572]	:	Key	30	DOWN	at	416710  
418118	[1408]	:	Respose to catch Q at trial 38: 416.716000
418118	[0]	:	RT and choice to catch Q at trial 38: 0.598000, 30
418143	[25]	:	Fixation at trial 39: 418.123000
418665	[522]	:	Object at trial 39: 418.645000
422188	[3523]	:	Fixation at trial 39: 422.168000
422710	[522]	:	Catch Stim at trial 39: 422.690000
426235	[3525]	:	Catch Q at trial 39: 422.690000
426960	[725]	:	Key	30	DOWN	at	426960  
428215	[1255]	:	Respose to catch Q at trial 39: 426.965000
428215	[0]	:	RT and choice to catch Q at trial 39: 0.750000, 30
428240	[25]	:	Fixation at trial 40: 428.220000
428762	[522]	:	Object at trial 40: 428.742000
432285	[3523]	:	Fixation at trial 40: 432.265000
432808	[523]	:	Catch Stim at trial 40: 432.788000
436334	[3526]	:	Catch Q at trial 40: 432.788000
437001	[667]	:	Key	28	DOWN	at	437001  
438314	[1313]	:	Respose to catch Q at trial 40: 437.006000
438314	[0]	:	RT and choice to catch Q at trial 40: 0.692000, 28
438339	[25]	:	Fixation at trial 41: 438.319000
438861	[522]