Cog2000 log file Wed Oct 09 10:14:32 2019
gprim v1.29 Compiled:Feb  1 2010 (GLib DirectDraw v7 DX10.0 Compiled:Feb  1 2010)
Display:1024x768x32 59.84Hz
CogInput v1.05 Compiled: May 20 2010
0	[0]	:	COGENT START
1101	[1101]	:	Key	30	DOWN	at	1101    
1281	[180]	:	Key	30	UP	at	1281    
1441	[160]	:	Key	28	DOWN	at	1441    
1676	[235]	:	Key	28	UP	at	1676    
23917	[22241]	:	Key	71	DOWN	at	23917   
23981	[64]	:	Fixation at trial 1: 23.961000
24508	[527]	:	Object at trial 1: 24.487000
28032	[3524]	:	Fixation at trial 1: 28.011000
28561	[529]	:	Catch Stim at trial 1: 28.540000
32090	[3529]	:	Catch Q at trial 1: 28.540000
33057	[967]	:	Key	30	DOWN	at	33057   
34070	[1013]	:	Respose to catch Q at trial 1: 33.065000
34071	[1]	:	RT and choice to catch Q at trial 1: 0.996000, 30
34115	[44]	:	Fixation at trial 2: 34.095000
34637	[522]	:	Object at trial 2: 34.617000
38160	[3523]	:	Fixation at trial 2: 38.140000
38683	[523]	:	Catch Stim at trial 2: 38.663000
42210	[3527]	:	Catch Q at trial 2: 38.663000
43038	[828]	:	Key	28	DOWN	at	43038   
44190	[1152]	:	Respose to catch Q at trial 2: 43.045000
44191	[1]	:	RT and choice to catch Q at trial 2: 0.855000, 28
44223	[32]	:	Fixation at trial 3: 44.203000
44745	[522]	:	Object at trial 3: 44.725000
48268	[3523]	:	Fixation at trial 3: 48.248000
48790	[522]	:	Catch Stim at trial 3: 48.770000
52315	[3525]	:	Catch Q at trial 3: 48.770000
52813	[498]	:	Key	30	DOWN	at	52813   
54295	[1482]	:	Respose to catch Q at trial 3: 52.818000
54296	[1]	:	RT and choice to catch Q at trial 3: 0.523000, 30
54325	[29]	:	Fixation at trial 4: 54.305000
54847	[522]	:	Object at trial 4: 54.827000
58370	[3523]	:	Fixation at trial 4: 58.350000
58892	[522]	:	Catch Stim at trial 4: 58.872000
62418	[3526]	:	Catch Q at trial 4: 58.872000
62954	[536]	:	Key	30	DOWN	at	62954   
64399	[1445]	:	Respose to catch Q at trial 4: 62.959000
64400	[1]	:	RT and choice to catch Q at trial 4: 0.561000, 30
64427	[27]	:	Fixation at trial 5: 64.407000
64949	[522]	:	Object at trial 5: 64.929000
68472	[3523]	:	Fixation at trial 5: 68.452000
68995	[523]	:	Catch Stim at trial 5: 68.975000
72520	[3525]	:	Catch Q at trial 5: 68.975000
73190	[670]	:	Key	28	DOWN	at	73190   
74500	[1310]	:	Respose to catch Q at trial 5: 73.196000
74501	[1]	:	RT and choice to catch Q at trial 5: 0.696000, 28
74529	[28]	:	Fixation at trial 6: 74.509000
75051	[522]	:	Object at trial 6: 75.031000
78574	[3523]	:	Fixation at trial 6: 78.554000
79097	[523]	:	Catch Stim at trial 6: 79.077000
82622	[3525]	:	Catch Q at trial 6: 79.077000
83340	[718]	:	Key	30	DOWN	at	83340   
84602	[1262]	:	Respose to catch Q at trial 6: 83.345000
84603	[1]	:	RT and choice to catch Q at trial 6: 0.743000, 30
84629	[26]	:	Fixation at trial 7: 84.609000
85151	[522]	:	Object at trial 7: 85.131000
88674	[3523]	:	Fixation at trial 7: 88.654000
89197	[523]	:	Catch Stim at trial 7: 89.177000
92722	[3525]	:	Catch Q at trial 7: 89.177000
93321	[599]	:	Key	30	DOWN	at	93321   
94702	[1381]	:	Respose to catch Q at trial 7: 93.327000
94703	[1]	:	RT and choice to catch Q at trial 7: 0.625000, 30
94728	[25]	:	Fixation at trial 8: 94.708000
95251	[523]	:	Object at trial 8: 95.231000
98774	[3523]	:	Fixation at trial 8: 98.754000
99297	[523]	:	Catch Stim at trial 8: 99.277000
102822	[3525]	:	Catch Q at trial 8: 99.277000
103481	[659]	:	Key	28	DOWN	at	103481  
104802	[1321]	:	Respose to catch Q at trial 8: 103.487000
104803	[1]	:	RT and choice to catch Q at trial 8: 0.685000, 28
104828	[25]	:	Fixation at trial 9: 104.808000
105350	[522]	:	Object at trial 9: 105.330000
108873	[3523]	:	Fixation at trial 9: 108.853000
109396	[523]	:	Catch Stim at trial 9: 109.376000
112921	[3525]	:	Catch Q at trial 9: 109.376000
113672	[751]	:	Key	28	DOWN	at	113672  
114901	[1229]	:	Respose to catch Q at trial 9: 113.677000
114902	[1]	:	RT and choice to catch Q at trial 9: 0.776000, 28
114926	[24]	:	Fixation at trial 10: 114.906000
115448	[522]	:	Object at trial 10: 115.428000
118971	[3523]	:	Fixation at trial 10: 118.951000
119494	[523]	:	Catch Stim at trial 10: 119.474000
123019	[3525]	:	Catch Q at trial 10: 119.474000
123598	[579]	:	Key	28	DOWN	at	123598  
124999	[1401]	:	Respose to catch Q at trial 10: 123.604000
125000	[1]	:	RT and choice to catch Q at trial 10: 0.605000, 28
125024	[24]	:	Fixation at trial 11: 125.004000
125546	[522]	:	Object at trial 11: 125.526000
129070	[3524]	:	Fixation at trial 11: 129.049000
129592	[522]	:	Catch Stim at trial 11: 129.572000
133118	[3526]	:	Catch Q at trial 11: 129.572000
133798	[680]	:	Key	28	DOWN	at	133798  
135098	[1300]	:	Respose to catch Q at trial 11: 133.803000
135098	[0]	:	RT and choice to catch Q at trial 11: 0.705000, 28
135123	[25]	:	Fixation at trial 12: 135.103000
135645	[522]	:	Object at trial 12: 135.625000
139168	[3523]	:	Fixation at trial 12: 139.148000
139690	[522]	:	Catch Stim at trial 12: 139.670000
143223	[3533]	:	Catch Q at trial 12: 139.670000
143784	[561]	:	Key	30	DOWN	at	143784  
145203	[1419]	:	Respose to catch Q at trial 12: 143.789000
145203	[0]	:	RT and choice to catch Q at trial 12: 0.586000, 30
145228	[25]	:	Fixation at trial 13: 145.208000
145750	[522]	:	Object at trial 13: 145.730000
149273	[3523]	:	Fixation at trial 13: 149.253000
149795	[522]	:	Catch Stim at trial 13: 149.775000
153321	[3526]	:	Catch Q at trial 13: 149.775000
153970	[649]	:	Key	28	DOWN	at	153970  
155301	[1331]	:	Respose to catch Q at trial 13: 153.975000
155302	[1]	:	RT and choice to catch Q at trial 13: 0.674000, 28
155326	[24]	:	Fixation at trial 14: 155.306000
155848	[522]	:	Object at trial 14: 155.828000
159371	[3523]	:	Fixation at trial 14: 159.351000
159892	[521]	:	Catch Stim at trial 14: 159.872000
163417	[3525]	:	Catch Q at trial 14: 159.872000
163856	[439]	:	Key	30	DOWN	at	163856  
165397	[1541]	:	Respose to catch Q at trial 14: 163.861000
165398	[1]	:	RT and choice to catch Q at trial 14: 0.464000, 30
165422	[24]	:	Fixation at trial 15: 165.402000
165944	[522]	:	Object at trial 15: 165.924000
169467	[3523]	:	Fixation at trial 15: 169.447000
169990	[523]	:	Catch Stim at trial 15: 169.970000
173515	[3525]	:	Catch Q at trial 15: 169.970000
174151	[636]	:	Key	30	DOWN	at	174151  
175495	[1344]	:	Respose to catch Q at trial 15: 174.156000
175496	[1]	:	RT and choice to catch Q at trial 15: 0.661000, 30
175520	[24]	:	Fixation at trial 16: 175.500000
176042	[522]	:	Object at trial 16: 176.022000
179565	[3523]	:	Fixation at trial 16: 179.545000
180087	[522]	:	Catch Stim at trial 16: 180.067000
183612	[3525]	:	Catch Q at trial 16: 180.067000
184152	[540]	:	Key	30	DOWN	at	184152  
185592	[1440]	:	Respose to catch Q at trial 16: 184.157000
185593	[1]	:	RT and choice to catch Q at trial 16: 0.565000, 30
185617	[24]	:	Fixation at trial 17: 185.597000
186139	[522]	:	Object at trial 17: 186.119000
189662	[3523]	:	Fixation at trial 17: 189.642000
190184	[522]	:	Catch Stim at trial 17: 190.164000
193709	[3525]	:	Catch Q at trial 17: 190.164000
194418	[709]	:	Key	28	DOWN	at	194418  
195689	[1271]	:	Respose to catch Q at trial 17: 194.423000
195689	[0]	:	RT and choice to catch Q at trial 17: 0.734000, 28
195713	[24]	:	Fixation at trial 18: 195.693000
196235	[522]	:	Object at trial 18: 196.215000
199758	[3523]	:	Fixation at trial 18: 199.738000
200280	[522]	:	Catch Stim at trial 18: 200.260000
203805	[3525]	:	Catch Q at trial 18: 200.260000
204433	[628]	:	Key	28	DOWN	at	204433  
205785	[1352]	:	Respose to catch Q at trial 18: 204.439000
205785	[0]	:	RT and choice to catch Q at trial 18: 0.654000, 28
205810	[25]	:	Fixation at trial 19: 205.790000
206332	[522]	:	Object at trial 19: 206.312000
209855	[3523]	:	Fixation at trial 19: 209.835000
210377	[522]	:	Catch Stim at trial 19: 210.357000
213903	[3526]	:	Catch Q at trial 19: 210.357000
214799	[896]	:	Key	28	DOWN	at	214799  
215883	[1084]	:	Respose to catch Q at trial 19: 214.805000
215883	[0]	:	RT and choice to catch Q at trial 19: 0.922000, 28
215908	[25]	:	Fixation at trial 20: 215.888000
216430	[522]	:	Object at trial 20: 216.410000
219953	[3523]	:	Fixation at trial 20: 219.933000
220475	[522]	:	Catch Stim at trial 20: 220.455000
224001	[3526]	:	Catch Q at trial 20: 220.455000
224659	[658]	:	Key	28	DOWN	at	224659  
225981	[1322]	:	Respose to catch Q at trial 20: 224.664000
225982	[1]	:	RT and choice to catch Q at trial 20: 0.683000, 28
226006	[24]	:	Fixation at trial 21: 225.986000
226528	[522]	:	Object at trial 21: 226.508000
230051	[3523]	:	Fixation at trial 21: 230.031000
230573	[522]	:	Catch Stim at trial 21: 230.553000
234098	[3525]	:	Catch Q at trial 21: 230.553000
234675	[577]	:	Key	28	DOWN	at	234675  
236078	[1403]	:	Respose to catch Q at trial 21: 234.681000
236078	[0]	:	RT and choice to catch Q at trial 21: 0.603000, 28
236103	[25]	:	Fixation at trial 22: 236.083000
236626	[523]	:	Object at trial 22: 236.606000
240149	[3523]	:	Fixation at trial 22: 240.129000
240671	[522]	:	Catch Stim at trial 22: 240.651000
244196	[3525]	:	Catch Q at trial 22: 240.651000
244795	[599]	:	Key	30	DOWN	at	244795  
246176	[1381]	:	Respose to catch Q at trial 22: 244.800000
246176	[0]	:	RT and choice to catch Q at trial 22: 0.624000, 30
246201	[25]	:	Fixation at trial 23: 246.181000
246723	[522]	:	Object at trial 23: 246.703000
250246	[3523]	:	Fixation at trial 23: 250.226000
250768	[522]	:	Catch Stim at trial 23: 250.748000
254293	[3525]	:	Catch Q at trial 23: 250.748000
255096	[803]	:	Key	28	DOWN	at	255096  
256273	[1177]	:	Respose to catch Q at trial 23: 255.102000
256273	[0]	:	RT and choice to catch Q at trial 23: 0.829000, 28
256298	[25]	:	Fixation at trial 24: 256.278000
256820	[522]	:	Object at trial 24: 256.800000
260343	[3523]	:	Fixation at trial 24: 260.323000
260865	[522]	:	Catch Stim at trial 24: 260.845000
264390	[3525]	:	Catch Q at trial 24: 260.845000
264917	[527]	:	Key	30	DOWN	at	264917  
266370	[1453]	:	Respose to catch Q at trial 24: 264.923000
266370	[0]	:	RT and choice to catch Q at trial 24: 0.553000, 30
266395	[25]	:	Fixation at trial 25: 266.375000
266917	[522]	:	Object at trial 25: 266.897000
270440	[3523]	:	Fixation at trial 25: 270.420000
270962	[522]	:	Catch Stim at trial 25: 270.942000
274488	[3526]	:	Catch Q at trial 25: 270.942000
275117	[629]	:	Key	28	DOWN	at	275117  
276468	[1351]	:	Respose to catch Q at trial 25: 275.123000
276468	[0]	:	RT and choice to catch Q at trial 25: 0.655000, 28
276493	[25]	:	Fixation at trial 26: 276.473000
277015	[522]	:	Object at trial 26: 276.995000
280538	[3523]	:	Fixation at trial 26: 280.518000
281060	[522]	:	Catch Stim at trial 26: 281.040000
284586	[3526]	:	Catch Q at trial 26: 281.040000
285203	[617]	:	Key	28	DOWN	at	285203  
286566	[1363]	:	Respose to catch Q at trial 26: 285.209000
286566	[0]	:	RT and choice to catch Q at trial 26: 0.643000, 28
286591	[25]	:	Fixation at trial 27: 286.571000
287113	[522]	:	Object at trial 27: 287.093000
290636	[3523]	:	Fixation at trial 27: 290.616000
291158	[522]	:	Catch Stim at trial 27: 291.138000
294683	[3525]	:	Catch Q at trial 27: 291.138000
295193	[510]	:	Key	30	DOWN	at	295193  
296663	[1470]	:	Respose to catch Q at trial 27: 295.199000
296663	[0]	:	RT and choice to catch Q at trial 27: 0.536000, 30
296688	[25]	:	Fixation at trial 28: 296.668000
297210	[522]	:	Object at trial 28: 297.190000
300733	[3523]	:	Fixation at trial 28: 300.713000
301255	[522]	:	Catch Stim at trial 28: 301.235000
304781	[3526]	:	Catch Q at trial 28: 301.235000
305449	[668]	:	Key	30	DOWN	at	305449  
306761	[1312]	:	Respose to catch Q at trial 28: 305.455000
306761	[0]	:	RT and choice to catch Q at trial 28: 0.694000, 30
306786	[25]	:	Fixation at trial 29: 306.766000
307308	[522]	:	Object at trial 29: 307.288000
310831	[3523]	:	Fixation at trial 29: 310.811000
311353	[522]	:	Catch Stim at trial 29: 311.333000
314878	[3525]	:	Catch Q at trial 29: 311.333000
315690	[812]	:	Key	28	DOWN	at	315690  
316858	[1168]	:	Respose to catch Q at trial 29: 315.696000
316858	[0]	:	RT and choice to catch Q at trial 29: 0.838000, 28
316882	[24]	:	Fixation at trial 30: 316.862000
317404	[522]	:	Object at trial 30: 317.384000
320927	[3523]	:	Fixation at trial 30: 320.907000
321449	[522]	:	Catch Stim at trial 30: 321.429000
324975	[3526]	:	Catch Q at trial 30: 321.429000
325550	[575]	:	Key	28	DOWN	at	325550  
326955	[1405]	:	Respose to catch Q at trial 30: 325.556000
326955	[0]	:	RT and choice to catch Q at trial 30: 0.601000, 28
326980	[25]	:	Fixation at trial 31: 326.960000
327502	[522]	:	Object at trial 31: 327.482000
331025	[3523]	:	Fixation at trial 31: 331.005000
331547	[522]	:	Catch Stim at trial 31: 331.527000
335073	[3526]	:	Catch Q at trial 31: 331.527000
335571	[498]	:	Key	28	DOWN	at	335571  
337053	[1482]	:	Respose to catch Q at trial 31: 335.577000
337053	[0]	:	RT and choice to catch Q at trial 31: 0.524000, 28
337078	[25]	:	Fixation at trial 32: 337.058000
337600	[522]	:	Object at trial 32: 337.580000
341123	[3523]	:	Fixation at trial 32: 341.103000
341645	[522]	:	Catch Stim at trial 32: 341.625000
345170	[3525]	:	Catch Q at trial 32: 341.625000
345746	[576]	:	Key	28	DOWN	at	345746  
347150	[1404]	:	Respose to catch Q at trial 32: 345.751000
347150	[0]	:	RT and choice to catch Q at trial 32: 0.601000, 28
347175	[25]	:	Fixation at trial 33: 347.155000
347697	[522]	:	Object at trial 33: 347.677000
351220	[3523]	:	Fixation at trial 33: 351.200000
351742	[522]	:	Catch Stim at trial 33: 351.722000
355267	[3525]	:	Catch Q at trial 33: 351.722000
356022	[755]	:	Key	28	DOWN	at	356022  
357247	[1225]	:	Respose to catch Q at trial 33: 356.027000
357247	[0]	:	RT and choice to catch Q at trial 33: 0.780000, 28
357271	[24]	:	Fixation at trial 34: 357.251000
357793	[522]	:	Object at trial 34: 357.773000
361316	[3523]	:	Fixation at trial 34: 361.296000
361839	[523]	:	Catch Stim at trial 34: 361.819000
365364	[3525]	:	Catch Q at trial 34: 361.819000
365872	[508]	:	Key	30	DOWN	at	365872  
367344	[1472]	:	Respose to catch Q at trial 34: 365.877000
367344	[0]	:	RT and choice to catch Q at trial 34: 0.533000, 30
367369	[25]	:	Fixation at trial 35: 367.349000
367891	[522]	:	Object at trial 35: 367.871000
371414	[3523]	:	Fixation at trial 35: 371.394000
371936	[522]	:	Catch Stim at trial 35: 371.916000
375461	[3525]	:	Catch Q at trial 35: 371.916000
375983	[522]	:	Key	28	DOWN	at	375983  
377441	[1458]	:	Respose to catch Q at trial 35: 375.988000
377441	[0]	:	RT and choice to catch Q at trial 35: 0.547000, 28
377466	[25]	:	Fixation at trial 36: 377.446000
377988	[522]	:	Object at trial 36: 377.968000
381511	[3523]	:	Fixation at trial 36: 381.491000
382033	[522]	:	Catch Stim at trial 36: 382.013000
385558	[3525]	:	Catch Q at trial 36: 382.013000
386319	[761]	:	Key	28	DOWN	at	386319  
387538	[1219]	:	Respose to catch Q at trial 36: 386.325000
387538	[0]	:	RT and choice to catch Q at trial 36: 0.787000, 28
387563	[25]	:	Fixation at trial 37: 387.543000
388085	[522]	:	Object at trial 37: 388.065000
391608	[3523]	:	Fixation at trial 37: 391.588000
392130	[522]	:	Catch Stim at trial 37: 392.110000
395655	[3525]	:	Catch Q at trial 37: 392.110000
396554	[899]	:	Key	30	DOWN	at	396554  
397635	[1081]	:	Respose to catch Q at trial 37: 396.560000
397635	[0]	:	RT and choice to catch Q at trial 37: 0.925000, 30
397660	[25]	:	Fixation at trial 38: 397.640000
398183	[523]	:	Object at trial 38: 398.163000
401706	[3523]	:	Fixation at trial 38: 401.686000
402228	[522]	:	Catch Stim at trial 38: 402.208000
405754	[3526]	:	Catch Q at trial 38: 402.208000
406250	[496]	:	Key	30	DOWN	at	406250  
407734	[1484]	:	Respose to catch Q at trial 38: 406.256000
407734	[0]	:	RT and choice to catch Q at trial 38: 0.522000, 30
407759	[25]	:	Fixation at trial 39: 407.739000
408281	[522]	:	Object at trial 39: 408.261000
411804	[3523]	:	Fixation at trial 39: 411.784000
412326	[522]	:	Catch Stim at trial 39: 412.306000
415851	[3525]	:	Catch Q at trial 39: 412.306000
417080	[1229]	:	Key	30	DOWN	at	417080  
417831	[751]	:	Respose to catch Q at trial 39: 417.086000
417831	[0]	:	RT and choice to catch Q at trial 39: 1.255000, 30
417856	[25]	:	Fixation at trial 40: 417.836000
418378	[522]	:	Object at trial 40: 418.358000
421901	[3523]	:	Fixation at trial 40: 421.881000
422424	[523]	:	Catch Stim at trial 40: 422.404000
425950	[3526]	:	Catch Q at trial 40: 422.404000
426486	[536]	:	Key	30	DOWN	at	426486  
427930	[1444]	:	Respose to catch Q at trial 40: 426.492000
427930	[0]	:	RT and choice to catch Q at trial 40: 0.562000, 30
427955	[25]	:	Fixation at trial 41: 427.935000
428479	[524]	:	Object at trial 4