Cog2000 log file Wed Oct 09 10:47:43 2019
gprim v1.29 Compiled:Feb  1 2010 (GLib DirectDraw v7 DX10.0 Compiled:Feb  1 2010)
Display:1024x768x32 59.81Hz
CogInput v1.05 Compiled: May 20 2010
0	[0]	:	COGENT START
1010	[1010]	:	Key	30	DOWN	at	1010    
1201	[191]	:	Key	30	UP	at	1201    
1216	[15]	:	Key	28	DOWN	at	1216    
1501	[285]	:	Key	28	UP	at	1501    
19582	[18081]	:	Key	71	DOWN	at	19582   
19630	[48]	:	Fixation at trial 1: 19.610000
20156	[526]	:	Object at trial 1: 20.136000
23679	[3523]	:	Fixation at trial 1: 23.659000
24204	[525]	:	Catch Stim at trial 1: 24.184000
27732	[3528]	:	Catch Q at trial 1: 24.184000
28818	[1086]	:	Key	28	DOWN	at	28818   
29712	[894]	:	Respose to catch Q at trial 1: 28.825000
29713	[1]	:	RT and choice to catch Q at trial 1: 1.113000, 28
29740	[27]	:	Fixation at trial 2: 29.720000
30262	[522]	:	Object at trial 2: 30.242000
33785	[3523]	:	Fixation at trial 2: 33.765000
34307	[522]	:	Catch Stim at trial 2: 34.287000
37832	[3525]	:	Catch Q at trial 2: 34.287000
38439	[607]	:	Key	30	DOWN	at	38439   
39812	[1373]	:	Respose to catch Q at trial 2: 38.445000
39812	[0]	:	RT and choice to catch Q at trial 2: 0.633000, 30
39840	[28]	:	Fixation at trial 3: 39.820000
40362	[522]	:	Object at trial 3: 40.342000
43885	[3523]	:	Fixation at trial 3: 43.865000
44407	[522]	:	Catch Stim at trial 3: 44.387000
47932	[3525]	:	Catch Q at trial 3: 44.387000
48369	[437]	:	Key	30	DOWN	at	48369   
49912	[1543]	:	Respose to catch Q at trial 3: 48.374000
49913	[1]	:	RT and choice to catch Q at trial 3: 0.462000, 30
49937	[24]	:	Fixation at trial 4: 49.917000
50459	[522]	:	Object at trial 4: 50.439000
53982	[3523]	:	Fixation at trial 4: 53.962000
54504	[522]	:	Catch Stim at trial 4: 54.484000
58029	[3525]	:	Catch Q at trial 4: 54.484000
58707	[678]	:	Key	28	DOWN	at	58707   
60009	[1302]	:	Respose to catch Q at trial 4: 58.712000
60009	[0]	:	RT and choice to catch Q at trial 4: 0.703000, 28
60034	[25]	:	Fixation at trial 5: 60.014000
60556	[522]	:	Object at trial 5: 60.536000
64080	[3524]	:	Fixation at trial 5: 64.059000
64601	[521]	:	Catch Stim at trial 5: 64.582000
68127	[3526]	:	Catch Q at trial 5: 64.582000
68972	[845]	:	Key	30	DOWN	at	68972   
70107	[1135]	:	Respose to catch Q at trial 5: 68.978000
70107	[0]	:	RT and choice to catch Q at trial 5: 0.871000, 30
70132	[25]	:	Fixation at trial 6: 70.112000
70654	[522]	:	Object at trial 6: 70.634000
74177	[3523]	:	Fixation at trial 6: 74.157000
74699	[522]	:	Catch Stim at trial 6: 74.679000
78224	[3525]	:	Catch Q at trial 6: 74.679000
79143	[919]	:	Key	28	DOWN	at	79143   
80204	[1061]	:	Respose to catch Q at trial 6: 79.149000
80204	[0]	:	RT and choice to catch Q at trial 6: 0.945000, 28
80229	[25]	:	Fixation at trial 7: 80.209000
80751	[522]	:	Object at trial 7: 80.731000
84274	[3523]	:	Fixation at trial 7: 84.254000
84796	[522]	:	Catch Stim at trial 7: 84.776000
88321	[3525]	:	Catch Q at trial 7: 84.776000
88843	[522]	:	Key	30	DOWN	at	88843   
90301	[1458]	:	Respose to catch Q at trial 7: 88.848000
90302	[1]	:	RT and choice to catch Q at trial 7: 0.547000, 30
90326	[24]	:	Fixation at trial 8: 90.306000
90848	[522]	:	Object at trial 8: 90.828000
94371	[3523]	:	Fixation at trial 8: 94.351000
94893	[522]	:	Catch Stim at trial 8: 94.873000
98418	[3525]	:	Catch Q at trial 8: 94.873000
99024	[606]	:	Key	28	DOWN	at	99024   
100398	[1374]	:	Respose to catch Q at trial 8: 99.031000
100398	[0]	:	RT and choice to catch Q at trial 8: 0.633000, 28
100423	[25]	:	Fixation at trial 9: 100.403000
100945	[522]	:	Object at trial 9: 100.925000
104468	[3523]	:	Fixation at trial 9: 104.448000
104990	[522]	:	Catch Stim at trial 9: 104.970000
108515	[3525]	:	Catch Q at trial 9: 104.970000
109285	[770]	:	Key	30	DOWN	at	109285  
110495	[1210]	:	Respose to catch Q at trial 9: 109.291000
110495	[0]	:	RT and choice to catch Q at trial 9: 0.796000, 30
110520	[25]	:	Fixation at trial 10: 110.500000
111042	[522]	:	Object at trial 10: 111.022000
114565	[3523]	:	Fixation at trial 10: 114.545000
115087	[522]	:	Catch Stim at trial 10: 115.067000
118612	[3525]	:	Catch Q at trial 10: 115.067000
119300	[688]	:	Key	30	DOWN	at	119300  
120592	[1292]	:	Respose to catch Q at trial 10: 119.306000
120592	[0]	:	RT and choice to catch Q at trial 10: 0.714000, 30
120616	[24]	:	Fixation at trial 11: 120.596000
121138	[522]	:	Object at trial 11: 121.118000
124661	[3523]	:	Fixation at trial 11: 124.641000
125183	[522]	:	Catch Stim at trial 11: 125.163000
128707	[3524]	:	Catch Q at trial 11: 125.163000
129451	[744]	:	Key	28	DOWN	at	129451  
130689	[1238]	:	Respose to catch Q at trial 11: 129.457000
130689	[0]	:	RT and choice to catch Q at trial 11: 0.769000, 28
130713	[24]	:	Fixation at trial 12: 130.694000
131235	[522]	:	Object at trial 12: 131.215000
134758	[3523]	:	Fixation at trial 12: 134.738000
135280	[522]	:	Catch Stim at trial 12: 135.260000
138805	[3525]	:	Catch Q at trial 12: 135.260000
139476	[671]	:	Key	28	DOWN	at	139476  
140785	[1309]	:	Respose to catch Q at trial 12: 139.482000
140785	[0]	:	RT and choice to catch Q at trial 12: 0.697000, 28
140810	[25]	:	Fixation at trial 13: 140.790000
141332	[522]	:	Object at trial 13: 141.312000
144855	[3523]	:	Fixation at trial 13: 144.835000
145378	[523]	:	Catch Stim at trial 13: 145.357000
148903	[3525]	:	Catch Q at trial 13: 145.357000
149572	[669]	:	Key	28	DOWN	at	149572  
150883	[1311]	:	Respose to catch Q at trial 13: 149.578000
150883	[0]	:	RT and choice to catch Q at trial 13: 0.695000, 28
150908	[25]	:	Fixation at trial 14: 150.888000
151430	[522]	:	Object at trial 14: 151.410000
154953	[3523]	:	Fixation at trial 14: 154.933000
155476	[523]	:	Catch Stim at trial 14: 155.456000
159001	[3525]	:	Catch Q at trial 14: 155.456000
159652	[651]	:	Key	30	DOWN	at	159652  
160981	[1329]	:	Respose to catch Q at trial 14: 159.658000
160981	[0]	:	RT and choice to catch Q at trial 14: 0.677000, 30
161006	[25]	:	Fixation at trial 15: 160.986000
161528	[522]	:	Object at trial 15: 161.508000
165051	[3523]	:	Fixation at trial 15: 165.031000
165572	[521]	:	Catch Stim at trial 15: 165.552000
169097	[3525]	:	Catch Q at trial 15: 165.552000
170158	[1061]	:	Key	28	DOWN	at	170158  
171077	[919]	:	Respose to catch Q at trial 15: 170.164000
171077	[0]	:	RT and choice to catch Q at trial 15: 1.087000, 28
171102	[25]	:	Fixation at trial 16: 171.082000
171624	[522]	:	Object at trial 16: 171.604000
175147	[3523]	:	Fixation at trial 16: 175.127000
175668	[521]	:	Catch Stim at trial 16: 175.648000
179194	[3526]	:	Catch Q at trial 16: 175.648000
179904	[710]	:	Key	28	DOWN	at	179904  
181174	[1270]	:	Respose to catch Q at trial 16: 179.910000
181174	[0]	:	RT and choice to catch Q at trial 16: 0.736000, 28
181199	[25]	:	Fixation at trial 17: 181.179000
181722	[523]	:	Object at trial 17: 181.702000
185245	[3523]	:	Fixation at trial 17: 185.225000
185766	[521]	:	Catch Stim at trial 17: 185.746000
189291	[3525]	:	Catch Q at trial 17: 185.746000
189994	[703]	:	Key	28	DOWN	at	189994  
191271	[1277]	:	Respose to catch Q at trial 17: 190.000000
191271	[0]	:	RT and choice to catch Q at trial 17: 0.729000, 28
191296	[25]	:	Fixation at trial 18: 191.276000
191818	[522]	:	Object at trial 18: 191.798000
195341	[3523]	:	Fixation at trial 18: 195.321000
195862	[521]	:	Catch Stim at trial 18: 195.842000
199387	[3525]	:	Catch Q at trial 18: 195.842000
200085	[698]	:	Key	30	DOWN	at	200085  
201367	[1282]	:	Respose to catch Q at trial 18: 200.091000
201367	[0]	:	RT and choice to catch Q at trial 18: 0.724000, 30
201392	[25]	:	Fixation at trial 19: 201.372000
201914	[522]	:	Object at trial 19: 201.894000
205437	[3523]	:	Fixation at trial 19: 205.417000
205967	[530]	:	Catch Stim at trial 19: 205.946000
209492	[3525]	:	Catch Q at trial 19: 205.946000
209980	[488]	:	Key	30	DOWN	at	209980  
211472	[1492]	:	Respose to catch Q at trial 19: 209.986000
211472	[0]	:	RT and choice to catch Q at trial 19: 0.514000, 30
211497	[25]	:	Fixation at trial 20: 211.477000
212019	[522]	:	Object at trial 20: 211.999000
215542	[3523]	:	Fixation at trial 20: 215.522000
216064	[522]	:	Catch Stim at trial 20: 216.044000
219589	[3525]	:	Catch Q at trial 20: 216.044000
220161	[572]	:	Key	30	DOWN	at	220161  
221569	[1408]	:	Respose to catch Q at trial 20: 220.167000
221570	[1]	:	RT and choice to catch Q at trial 20: 0.598000, 30
221594	[24]	:	Fixation at trial 21: 221.574000
222116	[522]	:	Object at trial 21: 222.096000
225639	[3523]	:	Fixation at trial 21: 225.619000
226160	[521]	:	Catch Stim at trial 21: 226.140000
229685	[3525]	:	Catch Q at trial 21: 226.140000
230432	[747]	:	Key	28	DOWN	at	230432  
231665	[1233]	:	Respose to catch Q at trial 21: 230.446000
231665	[0]	:	RT and choice to catch Q at trial 21: 0.781000, 28
231690	[25]	:	Fixation at trial 22: 231.670000
232212	[522]	:	Object at trial 22: 232.192000
235735	[3523]	:	Fixation at trial 22: 235.715000
236257	[522]	:	Catch Stim at trial 22: 236.237000
239782	[3525]	:	Catch Q at trial 22: 236.237000
240462	[680]	:	Key	28	DOWN	at	240462  
241762	[1300]	:	Respose to catch Q at trial 22: 240.467000
241762	[0]	:	RT and choice to catch Q at trial 22: 0.705000, 28
241787	[25]	:	Fixation at trial 23: 241.767000
242309	[522]	:	Object at trial 23: 242.289000
245832	[3523]	:	Fixation at trial 23: 245.812000
246354	[522]	:	Catch Stim at trial 23: 246.334000
249879	[3525]	:	Catch Q at trial 23: 246.334000
251910	[2031]	:	Respose to catch Q at trial 23: 251.388000
251911	[1]	:	RT and choice to catch Q at trial 23: 1.529000, 0
251947	[36]	:	Fixation at trial 24: 251.927000
252469	[522]	:	Object at trial 24: 252.449000
255993	[3524]	:	Fixation at trial 24: 255.973000
256517	[524]	:	Catch Stim at trial 24: 256.497000
260045	[3528]	:	Catch Q at trial 24: 256.497000
260928	[883]	:	Key	28	DOWN	at	260928  
262024	[1096]	:	Respose to catch Q at trial 24: 260.936000
262024	[0]	:	RT and choice to catch Q at trial 24: 0.912000, 28
262050	[26]	:	Fixation at trial 25: 262.029000
262573	[523]	:	Object at trial 25: 262.553000
266096	[3523]	:	Fixation at trial 25: 266.076000
266617	[521]	:	Catch Stim at trial 25: 266.597000
270142	[3525]	:	Catch Q at trial 25: 266.597000
270670	[528]	:	Key	30	DOWN	at	270670  
272122	[1452]	:	Respose to catch Q at trial 25: 270.675000
272122	[0]	:	RT and choice to catch Q at trial 25: 0.553000, 30
272147	[25]	:	Fixation at trial 26: 272.127000
272669	[522]	:	Object at trial 26: 272.649000
276192	[3523]	:	Fixation at trial 26: 276.172000
276713	[521]	:	Catch Stim at trial 26: 276.693000
280238	[3525]	:	Catch Q at trial 26: 276.693000
281055	[817]	:	Key	28	DOWN	at	281055  
282218	[1163]	:	Respose to catch Q at trial 26: 281.061000
282218	[0]	:	RT and choice to catch Q at trial 26: 0.843000, 28
282243	[25]	:	Fixation at trial 27: 282.223000
282765	[522]	:	Object at trial 27: 282.745000
286288	[3523]	:	Fixation at trial 27: 286.268000
286809	[521]	:	Catch Stim at trial 27: 286.789000
290334	[3525]	:	Catch Q at trial 27: 286.789000
290896	[562]	:	Key	28	DOWN	at	290896  
292314	[1418]	:	Respose to catch Q at trial 27: 290.902000
292314	[0]	:	RT and choice to catch Q at trial 27: 0.588000, 28
292339	[25]	:	Fixation at trial 28: 292.319000
292861	[522]	:	Object at trial 28: 292.841000
296385	[3524]	:	Fixation at trial 28: 296.365000
296906	[521]	:	Catch Stim at trial 28: 296.886000
300431	[3525]	:	Catch Q at trial 28: 296.886000
301242	[811]	:	Key	28	DOWN	at	301242  
302411	[1169]	:	Respose to catch Q at trial 28: 301.248000
302411	[0]	:	RT and choice to catch Q at trial 28: 0.837000, 28
302436	[25]	:	Fixation at trial 29: 302.416000
302958	[522]	:	Object at trial 29: 302.938000
306481	[3523]	:	Fixation at trial 29: 306.461000
307002	[521]	:	Catch Stim at trial 29: 306.982000
310527	[3525]	:	Catch Q at trial 29: 306.982000
311218	[691]	:	Key	30	DOWN	at	311218  
312507	[1289]	:	Respose to catch Q at trial 29: 311.224000
312507	[0]	:	RT and choice to catch Q at trial 29: 0.717000, 30
312532	[25]	:	Fixation at trial 30: 312.512000
313054	[522]	:	Object at trial 30: 313.034000
316577	[3523]	:	Fixation at trial 30: 316.557000
317099	[522]	:	Catch Stim at trial 30: 317.079000
320624	[3525]	:	Catch Q at trial 30: 317.079000
321374	[750]	:	Key	28	DOWN	at	321374  
322604	[1230]	:	Respose to catch Q at trial 30: 321.380000
322604	[0]	:	RT and choice to catch Q at trial 30: 0.776000, 28
322629	[25]	:	Fixation at trial 31: 322.609000
323151	[522]	:	Object at trial 31: 323.131000
326674	[3523]	:	Fixation at trial 31: 326.654000
327196	[522]	:	Catch Stim at trial 31: 327.176000
330721	[3525]	:	Catch Q at trial 31: 327.176000
331224	[503]	:	Key	30	DOWN	at	331224  
332701	[1477]	:	Respose to catch Q at trial 31: 331.230000
332701	[0]	:	RT and choice to catch Q at trial 31: 0.529000, 30
332726	[25]	:	Fixation at trial 32: 332.706000
333248	[522]	:	Object at trial 32: 333.228000
336771	[3523]	:	Fixation at trial 32: 336.751000
337292	[521]	:	Catch Stim at trial 32: 337.272000
340817	[3525]	:	Catch Q at trial 32: 337.272000
341541	[724]	:	Key	30	DOWN	at	341541  
342797	[1256]	:	Respose to catch Q at trial 32: 341.547000
342797	[0]	:	RT and choice to catch Q at trial 32: 0.750000, 30
342822	[25]	:	Fixation at trial 33: 342.802000
343344	[522]	:	Object at trial 33: 343.324000
346867	[3523]	:	Fixation at trial 33: 346.847000
347389	[522]	:	Catch Stim at trial 33: 347.369000
350914	[3525]	:	Catch Q at trial 33: 347.369000
351846	[932]	:	Key	30	DOWN	at	351846  
352894	[1048]	:	Respose to catch Q at trial 33: 351.852000
352894	[0]	:	RT and choice to catch Q at trial 33: 0.958000, 30
352919	[25]	:	Fixation at trial 34: 352.899000
353441	[522]	:	Object at trial 34: 353.421000
356964	[3523]	:	Fixation at trial 34: 356.944000
357486	[522]	:	Catch Stim at trial 34: 357.466000
361011	[3525]	:	Catch Q at trial 34: 357.466000
361682	[671]	:	Key	30	DOWN	at	361682  
362991	[1309]	:	Respose to catch Q at trial 34: 361.687000
362991	[0]	:	RT and choice to catch Q at trial 34: 0.696000, 30
363016	[25]	:	Fixation at trial 35: 362.996000
363538	[522]	:	Object at trial 35: 363.518000
367061	[3523]	:	Fixation at trial 35: 367.041000
367582	[521]	:	Catch Stim at trial 35: 367.562000
371107	[3525]	:	Catch Q at trial 35: 367.562000
371813	[706]	:	Key	30	DOWN	at	371813  
373087	[1274]	:	Respose to catch Q at trial 35: 371.818000
373087	[0]	:	RT and choice to catch Q at trial 35: 0.731000, 30
373112	[25]	:	Fixation at trial 36: 373.092000
373634	[522]	:	Object at trial 36: 373.614000
377157	[3523]	:	Fixation at trial 36: 377.137000
377679	[522]	:	Catch Stim at trial 36: 377.659000
381204	[3525]	:	Catch Q at trial 36: 377.659000
381833	[629]	:	Key	30	DOWN	at	381833  
383184	[1351]	:	Respose to catch Q at trial 36: 381.838000
383184	[0]	:	RT and choice to catch Q at trial 36: 0.654000, 30
383209	[25]	:	Fixation at trial 37: 383.189000
383731	[522]	:	Object at trial 37: 383.711000
387254	[3523]	:	Fixation at trial 37: 387.234000
387776	[522]	:	Catch Stim at trial 37: 387.756000
391301	[3525]	:	Catch Q at trial 37: 387.756000
392079	[778]	:	Key	30	DOWN	at	392079  
393281	[1202]	:	Respose to catch Q at trial 37: 392.085000
393281	[0]	:	RT and choice to catch Q at trial 37: 0.804000, 30
393306	[25]	:	Fixation at trial 38: 393.286000
393828	[522]	:	Object at trial 38: 393.808000
397351	[3523]	:	Fixation at trial 38: 397.331000
397872	[521]	:	Catch Stim at trial 38: 397.852000
401397	[3525]	:	Catch Q at trial 38: 397.852000
402109	[712]	:	Key	28	DOWN	at	402109  
403377	[1268]	:	Respose to catch Q at trial 38: 402.115000
403377	[0]	:	RT and choice to catch Q at trial 38: 0.738000, 28
403402	[25]	:	Fixation at trial 39: 403.382000
403924	[522]	:	Object at trial 39: 403.904000
407447	[3523]	:	Fixation at trial 39: 407.427000
407968	[521]	:	Catch Stim at trial 39: 407.948000
411493	[3525]	:	Catch Q at trial 39: 407.948000
412220	[727]	:	Key	28	DOWN	at	412220  
413473	[1253]	:	Respose to catch Q at trial 39: 412.226000
413473	[0]	:	RT and choice to catch Q at trial 39: 0.753000, 28
413498	[25]	:	Fixation at trial 40: 413.478000
414020	[522]	:	Object at trial 40: 414.000000
417543	[3523]	:	Fixation at trial 40: 417.523000
418064	[521]	:	Catch Stim at trial 40: 418.044000
421589	[3525]	:	Catch Q at trial 40: 418.044000
422060	[471]	:	Key	30	DOWN	at	422060  
423569	[1509]	:	Respose to catch Q at trial 40: 422.066000
423569	[0]	:	RT and choice to catch Q at trial 40: 0.497000, 30
423594	[25]	:	Fixation at trial 41: 423.574000
424116	[522]	:	Object at trial 41: 424.096000
427639	[3523]	:	Fixation at tr