Cog2000 log file Fri Oct 18 12:50:50 2019
gprim v1.29 Compiled:Feb  1 2010 (GLib DirectDraw v7 DX10.0 Compiled:Feb  1 2010)
Display:1024x768x32 59.77Hz
CogInput v1.05 Compiled: May 20 2010
0	[0]	:	COGENT START
1716	[1716]	:	Key	30	DOWN	at	1716    
1981	[265]	:	Key	30	UP	at	1981    
2486	[505]	:	Key	28	DOWN	at	2486    
2876	[390]	:	Key	28	UP	at	2876    
22707	[19831]	:	Key	71	DOWN	at	22707   
22771	[64]	:	Fixation at trial 1: 22.749000
23344	[573]	:	Object at trial 1: 23.324000
26877	[3533]	:	Fixation at trial 1: 26.856000
27416	[539]	:	Catch Stim at trial 1: 27.395000
30965	[3549]	:	Catch Q at trial 1: 27.395000
31964	[999]	:	Key	30	DOWN	at	31964   
32949	[985]	:	Respose to catch Q at trial 1: 31.978000
32951	[2]	:	RT and choice to catch Q at trial 1: 1.034000, 30
33001	[50]	:	Fixation at trial 2: 32.981000
33526	[525]	:	Object at trial 2: 33.506000
37050	[3524]	:	Fixation at trial 2: 37.030000
37580	[530]	:	Catch Stim at trial 2: 37.559000
41106	[3526]	:	Catch Q at trial 2: 37.559000
42425	[1319]	:	Key	28	DOWN	at	42425   
43087	[662]	:	Respose to catch Q at trial 2: 42.434000
43088	[1]	:	RT and choice to catch Q at trial 2: 1.348000, 28
43138	[50]	:	Fixation at trial 3: 43.118000
43661	[523]	:	Object at trial 3: 43.641000
47184	[3523]	:	Fixation at trial 3: 47.164000
47706	[522]	:	Catch Stim at trial 3: 47.686000
51231	[3525]	:	Catch Q at trial 3: 47.686000
52225	[994]	:	Key	30	DOWN	at	52225   
53211	[986]	:	Respose to catch Q at trial 3: 52.231000
53212	[1]	:	RT and choice to catch Q at trial 3: 1.020000, 30
53254	[42]	:	Fixation at trial 4: 53.234000
53777	[523]	:	Object at trial 4: 53.757000
57301	[3524]	:	Fixation at trial 4: 57.281000
57828	[527]	:	Catch Stim at trial 4: 57.807000
61354	[3526]	:	Catch Q at trial 4: 57.807000
62316	[962]	:	Key	28	DOWN	at	62316   
63334	[1018]	:	Respose to catch Q at trial 4: 62.322000
63335	[1]	:	RT and choice to catch Q at trial 4: 0.988000, 28
63362	[27]	:	Fixation at trial 5: 63.342000
63886	[524]	:	Object at trial 5: 63.866000
67409	[3523]	:	Fixation at trial 5: 67.389000
67931	[522]	:	Catch Stim at trial 5: 67.911000
71456	[3525]	:	Catch Q at trial 5: 67.911000
72937	[1481]	:	Key	28	DOWN	at	72937   
73437	[500]	:	Respose to catch Q at trial 5: 72.944000
73437	[0]	:	RT and choice to catch Q at trial 5: 1.508000, 28
73465	[28]	:	Fixation at trial 6: 73.445000
73987	[522]	:	Object at trial 6: 73.967000
77510	[3523]	:	Fixation at trial 6: 77.490000
78036	[526]	:	Catch Stim at trial 6: 78.016000
81561	[3525]	:	Catch Q at trial 6: 78.016000
82730	[1169]	:	Key	28	DOWN	at	82730   
83541	[811]	:	Respose to catch Q at trial 6: 82.736000
83542	[1]	:	RT and choice to catch Q at trial 6: 1.195000, 28
83569	[27]	:	Fixation at trial 7: 83.549000
84091	[522]	:	Object at trial 7: 84.071000
87614	[3523]	:	Fixation at trial 7: 87.594000
88136	[522]	:	Catch Stim at trial 7: 88.116000
91661	[3525]	:	Catch Q at trial 7: 88.116000
92641	[980]	:	Key	28	DOWN	at	92641   
93641	[1000]	:	Respose to catch Q at trial 7: 92.647000
93642	[1]	:	RT and choice to catch Q at trial 7: 1.006000, 28
93667	[25]	:	Fixation at trial 8: 93.647000
94189	[522]	:	Object at trial 8: 94.169000
97712	[3523]	:	Fixation at trial 8: 97.692000
98235	[523]	:	Catch Stim at trial 8: 98.215000
101765	[3530]	:	Catch Q at trial 8: 98.215000
103800	[2035]	:	Respose to catch Q at trial 8: 103.277000
103801	[1]	:	RT and choice to catch Q at trial 8: 1.532000, 0
103837	[36]	:	Fixation at trial 9: 103.817000
104359	[522]	:	Object at trial 9: 104.339000
107882	[3523]	:	Fixation at trial 9: 107.862000
108405	[523]	:	Catch Stim at trial 9: 108.385000
111930	[3525]	:	Catch Q at trial 9: 108.385000
112602	[672]	:	Key	30	DOWN	at	112602  
113910	[1308]	:	Respose to catch Q at trial 9: 112.608000
113911	[1]	:	RT and choice to catch Q at trial 9: 0.698000, 30
113936	[25]	:	Fixation at trial 10: 113.916000
114459	[523]	:	Object at trial 10: 114.439000
117982	[3523]	:	Fixation at trial 10: 117.962000
118505	[523]	:	Catch Stim at trial 10: 118.485000
122030	[3525]	:	Catch Q at trial 10: 118.485000
123263	[1233]	:	Key	28	DOWN	at	123263  
124010	[747]	:	Respose to catch Q at trial 10: 123.269000
124011	[1]	:	RT and choice to catch Q at trial 10: 1.259000, 28
124036	[25]	:	Fixation at trial 11: 124.016000
124559	[523]	:	Object at trial 11: 124.539000
128082	[3523]	:	Fixation at trial 11: 128.062000
128603	[521]	:	Catch Stim at trial 11: 128.583000
132130	[3527]	:	Catch Q at trial 11: 128.583000
133263	[1133]	:	Key	30	DOWN	at	133263  
134110	[847]	:	Respose to catch Q at trial 11: 133.270000
134111	[1]	:	RT and choice to catch Q at trial 11: 1.160000, 30
134136	[25]	:	Fixation at trial 12: 134.116000
134658	[522]	:	Object at trial 12: 134.638000
138181	[3523]	:	Fixation at trial 12: 138.161000
138703	[522]	:	Catch Stim at trial 12: 138.683000
142228	[3525]	:	Catch Q at trial 12: 138.683000
142814	[586]	:	Key	30	DOWN	at	142814  
144208	[1394]	:	Respose to catch Q at trial 12: 142.819000
144208	[0]	:	RT and choice to catch Q at trial 12: 0.611000, 30
144234	[26]	:	Fixation at trial 13: 144.214000
144757	[523]	:	Object at trial 13: 144.737000
148280	[3523]	:	Fixation at trial 13: 148.260000
148802	[522]	:	Catch Stim at trial 13: 148.782000
152327	[3525]	:	Catch Q at trial 13: 148.782000
153414	[1087]	:	Key	28	DOWN	at	153414  
154307	[893]	:	Respose to catch Q at trial 13: 153.422000
154308	[1]	:	RT and choice to catch Q at trial 13: 1.115000, 28
154332	[24]	:	Fixation at trial 14: 154.312000
154854	[522]	:	Object at trial 14: 154.834000
158377	[3523]	:	Fixation at trial 14: 158.357000
158899	[522]	:	Catch Stim at trial 14: 158.879000
162424	[3525]	:	Catch Q at trial 14: 158.879000
163605	[1181]	:	Key	28	DOWN	at	163605  
164404	[799]	:	Respose to catch Q at trial 14: 163.611000
164405	[1]	:	RT and choice to catch Q at trial 14: 1.207000, 28
164429	[24]	:	Fixation at trial 15: 164.409000
164952	[523]	:	Object at trial 15: 164.932000
168475	[3523]	:	Fixation at trial 15: 168.455000
168997	[522]	:	Catch Stim at trial 15: 168.977000
172522	[3525]	:	Catch Q at trial 15: 168.977000
173295	[773]	:	Key	30	DOWN	at	173295  
174502	[1207]	:	Respose to catch Q at trial 15: 173.301000
174503	[1]	:	RT and choice to catch Q at trial 15: 0.799000, 30
174527	[24]	:	Fixation at trial 16: 174.507000
175049	[522]	:	Object at trial 16: 175.029000
178572	[3523]	:	Fixation at trial 16: 178.552000
179094	[522]	:	Catch Stim at trial 16: 179.074000
182620	[3526]	:	Catch Q at trial 16: 179.074000
183801	[1181]	:	Key	28	DOWN	at	183801  
184600	[799]	:	Respose to catch Q at trial 16: 183.807000
184601	[1]	:	RT and choice to catch Q at trial 16: 1.207000, 28
184625	[24]	:	Fixation at trial 17: 184.605000
185147	[522]	:	Object at trial 17: 185.127000
188670	[3523]	:	Fixation at trial 17: 188.650000
189192	[522]	:	Catch Stim at trial 17: 189.172000
192717	[3525]	:	Catch Q at trial 17: 189.172000
193977	[1260]	:	Key	30	DOWN	at	193977  
194697	[720]	:	Respose to catch Q at trial 17: 193.983000
194698	[1]	:	RT and choice to catch Q at trial 17: 1.286000, 30
194722	[24]	:	Fixation at trial 18: 194.702000
195244	[522]	:	Object at trial 18: 195.224000
198767	[3523]	:	Fixation at trial 18: 198.747000
199288	[521]	:	Catch Stim at trial 18: 199.268000
202815	[3527]	:	Catch Q at trial 18: 199.268000
203692	[877]	:	Key	28	DOWN	at	203692  
204795	[1103]	:	Respose to catch Q at trial 18: 203.699000
204795	[0]	:	RT and choice to catch Q at trial 18: 0.904000, 28
204819	[24]	:	Fixation at trial 19: 204.799000
205341	[522]	:	Object at trial 19: 205.321000
208864	[3523]	:	Fixation at trial 19: 208.844000
209385	[521]	:	Catch Stim at trial 19: 209.365000
212910	[3525]	:	Catch Q at trial 19: 209.365000
213773	[863]	:	Key	30	DOWN	at	213773  
214890	[1117]	:	Respose to catch Q at trial 19: 213.779000
214890	[0]	:	RT and choice to catch Q at trial 19: 0.889000, 30
214915	[25]	:	Fixation at trial 20: 214.895000
215437	[522]	:	Object at trial 20: 215.417000
218960	[3523]	:	Fixation at trial 20: 218.940000
219481	[521]	:	Catch Stim at trial 20: 219.461000
223006	[3525]	:	Catch Q at trial 20: 219.461000
224098	[1092]	:	Key	30	DOWN	at	224098  
224986	[888]	:	Respose to catch Q at trial 20: 224.104000
224986	[0]	:	RT and choice to catch Q at trial 20: 1.118000, 30
225011	[25]	:	Fixation at trial 21: 224.991000
225533	[522]	:	Object at trial 21: 225.513000
229057	[3524]	:	Fixation at trial 21: 229.037000
229579	[522]	:	Catch Stim at trial 21: 229.559000
233104	[3525]	:	Catch Q at trial 21: 229.559000
234294	[1190]	:	Key	28	DOWN	at	234294  
235084	[790]	:	Respose to catch Q at trial 21: 234.300000
235085	[1]	:	RT and choice to catch Q at trial 21: 1.216000, 28
235109	[24]	:	Fixation at trial 22: 235.089000
235631	[522]	:	Object at trial 22: 235.611000
239154	[3523]	:	Fixation at trial 22: 239.134000
239676	[522]	:	Catch Stim at trial 22: 239.656000
243201	[3525]	:	Catch Q at trial 22: 239.656000
244655	[1454]	:	Key	28	DOWN	at	244655  
245181	[526]	:	Respose to catch Q at trial 22: 244.661000
245181	[0]	:	RT and choice to catch Q at trial 22: 1.480000, 28
245206	[25]	:	Fixation at trial 23: 245.186000
245729	[523]	:	Object at trial 23: 245.709000
249252	[3523]	:	Fixation at trial 23: 249.232000
249774	[522]	:	Catch Stim at trial 23: 249.754000
253299	[3525]	:	Catch Q at trial 23: 249.754000
254090	[791]	:	Key	30	DOWN	at	254090  
255279	[1189]	:	Respose to catch Q at trial 23: 254.096000
255279	[0]	:	RT and choice to catch Q at trial 23: 0.817000, 30
255304	[25]	:	Fixation at trial 24: 255.284000
255826	[522]	:	Object at trial 24: 255.806000
259349	[3523]	:	Fixation at trial 24: 259.330000
259872	[523]	:	Catch Stim at trial 24: 259.851000
263397	[3525]	:	Catch Q at trial 24: 259.851000
264316	[919]	:	Key	30	DOWN	at	264316  
265377	[1061]	:	Respose to catch Q at trial 24: 264.322000
265377	[0]	:	RT and choice to catch Q at trial 24: 0.945000, 30
265402	[25]	:	Fixation at trial 25: 265.382000
265924	[522]	:	Object at trial 25: 265.904000
269447	[3523]	:	Fixation at trial 25: 269.427000
269969	[522]	:	Catch Stim at trial 25: 269.949000
273496	[3527]	:	Catch Q at trial 25: 269.949000
274531	[1035]	:	Key	28	DOWN	at	274531  
275476	[945]	:	Respose to catch Q at trial 25: 274.538000
275476	[0]	:	RT and choice to catch Q at trial 25: 1.062000, 28
275501	[25]	:	Fixation at trial 26: 275.481000
276023	[522]	:	Object at trial 26: 276.003000
279546	[3523]	:	Fixation at trial 26: 279.526000
280067	[521]	:	Catch Stim at trial 26: 280.047000
283592	[3525]	:	Catch Q at trial 26: 280.047000
284547	[955]	:	Key	30	DOWN	at	284547  
285572	[1025]	:	Respose to catch Q at trial 26: 284.553000
285572	[0]	:	RT and choice to catch Q at trial 26: 0.981000, 30
285597	[25]	:	Fixation at trial 27: 285.577000
286119	[522]	:	Object at trial 27: 286.099000
289642	[3523]	:	Fixation at trial 27: 289.622000
290163	[521]	:	Catch Stim at trial 27: 290.143000
293688	[3525]	:	Catch Q at trial 27: 290.143000
295712	[2024]	:	Respose to catch Q at trial 27: 295.192000
295713	[1]	:	RT and choice to catch Q at trial 27: 1.524000, 0
295744	[31]	:	Fixation at trial 28: 295.724000
296266	[522]	:	Object at trial 28: 296.246000
299789	[3523]	:	Fixation at trial 28: 299.769000
300311	[522]	:	Catch Stim at trial 28: 300.291000
303836	[3525]	:	Catch Q at trial 28: 300.291000
304643	[807]	:	Key	30	DOWN	at	304643  
305816	[1173]	:	Respose to catch Q at trial 28: 304.649000
305817	[1]	:	RT and choice to catch Q at trial 28: 0.833000, 30
305841	[24]	:	Fixation at trial 29: 305.821000
306363	[522]	:	Object at trial 29: 306.343000
309886	[3523]	:	Fixation at trial 29: 309.866000
310408	[522]	:	Catch Stim at trial 29: 310.388000
313933	[3525]	:	Catch Q at trial 29: 310.388000
314884	[951]	:	Key	28	DOWN	at	314884  
315913	[1029]	:	Respose to catch Q at trial 29: 314.890000
315914	[1]	:	RT and choice to catch Q at trial 29: 0.977000, 28
315938	[24]	:	Fixation at trial 30: 315.918000
316460	[522]	:	Object at trial 30: 316.440000
319983	[3523]	:	Fixation at trial 30: 319.963000
320506	[523]	:	Catch Stim at trial 30: 320.486000
324032	[3526]	:	Catch Q at trial 30: 320.486000
324689	[657]	:	Key	30	DOWN	at	324689  
326012	[1323]	:	Respose to catch Q at trial 30: 324.695000
326012	[0]	:	RT and choice to catch Q at trial 30: 0.683000, 30
326037	[25]	:	Fixation at trial 31: 326.017000
326559	[522]	:	Object at trial 31: 326.539000
330082	[3523]	:	Fixation at trial 31: 330.062000
330603	[521]	:	Catch Stim at trial 31: 330.583000
334128	[3525]	:	Catch Q at trial 31: 330.583000
335125	[997]	:	Key	28	DOWN	at	335125  
336108	[983]	:	Respose to catch Q at trial 31: 335.131000
336108	[0]	:	RT and choice to catch Q at trial 31: 1.023000, 28
336134	[26]	:	Fixation at trial 32: 336.114000
336656	[522]	:	Object at trial 32: 336.636000
340179	[3523]	:	Fixation at trial 32: 340.159000
340700	[521]	:	Catch Stim at trial 32: 340.680000
344226	[3526]	:	Catch Q at trial 32: 340.680000
345145	[919]	:	Key	30	DOWN	at	345145  
346206	[1061]	:	Respose to catch Q at trial 32: 345.151000
346206	[0]	:	RT and choice to catch Q at trial 32: 0.945000, 30
346231	[25]	:	Fixation at trial 33: 346.211000
346753	[522]	:	Object at trial 33: 346.733000
350276	[3523]	:	Fixation at trial 33: 350.256000
350801	[525]	:	Catch Stim at trial 33: 350.781000
354326	[3525]	:	Catch Q at trial 33: 350.781000
355696	[1370]	:	Key	28	DOWN	at	355696  
356306	[610]	:	Respose to catch Q at trial 33: 355.702000
356306	[0]	:	RT and choice to catch Q at trial 33: 1.396000, 28
356331	[25]	:	Fixation at trial 34: 356.311000
356853	[522]	:	Object at trial 34: 356.833000
360376	[3523]	:	Fixation at trial 34: 360.356000
360898	[522]	:	Catch Stim at trial 34: 360.878000
364424	[3526]	:	Catch Q at trial 34: 360.878000
365756	[1332]	:	Key	28	DOWN	at	365756  
366404	[648]	:	Respose to catch Q at trial 34: 365.762000
366405	[1]	:	RT and choice to catch Q at trial 34: 1.358000, 28
366429	[24]	:	Fixation at trial 35: 366.409000
366952	[523]	:	Object at trial 35: 366.932000
370475	[3523]	:	Fixation at trial 35: 370.455000
370997	[522]	:	Catch Stim at trial 35: 370.977000
374522	[3525]	:	Catch Q at trial 35: 370.977000
375342	[820]	:	Key	28	DOWN	at	375342  
376502	[1160]	:	Respose to catch Q at trial 35: 375.348000
376502	[0]	:	RT and choice to catch Q at trial 35: 0.846000, 28
376527	[25]	:	Fixation at trial 36: 376.507000
377049	[522]	:	Object at trial 36: 377.029000
380572	[3523]	:	Fixation at trial 36: 380.552000
381094	[522]	:	Catch Stim at trial 36: 381.074000
384619	[3525]	:	Catch Q at trial 36: 381.074000
385318	[699]	:	Key	30	DOWN	at	385318  
386599	[1281]	:	Respose to catch Q at trial 36: 385.324000
386599	[0]	:	RT and choice to catch Q at trial 36: 0.725000, 30
386624	[25]	:	Fixation at trial 37: 386.604000
387146	[522]	:	Object at trial 37: 387.126000
390669	[3523]	:	Fixation at trial 37: 390.649000
391191	[522]	:	Catch Stim at trial 37: 391.171000
394716	[3525]	:	Catch Q at trial 37: 391.171000
395539	[823]	:	Key	28	DOWN	at	395539  
396696	[1157]	:	Respose to catch Q at trial 37: 395.544000
396697	[1]	:	RT and choice to catch Q at trial 37: 0.848000, 28
396721	[24]	:	Fixation at trial 38: 396.701000
397243	[522]	:	Object at trial 38: 397.223000
400766	[3523]	:	Fixation at trial 38: 400.746000
401288	[522]	:	Catch Stim at trial 38: 401.268000
404813	[3525]	:	Catch Q at trial 38: 401.268000
405830	[1017]	:	Key	28	DOWN	at	405830  
406793	[963]	:	Respose to catch Q at trial 38: 405.836000
406793	[0]	:	RT and choice to catch Q at trial 38: 1.043000, 28
406818	[25]	:	Fixation at trial 39: 406.798000
407340	[522]	:	Object at trial 39: 407.320000
410863	[3523]	:	Fixation at trial 39: 410.843000
411384	[521]	:	Catch Stim at trial 39: 411.364000
414909	[3525]	:	Catch Q at trial 39: 411.364000
415815	[906]	:	Key	28	DOWN	at	415815  
416889	[1074]	:	Respose to catch Q at trial 39: 415.821000
416889	[0]	:	RT and choice to catch Q at trial 39: 0.932000, 28
416914	[25]	:	Fixation at trial 40: 416.894000
417436	[522]	:	Object at trial 40: 417.416000
420959	[3523]	:	Fixation at trial 40: 420.939000
421481	[522]	:	Catch Stim at trial 40: 421.461000
425006	[3525]	:	Catch Q at trial 40: 421.461000
425931	[925]	:	Key	28	DOWN	at	425931  
426986	[1055]	:	Respose to catch Q at trial 40: 425.937000
426986	[0]	:	RT and choice to catch Q at trial 40: 0.951000, 28
427011	[25]	:	Fixation at trial 41: 426.991000
427533	[522]	:	Object at trial 41: 427.513000
431056	[3523]	:	Fixation at trial 41: 431.036000
431578	[522]	:	Catch