Cog2000 log file Wed Oct 16 12:32:42 2019
gprim v1.29 Compiled:Feb  1 2010 (GLib DirectDraw v7 DX10.0 Compiled:Feb  1 2010)
Display:1024x768x32 59.81Hz
CogInput v1.05 Compiled: May 20 2010
0	[0]	:	COGENT START
1810	[1810]	:	Key	30	DOWN	at	1810    
2060	[250]	:	Key	30	UP	at	2060    
4585	[2525]	:	Key	28	DOWN	at	4585    
4815	[230]	:	Key	28	UP	at	4815    
34747	[29932]	:	Key	71	DOWN	at	34747   
34807	[60]	:	Fixation at trial 1: 34.785000
35376	[569]	:	Object at trial 1: 35.356000
38908	[3532]	:	Fixation at trial 1: 38.887000
39446	[538]	:	Catch Stim at trial 1: 39.424000
42994	[3548]	:	Catch Q at trial 1: 39.424000
44437	[1443]	:	Key	28	DOWN	at	44437   
44976	[539]	:	Respose to catch Q at trial 1: 44.451000
44978	[2]	:	RT and choice to catch Q at trial 1: 1.478000, 28
45031	[53]	:	Fixation at trial 2: 45.010000
45556	[525]	:	Object at trial 2: 45.536000
49079	[3523]	:	Fixation at trial 2: 49.059000
49606	[527]	:	Catch Stim at trial 2: 49.586000
53133	[3527]	:	Catch Q at trial 2: 49.586000
54158	[1025]	:	Key	30	DOWN	at	54158   
55115	[957]	:	Respose to catch Q at trial 2: 54.167000
55116	[1]	:	RT and choice to catch Q at trial 2: 1.054000, 30
55165	[49]	:	Fixation at trial 3: 55.145000
55688	[523]	:	Object at trial 3: 55.668000
59211	[3523]	:	Fixation at trial 3: 59.191000
59733	[522]	:	Catch Stim at trial 3: 59.713000
63258	[3525]	:	Catch Q at trial 3: 59.713000
65290	[2032]	:	Respose to catch Q at trial 3: 64.769000
65291	[1]	:	RT and choice to catch Q at trial 3: 1.531000, 0
65339	[48]	:	Fixation at trial 4: 65.319000
65861	[522]	:	Object at trial 4: 65.841000
69384	[3523]	:	Fixation at trial 4: 69.364000
69908	[524]	:	Catch Stim at trial 4: 69.888000
73435	[3527]	:	Catch Q at trial 4: 69.888000
74514	[1079]	:	Key	30	DOWN	at	74514   
75415	[901]	:	Respose to catch Q at trial 4: 74.522000
75415	[0]	:	RT and choice to catch Q at trial 4: 1.107000, 30
75443	[28]	:	Fixation at trial 5: 75.423000
75965	[522]	:	Object at trial 5: 75.945000
79489	[3524]	:	Fixation at trial 5: 79.469000
80011	[522]	:	Catch Stim at trial 5: 79.991000
83537	[3526]	:	Catch Q at trial 5: 79.991000
84560	[1023]	:	Key	28	DOWN	at	84560   
85518	[958]	:	Respose to catch Q at trial 5: 84.567000
85518	[0]	:	RT and choice to catch Q at trial 5: 1.050000, 28
85546	[28]	:	Fixation at trial 6: 85.526000
86068	[522]	:	Object at trial 6: 86.048000
89591	[3523]	:	Fixation at trial 6: 89.571000
90115	[524]	:	Catch Stim at trial 6: 90.095000
93642	[3527]	:	Catch Q at trial 6: 90.095000
94525	[883]	:	Key	28	DOWN	at	94525   
95622	[1097]	:	Respose to catch Q at trial 6: 94.532000
95622	[0]	:	RT and choice to catch Q at trial 6: 0.910000, 28
95649	[27]	:	Fixation at trial 7: 95.629000
96171	[522]	:	Object at trial 7: 96.151000
99694	[3523]	:	Fixation at trial 7: 99.674000
100219	[525]	:	Catch Stim at trial 7: 100.199000
103744	[3525]	:	Catch Q at trial 7: 100.199000
104731	[987]	:	Key	28	DOWN	at	104731  
105724	[993]	:	Respose to catch Q at trial 7: 104.737000
105724	[0]	:	RT and choice to catch Q at trial 7: 1.013000, 28
105751	[27]	:	Fixation at trial 8: 105.731000
106273	[522]	:	Object at trial 8: 106.253000
109796	[3523]	:	Fixation at trial 8: 109.776000
110319	[523]	:	Catch Stim at trial 8: 110.299000
113844	[3525]	:	Catch Q at trial 8: 110.299000
114742	[898]	:	Key	30	DOWN	at	114742  
115824	[1082]	:	Respose to catch Q at trial 8: 114.748000
115825	[1]	:	RT and choice to catch Q at trial 8: 0.924000, 30
115850	[25]	:	Fixation at trial 9: 115.830000
116372	[522]	:	Object at trial 9: 116.352000
119895	[3523]	:	Fixation at trial 9: 119.875000
120417	[522]	:	Catch Stim at trial 9: 120.397000
123942	[3525]	:	Catch Q at trial 9: 120.397000
124917	[975]	:	Key	28	DOWN	at	124917  
125922	[1005]	:	Respose to catch Q at trial 9: 124.923000
125923	[1]	:	RT and choice to catch Q at trial 9: 1.001000, 28
125948	[25]	:	Fixation at trial 10: 125.928000
126470	[522]	:	Object at trial 10: 126.450000
129993	[3523]	:	Fixation at trial 10: 129.973000
130515	[522]	:	Catch Stim at trial 10: 130.495000
134040	[3525]	:	Catch Q at trial 10: 130.495000
135393	[1353]	:	Key	30	DOWN	at	135393  
136020	[627]	:	Respose to catch Q at trial 10: 135.399000
136021	[1]	:	RT and choice to catch Q at trial 10: 1.379000, 30
136045	[24]	:	Fixation at trial 11: 136.025000
136567	[522]	:	Object at trial 11: 136.547000
140090	[3523]	:	Fixation at trial 11: 140.070000
140614	[524]	:	Catch Stim at trial 11: 140.594000
144139	[3525]	:	Catch Q at trial 11: 140.594000
145288	[1149]	:	Key	28	DOWN	at	145288  
146119	[831]	:	Respose to catch Q at trial 11: 145.294000
146120	[1]	:	RT and choice to catch Q at trial 11: 1.175000, 28
146144	[24]	:	Fixation at trial 12: 146.124000
146667	[523]	:	Object at trial 12: 146.647000
150190	[3523]	:	Fixation at trial 12: 150.170000
150712	[522]	:	Catch Stim at trial 12: 150.692000
154237	[3525]	:	Catch Q at trial 12: 150.692000
155144	[907]	:	Key	28	DOWN	at	155144  
156217	[1073]	:	Respose to catch Q at trial 12: 155.150000
156217	[0]	:	RT and choice to catch Q at trial 12: 0.933000, 28
156242	[25]	:	Fixation at trial 13: 156.222000
156764	[522]	:	Object at trial 13: 156.744000
160287	[3523]	:	Fixation at trial 13: 160.267000
160809	[522]	:	Catch Stim at trial 13: 160.789000
164334	[3525]	:	Catch Q at trial 13: 160.789000
165354	[1020]	:	Key	30	DOWN	at	165354  
166314	[960]	:	Respose to catch Q at trial 13: 165.360000
166315	[1]	:	RT and choice to catch Q at trial 13: 1.046000, 30
166338	[23]	:	Fixation at trial 14: 166.318000
166860	[522]	:	Object at trial 14: 166.840000
170383	[3523]	:	Fixation at trial 14: 170.363000
170905	[522]	:	Catch Stim at trial 14: 170.885000
174430	[3525]	:	Catch Q at trial 14: 170.885000
175700	[1270]	:	Key	28	DOWN	at	175700  
176410	[710]	:	Respose to catch Q at trial 14: 175.706000
176410	[0]	:	RT and choice to catch Q at trial 14: 1.296000, 28
176435	[25]	:	Fixation at trial 15: 176.415000
176957	[522]	:	Object at trial 15: 176.937000
180480	[3523]	:	Fixation at trial 15: 180.460000
181002	[522]	:	Catch Stim at trial 15: 180.982000
184527	[3525]	:	Catch Q at trial 15: 180.982000
185296	[769]	:	Key	30	DOWN	at	185296  
186507	[1211]	:	Respose to catch Q at trial 15: 185.302000
186508	[1]	:	RT and choice to catch Q at trial 15: 0.795000, 30
186532	[24]	:	Fixation at trial 16: 186.512000
187054	[522]	:	Object at trial 16: 187.034000
190577	[3523]	:	Fixation at trial 16: 190.557000
191099	[522]	:	Catch Stim at trial 16: 191.079000
194624	[3525]	:	Catch Q at trial 16: 191.079000
195551	[927]	:	Key	28	DOWN	at	195551  
196604	[1053]	:	Respose to catch Q at trial 16: 195.557000
196605	[1]	:	RT and choice to catch Q at trial 16: 0.953000, 28
196629	[24]	:	Fixation at trial 17: 196.609000
197151	[522]	:	Object at trial 17: 197.131000
200674	[3523]	:	Fixation at trial 17: 200.654000
201195	[521]	:	Catch Stim at trial 17: 201.175000
204720	[3525]	:	Catch Q at trial 17: 201.175000
205737	[1017]	:	Key	30	DOWN	at	205737  
206700	[963]	:	Respose to catch Q at trial 17: 205.743000
206700	[0]	:	RT and choice to catch Q at trial 17: 1.043000, 30
206725	[25]	:	Fixation at trial 18: 206.705000
207247	[522]	:	Object at trial 18: 207.227000
210770	[3523]	:	Fixation at trial 18: 210.750000
211292	[522]	:	Catch Stim at trial 18: 211.272000
214817	[3525]	:	Catch Q at trial 18: 211.272000
215847	[1030]	:	Key	28	DOWN	at	215847  
216797	[950]	:	Respose to catch Q at trial 18: 215.853000
216798	[1]	:	RT and choice to catch Q at trial 18: 1.056000, 28
216822	[24]	:	Fixation at trial 19: 216.802000
217344	[522]	:	Object at trial 19: 217.324000
220867	[3523]	:	Fixation at trial 19: 220.847000
221388	[521]	:	Catch Stim at trial 19: 221.368000
224913	[3525]	:	Catch Q at trial 19: 221.368000
225763	[850]	:	Key	30	DOWN	at	225763  
226893	[1130]	:	Respose to catch Q at trial 19: 225.769000
226893	[0]	:	RT and choice to catch Q at trial 19: 0.876000, 30
226918	[25]	:	Fixation at trial 20: 226.898000
227440	[522]	:	Object at trial 20: 227.420000
230963	[3523]	:	Fixation at trial 20: 230.943000
231485	[522]	:	Catch Stim at trial 20: 231.465000
235010	[3525]	:	Catch Q at trial 20: 231.465000
237034	[2024]	:	Respose to catch Q at trial 20: 236.514000
237035	[1]	:	RT and choice to catch Q at trial 20: 1.524000, 0
237066	[31]	:	Fixation at trial 21: 237.046000
237588	[522]	:	Object at trial 21: 237.568000
241111	[3523]	:	Fixation at trial 21: 241.091000
241632	[521]	:	Catch Stim at trial 21: 241.612000
245160	[3528]	:	Catch Q at trial 21: 241.612000
246099	[939]	:	Key	28	DOWN	at	246099  
247140	[1041]	:	Respose to catch Q at trial 21: 246.107000
247140	[0]	:	RT and choice to catch Q at trial 21: 0.967000, 28
247165	[25]	:	Fixation at trial 22: 247.145000
247687	[522]	:	Object at trial 22: 247.667000
251210	[3523]	:	Fixation at trial 22: 251.190000
251731	[521]	:	Catch Stim at trial 22: 251.711000
255257	[3526]	:	Catch Q at trial 22: 251.711000
256140	[883]	:	Key	28	DOWN	at	256140  
257237	[1097]	:	Respose to catch Q at trial 22: 256.146000
257237	[0]	:	RT and choice to catch Q at trial 22: 0.909000, 28
257262	[25]	:	Fixation at trial 23: 257.242000
257784	[522]	:	Object at trial 23: 257.764000
261307	[3523]	:	Fixation at trial 23: 261.287000
261829	[522]	:	Catch Stim at trial 23: 261.808000
265354	[3525]	:	Catch Q at trial 23: 261.808000
266190	[836]	:	Key	30	DOWN	at	266190  
267334	[1144]	:	Respose to catch Q at trial 23: 266.196000
267334	[0]	:	RT and choice to catch Q at trial 23: 0.862000, 30
267359	[25]	:	Fixation at trial 24: 267.339000
267881	[522]	:	Object at trial 24: 267.861000
271404	[3523]	:	Fixation at trial 24: 271.384000
271925	[521]	:	Catch Stim at trial 24: 271.905000
275450	[3525]	:	Catch Q at trial 24: 271.905000
277474	[2024]	:	Respose to catch Q at trial 24: 276.954000
277475	[1]	:	RT and choice to catch Q at trial 24: 1.524000, 0
277504	[29]	:	Fixation at trial 25: 277.484000
278026	[522]	:	Object at trial 25: 278.006000
281549	[3523]	:	Fixation at trial 25: 281.529000
282071	[522]	:	Catch Stim at trial 25: 282.051000
285597	[3526]	:	Catch Q at trial 25: 282.051000
286496	[899]	:	Key	30	DOWN	at	286496  
287577	[1081]	:	Respose to catch Q at trial 25: 286.502000
287578	[1]	:	RT and choice to catch Q at trial 25: 0.925000, 30
287602	[24]	:	Fixation at trial 26: 287.582000
288124	[522]	:	Object at trial 26: 288.104000
291647	[3523]	:	Fixation at trial 26: 291.627000
292168	[521]	:	Catch Stim at trial 26: 292.148000
295693	[3525]	:	Catch Q at trial 26: 292.148000
296447	[754]	:	Key	28	DOWN	at	296447  
297673	[1226]	:	Respose to catch Q at trial 26: 296.452000
297673	[0]	:	RT and choice to catch Q at trial 26: 0.779000, 28
297698	[25]	:	Fixation at trial 27: 297.678000
298221	[523]	:	Object at trial 27: 298.201000
301744	[3523]	:	Fixation at trial 27: 301.724000
302265	[521]	:	Catch Stim at trial 27: 302.245000
305790	[3525]	:	Catch Q at trial 27: 302.245000
306768	[978]	:	Key	30	DOWN	at	306768  
307770	[1002]	:	Respose to catch Q at trial 27: 306.774000
307770	[0]	:	RT and choice to catch Q at trial 27: 1.004000, 30
307795	[25]	:	Fixation at trial 28: 307.775000
308317	[522]	:	Object at trial 28: 308.297000
311840	[3523]	:	Fixation at trial 28: 311.820000
312362	[522]	:	Catch Stim at trial 28: 312.342000
315887	[3525]	:	Catch Q at trial 28: 312.342000
316663	[776]	:	Key	30	DOWN	at	316663  
317867	[1204]	:	Respose to catch Q at trial 28: 316.669000
317868	[1]	:	RT and choice to catch Q at trial 28: 0.802000, 30
317895	[27]	:	Fixation at trial 29: 317.875000
318417	[522]	:	Object at trial 29: 318.397000
321940	[3523]	:	Fixation at trial 29: 321.920000
322462	[522]	:	Catch Stim at trial 29: 322.442000
325987	[3525]	:	Catch Q at trial 29: 322.442000
326659	[672]	:	Key	30	DOWN	at	326659  
327967	[1308]	:	Respose to catch Q at trial 29: 326.665000
327967	[0]	:	RT and choice to catch Q at trial 29: 0.698000, 30
327992	[25]	:	Fixation at trial 30: 327.972000
328514	[522]	:	Object at trial 30: 328.494000
332037	[3523]	:	Fixation at trial 30: 332.017000
332559	[522]	:	Catch Stim at trial 30: 332.539000
336084	[3525]	:	Catch Q at trial 30: 332.539000
336804	[720]	:	Key	30	DOWN	at	336804  
338064	[1260]	:	Respose to catch Q at trial 30: 336.810000
338064	[0]	:	RT and choice to catch Q at trial 30: 0.746000, 30
338089	[25]	:	Fixation at trial 31: 338.069000
338612	[523]	:	Object at trial 31: 338.592000
342135	[3523]	:	Fixation at trial 31: 342.115000
342657	[522]	:	Catch Stim at trial 31: 342.637000
346182	[3525]	:	Catch Q at trial 31: 342.637000
347000	[818]	:	Key	28	DOWN	at	347000  
348162	[1162]	:	Respose to catch Q at trial 31: 347.006000
348162	[0]	:	RT and choice to catch Q at trial 31: 0.844000, 28
348187	[25]	:	Fixation at trial 32: 348.167000
348709	[522]	:	Object at trial 32: 348.689000
352232	[3523]	:	Fixation at trial 32: 352.212000
352753	[521]	:	Catch Stim at trial 32: 352.733000
356278	[3525]	:	Catch Q at trial 32: 352.733000
357150	[872]	:	Key	30	DOWN	at	357150  
358258	[1108]	:	Respose to catch Q at trial 32: 357.156000
358258	[0]	:	RT and choice to catch Q at trial 32: 0.898000, 30
358283	[25]	:	Fixation at trial 33: 358.263000
358805	[522]	:	Object at trial 33: 358.785000
362328	[3523]	:	Fixation at trial 33: 362.308000
362850	[522]	:	Catch Stim at trial 33: 362.830000
366375	[3525]	:	Catch Q at trial 33: 362.830000
367096	[721]	:	Key	30	DOWN	at	367096  
368355	[1259]	:	Respose to catch Q at trial 33: 367.102000
368355	[0]	:	RT and choice to catch Q at trial 33: 0.747000, 30
368380	[25]	:	Fixation at trial 34: 368.360000
368902	[522]	:	Object at trial 34: 368.882000
372425	[3523]	:	Fixation at trial 34: 372.405000
372946	[521]	:	Catch Stim at trial 34: 372.926000
376471	[3525]	:	Catch Q at trial 34: 372.926000
377087	[616]	:	Key	30	DOWN	at	377087  
378451	[1364]	:	Respose to catch Q at trial 34: 377.093000
378451	[0]	:	RT and choice to catch Q at trial 34: 0.642000, 30
378476	[25]	:	Fixation at trial 35: 378.456000
378998	[522]	:	Object at trial 35: 378.978000
382521	[3523]	:	Fixation at trial 35: 382.501000
383043	[522]	:	Catch Stim at trial 35: 383.023000
386568	[3525]	:	Catch Q at trial 35: 383.023000
387687	[1119]	:	Key	28	DOWN	at	387687  
388548	[861]	:	Respose to catch Q at trial 35: 387.693000
388548	[0]	:	RT and choice to catch Q at trial 35: 1.145000, 28
388572	[24]	:	Fixation at trial 36: 388.552000
389094	[522]	:	Object at trial 36: 389.074000
392617	[3523]	:	Fixation at trial 36: 392.597000
393139	[522]	:	Catch Stim at trial 36: 393.119000
396664	[3525]	:	Catch Q at trial 36: 393.119000
398688	[2024]	:	Respose to catch Q at trial 36: 398.168000
398689	[1]	:	RT and choice to catch Q at trial 36: 1.524000, 0
398717	[28]	:	Fixation at trial 37: 398.697000
399239	[522]	:	Object at trial 37: 399.219000
402762	[3523]	:	Fixation at trial 37: 402.742000
403283	[521]	:	Catch Stim at trial 37: 403.263000
406809	[3526]	:	Catch Q at trial 37: 403.263000
407508	[699]	:	Key	30	DOWN	at	407508  
408789	[1281]	:	Respose to catch Q at trial 37: 407.513000
408790	[1]	:	RT and choice to catch Q at trial 37: 0.724000, 30
408814	[24]	:	Fixation at trial 38: 408.794000
409336	[522]	:	Object at trial 38: 409.316000
412859	[3523]	:	Fixation at trial 38: 412.839000
413380	[521]	:	Catch Stim at trial 38: 413.360000
416905	[3525]	:	Catch Q at trial 38: 413.360000
417989	[1084]	:	Key	28	DOWN	at	417989  
418885	[896]	:	Respose to catch Q at trial 38: 417.995000
418885	[0]	:	RT and choice to catch Q at trial 38: 1.110000, 28
418910	[25]	:	Fixation at trial 39: 418.890000
419432	[522]	:	Object at trial 39: 419.412000
422955	[3523]	:	Fixation at trial 39: 422.935000
423476	[521]	:	Catch Stim at trial 39: 423.456000
427001	[3525]	:	Catch Q at trial 39: 423.456000
427829	[828]	:	Key	30	DOWN	at	427829  
428981	[1152]	:	Respose to catch Q at trial 39: 427.835000
428981	[0]	:	RT and choice to catch Q at trial 39: 0.854000, 30
429006	[25]	:	Fixation at trial 40: 428.986000
429528	[522]	:	Object at trial 40: 429.508000
433051	[3523]	:	Fixation at trial 40: 433.031000
433573	[522]	:	Catch Stim at trial 40: 433.553000
437098	[3525]	:	Catch Q at trial 40: 433.553000
437925	[827]	:	Key	28	DOWN	at	437925  
439078	[1153]	:	Respose to catch Q at trial 40: 437.931000
439078	[0]	:	RT and choice to catch Q at trial 40: 0.853000, 28
439103	[25]	:	Fixation at trial 41: 439.083000
439625	[522]	:	Object at trial 41: 439.605000
443148	[3523]	:	Fixation at trial 41: 443.128000
443670	[522]	:	Catch Stim at trial 41: 443.650000
447195	[3525]	:	Catch Q at tr