Cog2000 log file Wed Oct 16 13:23:50 2019
gprim v1.29 Compiled:Feb  1 2010 (GLib DirectDraw v7 DX10.0 Compiled:Feb  1 2010)
Display:1024x768x32 59.81Hz
CogInput v1.05 Compiled: May 20 2010
0	[0]	:	COGENT START
1558	[1558]	:	Key	30	DOWN	at	1558    
1833	[275]	:	Key	30	UP	at	1833    
2948	[1115]	:	Key	28	DOWN	at	2948    
3133	[185]	:	Key	28	UP	at	3133    
21644	[18511]	:	Key	71	DOWN	at	21644   
21700	[56]	:	Fixation at trial 1: 21.680000
22226	[526]	:	Object at trial 1: 22.206000
25749	[3523]	:	Fixation at trial 1: 25.729000
26274	[525]	:	Catch Stim at trial 1: 26.254000
29802	[3528]	:	Catch Q at trial 1: 26.254000
30799	[997]	:	Key	28	DOWN	at	30799   
31782	[983]	:	Respose to catch Q at trial 1: 30.806000
31783	[1]	:	RT and choice to catch Q at trial 1: 1.024000, 28
31811	[28]	:	Fixation at trial 2: 31.791000
32333	[522]	:	Object at trial 2: 32.313000
35855	[3522]	:	Fixation at trial 2: 35.835000
36377	[522]	:	Catch Stim at trial 2: 36.357000
39902	[3525]	:	Catch Q at trial 2: 36.357000
41035	[1133]	:	Key	28	DOWN	at	41035   
41882	[847]	:	Respose to catch Q at trial 2: 41.041000
41882	[0]	:	RT and choice to catch Q at trial 2: 1.159000, 28
41911	[29]	:	Fixation at trial 3: 41.891000
42433	[522]	:	Object at trial 3: 42.413000
45956	[3523]	:	Fixation at trial 3: 45.936000
46478	[522]	:	Catch Stim at trial 3: 46.458000
50003	[3525]	:	Catch Q at trial 3: 46.458000
50855	[852]	:	Key	28	DOWN	at	50855   
51983	[1128]	:	Respose to catch Q at trial 3: 50.861000
51983	[0]	:	RT and choice to catch Q at trial 3: 0.878000, 28
52008	[25]	:	Fixation at trial 4: 51.988000
52530	[522]	:	Object at trial 4: 52.510000
56053	[3523]	:	Fixation at trial 4: 56.033000
56575	[522]	:	Catch Stim at trial 4: 56.555000
60100	[3525]	:	Catch Q at trial 4: 56.555000
60831	[731]	:	Key	30	DOWN	at	60831   
62080	[1249]	:	Respose to catch Q at trial 4: 60.837000
62080	[0]	:	RT and choice to catch Q at trial 4: 0.757000, 30
62105	[25]	:	Fixation at trial 5: 62.085000
62627	[522]	:	Object at trial 5: 62.607000
66150	[3523]	:	Fixation at trial 5: 66.130000
66672	[522]	:	Catch Stim at trial 5: 66.652000
70197	[3525]	:	Catch Q at trial 5: 66.652000
70791	[594]	:	Key	30	DOWN	at	70791   
72177	[1386]	:	Respose to catch Q at trial 5: 70.797000
72177	[0]	:	RT and choice to catch Q at trial 5: 0.620000, 30
72202	[25]	:	Fixation at trial 6: 72.182000
72724	[522]	:	Object at trial 6: 72.704000
76247	[3523]	:	Fixation at trial 6: 76.227000
76769	[522]	:	Catch Stim at trial 6: 76.749000
80294	[3525]	:	Catch Q at trial 6: 76.749000
81147	[853]	:	Key	30	DOWN	at	81147   
82274	[1127]	:	Respose to catch Q at trial 6: 81.152000
82274	[0]	:	RT and choice to catch Q at trial 6: 0.878000, 30
82299	[25]	:	Fixation at trial 7: 82.279000
82821	[522]	:	Object at trial 7: 82.801000
86344	[3523]	:	Fixation at trial 7: 86.324000
86866	[522]	:	Catch Stim at trial 7: 86.846000
90392	[3526]	:	Catch Q at trial 7: 86.846000
91853	[1461]	:	Key	28	DOWN	at	91853   
92372	[519]	:	Respose to catch Q at trial 7: 91.859000
92372	[0]	:	RT and choice to catch Q at trial 7: 1.487000, 28
92397	[25]	:	Fixation at trial 8: 92.377000
92919	[522]	:	Object at trial 8: 92.899000
96442	[3523]	:	Fixation at trial 8: 96.422000
96964	[522]	:	Catch Stim at trial 8: 96.944000
100490	[3526]	:	Catch Q at trial 8: 96.944000
100978	[488]	:	Key	30	DOWN	at	100978  
102470	[1492]	:	Respose to catch Q at trial 8: 100.983000
102471	[1]	:	RT and choice to catch Q at trial 8: 0.513000, 30
102495	[24]	:	Fixation at trial 9: 102.475000
103018	[523]	:	Object at trial 9: 102.998000
106541	[3523]	:	Fixation at trial 9: 106.521000
107063	[522]	:	Catch Stim at trial 9: 107.043000
110588	[3525]	:	Catch Q at trial 9: 107.043000
111804	[1216]	:	Key	30	DOWN	at	111804  
112568	[764]	:	Respose to catch Q at trial 9: 111.810000
112568	[0]	:	RT and choice to catch Q at trial 9: 1.242000, 30
112593	[25]	:	Fixation at trial 10: 112.573000
113115	[522]	:	Object at trial 10: 113.095000
116638	[3523]	:	Fixation at trial 10: 116.618000
117160	[522]	:	Catch Stim at trial 10: 117.140000
120685	[3525]	:	Catch Q at trial 10: 117.140000
121404	[719]	:	Key	28	DOWN	at	121404  
122665	[1261]	:	Respose to catch Q at trial 10: 121.410000
122665	[0]	:	RT and choice to catch Q at trial 10: 0.745000, 28
122690	[25]	:	Fixation at trial 11: 122.670000
123212	[522]	:	Object at trial 11: 123.192000
126735	[3523]	:	Fixation at trial 11: 126.715000
127262	[527]	:	Catch Stim at trial 11: 127.242000
130787	[3525]	:	Catch Q at trial 11: 127.242000
131667	[880]	:	Key	30	DOWN	at	131667  
132767	[1100]	:	Respose to catch Q at trial 11: 131.672000
132767	[0]	:	RT and choice to catch Q at trial 11: 0.905000, 30
132791	[24]	:	Fixation at trial 12: 132.771000
133313	[522]	:	Object at trial 12: 133.293000
136836	[3523]	:	Fixation at trial 12: 136.816000
137358	[522]	:	Catch Stim at trial 12: 137.338000
140883	[3525]	:	Catch Q at trial 12: 137.338000
142273	[1390]	:	Key	30	DOWN	at	142273  
142863	[590]	:	Respose to catch Q at trial 12: 142.279000
142863	[0]	:	RT and choice to catch Q at trial 12: 1.416000, 30
142888	[25]	:	Fixation at trial 13: 142.868000
143410	[522]	:	Object at trial 13: 143.390000
146933	[3523]	:	Fixation at trial 13: 146.913000
147454	[521]	:	Catch Stim at trial 13: 147.434000
150979	[3525]	:	Catch Q at trial 13: 147.434000
151713	[734]	:	Key	30	DOWN	at	151713  
152959	[1246]	:	Respose to catch Q at trial 13: 151.719000
152959	[0]	:	RT and choice to catch Q at trial 13: 0.760000, 30
152984	[25]	:	Fixation at trial 14: 152.964000
153506	[522]	:	Object at trial 14: 153.486000
157029	[3523]	:	Fixation at trial 14: 157.009000
157551	[522]	:	Catch Stim at trial 14: 157.531000
161076	[3525]	:	Catch Q at trial 14: 157.531000
162054	[978]	:	Key	30	DOWN	at	162054  
163056	[1002]	:	Respose to catch Q at trial 14: 162.060000
163056	[0]	:	RT and choice to catch Q at trial 14: 1.004000, 30
163081	[25]	:	Fixation at trial 15: 163.061000
163603	[522]	:	Object at trial 15: 163.583000
167126	[3523]	:	Fixation at trial 15: 167.106000
167648	[522]	:	Catch Stim at trial 15: 167.628000
171173	[3525]	:	Catch Q at trial 15: 167.628000
172529	[1356]	:	Key	30	DOWN	at	172529  
173153	[624]	:	Respose to catch Q at trial 15: 172.535000
173153	[0]	:	RT and choice to catch Q at trial 15: 1.382000, 30
173178	[25]	:	Fixation at trial 16: 173.158000
173700	[522]	:	Object at trial 16: 173.680000
177223	[3523]	:	Fixation at trial 16: 177.203000
177745	[522]	:	Catch Stim at trial 16: 177.725000
181271	[3526]	:	Catch Q at trial 16: 177.725000
182175	[904]	:	Key	28	DOWN	at	182175  
183251	[1076]	:	Respose to catch Q at trial 16: 182.180000
183251	[0]	:	RT and choice to catch Q at trial 16: 0.929000, 28
183276	[25]	:	Fixation at trial 17: 183.256000
183799	[523]	:	Object at trial 17: 183.779000
187322	[3523]	:	Fixation at trial 17: 187.302000
187845	[523]	:	Catch Stim at trial 17: 187.825000
191370	[3525]	:	Catch Q at trial 17: 187.825000
192300	[930]	:	Key	30	DOWN	at	192300  
193350	[1050]	:	Respose to catch Q at trial 17: 192.305000
193350	[0]	:	RT and choice to catch Q at trial 17: 0.955000, 30
193375	[25]	:	Fixation at trial 18: 193.355000
193897	[522]	:	Object at trial 18: 193.877000
197420	[3523]	:	Fixation at trial 18: 197.400000
197942	[522]	:	Catch Stim at trial 18: 197.922000
201467	[3525]	:	Catch Q at trial 18: 197.922000
202621	[1154]	:	Key	30	DOWN	at	202621  
203447	[826]	:	Respose to catch Q at trial 18: 202.627000
203447	[0]	:	RT and choice to catch Q at trial 18: 1.180000, 30
203472	[25]	:	Fixation at trial 19: 203.452000
203994	[522]	:	Object at trial 19: 203.974000
207517	[3523]	:	Fixation at trial 19: 207.497000
208039	[522]	:	Catch Stim at trial 19: 208.019000
211564	[3525]	:	Catch Q at trial 19: 208.019000
212227	[663]	:	Key	30	DOWN	at	212227  
213544	[1317]	:	Respose to catch Q at trial 19: 212.233000
213544	[0]	:	RT and choice to catch Q at trial 19: 0.689000, 30
213569	[25]	:	Fixation at trial 20: 213.549000
214091	[522]	:	Object at trial 20: 214.071000
217614	[3523]	:	Fixation at trial 20: 217.594000
218136	[522]	:	Catch Stim at trial 20: 218.116000
221661	[3525]	:	Catch Q at trial 20: 218.116000
222717	[1056]	:	Key	28	DOWN	at	222717  
223641	[924]	:	Respose to catch Q at trial 20: 222.723000
223642	[1]	:	RT and choice to catch Q at trial 20: 1.082000, 28
223666	[24]	:	Fixation at trial 21: 223.646000
224188	[522]	:	Object at trial 21: 224.168000
227711	[3523]	:	Fixation at trial 21: 227.691000
228232	[521]	:	Catch Stim at trial 21: 228.212000
231757	[3525]	:	Catch Q at trial 21: 228.212000
233113	[1356]	:	Key	28	DOWN	at	233113  
233737	[624]	:	Respose to catch Q at trial 21: 233.119000
233737	[0]	:	RT and choice to catch Q at trial 21: 1.382000, 28
233762	[25]	:	Fixation at trial 22: 233.742000
234284	[522]	:	Object at trial 22: 234.264000
237807	[3523]	:	Fixation at trial 22: 237.787000
238329	[522]	:	Catch Stim at trial 22: 238.309000
241854	[3525]	:	Catch Q at trial 22: 238.309000
242838	[984]	:	Key	28	DOWN	at	242838  
243834	[996]	:	Respose to catch Q at trial 22: 242.844000
243835	[1]	:	RT and choice to catch Q at trial 22: 1.010000, 28
243859	[24]	:	Fixation at trial 23: 243.839000
244381	[522]	:	Object at trial 23: 244.361000
247904	[3523]	:	Fixation at trial 23: 247.884000
248426	[522]	:	Catch Stim at trial 23: 248.406000
251951	[3525]	:	Catch Q at trial 23: 248.406000
253389	[1438]	:	Key	28	DOWN	at	253389  
253931	[542]	:	Respose to catch Q at trial 23: 253.395000
253931	[0]	:	RT and choice to catch Q at trial 23: 1.464000, 28
253956	[25]	:	Fixation at trial 24: 253.936000
254478	[522]	:	Object at trial 24: 254.458000
258002	[3524]	:	Fixation at trial 24: 257.981000
258524	[522]	:	Catch Stim at trial 24: 258.504000
262050	[3526]	:	Catch Q at trial 24: 258.504000
262874	[824]	:	Key	28	DOWN	at	262874  
264030	[1156]	:	Respose to catch Q at trial 24: 262.880000
264030	[0]	:	RT and choice to catch Q at trial 24: 0.850000, 28
264054	[24]	:	Fixation at trial 25: 264.034000
264576	[522]	:	Object at trial 25: 264.556000
268099	[3523]	:	Fixation at trial 25: 268.079000
268621	[522]	:	Catch Stim at trial 25: 268.601000
272146	[3525]	:	Catch Q at trial 25: 268.601000
273120	[974]	:	Key	30	DOWN	at	273120  
274126	[1006]	:	Respose to catch Q at trial 25: 273.126000
274126	[0]	:	RT and choice to catch Q at trial 25: 1.000000, 30
274151	[25]	:	Fixation at trial 26: 274.131000
274674	[523]	:	Object at trial 26: 274.654000
278197	[3523]	:	Fixation at trial 26: 278.177000
278718	[521]	:	Catch Stim at trial 26: 278.698000
282243	[3525]	:	Catch Q at trial 26: 278.698000
283016	[773]	:	Key	30	DOWN	at	283016  
284223	[1207]	:	Respose to catch Q at trial 26: 283.022000
284223	[0]	:	RT and choice to catch Q at trial 26: 0.799000, 30
284248	[25]	:	Fixation at trial 27: 284.228000
284770	[522]	:	Object at trial 27: 284.750000
288293	[3523]	:	Fixation at trial 27: 288.273000
288814	[521]	:	Catch Stim at trial 27: 288.794000
292339	[3525]	:	Catch Q at trial 27: 288.794000
294363	[2024]	:	Respose to catch Q at trial 27: 293.843000
294364	[1]	:	RT and choice to catch Q at trial 27: 1.524000, 0
294394	[30]	:	Fixation at trial 28: 294.374000
294916	[522]	:	Object at trial 28: 294.896000
298440	[3524]	:	Fixation at trial 28: 298.420000
298964	[524]	:	Catch Stim at trial 28: 298.944000
302492	[3528]	:	Catch Q at trial 28: 298.944000
303487	[995]	:	Key	28	DOWN	at	303487  
304472	[985]	:	Respose to catch Q at trial 28: 303.493000
304472	[0]	:	RT and choice to catch Q at trial 28: 1.021000, 28
304497	[25]	:	Fixation at trial 29: 304.477000
305019	[522]	:	Object at trial 29: 304.999000
308542	[3523]	:	Fixation at trial 29: 308.522000
309063	[521]	:	Catch Stim at trial 29: 309.043000
312588	[3525]	:	Catch Q at trial 29: 309.043000
313432	[844]	:	Key	30	DOWN	at	313432  
314568	[1136]	:	Respose to catch Q at trial 29: 313.438000
314568	[0]	:	RT and choice to catch Q at trial 29: 0.870000, 30
314593	[25]	:	Fixation at trial 30: 314.573000
315115	[522]	:	Object at trial 30: 315.095000
318638	[3523]	:	Fixation at trial 30: 318.618000
319160	[522]	:	Catch Stim at trial 30: 319.140000
322685	[3525]	:	Catch Q at trial 30: 319.140000
323553	[868]	:	Key	28	DOWN	at	323553  
324665	[1112]	:	Respose to catch Q at trial 30: 323.558000
324665	[0]	:	RT and choice to catch Q at trial 30: 0.893000, 28
324690	[25]	:	Fixation at trial 31: 324.670000
325212	[522]	:	Object at trial 31: 325.192000
328735	[3523]	:	Fixation at trial 31: 328.715000
329257	[522]	:	Catch Stim at trial 31: 329.237000
332782	[3525]	:	Catch Q at trial 31: 329.237000
333504	[722]	:	Key	30	DOWN	at	333504  
334762	[1258]	:	Respose to catch Q at trial 31: 333.509000
334762	[0]	:	RT and choice to catch Q at trial 31: 0.747000, 30
334787	[25]	:	Fixation at trial 32: 334.767000
335309	[522]	:	Object at trial 32: 335.289000
338832	[3523]	:	Fixation at trial 32: 338.812000
339353	[521]	:	Catch Stim at trial 32: 339.333000
342878	[3525]	:	Catch Q at trial 32: 339.333000
344189	[1311]	:	Key	30	DOWN	at	344189  
344858	[669]	:	Respose to catch Q at trial 32: 344.195000
344858	[0]	:	RT and choice to catch Q at trial 32: 1.337000, 30
344883	[25]	:	Fixation at trial 33: 344.863000
345405	[522]	:	Object at trial 33: 345.385000
348928	[3523]	:	Fixation at trial 33: 348.908000
349450	[522]	:	Catch Stim at trial 33: 349.430000
352975	[3525]	:	Catch Q at trial 33: 349.430000
354180	[1205]	:	Key	30	DOWN	at	354180  
354955	[775]	:	Respose to catch Q at trial 33: 354.186000
354955	[0]	:	RT and choice to catch Q at trial 33: 1.231000, 30
354980	[25]	:	Fixation at trial 34: 354.960000
355502	[522]	:	Object at trial 34: 355.482000
359025	[3523]	:	Fixation at trial 34: 359.005000
359547	[522]	:	Catch Stim at trial 34: 359.527000
363072	[3525]	:	Catch Q at trial 34: 359.527000
364240	[1168]	:	Key	30	DOWN	at	364240  
365052	[812]	:	Respose to catch Q at trial 34: 364.246000
365052	[0]	:	RT and choice to catch Q at trial 34: 1.194000, 30
365077	[25]	:	Fixation at trial 35: 365.057000
365599	[522]	:	Object at trial 35: 365.579000
369122	[3523]	:	Fixation at trial 35: 369.102000
369643	[521]	:	Catch Stim at trial 35: 369.623000
373168	[3525]	:	Catch Q at trial 35: 369.623000
375192	[2024]	:	Respose to catch Q at trial 35: 374.672000
375193	[1]	:	RT and choice to catch Q at trial 35: 1.524000, 0
375222	[29]	:	Fixation at trial 36: 375.202000
375744	[522]	:	Object at trial 36: 375.724000
379267	[3523]	:	Fixation at trial 36: 379.247000
379791	[524]	:	Catch Stim at trial 36: 379.771000
383319	[3528]	:	Catch Q at trial 36: 379.771000
384251	[932]	:	Key	28	DOWN	at	384251  
385299	[1048]	:	Respose to catch Q at trial 36: 384.257000
385299	[0]	:	RT and choice to catch Q at trial 36: 0.958000, 28
385324	[25]	:	Fixation at trial 37: 385.304000
385847	[523]	:	Object at trial 37: 385.827000
389370	[3523]	:	Fixation at trial 37: 389.350000
389891	[521]	:	Catch Stim at trial 37: 389.871000
393416	[3525]	:	Catch Q at trial 37: 389.871000
395440	[2024]	:	Respose to catch Q at trial 37: 394.920000
395441	[1]	:	RT and choice to catch Q at trial 37: 1.524000, 0
395468	[27]	:	Fixation at trial 38: 395.448000
395990	[522]	:	Object at trial 38: 395.970000
399513	[3523]	:	Fixation at trial 38: 399.493000
400037	[524]	:	Catch Stim at trial 38: 400.017000
403564	[3527]	:	Catch Q at trial 38: 400.017000
404138	[574]	:	Key	30	DOWN	at	404138  
405544	[1406]	:	Respose to catch Q at trial 38: 404.143000
405544	[0]	:	RT and choice to catch Q at trial 38: 0.599000, 30
405569	[25]	:	Fixation at trial 39: 405.549000
406091	[522]	:	Object at trial 39: 406.071000
409614	[3523]	:	Fixation at trial 39: 409.594000
410135	[521]	:	Catch Stim at trial 39: 410.115000
413660	[3525]	:	Catch Q at trial 39: 410.115000
414793	[1133]	:	Key	28	DOWN	at	414793  
415640	[847]	:	Respose to catch Q at trial 39: 414.799000
415640	[0]	:	RT and choice to catch Q at trial 39: 1.159000, 28
415665	[25]	:	Fixation at trial 40: 415.645000
416187	[522]	:	Object at trial 40: 416.167000
419710	[3523]	:	Fixation at trial 40: 419.690000
420231	[521]	:	Catch Stim at trial 40: 420.211000
423756	[3525]	:	Catch Q at trial 40: 420.211000
424334	[578]	:	Key	30	DOWN	at	424334  
425736	[1402]	:	Respose to catch Q at trial 40: 424.340000
425736	[0]	:	RT and choice to catch Q at trial 40: 0.604000, 30
425761	[25]	:	Fixation at trial 41: 425.741000
426283	[522]	:	Object at trial 41: 426.263000
429806	[3523]	:	Fixation at trial 41: 429.786000
430327	[521]	:	Catch Stim at trial 41: 430.307000
433852	[3