Cog2000 log file Wed Aug 07 12:59:14 2019
gprim v1.29 Compiled:Feb  1 2010 (GLib DirectDraw v7 DX10.0 Compiled:Feb  1 2010)
Display:1024x768x32 59.84Hz
CogInput v1.05 Compiled: May 20 2010
0	[0]	:	COGENT START
1176	[1176]	:	Key	31	DOWN	at	1176    
1184	[8]	:	Key	31	UP	at	1181    
2036	[852]	:	Key	28	DOWN	at	2036    
2045	[9]	:	Key	28	UP	at	2041    
33248	[31203]	:	Key	71	DOWN	at	33248   
33313	[65]	:	Fixation at trial 1: 33.291000
33851	[538]	:	Object at trial 1: 33.830000
37379	[3528]	:	Fixation at trial 1: 37.358000
37911	[532]	:	Catch Stim at trial 1: 37.890000
41445	[3534]	:	Catch Q at trial 1: 37.890000
43478	[2033]	:	Respose to catch Q at trial 1: 42.955000
43480	[2]	:	RT and choice to catch Q at trial 1: 1.531000, 0
43532	[52]	:	Fixation at trial 2: 43.511000
44056	[524]	:	Object at trial 2: 44.036000
47579	[3523]	:	Fixation at trial 2: 47.559000
48105	[526]	:	Catch Stim at trial 2: 48.085000
51632	[3527]	:	Catch Q at trial 2: 48.085000
52609	[977]	:	Key	28	DOWN	at	52609   
52610	[1]	:	Key	28	UP	at	52609   
53615	[1005]	:	Respose to catch Q at trial 2: 52.620000
53616	[1]	:	RT and choice to catch Q at trial 2: 1.008000, 28
53664	[48]	:	Fixation at trial 3: 53.644000
54186	[522]	:	Object at trial 3: 54.166000
57709	[3523]	:	Fixation at trial 3: 57.689000
58231	[522]	:	Catch Stim at trial 3: 58.211000
61756	[3525]	:	Catch Q at trial 3: 58.211000
62580	[824]	:	Key	31	DOWN	at	62580   
63738	[1158]	:	Respose to catch Q at trial 3: 62.587000
63739	[1]	:	RT and choice to catch Q at trial 3: 0.851000, 31
63778	[39]	:	Fixation at trial 4: 63.758000
64300	[522]	:	Object at trial 4: 64.280000
67823	[3523]	:	Fixation at trial 4: 67.803000
68346	[523]	:	Catch Stim at trial 4: 68.326000
71871	[3525]	:	Catch Q at trial 4: 68.326000
73180	[1309]	:	Key	31	DOWN	at	73180   
73181	[1]	:	Key	31	UP	at	73180   
73851	[670]	:	Respose to catch Q at trial 4: 73.186000
73851	[0]	:	RT and choice to catch Q at trial 4: 1.335000, 31
73878	[27]	:	Fixation at trial 5: 73.858000
74400	[522]	:	Object at trial 5: 74.380000
77923	[3523]	:	Fixation at trial 5: 77.903000
78445	[522]	:	Catch Stim at trial 5: 78.425000
81970	[3525]	:	Catch Q at trial 5: 78.425000
82931	[961]	:	Key	28	DOWN	at	82931   
83950	[1019]	:	Respose to catch Q at trial 5: 82.937000
83950	[0]	:	RT and choice to catch Q at trial 5: 0.987000, 28
83978	[28]	:	Fixation at trial 6: 83.958000
84501	[523]	:	Object at trial 6: 84.481000
88024	[3523]	:	Fixation at trial 6: 88.004000
88546	[522]	:	Catch Stim at trial 6: 88.526000
92071	[3525]	:	Catch Q at trial 6: 88.526000
92606	[535]	:	Key	31	DOWN	at	92606   
92606	[0]	:	Key	31	UP	at	92606   
94051	[1445]	:	Respose to catch Q at trial 6: 92.613000
94052	[1]	:	RT and choice to catch Q at trial 6: 0.562000, 31
94078	[26]	:	Fixation at trial 7: 94.058000
94600	[522]	:	Object at trial 7: 94.580000
98123	[3523]	:	Fixation at trial 7: 98.103000
98646	[523]	:	Catch Stim at trial 7: 98.626000
102171	[3525]	:	Catch Q at trial 7: 98.626000
103007	[836]	:	Key	28	DOWN	at	103007  
103008	[1]	:	Key	28	UP	at	103007  
104151	[1143]	:	Respose to catch Q at trial 7: 103.013000
104152	[1]	:	RT and choice to catch Q at trial 7: 0.862000, 28
104177	[25]	:	Fixation at trial 8: 104.157000
104699	[522]	:	Object at trial 8: 104.679000
108222	[3523]	:	Fixation at trial 8: 108.202000
108745	[523]	:	Catch Stim at trial 8: 108.725000
112271	[3526]	:	Catch Q at trial 8: 108.725000
113043	[772]	:	Key	28	DOWN	at	113043  
113044	[1]	:	Key	28	UP	at	113043  
114251	[1207]	:	Respose to catch Q at trial 8: 113.050000
114252	[1]	:	RT and choice to catch Q at trial 8: 0.799000, 28
114277	[25]	:	Fixation at trial 9: 114.257000
114800	[523]	:	Object at trial 9: 114.780000
118323	[3523]	:	Fixation at trial 9: 118.303000
118846	[523]	:	Catch Stim at trial 9: 118.826000
122371	[3525]	:	Catch Q at trial 9: 118.826000
123443	[1072]	:	Key	31	DOWN	at	123443  
123444	[1]	:	Key	31	UP	at	123443  
124351	[907]	:	Respose to catch Q at trial 9: 123.449000
124352	[1]	:	RT and choice to catch Q at trial 9: 1.098000, 31
124377	[25]	:	Fixation at trial 10: 124.357000
124899	[522]	:	Object at trial 10: 124.879000
128424	[3525]	:	Fixation at trial 10: 128.404000
128946	[522]	:	Catch Stim at trial 10: 128.927000
132471	[3525]	:	Catch Q at trial 10: 128.927000
133299	[828]	:	Key	28	DOWN	at	133299  
134451	[1152]	:	Respose to catch Q at trial 10: 133.304000
134452	[1]	:	RT and choice to catch Q at trial 10: 0.853000, 28
134476	[24]	:	Fixation at trial 11: 134.456000
134998	[522]	:	Object at trial 11: 134.978000
138521	[3523]	:	Fixation at trial 11: 138.501000
139043	[522]	:	Catch Stim at trial 11: 139.023000
142568	[3525]	:	Catch Q at trial 11: 139.023000
143484	[916]	:	Key	28	DOWN	at	143484  
144548	[1064]	:	Respose to catch Q at trial 11: 143.490000
144549	[1]	:	RT and choice to catch Q at trial 11: 0.942000, 28
144573	[24]	:	Fixation at trial 12: 144.553000
145095	[522]	:	Object at trial 12: 145.075000
148618	[3523]	:	Fixation at trial 12: 148.598000
149140	[522]	:	Catch Stim at trial 12: 149.120000
152665	[3525]	:	Catch Q at trial 12: 149.120000
153440	[775]	:	Key	31	DOWN	at	153440  
154645	[1205]	:	Respose to catch Q at trial 12: 153.445000
154645	[0]	:	RT and choice to catch Q at trial 12: 0.800000, 31
154670	[25]	:	Fixation at trial 13: 154.650000
155192	[522]	:	Object at trial 13: 155.172000
158715	[3523]	:	Fixation at trial 13: 158.695000
159237	[522]	:	Catch Stim at trial 13: 159.217000
162762	[3525]	:	Catch Q at trial 13: 159.217000
164790	[2028]	:	Respose to catch Q at trial 13: 164.268000
164791	[1]	:	RT and choice to catch Q at trial 13: 1.526000, 0
164827	[36]	:	Fixation at trial 14: 164.807000
165349	[522]	:	Object at trial 14: 165.329000
168871	[3522]	:	Fixation at trial 14: 168.851000
169396	[525]	:	Catch Stim at trial 14: 169.376000
172921	[3525]	:	Catch Q at trial 14: 169.376000
174041	[1120]	:	Key	28	DOWN	at	174041  
174901	[860]	:	Respose to catch Q at trial 14: 174.045000
174902	[1]	:	RT and choice to catch Q at trial 14: 1.144000, 28
174925	[23]	:	Fixation at trial 15: 174.905000
175448	[523]	:	Object at trial 15: 175.428000
178970	[3522]	:	Fixation at trial 15: 178.950000
179494	[524]	:	Catch Stim at trial 15: 179.473000
183020	[3526]	:	Catch Q at trial 15: 179.473000
184383	[1363]	:	Key	28	DOWN	at	184383  
184383	[0]	:	Key	28	UP	at	184383  
185000	[617]	:	Respose to catch Q at trial 15: 184.389000
185000	[0]	:	RT and choice to catch Q at trial 15: 1.389000, 28
185024	[24]	:	Fixation at trial 16: 185.004000
185546	[522]	:	Object at trial 16: 185.526000
189069	[3523]	:	Fixation at trial 16: 189.049000
189591	[522]	:	Catch Stim at trial 16: 189.571000
193116	[3525]	:	Catch Q at trial 16: 189.571000
195140	[2024]	:	Respose to catch Q at trial 16: 194.620000
195141	[1]	:	RT and choice to catch Q at trial 16: 1.524000, 0
195172	[31]	:	Fixation at trial 17: 195.152000
195694	[522]	:	Object at trial 17: 195.674000
199217	[3523]	:	Fixation at trial 17: 199.197000
199739	[522]	:	Catch Stim at trial 17: 199.719000
203264	[3525]	:	Catch Q at trial 17: 199.719000
204079	[815]	:	Key	28	DOWN	at	204079  
204080	[1]	:	Key	28	UP	at	204079  
205244	[1164]	:	Respose to catch Q at trial 17: 204.085000
205245	[1]	:	RT and choice to catch Q at trial 17: 0.841000, 28
205269	[24]	:	Fixation at trial 18: 205.249000
205791	[522]	:	Object at trial 18: 205.771000
209314	[3523]	:	Fixation at trial 18: 209.294000
209836	[522]	:	Catch Stim at trial 18: 209.816000
213361	[3525]	:	Catch Q at trial 18: 209.816000
214169	[808]	:	Key	28	DOWN	at	214169  
214170	[1]	:	Key	28	UP	at	214169  
215341	[1171]	:	Respose to catch Q at trial 18: 214.175000
215342	[1]	:	RT and choice to catch Q at trial 18: 0.834000, 28
215366	[24]	:	Fixation at trial 19: 215.346000
215888	[522]	:	Object at trial 19: 215.868000
219411	[3523]	:	Fixation at trial 19: 219.391000
219933	[522]	:	Catch Stim at trial 19: 219.913000
223458	[3525]	:	Catch Q at trial 19: 219.913000
224215	[757]	:	Key	28	DOWN	at	224215  
224216	[1]	:	Key	28	UP	at	224215  
225438	[1222]	:	Respose to catch Q at trial 19: 224.221000
225438	[0]	:	RT and choice to catch Q at trial 19: 0.783000, 28
225463	[25]	:	Fixation at trial 20: 225.443000
225985	[522]	:	Object at trial 20: 225.965000
229513	[3528]	:	Fixation at trial 20: 229.493000
230035	[522]	:	Catch Stim at trial 20: 230.015000
233560	[3525]	:	Catch Q at trial 20: 230.015000
234435	[875]	:	Key	28	DOWN	at	234435  
234436	[1]	:	Key	28	UP	at	234435  
235540	[1104]	:	Respose to catch Q at trial 20: 234.441000
235540	[0]	:	RT and choice to catch Q at trial 20: 0.901000, 28
235565	[25]	:	Fixation at trial 21: 235.545000
236087	[522]	:	Object at trial 21: 236.067000
239610	[3523]	:	Fixation at trial 21: 239.590000
240132	[522]	:	Catch Stim at trial 21: 240.112000
243657	[3525]	:	Catch Q at trial 21: 240.112000
244556	[899]	:	Key	28	DOWN	at	244556  
245637	[1081]	:	Respose to catch Q at trial 21: 244.562000
245638	[1]	:	RT and choice to catch Q at trial 21: 0.925000, 28
245662	[24]	:	Fixation at trial 22: 245.642000
246184	[522]	:	Object at trial 22: 246.164000
249707	[3523]	:	Fixation at trial 22: 249.687000
250229	[522]	:	Catch Stim at trial 22: 250.209000
253754	[3525]	:	Catch Q at trial 22: 250.209000
254682	[928]	:	Key	31	DOWN	at	254682  
254683	[1]	:	Key	31	UP	at	254682  
255734	[1051]	:	Respose to catch Q at trial 22: 254.688000
255734	[0]	:	RT and choice to catch Q at trial 22: 0.954000, 31
255759	[25]	:	Fixation at trial 23: 255.739000
256281	[522]	:	Object at trial 23: 256.261000
259805	[3524]	:	Fixation at trial 23: 259.784000
260325	[520]	:	Catch Stim at trial 23: 260.306000
263849	[3524]	:	Catch Q at trial 23: 260.306000
264902	[1053]	:	Key	31	DOWN	at	264902  
264903	[1]	:	Key	31	UP	at	264902  
265829	[926]	:	Respose to catch Q at trial 23: 264.908000
265830	[1]	:	RT and choice to catch Q at trial 23: 1.079000, 31
265854	[24]	:	Fixation at trial 24: 265.834000
266376	[522]	:	Object at trial 24: 266.356000
269899	[3523]	:	Fixation at trial 24: 269.879000
270421	[522]	:	Catch Stim at trial 24: 270.401000
273946	[3525]	:	Catch Q at trial 24: 270.401000
274638	[692]	:	Key	28	DOWN	at	274638  
274639	[1]	:	Key	28	UP	at	274638  
275926	[1287]	:	Respose to catch Q at trial 24: 274.644000
275927	[1]	:	RT and choice to catch Q at trial 24: 0.718000, 28
275951	[24]	:	Fixation at trial 25: 275.931000
276473	[522]	:	Object at trial 25: 276.453000
279996	[3523]	:	Fixation at trial 25: 279.976000
280518	[522]	:	Catch Stim at trial 25: 280.498000
284043	[3525]	:	Catch Q at trial 25: 280.498000
284743	[700]	:	Key	28	DOWN	at	284743  
284744	[1]	:	Key	28	UP	at	284743  
286023	[1279]	:	Respose to catch Q at trial 25: 284.749000
286023	[0]	:	RT and choice to catch Q at trial 25: 0.726000, 28
286048	[25]	:	Fixation at trial 26: 286.028000
286570	[522]	:	Object at trial 26: 286.550000
290093	[3523]	:	Fixation at trial 26: 290.073000
290614	[521]	:	Catch Stim at trial 26: 290.594000
294139	[3525]	:	Catch Q at trial 26: 290.594000
294779	[640]	:	Key	31	DOWN	at	294779  
294780	[1]	:	Key	31	UP	at	294779  
296119	[1339]	:	Respose to catch Q at trial 26: 294.785000
296119	[0]	:	RT and choice to catch Q at trial 26: 0.666000, 31
296144	[25]	:	Fixation at trial 27: 296.124000
296666	[522]	:	Object at trial 27: 296.646000
300189	[3523]	:	Fixation at trial 27: 300.169000
300711	[522]	:	Catch Stim at trial 27: 300.691000
304236	[3525]	:	Catch Q at trial 27: 300.691000
305084	[848]	:	Key	28	DOWN	at	305084  
305085	[1]	:	Key	28	UP	at	305084  
306216	[1131]	:	Respose to catch Q at trial 27: 305.090000
306216	[0]	:	RT and choice to catch Q at trial 27: 0.874000, 28
306241	[25]	:	Fixation at trial 28: 306.221000
306763	[522]	:	Object at trial 28: 306.743000
310286	[3523]	:	Fixation at trial 28: 310.266000
310807	[521]	:	Catch Stim at trial 28: 310.787000
314332	[3525]	:	Catch Q at trial 28: 310.787000
315000	[668]	:	Key	28	DOWN	at	315000  
315001	[1]	:	Key	28	UP	at	315000  
316312	[1311]	:	Respose to catch Q at trial 28: 315.006000
316312	[0]	:	RT and choice to catch Q at trial 28: 0.694000, 28
316337	[25]	:	Fixation at trial 29: 316.317000
316859	[522]	:	Object at trial 29: 316.839000
320382	[3523]	:	Fixation at trial 29: 320.362000
320904	[522]	:	Catch Stim at trial 29: 320.884000
324430	[3526]	:	Catch Q at trial 29: 320.884000
325926	[1496]	:	Key	31	DOWN	at	325926  
325927	[1]	:	Key	31	UP	at	325926  
326410	[483]	:	Respose to catch Q at trial 29: 325.932000
326410	[0]	:	RT and choice to catch Q at trial 29: 1.522000, 31
326435	[25]	:	Fixation at trial 30: 326.415000
326958	[523]	:	Object at trial 30: 326.938000
330481	[3523]	:	Fixation at trial 30: 330.461000
331003	[522]	:	Catch Stim at trial 30: 330.983000
334530	[3527]	:	Catch Q at trial 30: 330.983000
335591	[1061]	:	Key	31	DOWN	at	335591  
335592	[1]	:	Key	31	UP	at	335591  
336510	[918]	:	Respose to catch Q at trial 30: 335.597000
336510	[0]	:	RT and choice to catch Q at trial 30: 1.087000, 31
336535	[25]	:	Fixation at trial 31: 336.515000
337057	[522]	:	Object at trial 31: 337.037000
340580	[3523]	:	Fixation at trial 31: 340.560000
341102	[522]	:	Catch Stim at trial 31: 341.082000
344627	[3525]	:	Catch Q at trial 31: 341.082000
345487	[860]	:	Key	28	DOWN	at	345487  
345488	[1]	:	Key	28	UP	at	345487  
346607	[1119]	:	Respose to catch Q at trial 31: 345.493000
346607	[0]	:	RT and choice to catch Q at trial 31: 0.886000, 28
346632	[25]	:	Fixation at trial 32: 346.612000
347154	[522]	:	Object at trial 32: 347.134000
350677	[3523]	:	Fixation at trial 32: 350.657000
351199	[522]	:	Catch Stim at trial 32: 351.179000
354724	[3525]	:	Catch Q at trial 32: 351.179000
355307	[583]	:	Key	31	DOWN	at	355307  
355308	[1]	:	Key	31	UP	at	355307  
356704	[1396]	:	Respose to catch Q at trial 32: 355.313000
356704	[0]	:	RT and choice to catch Q at trial 32: 0.609000, 31
356729	[25]	:	Fixation at trial 33: 356.709000
357251	[522]	:	Object at trial 33: 357.231000
360774	[3523]	:	Fixation at trial 33: 360.754000
361296	[522]	:	Catch Stim at trial 33: 361.276000
364821	[3525]	:	Catch Q at trial 33: 361.276000
365458	[637]	:	Key	31	DOWN	at	365458  
365459	[1]	:	Key	31	UP	at	365458  
366801	[1342]	:	Respose to catch Q at trial 33: 365.464000
366801	[0]	:	RT and choice to catch Q at trial 33: 0.663000, 31
366826	[25]	:	Fixation at trial 34: 366.806000
367348	[522]	:	Object at trial 34: 367.328000
370871	[3523]	:	Fixation at trial 34: 370.851000
371393	[522]	:	Catch Stim at trial 34: 371.373000
374919	[3526]	:	Catch Q at trial 34: 371.373000
375809	[890]	:	Key	28	DOWN	at	375809  
375810	[1]	:	Key	28	UP	at	375809  
376899	[1089]	:	Respose to catch Q at trial 34: 375.815000
376899	[0]	:	RT and choice to catch Q at trial 34: 0.916000, 28
376924	[25]	:	Fixation at trial 35: 376.904000
377446	[522]	:	Object at trial 35: 377.426000
380969	[3523]	:	Fixation at trial 35: 380.949000
381491	[522]	:	Catch Stim at trial 35: 381.471000
385017	[3526]	:	Catch Q at trial 35: 381.471000
386029	[1012]	:	Key	28	DOWN	at	386029  
386030	[1]	:	Key	28	UP	at	386029  
386997	[967]	:	Respose to catch Q at trial 35: 386.035000
386997	[0]	:	RT and choice to catch Q at trial 35: 1.038000, 28
387022	[25]	:	Fixation at trial 36: 387.002000
387544	[522]	:	Object at trial 36: 387.524000
391067	[3523]	:	Fixation at trial 36: 391.047000
391588	[521]	:	Catch Stim at trial 36: 391.568000
395113	[3525]	:	Catch Q at trial 36: 391.568000
397137	[2024]	:	Respose to catch Q at trial 36: 396.617000
397138	[1]	:	RT and choice to catch Q at trial 36: 1.524000, 0
397167	[29]	:	Fixation at trial 37: 397.147000
397689	[522]	:	Object at trial 37: 397.669000
401212	[3523]	:	Fixation at trial 37: 401.192000
401734	[522]	:	Catch Stim at trial 37: 401.714000
405260	[3526]	:	Catch Q at trial 37: 401.714000
406385	[1125]	:	Key	28	DOWN	at	406385  
406386	[1]	:	Key	28	UP	at	406385  
407240	[854]	:	Respose to catch Q at trial 37: 406.391000
407240	[0]	:	RT and choice to catch Q at trial 37: 1.151000, 28
407265	[25]	:	Fixation at trial 38: 407.245000
407787	[522]	:	Object at trial 38: 407.767000
411310	[3523]	:	Fixation at trial 38: 411.290000
411832	[522]	:	Catch Stim at trial 38: 411.812000
415357	[3525]	:	Catch Q at trial 38: 411.812000
416001	[644]	:	Key	31	DOWN	at	416001  
417337	[1336]	:	Respose to catch Q at trial 38: 416.007000
417337	[0]	:	RT and choice to catch Q at trial 38: 0.670000, 31
417362	[25]	:	Fixation at trial 39: 417.342000
417884	[522]	:	Object at trial 39: 417.864000
421407	[3523]	:	Fixation at trial 39: 421.387000
421930	[523]	:	Catch Stim at trial 39: 421.910000
425455	[3525]	:	Catch Q at trial 39: 421.910000
426171	[716]	:	Key	31	DOWN	at	426171  
426172	[1]	:	Key	31	UP	at	426171  
427435	[1263]	:	Respose to catch Q at trial 39: 426.177000
427435	[0]	:	RT and choice to catch Q at trial 39: 0.742000, 31
427460	[25]	:	Fixation at trial 40: 427.440000
427982	[522]	:	Object at trial 40: 427.962000
431505	[3523]	:	Fixation at trial 40: 431.485000
432027	[522]	:	Catch Stim at trial 40: 432.007000
435552	[3525]	:	Catch Q at trial 40: 432.007000
436487	[935]	:	Key	28	DOWN	at	436487  
436488	[1]	:	Key	28	UP	at	436487  
437532	[1044]	:	Respose to catch Q at trial 40: 436.493000
437532	[0]	:	RT and choice to catch Q at trial 40: 0.961000, 28
437557	[25]	:	Fixation at trial 41: 437.537000
438079	[522]	:	Object at trial 41: 438.059000
441602	[3523]	:	Fixation at trial 41: 441.582000
442124	[522]	:	Catch Stim at trial 41: 442.104000
445649	[3525]	:	Catch Q at trial 41: 442.104000
446148	[499]	:	Key	31	DOWN	at	446148  
446149	[1]	:	Key	31	UP	at	446148  
447629	[1480]	:	Respose to catch Q at trial 41: 446.154000
447629	[0]	:	RT and choice to catch Q at trial 41: 0.525000, 31
447654	[25]	:	Fixation at trial 42: 447.634000
448176	[522]	:	Object at trial 42: 448.156000
451699	[3523]	:	Fixation at trial 42: 451.679000
452220	[521]	:	Catch Stim at trial 42: 452.200000
455745	[3525]	:	Catch Q at trial 42: 452.200000
456393	[648]	:	Key	31	DOWN	at	456393  
456394	[1]	:	Key	31	UP	at	456393  
457725	[1331]	:	Respose to catch Q at trial 42: 456.399000
457725	[0]	:	RT and choice to catch Q at trial 42: 0.674000, 31
457750	[25]	:	Fixation at trial 43: 457.730000
458272	[522]	:	Object at trial 43: 458.252000
461795	[3523]	:	Fixation at trial 43: 461.775000
462317	[522]	:	Catch Stim at trial 43: 462.297000
465842	[3525]	:	Catch Q at trial 43: 462.297000
467219	[1377]	:	Key	31	DOWN	at	467219  
467220	[1]	:	Key	31	UP	at	467219  
467822	[602]	:	Respose to catch Q at trial 43: 467.225000
467822	[0]	:	RT and choice to catch Q at trial 43: 1.403000, 31
467847	[25]	:	Fixation at trial 44: 467.827000
468369	[522]	:	Object at trial 44: 468.349000
471892	[3523]	:	Fixation at trial 44: 471.872000
472414	[522]	:	Catch Stim at trial 44: 472.394000
475940	[3526]	:	Catch Q at trial 44: 472.394000
476789	[849]	:	Key	31	DOWN	at	476789  
476790	[1]	:	Key	31	UP	at	476789  
477920	[1130]	:	Respose to catch Q at trial 44: 476.795000
477920	[0]	:	RT and choice to catch Q at trial 44: 0.875000, 31
477945	[25]	:	Fixation at trial 45: 477.925000
478467	[522]	:	Object at trial 45: 478.447000
481990	[3523]	:	Fixation at trial 45: 481.970000
482511	[521]	:	Catch Stim at trial 45: 482.491000
486037	[3526]	:	Catch Q at trial 45: 482.491000
486665	[628]	:	Key	28	DOWN	at	486665  
486666	[1]	:	Key	28	UP	at	486665  
488017	[1351]	:	Respose to catch Q at trial 45: 486.671000
488017	[0]	:	RT and choice to catch Q at trial 45: 0.654000, 28
488042	[25]	:	Fixation at trial 46: 488.022000
488564	[522]	:	Object at trial 46: 488.544000
492087	[3523]	:	Fixation at trial 46: 492.067000
492608	[521]	:	Catch Stim at trial 46: 492.588000
496133	[3525]	:	Catch Q at trial 46: 492.588000
496715	[582]	:	Key	28	DOWN	at	496715  
496716	[1]	:	Key	28	UP	at	496715  
498113	[1397]	:	Respose to catch Q at trial 46: 496.721000
498113	[0]	:	RT and choice to catch Q at trial 46: 0.608000, 28
498138	[25]	:	Fixation at trial 47: 498.118000
498660	[522]	:	Object at trial 47: 498.640000
502183	[3523]	:	Fixation at trial 47: 502.163000
502704	[521]	:	Catch Stim at trial 47: 502.684000
506230	[3526]	:	Catch Q at trial 47: 502.684000
508254	[2024]	:	Respose to catch Q at trial 47: 507.734000
508255	[1]	:	RT and choice to catch Q at trial 47: 1.524000, 0
508282	[27]	:	Fixation at trial 48: 508.262000
508804	[522]	:	Object at trial 48: 508.784000
512327	[3523]	:	Fixation at trial 48: 512.307000
512849	[522]	:	Catch Stim at trial 48: 512.829000
516378	[3529]	:	Catch Q at trial 48: 512.829000
517577	[1199]	:	Key	28	DOWN	at	517577  
517578	[1]	:	Key	28	UP	at	517577  
518357	[779]	:	Respose to catch Q at trial 48: 5