Cog2000 log file Fri Oct 18 12:35:37 2019
gprim v1.29 Compiled:Feb  1 2010 (GLib DirectDraw v7 DX10.0 Compiled:Feb  1 2010)
Display:1024x768x32 59.81Hz
CogInput v1.05 Compiled: May 20 2010
0	[0]	:	COGENT START
2515	[2515]	:	Key	30	DOWN	at	2515    
2850	[335]	:	Key	30	UP	at	2850    
3641	[791]	:	Key	28	DOWN	at	3641    
3891	[250]	:	Key	28	UP	at	3891    
23367	[19476]	:	Key	71	DOWN	at	23367   
23422	[55]	:	Fixation at trial 1: 23.402000
24446	[1024]	:	Object at trial 1: 24.425000
26480	[2034]	:	Fixation at trial 2: 26.460000
27502	[1022]	:	Object at trial 2: 27.482000
29531	[2029]	:	Fixation at trial 3: 29.511000
30553	[1022]	:	Object at trial 3: 30.533000
32578	[2025]	:	Fixation at trial 4: 32.559000
33600	[1022]	:	Object at trial 4: 33.580000
35625	[2025]	:	Fixation at trial 4: 35.604000
36656	[1031]	:	Catch Stim at trial 4: 36.635000
37602	[946]	:	Key	28	DOWN	at	37602   
39136	[1534]	:	Respose to catch Q at trial 4: 37.609000
39137	[1]	:	RT and choice to catch Q at trial 4: 0.974000, 28
39166	[29]	:	Fixation at trial 5: 39.146000
40187	[1021]	:	Object at trial 5: 40.167000
42214	[2027]	:	Fixation at trial 6: 42.194000
43235	[1021]	:	Object at trial 6: 43.215000
45260	[2025]	:	Fixation at trial 7: 45.240000
46281	[1021]	:	Object at trial 7: 46.261000
48306	[2025]	:	Fixation at trial 8: 48.286000
49328	[1022]	:	Object at trial 8: 49.308000
51353	[2025]	:	Fixation at trial 9: 51.333000
52375	[1022]	:	Object at trial 9: 52.355000
54400	[2025]	:	Fixation at trial 10: 54.380000
55422	[1022]	:	Object at trial 10: 55.402000
57447	[2025]	:	Fixation at trial 11: 57.427000
58468	[1021]	:	Object at trial 11: 58.448000
60492	[2024]	:	Fixation at trial 12: 60.472000
61514	[1022]	:	Object at trial 12: 61.494000
63538	[2024]	:	Fixation at trial 13: 63.518000
64559	[1021]	:	Object at trial 13: 64.539000
66584	[2025]	:	Fixation at trial 13: 66.564000
67611	[1027]	:	Catch Stim at trial 13: 67.591000
68390	[779]	:	Key	30	DOWN	at	68390   
70091	[1701]	:	Respose to catch Q at trial 13: 68.397000
70092	[1]	:	RT and choice to catch Q at trial 13: 0.806000, 30
70118	[26]	:	Fixation at trial 14: 70.098000
71139	[1021]	:	Object at trial 14: 71.119000
73163	[2024]	:	Fixation at trial 15: 73.143000
74185	[1022]	:	Object at trial 15: 74.165000
76209	[2024]	:	Fixation at trial 15: 76.189000
77233	[1024]	:	Catch Stim at trial 15: 77.213000
78032	[799]	:	Key	30	DOWN	at	78032   
79713	[1681]	:	Respose to catch Q at trial 15: 78.038000
79714	[1]	:	RT and choice to catch Q at trial 15: 0.825000, 30
79739	[25]	:	Fixation at trial 16: 79.719000
80760	[1021]	:	Object at trial 16: 80.740000
82784	[2024]	:	Fixation at trial 17: 82.764000
83805	[1021]	:	Object at trial 17: 83.785000
85829	[2024]	:	Fixation at trial 18: 85.809000
86850	[1021]	:	Object at trial 18: 86.830000
88875	[2025]	:	Fixation at trial 19: 88.855000
89897	[1022]	:	Object at trial 19: 89.877000
91922	[2025]	:	Fixation at trial 20: 91.902000
92943	[1021]	:	Object at trial 20: 92.923000
94971	[2028]	:	Fixation at trial 21: 94.951000
95992	[1021]	:	Object at trial 21: 95.972000
98016	[2024]	:	Fixation at trial 22: 97.996000
99037	[1021]	:	Object at trial 22: 99.017000
101061	[2024]	:	Fixation at trial 23: 101.041000
102083	[1022]	:	Object at trial 23: 102.063000
104107	[2024]	:	Fixation at trial 23: 104.087000
105133	[1026]	:	Catch Stim at trial 23: 105.113000
105913	[780]	:	Key	28	DOWN	at	105913  
107613	[1700]	:	Respose to catch Q at trial 23: 105.919000
107614	[1]	:	RT and choice to catch Q at trial 23: 0.806000, 28
107639	[25]	:	Fixation at trial 24: 107.619000
108661	[1022]	:	Object at trial 24: 108.641000
110685	[2024]	:	Fixation at trial 25: 110.665000
111707	[1022]	:	Object at trial 25: 111.687000
113731	[2024]	:	Fixation at trial 26: 113.711000
114753	[1022]	:	Object at trial 26: 114.733000
116777	[2024]	:	Fixation at trial 27: 116.757000
117799	[1022]	:	Object at trial 27: 117.779000
119823	[2024]	:	Fixation at trial 28: 119.803000
120844	[1021]	:	Object at trial 28: 120.824000
122868	[2024]	:	Fixation at trial 29: 122.848000
123889	[1021]	:	Object at trial 29: 123.869000
125913	[2024]	:	Fixation at trial 30: 125.893000
126935	[1022]	:	Object at trial 30: 126.915000
128959	[2024]	:	Fixation at trial 31: 128.939000
129981	[1022]	:	Object at trial 31: 129.961000
132005	[2024]	:	Fixation at trial 32: 131.985000
133027	[1022]	:	Object at trial 32: 133.007000
135050	[2023]	:	Fixation at trial 32: 135.030000
136075	[1025]	:	Catch Stim at trial 32: 136.055000
136940	[865]	:	Key	30	DOWN	at	136940  
138555	[1615]	:	Respose to catch Q at trial 32: 136.946000
138556	[1]	:	RT and choice to catch Q at trial 32: 0.891000, 30
138581	[25]	:	Fixation at trial 33: 138.561000
139602	[1021]	:	Object at trial 33: 139.582000
141626	[2024]	:	Fixation at trial 34: 141.606000
142647	[1021]	:	Object at trial 34: 142.627000
144671	[2024]	:	Fixation at trial 35: 144.651000
145692	[1021]	:	Object at trial 35: 145.672000
147716	[2024]	:	Fixation at trial 35: 147.696000
148742	[1026]	:	Catch Stim at trial 35: 148.722000
149601	[859]	:	Key	28	DOWN	at	149601  
151222	[1621]	:	Respose to catch Q at trial 35: 149.607000
151223	[1]	:	RT and choice to catch Q at trial 35: 0.885000, 28
151247	[24]	:	Fixation at trial 36: 151.227000
152268	[1021]	:	Object at trial 36: 152.248000
154292	[2024]	:	Fixation at trial 37: 154.272000
155313	[1021]	:	Object at trial 37: 155.293000
157337	[2024]	:	Fixation at trial 38: 157.317000
158358	[1021]	:	Object at trial 38: 158.338000
160382	[2024]	:	Fixation at trial 39: 160.362000
161403	[1021]	:	Object at trial 39: 161.383000
163427	[2024]	:	Fixation at trial 40: 163.407000
164448	[1021]	:	Object at trial 40: 164.428000
166472	[2024]	:	Fixation at trial 41: 166.452000
167493	[1021]	:	Object at trial 41: 167.473000
169517	[2024]	:	Fixation at trial 42: 169.497000
170538	[1021]	:	Object at trial 42: 170.518000
172562	[2024]	:	Fixation at trial 43: 172.542000
173583	[1021]	:	Object at trial 43: 173.563000
175607	[2024]	:	Fixation at trial 43: 175.587000
176632	[1025]	:	Catch Stim at trial 43: 176.612000
177662	[1030]	:	Key	28	DOWN	at	177662  
179112	[1450]	:	Respose to catch Q at trial 43: 177.668000
179113	[1]	:	RT and choice to catch Q at trial 43: 1.056000, 28
179137	[24]	:	Fixation at trial 44: 179.117000
180158	[1021]	:	Object at trial 44: 180.138000
182182	[2024]	:	Fixation at trial 45: 182.162000
183203	[1021]	:	Object at trial 45: 183.183000
185227	[2024]	:	Fixation at trial 46: 185.207000
186248	[1021]	:	Object at trial 46: 186.228000
188272	[2024]	:	Fixation at trial 46: 188.252000
189298	[1026]	:	Catch Stim at trial 46: 189.278000
190583	[1285]	:	Key	28	DOWN	at	190583  
191778	[1195]	:	Respose to catch Q at trial 46: 190.589000
191778	[0]	:	RT and choice to catch Q at trial 46: 1.311000, 28
191803	[25]	:	Fixation at trial 47: 191.783000
192824	[1021]	:	Object at trial 47: 192.804000
194848	[2024]	:	Fixation at trial 47: 194.828000
195873	[1025]	:	Catch Stim at trial 47: 195.853000
196769	[896]	:	Key	28	DOWN	at	196769  
198353	[1584]	:	Respose to catch Q at trial 47: 196.775000
198353	[0]	:	RT and choice to catch Q at trial 47: 0.922000, 28
198378	[25]	:	Fixation at trial 48: 198.358000
199399	[1021]	:	Object at trial 48: 199.379000
201430	[2031]	:	Fixation at trial 49: 201.410000
202451	[1021]	:	Object at trial 49: 202.431000
204475	[2024]	:	Fixation at trial 50: 204.455000
205496	[1021]	:	Object at trial 50: 205.476000
207520	[2024]	:	Fixation at trial 50: 207.500000
208545	[1025]	:	Catch Stim at trial 50: 208.525000
209439	[894]	:	Key	30	DOWN	at	209439  
211025	[1586]	:	Respose to catch Q at trial 50: 209.445000
211025	[0]	:	RT and choice to catch Q at trial 50: 0.920000, 30
211050	[25]	:	Fixation at trial 51: 211.030000
212071	[1021]	:	Object at trial 51: 212.051000
214095	[2024]	:	Fixation at trial 52: 214.075000
215116	[1021]	:	Object at trial 52: 215.096000
217140	[2024]	:	Fixation at trial 53: 217.120000
218161	[1021]	:	Object at trial 53: 218.141000
220185	[2024]	:	Fixation at trial 54: 220.165000
221206	[1021]	:	Object at trial 54: 221.186000
223230	[2024]	:	Fixation at trial 55: 223.210000
224251	[1021]	:	Object at trial 55: 224.231000
226275	[2024]	:	Fixation at trial 56: 226.255000
227296	[1021]	:	Object at trial 56: 227.276000
229321	[2025]	:	Fixation at trial 57: 229.301000
230342	[1021]	:	Object at trial 57: 230.322000
232366	[2024]	:	Fixation at trial 57: 232.346000
233391	[1025]	:	Catch Stim at trial 57: 233.371000
234261	[870]	:	Key	28	DOWN	at	234261  
235871	[1610]	:	Respose to catch Q at trial 57: 234.267000
235871	[0]	:	RT and choice to catch Q at trial 57: 0.896000, 28
235896	[25]	:	Fixation at trial 58: 235.876000
236917	[1021]	:	Object at trial 58: 236.897000
238941	[2024]	:	Fixation at trial 59: 238.921000
239962	[1021]	:	Object at trial 59: 239.942000
241986	[2024]	:	Fixation at trial 59: 241.966000
243010	[1024]	:	Catch Stim at trial 59: 242.990000
243856	[846]	:	Key	30	DOWN	at	243856  
245490	[1634]	:	Respose to catch Q at trial 59: 243.862000
245490	[0]	:	RT and choice to catch Q at trial 59: 0.872000, 30
245515	[25]	:	Fixation at trial 60: 245.495000
246536	[1021]	:	Object at trial 60: 246.516000
248560	[2024]	:	Fixation at trial 61: 248.540000
249581	[1021]	:	Object at trial 61: 249.561000
251605	[2024]	:	Fixation at trial 61: 251.585000
252630	[1025]	:	Catch Stim at trial 61: 252.610000
253707	[1077]	:	Key	28	DOWN	at	253707  
255110	[1403]	:	Respose to catch Q at trial 61: 253.713000
255110	[0]	:	RT and choice to catch Q at trial 61: 1.103000, 28
255135	[25]	:	Fixation at trial 62: 255.115000
256156	[1021]	:	Object at trial 62: 256.136000
258182	[2026]	:	Fixation at trial 63: 258.161000
259204	[1022]	:	Object at trial 63: 259.183000
261230	[2026]	:	Fixation at trial 64: 261.209000
262251	[1021]	:	Object at trial 64: 262.231000
264275	[2024]	:	Fixation at trial 64: 264.255000
265299	[1024]	:	Catch Stim at trial 64: 265.279000
266014	[715]	:	Key	30	DOWN	at	266014  
267779	[1765]	:	Respose to catch Q at trial 64: 266.020000
267779	[0]	:	RT and choice to catch Q at trial 64: 0.741000, 30
267804	[25]	:	Fixation at trial 65: 267.784000
268825	[1021]	:	Object at trial 65: 268.805000
270849	[2024]	:	Fixation at trial 66: 270.829000
271870	[1021]	:	Object at trial 66: 271.850000
273894	[2024]	:	Fixation at trial 67: 273.874000
274915	[1021]	:	Object at trial 67: 274.895000
276939	[2024]	:	Fixation at trial 67: 276.919000
277966	[1027]	:	Catch Stim at trial 67: 277.946000
279254	[1288]	:	Key	30	DOWN	at	279254  
280446	[1192]	:	Respose to catch Q at trial 67: 279.260000
280446	[0]	:	RT and choice to catch Q at trial 67: 1.314000, 30
280471	[25]	:	Fixation at trial 68: 280.451000
281492	[1021]	:	Object at trial 68: 281.472000
283516	[2024]	:	Fixation at trial 69: 283.496000
284537	[1021]	:	Object at trial 69: 284.517000
286561	[2024]	:	Fixation at trial 70: 286.541000
287582	[1021]	:	Object at trial 70: 287.562000
289606	[2024]	:	Fixation at trial 71: 289.586000
290627	[1021]	:	Object at trial 71: 290.607000
292651	[2024]	:	Fixation at trial 71: 292.631000
293675	[1024]	:	Catch Stim at trial 71: 293.655000
294980	[1305]	:	Key	28	DOWN	at	294980  
296155	[1175]	:	Respose to catch Q at trial 71: 294.986000
296155	[0]	:	RT and choice to catch Q at trial 71: 1.331000, 28
296180	[25]	:	Fixation at trial 72: 296.160000
297201	[1021]	:	Object at trial 72: 297.181000
299225	[2024]	:	Fixation at trial 73: 299.205000
300246	[1021]	:	Object at trial 73: 300.226000
302270	[2024]	:	Fixation at trial 74: 302.250000
303291	[1021]	:	Object at trial 74: 303.271000
305315	[2024]	:	Fixation at trial 75: 305.295000
306336	[1021]	:	Object at trial 75: 306.316000
308360	[2024]	:	Fixation at trial 76: 308.340000
309381	[1021]	:	Object at trial 76: 309.361000
311405	[2024]	:	Fixation at trial 77: 311.385000
312426	[1021]	:	Object at trial 77: 312.406000
314450	[2024]	:	Fixation at trial 78: 314.430000
315471	[1021]	:	Object at trial 78: 315.451000
317495	[2024]	:	Fixation at trial 79: 317.475000
318516	[1021]	:	Object at trial 79: 318.496000
320540	[2024]	:	Fixation at trial 80: 320.520000
321561	[1021]	:	Object at trial 80: 321.541000
323585	[2024]	:	Fixation at trial 81: 323.565000
324606	[1021]	:	Object at trial 81: 324.586000
326630	[2024]	:	Fixation at trial 81: 326.610000
327654	[1024]	:	Catch Stim at trial 81: