Cog2000 log file Fri Oct 18 13:39:46 2019
gprim v1.29 Compiled:Feb  1 2010 (GLib DirectDraw v7 DX10.0 Compiled:Feb  1 2010)
Display:1024x768x32 59.84Hz
CogInput v1.05 Compiled: May 20 2010
0	[0]	:	COGENT START
1056	[1056]	:	Key	30	DOWN	at	1056    
1277	[221]	:	Key	30	UP	at	1277    
1437	[160]	:	Key	28	DOWN	at	1437    
1617	[180]	:	Key	28	UP	at	1617    
27193	[25576]	:	Key	71	DOWN	at	27193   
27255	[62]	:	Fixation at trial 1: 27.235000
27781	[526]	:	Object at trial 1: 27.761000
31304	[3523]	:	Fixation at trial 1: 31.284000
31829	[525]	:	Catch Stim at trial 1: 31.809000
35357	[3528]	:	Catch Q at trial 1: 31.809000
36213	[856]	:	Key	30	DOWN	at	36213   
37337	[1124]	:	Respose to catch Q at trial 1: 36.220000
37338	[1]	:	RT and choice to catch Q at trial 1: 0.883000, 30
37366	[28]	:	Fixation at trial 2: 37.346000
37888	[522]	:	Object at trial 2: 37.868000
41411	[3523]	:	Fixation at trial 2: 41.391000
41933	[522]	:	Catch Stim at trial 2: 41.913000
45458	[3525]	:	Catch Q at trial 2: 41.913000
46389	[931]	:	Key	28	DOWN	at	46389   
47438	[1049]	:	Respose to catch Q at trial 2: 46.395000
47438	[0]	:	RT and choice to catch Q at trial 2: 0.957000, 28
47466	[28]	:	Fixation at trial 3: 47.446000
47988	[522]	:	Object at trial 3: 47.968000
51511	[3523]	:	Fixation at trial 3: 51.491000
52033	[522]	:	Catch Stim at trial 3: 52.013000
55558	[3525]	:	Catch Q at trial 3: 52.013000
56655	[1097]	:	Key	28	DOWN	at	56655   
57538	[883]	:	Respose to catch Q at trial 3: 56.661000
57538	[0]	:	RT and choice to catch Q at trial 3: 1.123000, 28
57563	[25]	:	Fixation at trial 4: 57.543000
58085	[522]	:	Object at trial 4: 58.065000
61608	[3523]	:	Fixation at trial 4: 61.588000
62130	[522]	:	Catch Stim at trial 4: 62.110000
65656	[3526]	:	Catch Q at trial 4: 62.110000
66585	[929]	:	Key	30	DOWN	at	66585   
67636	[1051]	:	Respose to catch Q at trial 4: 66.591000
67636	[0]	:	RT and choice to catch Q at trial 4: 0.955000, 30
67661	[25]	:	Fixation at trial 5: 67.641000
68183	[522]	:	Object at trial 5: 68.163000
71706	[3523]	:	Fixation at trial 5: 71.686000
72228	[522]	:	Catch Stim at trial 5: 72.208000
75754	[3526]	:	Catch Q at trial 5: 72.208000
76516	[762]	:	Key	30	DOWN	at	76516   
77734	[1218]	:	Respose to catch Q at trial 5: 76.522000
77734	[0]	:	RT and choice to catch Q at trial 5: 0.788000, 30
77759	[25]	:	Fixation at trial 6: 77.739000
78282	[523]	:	Object at trial 6: 78.262000
81805	[3523]	:	Fixation at trial 6: 81.785000
82327	[522]	:	Catch Stim at trial 6: 82.307000
85853	[3526]	:	Catch Q at trial 6: 82.307000
87106	[1253]	:	Key	30	DOWN	at	87106   
87833	[727]	:	Respose to catch Q at trial 6: 87.112000
87833	[0]	:	RT and choice to catch Q at trial 6: 1.279000, 30
87858	[25]	:	Fixation at trial 7: 87.838000
88380	[522]	:	Object at trial 7: 88.360000
91903	[3523]	:	Fixation at trial 7: 91.883000
92425	[522]	:	Catch Stim at trial 7: 92.405000
95950	[3525]	:	Catch Q at trial 7: 92.405000
96997	[1047]	:	Key	28	DOWN	at	96997   
97930	[933]	:	Respose to catch Q at trial 7: 97.003000
97930	[0]	:	RT and choice to catch Q at trial 7: 1.073000, 28
97955	[25]	:	Fixation at trial 8: 97.935000
98477	[522]	:	Object at trial 8: 98.457000
102000	[3523]	:	Fixation at trial 8: 101.980000
102522	[522]	:	Catch Stim at trial 8: 102.502000
106047	[3525]	:	Catch Q at trial 8: 102.502000
106758	[711]	:	Key	30	DOWN	at	106758  
108027	[1269]	:	Respose to catch Q at trial 8: 106.764000
108027	[0]	:	RT and choice to catch Q at trial 8: 0.737000, 30
108052	[25]	:	Fixation at trial 9: 108.032000
108574	[522]	:	Object at trial 9: 108.554000
112097	[3523]	:	Fixation at trial 9: 112.077000
112619	[522]	:	Catch Stim at trial 9: 112.599000
116144	[3525]	:	Catch Q at trial 9: 112.599000
117178	[1034]	:	Key	28	DOWN	at	117178  
118124	[946]	:	Respose to catch Q at trial 9: 117.184000
118125	[1]	:	RT and choice to catch Q at trial 9: 1.060000, 28
118151	[26]	:	Fixation at trial 10: 118.131000
118673	[522]	:	Object at trial 10: 118.653000
122196	[3523]	:	Fixation at trial 10: 122.176000
122718	[522]	:	Catch Stim at trial 10: 122.698000
126243	[3525]	:	Catch Q at trial 10: 122.698000
127164	[921]	:	Key	28	DOWN	at	127164  
128223	[1059]	:	Respose to catch Q at trial 10: 127.170000
128223	[0]	:	RT and choice to catch Q at trial 10: 0.947000, 28
128249	[26]	:	Fixation at trial 11: 128.228000
128771	[522]	:	Object at trial 11: 128.751000
132294	[3523]	:	Fixation at trial 11: 132.274000
132816	[522]	:	Catch Stim at trial 11: 132.796000
136341	[3525]	:	Catch Q at trial 11: 132.796000
136994	[653]	:	Key	30	DOWN	at	136994  
138321	[1327]	:	Respose to catch Q at trial 11: 136.999000
138322	[1]	:	RT and choice to catch Q at trial 11: 0.678000, 30
138365	[43]	:	Fixation at trial 12: 138.345000
138887	[522]	:	Object at trial 12: 138.867000
142410	[3523]	:	Fixation at trial 12: 142.390000
142932	[522]	:	Catch Stim at trial 12: 142.912000
146457	[3525]	:	Catch Q at trial 12: 142.912000
147220	[763]	:	Key	30	DOWN	at	147220  
148437	[1217]	:	Respose to catch Q at trial 12: 147.226000
148437	[0]	:	RT and choice to catch Q at trial 12: 0.789000, 30
148462	[25]	:	Fixation at trial 13: 148.442000
148984	[522]	:	Object at trial 13: 148.964000
152507	[3523]	:	Fixation at trial 13: 152.487000
153030	[523]	:	Catch Stim at trial 13: 153.010000
156555	[3525]	:	Catch Q at trial 13: 153.010000
157480	[925]	:	Key	28	DOWN	at	157480  
158535	[1055]	:	Respose to catch Q at trial 13: 157.486000
158535	[0]	:	RT and choice to catch Q at trial 13: 0.951000, 28
158560	[25]	:	Fixation at trial 14: 158.540000
159082	[522]	:	Object at trial 14: 159.062000
162605	[3523]	:	Fixation at trial 14: 162.585000
163128	[523]	:	Catch Stim at trial 14: 163.108000
166654	[3526]	:	Catch Q at trial 14: 163.108000
167701	[1047]	:	Key	30	DOWN	at	167701  
168634	[933]	:	Respose to catch Q at trial 14: 167.707000
168634	[0]	:	RT and choice to catch Q at trial 14: 1.073000, 30
168659	[25]	:	Fixation at trial 15: 168.639000
169181	[522]	:	Object at trial 15: 169.161000
172705	[3524]	:	Fixation at trial 15: 172.685000
173227	[522]	:	Catch Stim at trial 15: 173.207000
176753	[3526]	:	Catch Q at trial 15: 173.207000
177952	[1199]	:	Key	28	DOWN	at	177952  
178733	[781]	:	Respose to catch Q at trial 15: 177.958000
178733	[0]	:	RT and choice to catch Q at trial 15: 1.225000, 28
178758	[25]	:	Fixation at trial 16: 178.738000
179280	[522]	:	Object at trial 16: 179.260000
182803	[3523]	:	Fixation at trial 16: 182.783000
183325	[522]	:	Catch Stim at trial 16: 183.305000
186851	[3526]	:	Catch Q at trial 16: 183.305000
187712	[861]	:	Key	30	DOWN	at	187712  
188831	[1119]	:	Respose to catch Q at trial 16: 187.718000
188831	[0]	:	RT and choice to catch Q at trial 16: 0.887000, 30
188856	[25]	:	Fixation at trial 17: 188.836000
189379	[523]	:	Object at trial 17: 189.359000
192902	[3523]	:	Fixation at trial 17: 192.882000
193424	[522]	:	Catch Stim at trial 17: 193.404000
196949	[3525]	:	Catch Q at trial 17: 193.404000
197628	[679]	:	Key	30	DOWN	at	197628  
198929	[1301]	:	Respose to catch Q at trial 17: 197.633000
198929	[0]	:	RT and choice to catch Q at trial 17: 0.704000, 30
198954	[25]	:	Fixation at trial 18: 198.934000
199476	[522]	:	Object at trial 18: 199.456000
202999	[3523]	:	Fixation at trial 18: 202.979000
203520	[521]	:	Catch Stim at trial 18: 203.500000
207045	[3525]	:	Catch Q at trial 18: 203.500000
207623	[578]	:	Key	30	DOWN	at	207623  
209025	[1402]	:	Respose to catch Q at trial 18: 207.628000
209025	[0]	:	RT and choice to catch Q at trial 18: 0.603000, 30
209050	[25]	:	Fixation at trial 19: 209.030000
209572	[522]	:	Object at trial 19: 209.552000
213095	[3523]	:	Fixation at trial 19: 213.075000
213617	[522]	:	Catch Stim at trial 19: 213.597000
217142	[3525]	:	Catch Q at trial 19: 213.597000
217809	[667]	:	Key	30	DOWN	at	217809  
219122	[1313]	:	Respose to catch Q at trial 19: 217.815000
219122	[0]	:	RT and choice to catch Q at trial 19: 0.693000, 30
219147	[25]	:	Fixation at trial 20: 219.127000
219669	[522]	:	Object at trial 20: 219.649000
223192	[3523]	:	Fixation at trial 20: 223.172000
223715	[523]	:	Catch Stim at trial 20: 223.695000
227240	[3525]	:	Catch Q at trial 20: 223.695000
228414	[1174]	:	Key	28	DOWN	at	228414  
229220	[806]	:	Respose to catch Q at trial 20: 228.420000
229221	[1]	:	RT and choice to catch Q at trial 20: 1.200000, 28
229245	[24]	:	Fixation at trial 21: 229.225000
229767	[522]	:	Object at trial 21: 229.747000
233290	[3523]	:	Fixation at trial 21: 233.270000
233812	[522]	:	Catch Stim at trial 21: 233.792000
237337	[3525]	:	Catch Q at trial 21: 233.792000
238035	[698]	:	Key	30	DOWN	at	238035  
239317	[1282]	:	Respose to catch Q at trial 21: 238.041000
239317	[0]	:	RT and choice to catch Q at trial 21: 0.724000, 30
239342	[25]	:	Fixation at trial 22: 239.322000
239864	[522]	:	Object at trial 22: 239.844000
243387	[3523]	:	Fixation at trial 22: 243.367000
243909	[522]	:	Catch Stim at trial 22: 243.889000
247434	[3525]	:	Catch Q at trial 22: 243.889000
248316	[882]	:	Key	28	DOWN	at	248316  
249414	[1098]	:	Respose to catch Q at trial 22: 248.322000
249414	[0]	:	RT and choice to catch Q at trial 22: 0.908000, 28
249439	[25]	:	Fixation at trial 23: 249.419000
249961	[522]	:	Object at trial 23: 249.941000
253484	[3523]	:	Fixation at trial 23: 253.464000
254006	[522]	:	Catch Stim at trial 23: 253.986000
257531	[3525]	:	Catch Q at trial 23: 253.986000
258245	[714]	:	Key	28	DOWN	at	258245  
259512	[1267]	:	Respose to catch Q at trial 23: 258.252000
259512	[0]	:	RT and choice to catch Q at trial 23: 0.741000, 28
259538	[26]	:	Fixation at trial 24: 259.517000
260060	[522]	:	Object at trial 24: 260.040000
263583	[3523]	:	Fixation at trial 24: 263.563000
264105	[522]	:	Catch Stim at trial 24: 264.085000
267638	[3533]	:	Catch Q at trial 24: 264.085000
268377	[739]	:	Key	28	DOWN	at	268377  
269618	[1241]	:	Respose to catch Q at trial 24: 268.383000
269618	[0]	:	RT and choice to catch Q at trial 24: 0.765000, 28
269643	[25]	:	Fixation at trial 25: 269.623000
270165	[522]	:	Object at trial 25: 270.145000
273688	[3523]	:	Fixation at trial 25: 273.668000
274218	[530]	:	Catch Stim at trial 25: 274.198000
277743	[3525]	:	Catch Q at trial 25: 274.198000
278542	[799]	:	Key	28	DOWN	at	278542  
279723	[1181]	:	Respose to catch Q at trial 25: 278.548000
279723	[0]	:	RT and choice to catch Q at trial 25: 0.825000, 28
279748	[25]	:	Fixation at trial 26: 279.728000
280270	[522]	:	Object at trial 26: 280.250000
283793	[3523]	:	Fixation at trial 26: 283.773000
284315	[522]	:	Catch Stim at trial 26: 284.295000
287840	[3525]	:	Catch Q at trial 26: 284.295000
289028	[1188]	:	Key	28	DOWN	at	289028  
289820	[792]	:	Respose to catch Q at trial 26: 289.034000
289820	[0]	:	RT and choice to catch Q at trial 26: 1.214000, 28
289845	[25]	:	Fixation at trial 27: 289.825000
290368	[523]	:	Object at trial 27: 290.348000
293891	[3523]	:	Fixation at trial 27: 293.871000
294412	[521]	:	Catch Stim at trial 27: 294.392000
297937	[3525]	:	Catch Q at trial 27: 294.392000
298839	[902]	:	Key	30	DOWN	at	298839  
299917	[1078]	:	Respose to catch Q at trial 27: 298.845000
299917	[0]	:	RT and choice to catch Q at trial 27: 0.928000, 30
299942	[25]	:	Fixation at trial 28: 299.922000
300464	[522]	:	Object at trial 28: 300.444000
303987	[3523]	:	Fixation at trial 28: 303.967000
304509	[522]	:	Catch Stim at trial 28: 304.489000
308034	[3525]	:	Catch Q at trial 28: 304.489000
309259	[1225]	:	Key	28	DOWN	at	309259  
310014	[755]	:	Respose to catch Q at trial 28: 309.265000
310014	[0]	:	RT and choice to catch Q at trial 28: 1.251000, 28
310039	[25]	:	Fixation at trial 29: 310.019000
310561	[522]	:	Object at trial 29: 310.541000
314084	[3523]	:	Fixation at trial 29: 314.064000
314605	[521]	:	Catch Stim at trial 29: 314.585000
318130	[3525]	:	Catch Q at trial 29: 314.585000
318770	[640]	:	Key	30	DOWN	at	318770  
320110	[1340]	:	Respose to catch Q at trial 29: 318.776000
320110	[0]	:	RT and choice to catch Q at trial 29: 0.666000, 30
320135	[25]	:	Fixation at trial 30: 320.115000
320657	[522]	:	Object at trial 30: 320.637000
324180	[3523]	:	Fixation at trial 30: 324.160000
324702	[522]	:	Catch Stim at trial 30: 324.682000
328227	[3525]	:	Catch Q at trial 30: 324.682000
329130	[903]	:	Key	28	DOWN	at	329130  
330207	[1077]	:	Respose to catch Q at trial 30: 329.136000
330207	[0]	:	RT and choice to catch Q at trial 30: 0.929000, 28
330232	[25]	:	Fixation at trial 31: 330.212000
330754	[522]	:	Object at trial 31: 330.734000
334277	[3523]	:	Fixation at trial 31: 334.257000
334799	[522]	:	Catch Stim at trial 31: 334.779000
338324	[3525]	:	Catch Q at trial 31: 334.779000
339346	[1022]	:	Key	28	DOWN	at	339346  
340304	[958]	:	Respose to catch Q at trial 31: 339.352000
340304	[0]	:	RT and choice to catch Q at trial 31: 1.048000, 28
340329	[25]	:	Fixation at trial 32: 340.309000
340852	[523]	:	Object at trial 32: 340.832000
344375	[3523]	:	Fixation at trial 32: 344.355000
344897	[522]	:	Catch Stim at trial 32: 344.877000
348422	[3525]	:	Catch Q at trial 32: 344.877000
349236	[814]	:	Key	28	DOWN	at	349236  
350402	[1166]	:	Respose to catch Q at trial 32: 349.242000
350402	[0]	:	RT and choice to catch Q at trial 32: 0.840000, 28
350427	[25]	:	Fixation at trial 33: 350.407000
350950	[523]	:	Object at trial 33: 350.930000
354473	[3523]	:	Fixation at trial 33: 354.453000
354995	[522]	:	Catch Stim at trial 33: 354.975000
358520	[3525]	:	Catch Q at trial 33: 354.975000
359177	[657]	:	Key	30	DOWN	at	359177  
360500	[1323]	:	Respose to catch Q at trial 33: 359.183000
360500	[0]	:	RT and choice to catch Q at trial 33: 0.683000, 30
360526	[26]	:	Fixation at trial 34: 360.506000
361048	[522]	:	Object at trial 34: 361.028000
364571	[3523]	:	Fixation at trial 34: 364.551000
365092	[521]	:	Catch Stim at trial 34: 365.072000
368617	[3525]	:	Catch Q at trial 34: 365.072000
369483	[866]	:	Key	28	DOWN	at	369483  
370597	[1114]	:	Respose to catch Q at trial 34: 369.489000
370597	[0]	:	RT and choice to catch Q at trial 34: 0.892000, 28
370622	[25]	:	Fixation at trial 35: 370.602000
371144	[522]	:	Object at trial 35: 371.124000
374667	[3523]	:	Fixation at trial 35: 374.647000
375189	[522]	:	Catch Stim at trial 35: 375.169000
378714	[3525]	:	Catch Q at trial 35: 375.169000
379328	[614]	:	Key	30	DOWN	at	379328  
380694	[1366]	:	Respose to catch Q at trial 35: 379.334000
380694	[0]	:	RT and choice to catch Q at trial 35: 0.640000, 30
380719	[25]	:	Fixation at trial 36: 380.699000
381241	[522]	:	Object at trial 36: 381.221000
384764	[3523]	:	Fixation at trial 36: 384.744000
385285	[521]	:	Catch Stim at trial 36: 385.265000
388810	[3525]	:	Catch Q at trial 36: 385.265000
389459	[649]	:	Key	30	DOWN	at	389459  
390790	[1331]	:	Respose to catch Q at trial 36: 389.464000
390790	[0]	:	RT and choice to catch Q at trial 36: 0.674000, 30
390815	[25]	:	Fixation at trial 37: 390.795000
391337	[522]	:	Object at trial 37: 391.317000
394860	[3523]	:	Fixation at trial 37: 394.840000
395381	[521]	:	Catch Stim at trial 37: 395.361000
398906	[3525]	:	Catch Q at trial 37: 395.361000
399754	[848]	:	Key	28	DOWN	at	399754  
400886	[1132]	:	Respose to catch Q at trial 37: 399.759000
400886	[0]	:	RT and choice to catch Q at trial 37: 0.873000, 28
400911	[25]	:	Fixation at trial 38: 400.891000
401433	[522]	:	Object at trial 38: 401.413000
404956	[3523]	:	Fixation at trial 38: 404.936000
405477	[521]	:	Catch Stim at trial 38: 405.457000
409002	[3525]	:	Catch Q at trial 38: 405.457000
410210	[1208]	:	Key	28	DOWN	at	410210  
410982	[772]	:	Respose to catch Q at trial 38: 410.216000
410982	[0]	:	RT and choice to catch Q at trial 38: 1.234000, 28
411007	[25]	:	Fixation at trial 39: 410.987000
411529	[522]	:	Object at trial 39: 411.509000
415052	[3523]	:	Fixation at trial 39: 415.032000
415573	[521]	:	Catch Stim at trial 39: 415.553000
419098	[3525]	:	Catch Q at trial 39: 415.553000
419715	[617]	:	Key	30	DOWN	at	419715  
421078	[1363]	:	Respose to catch Q at trial 39: 419.720000
421078	[0]	:	RT and choice to catch Q at trial 39: 0.642000, 30
421103	[25]	:	Fixation at trial 40: 421.083000
421625	[522]	:	Object at trial 40: 421.605000
425148	[3523]	:	Fixation at trial 40: 425.128000
425669	[521]	:	Catch Stim at trial 40: 425.649000
429194	[3525]	:	Catch Q at trial 40: 425.649000
430281	[1087]	:	Key	30	DOWN	at	430281  
431174	[893]	:	Respose to catch Q at trial 40: 430.287000
431175	[1]	:	RT and choice to catch Q at trial 40: 1.113000, 30
431199	[24]	:	Fixation at trial 41: 431.179000
431721	[522]	:	Object at tr