Cog2000 log file Thu Nov 28 09:50:20 2019
gprim v1.29 Compiled:Feb  1 2010 (GLib DirectDraw v7 DX10.0 Compiled:Feb  1 2010)
Display:1024x768x32 59.81Hz
CogInput v1.05 Compiled: May 20 2010
0	[0]	:	COGENT START
28623	[28623]	:	Key	30	DOWN	at	28623   
28878	[255]	:	Key	30	UP	at	28878   
32033	[3155]	:	Key	28	DOWN	at	32033   
32218	[185]	:	Key	28	UP	at	32218   
68350	[36132]	:	Key	71	DOWN	at	68350   
68411	[61]	:	Fixation at trial 1: 68.389000
68985	[574]	:	Object at trial 1: 68.964000
72518	[3533]	:	Fixation at trial 1: 72.497000
73057	[539]	:	Catch Stim at trial 1: 73.036000
76605	[3548]	:	Catch Q at trial 1: 73.036000
78639	[2034]	:	Respose to catch Q at trial 1: 78.116000
78641	[2]	:	RT and choice to catch Q at trial 1: 1.532000, 0
78694	[53]	:	Fixation at trial 2: 78.674000
79218	[524]	:	Object at trial 2: 79.198000
82741	[3523]	:	Fixation at trial 2: 82.721000
83269	[528]	:	Catch Stim at trial 2: 83.249000
86798	[3529]	:	Catch Q at trial 2: 83.249000
87801	[1003]	:	Key	28	DOWN	at	87801   
88781	[980]	:	Respose to catch Q at trial 2: 87.817000
88782	[1]	:	RT and choice to catch Q at trial 2: 1.039000, 28
88833	[51]	:	Fixation at trial 3: 88.813000
89357	[524]	:	Object at trial 3: 89.337000
92880	[3523]	:	Fixation at trial 3: 92.860000
93403	[523]	:	Catch Stim at trial 3: 93.383000
96928	[3525]	:	Catch Q at trial 3: 93.383000
97911	[983]	:	Key	28	DOWN	at	97911   
98908	[997]	:	Respose to catch Q at trial 3: 97.919000
98909	[1]	:	RT and choice to catch Q at trial 3: 1.011000, 28
98952	[43]	:	Fixation at trial 4: 98.932000
99474	[522]	:	Object at trial 4: 99.454000
102997	[3523]	:	Fixation at trial 4: 102.977000
103522	[525]	:	Catch Stim at trial 4: 103.502000
107049	[3527]	:	Catch Q at trial 4: 103.502000
107802	[753]	:	Key	28	DOWN	at	107802  
109029	[1227]	:	Respose to catch Q at trial 4: 107.808000
109030	[1]	:	RT and choice to catch Q at trial 4: 0.779000, 28
109056	[26]	:	Fixation at trial 5: 109.036000
109579	[523]	:	Object at trial 5: 109.559000
113102	[3523]	:	Fixation at trial 5: 113.082000
113624	[522]	:	Catch Stim at trial 5: 113.604000
117150	[3526]	:	Catch Q at trial 5: 113.604000
117798	[648]	:	Key	28	DOWN	at	117798  
119130	[1332]	:	Respose to catch Q at trial 5: 117.804000
119130	[0]	:	RT and choice to catch Q at trial 5: 0.674000, 28
119158	[28]	:	Fixation at trial 6: 119.138000
119680	[522]	:	Object at trial 6: 119.660000
123203	[3523]	:	Fixation at trial 6: 123.183000
123728	[525]	:	Catch Stim at trial 6: 123.708000
127253	[3525]	:	Catch Q at trial 6: 123.708000
128363	[1110]	:	Key	28	DOWN	at	128363  
129233	[870]	:	Respose to catch Q at trial 6: 128.369000
129233	[0]	:	RT and choice to catch Q at trial 6: 1.136000, 28
129261	[28]	:	Fixation at trial 7: 129.240000
129783	[522]	:	Object at trial 7: 129.763000
133306	[3523]	:	Fixation at trial 7: 133.286000
133829	[523]	:	Catch Stim at trial 7: 133.809000
137354	[3525]	:	Catch Q at trial 7: 133.809000
137984	[630]	:	Key	28	DOWN	at	137984  
139334	[1350]	:	Respose to catch Q at trial 7: 137.990000
139335	[1]	:	RT and choice to catch Q at trial 7: 0.656000, 28
139360	[25]	:	Fixation at trial 8: 139.340000
139884	[524]	:	Object at trial 8: 139.864000
143408	[3524]	:	Fixation at trial 8: 143.388000
143931	[523]	:	Catch Stim at trial 8: 143.911000
147456	[3525]	:	Catch Q at trial 8: 143.911000
148779	[1323]	:	Key	28	DOWN	at	148779  
149437	[658]	:	Respose to catch Q at trial 8: 148.785000
149438	[1]	:	RT and choice to catch Q at trial 8: 1.349000, 28
149463	[25]	:	Fixation at trial 9: 149.443000
149985	[522]	:	Object at trial 9: 149.965000
153508	[3523]	:	Fixation at trial 9: 153.488000
154031	[523]	:	Catch Stim at trial 9: 154.011000
157556	[3525]	:	Catch Q at trial 9: 154.011000
158280	[724]	:	Key	30	DOWN	at	158280  
159536	[1256]	:	Respose to catch Q at trial 9: 158.288000
159537	[1]	:	RT and choice to catch Q at trial 9: 0.752000, 30
159561	[24]	:	Fixation at trial 10: 159.541000
160083	[522]	:	Object at trial 10: 160.063000
163606	[3523]	:	Fixation at trial 10: 163.586000
164128	[522]	:	Catch Stim at trial 10: 164.108000
167653	[3525]	:	Catch Q at trial 10: 164.108000
168726	[1073]	:	Key	28	DOWN	at	168726  
169633	[907]	:	Respose to catch Q at trial 10: 168.732000
169634	[1]	:	RT and choice to catch Q at trial 10: 1.099000, 28
169659	[25]	:	Fixation at trial 11: 169.639000
170181	[522]	:	Object at trial 11: 170.161000
173704	[3523]	:	Fixation at trial 11: 173.684000
174227	[523]	:	Catch Stim at trial 11: 174.207000
177752	[3525]	:	Catch Q at trial 11: 174.207000
178811	[1059]	:	Key	28	DOWN	at	178811  
179732	[921]	:	Respose to catch Q at trial 11: 178.817000
179732	[0]	:	RT and choice to catch Q at trial 11: 1.085000, 28
179757	[25]	:	Fixation at trial 12: 179.737000
180279	[522]	:	Object at trial 12: 180.259000
183802	[3523]	:	Fixation at trial 12: 183.782000
184323	[521]	:	Catch Stim at trial 12: 184.303000
187848	[3525]	:	Catch Q at trial 12: 184.303000
188517	[669]	:	Key	28	DOWN	at	188517  
189828	[1311]	:	Respose to catch Q at trial 12: 188.522000
189829	[1]	:	RT and choice to catch Q at trial 12: 0.694000, 28
189854	[25]	:	Fixation at trial 13: 189.834000
190376	[522]	:	Object at trial 13: 190.356000
193899	[3523]	:	Fixation at trial 13: 193.879000
194421	[522]	:	Catch Stim at trial 13: 194.401000
197946	[3525]	:	Catch Q at trial 13: 194.401000
199147	[1201]	:	Key	28	DOWN	at	199147  
199926	[779]	:	Respose to catch Q at trial 13: 199.152000
199927	[1]	:	RT and choice to catch Q at trial 13: 1.226000, 28
199951	[24]	:	Fixation at trial 14: 199.931000
200473	[522]	:	Object at trial 14: 200.453000
203996	[3523]	:	Fixation at trial 14: 203.976000
204517	[521]	:	Catch Stim at trial 14: 204.497000
208042	[3525]	:	Catch Q at trial 14: 204.497000
208933	[891]	:	Key	30	DOWN	at	208933  
210022	[1089]	:	Respose to catch Q at trial 14: 208.939000
210023	[1]	:	RT and choice to catch Q at trial 14: 0.917000, 30
210047	[24]	:	Fixation at trial 15: 210.027000
210569	[522]	:	Object at trial 15: 210.549000
214092	[3523]	:	Fixation at trial 15: 214.072000
214613	[521]	:	Catch Stim at trial 15: 214.593000
218138	[3525]	:	Catch Q at trial 15: 214.593000
219098	[960]	:	Key	28	DOWN	at	219098  
220118	[1020]	:	Respose to catch Q at trial 15: 219.104000
220119	[1]	:	RT and choice to catch Q at trial 15: 0.986000, 28
220143	[24]	:	Fixation at trial 16: 220.123000
220665	[522]	:	Object at trial 16: 220.645000
224188	[3523]	:	Fixation at trial 16: 224.168000
224709	[521]	:	Catch Stim at trial 16: 224.689000
228235	[3526]	:	Catch Q at trial 16: 224.689000
228949	[714]	:	Key	28	DOWN	at	228949  
230215	[1266]	:	Respose to catch Q at trial 16: 228.955000
230216	[1]	:	RT and choice to catch Q at trial 16: 0.740000, 28
230240	[24]	:	Fixation at trial 17: 230.220000
230762	[522]	:	Object at trial 17: 230.742000
234285	[3523]	:	Fixation at trial 17: 234.265000
234807	[522]	:	Catch Stim at trial 17: 234.787000
238334	[3527]	:	Catch Q at trial 17: 234.787000
238945	[611]	:	Key	30	DOWN	at	238945  
240314	[1369]	:	Respose to catch Q at trial 17: 238.952000
240314	[0]	:	RT and choice to catch Q at trial 17: 0.638000, 30
240339	[25]	:	Fixation at trial 18: 240.319000
240861	[522]	:	Object at trial 18: 240.841000
244384	[3523]	:	Fixation at trial 18: 244.364000
244906	[522]	:	Catch Stim at trial 18: 244.886000
248431	[3525]	:	Catch Q at trial 18: 244.886000
249490	[1059]	:	Key	28	DOWN	at	249490  
250411	[921]	:	Respose to catch Q at trial 18: 249.496000
250412	[1]	:	RT and choice to catch Q at trial 18: 1.085000, 28
250438	[26]	:	Fixation at trial 19: 250.418000
250960	[522]	:	Object at trial 19: 250.940000
254483	[3523]	:	Fixation at trial 19: 254.463000
255004	[521]	:	Catch Stim at trial 19: 254.984000
258529	[3525]	:	Catch Q at trial 19: 254.984000
259696	[1167]	:	Key	30	DOWN	at	259696  
260509	[813]	:	Respose to catch Q at trial 19: 259.702000
260509	[0]	:	RT and choice to catch Q at trial 19: 1.193000, 30
260534	[25]	:	Fixation at trial 20: 260.514000
261057	[523]	:	Object at trial 20: 261.036000
264579	[3522]	:	Fixation at trial 20: 264.559000
265101	[522]	:	Catch Stim at trial 20: 265.081000
268626	[3525]	:	Catch Q at trial 20: 265.081000
269266	[640]	:	Key	28	DOWN	at	269266  
270606	[1340]	:	Respose to catch Q at trial 20: 269.272000
270607	[1]	:	RT and choice to catch Q at trial 20: 0.666000, 28
270631	[24]	:	Fixation at trial 21: 270.611000
271153	[522]	:	Object at trial 21: 271.133000
274676	[3523]	:	Fixation at trial 21: 274.656000
275198	[522]	:	Catch Stim at trial 21: 275.178000
278723	[3525]	:	Catch Q at trial 21: 275.178000
279202	[479]	:	Key	30	DOWN	at	279202  
280703	[1501]	:	Respose to catch Q at trial 21: 279.207000
280703	[0]	:	RT and choice to catch Q at trial 21: 0.504000, 30
280728	[25]	:	Fixation at trial 22: 280.708000
281250	[522]	:	Object at trial 22: 281.230000
284773	[3523]	:	Fixation at trial 22: 284.753000
285294	[521]	:	Catch Stim at trial 22: 285.274000
288819	[3525]	:	Catch Q at trial 22: 285.274000
289557	[738]	:	Key	28	DOWN	at	289557  
290799	[1242]	:	Respose to catch Q at trial 22: 289.563000
290799	[0]	:	RT and choice to catch Q at trial 22: 0.764000, 28
290824	[25]	:	Fixation at trial 23: 290.804000
291346	[522]	:	Object at trial 23: 291.326000
294869	[3523]	:	Fixation at trial 23: 294.849000
295390	[521]	:	Catch Stim at trial 23: 295.370000
298914	[3524]	:	Catch Q at trial 23: 295.370000
299753	[839]	:	Key	30	DOWN	at	299753  
300894	[1141]	:	Respose to catch Q at trial 23: 299.759000
300894	[0]	:	RT and choice to catch Q at trial 23: 0.865000, 30
300919	[25]	:	Fixation at trial 24: 300.899000
301443	[524]	:	Object at trial 24: 301.423000
304966	[3523]	:	Fixation at trial 24: 304.946000
305488	[522]	:	Catch Stim at trial 24: 305.468000
309013	[3525]	:	Catch Q at trial 24: 305.468000
309804	[791]	:	Key	28	DOWN	at	309804  
310993	[1189]	:	Respose to catch Q at trial 24: 309.810000
310993	[0]	:	RT and choice to catch Q at trial 24: 0.817000, 28
311018	[25]	:	Fixation at trial 25: 310.998000
311540	[522]	:	Object at trial 25: 311.520000
315063	[3523]	:	Fixation at trial 25: 315.043000
315584	[521]	:	Catch Stim at trial 25: 315.564000
319109	[3525]	:	Catch Q at trial 25: 315.564000
319744	[635]	:	Key	30	DOWN	at	319744  
321089	[1345]	:	Respose to catch Q at trial 25: 319.750000
321089	[0]	:	RT and choice to catch Q at trial 25: 0.661000, 30
321114	[25]	:	Fixation at trial 26: 321.094000
321636	[522]	:	Object at trial 26: 321.616000
325159	[3523]	:	Fixation at trial 26: 325.139000
325681	[522]	:	Catch Stim at trial 26: 325.661000
329206	[3525]	:	Catch Q at trial 26: 325.661000
329640	[434]	:	Key	30	DOWN	at	329640  
331186	[1546]	:	Respose to catch Q at trial 26: 329.645000
331186	[0]	:	RT and choice to catch Q at trial 26: 0.459000, 30
331211	[25]	:	Fixation at trial 27: 331.191000
331733	[522]	:	Object at trial 27: 331.713000
335256	[3523]	:	Fixation at trial 27: 335.236000
335778	[522]	:	Catch Stim at trial 27: 335.758000
339303	[3525]	:	Catch Q at trial 27: 335.758000
339925	[622]	:	Key	28	DOWN	at	339925  
341283	[1358]	:	Respose to catch Q at trial 27: 339.931000
341283	[0]	:	RT and choice to catch Q at trial 27: 0.648000, 28
341308	[25]	:	Fixation at trial 28: 341.288000
341830	[522]	:	Object at trial 28: 341.810000
345353	[3523]	:	Fixation at trial 28: 345.333000
345875	[522]	:	Catch Stim at trial 28: 345.855000
349400	[3525]	:	Catch Q at trial 28: 345.855000
350041	[641]	:	Key	30	DOWN	at	350041  
351380	[1339]	:	Respose to catch Q at trial 28: 350.047000
351380	[0]	:	RT and choice to catch Q at trial 28: 0.667000, 30
351405	[25]	:	Fixation at trial 29: 351.385000
351927	[522]	:	Object at trial 29: 351.907000
355450	[3523]	:	Fixation at trial 29: 355.430000
355972	[522]	:	Catch Stim at trial 29: 355.952000
359497	[3525]	:	Catch Q at trial 29: 355.952000
360191	[694]	:	Key	28	DOWN	at	360191  
361477	[1286]	:	Respose to catch Q at trial 29: 360.197000
361477	[0]	:	RT and choice to catch Q at trial 29: 0.720000, 28
361502	[25]	:	Fixation at trial 30: 361.482000
362025	[523]	:	Object at trial 30: 362.005000
365548	[3523]	:	Fixation at trial 30: 365.528000
366070	[522]	:	Catch Stim at trial 30: 366.050000
369595	[3525]	:	Catch Q at trial 30: 366.050000
370737	[1142]	:	Key	28	DOWN	at	370737  
371575	[838]	:	Respose to catch Q at trial 30: 370.743000
371576	[1]	:	RT and choice to catch Q at trial 30: 1.168000, 28
371600	[24]	:	Fixation at trial 31: 371.580000
372122	[522]	:	Object at trial 31: 372.102000
375645	[3523]	:	Fixation at trial 31: 375.625000
376166	[521]	:	Catch Stim at trial 31: 376.146000
379692	[3526]	:	Catch Q at trial 31: 376.146000
380333	[641]	:	Key	30	DOWN	at	380333  
381672	[1339]	:	Respose to catch Q at trial 31: 380.339000
381672	[0]	:	RT and choice to catch Q at trial 31: 0.667000, 30
381697	[25]	:	Fixation at trial 32: 381.677000
382219	[522]	:	Object at trial 32: 382.199000
385742	[3523]	:	Fixation at trial 32: 385.722000
386263	[521]	:	Catch Stim at trial 32: 386.243000
389789	[3526]	:	Catch Q at trial 32: 386.243000
390578	[789]	:	Key	28	DOWN	at	390578  
391769	[1191]	:	Respose to catch Q at trial 32: 390.584000
391769	[0]	:	RT and choice to catch Q at trial 32: 0.815000, 28
391794	[25]	:	Fixation at trial 33: 391.774000
392316	[522]	:	Object at trial 33: 392.296000
395839	[3523]	:	Fixation at trial 33: 395.819000
396361	[522]	:	Catch Stim at trial 33: 396.341000
399887	[3526]	:	Catch Q at trial 33: 396.341000
400644	[757]	:	Key	30	DOWN	at	400644  
401867	[1223]	:	Respose to catch Q at trial 33: 400.650000
401868	[1]	:	RT and choice to catch Q at trial 33: 0.783000, 30
401892	[24]	:	Fixation at trial 34: 401.872000
402414	[522]	:	Object at trial 34: 402.394000
405937	[3523]	:	Fixation at trial 34: 405.917000
406459	[522]	:	Catch Stim at trial 34: 406.439000
409984	[3525]	:	Catch Q at trial 34: 406.439000
410774	[790]	:	Key	28	DOWN	at	410774  
411964	[1190]	:	Respose to catch Q at trial 34: 410.779000
411964	[0]	:	RT and choice to catch Q at trial 34: 0.815000, 28
411989	[25]	:	Fixation at trial 35: 411.969000
412511	[522]	:	Object at trial 35: 412.491000
416034	[3523]	:	Fixation at trial 35: 416.014000
416556	[522]	:	Catch Stim at trial 35: 416.536000
420081	[3525]	:	Catch Q at trial 35: 416.536000
420730	[649]	:	Key	30	DOWN	at	420730  
422061	[1331]	:	Respose to catch Q at trial 35: 420.735000
422061	[0]	:	RT and choice to catch Q at trial 35: 0.674000, 30
422086	[25]	:	Fixation at trial 36: 422.066000
422608	[522]	:	Object at trial 36: 422.588000
426131	[3523]	:	Fixation at trial 36: 426.111000
426653	[522]	:	Catch Stim at trial 36: 426.633000
430178	[3525]	:	Catch Q at trial 36: 426.633000
430731	[553]	:	Key	30	DOWN	at	430731  
432158	[1427]	:	Respose to catch Q at trial 36: 430.737000
432158	[0]	:	RT and choice to catch Q at trial 36: 0.579000, 30
432183	[25]	:	Fixation at trial 37: 432.163000
432705	[522]	:	Object at trial 37: 432.685000
436228	[3523]	:	Fixation at trial 37: 436.208000
436750	[522]	:	Catch Stim at trial 37: 436.730000
440275	[3525]	:	Catch Q at trial 37: 436.730000
440881	[606]	:	Key	28	DOWN	at	440881  
442255	[1374]	:	Respose to catch Q at trial 37: 440.886000
442255	[0]	:	RT and choice to catch Q at trial 37: 0.631000, 28
442280	[25]	:	Fixation at trial 38: 442.260000
442802	[522]	:	Object at trial 38: 442.782000
446325	[3523]	:	Fixation at trial 38: 446.305000
446847	[522]	:	Catch Stim at trial 38: 446.827000
450372	[3525]	:	Catch Q at trial 38: 446.827000
451182	[810]	:	Key	30	DOWN	at	451182  
452352	[1170]	:	Respose to catch Q at trial 38: 451.187000
452352	[0]	:	RT and choice to catch Q at trial 38: 0.835000, 30
452377	[25]	:	Fixation at trial 39: 452.357000
452899	[522]	:	Object at trial 39: 452.879000
456422	[3523]	:	Fixation at trial 39: 456.402000
456944	[522]	:	Catch Stim at trial 39: 456.924000
460469	[3525]	:	Catch Q at trial 39: 456.924000
460917	[448]	:	Key	30	DOWN	at	460917  
462449	[1532]	:	Respose to catch Q at trial 39: 460.922000
462449	[0]	:	RT and choice to catch Q at trial 39: 0.473000, 30
462474	[25]	:	Fixation at trial 40: 462.454000
462996	[522]	:	Object at trial 40: 462.976000
466519	[3523]	:	Fixation at trial 40: 466.499000
467040	[521]	:	Catch Stim at trial 40: 467.020000
470565	[3525]	:	Catch Q at trial 40: 467.020000
471343	[778]	:	Key	28	DOWN	at	471343  
472545	[1202]	:	Respose to catch Q at trial 40: 471.349000
472545	[0]	:	RT and choice to catch Q at trial 40: 0.804000, 28
472570	[25]	:	Fixation at trial 41: 472.550000
47309