Cog2000 log file Thu Nov 28 10:20:50 2019
gprim v1.29 Compiled:Feb  1 2010 (GLib DirectDraw v7 DX10.0 Compiled:Feb  1 2010)
Display:1024x768x32 59.77Hz
CogInput v1.05 Compiled: May 20 2010
0	[0]	:	COGENT START
1945	[1945]	:	Key	30	DOWN	at	1945    
2155	[210]	:	Key	30	UP	at	2155    
5270	[3115]	:	Key	28	DOWN	at	5270    
5465	[195]	:	Key	28	UP	at	5465    
25131	[19666]	:	Key	71	DOWN	at	25131   
25189	[58]	:	Fixation at trial 1: 25.169000
25716	[527]	:	Object at trial 1: 25.695000
29240	[3524]	:	Fixation at trial 1: 29.219000
29769	[529]	:	Catch Stim at trial 1: 29.748000
33298	[3529]	:	Catch Q at trial 1: 29.748000
34082	[784]	:	Key	28	DOWN	at	34082   
35278	[1196]	:	Respose to catch Q at trial 1: 34.090000
35279	[1]	:	RT and choice to catch Q at trial 1: 0.813000, 28
35314	[35]	:	Fixation at trial 2: 35.294000
35836	[522]	:	Object at trial 2: 35.816000
39359	[3523]	:	Fixation at trial 2: 39.339000
39883	[524]	:	Catch Stim at trial 2: 39.863000
43408	[3525]	:	Catch Q at trial 2: 39.863000
44022	[614]	:	Key	30	DOWN	at	44022   
45388	[1366]	:	Respose to catch Q at trial 2: 44.028000
45389	[1]	:	RT and choice to catch Q at trial 2: 0.640000, 30
45422	[33]	:	Fixation at trial 3: 45.402000
45944	[522]	:	Object at trial 3: 45.924000
49467	[3523]	:	Fixation at trial 3: 49.447000
49989	[522]	:	Catch Stim at trial 3: 49.969000
53514	[3525]	:	Catch Q at trial 3: 49.969000
54388	[874]	:	Key	30	DOWN	at	54388   
55494	[1106]	:	Respose to catch Q at trial 3: 54.395000
55495	[1]	:	RT and choice to catch Q at trial 3: 0.901000, 30
55524	[29]	:	Fixation at trial 4: 55.504000
56046	[522]	:	Object at trial 4: 56.026000
59569	[3523]	:	Fixation at trial 4: 59.549000
60092	[523]	:	Catch Stim at trial 4: 60.072000
63618	[3526]	:	Catch Q at trial 4: 60.072000
64242	[624]	:	Key	30	DOWN	at	64242   
65597	[1355]	:	Respose to catch Q at trial 4: 64.249000
65598	[1]	:	RT and choice to catch Q at trial 4: 0.651000, 30
65624	[26]	:	Fixation at trial 5: 65.604000
66146	[522]	:	Object at trial 5: 66.126000
69669	[3523]	:	Fixation at trial 5: 69.649000
70192	[523]	:	Catch Stim at trial 5: 70.172000
73718	[3526]	:	Catch Q at trial 5: 70.172000
74199	[481]	:	Key	30	DOWN	at	74199   
75698	[1499]	:	Respose to catch Q at trial 5: 74.204000
75699	[1]	:	RT and choice to catch Q at trial 5: 0.506000, 30
75726	[27]	:	Fixation at trial 6: 75.706000
76248	[522]	:	Object at trial 6: 76.228000
79771	[3523]	:	Fixation at trial 6: 79.751000
80294	[523]	:	Catch Stim at trial 6: 80.274000
83820	[3526]	:	Catch Q at trial 6: 80.274000
84474	[654]	:	Key	30	DOWN	at	84474   
85800	[1326]	:	Respose to catch Q at trial 6: 84.480000
85801	[1]	:	RT and choice to catch Q at trial 6: 0.680000, 30
85828	[27]	:	Fixation at trial 7: 85.808000
86350	[522]	:	Object at trial 7: 86.330000
89873	[3523]	:	Fixation at trial 7: 89.853000
90397	[524]	:	Catch Stim at trial 7: 90.377000
93923	[3526]	:	Catch Q at trial 7: 90.377000
94770	[847]	:	Key	28	DOWN	at	94770   
95903	[1133]	:	Respose to catch Q at trial 7: 94.776000
95904	[1]	:	RT and choice to catch Q at trial 7: 0.873000, 28
95929	[25]	:	Fixation at trial 8: 95.909000
96452	[523]	:	Object at trial 8: 96.432000
99975	[3523]	:	Fixation at trial 8: 99.955000
100498	[523]	:	Catch Stim at trial 8: 100.478000
104024	[3526]	:	Catch Q at trial 8: 100.478000
104716	[692]	:	Key	28	DOWN	at	104716  
106004	[1288]	:	Respose to catch Q at trial 8: 104.722000
106005	[1]	:	RT and choice to catch Q at trial 8: 0.718000, 28
106030	[25]	:	Fixation at trial 9: 106.010000
106552	[522]	:	Object at trial 9: 106.532000
110075	[3523]	:	Fixation at trial 9: 110.055000
110598	[523]	:	Catch Stim at trial 9: 110.578000
114123	[3525]	:	Catch Q at trial 9: 110.578000
114901	[778]	:	Key	28	DOWN	at	114901  
116103	[1202]	:	Respose to catch Q at trial 9: 114.907000
116104	[1]	:	RT and choice to catch Q at trial 9: 0.804000, 28
116128	[24]	:	Fixation at trial 10: 116.108000
116650	[522]	:	Object at trial 10: 116.630000
120173	[3523]	:	Fixation at trial 10: 120.153000
120696	[523]	:	Catch Stim at trial 10: 120.676000
124221	[3525]	:	Catch Q at trial 10: 120.676000
124792	[571]	:	Key	28	DOWN	at	124792  
126201	[1409]	:	Respose to catch Q at trial 10: 124.798000
126202	[1]	:	RT and choice to catch Q at trial 10: 0.597000, 28
126226	[24]	:	Fixation at trial 11: 126.206000
126748	[522]	:	Object at trial 11: 126.728000
130271	[3523]	:	Fixation at trial 11: 130.251000
130794	[523]	:	Catch Stim at trial 11: 130.774000
134319	[3525]	:	Catch Q at trial 11: 130.774000
134832	[513]	:	Key	30	DOWN	at	134832  
136299	[1467]	:	Respose to catch Q at trial 11: 134.837000
136299	[0]	:	RT and choice to catch Q at trial 11: 0.538000, 30
136324	[25]	:	Fixation at trial 12: 136.304000
136846	[522]	:	Object at trial 12: 136.826000
140369	[3523]	:	Fixation at trial 12: 140.349000
140891	[522]	:	Catch Stim at trial 12: 140.871000
144418	[3527]	:	Catch Q at trial 12: 140.871000
144893	[475]	:	Key	30	DOWN	at	144893  
146398	[1505]	:	Respose to catch Q at trial 12: 144.898000
146398	[0]	:	RT and choice to catch Q at trial 12: 0.500000, 30
146423	[25]	:	Fixation at trial 13: 146.403000
146945	[522]	:	Object at trial 13: 146.925000
150468	[3523]	:	Fixation at trial 13: 150.448000
150990	[522]	:	Catch Stim at trial 13: 150.970000
154515	[3525]	:	Catch Q at trial 13: 150.970000
155188	[673]	:	Key	30	DOWN	at	155188  
156495	[1307]	:	Respose to catch Q at trial 13: 155.194000
156496	[1]	:	RT and choice to catch Q at trial 13: 0.699000, 30
156519	[23]	:	Fixation at trial 14: 156.499000
157042	[523]	:	Object at trial 14: 157.022000
160565	[3523]	:	Fixation at trial 14: 160.545000
161086	[521]	:	Catch Stim at trial 14: 161.066000
164612	[3526]	:	Catch Q at trial 14: 161.066000
165489	[877]	:	Key	28	DOWN	at	165489  
166592	[1103]	:	Respose to catch Q at trial 14: 165.494000
166593	[1]	:	RT and choice to catch Q at trial 14: 0.902000, 28
166617	[24]	:	Fixation at trial 15: 166.597000
167140	[523]	:	Object at trial 15: 167.120000
170663	[3523]	:	Fixation at trial 15: 170.643000
171186	[523]	:	Catch Stim at trial 15: 171.166000
174712	[3526]	:	Catch Q at trial 15: 171.166000
175340	[628]	:	Key	28	DOWN	at	175340  
176692	[1352]	:	Respose to catch Q at trial 15: 175.346000
176693	[1]	:	RT and choice to catch Q at trial 15: 0.654000, 28
176717	[24]	:	Fixation at trial 16: 176.697000
177239	[522]	:	Object at trial 16: 177.219000
180762	[3523]	:	Fixation at trial 16: 180.742000
181284	[522]	:	Catch Stim at trial 16: 181.264000
184809	[3525]	:	Catch Q at trial 16: 181.264000
185590	[781]	:	Key	30	DOWN	at	185590  
186789	[1199]	:	Respose to catch Q at trial 16: 185.596000
186790	[1]	:	RT and choice to catch Q at trial 16: 0.807000, 30
186814	[24]	:	Fixation at trial 17: 186.794000
187336	[522]	:	Object at trial 17: 187.316000
190859	[3523]	:	Fixation at trial 17: 190.839000
191381	[522]	:	Catch Stim at trial 17: 191.361000
194906	[3525]	:	Catch Q at trial 17: 191.361000
195421	[515]	:	Key	30	DOWN	at	195421  
196886	[1465]	:	Respose to catch Q at trial 17: 195.427000
196886	[0]	:	RT and choice to catch Q at trial 17: 0.541000, 30
196911	[25]	:	Fixation at trial 18: 196.891000
197433	[522]	:	Object at trial 18: 197.413000
200956	[3523]	:	Fixation at trial 18: 200.936000
201478	[522]	:	Catch Stim at trial 18: 201.458000
205003	[3525]	:	Catch Q at trial 18: 201.458000
206336	[1333]	:	Key	28	DOWN	at	206336  
206983	[647]	:	Respose to catch Q at trial 18: 206.342000
206983	[0]	:	RT and choice to catch Q at trial 18: 1.359000, 28
207008	[25]	:	Fixation at trial 19: 206.988000
207530	[522]	:	Object at trial 19: 207.510000
211053	[3523]	:	Fixation at trial 19: 211.033000
211575	[522]	:	Catch Stim at trial 19: 211.555000
215101	[3526]	:	Catch Q at trial 19: 211.555000
215807	[706]	:	Key	30	DOWN	at	215807  
217081	[1274]	:	Respose to catch Q at trial 19: 215.812000
217081	[0]	:	RT and choice to catch Q at trial 19: 0.731000, 30
217106	[25]	:	Fixation at trial 20: 217.086000
217628	[522]	:	Object at trial 20: 217.608000
221151	[3523]	:	Fixation at trial 20: 221.131000
221673	[522]	:	Catch Stim at trial 20: 221.653000
225199	[3526]	:	Catch Q at trial 20: 221.653000
225693	[494]	:	Key	30	DOWN	at	225693  
227179	[1486]	:	Respose to catch Q at trial 20: 225.698000
227180	[1]	:	RT and choice to catch Q at trial 20: 0.519000, 30
227204	[24]	:	Fixation at trial 21: 227.184000
227726	[522]	:	Object at trial 21: 227.706000
231249	[3523]	:	Fixation at trial 21: 231.229000
231771	[522]	:	Catch Stim at trial 21: 231.751000
235296	[3525]	:	Catch Q at trial 21: 231.751000
235933	[637]	:	Key	28	DOWN	at	235933  
237276	[1343]	:	Respose to catch Q at trial 21: 235.938000
237276	[0]	:	RT and choice to catch Q at trial 21: 0.662000, 28
237301	[25]	:	Fixation at trial 22: 237.281000
237823	[522]	:	Object at trial 22: 237.803000
241346	[3523]	:	Fixation at trial 22: 241.326000
241867	[521]	:	Catch Stim at trial 22: 241.847000
245392	[3525]	:	Catch Q at trial 22: 241.847000
245944	[552]	:	Key	28	DOWN	at	245944  
247372	[1428]	:	Respose to catch Q at trial 22: 245.949000
247372	[0]	:	RT and choice to catch Q at trial 22: 0.577000, 28
247397	[25]	:	Fixation at trial 23: 247.377000
247919	[522]	:	Object at trial 23: 247.899000
251442	[3523]	:	Fixation at trial 23: 251.422000
251964	[522]	:	Catch Stim at trial 23: 251.944000
255489	[3525]	:	Catch Q at trial 23: 251.944000
256189	[700]	:	Key	28	DOWN	at	256189  
257469	[1280]	:	Respose to catch Q at trial 23: 256.195000
257469	[0]	:	RT and choice to catch Q at trial 23: 0.726000, 28
257494	[25]	:	Fixation at trial 24: 257.474000
258015	[521]	:	Object at trial 24: 257.996000
261538	[3523]	:	Fixation at trial 24: 261.518000
262060	[522]	:	Catch Stim at trial 24: 262.040000
265585	[3525]	:	Catch Q at trial 24: 262.040000
266340	[755]	:	Key	28	DOWN	at	266340  
267565	[1225]	:	Respose to catch Q at trial 24: 266.346000
267565	[0]	:	RT and choice to catch Q at trial 24: 0.781000, 28
267590	[25]	:	Fixation at trial 25: 267.570000
268112	[522]	:	Object at trial 25: 268.092000
271635	[3523]	:	Fixation at trial 25: 271.615000
272157	[522]	:	Catch Stim at trial 25: 272.137000
275682	[3525]	:	Catch Q at trial 25: 272.137000
276660	[978]	:	Key	28	DOWN	at	276660  
277662	[1002]	:	Respose to catch Q at trial 25: 276.666000
277662	[0]	:	RT and choice to catch Q at trial 25: 1.004000, 28
277687	[25]	:	Fixation at trial 26: 277.667000
278209	[522]	:	Object at trial 26: 278.189000
281732	[3523]	:	Fixation at trial 26: 281.712000
282254	[522]	:	Catch Stim at trial 26: 282.234000
285779	[3525]	:	Catch Q at trial 26: 282.234000
286871	[1092]	:	Key	28	DOWN	at	286871  
287759	[888]	:	Respose to catch Q at trial 26: 286.877000
287759	[0]	:	RT and choice to catch Q at trial 26: 1.118000, 28
287783	[24]	:	Fixation at trial 27: 287.763000
288305	[522]	:	Object at trial 27: 288.285000
291828	[3523]	:	Fixation at trial 27: 291.808000
292350	[522]	:	Catch Stim at trial 27: 292.330000
295875	[3525]	:	Catch Q at trial 27: 292.330000
296947	[1072]	:	Key	28	DOWN	at	296947  
297855	[908]	:	Respose to catch Q at trial 27: 296.953000
297855	[0]	:	RT and choice to catch Q at trial 27: 1.098000, 28
297880	[25]	:	Fixation at trial 28: 297.860000
298402	[522]	:	Object at trial 28: 298.382000
301925	[3523]	:	Fixation at trial 28: 301.905000
302447	[522]	:	Catch Stim at trial 28: 302.427000
305973	[3526]	:	Catch Q at trial 28: 302.427000
306642	[669]	:	Key	28	DOWN	at	306642  
307953	[1311]	:	Respose to catch Q at trial 28: 306.648000
307953	[0]	:	RT and choice to catch Q at trial 28: 0.695000, 28
307978	[25]	:	Fixation at trial 29: 307.958000
308500	[522]	:	Object at trial 29: 308.480000
312023	[3523]	:	Fixation at trial 29: 312.003000
312545	[522]	:	Catch Stim at trial 29: 312.525000
316070	[3525]	:	Catch Q at trial 29: 312.525000
316873	[803]	:	Key	30	DOWN	at	316873  
318050	[1177]	:	Respose to catch Q at trial 29: 316.878000
318050	[0]	:	RT and choice to catch Q at trial 29: 0.828000, 30
318075	[25]	:	Fixation at trial 30: 318.055000
318597	[522]	:	Object at trial 30: 318.577000
322120	[3523]	:	Fixation at trial 30: 322.100000
322642	[522]	:	Catch Stim at trial 30: 322.622000
326168	[3526]	:	Catch Q at trial 30: 322.622000
327013	[845]	:	Key	28	DOWN	at	327013  
328148	[1135]	:	Respose to catch Q at trial 30: 327.018000
328148	[0]	:	RT and choice to catch Q at trial 30: 0.870000, 28
328173	[25]	:	Fixation at trial 31: 328.153000
328695	[522]	:	Object at trial 31: 328.675000
332218	[3523]	:	Fixation at trial 31: 332.198000
332740	[522]	:	Catch Stim at trial 31: 332.720000
336266	[3526]	:	Catch Q at trial 31: 332.720000
336714	[448]	:	Key	30	DOWN	at	336714  
338246	[1532]	:	Respose to catch Q at trial 31: 336.719000
338246	[0]	:	RT and choice to catch Q at trial 31: 0.473000, 30
338271	[25]	:	Fixation at trial 32: 338.251000
338793	[522]	:	Object at trial 32: 338.773000
342316	[3523]	:	Fixation at trial 32: 342.296000
342839	[523]	:	Catch Stim at trial 32: 342.819000
346365	[3526]	:	Catch Q at trial 32: 342.819000
347359	[994]	:	Key	28	DOWN	at	347359  
348345	[986]	:	Respose to catch Q at trial 32: 347.365000
348345	[0]	:	RT and choice to catch Q at trial 32: 1.020000, 28
348370	[25]	:	Fixation at trial 33: 348.350000
348892	[522]	:	Object at trial 33: 348.872000
352415	[3523]	:	Fixation at trial 33: 352.395000
352938	[523]	:	Catch Stim at trial 33: 352.918000
356463	[3525]	:	Catch Q at trial 33: 352.918000
357175	[712]	:	Key	28	DOWN	at	357175  
358443	[1268]	:	Respose to catch Q at trial 33: 357.181000
358443	[0]	:	RT and choice to catch Q at trial 33: 0.738000, 28
358468	[25]	:	Fixation at trial 34: 358.448000
358990	[522]	:	Object at trial 34: 358.970000
362513	[3523]	:	Fixation at trial 34: 362.493000
363035	[522]	:	Catch Stim at trial 34: 363.015000
366560	[3525]	:	Catch Q at trial 34: 363.015000
367296	[736]	:	Key	28	DOWN	at	367296  
368540	[1244]	:	Respose to catch Q at trial 34: 367.302000
368540	[0]	:	RT and choice to catch Q at trial 34: 0.762000, 28
368565	[25]	:	Fixation at trial 35: 368.545000
369087	[522]	:	Object at trial 35: 369.067000
372610	[3523]	:	Fixation at trial 35: 372.590000
373132	[522]	:	Catch Stim at trial 35: 373.112000
376657	[3525]	:	Catch Q at trial 35: 373.112000
377506	[849]	:	Key	28	DOWN	at	377506  
378637	[1131]	:	Respose to catch Q at trial 35: 377.511000
378637	[0]	:	RT and choice to catch Q at trial 35: 0.874000, 28
378662	[25]	:	Fixation at trial 36: 378.642000
379184	[522]	:	Object at trial 36: 379.164000
382707	[3523]	:	Fixation at trial 36: 382.687000
383229	[522]	:	Catch Stim at trial 36: 383.209000
386754	[3525]	:	Catch Q at trial 36: 383.209000
387327	[573]	:	Key	28	DOWN	at	387327  
388734	[1407]	:	Respose to catch Q at trial 36: 387.333000
388734	[0]	:	RT and choice to catch Q at trial 36: 0.599000, 28
388759	[25]	:	Fixation at trial 37: 388.739000
389282	[523]	:	Object at trial 37: 389.262000
392805	[3523]	:	Fixation at trial 37: 392.785000
393327	[522]	:	Catch Stim at trial 37: 393.307000
396852	[3525]	:	Catch Q at trial 37: 393.307000
397372	[520]	:	Key	30	DOWN	at	397372  
398832	[1460]	:	Respose to catch Q at trial 37: 397.378000
398832	[0]	:	RT and choice to catch Q at trial 37: 0.546000, 30
398857	[25]	:	Fixation at trial 38: 398.837000
399379	[522]	:	Object at trial 38: 399.359000
402902	[3523]	:	Fixation at trial 38: 402.882000
403424	[522]	:	Catch Stim at trial 38: 403.404000
406949	[3525]	:	Catch Q at trial 38: 403.404000
407493	[544]	:	Key	30	DOWN	at	407493  
408929	[1436]	:	Respose to catch Q at trial 38: 407.499000
408930	[1]	:	RT and choice to catch Q at trial 38: 0.570000, 30
408959	[29]	:	Fixation at trial 39: 408.939000
409481	[522]	:	Object at trial 39: 409.461000
413004	[3523]	:	Fixation at trial 39: 412.984000
413526	[522]	:	Catch Stim at trial 39: 413.506000
417051	[3525]	:	Catch Q at trial 39: 413.506000
417798	[747]	:	Key	28	DOWN	at	417798  
419031	[1233]	:	Respose to catch Q at trial 39: 417.803000
419031	[0]	:	RT and choice to catch Q at trial 39: 0.772000, 28
419056	[25]	:	Fixation at trial 40: 419.036000
419578	[522]	:	Object at trial 40: 419.558000
423101	[3523]	:	Fixation at trial 40: 423.081000
423623	[522]	:	Catch Stim at trial 40: 423.603000
427149	[3526]	:	Catch Q at trial 40: 423.603000
427649	[500]	:	Key	30	DOWN	at	427649  
429129	[1480]	:	Respose to catch Q at trial 40: 427.654000
429130	[1]	:	RT and choice to catch Q at trial 40: 0.525000, 30
429154	[24]	:	Fixation at trial 41: 429.134000
429676	[522]	:	Object at tria