Cog2000 log file Thu Nov 28 10:36:35 2019
gprim v1.29 Compiled:Feb  1 2010 (GLib DirectDraw v7 DX10.0 Compiled:Feb  1 2010)
Display:1024x768x32 59.81Hz
CogInput v1.05 Compiled: May 20 2010
0	[0]	:	COGENT START
1230	[1230]	:	Key	30	DOWN	at	1230    
1485	[255]	:	Key	30	UP	at	1485    
4300	[2815]	:	Key	28	DOWN	at	4300    
4555	[255]	:	Key	28	UP	at	4555    
25647	[21092]	:	Key	71	DOWN	at	25647   
25714	[67]	:	Fixation at trial 1: 25.692000
26249	[535]	:	Object at trial 1: 26.228000
29777	[3528]	:	Fixation at trial 1: 29.756000
30308	[531]	:	Catch Stim at trial 1: 30.287000
33840	[3532]	:	Catch Q at trial 1: 30.287000
34483	[643]	:	Key	28	DOWN	at	34483   
35823	[1340]	:	Respose to catch Q at trial 1: 34.493000
35825	[2]	:	RT and choice to catch Q at trial 1: 0.674000, 28
35875	[50]	:	Fixation at trial 2: 35.855000
36399	[524]	:	Object at trial 2: 36.379000
39922	[3523]	:	Fixation at trial 2: 39.902000
40447	[525]	:	Catch Stim at trial 2: 40.427000
43972	[3525]	:	Catch Q at trial 2: 40.427000
44678	[706]	:	Key	28	DOWN	at	44678   
45953	[1275]	:	Respose to catch Q at trial 2: 44.685000
45954	[1]	:	RT and choice to catch Q at trial 2: 0.733000, 28
46001	[47]	:	Fixation at trial 3: 45.981000
46523	[522]	:	Object at trial 3: 46.503000
50046	[3523]	:	Fixation at trial 3: 50.026000
50567	[521]	:	Catch Stim at trial 3: 50.547000
54092	[3525]	:	Catch Q at trial 3: 50.547000
54834	[742]	:	Key	28	DOWN	at	54834   
56072	[1238]	:	Respose to catch Q at trial 3: 54.840000
56072	[0]	:	RT and choice to catch Q at trial 3: 0.768000, 28
56113	[41]	:	Fixation at trial 4: 56.093000
56635	[522]	:	Object at trial 4: 56.615000
60158	[3523]	:	Fixation at trial 4: 60.138000
60680	[522]	:	Catch Stim at trial 4: 60.660000
64205	[3525]	:	Catch Q at trial 4: 60.660000
65054	[849]	:	Key	28	DOWN	at	65054   
66185	[1131]	:	Respose to catch Q at trial 4: 65.060000
66186	[1]	:	RT and choice to catch Q at trial 4: 0.875000, 28
66213	[27]	:	Fixation at trial 5: 66.193000
66735	[522]	:	Object at trial 5: 66.715000
70258	[3523]	:	Fixation at trial 5: 70.238000
70780	[522]	:	Catch Stim at trial 5: 70.760000
74305	[3525]	:	Catch Q at trial 5: 70.760000
75055	[750]	:	Key	30	DOWN	at	75055   
76287	[1232]	:	Respose to catch Q at trial 5: 75.061000
76287	[0]	:	RT and choice to catch Q at trial 5: 0.776000, 30
76314	[27]	:	Fixation at trial 6: 76.294000
76836	[522]	:	Object at trial 6: 76.816000
80359	[3523]	:	Fixation at trial 6: 80.339000
80881	[522]	:	Catch Stim at trial 6: 80.861000
84406	[3525]	:	Catch Q at trial 6: 80.861000
84945	[539]	:	Key	30	DOWN	at	84945   
86386	[1441]	:	Respose to catch Q at trial 6: 84.951000
86387	[1]	:	RT and choice to catch Q at trial 6: 0.565000, 30
86413	[26]	:	Fixation at trial 7: 86.393000
86935	[522]	:	Object at trial 7: 86.915000
90458	[3523]	:	Fixation at trial 7: 90.438000
90981	[523]	:	Catch Stim at trial 7: 90.961000
94506	[3525]	:	Catch Q at trial 7: 90.961000
95246	[740]	:	Key	28	DOWN	at	95246   
96486	[1240]	:	Respose to catch Q at trial 7: 95.252000
96487	[1]	:	RT and choice to catch Q at trial 7: 0.766000, 28
96512	[25]	:	Fixation at trial 8: 96.492000
97034	[522]	:	Object at trial 8: 97.014000
100557	[3523]	:	Fixation at trial 8: 100.537000
101080	[523]	:	Catch Stim at trial 8: 101.060000
104605	[3525]	:	Catch Q at trial 8: 101.060000
105172	[567]	:	Key	30	DOWN	at	105172  
106585	[1413]	:	Respose to catch Q at trial 8: 105.178000
106586	[1]	:	RT and choice to catch Q at trial 8: 0.593000, 30
106610	[24]	:	Fixation at trial 9: 106.590000
107132	[522]	:	Object at trial 9: 107.112000
110655	[3523]	:	Fixation at trial 9: 110.635000
111177	[522]	:	Catch Stim at trial 9: 111.157000
114703	[3526]	:	Catch Q at trial 9: 111.157000
115487	[784]	:	Key	28	DOWN	at	115487  
116683	[1196]	:	Respose to catch Q at trial 9: 115.493000
116684	[1]	:	RT and choice to catch Q at trial 9: 0.810000, 28
116709	[25]	:	Fixation at trial 10: 116.689000
117231	[522]	:	Object at trial 10: 117.211000
120754	[3523]	:	Fixation at trial 10: 120.734000
121275	[521]	:	Catch Stim at trial 10: 121.255000
124800	[3525]	:	Catch Q at trial 10: 121.255000
125438	[638]	:	Key	28	DOWN	at	125438  
126780	[1342]	:	Respose to catch Q at trial 10: 125.444000
126781	[1]	:	RT and choice to catch Q at trial 10: 0.664000, 28
126806	[25]	:	Fixation at trial 11: 126.786000
127329	[523]	:	Object at trial 11: 127.309000
130853	[3524]	:	Fixation at trial 11: 130.833000
131375	[522]	:	Catch Stim at trial 11: 131.355000
134900	[3525]	:	Catch Q at trial 11: 131.355000
135428	[528]	:	Key	30	DOWN	at	135428  
136880	[1452]	:	Respose to catch Q at trial 11: 135.434000
136880	[0]	:	RT and choice to catch Q at trial 11: 0.554000, 30
136905	[25]	:	Fixation at trial 12: 136.885000
137427	[522]	:	Object at trial 12: 137.407000
140950	[3523]	:	Fixation at trial 12: 140.930000
141472	[522]	:	Catch Stim at trial 12: 141.452000
144997	[3525]	:	Catch Q at trial 12: 141.452000
145774	[777]	:	Key	30	DOWN	at	145774  
146977	[1203]	:	Respose to catch Q at trial 12: 145.780000
146977	[0]	:	RT and choice to catch Q at trial 12: 0.803000, 30
147002	[25]	:	Fixation at trial 13: 146.982000
147527	[525]	:	Object at trial 13: 147.507000
151053	[3526]	:	Fixation at trial 13: 151.033000
151575	[522]	:	Catch Stim at trial 13: 151.555000
155101	[3526]	:	Catch Q at trial 13: 151.555000
155665	[564]	:	Key	28	DOWN	at	155665  
157081	[1416]	:	Respose to catch Q at trial 13: 155.671000
157082	[1]	:	RT and choice to catch Q at trial 13: 0.590000, 28
157106	[24]	:	Fixation at trial 14: 157.086000
157628	[522]	:	Object at trial 14: 157.608000
161151	[3523]	:	Fixation at trial 14: 161.131000
161673	[522]	:	Catch Stim at trial 14: 161.653000
165198	[3525]	:	Catch Q at trial 14: 161.653000
165930	[732]	:	Key	28	DOWN	at	165930  
167178	[1248]	:	Respose to catch Q at trial 14: 165.936000
167179	[1]	:	RT and choice to catch Q at trial 14: 0.758000, 28
167203	[24]	:	Fixation at trial 15: 167.183000
167725	[522]	:	Object at trial 15: 167.705000
171248	[3523]	:	Fixation at trial 15: 171.228000
171769	[521]	:	Catch Stim at trial 15: 171.749000
175294	[3525]	:	Catch Q at trial 15: 171.749000
175986	[692]	:	Key	30	DOWN	at	175986  
177274	[1288]	:	Respose to catch Q at trial 15: 175.992000
177275	[1]	:	RT and choice to catch Q at trial 15: 0.718000, 30
177299	[24]	:	Fixation at trial 16: 177.279000
177821	[522]	:	Object at trial 16: 177.801000
181344	[3523]	:	Fixation at trial 16: 181.324000
181866	[522]	:	Catch Stim at trial 16: 181.846000
185391	[3525]	:	Catch Q at trial 16: 181.846000
186036	[645]	:	Key	30	DOWN	at	186036  
187371	[1335]	:	Respose to catch Q at trial 16: 186.041000
187372	[1]	:	RT and choice to catch Q at trial 16: 0.670000, 30
187396	[24]	:	Fixation at trial 17: 187.376000
187918	[522]	:	Object at trial 17: 187.898000
191441	[3523]	:	Fixation at trial 17: 191.421000
191962	[521]	:	Catch Stim at trial 17: 191.942000
195487	[3525]	:	Catch Q at trial 17: 191.942000
195957	[470]	:	Key	28	DOWN	at	195957  
197467	[1510]	:	Respose to catch Q at trial 17: 195.962000
197468	[1]	:	RT and choice to catch Q at trial 17: 0.495000, 28
197493	[25]	:	Fixation at trial 18: 197.473000
198015	[522]	:	Object at trial 18: 197.995000
201538	[3523]	:	Fixation at trial 18: 201.518000
202059	[521]	:	Catch Stim at trial 18: 202.039000
205584	[3525]	:	Catch Q at trial 18: 202.039000
206467	[883]	:	Key	28	DOWN	at	206467  
207564	[1097]	:	Respose to catch Q at trial 18: 206.473000
207564	[0]	:	RT and choice to catch Q at trial 18: 0.909000, 28
207588	[24]	:	Fixation at trial 19: 207.568000
208110	[522]	:	Object at trial 19: 208.090000
211633	[3523]	:	Fixation at trial 19: 211.613000
212154	[521]	:	Catch Stim at trial 19: 212.134000
215679	[3525]	:	Catch Q at trial 19: 212.134000
216848	[1169]	:	Key	28	DOWN	at	216848  
217659	[811]	:	Respose to catch Q at trial 19: 216.854000
217659	[0]	:	RT and choice to catch Q at trial 19: 1.195000, 28
217684	[25]	:	Fixation at trial 20: 217.664000
218206	[522]	:	Object at trial 20: 218.186000
221729	[3523]	:	Fixation at trial 20: 221.709000
222250	[521]	:	Catch Stim at trial 20: 222.230000
225775	[3525]	:	Catch Q at trial 20: 222.230000
226379	[604]	:	Key	30	DOWN	at	226379  
227755	[1376]	:	Respose to catch Q at trial 20: 226.384000
227756	[1]	:	RT and choice to catch Q at trial 20: 0.629000, 30
227780	[24]	:	Fixation at trial 21: 227.760000
228302	[522]	:	Object at trial 21: 228.282000
231825	[3523]	:	Fixation at trial 21: 231.805000
232346	[521]	:	Catch Stim at trial 21: 232.326000
235871	[3525]	:	Catch Q at trial 21: 232.326000
236429	[558]	:	Key	28	DOWN	at	236429  
237851	[1422]	:	Respose to catch Q at trial 21: 236.434000
237851	[0]	:	RT and choice to catch Q at trial 21: 0.583000, 28
237876	[25]	:	Fixation at trial 22: 237.856000
238398	[522]	:	Object at trial 22: 238.378000
241921	[3523]	:	Fixation at trial 22: 241.901000
242442	[521]	:	Catch Stim at trial 22: 242.422000
245967	[3525]	:	Catch Q at trial 22: 242.422000
246920	[953]	:	Key	28	DOWN	at	246920  
247947	[1027]	:	Respose to catch Q at trial 22: 246.926000
247947	[0]	:	RT and choice to catch Q at trial 22: 0.979000, 28
247972	[25]	:	Fixation at trial 23: 247.952000
248494	[522]	:	Object at trial 23: 248.474000
252017	[3523]	:	Fixation at trial 23: 251.997000
252538	[521]	:	Catch Stim at trial 23: 252.518000
256063	[3525]	:	Catch Q at trial 23: 252.518000
256630	[567]	:	Key	30	DOWN	at	256630  
258043	[1413]	:	Respose to catch Q at trial 23: 256.636000
258043	[0]	:	RT and choice to catch Q at trial 23: 0.593000, 30
258069	[26]	:	Fixation at trial 24: 258.048000
258591	[522]	:	Object at trial 24: 258.571000
262115	[3524]	:	Fixation at trial 24: 262.094000
262637	[522]	:	Catch Stim at trial 24: 262.617000
266162	[3525]	:	Catch Q at trial 24: 262.617000
267236	[1074]	:	Key	30	DOWN	at	267236  
268142	[906]	:	Respose to catch Q at trial 24: 267.242000
268142	[0]	:	RT and choice to catch Q at trial 24: 1.100000, 30
268167	[25]	:	Fixation at trial 25: 268.147000
268689	[522]	:	Object at trial 25: 268.669000
272212	[3523]	:	Fixation at trial 25: 272.192000
272733	[521]	:	Catch Stim at trial 25: 272.713000
276258	[3525]	:	Catch Q at trial 25: 272.713000
276946	[688]	:	Key	28	DOWN	at	276946  
278238	[1292]	:	Respose to catch Q at trial 25: 276.952000
278238	[0]	:	RT and choice to catch Q at trial 25: 0.714000, 28
278263	[25]	:	Fixation at trial 26: 278.243000
278785	[522]	:	Object at trial 26: 278.765000
282308	[3523]	:	Fixation at trial 26: 282.288000
282830	[522]	:	Catch Stim at trial 26: 282.810000
286355	[3525]	:	Catch Q at trial 26: 282.810000
286877	[522]	:	Key	30	DOWN	at	286877  
288335	[1458]	:	Respose to catch Q at trial 26: 286.883000
288335	[0]	:	RT and choice to catch Q at trial 26: 0.548000, 30
288360	[25]	:	Fixation at trial 27: 288.340000
288882	[522]	:	Object at trial 27: 288.862000
292405	[3523]	:	Fixation at trial 27: 292.385000
292927	[522]	:	Catch Stim at trial 27: 292.907000
296452	[3525]	:	Catch Q at trial 27: 292.907000
296978	[526]	:	Key	30	DOWN	at	296978  
298432	[1454]	:	Respose to catch Q at trial 27: 296.984000
298432	[0]	:	RT and choice to catch Q at trial 27: 0.552000, 30
298457	[25]	:	Fixation at trial 28: 298.437000
298979	[522]	:	Object at trial 28: 298.959000
302502	[3523]	:	Fixation at trial 28: 302.482000
303024	[522]	:	Catch Stim at trial 28: 303.004000
306549	[3525]	:	Catch Q at trial 28: 303.004000
307413	[864]	:	Key	28	DOWN	at	307413  
308529	[1116]	:	Respose to catch Q at trial 28: 307.419000
308529	[0]	:	RT and choice to catch Q at trial 28: 0.890000, 28
308554	[25]	:	Fixation at trial 29: 308.534000
309076	[522]	:	Object at trial 29: 309.056000
312599	[3523]	:	Fixation at trial 29: 312.579000
313121	[522]	:	Catch Stim at trial 29: 313.101000
316646	[3525]	:	Catch Q at trial 29: 313.101000
317204	[558]	:	Key	28	DOWN	at	317204  
318626	[1422]	:	Respose to catch Q at trial 29: 317.210000
318626	[0]	:	RT and choice to catch Q at trial 29: 0.584000, 28
318651	[25]	:	Fixation at trial 30: 318.631000
319173	[522]	:	Object at trial 30: 319.153000
322696	[3523]	:	Fixation at trial 30: 322.676000
323218	[522]	:	Catch Stim at trial 30: 323.198000
326743	[3525]	:	Catch Q at trial 30: 323.198000
327309	[566]	:	Key	30	DOWN	at	327309  
328723	[1414]	:	Respose to catch Q at trial 30: 327.315000
328723	[0]	:	RT and choice to catch Q at trial 30: 0.592000, 30
328747	[24]	:	Fixation at trial 31: 328.727000
329269	[522]	:	Object at trial 31: 329.249000
332792	[3523]	:	Fixation at trial 31: 332.772000
333314	[522]	:	Catch Stim at trial 31: 333.294000
336840	[3526]	:	Catch Q at trial 31: 333.294000
337295	[455]	:	Key	30	DOWN	at	337295  
338820	[1525]	:	Respose to catch Q at trial 31: 337.300000
338820	[0]	:	RT and choice to catch Q at trial 31: 0.480000, 30
338845	[25]	:	Fixation at trial 32: 338.825000
339367	[522]	:	Object at trial 32: 339.347000
342890	[3523]	:	Fixation at trial 32: 342.870000
343411	[521]	:	Catch Stim at trial 32: 343.391000
346937	[3526]	:	Catch Q at trial 32: 343.391000
347540	[603]	:	Key	28	DOWN	at	347540  
348917	[1377]	:	Respose to catch Q at trial 32: 347.545000
348917	[0]	:	RT and choice to catch Q at trial 32: 0.628000, 28
348942	[25]	:	Fixation at trial 33: 348.922000
349464	[522]	:	Object at trial 33: 349.444000
352987	[3523]	:	Fixation at trial 33: 352.967000
353508	[521]	:	Catch Stim at trial 33: 353.488000
357033	[3525]	:	Catch Q at trial 33: 353.488000
357781	[748]	:	Key	30	DOWN	at	357781  
359013	[1232]	:	Respose to catch Q at trial 33: 357.787000
359013	[0]	:	RT and choice to catch Q at trial 33: 0.774000, 30
359038	[25]	:	Fixation at trial 34: 359.018000
359560	[522]	:	Object at trial 34: 359.540000
363083	[3523]	:	Fixation at trial 34: 363.063000
363604	[521]	:	Catch Stim at trial 34: 363.584000
367129	[3525]	:	Catch Q at trial 34: 363.584000
367687	[558]	:	Key	30	DOWN	at	367687  
369109	[1422]	:	Respose to catch Q at trial 34: 367.693000
369109	[0]	:	RT and choice to catch Q at trial 34: 0.584000, 30
369134	[25]	:	Fixation at trial 35: 369.114000
369656	[522]	:	Object at trial 35: 369.636000
373179	[3523]	:	Fixation at trial 35: 373.159000
373701	[522]	:	Catch Stim at trial 35: 373.681000
377226	[3525]	:	Catch Q at trial 35: 373.681000
378017	[791]	:	Key	28	DOWN	at	378017  
379206	[1189]	:	Respose to catch Q at trial 35: 378.022000
379206	[0]	:	RT and choice to catch Q at trial 35: 0.816000, 28
379231	[25]	:	Fixation at trial 36: 379.211000
379753	[522]	:	Object at trial 36: 379.733000
383277	[3524]	:	Fixation at trial 36: 383.257000
383799	[522]	:	Catch Stim at trial 36: 383.779000
387324	[3525]	:	Catch Q at trial 36: 383.779000
387953	[629]	:	Key	28	DOWN	at	387953  
389304	[1351]	:	Respose to catch Q at trial 36: 387.958000
389304	[0]	:	RT and choice to catch Q at trial 36: 0.654000, 28
389329	[25]	:	Fixation at trial 37: 389.309000
389851	[522]	:	Object at trial 37: 389.831000
393374	[3523]	:	Fixation at trial 37: 393.354000
393896	[522]	:	Catch Stim at trial 37: 393.876000
397421	[3525]	:	Catch Q at trial 37: 393.876000
398348	[927]	:	Key	30	DOWN	at	398348  
399401	[1053]	:	Respose to catch Q at trial 37: 398.354000
399401	[0]	:	RT and choice to catch Q at trial 37: 0.953000, 30
399426	[25]	:	Fixation at trial 38: 399.406000
399948	[522]	:	Object at trial 38: 399.928000
403471	[3523]	:	Fixation at trial 38: 403.451000
403993	[522]	:	Catch Stim at trial 38: 403.973000
407518	[3525]	:	Catch Q at trial 38: 403.973000
408159	[641]	:	Key	28	DOWN	at	408159  
409498	[1339]	:	Respose to catch Q at trial 38: 408.165000
409498	[0]	:	RT and choice to catch Q at trial 38: 0.667000, 28
409523	[25]	:	Fixation at trial 39: 409.503000
410045	[522]	:	Object at trial 39: 410.025000
413568	[3523]	:	Fixation at trial 39: 413.548000
414090	[522]	:	Catch Stim at trial 39: 414.070000
417615	[3525]	:	Catch Q at trial 39: 414.070000
418380	[765]	:	Key	28	DOWN	at	418380  
419595	[1215]	:	Respose to catch Q at trial 39: 418.386000
419595	[0]	:	RT and choice to catch Q at trial 39: 0.791000, 28
419620	[25]	:	Fixation at trial 40: 419.600000
420142	[522]	:	Object at trial 40: 420.122000
423665	[3523]	:	Fixation at trial 40: 423.645000
424187	[522]	:	Catch Stim at trial 40: 424.167000
427712	[3525]	:	Catch Q at trial 40: 424.167000
428280	[568]	:	Key	30	DOWN	at	428280  
429692	[1412]	:	Respose to catch Q at trial 40: 428.285000
429692	[0]	:	RT and choice to catch Q at trial 40: 0.593000, 30
429717	[25]	:	Fixation at trial 41: 429.697000
430239	[522]	:	Object at t