Cog2000 log file Thu Nov 28 10:48:51 2019
gprim v1.29 Compiled:Feb  1 2010 (GLib DirectDraw v7 DX10.0 Compiled:Feb  1 2010)
Display:1024x768x32 59.81Hz
CogInput v1.05 Compiled: May 20 2010
0	[0]	:	COGENT START
3696	[3696]	:	Key	30	DOWN	at	3696    
3886	[190]	:	Key	30	UP	at	3886    
5841	[1955]	:	Key	28	DOWN	at	5841    
6006	[165]	:	Key	28	UP	at	6006    
27982	[21976]	:	Key	71	DOWN	at	27982   
28034	[52]	:	Fixation at trial 1: 28.014000
28560	[526]	:	Object at trial 1: 28.540000
32084	[3524]	:	Fixation at trial 1: 32.064000
32609	[525]	:	Catch Stim at trial 1: 32.589000
36138	[3529]	:	Catch Q at trial 1: 32.589000
36838	[700]	:	Key	30	DOWN	at	36838   
38118	[1280]	:	Respose to catch Q at trial 1: 36.845000
38119	[1]	:	RT and choice to catch Q at trial 1: 0.727000, 30
38147	[28]	:	Fixation at trial 2: 38.127000
38669	[522]	:	Object at trial 2: 38.649000
42192	[3523]	:	Fixation at trial 2: 42.172000
42714	[522]	:	Catch Stim at trial 2: 42.694000
46239	[3525]	:	Catch Q at trial 2: 42.694000
46903	[664]	:	Key	28	DOWN	at	46903   
48219	[1316]	:	Respose to catch Q at trial 2: 46.908000
48219	[0]	:	RT and choice to catch Q at trial 2: 0.689000, 28
48247	[28]	:	Fixation at trial 3: 48.227000
48769	[522]	:	Object at trial 3: 48.749000
52292	[3523]	:	Fixation at trial 3: 52.272000
52814	[522]	:	Catch Stim at trial 3: 52.794000
56339	[3525]	:	Catch Q at trial 3: 52.794000
56929	[590]	:	Key	28	DOWN	at	56929   
58319	[1390]	:	Respose to catch Q at trial 3: 56.935000
58319	[0]	:	RT and choice to catch Q at trial 3: 0.616000, 28
58344	[25]	:	Fixation at trial 4: 58.324000
58866	[522]	:	Object at trial 4: 58.846000
62389	[3523]	:	Fixation at trial 4: 62.369000
62911	[522]	:	Catch Stim at trial 4: 62.891000
66436	[3525]	:	Catch Q at trial 4: 62.891000
67130	[694]	:	Key	30	DOWN	at	67130   
68416	[1286]	:	Respose to catch Q at trial 4: 67.136000
68416	[0]	:	RT and choice to catch Q at trial 4: 0.720000, 30
68441	[25]	:	Fixation at trial 5: 68.421000
68963	[522]	:	Object at trial 5: 68.943000
72486	[3523]	:	Fixation at trial 5: 72.466000
73007	[521]	:	Catch Stim at trial 5: 72.987000
76532	[3525]	:	Catch Q at trial 5: 72.987000
77105	[573]	:	Key	30	DOWN	at	77105   
78512	[1407]	:	Respose to catch Q at trial 5: 77.110000
78512	[0]	:	RT and choice to catch Q at trial 5: 0.598000, 30
78537	[25]	:	Fixation at trial 6: 78.517000
79059	[522]	:	Object at trial 6: 79.039000
82582	[3523]	:	Fixation at trial 6: 82.562000
83104	[522]	:	Catch Stim at trial 6: 83.084000
86629	[3525]	:	Catch Q at trial 6: 83.084000
87251	[622]	:	Key	30	DOWN	at	87251   
88609	[1358]	:	Respose to catch Q at trial 6: 87.256000
88610	[1]	:	RT and choice to catch Q at trial 6: 0.647000, 30
88635	[25]	:	Fixation at trial 7: 88.615000
89157	[522]	:	Object at trial 7: 89.137000
92680	[3523]	:	Fixation at trial 7: 92.660000
93202	[522]	:	Catch Stim at trial 7: 93.182000
96728	[3526]	:	Catch Q at trial 7: 93.182000
97246	[518]	:	Key	28	DOWN	at	97246   
98708	[1462]	:	Respose to catch Q at trial 7: 97.251000
98709	[1]	:	RT and choice to catch Q at trial 7: 0.543000, 28
98735	[26]	:	Fixation at trial 8: 98.715000
99257	[522]	:	Object at trial 8: 99.237000
102780	[3523]	:	Fixation at trial 8: 102.760000
103302	[522]	:	Catch Stim at trial 8: 103.282000
106827	[3525]	:	Catch Q at trial 8: 103.282000
107477	[650]	:	Key	28	DOWN	at	107477  
108807	[1330]	:	Respose to catch Q at trial 8: 107.483000
108807	[0]	:	RT and choice to catch Q at trial 8: 0.676000, 28
108831	[24]	:	Fixation at trial 9: 108.811000
109353	[522]	:	Object at trial 9: 109.333000
112876	[3523]	:	Fixation at trial 9: 112.856000
113398	[522]	:	Catch Stim at trial 9: 113.378000
116923	[3525]	:	Catch Q at trial 9: 113.378000
117637	[714]	:	Key	28	DOWN	at	117637  
118903	[1266]	:	Respose to catch Q at trial 9: 117.643000
118903	[0]	:	RT and choice to catch Q at trial 9: 0.740000, 28
118928	[25]	:	Fixation at trial 10: 118.908000
119450	[522]	:	Object at trial 10: 119.430000
122973	[3523]	:	Fixation at trial 10: 122.953000
123495	[522]	:	Catch Stim at trial 10: 123.475000
127020	[3525]	:	Catch Q at trial 10: 123.475000
127678	[658]	:	Key	28	DOWN	at	127678  
129000	[1322]	:	Respose to catch Q at trial 10: 127.684000
129000	[0]	:	RT and choice to catch Q at trial 10: 0.684000, 28
129025	[25]	:	Fixation at trial 11: 129.005000
129547	[522]	:	Object at trial 11: 129.527000
133069	[3522]	:	Fixation at trial 11: 133.049000
133591	[522]	:	Catch Stim at trial 11: 133.571000
137116	[3525]	:	Catch Q at trial 11: 133.571000
137974	[858]	:	Key	30	DOWN	at	137974  
139096	[1122]	:	Respose to catch Q at trial 11: 137.980000
139096	[0]	:	RT and choice to catch Q at trial 11: 0.884000, 30
139121	[25]	:	Fixation at trial 12: 139.101000
139643	[522]	:	Object at trial 12: 139.623000
143166	[3523]	:	Fixation at trial 12: 143.146000
143688	[522]	:	Catch Stim at trial 12: 143.668000
147213	[3525]	:	Catch Q at trial 12: 143.668000
147769	[556]	:	Key	28	DOWN	at	147769  
149193	[1424]	:	Respose to catch Q at trial 12: 147.775000
149193	[0]	:	RT and choice to catch Q at trial 12: 0.582000, 28
149218	[25]	:	Fixation at trial 13: 149.198000
149740	[522]	:	Object at trial 13: 149.720000
153263	[3523]	:	Fixation at trial 13: 153.243000
153786	[523]	:	Catch Stim at trial 13: 153.766000
157311	[3525]	:	Catch Q at trial 13: 153.766000
157850	[539]	:	Key	30	DOWN	at	157850  
159291	[1441]	:	Respose to catch Q at trial 13: 157.856000
159291	[0]	:	RT and choice to catch Q at trial 13: 0.565000, 30
159316	[25]	:	Fixation at trial 14: 159.296000
159838	[522]	:	Object at trial 14: 159.818000
163361	[3523]	:	Fixation at trial 14: 163.341000
163883	[522]	:	Catch Stim at trial 14: 163.863000
167409	[3526]	:	Catch Q at trial 14: 163.863000
168210	[801]	:	Key	28	DOWN	at	168210  
169389	[1179]	:	Respose to catch Q at trial 14: 168.216000
169390	[1]	:	RT and choice to catch Q at trial 14: 0.827000, 28
169414	[24]	:	Fixation at trial 15: 169.394000
169936	[522]	:	Object at trial 15: 169.916000
173459	[3523]	:	Fixation at trial 15: 173.439000
173980	[521]	:	Catch Stim at trial 15: 173.960000
177506	[3526]	:	Catch Q at trial 15: 173.960000
177981	[475]	:	Key	30	DOWN	at	177981  
179486	[1505]	:	Respose to catch Q at trial 15: 177.986000
179486	[0]	:	RT and choice to catch Q at trial 15: 0.500000, 30
179511	[25]	:	Fixation at trial 16: 179.491000
180033	[522]	:	Object at trial 16: 180.013000
183556	[3523]	:	Fixation at trial 16: 183.536000
184077	[521]	:	Catch Stim at trial 16: 184.057000
187602	[3525]	:	Catch Q at trial 16: 184.057000
188106	[504]	:	Key	30	DOWN	at	188106  
189582	[1476]	:	Respose to catch Q at trial 16: 188.111000
189582	[0]	:	RT and choice to catch Q at trial 16: 0.529000, 30
189607	[25]	:	Fixation at trial 17: 189.587000
190129	[522]	:	Object at trial 17: 190.109000
193652	[3523]	:	Fixation at trial 17: 193.632000
194173	[521]	:	Catch Stim at trial 17: 194.153000
197698	[3525]	:	Catch Q at trial 17: 194.153000
198187	[489]	:	Key	30	DOWN	at	198187  
199678	[1491]	:	Respose to catch Q at trial 17: 198.192000
199678	[0]	:	RT and choice to catch Q at trial 17: 0.514000, 30
199703	[25]	:	Fixation at trial 18: 199.683000
200225	[522]	:	Object at trial 18: 200.205000
203748	[3523]	:	Fixation at trial 18: 203.728000
204269	[521]	:	Catch Stim at trial 18: 204.249000
207794	[3525]	:	Catch Q at trial 18: 204.249000
208428	[634]	:	Key	30	DOWN	at	208428  
209774	[1346]	:	Respose to catch Q at trial 18: 208.434000
209774	[0]	:	RT and choice to catch Q at trial 18: 0.660000, 30
209799	[25]	:	Fixation at trial 19: 209.779000
210322	[523]	:	Object at trial 19: 210.302000
213845	[3523]	:	Fixation at trial 19: 213.825000
214366	[521]	:	Catch Stim at trial 19: 214.346000
217891	[3525]	:	Catch Q at trial 19: 214.346000
218598	[707]	:	Key	30	DOWN	at	218598  
219871	[1273]	:	Respose to catch Q at trial 19: 218.604000
219871	[0]	:	RT and choice to catch Q at trial 19: 0.733000, 30
219896	[25]	:	Fixation at trial 20: 219.876000
220418	[522]	:	Object at trial 20: 220.398000
223941	[3523]	:	Fixation at trial 20: 223.921000
224463	[522]	:	Catch Stim at trial 20: 224.443000
227988	[3525]	:	Catch Q at trial 20: 224.443000
228569	[581]	:	Key	30	DOWN	at	228569  
229968	[1399]	:	Respose to catch Q at trial 20: 228.575000
229969	[1]	:	RT and choice to catch Q at trial 20: 0.607000, 30
229994	[25]	:	Fixation at trial 21: 229.974000
230516	[522]	:	Object at trial 21: 230.496000
234039	[3523]	:	Fixation at trial 21: 234.019000
234561	[522]	:	Catch Stim at trial 21: 234.541000
238086	[3525]	:	Catch Q at trial 21: 234.541000
238819	[733]	:	Key	28	DOWN	at	238819  
240066	[1247]	:	Respose to catch Q at trial 21: 238.825000
240066	[0]	:	RT and choice to catch Q at trial 21: 0.759000, 28
240091	[25]	:	Fixation at trial 22: 240.071000
240613	[522]	:	Object at trial 22: 240.593000
244136	[3523]	:	Fixation at trial 22: 244.116000
244657	[521]	:	Catch Stim at trial 22: 244.637000
248182	[3525]	:	Catch Q at trial 22: 244.637000
249020	[838]	:	Key	28	DOWN	at	249020  
250162	[1142]	:	Respose to catch Q at trial 22: 249.026000
250162	[0]	:	RT and choice to catch Q at trial 22: 0.864000, 28
250187	[25]	:	Fixation at trial 23: 250.167000
250709	[522]	:	Object at trial 23: 250.689000
254232	[3523]	:	Fixation at trial 23: 254.212000
254754	[522]	:	Catch Stim at trial 23: 254.734000
258279	[3525]	:	Catch Q at trial 23: 254.734000
258875	[596]	:	Key	30	DOWN	at	258875  
260259	[1384]	:	Respose to catch Q at trial 23: 258.882000
260259	[0]	:	RT and choice to catch Q at trial 23: 0.623000, 30
260285	[26]	:	Fixation at trial 24: 260.265000
260807	[522]	:	Object at trial 24: 260.787000
264329	[3522]	:	Fixation at trial 24: 264.309000
264851	[522]	:	Catch Stim at trial 24: 264.831000
268376	[3525]	:	Catch Q at trial 24: 264.831000
269111	[735]	:	Key	28	DOWN	at	269111  
270356	[1245]	:	Respose to catch Q at trial 24: 269.117000
270356	[0]	:	RT and choice to catch Q at trial 24: 0.761000, 28
270381	[25]	:	Fixation at trial 25: 270.361000
270903	[522]	:	Object at trial 25: 270.883000
274426	[3523]	:	Fixation at trial 25: 274.406000
274948	[522]	:	Catch Stim at trial 25: 274.928000
278473	[3525]	:	Catch Q at trial 25: 274.928000
279297	[824]	:	Key	28	DOWN	at	279297  
280453	[1156]	:	Respose to catch Q at trial 25: 279.303000
280453	[0]	:	RT and choice to catch Q at trial 25: 0.850000, 28
280478	[25]	:	Fixation at trial 26: 280.458000
281000	[522]	:	Object at trial 26: 280.980000
284523	[3523]	:	Fixation at trial 26: 284.503000
285044	[521]	:	Catch Stim at trial 26: 285.024000
288569	[3525]	:	Catch Q at trial 26: 285.024000
289347	[778]	:	Key	28	DOWN	at	289347  
290549	[1202]	:	Respose to catch Q at trial 26: 289.353000
290549	[0]	:	RT and choice to catch Q at trial 26: 0.804000, 28
290574	[25]	:	Fixation at trial 27: 290.554000
291096	[522]	:	Object at trial 27: 291.076000
294619	[3523]	:	Fixation at trial 27: 294.599000
295140	[521]	:	Catch Stim at trial 27: 295.120000
298665	[3525]	:	Catch Q at trial 27: 295.120000
299208	[543]	:	Key	30	DOWN	at	299208  
300645	[1437]	:	Respose to catch Q at trial 27: 299.213000
300645	[0]	:	RT and choice to catch Q at trial 27: 0.568000, 30
300670	[25]	:	Fixation at trial 28: 300.650000
301192	[522]	:	Object at trial 28: 301.172000
304715	[3523]	:	Fixation at trial 28: 304.695000
305236	[521]	:	Catch Stim at trial 28: 305.216000
308761	[3525]	:	Catch Q at trial 28: 305.216000
309308	[547]	:	Key	30	DOWN	at	309308  
310741	[1433]	:	Respose to catch Q at trial 28: 309.314000
310741	[0]	:	RT and choice to catch Q at trial 28: 0.573000, 30
310766	[25]	:	Fixation at trial 29: 310.746000
311288	[522]	:	Object at trial 29: 311.268000
314811	[3523]	:	Fixation at trial 29: 314.791000
315332	[521]	:	Catch Stim at trial 29: 315.312000
318857	[3525]	:	Catch Q at trial 29: 315.312000
319394	[537]	:	Key	28	DOWN	at	319394  
320837	[1443]	:	Respose to catch Q at trial 29: 319.400000
320837	[0]	:	RT and choice to catch Q at trial 29: 0.563000, 28
320862	[25]	:	Fixation at trial 30: 320.842000
321384	[522]	:	Object at trial 30: 321.364000
324907	[3523]	:	Fixation at trial 30: 324.887000
325428	[521]	:	Catch Stim at trial 30: 325.408000
328953	[3525]	:	Catch Q at trial 30: 325.408000
329775	[822]	:	Key	28	DOWN	at	329775  
330933	[1158]	:	Respose to catch Q at trial 30: 329.781000
330933	[0]	:	RT and choice to catch Q at trial 30: 0.848000, 28
330958	[25]	:	Fixation at trial 31: 330.938000
331480	[522]	:	Object at trial 31: 331.460000
335003	[3523]	:	Fixation at trial 31: 334.983000
335525	[522]	:	Catch Stim at trial 31: 335.505000
339050	[3525]	:	Catch Q at trial 31: 335.505000
339640	[590]	:	Key	28	DOWN	at	339640  
341030	[1390]	:	Respose to catch Q at trial 31: 339.646000
341030	[0]	:	RT and choice to catch Q at trial 31: 0.616000, 28
341055	[25]	:	Fixation at trial 32: 341.035000
341577	[522]	:	Object at trial 32: 341.557000
345100	[3523]	:	Fixation at trial 32: 345.080000
345622	[522]	:	Catch Stim at trial 32: 345.602000
349147	[3525]	:	Catch Q at trial 32: 345.602000
349826	[679]	:	Key	30	DOWN	at	349826  
351127	[1301]	:	Respose to catch Q at trial 32: 349.832000
351127	[0]	:	RT and choice to catch Q at trial 32: 0.705000, 30
351152	[25]	:	Fixation at trial 33: 351.132000
351674	[522]	:	Object at trial 33: 351.654000
355197	[3523]	:	Fixation at trial 33: 355.177000
355719	[522]	:	Catch Stim at trial 33: 355.699000
359244	[3525]	:	Catch Q at trial 33: 355.699000
359926	[682]	:	Key	28	DOWN	at	359926  
361224	[1298]	:	Respose to catch Q at trial 33: 359.932000
361224	[0]	:	RT and choice to catch Q at trial 33: 0.708000, 28
361248	[24]	:	Fixation at trial 34: 361.228000
361770	[522]	:	Object at trial 34: 361.750000
365293	[3523]	:	Fixation at trial 34: 365.273000
365814	[521]	:	Catch Stim at trial 34: 365.794000
369339	[3525]	:	Catch Q at trial 34: 365.794000
369987	[648]	:	Key	30	DOWN	at	369987  
371319	[1332]	:	Respose to catch Q at trial 34: 369.993000
371319	[0]	:	RT and choice to catch Q at trial 34: 0.674000, 30
371344	[25]	:	Fixation at trial 35: 371.324000
371866	[522]	:	Object at trial 35: 371.846000
375389	[3523]	:	Fixation at trial 35: 375.369000
375910	[521]	:	Catch Stim at trial 35: 375.890000
379435	[3525]	:	Catch Q at trial 35: 375.890000
380067	[632]	:	Key	30	DOWN	at	380067  
381415	[1348]	:	Respose to catch Q at trial 35: 380.073000
381415	[0]	:	RT and choice to catch Q at trial 35: 0.658000, 30
381449	[34]	:	Fixation at trial 36: 381.429000
381971	[522]	:	Object at trial 36: 381.951000
385494	[3523]	:	Fixation at trial 36: 385.474000
386015	[521]	:	Catch Stim at trial 36: 385.995000
389540	[3525]	:	Catch Q at trial 36: 385.995000
390188	[648]	:	Key	30	DOWN	at	390188  
391520	[1332]	:	Respose to catch Q at trial 36: 390.194000
391520	[0]	:	RT and choice to catch Q at trial 36: 0.674000, 30
391545	[25]	:	Fixation at trial 37: 391.525000
392067	[522]	:	Object at trial 37: 392.047000
395590	[3523]	:	Fixation at trial 37: 395.570000
396111	[521]	:	Catch Stim at trial 37: 396.091000
399636	[3525]	:	Catch Q at trial 37: 396.091000
400474	[838]	:	Key	28	DOWN	at	400474  
401616	[1142]	:	Respose to catch Q at trial 37: 400.480000
401616	[0]	:	RT and choice to catch Q at trial 37: 0.864000, 28
401641	[25]	:	Fixation at trial 38: 401.621000
402163	[522]	:	Object at trial 38: 402.143000
405686	[3523]	:	Fixation at trial 38: 405.666000
406207	[521]	:	Catch Stim at trial 38: 406.187000
409732	[3525]	:	Catch Q at trial 38: 406.187000
410334	[602]	:	Key	28	DOWN	at	410334  
411712	[1378]	:	Respose to catch Q at trial 38: 410.340000
411712	[0]	:	RT and choice to catch Q at trial 38: 0.628000, 28
411737	[25]	:	Fixation at trial 39: 411.717000
412259	[522]	:	Object at trial 39: 412.239000
415782	[3523]	:	Fixation at trial 39: 415.762000
416303	[521]	:	Catch Stim at trial 39: 416.283000
419828	[3525]	:	Catch Q at trial 39: 416.283000
420605	[777]	:	Key	28	DOWN	at	420605  
421808	[1203]	:	Respose to catch Q at trial 39: 420.611000
421808	[0]	:	RT and choice to catch Q at trial 39: 0.803000, 28
421833	[25]	:	Fixation at trial 40: 421.813000
422355	[522]	:	Object at trial 40: 422.335000
425878	[3523]	:	Fixation at trial 40: 425.858000
426400	[522]	:	Catch Stim at trial 40: 426.380000
429925	[3525]	:	Catch Q at trial 40: 426.380000
430550	[625]	:	Key	30	DOWN	at	430550  
431905	[1355]	:	Respose to catch Q at trial 40: 430.556000
431905	[0]	:	RT and choice to catch Q at trial 40: 0.651000, 30
431930	[25]	:	Fixation at trial 41: 431.910000
432453	[523]	:	Object at t