Cog2000 log file Thu Nov 28 11:00:30 2019
gprim v1.29 Compiled:Feb  1 2010 (GLib DirectDraw v7 DX10.0 Compiled:Feb  1 2010)
Display:1024x768x32 59.84Hz
CogInput v1.05 Compiled: May 20 2010
0	[0]	:	COGENT START
7940	[7940]	:	Key	30	DOWN	at	7940    
8130	[190]	:	Key	30	UP	at	8130    
19146	[11016]	:	Key	28	DOWN	at	19146   
19346	[200]	:	Key	28	UP	at	19346   
49898	[30552]	:	Key	71	DOWN	at	49898   
49961	[63]	:	Fixation at trial 1: 49.941000
50487	[526]	:	Object at trial 1: 50.467000
54010	[3523]	:	Fixation at trial 1: 53.990000
54535	[525]	:	Catch Stim at trial 1: 54.515000
58064	[3529]	:	Catch Q at trial 1: 54.515000
58733	[669]	:	Key	28	DOWN	at	58733   
60044	[1311]	:	Respose to catch Q at trial 1: 58.740000
60045	[1]	:	RT and choice to catch Q at trial 1: 0.696000, 28
60076	[31]	:	Fixation at trial 2: 60.056000
60598	[522]	:	Object at trial 2: 60.578000
64122	[3524]	:	Fixation at trial 2: 64.102000
64643	[521]	:	Catch Stim at trial 2: 64.623000
68168	[3525]	:	Catch Q at trial 2: 64.623000
69074	[906]	:	Key	30	DOWN	at	69074   
70148	[1074]	:	Respose to catch Q at trial 2: 69.080000
70148	[0]	:	RT and choice to catch Q at trial 2: 0.932000, 30
70177	[29]	:	Fixation at trial 3: 70.157000
70699	[522]	:	Object at trial 3: 70.679000
74222	[3523]	:	Fixation at trial 3: 74.202000
74743	[521]	:	Catch Stim at trial 3: 74.723000
78268	[3525]	:	Catch Q at trial 3: 74.723000
78949	[681]	:	Key	30	DOWN	at	78949   
80248	[1299]	:	Respose to catch Q at trial 3: 78.955000
80248	[0]	:	RT and choice to catch Q at trial 3: 0.707000, 30
80273	[25]	:	Fixation at trial 4: 80.253000
80795	[522]	:	Object at trial 4: 80.775000
84318	[3523]	:	Fixation at trial 4: 84.298000
84839	[521]	:	Catch Stim at trial 4: 84.819000
88364	[3525]	:	Catch Q at trial 4: 84.819000
89080	[716]	:	Key	28	DOWN	at	89080   
90344	[1264]	:	Respose to catch Q at trial 4: 89.086000
90344	[0]	:	RT and choice to catch Q at trial 4: 0.742000, 28
90369	[25]	:	Fixation at trial 5: 90.349000
90892	[523]	:	Object at trial 5: 90.872000
94415	[3523]	:	Fixation at trial 5: 94.395000
94936	[521]	:	Catch Stim at trial 5: 94.916000
98461	[3525]	:	Catch Q at trial 5: 94.916000
99220	[759]	:	Key	28	DOWN	at	99220   
100441	[1221]	:	Respose to catch Q at trial 5: 99.225000
100441	[0]	:	RT and choice to catch Q at trial 5: 0.784000, 28
100466	[25]	:	Fixation at trial 6: 100.446000
100988	[522]	:	Object at trial 6: 100.968000
104511	[3523]	:	Fixation at trial 6: 104.491000
105032	[521]	:	Catch Stim at trial 6: 105.012000
108557	[3525]	:	Catch Q at trial 6: 105.012000
109081	[524]	:	Key	30	DOWN	at	109081  
110537	[1456]	:	Respose to catch Q at trial 6: 109.087000
110537	[0]	:	RT and choice to catch Q at trial 6: 0.550000, 30
110562	[25]	:	Fixation at trial 7: 110.542000
111084	[522]	:	Object at trial 7: 111.064000
114607	[3523]	:	Fixation at trial 7: 114.587000
115128	[521]	:	Catch Stim at trial 7: 115.108000
118653	[3525]	:	Catch Q at trial 7: 115.108000
119202	[549]	:	Key	30	DOWN	at	119202  
120633	[1431]	:	Respose to catch Q at trial 7: 119.207000
120633	[0]	:	RT and choice to catch Q at trial 7: 0.574000, 30
120658	[25]	:	Fixation at trial 8: 120.638000
121180	[522]	:	Object at trial 8: 121.160000
124703	[3523]	:	Fixation at trial 8: 124.683000
125224	[521]	:	Catch Stim at trial 8: 125.204000
128749	[3525]	:	Catch Q at trial 8: 125.204000
129306	[557]	:	Key	28	DOWN	at	129306  
130729	[1423]	:	Respose to catch Q at trial 8: 129.312000
130729	[0]	:	RT and choice to catch Q at trial 8: 0.583000, 28
130753	[24]	:	Fixation at trial 9: 130.733000
131275	[522]	:	Object at trial 9: 131.255000
134798	[3523]	:	Fixation at trial 9: 134.778000
135319	[521]	:	Catch Stim at trial 9: 135.299000
138844	[3525]	:	Catch Q at trial 9: 135.299000
139188	[344]	:	Key	30	DOWN	at	139188  
140824	[1636]	:	Respose to catch Q at trial 9: 139.193000
140824	[0]	:	RT and choice to catch Q at trial 9: 0.369000, 30
140849	[25]	:	Fixation at trial 10: 140.829000
141371	[522]	:	Object at trial 10: 141.351000
144894	[3523]	:	Fixation at trial 10: 144.874000
145415	[521]	:	Catch Stim at trial 10: 145.395000
148940	[3525]	:	Catch Q at trial 10: 145.395000
149588	[648]	:	Key	30	DOWN	at	149588  
150920	[1332]	:	Respose to catch Q at trial 10: 149.594000
150920	[0]	:	RT and choice to catch Q at trial 10: 0.674000, 30
150945	[25]	:	Fixation at trial 11: 150.925000
151467	[522]	:	Object at trial 11: 151.447000
154990	[3523]	:	Fixation at trial 11: 154.970000
155511	[521]	:	Catch Stim at trial 11: 155.491000
159036	[3525]	:	Catch Q at trial 11: 155.491000
159569	[533]	:	Key	30	DOWN	at	159569  
161016	[1447]	:	Respose to catch Q at trial 11: 159.575000
161016	[0]	:	RT and choice to catch Q at trial 11: 0.559000, 30
161041	[25]	:	Fixation at trial 12: 161.021000
161563	[522]	:	Object at trial 12: 161.543000
165086	[3523]	:	Fixation at trial 12: 165.066000
165608	[522]	:	Catch Stim at trial 12: 165.588000
169133	[3525]	:	Catch Q at trial 12: 165.588000
169559	[426]	:	Key	30	DOWN	at	169559  
171113	[1554]	:	Respose to catch Q at trial 12: 169.565000
171113	[0]	:	RT and choice to catch Q at trial 12: 0.452000, 30
171137	[24]	:	Fixation at trial 13: 171.117000
171659	[522]	:	Object at trial 13: 171.639000
175182	[3523]	:	Fixation at trial 13: 175.162000
175703	[521]	:	Catch Stim at trial 13: 175.683000
179228	[3525]	:	Catch Q at trial 13: 175.683000
179840	[612]	:	Key	28	DOWN	at	179840  
181208	[1368]	:	Respose to catch Q at trial 13: 179.846000
181208	[0]	:	RT and choice to catch Q at trial 13: 0.638000, 28
181233	[25]	:	Fixation at trial 14: 181.213000
181755	[522]	:	Object at trial 14: 181.735000
185278	[3523]	:	Fixation at trial 14: 185.258000
185799	[521]	:	Catch Stim at trial 14: 185.779000
189324	[3525]	:	Catch Q at trial 14: 185.779000
190031	[707]	:	Key	28	DOWN	at	190031  
191304	[1273]	:	Respose to catch Q at trial 14: 190.037000
191304	[0]	:	RT and choice to catch Q at trial 14: 0.733000, 28
191329	[25]	:	Fixation at trial 15: 191.309000
191851	[522]	:	Object at trial 15: 191.831000
195374	[3523]	:	Fixation at trial 15: 195.354000
195896	[522]	:	Catch Stim at trial 15: 195.876000
199421	[3525]	:	Catch Q at trial 15: 195.876000
200151	[730]	:	Key	28	DOWN	at	200151  
201401	[1250]	:	Respose to catch Q at trial 15: 200.157000
201401	[0]	:	RT and choice to catch Q at trial 15: 0.756000, 28
201426	[25]	:	Fixation at trial 16: 201.406000
201948	[522]	:	Object at trial 16: 201.928000
205471	[3523]	:	Fixation at trial 16: 205.451000
205992	[521]	:	Catch Stim at trial 16: 205.972000
209517	[3525]	:	Catch Q at trial 16: 205.972000
210147	[630]	:	Key	28	DOWN	at	210147  
211497	[1350]	:	Respose to catch Q at trial 16: 210.152000
211497	[0]	:	RT and choice to catch Q at trial 16: 0.655000, 28
211522	[25]	:	Fixation at trial 17: 211.502000
212044	[522]	:	Object at trial 17: 212.024000
215567	[3523]	:	Fixation at trial 17: 215.547000
216088	[521]	:	Catch Stim at trial 17: 216.068000
219613	[3525]	:	Catch Q at trial 17: 216.068000
220297	[684]	:	Key	30	DOWN	at	220297  
221593	[1296]	:	Respose to catch Q at trial 17: 220.302000
221593	[0]	:	RT and choice to catch Q at trial 17: 0.709000, 30
221618	[25]	:	Fixation at trial 18: 221.598000
222140	[522]	:	Object at trial 18: 222.120000
225663	[3523]	:	Fixation at trial 18: 225.643000
226184	[521]	:	Catch Stim at trial 18: 226.164000
229709	[3525]	:	Catch Q at trial 18: 226.164000
230393	[684]	:	Key	28	DOWN	at	230393  
231689	[1296]	:	Respose to catch Q at trial 18: 230.399000
231689	[0]	:	RT and choice to catch Q at trial 18: 0.710000, 28
231714	[25]	:	Fixation at trial 19: 231.694000
232236	[522]	:	Object at trial 19: 232.216000
235759	[3523]	:	Fixation at trial 19: 235.739000
236280	[521]	:	Catch Stim at trial 19: 236.260000
239805	[3525]	:	Catch Q at trial 19: 236.260000
240663	[858]	:	Key	28	DOWN	at	240663  
241785	[1122]	:	Respose to catch Q at trial 19: 240.669000
241785	[0]	:	RT and choice to catch Q at trial 19: 0.884000, 28
241810	[25]	:	Fixation at trial 20: 241.790000
242332	[522]	:	Object at trial 20: 242.312000
245855	[3523]	:	Fixation at trial 20: 245.835000
246376	[521]	:	Catch Stim at trial 20: 246.356000
249901	[3525]	:	Catch Q at trial 20: 246.356000
250561	[660]	:	Key	30	DOWN	at	250561  
251881	[1320]	:	Respose to catch Q at trial 20: 250.566000
251882	[1]	:	RT and choice to catch Q at trial 20: 0.685000, 30
251906	[24]	:	Fixation at trial 21: 251.886000
252428	[522]	:	Object at trial 21: 252.408000
255951	[3523]	:	Fixation at trial 21: 255.931000
256473	[522]	:	Catch Stim at trial 21: 256.452000
259998	[3525]	:	Catch Q at trial 21: 256.452000
260567	[569]	:	Key	28	DOWN	at	260567  
261978	[1411]	:	Respose to catch Q at trial 21: 260.573000
261978	[0]	:	RT and choice to catch Q at trial 21: 0.595000, 28
262003	[25]	:	Fixation at trial 22: 261.983000
262525	[522]	:	Object at trial 22: 262.505000
266048	[3523]	:	Fixation at trial 22: 266.028000
266569	[521]	:	Catch Stim at trial 22: 266.549000
270094	[3525]	:	Catch Q at trial 22: 266.549000
270867	[773]	:	Key	28	DOWN	at	270867  
272074	[1207]	:	Respose to catch Q at trial 22: 270.873000
272074	[0]	:	RT and choice to catch Q at trial 22: 0.799000, 28
272099	[25]	:	Fixation at trial 23: 272.079000
272621	[522]	:	Object at trial 23: 272.601000
276144	[3523]	:	Fixation at trial 23: 276.124000
276665	[521]	:	Catch Stim at trial 23: 276.645000
280190	[3525]	:	Catch Q at trial 23: 276.645000
280868	[678]	:	Key	30	DOWN	at	280868  
282170	[1302]	:	Respose to catch Q at trial 23: 280.874000
282170	[0]	:	RT and choice to catch Q at trial 23: 0.704000, 30
282195	[25]	:	Fixation at trial 24: 282.175000
282717	[522]	:	Object at trial 24: 282.697000
286240	[3523]	:	Fixation at trial 24: 286.220000
286761	[521]	:	Catch Stim at trial 24: 286.741000
290285	[3524]	:	Catch Q at trial 24: 286.741000
290853	[568]	:	Key	30	DOWN	at	290853  
292265	[1412]	:	Respose to catch Q at trial 24: 290.859000
292265	[0]	:	RT and choice to catch Q at trial 24: 0.594000, 30
292290	[25]	:	Fixation at trial 25: 292.270000
292812	[522]	:	Object at trial 25: 292.792000
296335	[3523]	:	Fixation at trial 25: 296.315000
296856	[521]	:	Catch Stim at trial 25: 296.836000
300381	[3525]	:	Catch Q at trial 25: 296.836000
301589	[1208]	:	Key	28	DOWN	at	301589  
302361	[772]	:	Respose to catch Q at trial 25: 301.595000
302361	[0]	:	RT and choice to catch Q at trial 25: 1.234000, 28
302386	[25]	:	Fixation at trial 26: 302.366000
302908	[522]	:	Object at trial 26: 302.888000
306431	[3523]	:	Fixation at trial 26: 306.411000
306952	[521]	:	Catch Stim at trial 26: 306.932000
310477	[3525]	:	Catch Q at trial 26: 306.932000
311235	[758]	:	Key	30	DOWN	at	311235  
312457	[1222]	:	Respose to catch Q at trial 26: 311.241000
312458	[1]	:	RT and choice to catch Q at trial 26: 0.784000, 30
312482	[24]	:	Fixation at trial 27: 312.462000
313004	[522]	:	Object at trial 27: 312.984000
316527	[3523]	:	Fixation at trial 27: 316.507000
317048	[521]	:	Catch Stim at trial 27: 317.028000
320573	[3525]	:	Catch Q at trial 27: 317.028000
321770	[1197]	:	Key	28	DOWN	at	321770  
322553	[783]	:	Respose to catch Q at trial 27: 321.776000
322553	[0]	:	RT and choice to catch Q at trial 27: 1.223000, 28
322578	[25]	:	Fixation at trial 28: 322.558000
323100	[522]	:	Object at trial 28: 323.080000
326623	[3523]	:	Fixation at trial 28: 326.603000
327144	[521]	:	Catch Stim at trial 28: 327.124000
330669	[3525]	:	Catch Q at trial 28: 327.124000
331631	[962]	:	Key	28	DOWN	at	331631  
332649	[1018]	:	Respose to catch Q at trial 28: 331.637000
332649	[0]	:	RT and choice to catch Q at trial 28: 0.988000, 28
332674	[25]	:	Fixation at trial 29: 332.654000
333196	[522]	:	Object at trial 29: 333.176000
336719	[3523]	:	Fixation at trial 29: 336.699000
337240	[521]	:	Catch Stim at trial 29: 337.220000
340765	[3525]	:	Catch Q at trial 29: 337.220000
341601	[836]	:	Key	30	DOWN	at	341601  
342745	[1144]	:	Respose to catch Q at trial 29: 341.607000
342745	[0]	:	RT and choice to catch Q at trial 29: 0.862000, 30
342770	[25]	:	Fixation at trial 30: 342.750000
343292	[522]	:	Object at trial 30: 343.272000
346815	[3523]	:	Fixation at trial 30: 346.795000
347336	[521]	:	Catch Stim at trial 30: 347.316000
350861	[3525]	:	Catch Q at trial 30: 347.316000
351627	[766]	:	Key	30	DOWN	at	351627  
352841	[1214]	:	Respose to catch Q at trial 30: 351.633000
352841	[0]	:	RT and choice to catch Q at trial 30: 0.792000, 30
352866	[25]	:	Fixation at trial 31: 352.846000
353388	[522]	:	Object at trial 31: 353.368000
356911	[3523]	:	Fixation at trial 31: 356.891000
357432	[521]	:	Catch Stim at trial 31: 357.412000
360957	[3525]	:	Catch Q at trial 31: 357.412000
361687	[730]	:	Key	30	DOWN	at	361687  
362937	[1250]	:	Respose to catch Q at trial 31: 361.693000
362937	[0]	:	RT and choice to catch Q at trial 31: 0.756000, 30
362962	[25]	:	Fixation at trial 32: 362.942000
363484	[522]	:	Object at trial 32: 363.464000
367007	[3523]	:	Fixation at trial 32: 366.987000
367528	[521]	:	Catch Stim at trial 32: 367.508000
371053	[3525]	:	Catch Q at trial 32: 367.508000
371733	[680]	:	Key	30	DOWN	at	371733  
373033	[1300]	:	Respose to catch Q at trial 32: 371.739000
373033	[0]	:	RT and choice to catch Q at trial 32: 0.706000, 30
373058	[25]	:	Fixation at trial 33: 373.038000
373580	[522]	:	Object at trial 33: 373.560000
377103	[3523]	:	Fixation at trial 33: 377.083000
377624	[521]	:	Catch Stim at trial 33: 377.604000
381149	[3525]	:	Catch Q at trial 33: 377.604000
381969	[820]	:	Key	28	DOWN	at	381969  
383129	[1160]	:	Respose to catch Q at trial 33: 381.975000
383129	[0]	:	RT and choice to catch Q at trial 33: 0.846000, 28
383154	[25]	:	Fixation at trial 34: 383.134000
383676	[522]	:	Object at trial 34: 383.656000
387199	[3523]	:	Fixation at trial 34: 387.179000
387720	[521]	:	Catch Stim at trial 34: 387.700000
391245	[3525]	:	Catch Q at trial 34: 387.700000
391949	[704]	:	Key	28	DOWN	at	391949  
393225	[1276]	:	Respose to catch Q at trial 34: 391.955000
393225	[0]	:	RT and choice to catch Q at trial 34: 0.730000, 28
393250	[25]	:	Fixation at trial 35: 393.230000
393772	[522]	:	Object at trial 35: 393.752000
397295	[3523]	:	Fixation at trial 35: 397.275000
397816	[521]	:	Catch Stim at trial 35: 397.796000
401341	[3525]	:	Catch Q at trial 35: 397.796000
402145	[804]	:	Key	28	DOWN	at	402145  
403321	[1176]	:	Respose to catch Q at trial 35: 402.151000
403321	[0]	:	RT and choice to catch Q at trial 35: 0.830000, 28
403346	[25]	:	Fixation at trial 36: 403.326000
403868	[522]	:	Object at trial 36: 403.848000
407391	[3523]	:	Fixation at trial 36: 407.371000
407912	[521]	:	Catch Stim at trial 36: 407.892000
411437	[3525]	:	Catch Q at trial 36: 407.892000
412135	[698]	:	Key	30	DOWN	at	412135  
413417	[1282]	:	Respose to catch Q at trial 36: 412.141000
413417	[0]	:	RT and choice to catch Q at trial 36: 0.724000, 30
413442	[25]	:	Fixation at trial 37: 413.422000
413964	[522]	:	Object at trial 37: 413.944000
417487	[3523]	:	Fixation at trial 37: 417.467000
418008	[521]	:	Catch Stim at trial 37: 417.988000
421533	[3525]	:	Catch Q at trial 37: 417.988000
422286	[753]	:	Key	30	DOWN	at	422286  
423513	[1227]	:	Respose to catch Q at trial 37: 422.291000
423513	[0]	:	RT and choice to catch Q at trial 37: 0.778000, 30
423538	[25]	:	Fixation at trial 38: 423.518000
424061	[523]	:	Object at trial 38: 424.041000
427584	[3523]	:	Fixation at trial 38: 427.564000
428105	[521]	:	Catch Stim at trial 38: 428.085000
431630	[3525]	:	Catch Q at trial 38: 428.085000
432341	[711]	:	Key	28	DOWN	at	432341  
433610	[1269]	:	Respose to catch Q at trial 38: 432.346000
433610	[0]	:	RT and choice to catch Q at trial 38: 0.736000, 28
433635	[25]	:	Fixation at trial 39: 433.615000
434157	[522]	:	Object at trial 39: 434.137000
437680	[3523]	:	Fixation at trial 39: 437.660000
438201	[521]	:	Catch Stim at trial 39: 438.181000
441726	[3525]	:	Catch Q at trial 39: 438.181000
442317	[591]	:	Key	30	DOWN	at	442317  
443706	[1389]	:	Respose to catch Q at trial 39: 442.323000
443706	[0]	:	RT and choice to catch Q at trial 39: 0.617000, 30
443731	[25]	:	Fixation at trial 40: 443.711000
444253	[522]	:	Object at trial 40: 444.233000
447776	[3523]	:	Fixation at trial 40: 447.756000
448297	[521]	:	Catch Stim at trial 40: 448.277000
451822	[3525]	:	Catch Q at trial 40: 448.277000
452494	[672]	:	Key	30	DOWN	at	452494  
453802	[1308]	:	Respose to catch Q at trial 40: 452.500000
453802	[0]	:	RT and choice to catch Q at trial 40: 0.698000, 30
453827	[25]	:	Fixation at trial 41: 