Cog2000 log file Wed Oct 23 12:50:15 2019
gprim v1.29 Compiled:Feb  1 2010 (GLib DirectDraw v7 DX10.0 Compiled:Feb  1 2010)
Display:1024x768x32 59.84Hz
CogInput v1.05 Compiled: May 20 2010
0	[0]	:	COGENT START
751	[751]	:	Key	30	DOWN	at	751     
946	[195]	:	Key	30	UP	at	946     
1216	[270]	:	Key	28	DOWN	at	1216    
1451	[235]	:	Key	28	UP	at	1451    
24698	[23247]	:	Key	71	DOWN	at	24698   
24757	[59]	:	Fixation at trial 1: 24.737000
25285	[528]	:	Object at trial 1: 25.264000
28809	[3524]	:	Fixation at trial 1: 28.788000
29338	[529]	:	Catch Stim at trial 1: 29.317000
32867	[3529]	:	Catch Q at trial 1: 29.317000
33474	[607]	:	Key	30	DOWN	at	33474   
34847	[1373]	:	Respose to catch Q at trial 1: 33.482000
34848	[1]	:	RT and choice to catch Q at trial 1: 0.636000, 30
34883	[35]	:	Fixation at trial 2: 34.863000
35405	[522]	:	Object at trial 2: 35.385000
38928	[3523]	:	Fixation at trial 2: 38.908000
39452	[524]	:	Catch Stim at trial 2: 39.432000
42980	[3528]	:	Catch Q at trial 2: 39.432000
44254	[1274]	:	Key	30	DOWN	at	44254   
44960	[706]	:	Respose to catch Q at trial 2: 44.263000
44961	[1]	:	RT and choice to catch Q at trial 2: 1.303000, 30
44994	[33]	:	Fixation at trial 3: 44.974000
45516	[522]	:	Object at trial 3: 45.496000
49039	[3523]	:	Fixation at trial 3: 49.019000
49561	[522]	:	Catch Stim at trial 3: 49.541000
53087	[3526]	:	Catch Q at trial 3: 49.541000
53975	[888]	:	Key	28	DOWN	at	53975   
55067	[1092]	:	Respose to catch Q at trial 3: 53.981000
55068	[1]	:	RT and choice to catch Q at trial 3: 0.914000, 28
55097	[29]	:	Fixation at trial 4: 55.077000
55619	[522]	:	Object at trial 4: 55.599000
59142	[3523]	:	Fixation at trial 4: 59.122000
59664	[522]	:	Catch Stim at trial 4: 59.644000
63190	[3526]	:	Catch Q at trial 4: 59.644000
64075	[885]	:	Key	28	DOWN	at	64075   
65170	[1095]	:	Respose to catch Q at trial 4: 64.081000
65171	[1]	:	RT and choice to catch Q at trial 4: 0.911000, 28
65199	[28]	:	Fixation at trial 5: 65.178000
65721	[522]	:	Object at trial 5: 65.701000
69244	[3523]	:	Fixation at trial 5: 69.224000
69767	[523]	:	Catch Stim at trial 5: 69.747000
73293	[3526]	:	Catch Q at trial 5: 69.747000
74141	[848]	:	Key	28	DOWN	at	74141   
75273	[1132]	:	Respose to catch Q at trial 5: 74.148000
75274	[1]	:	RT and choice to catch Q at trial 5: 0.875000, 28
75303	[29]	:	Fixation at trial 6: 75.283000
75825	[522]	:	Object at trial 6: 75.805000
79348	[3523]	:	Fixation at trial 6: 79.328000
79871	[523]	:	Catch Stim at trial 6: 79.851000
83397	[3526]	:	Catch Q at trial 6: 79.851000
84161	[764]	:	Key	28	DOWN	at	84161   
85377	[1216]	:	Respose to catch Q at trial 6: 84.167000
85378	[1]	:	RT and choice to catch Q at trial 6: 0.790000, 28
85405	[27]	:	Fixation at trial 7: 85.385000
85927	[522]	:	Object at trial 7: 85.907000
89450	[3523]	:	Fixation at trial 7: 89.430000
89973	[523]	:	Catch Stim at trial 7: 89.953000
93499	[3526]	:	Catch Q at trial 7: 89.953000
94373	[874]	:	Key	28	DOWN	at	94373   
95479	[1106]	:	Respose to catch Q at trial 7: 94.378000
95480	[1]	:	RT and choice to catch Q at trial 7: 0.899000, 28
95505	[25]	:	Fixation at trial 8: 95.485000
96027	[522]	:	Object at trial 8: 96.007000
99550	[3523]	:	Fixation at trial 8: 99.530000
100073	[523]	:	Catch Stim at trial 8: 100.053000
103599	[3526]	:	Catch Q at trial 8: 100.053000
104219	[620]	:	Key	30	DOWN	at	104219  
105579	[1360]	:	Respose to catch Q at trial 8: 104.224000
105580	[1]	:	RT and choice to catch Q at trial 8: 0.645000, 30
105605	[25]	:	Fixation at trial 9: 105.585000
106127	[522]	:	Object at trial 9: 106.107000
109650	[3523]	:	Fixation at trial 9: 109.630000
110173	[523]	:	Catch Stim at trial 9: 110.153000
113698	[3525]	:	Catch Q at trial 9: 110.153000
114564	[866]	:	Key	30	DOWN	at	114564  
115678	[1114]	:	Respose to catch Q at trial 9: 114.570000
115679	[1]	:	RT and choice to catch Q at trial 9: 0.892000, 30
115703	[24]	:	Fixation at trial 10: 115.683000
116225	[522]	:	Object at trial 10: 116.205000
119748	[3523]	:	Fixation at trial 10: 119.728000
120271	[523]	:	Catch Stim at trial 10: 120.251000
123796	[3525]	:	Catch Q at trial 10: 120.251000
124380	[584]	:	Key	30	DOWN	at	124380  
125776	[1396]	:	Respose to catch Q at trial 10: 124.386000
125777	[1]	:	RT and choice to catch Q at trial 10: 0.610000, 30
125801	[24]	:	Fixation at trial 11: 125.781000
126323	[522]	:	Object at trial 11: 126.303000
129847	[3524]	:	Fixation at trial 11: 129.827000
130368	[521]	:	Catch Stim at trial 11: 130.349000
133893	[3525]	:	Catch Q at trial 11: 130.349000
134380	[487]	:	Key	30	DOWN	at	134380  
135873	[1493]	:	Respose to catch Q at trial 11: 134.385000
135873	[0]	:	RT and choice to catch Q at trial 11: 0.512000, 30
135898	[25]	:	Fixation at trial 12: 135.878000
136420	[522]	:	Object at trial 12: 136.400000
139943	[3523]	:	Fixation at trial 12: 139.923000
140465	[522]	:	Catch Stim at trial 12: 140.445000
143990	[3525]	:	Catch Q at trial 12: 140.445000
144546	[556]	:	Key	30	DOWN	at	144546  
145970	[1424]	:	Respose to catch Q at trial 12: 144.552000
145971	[1]	:	RT and choice to catch Q at trial 12: 0.582000, 30
145995	[24]	:	Fixation at trial 13: 145.975000
146517	[522]	:	Object at trial 13: 146.497000
150040	[3523]	:	Fixation at trial 13: 150.020000
150562	[522]	:	Catch Stim at trial 13: 150.542000
154088	[3526]	:	Catch Q at trial 13: 150.542000
154762	[674]	:	Key	30	DOWN	at	154762  
156068	[1306]	:	Respose to catch Q at trial 13: 154.768000
156069	[1]	:	RT and choice to catch Q at trial 13: 0.700000, 30
156093	[24]	:	Fixation at trial 14: 156.073000
156616	[523]	:	Object at trial 14: 156.596000
160139	[3523]	:	Fixation at trial 14: 160.119000
160662	[523]	:	Catch Stim at trial 14: 160.642000
164188	[3526]	:	Catch Q at trial 14: 160.642000
164772	[584]	:	Key	30	DOWN	at	164772  
166168	[1396]	:	Respose to catch Q at trial 14: 164.778000
166169	[1]	:	RT and choice to catch Q at trial 14: 0.610000, 30
166193	[24]	:	Fixation at trial 15: 166.173000
166716	[523]	:	Object at trial 15: 166.696000
170239	[3523]	:	Fixation at trial 15: 170.219000
170761	[522]	:	Catch Stim at trial 15: 170.741000
174287	[3526]	:	Catch Q at trial 15: 170.741000
174720	[433]	:	Key	30	DOWN	at	174720  
176267	[1547]	:	Respose to catch Q at trial 15: 174.726000
176268	[1]	:	RT and choice to catch Q at trial 15: 0.459000, 30
176292	[24]	:	Fixation at trial 16: 176.272000
176814	[522]	:	Object at trial 16: 176.794000
180337	[3523]	:	Fixation at trial 16: 180.317000
180859	[522]	:	Catch Stim at trial 16: 180.839000
184384	[3525]	:	Catch Q at trial 16: 180.839000
184905	[521]	:	Key	30	DOWN	at	184905  
186364	[1459]	:	Respose to catch Q at trial 16: 184.911000
186365	[1]	:	RT and choice to catch Q at trial 16: 0.547000, 30
186389	[24]	:	Fixation at trial 17: 186.369000
186911	[522]	:	Object at trial 17: 186.891000
190434	[3523]	:	Fixation at trial 17: 190.414000
190956	[522]	:	Catch Stim at trial 17: 190.936000
194482	[3526]	:	Catch Q at trial 17: 190.936000
195381	[899]	:	Key	28	DOWN	at	195381  
196462	[1081]	:	Respose to catch Q at trial 17: 195.387000
196462	[0]	:	RT and choice to catch Q at trial 17: 0.925000, 28
196487	[25]	:	Fixation at trial 18: 196.467000
197009	[522]	:	Object at trial 18: 196.989000
200532	[3523]	:	Fixation at trial 18: 200.512000
201054	[522]	:	Catch Stim at trial 18: 201.034000
204580	[3526]	:	Catch Q at trial 18: 201.034000
205526	[946]	:	Key	28	DOWN	at	205526  
206560	[1034]	:	Respose to catch Q at trial 18: 205.532000
206560	[0]	:	RT and choice to catch Q at trial 18: 0.972000, 28
206585	[25]	:	Fixation at trial 19: 206.565000
207107	[522]	:	Object at trial 19: 207.087000
210630	[3523]	:	Fixation at trial 19: 210.610000
211153	[523]	:	Catch Stim at trial 19: 211.133000
214680	[3527]	:	Catch Q at trial 19: 211.133000
215357	[677]	:	Key	28	DOWN	at	215357  
216660	[1303]	:	Respose to catch Q at trial 19: 215.363000
216661	[1]	:	RT and choice to catch Q at trial 19: 0.703000, 28
216685	[24]	:	Fixation at trial 20: 216.665000
217207	[522]	:	Object at trial 20: 217.187000
220731	[3524]	:	Fixation at trial 20: 220.711000
221254	[523]	:	Catch Stim at trial 20: 221.234000
224779	[3525]	:	Catch Q at trial 20: 221.234000
225633	[854]	:	Key	28	DOWN	at	225633  
226759	[1126]	:	Respose to catch Q at trial 20: 225.639000
226760	[1]	:	RT and choice to catch Q at trial 20: 0.880000, 28
226784	[24]	:	Fixation at trial 21: 226.764000
227306	[522]	:	Object at trial 21: 227.286000
230829	[3523]	:	Fixation at trial 21: 230.809000
231351	[522]	:	Catch Stim at trial 21: 231.331000
234876	[3525]	:	Catch Q at trial 21: 231.331000
235413	[537]	:	Key	28	DOWN	at	235413  
236856	[1443]	:	Respose to catch Q at trial 21: 235.419000
236857	[1]	:	RT and choice to catch Q at trial 21: 0.563000, 28
236881	[24]	:	Fixation at trial 22: 236.861000
237403	[522]	:	Object at trial 22: 237.383000
240926	[3523]	:	Fixation at trial 22: 240.906000
241448	[522]	:	Catch Stim at trial 22: 241.428000
244973	[3525]	:	Catch Q at trial 22: 241.428000
245519	[546]	:	Key	30	DOWN	at	245519  
246953	[1434]	:	Respose to catch Q at trial 22: 245.525000
246954	[1]	:	RT and choice to catch Q at trial 22: 0.572000, 30
246978	[24]	:	Fixation at trial 23: 246.958000
247500	[522]	:	Object at trial 23: 247.480000
251023	[3523]	:	Fixation at trial 23: 251.003000
251545	[522]	:	Catch Stim at trial 23: 251.525000
255071	[3526]	:	Catch Q at trial 23: 251.525000
255809	[738]	:	Key	30	DOWN	at	255809  
257051	[1242]	:	Respose to catch Q at trial 23: 255.815000
257051	[0]	:	RT and choice to catch Q at trial 23: 0.764000, 30
257075	[24]	:	Fixation at trial 24: 257.056000
257598	[523]	:	Object at trial 24: 257.577000
261120	[3522]	:	Fixation at trial 24: 261.100000
261642	[522]	:	Catch Stim at trial 24: 261.622000
265166	[3524]	:	Catch Q at trial 24: 261.622000
265840	[674]	:	Key	28	DOWN	at	265840  
267146	[1306]	:	Respose to catch Q at trial 24: 265.845000
267146	[0]	:	RT and choice to catch Q at trial 24: 0.699000, 28
267171	[25]	:	Fixation at trial 25: 267.151000
267693	[522]	:	Object at trial 25: 267.673000
271216	[3523]	:	Fixation at trial 25: 271.196000
271738	[522]	:	Catch Stim at trial 25: 271.718000
275263	[3525]	:	Catch Q at trial 25: 271.718000
276135	[872]	:	Key	28	DOWN	at	276135  
277243	[1108]	:	Respose to catch Q at trial 25: 276.142000
277243	[0]	:	RT and choice to catch Q at trial 25: 0.899000, 28
277267	[24]	:	Fixation at trial 26: 277.247000
277789	[522]	:	Object at trial 26: 277.769000
281312	[3523]	:	Fixation at trial 26: 281.292000
281833	[521]	:	Catch Stim at trial 26: 281.813000
285358	[3525]	:	Catch Q at trial 26: 281.813000
285901	[543]	:	Key	30	DOWN	at	285901  
287338	[1437]	:	Respose to catch Q at trial 26: 285.906000
287338	[0]	:	RT and choice to catch Q at trial 26: 0.568000, 30
287363	[25]	:	Fixation at trial 27: 287.343000
287885	[522]	:	Object at trial 27: 287.865000
291408	[3523]	:	Fixation at trial 27: 291.388000
291930	[522]	:	Catch Stim at trial 27: 291.910000
295455	[3525]	:	Catch Q at trial 27: 291.910000
296152	[697]	:	Key	28	DOWN	at	296152  
297435	[1283]	:	Respose to catch Q at trial 27: 296.157000
297435	[0]	:	RT and choice to catch Q at trial 27: 0.722000, 28
297460	[25]	:	Fixation at trial 28: 297.440000
297982	[522]	:	Object at trial 28: 297.962000
301505	[3523]	:	Fixation at trial 28: 301.485000
302027	[522]	:	Catch Stim at trial 28: 302.007000
305553	[3526]	:	Catch Q at trial 28: 302.007000
306012	[459]	:	Key	30	DOWN	at	306012  
307533	[1521]	:	Respose to catch Q at trial 28: 306.018000
307533	[0]	:	RT and choice to catch Q at trial 28: 0.485000, 30
307558	[25]	:	Fixation at trial 29: 307.538000
308080	[522]	:	Object at trial 29: 308.060000
311604	[3524]	:	Fixation at trial 29: 311.584000
312126	[522]	:	Catch Stim at trial 29: 312.106000
315652	[3526]	:	Catch Q at trial 29: 312.106000
316333	[681]	:	Key	28	DOWN	at	316333  
317632	[1299]	:	Respose to catch Q at trial 29: 316.338000
317632	[0]	:	RT and choice to catch Q at trial 29: 0.706000, 28
317657	[25]	:	Fixation at trial 30: 317.637000
318179	[522]	:	Object at trial 30: 318.159000
321702	[3523]	:	Fixation at trial 30: 321.682000
322224	[522]	:	Catch Stim at trial 30: 322.204000
325750	[3526]	:	Catch Q at trial 30: 322.204000
327228	[1478]	:	Key	30	DOWN	at	327228  
327730	[502]	:	Respose to catch Q at trial 30: 327.234000
327730	[0]	:	RT and choice to catch Q at trial 30: 1.504000, 30
327755	[25]	:	Fixation at trial 31: 327.735000
328277	[522]	:	Object at trial 31: 328.257000
331800	[3523]	:	Fixation at trial 31: 331.780000
332322	[522]	:	Catch Stim at trial 31: 332.302000
335848	[3526]	:	Catch Q at trial 31: 332.302000
336364	[516]	:	Key	30	DOWN	at	336364  
337828	[1464]	:	Respose to catch Q at trial 31: 336.370000
337828	[0]	:	RT and choice to catch Q at trial 31: 0.542000, 30
337853	[25]	:	Fixation at trial 32: 337.833000
338376	[523]	:	Object at trial 32: 338.356000
341899	[3523]	:	Fixation at trial 32: 341.879000
342422	[523]	:	Catch Stim at trial 32: 342.402000
345948	[3526]	:	Catch Q at trial 32: 342.402000
346449	[501]	:	Key	30	DOWN	at	346449  
347928	[1479]	:	Respose to catch Q at trial 32: 346.454000
347928	[0]	:	RT and choice to catch Q at trial 32: 0.526000, 30
347965	[37]	:	Fixation at trial 33: 347.945000
348487	[522]	:	Object at trial 33: 348.467000
352010	[3523]	:	Fixation at trial 33: 351.990000
352533	[523]	:	Catch Stim at trial 33: 352.513000
356058	[3525]	:	Catch Q at trial 33: 352.513000
356480	[422]	:	Key	30	DOWN	at	356480  
358038	[1558]	:	Respose to catch Q at trial 33: 356.485000
358038	[0]	:	RT and choice to catch Q at trial 33: 0.447000, 30
358065	[27]	:	Fixation at trial 34: 358.045000
358587	[522]	:	Object at trial 34: 358.567000
362110	[3523]	:	Fixation at trial 34: 362.090000
362633	[523]	:	Catch Stim at trial 34: 362.613000
366158	[3525]	:	Catch Q at trial 34: 362.613000
366841	[683]	:	Key	30	DOWN	at	366841  
368138	[1297]	:	Respose to catch Q at trial 34: 366.847000
368138	[0]	:	RT and choice to catch Q at trial 34: 0.709000, 30
368163	[25]	:	Fixation at trial 35: 368.143000
368686	[523]	:	Object at trial 35: 368.666000
372209	[3523]	:	Fixation at trial 35: 372.189000
372731	[522]	:	Catch Stim at trial 35: 372.711000
376256	[3525]	:	Catch Q at trial 35: 372.711000
377096	[840]	:	Key	30	DOWN	at	377096  
378236	[1140]	:	Respose to catch Q at trial 35: 377.102000
378236	[0]	:	RT and choice to catch Q at trial 35: 0.866000, 30
378261	[25]	:	Fixation at trial 36: 378.241000
378783	[522]	:	Object at trial 36: 378.763000
382306	[3523]	:	Fixation at trial 36: 382.286000
382828	[522]	:	Catch Stim at trial 36: 382.808000
386353	[3525]	:	Catch Q at trial 36: 382.808000
387097	[744]	:	Key	28	DOWN	at	387097  
388333	[1236]	:	Respose to catch Q at trial 36: 387.103000
388333	[0]	:	RT and choice to catch Q at trial 36: 0.770000, 28
388358	[25]	:	Fixation at trial 37: 388.338000
388880	[522]	:	Object at trial 37: 388.860000
392403	[3523]	:	Fixation at trial 37: 392.383000
392925	[522]	:	Catch Stim at trial 37: 392.905000
396450	[3525]	:	Catch Q at trial 37: 392.905000
397482	[1032]	:	Key	30	DOWN	at	397482  
398430	[948]	:	Respose to catch Q at trial 37: 397.488000
398430	[0]	:	RT and choice to catch Q at trial 37: 1.058000, 30
398455	[25]	:	Fixation at trial 38: 398.435000
398977	[522]	:	Object at trial 38: 398.957000
402500	[3523]	:	Fixation at trial 38: 402.480000
403022	[522]	:	Catch Stim at trial 38: 403.002000
406547	[3525]	:	Catch Q at trial 38: 403.002000
407408	[861]	:	Key	28	DOWN	at	407408  
408527	[1119]	:	Respose to catch Q at trial 38: 407.414000
408527	[0]	:	RT and choice to catch Q at trial 38: 0.887000, 28
408552	[25]	:	Fixation at trial 39: 408.532000
409074	[522]	:	Object at trial 39: 409.054000
412597	[3523]	:	Fixation at trial 39: 412.577000
413119	[522]	:	Catch Stim at trial 39: 413.099000
416645	[3526]	:	Catch Q at trial 39: 413.099000
417734	[1089]	:	Key	28	DOWN	at	417734  
418625	[891]	:	Respose to catch Q at trial 39: 417.740000
418625	[0]	:	RT and choice to catch Q at trial 39: 1.115000, 28
418650	[25]	:	Fixation at trial 40: 418.630000
419172	[522]	:	Object at trial 40: 419.152000
422695	[3523]	:	Fixation at trial 40: 422.675000
423217	[522]	:	Catch Stim at trial 40: 423.197000
426743	[3526]	:	Catch Q at trial 40: 423.197000
427434	[691]	:	Key	28	DOWN	at	427434  
428723	[1289]	:	Respose to catch Q at trial 40: 427.440000
428723	[0]	:	RT and choice to catch Q at trial 40: 0.717000, 28
428748	[25]	:	Fixation at trial 41: 428.728000
429270	[522]	:	Object at trial 4