Cog2000 log file Wed Oct 23 13:17:19 2019
gprim v1.29 Compiled:Feb  1 2010 (GLib DirectDraw v7 DX10.0 Compiled:Feb  1 2010)
Display:1024x768x32 59.81Hz
CogInput v1.05 Compiled: May 20 2010
0	[0]	:	COGENT START
640	[640]	:	Key	30	DOWN	at	640     
820	[180]	:	Key	30	UP	at	820     
940	[120]	:	Key	28	DOWN	at	940     
1105	[165]	:	Key	28	UP	at	1105    
28736	[27631]	:	Key	71	DOWN	at	28736   
28792	[56]	:	Fixation at trial 1: 28.772000
29318	[526]	:	Object at trial 1: 29.298000
32841	[3523]	:	Fixation at trial 1: 32.821000
33366	[525]	:	Catch Stim at trial 1: 33.346000
36896	[3530]	:	Catch Q at trial 1: 33.346000
38924	[2028]	:	Respose to catch Q at trial 1: 38.401000
38925	[1]	:	RT and choice to catch Q at trial 1: 1.525000, 0
38961	[36]	:	Fixation at trial 2: 38.941000
39483	[522]	:	Object at trial 2: 39.463000
43006	[3523]	:	Fixation at trial 2: 42.986000
43529	[523]	:	Catch Stim at trial 2: 43.509000
47057	[3528]	:	Catch Q at trial 2: 43.509000
48102	[1045]	:	Key	30	DOWN	at	48102   
49037	[935]	:	Respose to catch Q at trial 2: 48.109000
49038	[1]	:	RT and choice to catch Q at trial 2: 1.072000, 30
49067	[29]	:	Fixation at trial 3: 49.047000
49589	[522]	:	Object at trial 3: 49.569000
53112	[3523]	:	Fixation at trial 3: 53.092000
53634	[522]	:	Catch Stim at trial 3: 53.614000
57159	[3525]	:	Catch Q at trial 3: 53.614000
57733	[574]	:	Key	30	DOWN	at	57733   
59139	[1406]	:	Respose to catch Q at trial 3: 57.738000
59139	[0]	:	RT and choice to catch Q at trial 3: 0.599000, 30
59164	[25]	:	Fixation at trial 4: 59.144000
59686	[522]	:	Object at trial 4: 59.666000
63209	[3523]	:	Fixation at trial 4: 63.189000
63731	[522]	:	Catch Stim at trial 4: 63.711000
67256	[3525]	:	Catch Q at trial 4: 63.711000
67933	[677]	:	Key	28	DOWN	at	67933   
69236	[1303]	:	Respose to catch Q at trial 4: 67.939000
69236	[0]	:	RT and choice to catch Q at trial 4: 0.703000, 28
69261	[25]	:	Fixation at trial 5: 69.241000
69783	[522]	:	Object at trial 5: 69.763000
73306	[3523]	:	Fixation at trial 5: 73.286000
73829	[523]	:	Catch Stim at trial 5: 73.809000
77354	[3525]	:	Catch Q at trial 5: 73.809000
78019	[665]	:	Key	30	DOWN	at	78019   
79334	[1315]	:	Respose to catch Q at trial 5: 78.024000
79335	[1]	:	RT and choice to catch Q at trial 5: 0.690000, 30
79359	[24]	:	Fixation at trial 6: 79.339000
79882	[523]	:	Object at trial 6: 79.862000
83405	[3523]	:	Fixation at trial 6: 83.385000
83927	[522]	:	Catch Stim at trial 6: 83.907000
87452	[3525]	:	Catch Q at trial 6: 83.907000
88015	[563]	:	Key	30	DOWN	at	88015   
89432	[1417]	:	Respose to catch Q at trial 6: 88.020000
89432	[0]	:	RT and choice to catch Q at trial 6: 0.588000, 30
89457	[25]	:	Fixation at trial 7: 89.437000
89979	[522]	:	Object at trial 7: 89.959000
93502	[3523]	:	Fixation at trial 7: 93.482000
94024	[522]	:	Catch Stim at trial 7: 94.004000
97549	[3525]	:	Catch Q at trial 7: 94.004000
98320	[771]	:	Key	28	DOWN	at	98320   
99529	[1209]	:	Respose to catch Q at trial 7: 98.326000
99529	[0]	:	RT and choice to catch Q at trial 7: 0.797000, 28
99553	[24]	:	Fixation at trial 8: 99.533000
100075	[522]	:	Object at trial 8: 100.055000
103598	[3523]	:	Fixation at trial 8: 103.578000
104120	[522]	:	Catch Stim at trial 8: 104.100000
107646	[3526]	:	Catch Q at trial 8: 104.100000
108516	[870]	:	Key	30	DOWN	at	108516  
109626	[1110]	:	Respose to catch Q at trial 8: 108.521000
109626	[0]	:	RT and choice to catch Q at trial 8: 0.895000, 30
109651	[25]	:	Fixation at trial 9: 109.631000
110173	[522]	:	Object at trial 9: 110.153000
113696	[3523]	:	Fixation at trial 9: 113.676000
114218	[522]	:	Catch Stim at trial 9: 114.198000
117744	[3526]	:	Catch Q at trial 9: 114.198000
118441	[697]	:	Key	30	DOWN	at	118441  
119724	[1283]	:	Respose to catch Q at trial 9: 118.446000
119724	[0]	:	RT and choice to catch Q at trial 9: 0.722000, 30
119749	[25]	:	Fixation at trial 10: 119.729000
120271	[522]	:	Object at trial 10: 120.251000
123794	[3523]	:	Fixation at trial 10: 123.774000
124316	[522]	:	Catch Stim at trial 10: 124.296000
127841	[3525]	:	Catch Q at trial 10: 124.296000
128452	[611]	:	Key	30	DOWN	at	128452  
129821	[1369]	:	Respose to catch Q at trial 10: 128.458000
129822	[1]	:	RT and choice to catch Q at trial 10: 0.637000, 30
129846	[24]	:	Fixation at trial 11: 129.826000
130368	[522]	:	Object at trial 11: 130.348000
133890	[3522]	:	Fixation at trial 11: 133.870000
134412	[522]	:	Catch Stim at trial 11: 134.392000
137937	[3525]	:	Catch Q at trial 11: 134.392000
138537	[600]	:	Key	30	DOWN	at	138537  
139917	[1380]	:	Respose to catch Q at trial 11: 138.542000
139917	[0]	:	RT and choice to catch Q at trial 11: 0.625000, 30
139942	[25]	:	Fixation at trial 12: 139.922000
140464	[522]	:	Object at trial 12: 140.444000
143987	[3523]	:	Fixation at trial 12: 143.967000
144509	[522]	:	Catch Stim at trial 12: 144.489000
148034	[3525]	:	Catch Q at trial 12: 144.489000
148523	[489]	:	Key	30	DOWN	at	148523  
150014	[1491]	:	Respose to catch Q at trial 12: 148.528000
150014	[0]	:	RT and choice to catch Q at trial 12: 0.514000, 30
150039	[25]	:	Fixation at trial 13: 150.019000
150561	[522]	:	Object at trial 13: 150.541000
154084	[3523]	:	Fixation at trial 13: 154.064000
154606	[522]	:	Catch Stim at trial 13: 154.586000
158131	[3525]	:	Catch Q at trial 13: 154.586000
159254	[1123]	:	Key	30	DOWN	at	159254  
160111	[857]	:	Respose to catch Q at trial 13: 159.260000
160111	[0]	:	RT and choice to catch Q at trial 13: 1.149000, 30
160136	[25]	:	Fixation at trial 14: 160.116000
160658	[522]	:	Object at trial 14: 160.638000
164181	[3523]	:	Fixation at trial 14: 164.161000
164704	[523]	:	Catch Stim at trial 14: 164.684000
168229	[3525]	:	Catch Q at trial 14: 164.684000
169004	[775]	:	Key	28	DOWN	at	169004  
170209	[1205]	:	Respose to catch Q at trial 14: 169.009000
170209	[0]	:	RT and choice to catch Q at trial 14: 0.800000, 28
170234	[25]	:	Fixation at trial 15: 170.214000
170757	[523]	:	Object at trial 15: 170.737000
174280	[3523]	:	Fixation at trial 15: 174.260000
174803	[523]	:	Catch Stim at trial 15: 174.783000
178329	[3526]	:	Catch Q at trial 15: 174.783000
179113	[784]	:	Key	28	DOWN	at	179113  
180309	[1196]	:	Respose to catch Q at trial 15: 179.119000
180309	[0]	:	RT and choice to catch Q at trial 15: 0.810000, 28
180334	[25]	:	Fixation at trial 16: 180.314000
180856	[522]	:	Object at trial 16: 180.836000
184379	[3523]	:	Fixation at trial 16: 184.359000
184902	[523]	:	Catch Stim at trial 16: 184.882000
188428	[3526]	:	Catch Q at trial 16: 184.882000
188908	[480]	:	Key	30	DOWN	at	188908  
190408	[1500]	:	Respose to catch Q at trial 16: 188.913000
190408	[0]	:	RT and choice to catch Q at trial 16: 0.505000, 30
190433	[25]	:	Fixation at trial 17: 190.413000
190955	[522]	:	Object at trial 17: 190.935000
194478	[3523]	:	Fixation at trial 17: 194.458000
195000	[522]	:	Catch Stim at trial 17: 194.980000
198526	[3526]	:	Catch Q at trial 17: 194.980000
199019	[493]	:	Key	30	DOWN	at	199019  
200506	[1487]	:	Respose to catch Q at trial 17: 199.024000
200506	[0]	:	RT and choice to catch Q at trial 17: 0.518000, 30
200531	[25]	:	Fixation at trial 18: 200.511000
201053	[522]	:	Object at trial 18: 201.033000
204576	[3523]	:	Fixation at trial 18: 204.556000
205099	[523]	:	Catch Stim at trial 18: 205.079000
208624	[3525]	:	Catch Q at trial 18: 205.079000
209810	[1186]	:	Key	28	DOWN	at	209810  
210604	[794]	:	Respose to catch Q at trial 18: 209.816000
210605	[1]	:	RT and choice to catch Q at trial 18: 1.212000, 28
210629	[24]	:	Fixation at trial 19: 210.609000
211151	[522]	:	Object at trial 19: 211.131000
214674	[3523]	:	Fixation at trial 19: 214.654000
215196	[522]	:	Catch Stim at trial 19: 215.176000
218721	[3525]	:	Catch Q at trial 19: 215.176000
219420	[699]	:	Key	28	DOWN	at	219420  
220701	[1281]	:	Respose to catch Q at trial 19: 219.426000
220701	[0]	:	RT and choice to catch Q at trial 19: 0.725000, 28
220726	[25]	:	Fixation at trial 20: 220.706000
221248	[522]	:	Object at trial 20: 221.228000
224771	[3523]	:	Fixation at trial 20: 224.751000
225293	[522]	:	Catch Stim at trial 20: 225.273000
228818	[3525]	:	Catch Q at trial 20: 225.273000
229661	[843]	:	Key	28	DOWN	at	229661  
230798	[1137]	:	Respose to catch Q at trial 20: 229.667000
230798	[0]	:	RT and choice to catch Q at trial 20: 0.869000, 28
230823	[25]	:	Fixation at trial 21: 230.803000
231345	[522]	:	Object at trial 21: 231.325000
234868	[3523]	:	Fixation at trial 21: 234.848000
235390	[522]	:	Catch Stim at trial 21: 235.370000
238915	[3525]	:	Catch Q at trial 21: 235.370000
239991	[1076]	:	Key	28	DOWN	at	239991  
240895	[904]	:	Respose to catch Q at trial 21: 239.997000
240895	[0]	:	RT and choice to catch Q at trial 21: 1.102000, 28
240920	[25]	:	Fixation at trial 22: 240.900000
241442	[522]	:	Object at trial 22: 241.422000
244965	[3523]	:	Fixation at trial 22: 244.945000
245487	[522]	:	Catch Stim at trial 22: 245.467000
249012	[3525]	:	Catch Q at trial 22: 245.467000
249547	[535]	:	Key	30	DOWN	at	249547  
250992	[1445]	:	Respose to catch Q at trial 22: 249.552000
250992	[0]	:	RT and choice to catch Q at trial 22: 0.560000, 30
251017	[25]	:	Fixation at trial 23: 250.997000
251539	[522]	:	Object at trial 23: 251.519000
255062	[3523]	:	Fixation at trial 23: 255.042000
255584	[522]	:	Catch Stim at trial 23: 255.564000
259110	[3526]	:	Catch Q at trial 23: 255.564000
259784	[674]	:	Key	28	DOWN	at	259784  
261091	[1307]	:	Respose to catch Q at trial 23: 259.789000
261091	[0]	:	RT and choice to catch Q at trial 23: 0.699000, 28
261116	[25]	:	Fixation at trial 24: 261.096000
261639	[523]	:	Object at trial 24: 261.618000
265161	[3522]	:	Fixation at trial 24: 265.141000
265682	[521]	:	Catch Stim at trial 24: 265.662000
269207	[3525]	:	Catch Q at trial 24: 265.662000
269795	[588]	:	Key	30	DOWN	at	269795  
271187	[1392]	:	Respose to catch Q at trial 24: 269.800000
271187	[0]	:	RT and choice to catch Q at trial 24: 0.613000, 30
271212	[25]	:	Fixation at trial 25: 271.192000
271735	[523]	:	Object at trial 25: 271.715000
275258	[3523]	:	Fixation at trial 25: 275.238000
275779	[521]	:	Catch Stim at trial 25: 275.759000
279304	[3525]	:	Catch Q at trial 25: 275.759000
279936	[632]	:	Key	28	DOWN	at	279936  
281284	[1348]	:	Respose to catch Q at trial 25: 279.941000
281284	[0]	:	RT and choice to catch Q at trial 25: 0.657000, 28
281309	[25]	:	Fixation at trial 26: 281.289000
281831	[522]	:	Object at trial 26: 281.811000
285354	[3523]	:	Fixation at trial 26: 285.334000
285876	[522]	:	Catch Stim at trial 26: 285.856000
289401	[3525]	:	Catch Q at trial 26: 285.856000
290181	[780]	:	Key	28	DOWN	at	290181  
291381	[1200]	:	Respose to catch Q at trial 26: 290.187000
291381	[0]	:	RT and choice to catch Q at trial 26: 0.806000, 28
291406	[25]	:	Fixation at trial 27: 291.386000
291928	[522]	:	Object at trial 27: 291.908000
295451	[3523]	:	Fixation at trial 27: 295.431000
295972	[521]	:	Catch Stim at trial 27: 295.952000
299497	[3525]	:	Catch Q at trial 27: 295.952000
300322	[825]	:	Key	28	DOWN	at	300322  
301477	[1155]	:	Respose to catch Q at trial 27: 300.328000
301477	[0]	:	RT and choice to catch Q at trial 27: 0.851000, 28
301502	[25]	:	Fixation at trial 28: 301.482000
302024	[522]	:	Object at trial 28: 302.004000
305547	[3523]	:	Fixation at trial 28: 305.527000
306069	[522]	:	Catch Stim at trial 28: 306.049000
309594	[3525]	:	Catch Q at trial 28: 306.049000
310142	[548]	:	Key	30	DOWN	at	310142  
311574	[1432]	:	Respose to catch Q at trial 28: 310.147000
311574	[0]	:	RT and choice to catch Q at trial 28: 0.573000, 30
311599	[25]	:	Fixation at trial 29: 311.579000
312121	[522]	:	Object at trial 29: 312.101000
315644	[3523]	:	Fixation at trial 29: 315.624000
316166	[522]	:	Catch Stim at trial 29: 316.146000
319691	[3525]	:	Catch Q at trial 29: 316.146000
320418	[727]	:	Key	30	DOWN	at	320418  
321671	[1253]	:	Respose to catch Q at trial 29: 320.424000
321671	[0]	:	RT and choice to catch Q at trial 29: 0.753000, 30
321696	[25]	:	Fixation at trial 30: 321.676000
322218	[522]	:	Object at trial 30: 322.198000
325741	[3523]	:	Fixation at trial 30: 325.721000
326263	[522]	:	Catch Stim at trial 30: 326.243000
329788	[3525]	:	Catch Q at trial 30: 326.243000
331138	[1350]	:	Key	28	DOWN	at	331138  
331768	[630]	:	Respose to catch Q at trial 30: 331.144000
331768	[0]	:	RT and choice to catch Q at trial 30: 1.376000, 28
331795	[27]	:	Fixation at trial 31: 331.775000
332318	[523]	:	Object at trial 31: 332.298000
335842	[3524]	:	Fixation at trial 31: 335.822000
336364	[522]	:	Catch Stim at trial 31: 336.344000
339889	[3525]	:	Catch Q at trial 31: 336.344000
340739	[850]	:	Key	28	DOWN	at	340739  
341869	[1130]	:	Respose to catch Q at trial 31: 340.745000
341869	[0]	:	RT and choice to catch Q at trial 31: 0.876000, 28
341894	[25]	:	Fixation at trial 32: 341.874000
342417	[523]	:	Object at trial 32: 342.397000
345940	[3523]	:	Fixation at trial 32: 345.920000
346462	[522]	:	Catch Stim at trial 32: 346.442000
349987	[3525]	:	Catch Q at trial 32: 346.442000
350871	[884]	:	Key	28	DOWN	at	350871  
351967	[1096]	:	Respose to catch Q at trial 32: 350.877000
351967	[0]	:	RT and choice to catch Q at trial 32: 0.910000, 28
351992	[25]	:	Fixation at trial 33: 351.972000
352514	[522]	:	Object at trial 33: 352.494000
356037	[3523]	:	Fixation at trial 33: 356.017000
356559	[522]	:	Catch Stim at trial 33: 356.539000
360084	[3525]	:	Catch Q at trial 33: 356.539000
361216	[1132]	:	Key	28	DOWN	at	361216  
362064	[848]	:	Respose to catch Q at trial 33: 361.222000
362064	[0]	:	RT and choice to catch Q at trial 33: 1.158000, 28
362089	[25]	:	Fixation at trial 34: 362.069000
362611	[522]	:	Object at trial 34: 362.591000
366134	[3523]	:	Fixation at trial 34: 366.114000
366656	[522]	:	Catch Stim at trial 34: 366.636000
370181	[3525]	:	Catch Q at trial 34: 366.636000
370752	[571]	:	Key	30	DOWN	at	370752  
372161	[1409]	:	Respose to catch Q at trial 34: 370.757000
372161	[0]	:	RT and choice to catch Q at trial 34: 0.596000, 30
372186	[25]	:	Fixation at trial 35: 372.166000
372708	[522]	:	Object at trial 35: 372.688000
376231	[3523]	:	Fixation at trial 35: 376.211000
376754	[523]	:	Catch Stim at trial 35: 376.734000
380279	[3525]	:	Catch Q at trial 35: 376.734000
380977	[698]	:	Key	30	DOWN	at	380977  
382259	[1282]	:	Respose to catch Q at trial 35: 380.982000
382259	[0]	:	RT and choice to catch Q at trial 35: 0.723000, 30
382284	[25]	:	Fixation at trial 36: 382.264000
382806	[522]	:	Object at trial 36: 382.786000
386329	[3523]	:	Fixation at trial 36: 386.309000
386851	[522]	:	Catch Stim at trial 36: 386.831000
390376	[3525]	:	Catch Q at trial 36: 386.831000
391028	[652]	:	Key	30	DOWN	at	391028  
392356	[1328]	:	Respose to catch Q at trial 36: 391.033000
392356	[0]	:	RT and choice to catch Q at trial 36: 0.677000, 30
392381	[25]	:	Fixation at trial 37: 392.361000
392903	[522]	:	Object at trial 37: 392.883000
396426	[3523]	:	Fixation at trial 37: 396.406000
396947	[521]	:	Catch Stim at trial 37: 396.927000
400472	[3525]	:	Catch Q at trial 37: 396.927000
401539	[1067]	:	Key	28	DOWN	at	401539  
402452	[913]	:	Respose to catch Q at trial 37: 401.545000
402452	[0]	:	RT and choice to catch Q at trial 37: 1.093000, 28
402477	[25]	:	Fixation at trial 38: 402.457000
402999	[522]	:	Object at trial 38: 402.979000
406522	[3523]	:	Fixation at trial 38: 406.502000
407052	[530]	:	Catch Stim at trial 38: 407.032000
410577	[3525]	:	Catch Q at trial 38: 407.032000
411300	[723]	:	Key	28	DOWN	at	411300  
412557	[1257]	:	Respose to catch Q at trial 38: 411.306000
412557	[0]	:	RT and choice to catch Q at trial 38: 0.749000, 28
412582	[25]	:	Fixation at trial 39: 412.562000
413104	[522]	:	Object at trial 39: 413.084000
416627	[3523]	:	Fixation at trial 39: 416.607000
417148	[521]	:	Catch Stim at trial 39: 417.128000
420673	[3525]	:	Catch Q at trial 39: 417.128000
421311	[638]	:	Key	30	DOWN	at	421311  
422653	[1342]	:	Respose to catch Q at trial 39: 421.317000
422653	[0]	:	RT and choice to catch Q at trial 39: 0.664000, 30
422678	[25]	:	Fixation at trial 40: 422.658000
423200	[522]	:	Object at trial 40: 423.180000
426723	[3523]	:	Fixation at trial 40: 426.703000
427244	[521]	:	Catch Stim at trial 40: 427.224000
430769	[3525]	:	Catch Q at trial 40: 427.224000
431541	[772]	:	Key	28	DOWN	at	431541  
432749	[1208]	:	Respose to catch Q at trial 40: 431.547000
432749	[0]	:	RT and choice to catch Q at trial 40: 0.798000, 28
432774	[25]	:	Fixation at trial 41: 432.754000
433296	[522]	:	Object at trial 41: 433.276000
436819	[3523]	:	Fixati