Cog2000 log file Fri Nov 29 11:47:15 2019
gprim v1.29 Compiled:Feb  1 2010 (GLib DirectDraw v7 DX10.0 Compiled:Feb  1 2010)
Display:1024x768x32 59.81Hz
Attaching C:\Program Files\matlab\toolbox2015b\Cogent2000\Toolbox\CogInput.mexw32
CogInput v1.05 Compiled: May 20 2010
4	[4]	:	COGENT START
2131	[2127]	:	Key	30	DOWN	at	2125    
2520	[389]	:	Key	30	UP	at	2520    
2895	[375]	:	Key	28	DOWN	at	2895    
3185	[290]	:	Key	28	UP	at	3185    
23171	[19986]	:	Key	71	DOWN	at	23171   
23332	[161]	:	Fixation at trial 1: 23.311000
24382	[1050]	:	Object at trial 1: 24.361000
26412	[2030]	:	Fixation at trial 1: 26.391000
27457	[1045]	:	Catch Stim at trial 1: 27.436000
28748	[1291]	:	Key	30	DOWN	at	28748   
29940	[1192]	:	Respose to catch Q at trial 1: 28.769000
29942	[2]	:	RT and choice to catch Q at trial 1: 1.333000, 30
29988	[46]	:	Fixation at trial 2: 29.968000
31010	[1022]	:	Object at trial 2: 30.990000
33053	[2043]	:	Fixation at trial 3: 33.033000
34076	[1023]	:	Object at trial 3: 34.056000
36112	[2036]	:	Fixation at trial 4: 36.092000
37134	[1022]	:	Object at trial 4: 37.114000
39159	[2025]	:	Fixation at trial 5: 39.139000
40181	[1022]	:	Object at trial 5: 40.161000
42216	[2035]	:	Fixation at trial 6: 42.196000
43238	[1022]	:	Object at trial 6: 43.218000
45264	[2026]	:	Fixation at trial 7: 45.244000
46286	[1022]	:	Object at trial 7: 46.266000
48319	[2033]	:	Fixation at trial 8: 48.299000
49341	[1022]	:	Object at trial 8: 49.321000
51366	[2025]	:	Fixation at trial 9: 51.346000
52390	[1024]	:	Object at trial 9: 52.370000
54414	[2024]	:	Fixation at trial 9: 54.394000
55443	[1029]	:	Catch Stim at trial 9: 55.422000
56519	[1076]	:	Key	30	DOWN	at	56519   
57923	[1404]	:	Respose to catch Q at trial 9: 56.526000
57924	[1]	:	RT and choice to catch Q at trial 9: 1.104000, 30
57956	[32]	:	Fixation at trial 10: 57.936000
58977	[1021]	:	Object at trial 10: 58.957000
61000	[2023]	:	Fixation at trial 10: 60.980000
62225	[1225]	:	Catch Stim at trial 10: 62.205000
63000	[775]	:	Key	28	DOWN	at	63000   
64706	[1706]	:	Respose to catch Q at trial 10: 63.007000
64706	[0]	:	RT and choice to catch Q at trial 10: 0.802000, 28
64735	[29]	:	Fixation at trial 11: 64.716000
65756	[1021]	:	Object at trial 11: 65.736000
67785	[2029]	:	Fixation at trial 12: 67.765000
68806	[1021]	:	Object at trial 12: 68.786000
70833	[2027]	:	Fixation at trial 13: 70.813000
71854	[1021]	:	Object at trial 13: 71.834000
73880	[2026]	:	Fixation at trial 14: 73.860000
74901	[1021]	:	Object at trial 14: 74.881000
76925	[2024]	:	Fixation at trial 14: 76.905000
77953	[1028]	:	Catch Stim at trial 14: 77.933000
79048	[1095]	:	Key	28	DOWN	at	79048   
80433	[1385]	:	Respose to catch Q at trial 14: 79.054000
80434	[1]	:	RT and choice to catch Q at trial 14: 1.121000, 28
80459	[25]	:	Fixation at trial 15: 80.439000
81480	[1021]	:	Object at trial 15: 81.460000
83505	[2025]	:	Fixation at trial 16: 83.485000
84526	[1021]	:	Object at trial 16: 84.506000
86551	[2025]	:	Fixation at trial 17: 86.531000
87572	[1021]	:	Object at trial 17: 87.552000
89597	[2025]	:	Fixation at trial 18: 89.577000
90618	[1021]	:	Object at trial 18: 90.598000
92642	[2024]	:	Fixation at trial 19: 92.622000
93663	[1021]	:	Object at trial 19: 93.643000
95688	[2025]	:	Fixation at trial 20: 95.668000
96709	[1021]	:	Object at trial 20: 96.689000
98733	[2024]	:	Fixation at trial 21: 98.713000
99754	[1021]	:	Object at trial 21: 99.734000
101778	[2024]	:	Fixation at trial 22: 101.758000
102799	[1021]	:	Object at trial 22: 102.779000
104822	[2023]	:	Fixation at trial 22: 104.802000
105848	[1026]	:	Catch Stim at trial 22: 105.828000
106949	[1101]	:	Key	28	DOWN	at	106949  
108328	[1379]	:	Respose to catch Q at trial 22: 106.955000
108329	[1]	:	RT and choice to catch Q at trial 22: 1.127000, 28
108354	[25]	:	Fixation at trial 23: 108.334000
109375	[1021]	:	Object at trial 23: 109.355000
111399	[2024]	:	Fixation at trial 24: 111.379000
112420	[1021]	:	Object at trial 24: 112.400000
114444	[2024]	:	Fixation at trial 25: 114.424000
115466	[1022]	:	Object at trial 25: 115.446000
117497	[2031]	:	Fixation at trial 26: 117.477000
118518	[1021]	:	Object at trial 26: 118.498000
120543	[2025]	:	Fixation at trial 27: 120.523000
121564	[1021]	:	Object at trial 27: 121.544000
123588	[2024]	:	Fixation at trial 27: 123.568000
124613	[1025]	:	Catch Stim at trial 27: 124.593000
125574	[961]	:	Key	30	DOWN	at	125574  
127093	[1519]	:	Respose to catch Q at trial 27: 125.580000
127094	[1]	:	RT and choice to catch Q at trial 27: 0.987000, 30
127119	[25]	:	Fixation at trial 28: 127.099000
128140	[1021]	:	Object at trial 28: 128.120000
130166	[2026]	:	Fixation at trial 29: 130.145000
131187	[1021]	:	Object at trial 29: 131.167000
133211	[2024]	:	Fixation at trial 30: 133.191000
134232	[1021]	:	Object at trial 30: 134.212000
136255	[2023]	:	Fixation at trial 30: 136.235000
137280	[1025]	:	Catch Stim at trial 30: 137.260000
138060	[780]	:	Key	30	DOWN	at	138060  
139760	[1700]	:	Respose to catch Q at trial 30: 138.066000
139761	[1]	:	RT and choice to catch Q at trial 30: 0.806000, 30
139786	[25]	:	Fixation at trial 31: 139.766000
140807	[1021]	:	Object at trial 31: 140.787000
142831	[2024]	:	Fixation at trial 32: 142.811000
143852	[1021]	:	Object at trial 32: 143.832000
145876	[2024]	:	Fixation at trial 33: 145.856000
146897	[1021]	:	Object at trial 33: 146.877000
148921	[2024]	:	Fixation at trial 34: 148.901000
149942	[1021]	:	Object at trial 34: 149.922000
151965	[2023]	:	Fixation at trial 34: 151.945000
152990	[1025]	:	Catch Stim at trial 34: 152.970000
153686	[696]	:	Key	30	DOWN	at	153686  
155470	[1784]	:	Respose to catch Q at trial 34: 153.691000
155471	[1]	:	RT and choice to catch Q at trial 34: 0.721000, 30
155495	[24]	:	Fixation at trial 35: 155.475000
156516	[1021]	:	Object at trial 35: 156.496000
158540	[2024]	:	Fixation at trial 35: 158.520000
159566	[1026]	:	Catch Stim at trial 35: 159.546000
160331	[765]	:	Key	28	DOWN	at	160331  
162046	[1715]	:	Respose to catch Q at trial 35: 160.337000
162047	[1]	:	RT and choice to catch Q at trial 35: 0.791000, 28
162071	[24]	:	Fixation at trial 36: 162.051000
163093	[1022]	:	Object at trial 36: 163.073000
165117	[2024]	:	Fixation at trial 37: 165.097000
166139	[1022]	:	Object at trial 37: 166.119000
168163	[2024]	:	Fixation at trial 38: 168.143000
169184	[1021]	:	Object at trial 38: 169.164000
171208	[2024]	:	Fixation at trial 39: 171.188000
172229	[1021]	:	Object at trial 39: 172.209000
174252	[2023]	:	Fixation at trial 39: 174.232000
175277	[1025]	:	Catch Stim at trial 39: 175.257000
175867	[590]	:	Key	30	DOWN	at	175867  
177757	[1890]	:	Respose to catch Q at trial 39: 175.873000
177757	[0]	:	RT and choice to catch Q at trial 39: 0.616000, 30
177782	[25]	:	Fixation at trial 40: 177.762000
178803	[1021]	:	Object at trial 40: 178.783000
180827	[2024]	:	Fixation at trial 41: 180.807000
181848	[1021]	:	Object at trial 41: 181.828000
183872	[2024]	:	Fixation at trial 42: 183.852000
184893	[1021]	:	Object at trial 42: 184.873000
186917	[2024]	:	Fixation at trial 43: 186.897000
187938	[1021]	:	Object at trial 43: 187.918000
189962	[2024]	:	Fixation at trial 44: 189.942000
190983	[1021]	:	Object at trial 44: 190.963000
193007	[2024]	:	Fixation at trial 45: 192.987000
194029	[1022]	:	Object at trial 45: 194.009000
196053	[2024]	:	Fixation at trial 46: 196.033000
197074	[1021]	:	Object at trial 46: 197.054000
199098	[2024]	:	Fixation at trial 47: 199.078000
200119	[1021]	:	Object at trial 47: 200.099000
202143	[2024]	:	Fixation at trial 48: 202.123000
203164	[1021]	:	Object at trial 48: 203.144000
205188	[2024]	:	Fixation at trial 49: 205.168000
206209	[1021]	:	Object at trial 49: 206.189000
208233	[2024]	:	Fixation at trial 50: 208.213000
209254	[1021]	:	Object at trial 50: 209.234000
211278	[2024]	:	Fixation at trial 51: 211.258000
212299	[1021]	:	Object at trial 51: 212.279000
214323	[2024]	:	Fixation at trial 51: 214.303000
215349	[1026]	:	Catch Stim at trial 51: 215.329000
216154	[805]	:	Key	28	DOWN	at	216154  
217829	[1675]	:	Respose to catch Q at trial 51: 216.160000
217830	[1]	:	RT and choice to catch Q at trial 51: 0.831000, 28
217854	[24]	:	Fixation at trial 52: 217.834000
218875	[1021]	:	Object at trial 52: 218.855000
220899	[2024]	:	Fixation at trial 53: 220.879000
221921	[1022]	:	Object at trial 53: 221.901000
223945	[2024]	:	Fixation at trial 54: 223.925000
224966	[1021]	:	Object at trial 54: 224.946000
226990	[2024]	:	Fixation at trial 55: 226.970000
228011	[1021]	:	Object at trial 55: 227.991000
230035	[2024]	:	Fixation at trial 56: 230.015000
231057	[1022]	:	Object at trial 56: 231.037000
233081	[2024]	:	Fixation at trial 57: 233.061000
234102	[1021]	:	Object at trial 57: 234.082000
236126	[2024]	:	Fixation at trial 57: 236.106000
237150	[1024]	:	Catch Stim at trial 57: 237.130000
237846	[696]	:	Key	30	DOWN	at	237846  
239630	[1784]	:	Respose to catch Q at trial 57: 237.852000
239630	[0]	:	RT and choice to catch Q at trial 57: 0.722000, 30
239655	[25]	:	Fixation at trial 58: 239.635000
240676	[1021]	:	Object at trial 58: 240.656000
242700	[2024]	:	Fixation at trial 59: 242.680000
243721	[1021]	:	Object at trial 59: 243.701000
245745	[2024]	:	Fixation at trial 60: 245.725000
246766	[1021]	:	Object at trial 60: 246.746000
248790	[2024]	:	Fixation at trial 61: 248.770000
249811	[1021]	:	Object at trial 61: 249.791000
251835	[2024]	:	Fixation at trial 62: 251.815000
252856	[1021]	:	Object at trial 62: 252.836000
254880	[2024]	:	Fixation at trial 63: 254.860000
255901	[1021]	:	Object at trial 63: 255.881000
257925	[2024]	:	Fixation at trial 64: 257.905000
258946	[1021]	:	Object at trial 64: 258.926000
260973	[2027]	:	Fixation at trial 65: 260.952000
261994	[1021]	:	Object at trial 65: 261.974000
264019	[2025]	:	Fixation at trial 66: 263.999000
265040	[1021]	:	Object at trial 66: 265.020000
267064	[2024]	:	Fixation at trial 67: 267.044000
268085	[1021]	:	Object at trial 67: 268.065000
270109	[2024]	:	Fixation at trial 68: 270.089000
271130	[1021]	:	Object at trial 68: 271.110000
273154	[2024]	:	Fixation at trial 69: 273.134000
274175	[1021]	:	Object at trial 69: 274.155000
276199	[2024]	:	Fixation at trial 69: 276.179000
277224	[1025]	:	Catch Stim at trial 69: 277.204000
278003	[779]	:	Key	28	DOWN	at	278003  
279704	[1701]	:	Respose to catch Q at trial 69: 278.009000
279704	[0]	:	RT and choice to catch Q at trial 69: 0.805000, 28
279729	[25]	:	Fixation at trial 70: 279.709000
280750	[1021]	:	Object at trial 70: 280.730000
282775	[2025]	:	Fixation at trial 71: 282.755000
283796	[1021]	:	Object at trial 71: 283.776000
285820	[2024]	:	Fixation at trial 72: 285.800000
286841	[1021]	:	Object at trial 72: 286.821000
288866	[2025]	:	Fixation at trial 72: 288.846000
289891	[1025]	:	Catch Stim at trial 72: 289.871000
291124	[1233]	:	Key	30	DOWN	at	291124  
292371	[1247]	:	Respose to catch Q at trial 72: 291.130000
292372	[1]	:	RT and choice to catch Q at trial 72: 1.259000, 30
292399	[27]	:	Fixation at trial 73: 292.379000
293420	[1021]	:	Object at trial 73: 293.400000
295444	[2024]	:	Fixation at trial 74: 295.424000
296465	[1021]	:	Object at trial 74: 296.445000
298489	[2024]	:	Fixation at trial 75: 298.469000
299510	[1021]	:	Object at trial 75: 299.490000
301534	[2024]	:	Fixation at trial 76: 301.514000
302555	[1021]	:	Object at trial 76: 302.535000
304579	[2024]	:	Fixation at trial 77: 304.559000
305600	[1021]	:	Object at trial 77: 305.580000
307624	[2024]	:	Fixation at trial 78: 307.604000
308645	[1021]	:	Object at trial 78: 308.625000
310669	[2024]	:	Fixation at trial 79: 310.649000
311690	[1021]	:	Object at trial 79: 311.670000
313714	[2024]	:	Fixation at trial 79: 313.694000
314739	[1025]	:	Catch Stim at trial 79: 314.719000
315555	[816]	:	Key	30	DOWN	at	315555  
317219	[1664]	:	Respose to catch Q at trial 79: 315.561000
317219	[0]	:	RT and choice to catch Q at trial 79: 0.842000, 30
317244	[25]	:	Fixation at trial 80: 317.224000
318265	[1021]	:	Object at trial 80: 318.245000
320289	[2024]	:	Fixation at trial 81: 320.269000
321310	[1021]	:	Object at trial 81: 321.290000
323335	[2025]	:	Fixation at trial 82: 323.315000
324356	[1021]	:	Object at trial 82: 324.336000
326380	[2024]	:	Fixation at trial 82: 326.360000
327404	[1024]	:	Catch Stim at trial 82: 327.384000
328397	[993]	:	Key	30	DOWN	at	328397  
329884	[1487]	:	Respose to catch Q at 