Cog2000 log file Fri Nov 29 12:53:06 2019
gprim v1.29 Compiled:Feb  1 2010 (GLib DirectDraw v7 DX10.0 Compiled:Feb  1 2010)
Display:1024x768x32 59.81Hz
CogInput v1.05 Compiled: May 20 2010
0	[0]	:	COGENT START
5816	[5816]	:	Key	30	DOWN	at	5816    
6046	[230]	:	Key	30	UP	at	6046    
6466	[420]	:	Key	28	DOWN	at	6466    
6691	[225]	:	Key	28	UP	at	6691    
55319	[48628]	:	Key	71	DOWN	at	55319   
55379	[60]	:	Fixation at trial 1: 55.357000
55915	[536]	:	Object at trial 1: 55.894000
59443	[3528]	:	Fixation at trial 1: 59.422000
59975	[532]	:	Catch Stim at trial 1: 59.954000
63508	[3533]	:	Catch Q at trial 1: 59.954000
64209	[701]	:	Key	30	DOWN	at	64209   
65492	[1283]	:	Respose to catch Q at trial 1: 64.221000
65494	[2]	:	RT and choice to catch Q at trial 1: 0.734000, 30
65544	[50]	:	Fixation at trial 2: 65.524000
66068	[524]	:	Object at trial 2: 66.048000
69591	[3523]	:	Fixation at trial 2: 69.571000
70117	[526]	:	Catch Stim at trial 2: 70.097000
73642	[3525]	:	Catch Q at trial 2: 70.097000
74386	[744]	:	Key	30	DOWN	at	74386   
75623	[1237]	:	Respose to catch Q at trial 2: 74.393000
75624	[1]	:	RT and choice to catch Q at trial 2: 0.771000, 30
75671	[47]	:	Fixation at trial 3: 75.651000
76193	[522]	:	Object at trial 3: 76.173000
79716	[3523]	:	Fixation at trial 3: 79.696000
80238	[522]	:	Catch Stim at trial 3: 80.218000
83763	[3525]	:	Catch Q at trial 3: 80.218000
84482	[719]	:	Key	30	DOWN	at	84482   
85743	[1261]	:	Respose to catch Q at trial 3: 84.488000
85743	[0]	:	RT and choice to catch Q at trial 3: 0.745000, 30
85784	[41]	:	Fixation at trial 4: 85.764000
86306	[522]	:	Object at trial 4: 86.286000
89829	[3523]	:	Fixation at trial 4: 89.809000
90351	[522]	:	Catch Stim at trial 4: 90.331000
93876	[3525]	:	Catch Q at trial 4: 90.331000
94447	[571]	:	Key	30	DOWN	at	94447   
95856	[1409]	:	Respose to catch Q at trial 4: 94.453000
95857	[1]	:	RT and choice to catch Q at trial 4: 0.597000, 30
95883	[26]	:	Fixation at trial 5: 95.863000
96405	[522]	:	Object at trial 5: 96.385000
99928	[3523]	:	Fixation at trial 5: 99.908000
100450	[522]	:	Catch Stim at trial 5: 100.430000
103975	[3525]	:	Catch Q at trial 5: 100.430000
104478	[503]	:	Key	30	DOWN	at	104478  
105955	[1477]	:	Respose to catch Q at trial 5: 104.484000
105955	[0]	:	RT and choice to catch Q at trial 5: 0.529000, 30
105983	[28]	:	Fixation at trial 6: 105.963000
106505	[522]	:	Object at trial 6: 106.485000
110028	[3523]	:	Fixation at trial 6: 110.008000
110550	[522]	:	Catch Stim at trial 6: 110.530000
114075	[3525]	:	Catch Q at trial 6: 110.530000
114463	[388]	:	Key	30	DOWN	at	114463  
116056	[1593]	:	Respose to catch Q at trial 6: 114.469000
116057	[1]	:	RT and choice to catch Q at trial 6: 0.414000, 30
116083	[26]	:	Fixation at trial 7: 116.063000
116605	[522]	:	Object at trial 7: 116.585000
120128	[3523]	:	Fixation at trial 7: 120.108000
120651	[523]	:	Catch Stim at trial 7: 120.631000
124176	[3525]	:	Catch Q at trial 7: 120.631000
124949	[773]	:	Key	28	DOWN	at	124949  
126156	[1207]	:	Respose to catch Q at trial 7: 124.954000
126157	[1]	:	RT and choice to catch Q at trial 7: 0.798000, 28
126183	[26]	:	Fixation at trial 8: 126.163000
126705	[522]	:	Object at trial 8: 126.685000
130228	[3523]	:	Fixation at trial 8: 130.208000
130751	[523]	:	Catch Stim at trial 8: 130.731000
134277	[3526]	:	Catch Q at trial 8: 130.731000
134980	[703]	:	Key	30	DOWN	at	134980  
136257	[1277]	:	Respose to catch Q at trial 8: 134.985000
136258	[1]	:	RT and choice to catch Q at trial 8: 0.728000, 30
136283	[25]	:	Fixation at trial 9: 136.263000
136805	[522]	:	Object at trial 9: 136.785000
140328	[3523]	:	Fixation at trial 9: 140.308000
140851	[523]	:	Catch Stim at trial 9: 140.831000
144376	[3525]	:	Catch Q at trial 9: 140.831000
145310	[934]	:	Key	30	DOWN	at	145310  
146356	[1046]	:	Respose to catch Q at trial 9: 145.316000
146357	[1]	:	RT and choice to catch Q at trial 9: 0.960000, 30
146382	[25]	:	Fixation at trial 10: 146.362000
146904	[522]	:	Object at trial 10: 146.884000
150427	[3523]	:	Fixation at trial 10: 150.407000
150948	[521]	:	Catch Stim at trial 10: 150.928000
154473	[3525]	:	Catch Q at trial 10: 150.928000
155236	[763]	:	Key	30	DOWN	at	155236  
156453	[1217]	:	Respose to catch Q at trial 10: 155.241000
156454	[1]	:	RT and choice to catch Q at trial 10: 0.788000, 30
156479	[25]	:	Fixation at trial 11: 156.459000
157001	[522]	:	Object at trial 11: 156.981000
160524	[3523]	:	Fixation at trial 11: 160.504000
161046	[522]	:	Catch Stim at trial 11: 161.026000
164571	[3525]	:	Catch Q at trial 11: 161.026000
165271	[700]	:	Key	28	DOWN	at	165271  
166551	[1280]	:	Respose to catch Q at trial 11: 165.277000
166551	[0]	:	RT and choice to catch Q at trial 11: 0.726000, 28
166576	[25]	:	Fixation at trial 12: 166.556000
167098	[522]	:	Object at trial 12: 167.078000
170621	[3523]	:	Fixation at trial 12: 170.601000
171143	[522]	:	Catch Stim at trial 12: 171.123000
174668	[3525]	:	Catch Q at trial 12: 171.123000
175157	[489]	:	Key	30	DOWN	at	175157  
176648	[1491]	:	Respose to catch Q at trial 12: 175.162000
176648	[0]	:	RT and choice to catch Q at trial 12: 0.514000, 30
176673	[25]	:	Fixation at trial 13: 176.653000
177196	[523]	:	Object at trial 13: 177.176000
180719	[3523]	:	Fixation at trial 13: 180.699000
181241	[522]	:	Catch Stim at trial 13: 181.221000
184766	[3525]	:	Catch Q at trial 13: 181.221000
185232	[466]	:	Key	30	DOWN	at	185232  
186746	[1514]	:	Respose to catch Q at trial 13: 185.237000
186747	[1]	:	RT and choice to catch Q at trial 13: 0.491000, 30
186771	[24]	:	Fixation at trial 14: 186.751000
187293	[522]	:	Object at trial 14: 187.273000
190816	[3523]	:	Fixation at trial 14: 190.796000
191338	[522]	:	Catch Stim at trial 14: 191.318000
194863	[3525]	:	Catch Q at trial 14: 191.318000
195568	[705]	:	Key	28	DOWN	at	195568  
196843	[1275]	:	Respose to catch Q at trial 14: 195.574000
196844	[1]	:	RT and choice to catch Q at trial 14: 0.731000, 28
196868	[24]	:	Fixation at trial 15: 196.848000
197391	[523]	:	Object at trial 15: 197.371000
200914	[3523]	:	Fixation at trial 15: 200.894000
201435	[521]	:	Catch Stim at trial 15: 201.415000
204960	[3525]	:	Catch Q at trial 15: 201.415000
205979	[1019]	:	Key	28	DOWN	at	205979  
206940	[961]	:	Respose to catch Q at trial 15: 205.984000
206941	[1]	:	RT and choice to catch Q at trial 15: 1.044000, 28
206965	[24]	:	Fixation at trial 16: 206.945000
207487	[522]	:	Object at trial 16: 207.467000
211010	[3523]	:	Fixation at trial 16: 210.990000
211532	[522]	:	Catch Stim at trial 16: 211.512000
215057	[3525]	:	Catch Q at trial 16: 211.512000
215729	[672]	:	Key	30	DOWN	at	215729  
217037	[1308]	:	Respose to catch Q at trial 16: 215.735000
217038	[1]	:	RT and choice to catch Q at trial 16: 0.698000, 30
217062	[24]	:	Fixation at trial 17: 217.042000
217584	[522]	:	Object at trial 17: 217.564000
221107	[3523]	:	Fixation at trial 17: 221.087000
221628	[521]	:	Catch Stim at trial 17: 221.608000
225153	[3525]	:	Catch Q at trial 17: 221.608000
225940	[787]	:	Key	28	DOWN	at	225940  
227133	[1193]	:	Respose to catch Q at trial 17: 225.946000
227133	[0]	:	RT and choice to catch Q at trial 17: 0.813000, 28
227158	[25]	:	Fixation at trial 18: 227.138000
227680	[522]	:	Object at trial 18: 227.660000
231204	[3524]	:	Fixation at trial 18: 231.184000
231726	[522]	:	Catch Stim at trial 18: 231.706000
235251	[3525]	:	Catch Q at trial 18: 231.706000
235925	[674]	:	Key	28	DOWN	at	235925  
237231	[1306]	:	Respose to catch Q at trial 18: 235.931000
237231	[0]	:	RT and choice to catch Q at trial 18: 0.700000, 28
237256	[25]	:	Fixation at trial 19: 237.236000
237779	[523]	:	Object at trial 19: 237.759000
241302	[3523]	:	Fixation at trial 19: 241.282000
241823	[521]	:	Catch Stim at trial 19: 241.803000
245348	[3525]	:	Catch Q at trial 19: 241.803000
246026	[678]	:	Key	30	DOWN	at	246026  
247328	[1302]	:	Respose to catch Q at trial 19: 246.032000
247329	[1]	:	RT and choice to catch Q at trial 19: 0.704000, 30
247353	[24]	:	Fixation at trial 20: 247.333000
247875	[522]	:	Object at trial 20: 247.855000
251398	[3523]	:	Fixation at trial 20: 251.378000
251920	[522]	:	Catch Stim at trial 20: 251.900000
255446	[3526]	:	Catch Q at trial 20: 251.900000
256072	[626]	:	Key	30	DOWN	at	256072  
257426	[1354]	:	Respose to catch Q at trial 20: 256.078000
257427	[1]	:	RT and choice to catch Q at trial 20: 0.652000, 30
257450	[23]	:	Fixation at trial 21: 257.431000
257973	[523]	:	Object at trial 21: 257.952000
261495	[3522]	:	Fixation at trial 21: 261.475000
262017	[522]	:	Catch Stim at trial 21: 261.997000
265541	[3524]	:	Catch Q at trial 21: 261.997000
266377	[836]	:	Key	28	DOWN	at	266377  
267521	[1144]	:	Respose to catch Q at trial 21: 266.382000
267521	[0]	:	RT and choice to catch Q at trial 21: 0.861000, 28
267546	[25]	:	Fixation at trial 22: 267.526000
268068	[522]	:	Object at trial 22: 268.048000
271591	[3523]	:	Fixation at trial 22: 271.571000
272112	[521]	:	Catch Stim at trial 22: 272.092000
275637	[3525]	:	Catch Q at trial 22: 272.092000
276173	[536]	:	Key	30	DOWN	at	276173  
277617	[1444]	:	Respose to catch Q at trial 22: 276.179000
277617	[0]	:	RT and choice to catch Q at trial 22: 0.562000, 30
277642	[25]	:	Fixation at trial 23: 277.622000
278164	[522]	:	Object at trial 23: 278.144000
281687	[3523]	:	Fixation at trial 23: 281.667000
282209	[522]	:	Catch Stim at trial 23: 282.189000
285734	[3525]	:	Catch Q at trial 23: 282.189000
287203	[1469]	:	Key	30	DOWN	at	287203  
287714	[511]	:	Respose to catch Q at trial 23: 287.209000
287714	[0]	:	RT and choice to catch Q at trial 23: 1.495000, 30
287739	[25]	:	Fixation at trial 24: 287.719000
288262	[523]	:	Object at trial 24: 288.242000
291785	[3523]	:	Fixation at trial 24: 291.765000
292306	[521]	:	Catch Stim at trial 24: 292.286000
295831	[3525]	:	Catch Q at trial 24: 292.286000
296753	[922]	:	Key	28	DOWN	at	296753  
297811	[1058]	:	Respose to catch Q at trial 24: 296.759000
297811	[0]	:	RT and choice to catch Q at trial 24: 0.948000, 28
297836	[25]	:	Fixation at trial 25: 297.816000
298359	[523]	:	Object at trial 25: 298.339000
301882	[3523]	:	Fixation at trial 25: 301.862000
302403	[521]	:	Catch Stim at trial 25: 302.383000
305928	[3525]	:	Catch Q at trial 25: 302.383000
306743	[815]	:	Key	28	DOWN	at	306743  
307908	[1165]	:	Respose to catch Q at trial 25: 306.749000
307908	[0]	:	RT and choice to catch Q at trial 25: 0.841000, 28
307933	[25]	:	Fixation at trial 26: 307.913000
308456	[523]	:	Object at trial 26: 308.436000
311979	[3523]	:	Fixation at trial 26: 311.959000
312500	[521]	:	Catch Stim at trial 26: 312.480000
316025	[3525]	:	Catch Q at trial 26: 312.480000
316964	[939]	:	Key	28	DOWN	at	316964  
318005	[1041]	:	Respose to catch Q at trial 26: 316.969000
318005	[0]	:	RT and choice to catch Q at trial 26: 0.964000, 28
318030	[25]	:	Fixation at trial 27: 318.010000
318553	[523]	:	Object at trial 27: 318.533000
322076	[3523]	:	Fixation at trial 27: 322.056000
322598	[522]	:	Catch Stim at trial 27: 322.578000
326123	[3525]	:	Catch Q at trial 27: 322.578000
326830	[707]	:	Key	28	DOWN	at	326830  
328103	[1273]	:	Respose to catch Q at trial 27: 326.836000
328103	[0]	:	RT and choice to catch Q at trial 27: 0.733000, 28
328128	[25]	:	Fixation at trial 28: 328.108000
328650	[522]	:	Object at trial 28: 328.630000
332173	[3523]	:	Fixation at trial 28: 332.153000
332695	[522]	:	Catch Stim at trial 28: 332.675000
336220	[3525]	:	Catch Q at trial 28: 332.675000
336870	[650]	:	Key	30	DOWN	at	336870  
338200	[1330]	:	Respose to catch Q at trial 28: 336.875000
338200	[0]	:	RT and choice to catch Q at trial 28: 0.675000, 30
338225	[25]	:	Fixation at trial 29: 338.205000
338747	[522]	:	Object at trial 29: 338.727000
342270	[3523]	:	Fixation at trial 29: 342.250000
342792	[522]	:	Catch Stim at trial 29: 342.772000
346317	[3525]	:	Catch Q at trial 29: 342.772000
346966	[649]	:	Key	30	DOWN	at	346966  
348297	[1331]	:	Respose to catch Q at trial 29: 346.971000
348297	[0]	:	RT and choice to catch Q at trial 29: 0.674000, 30
348321	[24]	:	Fixation at trial 30: 348.301000
348843	[522]	:	Object at trial 30: 348.823000
352366	[3523]	:	Fixation at trial 30: 352.346000
352888	[522]	:	Catch Stim at trial 30: 352.868000
356414	[3526]	:	Catch Q at trial 30: 352.868000
357186	[772]	:	Key	30	DOWN	at	357186  
358394	[1208]	:	Respose to catch Q at trial 30: 357.192000
358395	[1]	:	RT and choice to catch Q at trial 30: 0.798000, 30
358419	[24]	:	Fixation at trial 31: 358.399000
358941	[522]	:	Object at trial 31: 358.921000
362464	[3523]	:	Fixation at trial 31: 362.444000
362985	[521]	:	Catch Stim at trial 31: 362.965000
366510	[3525]	:	Catch Q at trial 31: 362.965000
367362	[852]	:	Key	28	DOWN	at	367362  
368490	[1128]	:	Respose to catch Q at trial 31: 367.368000
368490	[0]	:	RT and choice to catch Q at trial 31: 0.878000, 28
368515	[25]	:	Fixation at trial 32: 368.495000
369037	[522]	:	Object at trial 32: 369.017000
372560	[3523]	:	Fixation at trial 32: 372.540000
373081	[521]	:	Catch Stim at trial 32: 373.061000
376607	[3526]	:	Catch Q at trial 32: 373.061000
377337	[730]	:	Key	28	DOWN	at	377337  
378587	[1250]	:	Respose to catch Q at trial 32: 377.342000
378587	[0]	:	RT and choice to catch Q at trial 32: 0.755000, 28
378612	[25]	:	Fixation at trial 33: 378.592000
379134	[522]	:	Object at trial 33: 379.114000
382657	[3523]	:	Fixation at trial 33: 382.637000
383179	[522]	:	Catch Stim at trial 33: 383.159000
386704	[3525]	:	Catch Q at trial 33: 383.159000
387453	[749]	:	Key	30	DOWN	at	387453  
388684	[1231]	:	Respose to catch Q at trial 33: 387.458000
388684	[0]	:	RT and choice to catch Q at trial 33: 0.774000, 30
388709	[25]	:	Fixation at trial 34: 388.689000
389231	[522]	:	Object at trial 34: 389.211000
392754	[3523]	:	Fixation at trial 34: 392.734000
393277	[523]	:	Catch Stim at trial 34: 393.257000
396802	[3525]	:	Catch Q at trial 34: 393.257000
397319	[517]	:	Key	30	DOWN	at	397319  
398782	[1463]	:	Respose to catch Q at trial 34: 397.324000
398782	[0]	:	RT and choice to catch Q at trial 34: 0.542000, 30
398806	[24]	:	Fixation at trial 35: 398.786000
399328	[522]	:	Object at trial 35: 399.308000
402851	[3523]	:	Fixation at trial 35: 402.831000
403373	[522]	:	Catch Stim at trial 35: 403.353000
406898	[3525]	:	Catch Q at trial 35: 403.353000
407859	[961]	:	Key	28	DOWN	at	407859  
408878	[1019]	:	Respose to catch Q at trial 35: 407.864000
408878	[0]	:	RT and choice to catch Q at trial 35: 0.986000, 28
408903	[25]	:	Fixation at trial 36: 408.883000
409425	[522]	:	Object at trial 36: 409.405000
412948	[3523]	:	Fixation at trial 36: 412.928000
413470	[522]	:	Catch Stim at trial 36: 413.450000
416995	[3525]	:	Catch Q at trial 36: 413.450000
417940	[945]	:	Key	28	DOWN	at	417940  
418975	[1035]	:	Respose to catch Q at trial 36: 417.946000
418975	[0]	:	RT and choice to catch Q at trial 36: 0.971000, 28
419000	[25]	:	Fixation at trial 37: 418.980000
419522	[522]	:	Object at trial 37: 419.502000
423045	[3523]	:	Fixation at trial 37: 423.025000
423567	[522]	:	Catch Stim at trial 37: 423.547000
427092	[3525]	:	Catch Q at trial 37: 423.547000
427780	[688]	:	Key	30	DOWN	at	427780  
429072	[1292]	:	Respose to catch Q at trial 37: 427.785000
429072	[0]	:	RT and choice to catch Q at trial 37: 0.713000, 30
429097	[25]	:	Fixation at trial 38: 429.077000
429619	[522]	:	Object at trial 38: 429.599000
433142	[3523]	:	Fixation at trial 38: 433.122000
433664	[522]	:	Catch Stim at trial 38: 433.644000
437189	[3525]	:	Catch Q at trial 38: 433.644000
437941	[752]	:	Key	28	DOWN	at	437941  
439169	[1228]	:	Respose to catch Q at trial 38: 437.946000
439169	[0]	:	RT and choice to catch Q at trial 38: 0.777000, 28
439194	[25]	:	Fixation at trial 39: 439.174000
439716	[522]	:	Object at trial 39: 439.696000
443239	[3523]	:	Fixation at trial 39: 443.219000
443768	[529]	:	Catch Stim at trial 39: 443.748000
447293	[3525]	:	Catch Q at trial 39: 443.748000
448253	[960]	:	Key	30	DOWN	at	448253  
449273	[1020]	:	Respose to catch Q at trial 39: 448.259000
449273	[0]	:	RT and choice to catch Q at trial 39: 0.986000, 30
449298	[25]	:	Fixation at trial 40: 449.278000
449820	[522]	:	Object at trial 40: 449.800000
453343	[3523]	:	Fixation at trial 40: 453.323000
453865	[522]	:	Catch Stim at trial 40: 453.845000
457390	[3525]	:	Catch Q at trial 40: 453.845000
458188	[798]	:	Key	30	DOWN	at	458188  
459370	[1182]	:	Respose to catch Q at trial 40: 458.194000
459370	[0]	:	RT and choice to catch Q at trial 40: 0.824000, 30
459395	[25]	:	Fixation at trial 41