Cog2000 log file Fri Nov 29 13:03:06 2019
gprim v1.29 Compiled:Feb  1 2010 (GLib DirectDraw v7 DX10.0 Compiled:Feb  1 2010)
Display:1024x768x32 59.81Hz
CogInput v1.05 Compiled: May 20 2010
0	[0]	:	COGENT START
2140	[2140]	:	Key	30	DOWN	at	2140    
2370	[230]	:	Key	30	UP	at	2370    
5536	[3166]	:	Key	28	DOWN	at	5536    
5756	[220]	:	Key	28	UP	at	5756    
23957	[18201]	:	Key	71	DOWN	at	23957   
24017	[60]	:	Fixation at trial 1: 23.997000
24543	[526]	:	Object at trial 1: 24.523000
28066	[3523]	:	Fixation at trial 1: 28.046000
28591	[525]	:	Catch Stim at trial 1: 28.571000
32118	[3527]	:	Catch Q at trial 1: 28.571000
32822	[704]	:	Key	30	DOWN	at	32822   
34098	[1276]	:	Respose to catch Q at trial 1: 32.829000
34099	[1]	:	RT and choice to catch Q at trial 1: 0.731000, 30
34127	[28]	:	Fixation at trial 2: 34.107000
34649	[522]	:	Object at trial 2: 34.629000
38172	[3523]	:	Fixation at trial 2: 38.152000
38695	[523]	:	Catch Stim at trial 2: 38.675000
42220	[3525]	:	Catch Q at trial 2: 38.675000
43103	[883]	:	Key	28	DOWN	at	43103   
44200	[1097]	:	Respose to catch Q at trial 2: 43.108000
44200	[0]	:	RT and choice to catch Q at trial 2: 0.908000, 28
44228	[28]	:	Fixation at trial 3: 44.208000
44750	[522]	:	Object at trial 3: 44.730000
48273	[3523]	:	Fixation at trial 3: 48.253000
48795	[522]	:	Catch Stim at trial 3: 48.775000
52320	[3525]	:	Catch Q at trial 3: 48.775000
53318	[998]	:	Key	28	DOWN	at	53318   
54300	[982]	:	Respose to catch Q at trial 3: 53.323000
54300	[0]	:	RT and choice to catch Q at trial 3: 1.023000, 28
54325	[25]	:	Fixation at trial 4: 54.305000
54847	[522]	:	Object at trial 4: 54.827000
58370	[3523]	:	Fixation at trial 4: 58.350000
58892	[522]	:	Catch Stim at trial 4: 58.872000
62417	[3525]	:	Catch Q at trial 4: 58.872000
63154	[737]	:	Key	30	DOWN	at	63154   
64397	[1243]	:	Respose to catch Q at trial 4: 63.159000
64397	[0]	:	RT and choice to catch Q at trial 4: 0.762000, 30
64422	[25]	:	Fixation at trial 5: 64.402000
64944	[522]	:	Object at trial 5: 64.924000
68466	[3522]	:	Fixation at trial 5: 68.446000
68988	[522]	:	Catch Stim at trial 5: 68.968000
72514	[3526]	:	Catch Q at trial 5: 68.968000
73469	[955]	:	Key	28	DOWN	at	73469   
74494	[1025]	:	Respose to catch Q at trial 5: 73.475000
74494	[0]	:	RT and choice to catch Q at trial 5: 0.981000, 28
74519	[25]	:	Fixation at trial 6: 74.499000
75041	[522]	:	Object at trial 6: 75.021000
78564	[3523]	:	Fixation at trial 6: 78.544000
79086	[522]	:	Catch Stim at trial 6: 79.066000
82612	[3526]	:	Catch Q at trial 6: 79.066000
83355	[743]	:	Key	28	DOWN	at	83355   
84592	[1237]	:	Respose to catch Q at trial 6: 83.361000
84592	[0]	:	RT and choice to catch Q at trial 6: 0.769000, 28
84617	[25]	:	Fixation at trial 7: 84.597000
85139	[522]	:	Object at trial 7: 85.119000
88662	[3523]	:	Fixation at trial 7: 88.642000
89184	[522]	:	Catch Stim at trial 7: 89.164000
92709	[3525]	:	Catch Q at trial 7: 89.164000
93541	[832]	:	Key	30	DOWN	at	93541   
94689	[1148]	:	Respose to catch Q at trial 7: 93.546000
94689	[0]	:	RT and choice to catch Q at trial 7: 0.857000, 30
94714	[25]	:	Fixation at trial 8: 94.694000
95236	[522]	:	Object at trial 8: 95.216000
98759	[3523]	:	Fixation at trial 8: 98.739000
99281	[522]	:	Catch Stim at trial 8: 99.261000
102806	[3525]	:	Catch Q at trial 8: 99.261000
103626	[820]	:	Key	30	DOWN	at	103626  
104786	[1160]	:	Respose to catch Q at trial 8: 103.631000
104786	[0]	:	RT and choice to catch Q at trial 8: 0.845000, 30
104811	[25]	:	Fixation at trial 9: 104.791000
105333	[522]	:	Object at trial 9: 105.313000
108856	[3523]	:	Fixation at trial 9: 108.836000
109378	[522]	:	Catch Stim at trial 9: 109.358000
112903	[3525]	:	Catch Q at trial 9: 109.358000
113697	[794]	:	Key	28	DOWN	at	113697  
114883	[1186]	:	Respose to catch Q at trial 9: 113.703000
114884	[1]	:	RT and choice to catch Q at trial 9: 0.820000, 28
114907	[23]	:	Fixation at trial 10: 114.887000
115429	[522]	:	Object at trial 10: 115.409000
118952	[3523]	:	Fixation at trial 10: 118.932000
119474	[522]	:	Catch Stim at trial 10: 119.454000
122999	[3525]	:	Catch Q at trial 10: 119.454000
123877	[878]	:	Key	28	DOWN	at	123877  
124979	[1102]	:	Respose to catch Q at trial 10: 123.883000
124979	[0]	:	RT and choice to catch Q at trial 10: 0.904000, 28
125004	[25]	:	Fixation at trial 11: 124.984000
125526	[522]	:	Object at trial 11: 125.506000
129050	[3524]	:	Fixation at trial 11: 129.030000
129571	[521]	:	Catch Stim at trial 11: 129.552000
133096	[3525]	:	Catch Q at trial 11: 129.552000
134013	[917]	:	Key	28	DOWN	at	134013  
135076	[1063]	:	Respose to catch Q at trial 11: 134.019000
135076	[0]	:	RT and choice to catch Q at trial 11: 0.943000, 28
135101	[25]	:	Fixation at trial 12: 135.081000
135623	[522]	:	Object at trial 12: 135.603000
139146	[3523]	:	Fixation at trial 12: 139.126000
139668	[522]	:	Catch Stim at trial 12: 139.648000
143193	[3525]	:	Catch Q at trial 12: 139.648000
143863	[670]	:	Key	28	DOWN	at	143863  
145173	[1310]	:	Respose to catch Q at trial 12: 143.868000
145173	[0]	:	RT and choice to catch Q at trial 12: 0.695000, 28
145198	[25]	:	Fixation at trial 13: 145.178000
145720	[522]	:	Object at trial 13: 145.700000
149243	[3523]	:	Fixation at trial 13: 149.223000
149766	[523]	:	Catch Stim at trial 13: 149.746000
153291	[3525]	:	Catch Q at trial 13: 149.746000
154414	[1123]	:	Key	30	DOWN	at	154414  
155271	[857]	:	Respose to catch Q at trial 13: 154.420000
155271	[0]	:	RT and choice to catch Q at trial 13: 1.149000, 30
155296	[25]	:	Fixation at trial 14: 155.276000
155818	[522]	:	Object at trial 14: 155.798000
159341	[3523]	:	Fixation at trial 14: 159.321000
159864	[523]	:	Catch Stim at trial 14: 159.844000
163390	[3526]	:	Catch Q at trial 14: 159.844000
164015	[625]	:	Key	30	DOWN	at	164015  
165370	[1355]	:	Respose to catch Q at trial 14: 164.020000
165370	[0]	:	RT and choice to catch Q at trial 14: 0.650000, 30
165395	[25]	:	Fixation at trial 15: 165.375000
165917	[522]	:	Object at trial 15: 165.897000
169440	[3523]	:	Fixation at trial 15: 169.420000
169961	[521]	:	Catch Stim at trial 15: 169.941000
173487	[3526]	:	Catch Q at trial 15: 169.941000
173955	[468]	:	Key	30	DOWN	at	173955  
175467	[1512]	:	Respose to catch Q at trial 15: 173.960000
175467	[0]	:	RT and choice to catch Q at trial 15: 0.493000, 30
175492	[25]	:	Fixation at trial 16: 175.472000
176014	[522]	:	Object at trial 16: 175.994000
179537	[3523]	:	Fixation at trial 16: 179.517000
180059	[522]	:	Catch Stim at trial 16: 180.039000
183584	[3525]	:	Catch Q at trial 16: 180.039000
184336	[752]	:	Key	30	DOWN	at	184336  
185564	[1228]	:	Respose to catch Q at trial 16: 184.342000
185564	[0]	:	RT and choice to catch Q at trial 16: 0.778000, 30
185589	[25]	:	Fixation at trial 17: 185.569000
186111	[522]	:	Object at trial 17: 186.091000
189634	[3523]	:	Fixation at trial 17: 189.614000
190155	[521]	:	Catch Stim at trial 17: 190.135000
193680	[3525]	:	Catch Q at trial 17: 190.135000
194501	[821]	:	Key	28	DOWN	at	194501  
195660	[1159]	:	Respose to catch Q at trial 17: 194.506000
195660	[0]	:	RT and choice to catch Q at trial 17: 0.846000, 28
195685	[25]	:	Fixation at trial 18: 195.665000
196207	[522]	:	Object at trial 18: 196.187000
199730	[3523]	:	Fixation at trial 18: 199.710000
200252	[522]	:	Catch Stim at trial 18: 200.232000
203777	[3525]	:	Catch Q at trial 18: 200.232000
204267	[490]	:	Key	30	DOWN	at	204267  
205757	[1490]	:	Respose to catch Q at trial 18: 204.272000
205757	[0]	:	RT and choice to catch Q at trial 18: 0.515000, 30
205782	[25]	:	Fixation at trial 19: 205.762000
206304	[522]	:	Object at trial 19: 206.284000
209827	[3523]	:	Fixation at trial 19: 209.807000
210349	[522]	:	Catch Stim at trial 19: 210.329000
213874	[3525]	:	Catch Q at trial 19: 210.329000
214613	[739]	:	Key	28	DOWN	at	214613  
215854	[1241]	:	Respose to catch Q at trial 19: 214.619000
215854	[0]	:	RT and choice to catch Q at trial 19: 0.765000, 28
215879	[25]	:	Fixation at trial 20: 215.859000
216401	[522]	:	Object at trial 20: 216.381000
219924	[3523]	:	Fixation at trial 20: 219.904000
220446	[522]	:	Catch Stim at trial 20: 220.426000
223971	[3525]	:	Catch Q at trial 20: 220.426000
224644	[673]	:	Key	30	DOWN	at	224644  
225951	[1307]	:	Respose to catch Q at trial 20: 224.650000
225952	[1]	:	RT and choice to catch Q at trial 20: 0.699000, 30
225976	[24]	:	Fixation at trial 21: 225.956000
226499	[523]	:	Object at trial 21: 226.479000
230022	[3523]	:	Fixation at trial 21: 230.002000
230544	[522]	:	Catch Stim at trial 21: 230.524000
234069	[3525]	:	Catch Q at trial 21: 230.524000
234860	[791]	:	Key	28	DOWN	at	234860  
236049	[1189]	:	Respose to catch Q at trial 21: 234.866000
236049	[0]	:	RT and choice to catch Q at trial 21: 0.817000, 28
236074	[25]	:	Fixation at trial 22: 236.054000
236597	[523]	:	Object at trial 22: 236.577000
240120	[3523]	:	Fixation at trial 22: 240.100000
240642	[522]	:	Catch Stim at trial 22: 240.622000
244167	[3525]	:	Catch Q at trial 22: 240.622000
244760	[593]	:	Key	30	DOWN	at	244760  
246147	[1387]	:	Respose to catch Q at trial 22: 244.766000
246147	[0]	:	RT and choice to catch Q at trial 22: 0.619000, 30
246172	[25]	:	Fixation at trial 23: 246.152000
246694	[522]	:	Object at trial 23: 246.674000
250217	[3523]	:	Fixation at trial 23: 250.197000
250739	[522]	:	Catch Stim at trial 23: 250.719000
254264	[3525]	:	Catch Q at trial 23: 250.719000
254876	[612]	:	Key	30	DOWN	at	254876  
256244	[1368]	:	Respose to catch Q at trial 23: 254.882000
256244	[0]	:	RT and choice to catch Q at trial 23: 0.638000, 30
256269	[25]	:	Fixation at trial 24: 256.249000
256791	[522]	:	Object at trial 24: 256.771000
260313	[3522]	:	Fixation at trial 24: 260.294000
260834	[521]	:	Catch Stim at trial 24: 260.814000
264359	[3525]	:	Catch Q at trial 24: 260.814000
265151	[792]	:	Key	28	DOWN	at	265151  
266339	[1188]	:	Respose to catch Q at trial 24: 265.157000
266339	[0]	:	RT and choice to catch Q at trial 24: 0.818000, 28
266364	[25]	:	Fixation at trial 25: 266.344000
266886	[522]	:	Object at trial 25: 266.866000
270409	[3523]	:	Fixation at trial 25: 270.389000
270930	[521]	:	Catch Stim at trial 25: 270.910000
274455	[3525]	:	Catch Q at trial 25: 270.910000
275447	[992]	:	Key	28	DOWN	at	275447  
276435	[988]	:	Respose to catch Q at trial 25: 275.458000
276435	[0]	:	RT and choice to catch Q at trial 25: 1.023000, 28
276460	[25]	:	Fixation at trial 26: 276.440000
276982	[522]	:	Object at trial 26: 276.962000
280505	[3523]	:	Fixation at trial 26: 280.485000
281026	[521]	:	Catch Stim at trial 26: 281.006000
284551	[3525]	:	Catch Q at trial 26: 281.006000
285953	[1402]	:	Key	30	DOWN	at	285953  
286531	[578]	:	Respose to catch Q at trial 26: 285.959000
286531	[0]	:	RT and choice to catch Q at trial 26: 1.428000, 30
286556	[25]	:	Fixation at trial 27: 286.536000
287078	[522]	:	Object at trial 27: 287.058000
290601	[3523]	:	Fixation at trial 27: 290.581000
291122	[521]	:	Catch Stim at trial 27: 291.102000
294647	[3525]	:	Catch Q at trial 27: 291.102000
296677	[2030]	:	Respose to catch Q at trial 27: 296.156000
296678	[1]	:	RT and choice to catch Q at trial 27: 1.529000, 0
296714	[36]	:	Fixation at trial 28: 296.694000
297236	[522]	:	Object at trial 28: 297.216000
300760	[3524]	:	Fixation at trial 28: 300.740000
301283	[523]	:	Catch Stim at trial 28: 301.263000
304811	[3528]	:	Catch Q at trial 28: 301.263000
305674	[863]	:	Key	28	DOWN	at	305674  
306791	[1117]	:	Respose to catch Q at trial 28: 305.681000
306792	[1]	:	RT and choice to catch Q at trial 28: 0.890000, 28
306816	[24]	:	Fixation at trial 29: 306.796000
307339	[523]	:	Object at trial 29: 307.319000
310862	[3523]	:	Fixation at trial 29: 310.842000
311384	[522]	:	Catch Stim at trial 29: 311.364000
314909	[3525]	:	Catch Q at trial 29: 311.364000
315604	[695]	:	Key	30	DOWN	at	315604  
316889	[1285]	:	Respose to catch Q at trial 29: 315.610000
316890	[1]	:	RT and choice to catch Q at trial 29: 0.721000, 30
316914	[24]	:	Fixation at trial 30: 316.894000
317436	[522]	:	Object at trial 30: 317.416000
320959	[3523]	:	Fixation at trial 30: 320.939000
321481	[522]	:	Catch Stim at trial 30: 321.461000
325006	[3525]	:	Catch Q at trial 30: 321.461000
325560	[554]	:	Key	30	DOWN	at	325560  
326986	[1426]	:	Respose to catch Q at trial 30: 325.566000
326987	[1]	:	RT and choice to catch Q at trial 30: 0.580000, 30
327011	[24]	:	Fixation at trial 31: 326.991000
327533	[522]	:	Object at trial 31: 327.513000
331056	[3523]	:	Fixation at trial 31: 331.036000
331577	[521]	:	Catch Stim at trial 31: 331.557000
335103	[3526]	:	Catch Q at trial 31: 331.557000
335805	[702]	:	Key	28	DOWN	at	335805  
337083	[1278]	:	Respose to catch Q at trial 31: 335.811000
337084	[1]	:	RT and choice to catch Q at trial 31: 0.728000, 28
337108	[24]	:	Fixation at trial 32: 337.088000
337630	[522]	:	Object at trial 32: 337.610000
341153	[3523]	:	Fixation at trial 32: 341.133000
341675	[522]	:	Catch Stim at trial 32: 341.655000
345200	[3525]	:	Catch Q at trial 32: 341.655000
346061	[861]	:	Key	28	DOWN	at	346061  
347180	[1119]	:	Respose to catch Q at trial 32: 346.067000
347181	[1]	:	RT and choice to catch Q at trial 32: 0.887000, 28
347205	[24]	:	Fixation at trial 33: 347.185000
347727	[522]	:	Object at trial 33: 347.707000
351250	[3523]	:	Fixation at trial 33: 351.230000
351772	[522]	:	Catch Stim at trial 33: 351.752000
355298	[3526]	:	Catch Q at trial 33: 351.752000
356087	[789]	:	Key	28	DOWN	at	356087  
357278	[1191]	:	Respose to catch Q at trial 33: 356.093000
357279	[1]	:	RT and choice to catch Q at trial 33: 0.815000, 28
357303	[24]	:	Fixation at trial 34: 357.283000
357825	[522]	:	Object at trial 34: 357.805000
361348	[3523]	:	Fixation at trial 34: 361.328000
361870	[522]	:	Catch Stim at trial 34: 361.850000
365395	[3525]	:	Catch Q at trial 34: 361.850000
366562	[1167]	:	Key	28	DOWN	at	366562  
367375	[813]	:	Respose to catch Q at trial 34: 366.568000
367376	[1]	:	RT and choice to catch Q at trial 34: 1.193000, 28
367400	[24]	:	Fixation at trial 35: 367.380000
367922	[522]	:	Object at trial 35: 367.902000
371445	[3523]	:	Fixation at trial 35: 371.425000
371967	[522]	:	Catch Stim at trial 35: 371.947000
375492	[3525]	:	Catch Q at trial 35: 371.947000
376353	[861]	:	Key	30	DOWN	at	376353  
377472	[1119]	:	Respose to catch Q at trial 35: 376.359000
377473	[1]	:	RT and choice to catch Q at trial 35: 0.887000, 30
377497	[24]	:	Fixation at trial 36: 377.477000
378019	[522]	:	Object at trial 36: 377.999000
381542	[3523]	:	Fixation at trial 36: 381.522000
382063	[521]	:	Catch Stim at trial 36: 382.043000
385588	[3525]	:	Catch Q at trial 36: 382.043000
386163	[575]	:	Key	30	DOWN	at	386163  
387568	[1405]	:	Respose to catch Q at trial 36: 386.169000
387569	[1]	:	RT and choice to catch Q at trial 36: 0.601000, 30
387593	[24]	:	Fixation at trial 37: 387.573000
388115	[522]	:	Object at trial 37: 388.095000
391638	[3523]	:	Fixation at trial 37: 391.618000
392159	[521]	:	Catch Stim at trial 37: 392.139000
395685	[3526]	:	Catch Q at trial 37: 392.139000
397119	[1434]	:	Key	30	DOWN	at	397119  
397665	[546]	:	Respose to catch Q at trial 37: 397.125000
397666	[1]	:	RT and choice to catch Q at trial 37: 1.460000, 30
397690	[24]	:	Fixation at trial 38: 397.670000
398213	[523]	:	Object at trial 38: 398.193000
401736	[3523]	:	Fixation at trial 38: 401.716000
402257	[521]	:	Catch Stim at trial 38: 402.237000
405782	[3525]	:	Catch Q at trial 38: 402.237000
406479	[697]	:	Key	28	DOWN	at	406479  
407762	[1283]	:	Respose to catch Q at trial 38: 406.485000
407763	[1]	:	RT and choice to catch Q at trial 38: 0.723000, 28
407788	[25]	:	Fixation at trial 39: 407.768000
408311	[523]	:	Object at trial 39: 408.291000
411834	[3523]	:	Fixation at trial 39: 411.814000
412357	[523]	:	Catch Stim at trial 39: 412.337000
415882	[3525]	:	Catch Q at trial 39: 412.337000
416400	[518]	:	Key	30	DOWN	at	416400  
417862	[1462]	:	Respose to catch Q at trial 39: 416.406000
417863	[1]	:	RT and choice to catch Q at trial 39: 0.544000, 30
417887	[24]	:	Fixation at trial 40: 417.867000
418410	[523]	:	Object at trial 40: 418.390000
421933	[3523]	:	Fixation at trial 40: 421.913000
422454	[521]	:	Catch Stim at trial 40: 422.434000
425979	[3525]	:	Catch Q at trial 40: 422.434000
426496	[517]	:	Key	30	DOWN	at	426496  
427959	[1463]	:	Respose to catch Q at trial 40: 426.502000
427960	[1]	:	RT and choice to catch Q at trial 40: 0.543000, 30
427984	[24]	:	Fixation at trial 41: 427.964000
428507	[523]	:	Object at trial 41: 428.487000
432030	[3523]	:	Fixation at