Cog2000 log file Wed Aug 07 12:38:03 2019
gprim v1.29 Compiled:Feb  1 2010 (GLib DirectDraw v7 DX10.0 Compiled:Feb  1 2010)
Display:1024x768x32 59.84Hz
CogInput v1.05 Compiled: May 20 2010
0	[0]	:	COGENT START
1171	[1171]	:	Key	31	DOWN	at	1171    
1172	[1]	:	Key	31	UP	at	1171    
1881	[709]	:	Key	28	DOWN	at	1881    
1882	[1]	:	Key	28	UP	at	1881    
201138	[199256]	:	Key	71	DOWN	at	201138  
201191	[53]	:	Fixation at trial 1: 201.171000
202215	[1024]	:	Object at trial 1: 202.194000
204246	[2031]	:	Fixation at trial 2: 204.226000
205268	[1022]	:	Object at trial 2: 205.248000
207304	[2036]	:	Fixation at trial 3: 207.284000
208325	[1021]	:	Object at trial 3: 208.305000
210351	[2026]	:	Fixation at trial 4: 210.331000
211373	[1022]	:	Object at trial 4: 211.353000
213400	[2027]	:	Fixation at trial 5: 213.380000
214421	[1021]	:	Object at trial 5: 214.401000
216447	[2026]	:	Fixation at trial 6: 216.427000
217469	[1022]	:	Object at trial 6: 217.449000
219495	[2026]	:	Fixation at trial 6: 219.474000
220525	[1030]	:	Catch Stim at trial 6: 220.504000
221254	[729]	:	Key	31	DOWN	at	221254  
223005	[1751]	:	Respose to catch Q at trial 6: 221.261000
223006	[1]	:	RT and choice to catch Q at trial 6: 0.757000, 31
223036	[30]	:	Fixation at trial 7: 223.016000
224057	[1021]	:	Object at trial 7: 224.037000
226086	[2029]	:	Fixation at trial 8: 226.066000
227107	[1021]	:	Object at trial 8: 227.087000
229133	[2026]	:	Fixation at trial 9: 229.113000
230154	[1021]	:	Object at trial 9: 230.134000
232184	[2030]	:	Fixation at trial 10: 232.164000
233205	[1021]	:	Object at trial 10: 233.185000
235229	[2024]	:	Fixation at trial 10: 235.209000
236256	[1027]	:	Catch Stim at trial 10: 236.236000
237108	[852]	:	Key	28	DOWN	at	237108  
237109	[1]	:	Key	28	UP	at	237108  
238736	[1627]	:	Respose to catch Q at trial 10: 237.115000
238737	[1]	:	RT and choice to catch Q at trial 10: 0.879000, 28
238767	[30]	:	Fixation at trial 11: 238.747000
239788	[1021]	:	Object at trial 11: 239.768000
241812	[2024]	:	Fixation at trial 11: 241.792000
242838	[1026]	:	Catch Stim at trial 11: 242.818000
243568	[730]	:	Key	28	DOWN	at	243568  
243569	[1]	:	Key	28	UP	at	243568  
245318	[1749]	:	Respose to catch Q at trial 11: 243.574000
245319	[1]	:	RT and choice to catch Q at trial 11: 0.756000, 28
245346	[27]	:	Fixation at trial 12: 245.326000
246368	[1022]	:	Object at trial 12: 246.348000
248398	[2030]	:	Fixation at trial 13: 248.378000
249419	[1021]	:	Object at trial 13: 249.399000
251446	[2027]	:	Fixation at trial 14: 251.426000
252467	[1021]	:	Object at trial 14: 252.447000
254493	[2026]	:	Fixation at trial 15: 254.473000
255514	[1021]	:	Object at trial 15: 255.494000
257539	[2025]	:	Fixation at trial 16: 257.519000
258560	[1021]	:	Object at trial 16: 258.540000
260586	[2026]	:	Fixation at trial 17: 260.566000
261607	[1021]	:	Object at trial 17: 261.587000
263632	[2025]	:	Fixation at trial 17: 263.612000
264656	[1024]	:	Catch Stim at trial 17: 264.636000
266135	[1479]	:	Key	28	DOWN	at	266135  
266136	[1]	:	Key	28	UP	at	266135  
267136	[1000]	:	Respose to catch Q at trial 17: 266.141000
267137	[1]	:	RT and choice to catch Q at trial 17: 1.505000, 28
267162	[25]	:	Fixation at trial 18: 267.142000
268183	[1021]	:	Object at trial 18: 268.163000
270207	[2024]	:	Fixation at trial 19: 270.187000
271228	[1021]	:	Object at trial 19: 271.208000
273253	[2025]	:	Fixation at trial 19: 273.233000
274277	[1024]	:	Catch Stim at trial 19: 274.257000
275090	[813]	:	Key	31	DOWN	at	275090  
275091	[1]	:	Key	31	UP	at	275090  
276757	[1666]	:	Respose to catch Q at trial 19: 275.096000
276758	[1]	:	RT and choice to catch Q at trial 19: 0.839000, 31
276786	[28]	:	Fixation at trial 20: 276.766000
277807	[1021]	:	Object at trial 20: 277.787000
279831	[2024]	:	Fixation at trial 21: 279.811000
280852	[1021]	:	Object at trial 21: 280.832000
282876	[2024]	:	Fixation at trial 22: 282.856000
283897	[1021]	:	Object at trial 22: 283.877000
285921	[2024]	:	Fixation at trial 22: 285.901000
286945	[1024]	:	Catch Stim at trial 22: 286.925000
287739	[794]	:	Key	31	DOWN	at	287739  
287740	[1]	:	Key	31	UP	at	287739  
289425	[1685]	:	Respose to catch Q at trial 22: 287.745000
289426	[1]	:	RT and choice to catch Q at trial 22: 0.820000, 31
289451	[25]	:	Fixation at trial 23: 289.431000
290472	[1021]	:	Object at trial 23: 290.452000
292496	[2024]	:	Fixation at trial 24: 292.476000
293517	[1021]	:	Object at trial 24: 293.497000
295541	[2024]	:	Fixation at trial 24: 295.521000
296567	[1026]	:	Catch Stim at trial 24: 296.547000
297474	[907]	:	Key	28	DOWN	at	297474  
297475	[1]	:	Key	28	UP	at	297474  
299047	[1572]	:	Respose to catch Q at trial 24: 297.480000
299048	[1]	:	RT and choice to catch Q at trial 24: 0.933000, 28
299073	[25]	:	Fixation at trial 25: 299.053000
300095	[1022]	:	Object at trial 25: 300.075000
302119	[2024]	:	Fixation at trial 26: 302.099000
303140	[1021]	:	Object at trial 26: 303.120000
305164	[2024]	:	Fixation at trial 27: 305.144000
306185	[1021]	:	Object at trial 27: 306.165000
308209	[2024]	:	Fixation at trial 27: 308.189000
309233	[1024]	:	Catch Stim at trial 27: 309.213000
310245	[1012]	:	Key	28	DOWN	at	310245  
310246	[1]	:	Key	28	UP	at	310245  
311713	[1467]	:	Respose to catch Q at trial 27: 310.251000
311714	[1]	:	RT and choice to catch Q at trial 27: 1.038000, 28
311738	[24]	:	Fixation at trial 28: 311.718000
312759	[1021]	:	Object at trial 28: 312.739000
314783	[2024]	:	Fixation at trial 29: 314.763000
315804	[1021]	:	Object at trial 29: 315.784000
317828	[2024]	:	Fixation at trial 30: 317.808000
318849	[1021]	:	Object at trial 30: 318.829000
320873	[2024]	:	Fixation at trial 31: 320.853000
321894	[1021]	:	Object at trial 31: 321.874000
323918	[2024]	:	Fixation at trial 32: 323.898000
324939	[1021]	:	Object at trial 32: 324.919000
326963	[2024]	:	Fixation at trial 33: 326.943000
327984	[1021]	:	Object at trial 33: 327.964000
330008	[2024]	:	Fixation at trial 34: 329.988000
331029	[1021]	:	Object at trial 34: 331.009000
333053	[2024]	:	Fixation at trial 35: 333.033000
334074	[1021]	:	Object at trial 35: 334.054000
336098	[2024]	:	Fixation at trial 36: 336.078000
337120	[1022]	:	Object at trial 36: 337.100000
339144	[2024]	:	Fixation at trial 37: 339.124000
340166	[1022]	:	Object at trial 37: 340.146000
342190	[2024]	:	Fixation at trial 38: 342.170000
343212	[1022]	:	Object at trial 38: 343.192000
345236	[2024]	:	Fixation at trial 39: 345.216000
346257	[1021]	:	Object at trial 39: 346.237000
348281	[2024]	:	Fixation at trial 40: 348.261000
349302	[1021]	:	Object at trial 40: 349.282000
351328	[2026]	:	Fixation at trial 41: 351.308000
352349	[1021]	:	Object at trial 41: 352.329000
354373	[2024]	:	Fixation at trial 42: 354.353000
355394	[1021]	:	Object at trial 42: 355.374000
357418	[2024]	:	Fixation at trial 43: 357.398000
358439	[1021]	:	Object at trial 43: 358.419000
360463	[2024]	:	Fixation at trial 44: 360.443000
361484	[1021]	:	Object at trial 44: 361.464000
363508	[2024]	:	Fixation at trial 45: 363.488000
364529	[1021]	:	Object at trial 45: 364.509000
366553	[2024]	:	Fixation at trial 46: 366.533000
367574	[1021]	:	Object at trial 46: 367.554000
369598	[2024]	:	Fixation at trial 46: 369.578000
370622	[1024]	:	Catch Stim at trial 46: 370.602000
371459	[837]	:	Key	31	DOWN	at	371459  
371460	[1]	:	Key	31	UP	at	371459  
373102	[1642]	:	Respose to catch Q at trial 46: 371.465000
373103	[1]	:	RT and choice to catch Q at trial 46: 0.863000, 31
373127	[24]	:	Fixation at trial 47: 373.107000
374148	[1021]	:	Object at trial 47: 374.128000
376172	[2024]	:	Fixation at trial 48: 376.152000
377193	[1021]	:	Object at trial 48: 377.173000
379218	[2025]	:	Fixation at trial 49: 379.198000
380239	[1021]	:	Object at trial 49: 380.219000
382263	[2024]	:	Fixation at trial 50: 382.243000
383284	[1021]	:	Object at trial 50: 383.264000
385308	[2024]	:	Fixation at trial 51: 385.288000
386329	[1021]	:	Object at trial 51: 386.309000
388353	[2024]	:	Fixation at trial 52: 388.333000
389374	[1021]	:	Object at trial 52: 389.354000
391398	[2024]	:	Fixation at trial 52: 391.378000
392423	[1025]	:	Catch Stim at trial 52: 392.403000
392960	[537]	:	Key	28	DOWN	at	392960  
394903	[1943]	:	Respose to catch Q at trial 52: 392.966000
394903	[0]	:	RT and choice to catch Q at trial 52: 0.563000, 28
394928	[25]	:	Fixation at trial 53: 394.908000
395949	[1021]	:	Object at trial 53: 395.929000
397973	[2024]	:	Fixation at trial 53: 397.953000
398997	[1024]	:	Catch Stim at trial 53: 398.977000
399931	[934]	:	Key	31	DOWN	at	399931  
399932	[1]	:	Key	31	UP	at	399931  
401477	[1545]	:	Respose to catch Q at trial 53: 399.937000
401477	[0]	:	RT and choice to catch Q at trial 53: 0.960000, 31
401502	[25]	:	Fixation at trial 54: 401.482000
402523	[1021]	:	Object at trial 54: 402.503000
404547	[2024]	:	Fixation at trial 55: 404.527000
405568	[1021]	:	Object at trial 55: 405.548000
407592	[2024]	:	Fixation at trial 56: 407.572000
408613	[1021]	:	Object at trial 56: 408.593000
410637	[2024]	:	Fixation at trial 56: 410.617000
411661	[1024]	:	Catch Stim at trial 56: 411.641000
412212	[551]	:	Key	31	DOWN	at	412212  
412213	[1]	:	Key	31	UP	at	412212  
414141	[1928]	:	Respose to catch Q at trial 56: 412.218000
414141	[0]	:	RT and choice to catch Q at trial 56: 0.577000, 31
414166	[25]	:	Fixation at trial 57: 414.146000
415187	[1021]	:	Object at trial 57: 415.167000
417211	[2024]	:	Fixation at trial 58: 417.191000
418233	[1022]	:	Object at trial 58: 418.213000
420257	[2024]	:	Fixation at trial 59: 420.237000
421278	[1021]	:	Object at trial 59: 421.258000
423302	[2024]	:	Fixation at trial 60: 423.282000
424323	[1021]	:	Object at trial 60: 424.303000
426347	[2024]	:	Fixation at trial 61: 426.327000
427368	[1021]	:	Object at trial 61: 427.348000
429392	[2024]	:	Fixation at trial 62: 429.372000
430413	[1021]	:	Object at trial 62: 430.393000
432437	[2024]	:	Fixation at trial 63: 432.417000
433458	[1021]	:	Object at trial 63: 433.438000
435482	[2024]	:	Fixation at trial 64: 435.462000
436503	[1021]	:	Object at trial 64: 436.483000
438527	[2024]	:	Fixation at trial 64: 438.507000
439551	[1024]	:	Catch Stim at trial 64: 439.531000
440359	[808]	:	Key	28	DOWN	at	440359  
440359	[0]	:	Key	28	UP	at	440359  
442031	[1672]	:	Respose to catch Q at trial 64: 440.365000
442031	[0]	:	RT and choice to catch Q at trial 64: 0.834000, 28
442056	[25]	:	Fixation at trial 65: 442.036000
443077	[1021]	:	Object at trial 65: 443.057000
445101	[2024]	:	Fixation at trial 66: 445.081000
446122	[1021]	:	Object at trial 66: 446.102000
448146	[2024]	:	Fixation at trial 67: 448.126000
449167	[1021]	:	Object at trial 67: 449.147000
451191	[2024]	:	Fixation at trial 67: 451.171000
452215	[1024]	:	Catch Stim at trial 67: 452.195000
452949	[734]	:	Key	31	DOWN	at	452949  
452950	[1]	:	Key	31	UP	at	452949  
454695	[1745]	:	Respose to catch Q at trial 67: 452.955000
454695	[0]	:	RT and choice to catch Q at trial 67: 0.760000, 31
454720	[25]	:	Fixation at trial 68: 454.700000
455741	[1021]	:	Object at trial 68: 455.721000
457765	[2024]	:	Fixation at trial 69: 457.745000
458786	[1021]	:	Object at trial 69: 458.766000
460810	[2024]	:	Fixation at trial 70: 460.790000
461831	[1021]	:	Object at trial 70: 461.811000
463855	[2024]	:	Fixation at trial 70: 463.835000
464880	[1025]	:	Catch Stim at trial 70: 464.860000
465760	[880]	:	Key	28	DOWN	at	465760  
467360	[1600]	:	Respose to catch Q at trial 70: 465.766000
467360	[0]	:	RT and choice to catch Q at trial 70: 0.906000, 28
467385	[25]	:	Fixation at trial 71: 467.365000
468406	[1021]	:	Object at trial 71: 468.386000
470430	[2024]	:	Fixation at trial 72: 470.410000
471451	[1021]	:	Object at trial 72: 471.431000
473475	[2024]	:	Fixation at trial 72: 473.455000
474499	[1024]	:	Catch Stim at trial 72: 474.479000
475321	[822]	:	Key	28	DOWN	at	475321  
475322	[1]	:	Key	28	UP	at	475321  
476979	[1657]	:	Respose to catch Q at trial 72: 475.327000
476979	[0]	:	RT and choice to catch Q at trial 72: 0.848000, 28
477004	[25]	:	Fixation at trial 73: 476.984000
478025	[1021]	:	Object at trial 73: 478.005000
480049	[2024]	:	Fixation at trial 74: 480.029000
481070	[1021]	:	Object at trial 74: 481.050000
483094	[2024]	:	Fixation at trial 75: 483.074000
484115	[1021]	:	Object at trial 75: 484.095000
486139	[2024]	:	Fixation at trial 76: 486.119000
487160	[1021]	:	Object at trial 76: 487.140000
489184