Cog2000 log file Fri Oct 25 12:32:34 2019
gprim v1.29 Compiled:Feb  1 2010 (GLib DirectDraw v7 DX10.0 Compiled:Feb  1 2010)
Display:1024x768x32 59.77Hz
CogInput v1.05 Compiled: May 20 2010
0	[0]	:	COGENT START
11480	[11480]	:	Key	30	DOWN	at	11480   
11670	[190]	:	Key	30	UP	at	11670   
12430	[760]	:	Key	28	DOWN	at	12430   
12625	[195]	:	Key	28	UP	at	12625   
40992	[28367]	:	Key	71	DOWN	at	40992   
41062	[70]	:	Fixation at trial 1: 41.040000
41633	[571]	:	Object at trial 1: 41.612000
45166	[3533]	:	Fixation at trial 1: 45.145000
45736	[570]	:	Catch Stim at trial 1: 45.715000
49286	[3550]	:	Catch Q at trial 1: 45.715000
50707	[1421]	:	Key	28	DOWN	at	50707   
51268	[561]	:	Respose to catch Q at trial 1: 50.728000
51270	[2]	:	RT and choice to catch Q at trial 1: 1.463000, 28
51329	[59]	:	Fixation at trial 2: 51.309000
51854	[525]	:	Object at trial 2: 51.834000
55378	[3524]	:	Fixation at trial 2: 55.358000
55907	[529]	:	Catch Stim at trial 2: 55.885000
59434	[3527]	:	Catch Q at trial 2: 55.885000
60835	[1401]	:	Key	28	DOWN	at	60835   
61415	[580]	:	Respose to catch Q at trial 2: 60.843000
61416	[1]	:	RT and choice to catch Q at trial 2: 1.429000, 28
61466	[50]	:	Fixation at trial 3: 61.446000
61989	[523]	:	Object at trial 3: 61.969000
65512	[3523]	:	Fixation at trial 3: 65.492000
66036	[524]	:	Catch Stim at trial 3: 66.016000
69564	[3528]	:	Catch Q at trial 3: 66.016000
71597	[2033]	:	Respose to catch Q at trial 3: 71.075000
71598	[1]	:	RT and choice to catch Q at trial 3: 1.531000, 0
71648	[50]	:	Fixation at trial 4: 71.628000
72171	[523]	:	Object at trial 4: 72.151000
75694	[3523]	:	Fixation at trial 4: 75.674000
76216	[522]	:	Catch Stim at trial 4: 76.196000
79742	[3526]	:	Catch Q at trial 4: 76.196000
80351	[609]	:	Key	30	DOWN	at	80351   
81722	[1371]	:	Respose to catch Q at trial 4: 80.360000
81723	[1]	:	RT and choice to catch Q at trial 4: 0.638000, 30
81750	[27]	:	Fixation at trial 5: 81.730000
82273	[523]	:	Object at trial 5: 82.253000
85796	[3523]	:	Fixation at trial 5: 85.776000
86318	[522]	:	Catch Stim at trial 5: 86.298000
89843	[3525]	:	Catch Q at trial 5: 86.298000
91173	[1330]	:	Key	28	DOWN	at	91173   
91824	[651]	:	Respose to catch Q at trial 5: 91.179000
91825	[1]	:	RT and choice to catch Q at trial 5: 1.356000, 28
91853	[28]	:	Fixation at trial 6: 91.833000
92376	[523]	:	Object at trial 6: 92.356000
95899	[3523]	:	Fixation at trial 6: 95.879000
96421	[522]	:	Catch Stim at trial 6: 96.401000
99947	[3526]	:	Catch Q at trial 6: 96.401000
101194	[1247]	:	Key	28	DOWN	at	101194  
101927	[733]	:	Respose to catch Q at trial 6: 101.200000
101928	[1]	:	RT and choice to catch Q at trial 6: 1.273000, 28
101955	[27]	:	Fixation at trial 7: 101.935000
102478	[523]	:	Object at trial 7: 102.458000
106001	[3523]	:	Fixation at trial 7: 105.981000
106527	[526]	:	Catch Stim at trial 7: 106.507000
110052	[3525]	:	Catch Q at trial 7: 106.507000
110960	[908]	:	Key	30	DOWN	at	110960  
112033	[1073]	:	Respose to catch Q at trial 7: 110.966000
112033	[0]	:	RT and choice to catch Q at trial 7: 0.934000, 30
112060	[27]	:	Fixation at trial 8: 112.040000
112582	[522]	:	Object at trial 8: 112.562000
116105	[3523]	:	Fixation at trial 8: 116.085000
116628	[523]	:	Catch Stim at trial 8: 116.608000
120153	[3525]	:	Catch Q at trial 8: 116.608000
121466	[1313]	:	Key	28	DOWN	at	121466  
122133	[667]	:	Respose to catch Q at trial 8: 121.472000
122134	[1]	:	RT and choice to catch Q at trial 8: 1.339000, 28
122159	[25]	:	Fixation at trial 9: 122.139000
122681	[522]	:	Object at trial 9: 122.661000
126204	[3523]	:	Fixation at trial 9: 126.184000
126728	[524]	:	Catch Stim at trial 9: 126.708000
130253	[3525]	:	Catch Q at trial 9: 126.708000
131446	[1193]	:	Key	30	DOWN	at	131446  
132233	[787]	:	Respose to catch Q at trial 9: 131.453000
132234	[1]	:	RT and choice to catch Q at trial 9: 1.220000, 30
132261	[27]	:	Fixation at trial 10: 132.241000
132783	[522]	:	Object at trial 10: 132.763000
136306	[3523]	:	Fixation at trial 10: 136.286000
136831	[525]	:	Catch Stim at trial 10: 136.811000
140356	[3525]	:	Catch Q at trial 10: 136.811000
141694	[1338]	:	Key	28	DOWN	at	141694  
142336	[642]	:	Respose to catch Q at trial 10: 141.700000
142337	[1]	:	RT and choice to catch Q at trial 10: 1.364000, 28
142362	[25]	:	Fixation at trial 11: 142.342000
142885	[523]	:	Object at trial 11: 142.865000
146408	[3523]	:	Fixation at trial 11: 146.388000
146930	[522]	:	Catch Stim at trial 11: 146.910000
150456	[3526]	:	Catch Q at trial 11: 146.910000
151749	[1293]	:	Key	30	DOWN	at	151749  
152436	[687]	:	Respose to catch Q at trial 11: 151.756000
152437	[1]	:	RT and choice to catch Q at trial 11: 1.320000, 30
152462	[25]	:	Fixation at trial 12: 152.442000
152984	[522]	:	Object at trial 12: 152.964000
156507	[3523]	:	Fixation at trial 12: 156.487000
157029	[522]	:	Catch Stim at trial 12: 157.009000
160556	[3527]	:	Catch Q at trial 12: 157.009000
161950	[1394]	:	Key	28	DOWN	at	161950  
162536	[586]	:	Respose to catch Q at trial 12: 161.958000
162537	[1]	:	RT and choice to catch Q at trial 12: 1.422000, 28
162562	[25]	:	Fixation at trial 13: 162.542000
163084	[522]	:	Object at trial 13: 163.064000
166607	[3523]	:	Fixation at trial 13: 166.587000
167131	[524]	:	Catch Stim at trial 13: 167.111000
170656	[3525]	:	Catch Q at trial 13: 167.111000
171975	[1319]	:	Key	30	DOWN	at	171975  
172636	[661]	:	Respose to catch Q at trial 13: 171.981000
172637	[1]	:	RT and choice to catch Q at trial 13: 1.345000, 30
172661	[24]	:	Fixation at trial 14: 172.641000
173183	[522]	:	Object at trial 14: 173.163000
176706	[3523]	:	Fixation at trial 14: 176.686000
177228	[522]	:	Catch Stim at trial 14: 177.208000
180753	[3525]	:	Catch Q at trial 14: 177.208000
181591	[838]	:	Key	28	DOWN	at	181591  
182733	[1142]	:	Respose to catch Q at trial 14: 181.597000
182734	[1]	:	RT and choice to catch Q at trial 14: 0.864000, 28
182758	[24]	:	Fixation at trial 15: 182.738000
183280	[522]	:	Object at trial 15: 183.260000
186803	[3523]	:	Fixation at trial 15: 186.783000
187325	[522]	:	Catch Stim at trial 15: 187.305000
190850	[3525]	:	Catch Q at trial 15: 187.305000
191537	[687]	:	Key	30	DOWN	at	191537  
192830	[1293]	:	Respose to catch Q at trial 15: 191.543000
192831	[1]	:	RT and choice to catch Q at trial 15: 0.713000, 30
192856	[25]	:	Fixation at trial 16: 192.836000
193378	[522]	:	Object at trial 16: 193.358000
196901	[3523]	:	Fixation at trial 16: 196.881000
197423	[522]	:	Catch Stim at trial 16: 197.403000
200948	[3525]	:	Catch Q at trial 16: 197.403000
202972	[2024]	:	Respose to catch Q at trial 16: 202.452000
202973	[1]	:	RT and choice to catch Q at trial 16: 1.524000, 0
203003	[30]	:	Fixation at trial 17: 202.983000
203526	[523]	:	Object at trial 17: 203.506000
207049	[3523]	:	Fixation at trial 17: 207.029000
207570	[521]	:	Catch Stim at trial 17: 207.550000
211095	[3525]	:	Catch Q at trial 17: 207.550000
212528	[1433]	:	Key	30	DOWN	at	212528  
213075	[547]	:	Respose to catch Q at trial 17: 212.534000
213076	[1]	:	RT and choice to catch Q at trial 17: 1.459000, 30
213100	[24]	:	Fixation at trial 18: 213.080000
213622	[522]	:	Object at trial 18: 213.602000
217145	[3523]	:	Fixation at trial 18: 217.125000
217667	[522]	:	Catch Stim at trial 18: 217.647000
221192	[3525]	:	Catch Q at trial 18: 217.647000
222198	[1006]	:	Key	30	DOWN	at	222198  
223172	[974]	:	Respose to catch Q at trial 18: 222.204000
223172	[0]	:	RT and choice to catch Q at trial 18: 1.032000, 30
223197	[25]	:	Fixation at trial 19: 223.177000
223719	[522]	:	Object at trial 19: 223.699000
227242	[3523]	:	Fixation at trial 19: 227.222000
227763	[521]	:	Catch Stim at trial 19: 227.743000
231288	[3525]	:	Catch Q at trial 19: 227.743000
233312	[2024]	:	Respose to catch Q at trial 19: 232.792000
233313	[1]	:	RT and choice to catch Q at trial 19: 1.524000, 0
233343	[30]	:	Fixation at trial 20: 233.323000
233865	[522]	:	Object at trial 20: 233.845000
237389	[3524]	:	Fixation at trial 20: 237.369000
237910	[521]	:	Catch Stim at trial 20: 237.890000
241437	[3527]	:	Catch Q at trial 20: 237.890000
242041	[604]	:	Key	30	DOWN	at	242041  
243417	[1376]	:	Respose to catch Q at trial 20: 242.047000
243418	[1]	:	RT and choice to catch Q at trial 20: 0.630000, 30
243442	[24]	:	Fixation at trial 21: 243.422000
243965	[523]	:	Object at trial 21: 243.945000
247488	[3523]	:	Fixation at trial 21: 247.468000
248010	[522]	:	Catch Stim at trial 21: 247.990000
251535	[3525]	:	Catch Q at trial 21: 247.990000
252882	[1347]	:	Key	28	DOWN	at	252882  
253515	[633]	:	Respose to catch Q at trial 21: 252.888000
253516	[1]	:	RT and choice to catch Q at trial 21: 1.373000, 28
253540	[24]	:	Fixation at trial 22: 253.520000
254062	[522]	:	Object at trial 22: 254.042000
257586	[3524]	:	Fixation at trial 22: 257.566000
258107	[521]	:	Catch Stim at trial 22: 258.087000
261634	[3527]	:	Catch Q at trial 22: 258.087000
263133	[1499]	:	Key	28	DOWN	at	263133  
263614	[481]	:	Respose to catch Q at trial 22: 263.139000
263614	[0]	:	RT and choice to catch Q at trial 22: 1.525000, 28
263639	[25]	:	Fixation at trial 23: 263.619000
264161	[522]	:	Object at trial 23: 264.141000
267684	[3523]	:	Fixation at trial 23: 267.664000
268206	[522]	:	Catch Stim at trial 23: 268.186000
271731	[3525]	:	Catch Q at trial 23: 268.186000
273755	[2024]	:	Respose to catch Q at trial 23: 273.235000
273756	[1]	:	RT and choice to catch Q at trial 23: 1.524000, 0
273785	[29]	:	Fixation at trial 24: 273.765000
274308	[523]	:	Object at trial 24: 274.288000
277831	[3523]	:	Fixation at trial 24: 277.811000
278353	[522]	:	Catch Stim at trial 24: 278.333000
281879	[3526]	:	Catch Q at trial 24: 278.333000
282669	[790]	:	Key	30	DOWN	at	282669  
283859	[1190]	:	Respose to catch Q at trial 24: 282.675000
283859	[0]	:	RT and choice to catch Q at trial 24: 0.816000, 30
283884	[25]	:	Fixation at trial 25: 283.864000
284406	[522]	:	Object at trial 25: 284.386000
287929	[3523]	:	Fixation at trial 25: 287.909000
288454	[525]	:	Catch Stim at trial 25: 288.434000
291979	[3525]	:	Catch Q at trial 25: 288.434000
292859	[880]	:	Key	30	DOWN	at	292859  
293959	[1100]	:	Respose to catch Q at trial 25: 292.865000
293959	[0]	:	RT and choice to catch Q at trial 25: 0.906000, 30
293984	[25]	:	Fixation at trial 26: 293.964000
294506	[522]	:	Object at trial 26: 294.486000
298029	[3523]	:	Fixation at trial 26: 298.009000
298550	[521]	:	Catch Stim at trial 26: 298.530000
302079	[3529]	:	Catch Q at trial 26: 298.530000
304103	[2024]	:	Respose to catch Q at trial 26: 303.583000
304104	[1]	:	RT and choice to catch Q at trial 26: 1.524000, 0
304131	[27]	:	Fixation at trial 27: 304.111000
304653	[522]	:	Object at trial 27: 304.633000
308176	[3523]	:	Fixation at trial 27: 308.156000
308698	[522]	:	Catch Stim at trial 27: 308.678000
312224	[3526]	:	Catch Q at trial 27: 308.678000
313586	[1362]	:	Key	28	DOWN	at	313586  
314204	[618]	:	Respose to catch Q at trial 27: 313.592000
314204	[0]	:	RT and choice to catch Q at trial 27: 1.388000, 28
314229	[25]	:	Fixation at trial 28: 314.209000
314752	[523]	:	Object at trial 28: 314.732000
318275	[3523]	:	Fixation at trial 28: 318.255000
318796	[521]	:	Catch Stim at trial 28: 318.776000
322321	[3525]	:	Catch Q at trial 28: 318.776000
323766	[1445]	:	Key	28	DOWN	at	323766  
324301	[535]	:	Respose to catch Q at trial 28: 323.772000
324301	[0]	:	RT and choice to catch Q at trial 28: 1.471000, 28
324326	[25]	:	Fixation at trial 29: 324.306000
324848	[522]	:	Object at trial 29: 324.828000
328371	[3523]	:	Fixation at trial 29: 328.351000
328893	[522]	:	Catch Stim at trial 29: 328.873000
332418	[3525]	:	Catch Q at trial 29: 328.873000
333287	[869]	:	Key	30	DOWN	at	333287  
334398	[1111]	:	Respose to catch Q at trial 29: 333.293000
334398	[0]	:	RT and choice to catch Q at trial 29: 0.895000, 30
334423	[25]	:	Fixation at trial 30: 334.403000
334945	[522]	:	Object at trial 30: 334.925000
338468	[3523]	:	Fixation at trial 30: 338.448000
338990	[522]	:	Catch Stim at trial 30: 338.970000
342515	[3525]	:	Catch Q at trial 30: 338.970000
343722	[1207]	:	Key	28	DOWN	at	343722  
344495	[773]	:	Respose to catch Q at trial 30: 343.728000
344495	[0]	:	RT and choice to catch Q at trial 30: 1.233000, 28
344520	[25]	:	Fixation at trial 31: 344.500000
345042	[522]	:	Object at trial 31: 345.022000
348565	[3523]	:	Fixation at trial 31: 348.545000
349086	[521]	:	Catch Stim at trial 31: 349.066000
352612	[3526]	:	Catch Q at trial 31: 349.066000
353793	[1181]	:	Key	30	DOWN	at	353793  
354592	[799]	:	Respose to catch Q at trial 31: 353.799000
354593	[1]	:	RT and choice to catch Q at trial 31: 1.207000, 30
354617	[24]	:	Fixation at trial 32: 354.597000
355139	[522]	:	Object at trial 32: 355.119000
358662	[3523]	:	Fixation at trial 32: 358.642000
359184	[522]	:	Catch Stim at trial 32: 359.164000
362709	[3525]	:	Catch Q at trial 32: 359.164000
364733	[2024]	:	Respose to catch Q at trial 32: 364.213000
364734	[1]	:	RT and choice to catch Q at trial 32: 1.524000, 0
364760	[26]	:	Fixation at trial 33: 364.740000
365283	[523]	:	Object at trial 33: 365.263000
368806	[3523]	:	Fixation at trial 33: 368.786000
369328	[522]	:	Catch Stim at trial 33: 369.308000
372853	[3525]	:	Catch Q at trial 33: 369.308000
373989	[1136]	:	Key	28	DOWN	at	373989  
374833	[844]	:	Respose to catch Q at trial 33: 373.995000
374833	[0]	:	RT and choice to catch Q at trial 33: 1.162000, 28
374858	[25]	:	Fixation at trial 34: 374.838000
375380	[522]	:	Object at trial 34: 375.360000
378903	[3523]	:	Fixation at trial 34: 378.883000
379425	[522]	:	Catch Stim at trial 34: 379.405000
382950	[3525]	:	Catch Q at trial 34: 379.405000
384425	[1475]	:	Key	30	DOWN	at	384425  
384930	[505]	:	Respose to catch Q at trial 34: 384.431000
384930	[0]	:	RT and choice to catch Q at trial 34: 1.501000, 30
384955	[25]	:	Fixation at trial 35: 384.935000
385477	[522]	:	Object at trial 35: 385.457000
389000	[3523]	:	Fixation at trial 35: 388.980000
389522	[522]	:	Catch Stim at trial 35: 389.502000
393047	[3525]	:	Catch Q at trial 35: 389.502000
393775	[728]	:	Key	30	DOWN	at	393775  
395027	[1252]	:	Respose to catch Q at trial 35: 393.781000
395027	[0]	:	RT and choice to catch Q at trial 35: 0.754000, 30
395052	[25]	:	Fixation at trial 36: 395.032000
395575	[523]	:	Object at trial 36: 395.555000
399098	[3523]	:	Fixation at trial 36: 399.078000
399620	[522]	:	Catch Stim at trial 36: 399.600000
403145	[3525]	:	Catch Q at trial 36: 399.600000
403836	[691]	:	Key	30	DOWN	at	403836  
405125	[1289]	:	Respose to catch Q at trial 36: 403.841000
405125	[0]	:	RT and choice to catch Q at trial 36: 0.716000, 30
405150	[25]	:	Fixation at trial 37: 405.130000
405672	[522]	:	Object at trial 37: 405.652000
409195	[3523]	:	Fixation at trial 37: 409.175000
409717	[522]	:	Catch Stim at trial 37: 409.697000
413243	[3526]	:	Catch Q at trial 37: 409.697000
413821	[578]	:	Key	30	DOWN	at	413821  
415223	[1402]	:	Respose to catch Q at trial 37: 413.826000
415223	[0]	:	RT and choice to catch Q at trial 37: 0.603000, 30
415251	[28]	:	Fixation at trial 38: 415.231000
415773	[522]	:	Object at trial 38: 415.753000
419296	[3523]	:	Fixation at trial 38: 419.276000
419818	[522]	:	Catch Stim at trial 38: 419.798000
423344	[3526]	:	Catch Q at trial 38: 419.798000
424109	[765]	:	Key	28	DOWN	at	424109  
425324	[1215]	:	Respose to catch Q at trial 38: 424.115000
425325	[1]	:	RT and choice to catch Q at trial 38: 0.791000, 28
425349	[24]	:	Fixation at trial 39: 425.329000
425871	[522]	:	Object at trial 39: 425.851000
429394	[3523]	:	Fixation at trial 39: 429.374000
429915	[521]	:	Catch Stim at trial 39: 429.895000
433441	[3526]	:	Catch Q at trial 39: 429.895000
435465	[2024]	:	Respose to catch Q at trial 39: 434.945000
435466	[1]	:	RT and choice to catch Q at trial 39: 1.524000, 0
435491	[25]	:	Fixation at trial 40: 435.471000
436013	[522]	:	Object at trial 40: 435.993000
439536	[3523]	:	Fixation at trial 40: 439.516000
440058	[522]	:	Catch Stim at trial 40: 440.038000
443584	[3526]	:	Catch Q at trial 40: 440.038000
444630	[1046]	:	Key	28	DOWN	at	444630  
445564	[934]	:	Respose to catch Q at trial 40: 444.636000
445564	[0]	:	RT and choice to catch Q at trial 40: 1.072000, 28
445589	[25]	:	Fixation at trial 41: 445.569000
446111	[522]	:	Object at trial 41: 446.091000
449634	[3523]	:	Fixation at trial 41: 449.614000
450155	[521]	:	Catch Stim at trial 41: 450.135000
453680	[3525]	:	Catch Q at trial 41: 450.135000
454416	[736]	:	Key	28	DOWN	at	454416  
455660	[1244]	:	Respose to catch Q at trial 41: