Cog2000 log file Fri Nov 22 12:34:27 2019
gprim v1.29 Compiled:Feb  1 2010 (GLib DirectDraw v7 DX10.0 Compiled:Feb  1 2010)
Display:1024x768x32 59.81Hz
CogInput v1.05 Compiled: May 20 2010
0	[0]	:	COGENT START
876	[876]	:	Key	31	DOWN	at	876     
1076	[200]	:	Key	31	UP	at	1076    
1156	[80]	:	Key	29	DOWN	at	1156    
1331	[175]	:	Key	29	UP	at	1331    
29113	[27782]	:	Key	71	DOWN	at	29113   
29180	[67]	:	Fixation at trial 1: 29.158000
29750	[570]	:	Object at trial 1: 29.730000
33283	[3533]	:	Fixation at trial 1: 33.262000
33821	[538]	:	Catch Stim at trial 1: 33.800000
37369	[3548]	:	Catch Q at trial 1: 33.800000
38673	[1304]	:	Key	29	DOWN	at	38673   
39352	[679]	:	Respose to catch Q at trial 1: 38.687000
39354	[2]	:	RT and choice to catch Q at trial 1: 1.339000, 29
39405	[51]	:	Fixation at trial 2: 39.385000
39930	[525]	:	Object at trial 2: 39.910000
43453	[3523]	:	Fixation at trial 2: 43.433000
43980	[527]	:	Catch Stim at trial 2: 43.960000
47507	[3527]	:	Catch Q at trial 2: 43.960000
48554	[1047]	:	Key	29	DOWN	at	48554   
49489	[935]	:	Respose to catch Q at trial 2: 48.562000
49490	[1]	:	RT and choice to catch Q at trial 2: 1.075000, 29
49541	[51]	:	Fixation at trial 3: 49.521000
50064	[523]	:	Object at trial 3: 50.044000
53587	[3523]	:	Fixation at trial 3: 53.567000
54109	[522]	:	Catch Stim at trial 3: 54.089000
57634	[3525]	:	Catch Q at trial 3: 54.089000
58509	[875]	:	Key	29	DOWN	at	58509   
59614	[1105]	:	Respose to catch Q at trial 3: 58.516000
59615	[1]	:	RT and choice to catch Q at trial 3: 0.902000, 29
59657	[42]	:	Fixation at trial 4: 59.637000
60181	[524]	:	Object at trial 4: 60.161000
63704	[3523]	:	Fixation at trial 4: 63.684000
64229	[525]	:	Catch Stim at trial 4: 64.210000
67754	[3525]	:	Catch Q at trial 4: 64.210000
68655	[901]	:	Key	29	DOWN	at	68655   
69734	[1079]	:	Respose to catch Q at trial 4: 68.661000
69735	[1]	:	RT and choice to catch Q at trial 4: 0.927000, 29
69762	[27]	:	Fixation at trial 5: 69.742000
70284	[522]	:	Object at trial 5: 70.264000
73807	[3523]	:	Fixation at trial 5: 73.787000
74330	[523]	:	Catch Stim at trial 5: 74.310000
77857	[3527]	:	Catch Q at trial 5: 74.310000
78791	[934]	:	Key	31	DOWN	at	78791   
79838	[1047]	:	Respose to catch Q at trial 5: 78.799000
79839	[1]	:	RT and choice to catch Q at trial 5: 0.962000, 31
79866	[27]	:	Fixation at trial 6: 79.846000
80390	[524]	:	Object at trial 6: 80.370000
83913	[3523]	:	Fixation at trial 6: 83.893000
84436	[523]	:	Catch Stim at trial 6: 84.416000
87961	[3525]	:	Catch Q at trial 6: 84.416000
88711	[750]	:	Key	29	DOWN	at	88711   
89941	[1230]	:	Respose to catch Q at trial 6: 88.717000
89941	[0]	:	RT and choice to catch Q at trial 6: 0.776000, 29
89968	[27]	:	Fixation at trial 7: 89.948000
90490	[522]	:	Object at trial 7: 90.470000
94013	[3523]	:	Fixation at trial 7: 93.993000
94536	[523]	:	Catch Stim at trial 7: 94.516000
98061	[3525]	:	Catch Q at trial 7: 94.516000
98737	[676]	:	Key	31	DOWN	at	98737   
100041	[1304]	:	Respose to catch Q at trial 7: 98.743000
100042	[1]	:	RT and choice to catch Q at trial 7: 0.702000, 31
100067	[25]	:	Fixation at trial 8: 100.047000
100589	[522]	:	Object at trial 8: 100.569000
104112	[3523]	:	Fixation at trial 8: 104.092000
104635	[523]	:	Catch Stim at trial 8: 104.615000
108162	[3527]	:	Catch Q at trial 8: 104.615000
109092	[930]	:	Key	31	DOWN	at	109092  
110142	[1050]	:	Respose to catch Q at trial 8: 109.099000
110143	[1]	:	RT and choice to catch Q at trial 8: 0.957000, 31
110168	[25]	:	Fixation at trial 9: 110.148000
110691	[523]	:	Object at trial 9: 110.671000
114214	[3523]	:	Fixation at trial 9: 114.194000
114739	[525]	:	Catch Stim at trial 9: 114.719000
118266	[3527]	:	Catch Q at trial 9: 114.719000
119073	[807]	:	Key	31	DOWN	at	119073  
120246	[1173]	:	Respose to catch Q at trial 9: 119.081000
120247	[1]	:	RT and choice to catch Q at trial 9: 0.835000, 31
120272	[25]	:	Fixation at trial 10: 120.252000
120794	[522]	:	Object at trial 10: 120.774000
124317	[3523]	:	Fixation at trial 10: 124.297000
124839	[522]	:	Catch Stim at trial 10: 124.819000
128364	[3525]	:	Catch Q at trial 10: 124.819000
129458	[1094]	:	Key	29	DOWN	at	129458  
130344	[886]	:	Respose to catch Q at trial 10: 129.464000
130345	[1]	:	RT and choice to catch Q at trial 10: 1.120000, 29
130370	[25]	:	Fixation at trial 11: 130.350000
130892	[522]	:	Object at trial 11: 130.872000
134414	[3522]	:	Fixation at trial 11: 134.394000
134936	[522]	:	Catch Stim at trial 11: 134.916000
138461	[3525]	:	Catch Q at trial 11: 134.916000
139239	[778]	:	Key	29	DOWN	at	139239  
140441	[1202]	:	Respose to catch Q at trial 11: 139.245000
140441	[0]	:	RT and choice to catch Q at trial 11: 0.804000, 29
140466	[25]	:	Fixation at trial 12: 140.446000
140988	[522]	:	Object at trial 12: 140.968000
144511	[3523]	:	Fixation at trial 12: 144.491000
145035	[524]	:	Catch Stim at trial 12: 145.015000
148561	[3526]	:	Catch Q at trial 12: 145.015000
149540	[979]	:	Key	31	DOWN	at	149540  
150541	[1001]	:	Respose to catch Q at trial 12: 149.546000
150541	[0]	:	RT and choice to catch Q at trial 12: 1.005000, 31
150566	[25]	:	Fixation at trial 13: 150.546000
151088	[522]	:	Object at trial 13: 151.068000
154611	[3523]	:	Fixation at trial 13: 154.591000
155133	[522]	:	Catch Stim at trial 13: 155.113000
158658	[3525]	:	Catch Q at trial 13: 155.113000
159315	[657]	:	Key	31	DOWN	at	159315  
160638	[1323]	:	Respose to catch Q at trial 13: 159.321000
160639	[1]	:	RT and choice to catch Q at trial 13: 0.683000, 31
160663	[24]	:	Fixation at trial 14: 160.643000
161185	[522]	:	Object at trial 14: 161.165000
164708	[3523]	:	Fixation at trial 14: 164.688000
165230	[522]	:	Catch Stim at trial 14: 165.210000
168755	[3525]	:	Catch Q at trial 14: 165.210000
169471	[716]	:	Key	31	DOWN	at	169471  
170735	[1264]	:	Respose to catch Q at trial 14: 169.477000
170736	[1]	:	RT and choice to catch Q at trial 14: 0.742000, 31
170760	[24]	:	Fixation at trial 15: 170.740000
171282	[522]	:	Object at trial 15: 171.262000
174805	[3523]	:	Fixation at trial 15: 174.785000
175327	[522]	:	Catch Stim at trial 15: 175.307000
178852	[3525]	:	Catch Q at trial 15: 175.307000
179761	[909]	:	Key	29	DOWN	at	179761  
180832	[1071]	:	Respose to catch Q at trial 15: 179.767000
180833	[1]	:	RT and choice to catch Q at trial 15: 0.935000, 29
180857	[24]	:	Fixation at trial 16: 180.837000
181379	[522]	:	Object at trial 16: 181.359000
184902	[3523]	:	Fixation at trial 16: 184.882000
185424	[522]	:	Catch Stim at trial 16: 185.404000
188949	[3525]	:	Catch Q at trial 16: 185.404000
189567	[618]	:	Key	31	DOWN	at	189567  
190929	[1362]	:	Respose to catch Q at trial 16: 189.572000
190930	[1]	:	RT and choice to catch Q at trial 16: 0.643000, 31
190954	[24]	:	Fixation at trial 17: 190.934000
191476	[522]	:	Object at trial 17: 191.456000
194999	[3523]	:	Fixation at trial 17: 194.979000
195521	[522]	:	Catch Stim at trial 17: 195.501000
199046	[3525]	:	Catch Q at trial 17: 195.501000
199832	[786]	:	Key	29	DOWN	at	199832  
201026	[1194]	:	Respose to catch Q at trial 17: 199.838000
201026	[0]	:	RT and choice to catch Q at trial 17: 0.812000, 29
201051	[25]	:	Fixation at trial 18: 201.031000
201573	[522]	:	Object at trial 18: 201.553000
205096	[3523]	:	Fixation at trial 18: 205.076000
205618	[522]	:	Catch Stim at trial 18: 205.598000
209143	[3525]	:	Catch Q at trial 18: 205.598000
210418	[1275]	:	Key	31	DOWN	at	210418  
211123	[705]	:	Respose to catch Q at trial 18: 210.424000
211123	[0]	:	RT and choice to catch Q at trial 18: 1.301000, 31
211148	[25]	:	Fixation at trial 19: 211.128000
211670	[522]	:	Object at trial 19: 211.650000
215193	[3523]	:	Fixation at trial 19: 215.173000
215714	[521]	:	Catch Stim at trial 19: 215.694000
219239	[3525]	:	Catch Q at trial 19: 215.694000
220214	[975]	:	Key	31	DOWN	at	220214  
221219	[1005]	:	Respose to catch Q at trial 19: 220.220000
221219	[0]	:	RT and choice to catch Q at trial 19: 1.001000, 31
221244	[25]	:	Fixation at trial 20: 221.224000
221766	[522]	:	Object at trial 20: 221.746000
225289	[3523]	:	Fixation at trial 20: 225.269000
225811	[522]	:	Catch Stim at trial 20: 225.791000
229336	[3525]	:	Catch Q at trial 20: 225.791000
230244	[908]	:	Key	29	DOWN	at	230244  
231316	[1072]	:	Respose to catch Q at trial 20: 230.250000
231317	[1]	:	RT and choice to catch Q at trial 20: 0.934000, 29
231341	[24]	:	Fixation at trial 21: 231.321000
231863	[522]	:	Object at trial 21: 231.843000
235386	[3523]	:	Fixation at trial 21: 235.366000
235907	[521]	:	Catch Stim at trial 21: 235.887000
239432	[3525]	:	Catch Q at trial 21: 235.887000
240215	[783]	:	Key	31	DOWN	at	240215  
241412	[1197]	:	Respose to catch Q at trial 21: 240.221000
241412	[0]	:	RT and choice to catch Q at trial 21: 0.809000, 31
241437	[25]	:	Fixation at trial 22: 241.417000
241959	[522]	:	Object at trial 22: 241.939000
245482	[3523]	:	Fixation at trial 22: 245.462000
246004	[522]	:	Catch Stim at trial 22: 245.984000
249529	[3525]	:	Catch Q at trial 22: 245.984000
250360	[831]	:	Key	31	DOWN	at	250360  
251509	[1149]	:	Respose to catch Q at trial 22: 250.366000
251510	[1]	:	RT and choice to catch Q at trial 22: 0.857000, 31
251534	[24]	:	Fixation at trial 23: 251.514000
252056	[522]	:	Object at trial 23: 252.036000
255579	[3523]	:	Fixation at trial 23: 255.559000
256101	[522]	:	Catch Stim at trial 23: 256.081000
259627	[3526]	:	Catch Q at trial 23: 256.081000
260916	[1289]	:	Key	29	DOWN	at	260916  
261607	[691]	:	Respose to catch Q at trial 23: 260.922000
261607	[0]	:	RT and choice to catch Q at trial 23: 1.315000, 29
261632	[25]	:	Fixation at trial 24: 261.612000
262154	[522]	:	Object at trial 24: 262.134000
265677	[3523]	:	Fixation at trial 24: 265.657000
266199	[522]	:	Catch Stim at trial 24: 266.179000
269724	[3525]	:	Catch Q at trial 24: 266.179000
270621	[897]	:	Key	31	DOWN	at	270621  
271704	[1083]	:	Respose to catch Q at trial 24: 270.627000
271704	[0]	:	RT and choice to catch Q at trial 24: 0.923000, 31
271728	[24]	:	Fixation at trial 25: 271.708000
272250	[522]	:	Object at trial 25: 272.230000
275773	[3523]	:	Fixation at trial 25: 275.753000
276295	[522]	:	Catch Stim at trial 25: 276.275000
279820	[3525]	:	Catch Q at trial 25: 276.275000
280502	[682]	:	Key	31	DOWN	at	280502  
281800	[1298]	:	Respose to catch Q at trial 25: 280.507000
281800	[0]	:	RT and choice to catch Q at trial 25: 0.707000, 31
281825	[25]	:	Fixation at trial 26: 281.805000
282347	[522]	:	Object at trial 26: 282.327000
285870	[3523]	:	Fixation at trial 26: 285.850000
286392	[522]	:	Catch Stim at trial 26: 286.372000
289917	[3525]	:	Catch Q at trial 26: 286.372000
290713	[796]	:	Key	29	DOWN	at	290713  
291897	[1184]	:	Respose to catch Q at trial 26: 290.718000
291897	[0]	:	RT and choice to catch Q at trial 26: 0.821000, 29
291922	[25]	:	Fixation at trial 27: 291.902000
292444	[522]	:	Object at trial 27: 292.424000
295967	[3523]	:	Fixation at trial 27: 295.947000
296488	[521]	:	Catch Stim at trial 27: 296.468000
300014	[3526]	:	Catch Q at trial 27: 296.468000
300793	[779]	:	Key	29	DOWN	at	300793  
301994	[1201]	:	Respose to catch Q at trial 27: 300.799000
301994	[0]	:	RT and choice to catch Q at trial 27: 0.805000, 29
302019	[25]	:	Fixation at trial 28: 301.999000
302541	[522]	:	Object at trial 28: 302.521000
306064	[3523]	:	Fixation at trial 28: 306.044000
306586	[522]	:	Catch Stim at trial 28: 306.566000
310111	[3525]	:	Catch Q at trial 28: 306.566000
310629	[518]	:	Key	31	DOWN	at	310629  
312091	[1462]	:	Respose to catch Q at trial 28: 310.634000
312091	[0]	:	RT and choice to catch Q at trial 28: 0.543000, 31
312116	[25]	:	Fixation at trial 29: 312.096000
312638	[522]	:	Object at trial 29: 312.618000
316161	[3523]	:	Fixation at trial 29: 316.141000
316683	[522]	:	Catch Stim at trial 29: 316.663000
320209	[3526]	:	Catch Q at trial 29: 316.663000
321179	[970]	:	Key	31	DOWN	at	321179  
322189	[1010]	:	Respose to catch Q at trial 29: 321.185000
322189	[0]	:	RT and choice to catch Q at trial 29: 0.996000, 31
322214	[25]	:	Fixation at trial 30: 322.194000
322737	[523]	:	Object at trial 30: 322.717000
326260	[3523]	:	Fixation at trial 30: 326.240000
326782	[522]	:	Catch Stim at trial 30: 326.762000
330308	[3526]	:	Catch Q at trial 30: 326.762000
330900	[592]	:	Key	31	DOWN	at	330900  
332288	[1388]	:	Respose to catch Q at trial 30: 330.906000
332288	[0]	:	RT and choice to catch Q at trial 30: 0.618000, 31
332313	[25]	:	Fixation at trial 31: 332.293000
332835	[522]	:	Object at trial 31: 332.815000
336358	[3523]	:	Fixation at trial 31: 336.338000
336879	[521]	:	Catch Stim at trial 31: 336.859000
340405	[3526]	:	Catch Q at trial 31: 336.859000
340996	[591]	:	Key	31	DOWN	at	340996  
342385	[1389]	:	Respose to catch Q at trial 31: 341.002000
342385	[0]	:	RT and choice to catch Q at trial 31: 0.617000, 31
342410	[25]	:	Fixation at trial 32: 342.390000
342932	[522]	:	Object at trial 32: 342.912000
346455	[3523]	:	Fixation at trial 32: 346.435000
346977	[522]	:	Catch Stim at trial 32: 346.957000
350503	[3526]	:	Catch Q at trial 32: 346.957000
351196	[693]	:	Key	29	DOWN	at	351196  
352483	[1287]	:	Respose to catch Q at trial 32: 351.202000
352483	[0]	:	RT and choice to catch Q at trial 32: 0.719000, 29
352508	[25]	:	Fixation at trial 33: 352.488000
353030	[522]	:	Object at trial 33: 353.010000
356553	[3523]	:	Fixation at trial 33: 356.533000
357075	[522]	:	Catch Stim at trial 33: 357.055000
360600	[3525]	:	Catch Q at trial 33: 357.055000
362067	[1467]	:	Key	29	DOWN	at	362067  
362580	[513]	:	Respose to catch Q at trial 33: 362.073000
362580	[0]	:	RT and choice to catch Q at trial 33: 1.493000, 29
362605	[25]	:	Fixation at trial 34: 362.585000
363127	[522]	:	Object at trial 34: 363.107000
366650	[3523]	:	Fixation at trial 34: 366.630000
367172	[522]	:	Catch Stim at trial 34: 367.152000
370697	[3525]	:	Catch Q at trial 34: 367.152000
372732	[2035]	:	Respose to catch Q at trial 34: 372.210000
372733	[1]	:	RT and choice to catch Q at trial 34: 1.533000, 0
372767	[34]	:	Fixation at trial 35: 372.747000
373289	[522]	:	Object at trial 35: 373.269000
376812	[3523]	:	Fixation at trial 35: 376.792000
377334	[522]	:	Catch Stim at trial 35: 377.314000
380861	[3527]	:	Catch Q at trial 35: 377.314000
381933	[1072]	:	Key	29	DOWN	at	381933  
382841	[908]	:	Respose to catch Q at trial 35: 381.940000
382842	[1]	:	RT and choice to catch Q at trial 35: 1.099000, 29
382866	[24]	:	Fixation at trial 36: 382.846000
383388	[522]	:	Object at trial 36: 383.368000
386911	[3523]	:	Fixation at trial 36: 386.891000
387433	[522]	:	Catch Stim at trial 36: 387.413000
390958	[3525]	:	Catch Q at trial 36: 387.413000
391408	[450]	:	Key	31	DOWN	at	391408  
392938	[1530]	:	Respose to catch Q at trial 36: 391.413000
392938	[0]	:	RT and choice to catch Q at trial 36: 0.475000, 31
392963	[25]	:	Fixation at trial 37: 392.943000
393485	[522]	:	Object at trial 37: 393.465000
397008	[3523]	:	Fixation at trial 37: 396.988000
397530	[522]	:	Catch Stim at trial 37: 397.510000
401055	[3525]	:	Catch Q at trial 37: 397.510000
401824	[769]	:	Key	29	DOWN	at	401824  
403035	[1211]	:	Respose to catch Q at trial 37: 401.830000
403035	[0]	:	RT and choice to catch Q at trial 37: 0.795000, 29
403060	[25]	:	Fixation at trial 38: 403.040000
403582	[522]	:	Object at trial 38: 403.562000
407105	[3523]	:	Fixation at trial 38: 407.085000
407627	[522]	:	Catch Stim at trial 38: 407.607000
411152	[3525]	:	Catch Q at trial 38: 407.607000
411825	[673]	:	Key	29	DOWN	at	411825  
413132	[1307]	:	Respose to catch Q at trial 38: 411.831000
413132	[0]	:	RT and choice to catch Q at trial 38: 0.699000, 29
413157	[25]	:	Fixation at trial 39: 413.137000
413679	[522]	:	Object at trial 39: 413.659000
417202	[3523]	:	Fixation at trial 39: 417.182000
417724	[522]	:	Catch Stim at trial 39: 417.704000
421249	[3525]	:	Catch Q at trial 39: 417.704000
423273	[2024]	:	Respose to catch Q at trial 39: 422.753000
423274	[1]	:	RT and choice to catch Q at trial 39: 1.524000, 0
423304	[30]	:	Fixation at trial 40: 423.284000
423826	[522]	:	Object at trial 40: 423.806000
427349	[3523]	:	Fixation at trial 40: 427.329000
427871	[522]	:	Catch Stim at trial 40: 427.851000
431398	[3527]	:	Catch Q at trial 40: 427.851000
432256	[858]	:	Key	31	DOWN	at	432256  
433378	[1122]	:	Respose to catch Q at trial 40: 432.262000
433378	[0]	:	RT and choice to catch Q at trial 40: 0.884000, 31
433403	[25]	:	Fixation at trial 41: 433.383000
433926	[523]	:	Object at trial 41: 433.906000
437449	[3523]	:	Fixation at trial 41: 437.429000
437972	[5