Cog2000 log file Fri Nov 22 12:44:27 2019
gprim v1.29 Compiled:Feb  1 2010 (GLib DirectDraw v7 DX10.0 Compiled:Feb  1 2010)
Display:1024x768x32 59.84Hz
CogInput v1.05 Compiled: May 20 2010
0	[0]	:	COGENT START
740	[740]	:	Key	31	DOWN	at	740     
885	[145]	:	Key	31	UP	at	885     
935	[50]	:	Key	29	DOWN	at	935     
1185	[250]	:	Key	29	UP	at	1185    
17991	[16806]	:	Key	71	DOWN	at	17991   
18046	[55]	:	Fixation at trial 1: 18.026000
18574	[528]	:	Object at trial 1: 18.553000
22098	[3524]	:	Fixation at trial 1: 22.077000
22626	[528]	:	Catch Stim at trial 1: 22.605000
26155	[3529]	:	Catch Q at trial 1: 22.605000
26947	[792]	:	Key	31	DOWN	at	26947   
28135	[1188]	:	Respose to catch Q at trial 1: 26.955000
28136	[1]	:	RT and choice to catch Q at trial 1: 0.821000, 31
28172	[36]	:	Fixation at trial 2: 28.152000
28694	[522]	:	Object at trial 2: 28.674000
32218	[3524]	:	Fixation at trial 2: 32.198000
32740	[522]	:	Catch Stim at trial 2: 32.721000
36266	[3526]	:	Catch Q at trial 2: 32.721000
36967	[701]	:	Key	31	DOWN	at	36967   
38246	[1279]	:	Respose to catch Q at trial 2: 36.973000
38247	[1]	:	RT and choice to catch Q at trial 2: 0.727000, 31
38279	[32]	:	Fixation at trial 3: 38.259000
38802	[523]	:	Object at trial 3: 38.782000
42325	[3523]	:	Fixation at trial 3: 42.305000
42847	[522]	:	Catch Stim at trial 3: 42.827000
46373	[3526]	:	Catch Q at trial 3: 42.827000
47098	[725]	:	Key	31	DOWN	at	47098   
48353	[1255]	:	Respose to catch Q at trial 3: 47.104000
48354	[1]	:	RT and choice to catch Q at trial 3: 0.751000, 31
48382	[28]	:	Fixation at trial 4: 48.362000
48904	[522]	:	Object at trial 4: 48.884000
52427	[3523]	:	Fixation at trial 4: 52.407000
52948	[521]	:	Catch Stim at trial 4: 52.928000
56473	[3525]	:	Catch Q at trial 4: 52.928000
57139	[666]	:	Key	29	DOWN	at	57139   
58453	[1314]	:	Respose to catch Q at trial 4: 57.144000
58454	[1]	:	RT and choice to catch Q at trial 4: 0.691000, 29
58482	[28]	:	Fixation at trial 5: 58.462000
59004	[522]	:	Object at trial 5: 58.984000
62527	[3523]	:	Fixation at trial 5: 62.507000
63050	[523]	:	Catch Stim at trial 5: 63.030000
66576	[3526]	:	Catch Q at trial 5: 63.030000
67379	[803]	:	Key	31	DOWN	at	67379   
68556	[1177]	:	Respose to catch Q at trial 5: 67.384000
68557	[1]	:	RT and choice to catch Q at trial 5: 0.828000, 31
68585	[28]	:	Fixation at trial 6: 68.565000
69107	[522]	:	Object at trial 6: 69.087000
72630	[3523]	:	Fixation at trial 6: 72.610000
73152	[522]	:	Catch Stim at trial 6: 73.132000
76677	[3525]	:	Catch Q at trial 6: 73.132000
77375	[698]	:	Key	29	DOWN	at	77375   
78657	[1282]	:	Respose to catch Q at trial 6: 77.380000
78658	[1]	:	RT and choice to catch Q at trial 6: 0.723000, 29
78685	[27]	:	Fixation at trial 7: 78.665000
79207	[522]	:	Object at trial 7: 79.187000
82730	[3523]	:	Fixation at trial 7: 82.710000
83253	[523]	:	Catch Stim at trial 7: 83.233000
86778	[3525]	:	Catch Q at trial 7: 83.233000
87760	[982]	:	Key	31	DOWN	at	87760   
88758	[998]	:	Respose to catch Q at trial 7: 87.766000
88759	[1]	:	RT and choice to catch Q at trial 7: 1.008000, 31
88785	[26]	:	Fixation at trial 8: 88.765000
89308	[523]	:	Object at trial 8: 89.288000
92831	[3523]	:	Fixation at trial 8: 92.811000
93354	[523]	:	Catch Stim at trial 8: 93.334000
96879	[3525]	:	Catch Q at trial 8: 93.334000
97566	[687]	:	Key	29	DOWN	at	97566   
98859	[1293]	:	Respose to catch Q at trial 8: 97.572000
98860	[1]	:	RT and choice to catch Q at trial 8: 0.713000, 29
98885	[25]	:	Fixation at trial 9: 98.865000
99407	[522]	:	Object at trial 9: 99.387000
102930	[3523]	:	Fixation at trial 9: 102.910000
103453	[523]	:	Catch Stim at trial 9: 103.433000
106979	[3526]	:	Catch Q at trial 9: 103.433000
107891	[912]	:	Key	31	DOWN	at	107891  
108959	[1068]	:	Respose to catch Q at trial 9: 107.897000
108960	[1]	:	RT and choice to catch Q at trial 9: 0.938000, 31
108984	[24]	:	Fixation at trial 10: 108.964000
109506	[522]	:	Object at trial 10: 109.486000
113029	[3523]	:	Fixation at trial 10: 113.009000
113552	[523]	:	Catch Stim at trial 10: 113.532000
117077	[3525]	:	Catch Q at trial 10: 113.532000
117622	[545]	:	Key	31	DOWN	at	117622  
119057	[1435]	:	Respose to catch Q at trial 10: 117.628000
119058	[1]	:	RT and choice to catch Q at trial 10: 0.571000, 31
119082	[24]	:	Fixation at trial 11: 119.062000
119605	[523]	:	Object at trial 11: 119.585000
123128	[3523]	:	Fixation at trial 11: 123.108000
123650	[522]	:	Catch Stim at trial 11: 123.630000
127175	[3525]	:	Catch Q at trial 11: 123.630000
127754	[579]	:	Key	31	DOWN	at	127754  
129155	[1401]	:	Respose to catch Q at trial 11: 127.759000
129156	[1]	:	RT and choice to catch Q at trial 11: 0.604000, 31
129180	[24]	:	Fixation at trial 12: 129.160000
129701	[521]	:	Object at trial 12: 129.682000
133223	[3522]	:	Fixation at trial 12: 133.203000
133745	[522]	:	Catch Stim at trial 12: 133.725000
137270	[3525]	:	Catch Q at trial 12: 133.725000
138009	[739]	:	Key	29	DOWN	at	138009  
139250	[1241]	:	Respose to catch Q at trial 12: 138.015000
139250	[0]	:	RT and choice to catch Q at trial 12: 0.765000, 29
139275	[25]	:	Fixation at trial 13: 139.255000
139797	[522]	:	Object at trial 13: 139.777000
143320	[3523]	:	Fixation at trial 13: 143.300000
143842	[522]	:	Catch Stim at trial 13: 143.822000
147368	[3526]	:	Catch Q at trial 13: 143.822000
148162	[794]	:	Key	31	DOWN	at	148162  
149348	[1186]	:	Respose to catch Q at trial 13: 148.168000
149349	[1]	:	RT and choice to catch Q at trial 13: 0.820000, 31
149373	[24]	:	Fixation at trial 14: 149.353000
149895	[522]	:	Object at trial 14: 149.875000
153418	[3523]	:	Fixation at trial 14: 153.398000
153941	[523]	:	Catch Stim at trial 14: 153.921000
157467	[3526]	:	Catch Q at trial 14: 153.921000
158187	[720]	:	Key	31	DOWN	at	158187  
159447	[1260]	:	Respose to catch Q at trial 14: 158.193000
159448	[1]	:	RT and choice to catch Q at trial 14: 0.746000, 31
159472	[24]	:	Fixation at trial 15: 159.452000
159994	[522]	:	Object at trial 15: 159.974000
163517	[3523]	:	Fixation at trial 15: 163.497000
164039	[522]	:	Catch Stim at trial 15: 164.019000
167564	[3525]	:	Catch Q at trial 15: 164.019000
168573	[1009]	:	Key	29	DOWN	at	168573  
169544	[971]	:	Respose to catch Q at trial 15: 168.579000
169545	[1]	:	RT and choice to catch Q at trial 15: 1.035000, 29
169569	[24]	:	Fixation at trial 16: 169.549000
170092	[523]	:	Object at trial 16: 170.072000
173615	[3523]	:	Fixation at trial 16: 173.595000
174136	[521]	:	Catch Stim at trial 16: 174.116000
177661	[3525]	:	Catch Q at trial 16: 174.116000
178353	[692]	:	Key	29	DOWN	at	178353  
179641	[1288]	:	Respose to catch Q at trial 16: 178.359000
179642	[1]	:	RT and choice to catch Q at trial 16: 0.718000, 29
179666	[24]	:	Fixation at trial 17: 179.646000
180188	[522]	:	Object at trial 17: 180.168000
183711	[3523]	:	Fixation at trial 17: 183.691000
184233	[522]	:	Catch Stim at trial 17: 184.213000
187758	[3525]	:	Catch Q at trial 17: 184.213000
188384	[626]	:	Key	31	DOWN	at	188384  
189738	[1354]	:	Respose to catch Q at trial 17: 188.390000
189738	[0]	:	RT and choice to catch Q at trial 17: 0.652000, 31
189763	[25]	:	Fixation at trial 18: 189.743000
190285	[522]	:	Object at trial 18: 190.265000
193808	[3523]	:	Fixation at trial 18: 193.788000
194330	[522]	:	Catch Stim at trial 18: 194.310000
197855	[3525]	:	Catch Q at trial 18: 194.310000
198555	[700]	:	Key	31	DOWN	at	198555  
199835	[1280]	:	Respose to catch Q at trial 18: 198.561000
199835	[0]	:	RT and choice to catch Q at trial 18: 0.726000, 31
199860	[25]	:	Fixation at trial 19: 199.840000
200383	[523]	:	Object at trial 19: 200.363000
203906	[3523]	:	Fixation at trial 19: 203.886000
204428	[522]	:	Catch Stim at trial 19: 204.408000
207954	[3526]	:	Catch Q at trial 19: 204.408000
208470	[516]	:	Key	31	DOWN	at	208470  
209934	[1464]	:	Respose to catch Q at trial 19: 208.475000
209934	[0]	:	RT and choice to catch Q at trial 19: 0.541000, 31
209959	[25]	:	Fixation at trial 20: 209.939000
210481	[522]	:	Object at trial 20: 210.461000
214004	[3523]	:	Fixation at trial 20: 213.984000
214526	[522]	:	Catch Stim at trial 20: 214.506000
218052	[3526]	:	Catch Q at trial 20: 214.506000
218851	[799]	:	Key	29	DOWN	at	218851  
220032	[1181]	:	Respose to catch Q at trial 20: 218.858000
220033	[1]	:	RT and choice to catch Q at trial 20: 0.826000, 29
220057	[24]	:	Fixation at trial 21: 220.037000
220579	[522]	:	Object at trial 21: 220.559000
224102	[3523]	:	Fixation at trial 21: 224.082000
224624	[522]	:	Catch Stim at trial 21: 224.604000
228149	[3525]	:	Catch Q at trial 21: 224.604000
228731	[582]	:	Key	29	DOWN	at	228731  
230129	[1398]	:	Respose to catch Q at trial 21: 228.736000
230129	[0]	:	RT and choice to catch Q at trial 21: 0.607000, 29
230154	[25]	:	Fixation at trial 22: 230.134000
230676	[522]	:	Object at trial 22: 230.656000
234200	[3524]	:	Fixation at trial 22: 234.180000
234722	[522]	:	Catch Stim at trial 22: 234.702000
238247	[3525]	:	Catch Q at trial 22: 234.702000
238837	[590]	:	Key	29	DOWN	at	238837  
240227	[1390]	:	Respose to catch Q at trial 22: 238.842000
240227	[0]	:	RT and choice to catch Q at trial 22: 0.615000, 29
240252	[25]	:	Fixation at trial 23: 240.232000
240774	[522]	:	Object at trial 23: 240.754000
244297	[3523]	:	Fixation at trial 23: 244.277000
244819	[522]	:	Catch Stim at trial 23: 244.799000
248344	[3525]	:	Catch Q at trial 23: 244.799000
249133	[789]	:	Key	29	DOWN	at	249133  
250324	[1191]	:	Respose to catch Q at trial 23: 249.139000
250324	[0]	:	RT and choice to catch Q at trial 23: 0.815000, 29
250349	[25]	:	Fixation at trial 24: 250.329000
250871	[522]	:	Object at trial 24: 250.851000
254394	[3523]	:	Fixation at trial 24: 254.374000
254916	[522]	:	Catch Stim at trial 24: 254.896000
258442	[3526]	:	Catch Q at trial 24: 254.896000
258973	[531]	:	Key	29	DOWN	at	258973  
260423	[1450]	:	Respose to catch Q at trial 24: 258.978000
260423	[0]	:	RT and choice to catch Q at trial 24: 0.556000, 29
260447	[24]	:	Fixation at trial 25: 260.427000
260969	[522]	:	Object at trial 25: 260.949000
264492	[3523]	:	Fixation at trial 25: 264.472000
265014	[522]	:	Catch Stim at trial 25: 264.994000
268539	[3525]	:	Catch Q at trial 25: 264.994000
269589	[1050]	:	Key	31	DOWN	at	269589  
270519	[930]	:	Respose to catch Q at trial 25: 269.595000
270519	[0]	:	RT and choice to catch Q at trial 25: 1.076000, 31
270544	[25]	:	Fixation at trial 26: 270.524000
271066	[522]	:	Object at trial 26: 271.046000
274589	[3523]	:	Fixation at trial 26: 274.569000
275110	[521]	:	Catch Stim at trial 26: 275.090000
278635	[3525]	:	Catch Q at trial 26: 275.090000
279149	[514]	:	Key	29	DOWN	at	279149  
280615	[1466]	:	Respose to catch Q at trial 26: 279.155000
280615	[0]	:	RT and choice to catch Q at trial 26: 0.540000, 29
280640	[25]	:	Fixation at trial 27: 280.620000
281162	[522]	:	Object at trial 27: 281.142000
284685	[3523]	:	Fixation at trial 27: 284.665000
285207	[522]	:	Catch Stim at trial 27: 285.187000
288733	[3526]	:	Catch Q at trial 27: 285.187000
289225	[492]	:	Key	31	DOWN	at	289225  
290713	[1488]	:	Respose to catch Q at trial 27: 289.230000
290713	[0]	:	RT and choice to catch Q at trial 27: 0.517000, 31
290738	[25]	:	Fixation at trial 28: 290.718000
291260	[522]	:	Object at trial 28: 291.240000
294783	[3523]	:	Fixation at trial 28: 294.763000
295306	[523]	:	Catch Stim at trial 28: 295.286000
298832	[3526]	:	Catch Q at trial 28: 295.286000
299470	[638]	:	Key	29	DOWN	at	299470  
300812	[1342]	:	Respose to catch Q at trial 28: 299.476000
300812	[0]	:	RT and choice to catch Q at trial 28: 0.664000, 29
300837	[25]	:	Fixation at trial 29: 300.817000
301359	[522]	:	Object at trial 29: 301.339000
304882	[3523]	:	Fixation at trial 29: 304.862000
305404	[522]	:	Catch Stim at trial 29: 305.384000
308930	[3526]	:	Catch Q at trial 29: 305.384000
309546	[616]	:	Key	31	DOWN	at	309546  
310910	[1364]	:	Respose to catch Q at trial 29: 309.551000
310910	[0]	:	RT and choice to catch Q at trial 29: 0.641000, 31
310935	[25]	:	Fixation at trial 30: 310.915000
311457	[522]	:	Object at trial 30: 311.437000
314980	[3523]	:	Fixation at trial 30: 314.960000
315502	[522]	:	Catch Stim at trial 30: 315.482000
319028	[3526]	:	Catch Q at trial 30: 315.482000
319722	[694]	:	Key	31	DOWN	at	319722  
321008	[1286]	:	Respose to catch Q at trial 30: 319.728000
321009	[1]	:	RT and choice to catch Q at trial 30: 0.720000, 31
321033	[24]	:	Fixation at trial 31: 321.013000
321556	[523]	:	Object at trial 31: 321.536000
325079	[3523]	:	Fixation at trial 31: 325.059000
325601	[522]	:	Catch Stim at trial 31: 325.581000
329127	[3526]	:	Catch Q at trial 31: 325.581000
329742	[615]	:	Key	29	DOWN	at	329742  
331107	[1365]	:	Respose to catch Q at trial 31: 329.748000
331107	[0]	:	RT and choice to catch Q at trial 31: 0.641000, 29
331132	[25]	:	Fixation at trial 32: 331.112000
331654	[522]	:	Object at trial 32: 331.634000
335177	[3523]	:	Fixation at trial 32: 335.157000
335699	[522]	:	Catch Stim at trial 32: 335.679000
339225	[3526]	:	Catch Q at trial 32: 335.679000
340328	[1103]	:	Key	31	DOWN	at	340328  
341205	[877]	:	Respose to catch Q at trial 32: 340.334000
341205	[0]	:	RT and choice to catch Q at trial 32: 1.129000, 31
341230	[25]	:	Fixation at trial 33: 341.210000
341752	[522]	:	Object at trial 33: 341.732000
345275	[3523]	:	Fixation at trial 33: 345.255000
345797	[522]	:	Catch Stim at trial 33: 345.777000
349322	[3525]	:	Catch Q at trial 33: 345.777000
350193	[871]	:	Key	29	DOWN	at	350193  
351302	[1109]	:	Respose to catch Q at trial 33: 350.199000
351302	[0]	:	RT and choice to catch Q at trial 33: 0.897000, 29
351327	[25]	:	Fixation at trial 34: 351.307000
351849	[522]	:	Object at trial 34: 351.829000
355372	[3523]	:	Fixation at trial 34: 355.352000
355895	[523]	:	Catch Stim at trial 34: 355.875000
359420	[3525]	:	Catch Q at trial 34: 355.875000
360094	[674]	:	Key	29	DOWN	at	360094  
361400	[1306]	:	Respose to catch Q at trial 34: 360.100000
361400	[0]	:	RT and choice to catch Q at trial 34: 0.700000, 29
361425	[25]	:	Fixation at trial 35: 361.405000
361947	[522]	:	Object at trial 35: 361.927000
365470	[3523]	:	Fixation at trial 35: 365.450000
365992	[522]	:	Catch Stim at trial 35: 365.972000
369517	[3525]	:	Catch Q at trial 35: 365.972000
370199	[682]	:	Key	29	DOWN	at	370199  
371497	[1298]	:	Respose to catch Q at trial 35: 370.205000
371497	[0]	:	RT and choice to catch Q at trial 35: 0.708000, 29
371522	[25]	:	Fixation at trial 36: 371.502000
372044	[522]	:	Object at trial 36: 372.024000
375567	[3523]	:	Fixation at trial 36: 375.547000
376092	[525]	:	Catch Stim at trial 36: 376.069000
379617	[3525]	:	Catch Q at trial 36: 376.069000
380361	[744]	:	Key	31	DOWN	at	380361  
381597	[1236]	:	Respose to catch Q at trial 36: 380.366000
381597	[0]	:	RT and choice to catch Q at trial 36: 0.769000, 31
381622	[25]	:	Fixation at trial 37: 381.602000
382144	[522]	:	Object at trial 37: 382.124000
385667	[3523]	:	Fixation at trial 37: 385.647000
386189	[522]	:	Catch Stim at trial 37: 386.169000
389714	[3525]	:	Catch Q at trial 37: 386.169000
391002	[1288]	:	Key	29	DOWN	at	391002  
391694	[692]	:	Respose to catch Q at trial 37: 391.008000
391694	[0]	:	RT and choice to catch Q at trial 37: 1.314000, 29
391719	[25]	:	Fixation at trial 38: 391.699000
392241	[522]	:	Object at trial 38: 392.221000
395764	[3523]	:	Fixation at trial 38: 395.744000
396286	[522]	:	Catch Stim at trial 38: 396.266000
399811	[3525]	:	Catch Q at trial 38: 396.266000
400427	[616]	:	Key	29	DOWN	at	400427  
401791	[1364]	:	Respose to catch Q at trial 38: 400.433000
401791	[0]	:	RT and choice to catch Q at trial 38: 0.642000, 29
401816	[25]	:	Fixation at trial 39: 401.796000
402338	[522]	:	Object at trial 39: 402.318000
405861	[3523]	:	Fixation at trial 39: 405.841000
406383	[522]	:	Catch Stim at trial 39: 406.363000
409908	[3525]	:	Catch Q at trial 39: 406.363000
411253	[1345]	:	Key	29	DOWN	at	411253  
411888	[635]	:	Respose to catch Q at trial 39: 411.259000
411889	[1]	:	RT and choice to catch Q at trial 39: 1.371000, 29
411913	[24]	:	Fixation at trial 40: 411.893000
412435	[522]	:	Object at trial 40: 412.415000
415958	[3523]	:	Fixation at trial 40: 415.938000
416480	[522]	:	Catch Stim at trial 40: 416.460000
420005	[3525]	:	Catch Q at trial 40: 416.460000
420603	[598]	:	Key	29	DOWN	at	420603  
421985	[1382]	:	Respose to catch Q at trial 40: 420.608000
421985	[0]	:	RT and choice to catch Q at trial 40: 0.623000, 29
422010	[25]	:	Fixation at trial 41: 421.990000
422532	[522]	:	Object at trial 41: 422.512000
4