Cog2000 log file Fri Nov 22 13:24:08 2019
gprim v1.29 Compiled:Feb  1 2010 (GLib DirectDraw v7 DX10.0 Compiled:Feb  1 2010)
Display:1024x768x32 59.81Hz
CogInput v1.05 Compiled: May 20 2010
0	[0]	:	COGENT START
1077	[1077]	:	Key	31	DOWN	at	1077    
1287	[210]	:	Key	31	UP	at	1287    
1862	[575]	:	Key	29	DOWN	at	1862    
2092	[230]	:	Key	29	UP	at	2092    
23368	[21276]	:	Key	71	DOWN	at	23368   
23420	[52]	:	Fixation at trial 1: 23.400000
23946	[526]	:	Object at trial 1: 23.926000
27469	[3523]	:	Fixation at trial 1: 27.449000
27995	[526]	:	Catch Stim at trial 1: 27.975000
31524	[3529]	:	Catch Q at trial 1: 27.975000
32188	[664]	:	Key	29	DOWN	at	32188   
33504	[1316]	:	Respose to catch Q at trial 1: 32.194000
33505	[1]	:	RT and choice to catch Q at trial 1: 0.690000, 29
33533	[28]	:	Fixation at trial 2: 33.513000
34056	[523]	:	Object at trial 2: 34.036000
37579	[3523]	:	Fixation at trial 2: 37.559000
38101	[522]	:	Catch Stim at trial 2: 38.081000
41626	[3525]	:	Catch Q at trial 2: 38.081000
42384	[758]	:	Key	31	DOWN	at	42384   
43606	[1222]	:	Respose to catch Q at trial 2: 42.391000
43606	[0]	:	RT and choice to catch Q at trial 2: 0.785000, 31
43635	[29]	:	Fixation at trial 3: 43.615000
44157	[522]	:	Object at trial 3: 44.137000
47680	[3523]	:	Fixation at trial 3: 47.660000
48202	[522]	:	Catch Stim at trial 3: 48.182000
51727	[3525]	:	Catch Q at trial 3: 48.182000
52694	[967]	:	Key	31	DOWN	at	52694   
53707	[1013]	:	Respose to catch Q at trial 3: 52.700000
53707	[0]	:	RT and choice to catch Q at trial 3: 0.993000, 31
53732	[25]	:	Fixation at trial 4: 53.712000
54254	[522]	:	Object at trial 4: 54.234000
57777	[3523]	:	Fixation at trial 4: 57.757000
58299	[522]	:	Catch Stim at trial 4: 58.279000
61824	[3525]	:	Catch Q at trial 4: 58.279000
62815	[991]	:	Key	29	DOWN	at	62815   
63804	[989]	:	Respose to catch Q at trial 4: 62.821000
63804	[0]	:	RT and choice to catch Q at trial 4: 1.017000, 29
63829	[25]	:	Fixation at trial 5: 63.809000
64351	[522]	:	Object at trial 5: 64.332000
67875	[3524]	:	Fixation at trial 5: 67.855000
68398	[523]	:	Catch Stim at trial 5: 68.378000
71923	[3525]	:	Catch Q at trial 5: 68.378000
72821	[898]	:	Key	31	DOWN	at	72821   
73903	[1082]	:	Respose to catch Q at trial 5: 72.827000
73903	[0]	:	RT and choice to catch Q at trial 5: 0.924000, 31
73928	[25]	:	Fixation at trial 6: 73.908000
74450	[522]	:	Object at trial 6: 74.430000
77973	[3523]	:	Fixation at trial 6: 77.953000
78495	[522]	:	Catch Stim at trial 6: 78.475000
82020	[3525]	:	Catch Q at trial 6: 78.475000
83396	[1376]	:	Key	29	DOWN	at	83396   
84000	[604]	:	Respose to catch Q at trial 6: 83.402000
84000	[0]	:	RT and choice to catch Q at trial 6: 1.402000, 29
84025	[25]	:	Fixation at trial 7: 84.005000
84547	[522]	:	Object at trial 7: 84.527000
88070	[3523]	:	Fixation at trial 7: 88.050000
88592	[522]	:	Catch Stim at trial 7: 88.572000
92118	[3526]	:	Catch Q at trial 7: 88.572000
92927	[809]	:	Key	31	DOWN	at	92927   
94098	[1171]	:	Respose to catch Q at trial 7: 92.933000
94098	[0]	:	RT and choice to catch Q at trial 7: 0.835000, 31
94123	[25]	:	Fixation at trial 8: 94.103000
94645	[522]	:	Object at trial 8: 94.625000
98168	[3523]	:	Fixation at trial 8: 98.148000
98690	[522]	:	Catch Stim at trial 8: 98.670000
102216	[3526]	:	Catch Q at trial 8: 98.670000
102907	[691]	:	Key	29	DOWN	at	102907  
104196	[1289]	:	Respose to catch Q at trial 8: 102.913000
104196	[0]	:	RT and choice to catch Q at trial 8: 0.717000, 29
104221	[25]	:	Fixation at trial 9: 104.201000
104743	[522]	:	Object at trial 9: 104.723000
108266	[3523]	:	Fixation at trial 9: 108.246000
108788	[522]	:	Catch Stim at trial 9: 108.768000
112314	[3526]	:	Catch Q at trial 9: 108.768000
113053	[739]	:	Key	31	DOWN	at	113053  
114294	[1241]	:	Respose to catch Q at trial 9: 113.058000
114294	[0]	:	RT and choice to catch Q at trial 9: 0.764000, 31
114319	[25]	:	Fixation at trial 10: 114.299000
114841	[522]	:	Object at trial 10: 114.821000
118364	[3523]	:	Fixation at trial 10: 118.344000
118886	[522]	:	Catch Stim at trial 10: 118.866000
122411	[3525]	:	Catch Q at trial 10: 118.866000
123079	[668]	:	Key	31	DOWN	at	123079  
124391	[1312]	:	Respose to catch Q at trial 10: 123.085000
124391	[0]	:	RT and choice to catch Q at trial 10: 0.694000, 31
124416	[25]	:	Fixation at trial 11: 124.396000
124938	[522]	:	Object at trial 11: 124.918000
128461	[3523]	:	Fixation at trial 11: 128.441000
128983	[522]	:	Catch Stim at trial 11: 128.963000
132509	[3526]	:	Catch Q at trial 11: 128.963000
133239	[730]	:	Key	29	DOWN	at	133239  
134489	[1250]	:	Respose to catch Q at trial 11: 133.245000
134489	[0]	:	RT and choice to catch Q at trial 11: 0.756000, 29
134514	[25]	:	Fixation at trial 12: 134.494000
135036	[522]	:	Object at trial 12: 135.016000
138559	[3523]	:	Fixation at trial 12: 138.539000
139081	[522]	:	Catch Stim at trial 12: 139.061000
142606	[3525]	:	Catch Q at trial 12: 139.061000
143530	[924]	:	Key	29	DOWN	at	143530  
144586	[1056]	:	Respose to catch Q at trial 12: 143.536000
144586	[0]	:	RT and choice to catch Q at trial 12: 0.950000, 29
144611	[25]	:	Fixation at trial 13: 144.591000
145133	[522]	:	Object at trial 13: 145.113000
148656	[3523]	:	Fixation at trial 13: 148.636000
149179	[523]	:	Catch Stim at trial 13: 149.159000
152704	[3525]	:	Catch Q at trial 13: 149.159000
153525	[821]	:	Key	29	DOWN	at	153525  
154684	[1159]	:	Respose to catch Q at trial 13: 153.531000
154684	[0]	:	RT and choice to catch Q at trial 13: 0.847000, 29
154709	[25]	:	Fixation at trial 14: 154.689000
155231	[522]	:	Object at trial 14: 155.211000
158754	[3523]	:	Fixation at trial 14: 158.734000
159276	[522]	:	Catch Stim at trial 14: 159.256000
162802	[3526]	:	Catch Q at trial 14: 159.256000
163361	[559]	:	Key	29	DOWN	at	163361  
164782	[1421]	:	Respose to catch Q at trial 14: 163.367000
164782	[0]	:	RT and choice to catch Q at trial 14: 0.585000, 29
164807	[25]	:	Fixation at trial 15: 164.787000
165329	[522]	:	Object at trial 15: 165.309000
168852	[3523]	:	Fixation at trial 15: 168.832000
169375	[523]	:	Catch Stim at trial 15: 169.355000
172901	[3526]	:	Catch Q at trial 15: 169.355000
173561	[660]	:	Key	29	DOWN	at	173561  
174881	[1320]	:	Respose to catch Q at trial 15: 173.567000
174881	[0]	:	RT and choice to catch Q at trial 15: 0.686000, 29
174906	[25]	:	Fixation at trial 16: 174.886000
175429	[523]	:	Object at trial 16: 175.409000
178952	[3523]	:	Fixation at trial 16: 178.932000
179475	[523]	:	Catch Stim at trial 16: 179.455000
183001	[3526]	:	Catch Q at trial 16: 179.455000
183692	[691]	:	Key	31	DOWN	at	183692  
184981	[1289]	:	Respose to catch Q at trial 16: 183.698000
184981	[0]	:	RT and choice to catch Q at trial 16: 0.717000, 31
185007	[26]	:	Fixation at trial 17: 184.987000
185529	[522]	:	Object at trial 17: 185.509000
189052	[3523]	:	Fixation at trial 17: 189.032000
189574	[522]	:	Catch Stim at trial 17: 189.554000
193100	[3526]	:	Catch Q at trial 17: 189.554000
194493	[1393]	:	Key	29	DOWN	at	194493  
195080	[587]	:	Respose to catch Q at trial 17: 194.499000
195080	[0]	:	RT and choice to catch Q at trial 17: 1.419000, 29
195105	[25]	:	Fixation at trial 18: 195.085000
195627	[522]	:	Object at trial 18: 195.607000
199150	[3523]	:	Fixation at trial 18: 199.130000
199672	[522]	:	Catch Stim at trial 18: 199.652000
203197	[3525]	:	Catch Q at trial 18: 199.652000
203948	[751]	:	Key	31	DOWN	at	203948  
205177	[1229]	:	Respose to catch Q at trial 18: 203.953000
205177	[0]	:	RT and choice to catch Q at trial 18: 0.776000, 31
205202	[25]	:	Fixation at trial 19: 205.182000
205724	[522]	:	Object at trial 19: 205.704000
209247	[3523]	:	Fixation at trial 19: 209.227000
209769	[522]	:	Catch Stim at trial 19: 209.749000
213294	[3525]	:	Catch Q at trial 19: 209.749000
214024	[730]	:	Key	29	DOWN	at	214024  
215274	[1250]	:	Respose to catch Q at trial 19: 214.030000
215274	[0]	:	RT and choice to catch Q at trial 19: 0.756000, 29
215299	[25]	:	Fixation at trial 20: 215.279000
215822	[523]	:	Object at trial 20: 215.802000
219345	[3523]	:	Fixation at trial 20: 219.325000
219867	[522]	:	Catch Stim at trial 20: 219.847000
223392	[3525]	:	Catch Q at trial 20: 219.847000
224049	[657]	:	Key	29	DOWN	at	224049  
225372	[1323]	:	Respose to catch Q at trial 20: 224.054000
225373	[1]	:	RT and choice to catch Q at trial 20: 0.682000, 29
225397	[24]	:	Fixation at trial 21: 225.377000
225919	[522]	:	Object at trial 21: 225.899000
229442	[3523]	:	Fixation at trial 21: 229.422000
229963	[521]	:	Catch Stim at trial 21: 229.943000
233488	[3525]	:	Catch Q at trial 21: 229.943000
234320	[832]	:	Key	31	DOWN	at	234320  
235468	[1148]	:	Respose to catch Q at trial 21: 234.326000
235468	[0]	:	RT and choice to catch Q at trial 21: 0.858000, 31
235493	[25]	:	Fixation at trial 22: 235.473000
236015	[522]	:	Object at trial 22: 235.995000
239538	[3523]	:	Fixation at trial 22: 239.518000
240060	[522]	:	Catch Stim at trial 22: 240.040000
243585	[3525]	:	Catch Q at trial 22: 240.040000
244245	[660]	:	Key	31	DOWN	at	244245  
245565	[1320]	:	Respose to catch Q at trial 22: 244.250000
245565	[0]	:	RT and choice to catch Q at trial 22: 0.685000, 31
245590	[25]	:	Fixation at trial 23: 245.570000
246112	[522]	:	Object at trial 23: 246.092000
249635	[3523]	:	Fixation at trial 23: 249.615000
250157	[522]	:	Catch Stim at trial 23: 250.137000
253682	[3525]	:	Catch Q at trial 23: 250.137000
254546	[864]	:	Key	29	DOWN	at	254546  
255662	[1116]	:	Respose to catch Q at trial 23: 254.552000
255662	[0]	:	RT and choice to catch Q at trial 23: 0.890000, 29
255687	[25]	:	Fixation at trial 24: 255.667000
256209	[522]	:	Object at trial 24: 256.189000
259732	[3523]	:	Fixation at trial 24: 259.712000
260253	[521]	:	Catch Stim at trial 24: 260.233000
263777	[3524]	:	Catch Q at trial 24: 260.233000
264402	[625]	:	Key	31	DOWN	at	264402  
265757	[1355]	:	Respose to catch Q at trial 24: 264.408000
265757	[0]	:	RT and choice to catch Q at trial 24: 0.651000, 31
265782	[25]	:	Fixation at trial 25: 265.762000
266304	[522]	:	Object at trial 25: 266.284000
269827	[3523]	:	Fixation at trial 25: 269.807000
270356	[529]	:	Catch Stim at trial 25: 270.336000
273881	[3525]	:	Catch Q at trial 25: 270.336000
274493	[612]	:	Key	31	DOWN	at	274493  
275861	[1368]	:	Respose to catch Q at trial 25: 274.499000
275861	[0]	:	RT and choice to catch Q at trial 25: 0.638000, 31
275886	[25]	:	Fixation at trial 26: 275.866000
276409	[523]	:	Object at trial 26: 276.389000
279932	[3523]	:	Fixation at trial 26: 279.912000
280453	[521]	:	Catch Stim at trial 26: 280.433000
283978	[3525]	:	Catch Q at trial 26: 280.433000
284804	[826]	:	Key	29	DOWN	at	284804  
285958	[1154]	:	Respose to catch Q at trial 26: 284.810000
285958	[0]	:	RT and choice to catch Q at trial 26: 0.852000, 29
285983	[25]	:	Fixation at trial 27: 285.963000
286505	[522]	:	Object at trial 27: 286.485000
290028	[3523]	:	Fixation at trial 27: 290.008000
290550	[522]	:	Catch Stim at trial 27: 290.530000
294075	[3525]	:	Catch Q at trial 27: 290.530000
294739	[664]	:	Key	29	DOWN	at	294739  
296055	[1316]	:	Respose to catch Q at trial 27: 294.745000
296055	[0]	:	RT and choice to catch Q at trial 27: 0.690000, 29
296080	[25]	:	Fixation at trial 28: 296.060000
296602	[522]	:	Object at trial 28: 296.582000
300125	[3523]	:	Fixation at trial 28: 300.105000
300647	[522]	:	Catch Stim at trial 28: 300.627000
304172	[3525]	:	Catch Q at trial 28: 300.627000
305195	[1023]	:	Key	31	DOWN	at	305195  
306152	[957]	:	Respose to catch Q at trial 28: 305.201000
306152	[0]	:	RT and choice to catch Q at trial 28: 1.049000, 31
306177	[25]	:	Fixation at trial 29: 306.157000
306699	[522]	:	Object at trial 29: 306.679000
310222	[3523]	:	Fixation at trial 29: 310.202000
310744	[522]	:	Catch Stim at trial 29: 310.724000
314269	[3525]	:	Catch Q at trial 29: 310.724000
315035	[766]	:	Key	29	DOWN	at	315035  
316249	[1214]	:	Respose to catch Q at trial 29: 315.041000
316249	[0]	:	RT and choice to catch Q at trial 29: 0.792000, 29
316274	[25]	:	Fixation at trial 30: 316.254000
316796	[522]	:	Object at trial 30: 316.776000
320319	[3523]	:	Fixation at trial 30: 320.299000
320841	[522]	:	Catch Stim at trial 30: 320.821000
324366	[3525]	:	Catch Q at trial 30: 320.821000
326390	[2024]	:	Respose to catch Q at trial 30: 325.870000
326391	[1]	:	RT and choice to catch Q at trial 30: 1.524000, 0
326421	[30]	:	Fixation at trial 31: 326.401000
326944	[523]	:	Object at trial 31: 326.924000
330468	[3524]	:	Fixation at trial 31: 330.448000
330992	[524]	:	Catch Stim at trial 31: 330.972000
334520	[3528]	:	Catch Q at trial 31: 330.972000
335417	[897]	:	Key	31	DOWN	at	335417  
336500	[1083]	:	Respose to catch Q at trial 31: 335.423000
336500	[0]	:	RT and choice to catch Q at trial 31: 0.923000, 31
336525	[25]	:	Fixation at trial 32: 336.505000
337047	[522]	:	Object at trial 32: 337.027000
340570	[3523]	:	Fixation at trial 32: 340.550000
341092	[522]	:	Catch Stim at trial 32: 341.072000
344617	[3525]	:	Catch Q at trial 32: 341.072000
345572	[955]	:	Key	31	DOWN	at	345572  
346597	[1025]	:	Respose to catch Q at trial 32: 345.578000
346597	[0]	:	RT and choice to catch Q at trial 32: 0.981000, 31
346622	[25]	:	Fixation at trial 33: 346.602000
347144	[522]	:	Object at trial 33: 347.124000
350667	[3523]	:	Fixation at trial 33: 350.647000
351189	[522]	:	Catch Stim at trial 33: 351.169000
354714	[3525]	:	Catch Q at trial 33: 351.169000
355853	[1139]	:	Key	29	DOWN	at	355853  
356694	[841]	:	Respose to catch Q at trial 33: 355.859000
356694	[0]	:	RT and choice to catch Q at trial 33: 1.165000, 29
356720	[26]	:	Fixation at trial 34: 356.700000
357243	[523]	:	Object at trial 34: 357.223000
360766	[3523]	:	Fixation at trial 34: 360.746000
361288	[522]	:	Catch Stim at trial 34: 361.268000
364813	[3525]	:	Catch Q at trial 34: 361.268000
365463	[650]	:	Key	29	DOWN	at	365463  
366793	[1330]	:	Respose to catch Q at trial 34: 365.468000
366794	[1]	:	RT and choice to catch Q at trial 34: 0.675000, 29
366818	[24]	:	Fixation at trial 35: 366.798000
367340	[522]	:	Object at trial 35: 367.320000
370863	[3523]	:	Fixation at trial 35: 370.843000
371385	[522]	:	Catch Stim at trial 35: 371.365000
374910	[3525]	:	Catch Q at trial 35: 371.365000
375624	[714]	:	Key	31	DOWN	at	375624  
376890	[1266]	:	Respose to catch Q at trial 35: 375.629000
376890	[0]	:	RT and choice to catch Q at trial 35: 0.739000, 31
376915	[25]	:	Fixation at trial 36: 376.895000
377437	[522]	:	Object at trial 36: 377.417000
380960	[3523]	:	Fixation at trial 36: 380.940000
381482	[522]	:	Catch Stim at trial 36: 381.462000
385007	[3525]	:	Catch Q at trial 36: 381.462000
385630	[623]	:	Key	29	DOWN	at	385630  
386987	[1357]	:	Respose to catch Q at trial 36: 385.635000
386987	[0]	:	RT and choice to catch Q at trial 36: 0.648000, 29
387012	[25]	:	Fixation at trial 37: 386.992000
387534	[522]	:	Object at trial 37: 387.514000
391057	[3523]	:	Fixation at trial 37: 391.037000
391578	[521]	:	Catch Stim at trial 37: 391.558000
395103	[3525]	:	Catch Q at trial 37: 391.558000
396110	[1007]	:	Key	31	DOWN	at	396110  
397083	[973]	:	Respose to catch Q at trial 37: 396.116000
397083	[0]	:	RT and choice to catch Q at trial 37: 1.033000, 31
397108	[25]	:	Fixation at trial 38: 397.088000
397630	[522]	:	Object at trial 38: 397.610000
401153	[3523]	:	Fixation at trial 38: 401.133000
401674	[521]	:	Catch Stim at trial 38: 401.654000
405199	[3525]	:	Catch Q at trial 38: 401.654000
406451	[1252]	:	Key	29	DOWN	at	406451  
407179	[728]	:	Respose to catch Q at trial 38: 406.457000
407180	[1]	:	RT and choice to catch Q at trial 38: 1.278000, 29
407204	[24]	:	Fixation at trial 39: 407.184000
407726	[522]	:	Object at trial 39: 407.706000
411249	[3523]	:	Fixation at trial 39: 411.229000
411770	[521]	:	Catch Stim at trial 39: 411.750000
415295	[3525]	:	Catch Q at trial 39: 411.750000
415881	[586]	:	Key	29	DOWN	at	415881  
417275	[1394]	:	Respose to catch Q at trial 39: 415.886000
417275	[0]	:	RT and choice to catch Q at trial 39: 0.611000, 29
417300	[25]	:	Fixation at trial 40: 417.280000
417822	[522]	:	Object at trial 40: 417.802000
421345	[3523]	:	Fixation at trial 40: 421.325000
421866	[521]	:	Catch Stim at trial 40: 421.846000
425391	[3525]	:	Catch Q at trial 40: 421.846000
426062	[671]	:	Key	31	DOWN	at	426062  
427371	[1309]	:	Respose to catch Q at trial 40: 426.067000
427371	[0]	:	RT and choice to catch Q at trial 40: 0.696000, 31
427396	[25]	:	Fixation at trial 41: 427.376000
427918	[522]	:	Object at trial 41: 427.898000
431441	[3523]	:	Fixation at