Cog2000 log file Fri Oct 11 12:12:06 2019
gprim v1.29 Compiled:Feb  1 2010 (GLib DirectDraw v7 DX10.0 Compiled:Feb  1 2010)
Display:1024x768x32 59.81Hz
CogInput v1.05 Compiled: May 20 2010
0	[0]	:	COGENT START
3085	[3085]	:	Key	30	DOWN	at	3085    
3245	[160]	:	Key	30	UP	at	3245    
3415	[170]	:	Key	28	DOWN	at	3415    
3600	[185]	:	Key	28	UP	at	3600    
30192	[26592]	:	Key	71	DOWN	at	30192   
30242	[50]	:	Fixation at trial 1: 30.222000
31266	[1024]	:	Object at trial 1: 31.245000
33298	[2032]	:	Fixation at trial 2: 33.278000
34320	[1022]	:	Object at trial 2: 34.300000
36351	[2031]	:	Fixation at trial 3: 36.331000
37373	[1022]	:	Object at trial 3: 37.353000
39399	[2026]	:	Fixation at trial 3: 39.378000
40429	[1030]	:	Catch Stim at trial 3: 40.408000
41152	[723]	:	Key	28	DOWN	at	41152   
42909	[1757]	:	Respose to catch Q at trial 3: 41.159000
42910	[1]	:	RT and choice to catch Q at trial 3: 0.751000, 28
42940	[30]	:	Fixation at trial 4: 42.920000
43962	[1022]	:	Object at trial 4: 43.942000
45991	[2029]	:	Fixation at trial 5: 45.971000
47013	[1022]	:	Object at trial 5: 46.993000
49039	[2026]	:	Fixation at trial 6: 49.019000
50061	[1022]	:	Object at trial 6: 50.041000
52087	[2026]	:	Fixation at trial 7: 52.067000
53109	[1022]	:	Object at trial 7: 53.089000
55135	[2026]	:	Fixation at trial 8: 55.115000
56157	[1022]	:	Object at trial 8: 56.137000
58181	[2024]	:	Fixation at trial 8: 58.161000
59208	[1027]	:	Catch Stim at trial 8: 59.188000
59938	[730]	:	Key	28	DOWN	at	59938   
61688	[1750]	:	Respose to catch Q at trial 8: 59.945000
61689	[1]	:	RT and choice to catch Q at trial 8: 0.757000, 28
61714	[25]	:	Fixation at trial 9: 61.694000
62736	[1022]	:	Object at trial 9: 62.716000
64762	[2026]	:	Fixation at trial 10: 64.742000
65783	[1021]	:	Object at trial 10: 65.763000
67808	[2025]	:	Fixation at trial 11: 67.788000
68829	[1021]	:	Object at trial 11: 68.809000
70853	[2024]	:	Fixation at trial 12: 70.833000
71875	[1022]	:	Object at trial 12: 71.855000
73899	[2024]	:	Fixation at trial 13: 73.879000
74921	[1022]	:	Object at trial 13: 74.901000
76945	[2024]	:	Fixation at trial 14: 76.925000
77966	[1021]	:	Object at trial 14: 77.946000
79991	[2025]	:	Fixation at trial 15: 79.971000
81012	[1021]	:	Object at trial 15: 80.992000
83037	[2025]	:	Fixation at trial 16: 83.017000
84058	[1021]	:	Object at trial 16: 84.038000
86083	[2025]	:	Fixation at trial 17: 86.063000
87104	[1021]	:	Object at trial 17: 87.084000
89129	[2025]	:	Fixation at trial 18: 89.109000
90150	[1021]	:	Object at trial 18: 90.130000
92175	[2025]	:	Fixation at trial 19: 92.155000
93196	[1021]	:	Object at trial 19: 93.176000
95221	[2025]	:	Fixation at trial 20: 95.201000
96242	[1021]	:	Object at trial 20: 96.222000
98266	[2024]	:	Fixation at trial 21: 98.246000
99287	[1021]	:	Object at trial 21: 99.267000
101311	[2024]	:	Fixation at trial 22: 101.291000
102332	[1021]	:	Object at trial 22: 102.312000
104357	[2025]	:	Fixation at trial 23: 104.337000
105378	[1021]	:	Object at trial 23: 105.358000
107402	[2024]	:	Fixation at trial 23: 107.382000
108427	[1025]	:	Catch Stim at trial 23: 108.407000
109206	[779]	:	Key	28	DOWN	at	109206  
110907	[1701]	:	Respose to catch Q at trial 23: 109.212000
110908	[1]	:	RT and choice to catch Q at trial 23: 0.805000, 28
110933	[25]	:	Fixation at trial 24: 110.913000
111954	[1021]	:	Object at trial 24: 111.934000
113978	[2024]	:	Fixation at trial 24: 113.958000
115004	[1026]	:	Catch Stim at trial 24: 114.984000
115771	[767]	:	Key	28	DOWN	at	115771  
117484	[1713]	:	Respose to catch Q at trial 24: 115.777000
117485	[1]	:	RT and choice to catch Q at trial 24: 0.793000, 28
117510	[25]	:	Fixation at trial 25: 117.490000
118531	[1021]	:	Object at trial 25: 118.511000
120555	[2024]	:	Fixation at trial 25: 120.535000
121581	[1026]	:	Catch Stim at trial 25: 121.561000
122297	[716]	:	Key	28	DOWN	at	122297  
124061	[1764]	:	Respose to catch Q at trial 25: 122.302000
124062	[1]	:	RT and choice to catch Q at trial 25: 0.741000, 28
124087	[25]	:	Fixation at trial 26: 124.067000
125109	[1022]	:	Object at trial 26: 125.089000
127133	[2024]	:	Fixation at trial 27: 127.113000
128156	[1023]	:	Object at trial 27: 128.136000
130183	[2027]	:	Fixation at trial 27: 130.162000
131209	[1026]	:	Catch Stim at trial 27: 131.189000
131868	[659]	:	Key	28	DOWN	at	131868  
133689	[1821]	:	Respose to catch Q at trial 27: 131.873000
133690	[1]	:	RT and choice to catch Q at trial 27: 0.684000, 28
133714	[24]	:	Fixation at trial 28: 133.694000
134735	[1021]	:	Object at trial 28: 134.715000
136759	[2024]	:	Fixation at trial 29: 136.739000
137781	[1022]	:	Object at trial 29: 137.761000
139805	[2024]	:	Fixation at trial 30: 139.785000
140827	[1022]	:	Object at trial 30: 140.807000
142851	[2024]	:	Fixation at trial 31: 142.831000
143873	[1022]	:	Object at trial 31: 143.853000
145897	[2024]	:	Fixation at trial 31: 145.877000
146921	[1024]	:	Catch Stim at trial 31: 146.901000
147985	[1064]	:	Key	28	DOWN	at	147985  
149401	[1416]	:	Respose to catch Q at trial 31: 147.991000
149402	[1]	:	RT and choice to catch Q at trial 31: 1.090000, 28
149426	[24]	:	Fixation at trial 32: 149.406000
150447	[1021]	:	Object at trial 32: 150.427000
152471	[2024]	:	Fixation at trial 33: 152.451000
153493	[1022]	:	Object at trial 33: 153.473000
155517	[2024]	:	Fixation at trial 34: 155.497000
156538	[1021]	:	Object at trial 34: 156.518000
158562	[2024]	:	Fixation at trial 35: 158.542000
159583	[1021]	:	Object at trial 35: 159.563000
161607	[2024]	:	Fixation at trial 36: 161.587000
162628	[1021]	:	Object at trial 36: 162.608000
164652	[2024]	:	Fixation at trial 37: 164.632000
165673	[1021]	:	Object at trial 37: 165.653000
167697	[2024]	:	Fixation at trial 37: 167.677000
168722	[1025]	:	Catch Stim at trial 37: 168.702000
169647	[925]	:	Key	28	DOWN	at	169647  
171202	[1555]	:	Respose to catch Q at trial 37: 169.653000
171203	[1]	:	RT and choice to catch Q at trial 37: 0.951000, 28
171227	[24]	:	Fixation at trial 38: 171.207000
172248	[1021]	:	Object at trial 38: 172.228000
174272	[2024]	:	Fixation at trial 39: 174.252000
175293	[1021]	:	Object at trial 39: 175.273000
177318	[2025]	:	Fixation at trial 40: 177.298000
178339	[1021]	:	Object at trial 40: 178.319000
180363	[2024]	:	Fixation at trial 40: 180.343000
181388	[1025]	:	Catch Stim at trial 40: 181.368000
182272	[884]	:	Key	28	DOWN	at	182272  
183868	[1596]	:	Respose to catch Q at trial 40: 182.278000
183868	[0]	:	RT and choice to catch Q at trial 40: 0.910000, 28
183896	[28]	:	Fixation at trial 41: 183.876000
184917	[1021]	:	Object at trial 41: 184.897000
186941	[2024]	:	Fixation at trial 42: 186.921000
187962	[1021]	:	Object at trial 42: 187.942000
189986	[2024]	:	Fixation at trial 42: 189.966000
191010	[1024]	:	Catch Stim at trial 42: 190.990000
191899	[889]	:	Key	30	DOWN	at	191899  
193490	[1591]	:	Respose to catch Q at trial 42: 191.905000
193490	[0]	:	RT and choice to catch Q at trial 42: 0.915000, 30
193515	[25]	:	Fixation at trial 43: 193.495000
194536	[1021]	:	Object at trial 43: 194.516000
196560	[2024]	:	Fixation at trial 44: 196.540000
197581	[1021]	:	Object at trial 44: 197.561000
199605	[2024]	:	Fixation at trial 44: 199.585000
200629	[1024]	:	Catch Stim at trial 44: 200.609000
201374	[745]	:	Key	30	DOWN	at	201374  
203109	[1735]	:	Respose to catch Q at trial 44: 201.380000
203109	[0]	:	RT and choice to catch Q at trial 44: 0.771000, 30
203134	[25]	:	Fixation at trial 45: 203.114000
204155	[1021]	:	Object at trial 45: 204.135000
206179	[2024]	:	Fixation at trial 46: 206.159000
207200	[1021]	:	Object at trial 46: 207.180000
209224	[2024]	:	Fixation at trial 47: 209.204000
210245	[1021]	:	Object at trial 47: 210.225000
212269	[2024]	:	Fixation at trial 47: 212.249000
213293	[1024]	:	Catch Stim at trial 47: 213.273000
213845	[552]	:	Key	30	DOWN	at	213845  
215773	[1928]	:	Respose to catch Q at trial 47: 213.850000
215773	[0]	:	RT and choice to catch Q at trial 47: 0.577000, 30
215798	[25]	:	Fixation at trial 48: 215.778000
216819	[1021]	:	Object at trial 48: 216.799000
218843	[2024]	:	Fixation at trial 49: 218.823000
219864	[1021]	:	Object at trial 49: 219.844000
221888	[2024]	:	Fixation at trial 50: 221.868000
222909	[1021]	:	Object at trial 50: 222.889000
224933	[2024]	:	Fixation at trial 51: 224.913000
225955	[1022]	:	Object at trial 51: 225.935000
227980	[2025]	:	Fixation at trial 52: 227.960000
229001	[1021]	:	Object at trial 52: 228.981000
231025	[2024]	:	Fixation at trial 53: 231.005000
232046	[1021]	:	Object at trial 53: 232.026000
234072	[2026]	:	Fixation at trial 54: 234.052000
235093	[1021]	:	Object at trial 54: 235.073000
237117	[2024]	:	Fixation at trial 55: 237.097000
238138	[1021]	:	Object at trial 55: 238.118000
240162	[2024]	:	Fixation at trial 56: 240.142000
241183	[1021]	:	Object at trial 56: 241.163000
243207	[2024]	:	Fixation at trial 57: 243.187000
244228	[1021]	:	Object at trial 57: 244.208000
246252	[2024]	:	Fixation at trial 58: 246.232000
247273	[1021]	:	Object at trial 58: 247.253000
249297	[2024]	:	Fixation at trial 59: 249.277000
250318	[1021]	:	Object at trial 59: 250.298000
252342	[2024]	:	Fixation at trial 60: 252.322000
253363	[1021]	:	Object at trial 60: 253.343000
255387	[2024]	:	Fixation at trial 61: 255.367000
256408	[1021]	:	Object at trial 61: 256.388000
258432	[2024]	:	Fixation at trial 62: 258.412000
259454	[1022]	:	Object at trial 62: 259.433000
261480	[2026]	:	Fixation at trial 62: 261.459000
262504	[1024]	:	Catch Stim at trial 62: 262.484000
263133	[629]	:	Key	30	DOWN	at	263133  
264984	[1851]	:	Respose to catch Q at trial 62: 263.139000
264984	[0]	:	RT and choice to catch Q at trial 62: 0.655000, 30
265009	[25]	:	Fixation at trial 63: 264.989000
266030	[1021]	:	Object at trial 63: 266.010000
268054	[2024]	:	Fixation at trial 64: 268.034000
269075	[1021]	:	Object at trial 64: 269.055000
271099	[2024]	:	Fixation at trial 65: 271.079000
272120	[1021]	:	Object at trial 65: 272.100000
274144	[2024]	:	Fixation at trial 66: 274.124000
275165	[1021]	:	Object at trial 66: 275.145000
277189	[2024]	:	Fixation at trial 66: 277.169000
278213	[1024]	:	Catch Stim at trial 66: 278.193000
278915	[702]	:	Key	30	DOWN	at	278915  
280693	[1778]	:	Respose to catch Q at trial 66: 278.921000
280693	[0]	:	RT and choice to catch Q at trial 66: 0.728000, 30
280718	[25]	:	Fixation at trial 67: 280.698000
281739	[1021]	:	Object at trial 67: 281.719000
283763	[2024]	:	Fixation at trial 68: 283.743000
284784	[1021]	:	Object at trial 68: 284.764000
286808	[2024]	:	Fixation at trial 69: 286.788000
287829	[1021]	:	Object at trial 69: 287.809000
289853	[2024]	:	Fixation at trial 70: 289.833000
290874	[1021]	:	Object at trial 70: 290.854000
292898	[2024]	:	Fixation at trial 71: 292.878000
293919	[1021]	:	Object at trial 71: 293.899000
295943	[2024]	:	Fixation at trial 72: 295.923000
296964	[1021]	:	Object at trial 72: 296.944000
298988	[2024]	:	Fixation at trial 73: 298.968000
300009	[1021]	:	Object at trial 73: 299.989000
302033	[2024]	:	Fixation at trial 74: 302.013000
303054	[1021]	:	Object at trial 74: 303.034000
305078	[2024]	:	Fixation at trial 75: 305.058000
306099	[1021]	:	Object at trial 75: 306.079000
308123	[2024]	:	Fixation at trial 76: 308.103000
309144	[1021]	:	Object at trial 76: 309.124000
311168	[2024]	:	Fixation at trial 77: 311.148000
312189	[1021]	:	Object at trial 77: 312.169000
314213	[2024]	:	Fixation at trial 77: 314.193000
315237	[1024]	:	Catch Stim at trial 77: 315.217000
315827	[590]	:	Key	30	DOWN	at	315827  
317717	[1890]	:	Respose to catch Q at trial 77: 315.832000
317717	[0]	:	RT and choice to catch Q at trial 77: 0.615000, 30
317742	[25]	:	Fixation at trial 78: 317.722000
318763	[1021]	:	Object at trial 78: 318.743000
320787	[2024]	:	Fixation at trial 79: 320.767000
321808	[1021]	:	Object at trial 79: 321.788000
323832	[2024]	:	Fixation at trial 80: 323.812000
324853	[1021]	:	Object at trial 80: 324.833000
326877	[2024]	:	Fixation at trial 81: 326.857000
327898	[1021]	:	Object at trial 81: 327.878000
329921	[2023]	:	Fixation at trial 81: 329.901000
330945	[1024]	:	Catch Stim at trial 81: 330.925000
332529	[1584]	:	Key	30	DOWN	at	332529  
333425	[896]	:	Respose to catch Q at trial 81: 332.535000
333425	[0]	:	RT and choice to catch Q at trial 81: 1.610000, 30
333450	[25]	:	Fixation at trial 82: 333.430000
334471	[1021]	:	Object at trial 82: