Cog2000 log file Fri Oct 11 12:50:34 2019
gprim v1.29 Compiled:Feb  1 2010 (GLib DirectDraw v7 DX10.0 Compiled:Feb  1 2010)
Display:1024x768x32 59.81Hz
CogInput v1.05 Compiled: May 20 2010
0	[0]	:	COGENT START
1076	[1076]	:	Key	30	DOWN	at	1076    
1246	[170]	:	Key	30	UP	at	1246    
1251	[5]	:	Key	28	DOWN	at	1251    
1476	[225]	:	Key	28	UP	at	1476    
22047	[20571]	:	Key	71	DOWN	at	22047   
22101	[54]	:	Fixation at trial 1: 22.081000
22629	[528]	:	Object at trial 1: 22.608000
26153	[3524]	:	Fixation at trial 1: 26.132000
26681	[528]	:	Catch Stim at trial 1: 26.660000
30210	[3529]	:	Catch Q at trial 1: 26.660000
31208	[998]	:	Key	30	DOWN	at	31208   
32191	[983]	:	Respose to catch Q at trial 1: 31.216000
32192	[1]	:	RT and choice to catch Q at trial 1: 1.027000, 30
32228	[36]	:	Fixation at trial 2: 32.207000
32749	[521]	:	Object at trial 2: 32.730000
36272	[3523]	:	Fixation at trial 2: 36.252000
36796	[524]	:	Catch Stim at trial 2: 36.776000
40323	[3527]	:	Catch Q at trial 2: 36.776000
41293	[970]	:	Key	28	DOWN	at	41293   
42303	[1010]	:	Respose to catch Q at trial 2: 41.301000
42304	[1]	:	RT and choice to catch Q at trial 2: 0.998000, 28
42337	[33]	:	Fixation at trial 3: 42.317000
42859	[522]	:	Object at trial 3: 42.839000
46382	[3523]	:	Fixation at trial 3: 46.362000
46904	[522]	:	Catch Stim at trial 3: 46.884000
50430	[3526]	:	Catch Q at trial 3: 46.884000
51579	[1149]	:	Key	30	DOWN	at	51579   
52410	[831]	:	Respose to catch Q at trial 3: 51.586000
52411	[1]	:	RT and choice to catch Q at trial 3: 1.176000, 30
52440	[29]	:	Fixation at trial 4: 52.420000
52962	[522]	:	Object at trial 4: 52.942000
56485	[3523]	:	Fixation at trial 4: 56.465000
57007	[522]	:	Catch Stim at trial 4: 56.987000
60532	[3525]	:	Catch Q at trial 4: 56.987000
62557	[2025]	:	Respose to catch Q at trial 4: 62.037000
62558	[1]	:	RT and choice to catch Q at trial 4: 1.525000, 0
62593	[35]	:	Fixation at trial 5: 62.573000
63115	[522]	:	Object at trial 5: 63.095000
66638	[3523]	:	Fixation at trial 5: 66.618000
67161	[523]	:	Catch Stim at trial 5: 67.141000
70687	[3526]	:	Catch Q at trial 5: 67.141000
71895	[1208]	:	Key	28	DOWN	at	71895   
72667	[772]	:	Respose to catch Q at trial 5: 71.902000
72668	[1]	:	RT and choice to catch Q at trial 5: 1.235000, 28
72695	[27]	:	Fixation at trial 6: 72.675000
73217	[522]	:	Object at trial 6: 73.197000
76740	[3523]	:	Fixation at trial 6: 76.720000
77263	[523]	:	Catch Stim at trial 6: 77.243000
80788	[3525]	:	Catch Q at trial 6: 77.243000
81996	[1208]	:	Key	30	DOWN	at	81996   
82768	[772]	:	Respose to catch Q at trial 6: 82.003000
82769	[1]	:	RT and choice to catch Q at trial 6: 1.235000, 30
82797	[28]	:	Fixation at trial 7: 82.777000
83319	[522]	:	Object at trial 7: 83.299000
86842	[3523]	:	Fixation at trial 7: 86.822000
87365	[523]	:	Catch Stim at trial 7: 87.345000
90890	[3525]	:	Catch Q at trial 7: 87.345000
92914	[2024]	:	Respose to catch Q at trial 7: 92.394000
92914	[0]	:	RT and choice to catch Q at trial 7: 1.524000, 0
92946	[32]	:	Fixation at trial 8: 92.926000
93468	[522]	:	Object at trial 8: 93.448000
96991	[3523]	:	Fixation at trial 8: 96.971000
97514	[523]	:	Catch Stim at trial 8: 97.494000
101040	[3526]	:	Catch Q at trial 8: 97.494000
102167	[1127]	:	Key	28	DOWN	at	102167  
103020	[853]	:	Respose to catch Q at trial 8: 102.173000
103020	[0]	:	RT and choice to catch Q at trial 8: 1.153000, 28
103048	[28]	:	Fixation at trial 9: 103.028000
103570	[522]	:	Object at trial 9: 103.550000
107093	[3523]	:	Fixation at trial 9: 107.073000
107616	[523]	:	Catch Stim at trial 9: 107.596000
111142	[3526]	:	Catch Q at trial 9: 107.596000
112283	[1141]	:	Key	28	DOWN	at	112283  
113122	[839]	:	Respose to catch Q at trial 9: 112.289000
113123	[1]	:	RT and choice to catch Q at trial 9: 1.167000, 28
113148	[25]	:	Fixation at trial 10: 113.128000
113670	[522]	:	Object at trial 10: 113.650000
117193	[3523]	:	Fixation at trial 10: 117.173000
117716	[523]	:	Catch Stim at trial 10: 117.696000
121242	[3526]	:	Catch Q at trial 10: 117.696000
121934	[692]	:	Key	30	DOWN	at	121934  
123222	[1288]	:	Respose to catch Q at trial 10: 121.940000
123223	[1]	:	RT and choice to catch Q at trial 10: 0.718000, 30
123248	[25]	:	Fixation at trial 11: 123.228000
123770	[522]	:	Object at trial 11: 123.750000
127293	[3523]	:	Fixation at trial 11: 127.273000
127815	[522]	:	Catch Stim at trial 11: 127.795000
131341	[3526]	:	Catch Q at trial 11: 127.795000
132739	[1398]	:	Key	30	DOWN	at	132739  
133321	[582]	:	Respose to catch Q at trial 11: 132.750000
133322	[1]	:	RT and choice to catch Q at trial 11: 1.429000, 30
133346	[24]	:	Fixation at trial 12: 133.326000
133868	[522]	:	Object at trial 12: 133.848000
137391	[3523]	:	Fixation at trial 12: 137.371000
137914	[523]	:	Catch Stim at trial 12: 137.894000
141439	[3525]	:	Catch Q at trial 12: 137.894000
142230	[791]	:	Key	28	DOWN	at	142230  
143419	[1189]	:	Respose to catch Q at trial 12: 142.236000
143420	[1]	:	RT and choice to catch Q at trial 12: 0.817000, 28
143444	[24]	:	Fixation at trial 13: 143.424000
143966	[522]	:	Object at trial 13: 143.946000
147489	[3523]	:	Fixation at trial 13: 147.469000
148011	[522]	:	Catch Stim at trial 13: 147.991000
151536	[3525]	:	Catch Q at trial 13: 147.991000
152446	[910]	:	Key	28	DOWN	at	152446  
153516	[1070]	:	Respose to catch Q at trial 13: 152.452000
153516	[0]	:	RT and choice to catch Q at trial 13: 0.936000, 28
153541	[25]	:	Fixation at trial 14: 153.521000
154063	[522]	:	Object at trial 14: 154.043000
157586	[3523]	:	Fixation at trial 14: 157.566000
158109	[523]	:	Catch Stim at trial 14: 158.089000
161634	[3525]	:	Catch Q at trial 14: 158.089000
162436	[802]	:	Key	28	DOWN	at	162436  
163614	[1178]	:	Respose to catch Q at trial 14: 162.442000
163614	[0]	:	RT and choice to catch Q at trial 14: 0.828000, 28
163639	[25]	:	Fixation at trial 15: 163.619000
164161	[522]	:	Object at trial 15: 164.141000
167684	[3523]	:	Fixation at trial 15: 167.664000
168206	[522]	:	Catch Stim at trial 15: 168.186000
171732	[3526]	:	Catch Q at trial 15: 168.186000
172927	[1195]	:	Key	30	DOWN	at	172927  
173712	[785]	:	Respose to catch Q at trial 15: 172.933000
173713	[1]	:	RT and choice to catch Q at trial 15: 1.221000, 30
173737	[24]	:	Fixation at trial 16: 173.717000
174259	[522]	:	Object at trial 16: 174.239000
177782	[3523]	:	Fixation at trial 16: 177.762000
178305	[523]	:	Catch Stim at trial 16: 178.285000
181832	[3527]	:	Catch Q at trial 16: 178.285000
182527	[695]	:	Key	28	DOWN	at	182527  
183812	[1285]	:	Respose to catch Q at trial 16: 182.533000
183813	[1]	:	RT and choice to catch Q at trial 16: 0.721000, 28
183837	[24]	:	Fixation at trial 17: 183.817000
184360	[523]	:	Object at trial 17: 184.340000
187883	[3523]	:	Fixation at trial 17: 187.863000
188404	[521]	:	Catch Stim at trial 17: 188.384000
191930	[3526]	:	Catch Q at trial 17: 188.384000
192683	[753]	:	Key	28	DOWN	at	192683  
193910	[1227]	:	Respose to catch Q at trial 17: 192.689000
193911	[1]	:	RT and choice to catch Q at trial 17: 0.779000, 28
193935	[24]	:	Fixation at trial 18: 193.915000
194457	[522]	:	Object at trial 18: 194.437000
197980	[3523]	:	Fixation at trial 18: 197.960000
198502	[522]	:	Catch Stim at trial 18: 198.482000
202028	[3526]	:	Catch Q at trial 18: 198.482000
202848	[820]	:	Key	30	DOWN	at	202848  
204008	[1160]	:	Respose to catch Q at trial 18: 202.855000
204009	[1]	:	RT and choice to catch Q at trial 18: 0.847000, 30
204033	[24]	:	Fixation at trial 19: 204.013000
204555	[522]	:	Object at trial 19: 204.535000
208078	[3523]	:	Fixation at trial 19: 208.058000
208599	[521]	:	Catch Stim at trial 19: 208.579000
212124	[3525]	:	Catch Q at trial 19: 208.579000
212799	[675]	:	Key	30	DOWN	at	212799  
214104	[1305]	:	Respose to catch Q at trial 19: 212.805000
214104	[0]	:	RT and choice to catch Q at trial 19: 0.701000, 30
214129	[25]	:	Fixation at trial 20: 214.109000
214651	[522]	:	Object at trial 20: 214.631000
218174	[3523]	:	Fixation at trial 20: 218.154000
218696	[522]	:	Catch Stim at trial 20: 218.676000
222222	[3526]	:	Catch Q at trial 20: 218.676000
222970	[748]	:	Key	28	DOWN	at	222970  
224202	[1232]	:	Respose to catch Q at trial 20: 222.976000
224202	[0]	:	RT and choice to catch Q at trial 20: 0.774000, 28
224227	[25]	:	Fixation at trial 21: 224.207000
224750	[523]	:	Object at trial 21: 224.730000
228273	[3523]	:	Fixation at trial 21: 228.253000
228795	[522]	:	Catch Stim at trial 21: 228.775000
232320	[3525]	:	Catch Q at trial 21: 228.775000
232870	[550]	:	Key	30	DOWN	at	232870  
234300	[1430]	:	Respose to catch Q at trial 21: 232.876000
234300	[0]	:	RT and choice to catch Q at trial 21: 0.576000, 30
234325	[25]	:	Fixation at trial 22: 234.305000
234848	[523]	:	Object at trial 22: 234.828000
238371	[3523]	:	Fixation at trial 22: 238.351000
238892	[521]	:	Catch Stim at trial 22: 238.872000
242418	[3526]	:	Catch Q at trial 22: 238.872000
243661	[1243]	:	Key	28	DOWN	at	243661  
244398	[737]	:	Respose to catch Q at trial 22: 243.667000
244398	[0]	:	RT and choice to catch Q at trial 22: 1.269000, 28
244423	[25]	:	Fixation at trial 23: 244.403000
244945	[522]	:	Object at trial 23: 244.925000
248468	[3523]	:	Fixation at trial 23: 248.448000
248990	[522]	:	Catch Stim at trial 23: 248.970000
252516	[3526]	:	Catch Q at trial 23: 248.970000
253166	[650]	:	Key	30	DOWN	at	253166  
254496	[1330]	:	Respose to catch Q at trial 23: 253.172000
254496	[0]	:	RT and choice to catch Q at trial 23: 0.676000, 30
254521	[25]	:	Fixation at trial 24: 254.501000
255043	[522]	:	Object at trial 24: 255.023000
258567	[3524]	:	Fixation at trial 24: 258.546000
259089	[522]	:	Catch Stim at trial 24: 259.069000
262614	[3525]	:	Catch Q at trial 24: 259.069000
263452	[838]	:	Key	30	DOWN	at	263452  
264594	[1142]	:	Respose to catch Q at trial 24: 263.458000
264594	[0]	:	RT and choice to catch Q at trial 24: 0.864000, 30
264619	[25]	:	Fixation at trial 25: 264.599000
265141	[522]	:	Object at trial 25: 265.121000
268664	[3523]	:	Fixation at trial 25: 268.644000
269186	[522]	:	Catch Stim at trial 25: 269.166000
272711	[3525]	:	Catch Q at trial 25: 269.166000
273157	[446]	:	Key	30	DOWN	at	273157  
274691	[1534]	:	Respose to catch Q at trial 25: 273.162000
274691	[0]	:	RT and choice to catch Q at trial 25: 0.471000, 30
274716	[25]	:	Fixation at trial 26: 274.696000
275238	[522]	:	Object at trial 26: 275.218000
278761	[3523]	:	Fixation at trial 26: 278.741000
279283	[522]	:	Catch Stim at trial 26: 279.263000
282808	[3525]	:	Catch Q at trial 26: 279.263000
284013	[1205]	:	Key	28	DOWN	at	284013  
284788	[775]	:	Respose to catch Q at trial 26: 284.019000
284788	[0]	:	RT and choice to catch Q at trial 26: 1.231000, 28
284813	[25]	:	Fixation at trial 27: 284.793000
285335	[522]	:	Object at trial 27: 285.315000
288858	[3523]	:	Fixation at trial 27: 288.838000
289380	[522]	:	Catch Stim at trial 27: 289.360000
292905	[3525]	:	Catch Q at trial 27: 289.360000
293934	[1029]	:	Key	30	DOWN	at	293934  
294885	[951]	:	Respose to catch Q at trial 27: 293.940000
294885	[0]	:	RT and choice to catch Q at trial 27: 1.055000, 30
294910	[25]	:	Fixation at trial 28: 294.890000
295432	[522]	:	Object at trial 28: 295.412000
298955	[3523]	:	Fixation at trial 28: 298.935000
299477	[522]	:	Catch Stim at trial 28: 299.457000
303002	[3525]	:	Catch Q at trial 28: 299.457000
304044	[1042]	:	Key	28	DOWN	at	304044  
304982	[938]	:	Respose to catch Q at trial 28: 304.050000
304982	[0]	:	RT and choice to catch Q at trial 28: 1.068000, 28
305007	[25]	:	Fixation at trial 29: 304.987000
305529	[522]	:	Object at trial 29: 305.509000
309052	[3523]	:	Fixation at trial 29: 309.032000
309574	[522]	:	Catch Stim at trial 29: 309.554000
313100	[3526]	:	Catch Q at trial 29: 309.554000
313670	[570]	:	Key	28	DOWN	at	313670  
315080	[1410]	:	Respose to catch Q at trial 29: 313.675000
315080	[0]	:	RT and choice to catch Q at trial 29: 0.595000, 28
315105	[25]	:	Fixation at trial 30: 315.085000
315627	[522]	:	Object at trial 30: 315.607000
319150	[3523]	:	Fixation at trial 30: 319.130000
319672	[522]	:	Catch Stim at trial 30: 319.652000
323198	[3526]	:	Catch Q at trial 30: 319.652000
324105	[907]	:	Key	28	DOWN	at	324105  
325178	[1073]	:	Respose to catch Q at trial 30: 324.111000
325178	[0]	:	RT and choice to catch Q at trial 30: 0.933000, 28
325203	[25]	:	Fixation at trial 31: 325.183000
325725	[522]	:	Object at trial 31: 325.705000
329248	[3523]	:	Fixation at trial 31: 329.228000
329770	[522]	:	Catch Stim at trial 31: 329.750000
333295	[3525]	:	Catch Q at trial 31: 329.750000
334151	[856]	:	Key	30	DOWN	at	334151  
335275	[1124]	:	Respose to catch Q at trial 31: 334.157000
335275	[0]	:	RT and choice to catch Q at trial 31: 0.882000, 30
335301	[26]	:	Fixation at trial 32: 335.281000
335823	[522]	:	Object at trial 32: 335.803000
339346	[3523]	:	Fixation at trial 32: 339.326000
339868	[522]	:	Catch Stim at trial 32: 339.848000
343393	[3525]	:	Catch Q at trial 32: 339.848000
344066	[673]	:	Key	30	DOWN	at	344066  
345373	[1307]	:	Respose to catch Q at trial 32: 344.072000
345373	[0]	:	RT and choice to catch Q at trial 32: 0.699000, 30
345398	[25]	:	Fixation at trial 33: 345.378000
345920	[522]	:	Object at trial 33: 345.900000
349443	[3523]	:	Fixation at trial 33: 349.423000
349965	[522]	:	Catch Stim at trial 33: 349.945000
353491	[3526]	:	Catch Q at trial 33: 349.945000
354612	[1121]	:	Key	30	DOWN	at	354612  
355471	[859]	:	Respose to catch Q at trial 33: 354.618000
355471	[0]	:	RT and choice to catch Q at trial 33: 1.147000, 30
355496	[25]	:	Fixation at trial 34: 355.476000
356018	[522]	:	Object at trial 34: 355.998000
359541	[3523]	:	Fixation at trial 34: 359.521000
360064	[523]	:	Catch Stim at trial 34: 360.044000
363590	[3526]	:	Catch Q at trial 34: 360.044000
364928	[1338]	:	Key	28	DOWN	at	364928  
365570	[642]	:	Respose to catch Q at trial 34: 364.934000
365570	[0]	:	RT and choice to catch Q at trial 34: 1.364000, 28
365595	[25]	:	Fixation at trial 35: 365.575000
366117	[522]	:	Object at trial 35: 366.097000
369640	[3523]	:	Fixation at trial 35: 369.620000
370163	[523]	:	Catch Stim at trial 35: 370.143000
373688	[3525]	:	Catch Q at trial 35: 370.143000
374598	[910]	:	Key	28	DOWN	at	374598  
375668	[1070]	:	Respose to catch Q at trial 35: 374.604000
375668	[0]	:	RT and choice to catch Q at trial 35: 0.936000, 28
375693	[25]	:	Fixation at trial 36: 375.673000
376215	[522]	:	Object at trial 36: 376.195000
379738	[3523]	:	Fixation at trial 36: 379.718000
380261	[523]	:	Catch Stim at trial 36: 380.241000
383786	[3525]	:	Catch Q at trial 36: 380.241000
385139	[1353]	:	Key	28	DOWN	at	385139  
385766	[627]	:	Respose to catch Q at trial 36: 385.145000
385767	[1]	:	RT and choice to catch Q at trial 36: 1.379000, 28
385791	[24]	:	Fixation at trial 37: 385.771000
386313	[522]	:	Object at trial 37: 386.293000
389836	[3523]	:	Fixation at trial 37: 389.816000
390358	[522]	:	Catch Stim at trial 37: 390.338000
393883	[3525]	:	Catch Q at trial 37: 390.338000
394474	[591]	:	Key	30	DOWN	at	394474  
395863	[1389]	:	Respose to catch Q at trial 37: 394.479000
395863	[0]	:	RT and choice to catch Q at trial 37: 0.616000, 30
395888	[25]	:	Fixation at trial 38: 395.868000
396410	[522]	:	Object at trial 38: 396.390000
399933	[3523]	:	Fixation at trial 38: 399.913000
400455	[522]	:	Catch Stim at trial 38: 400.435000
403980	[3525]	:	Catch Q at trial 38: 400.435000
404710	[730]	:	Key	28	DOWN	at	404710  
405960	[1250]	:	Respose to catch Q at trial 38: 404.716000
405960	[0]	:	RT and choice to catch Q at trial 38: 0.756000, 28
405985	[25]	:	Fixation at trial 39: 405.965000
406507	[522]	:	Object at trial 39: 406.487000
410030	[3523]	:	Fixation at trial 39: 410.010000
410552	[522]	:	Catch Stim at trial 39: 410.532000
414077	[3525]	:	Catch Q at trial 39: 410.532000
414921	[844]	:	Key	30	DOWN	at	414921  
416057	[1136]	:	Respose to catch Q at trial 39: 414.927000
416057	[0]	:	RT and choice to catch Q at trial 39: 0.870000, 30
416082	[25]	:	Fixation at trial 40: 416.062000
416604	[522]	:	Object at trial 40: 416.584000
420127	[3523]	:	Fixation at trial 40: 420.107000
420649	[522]	:	Catch Stim at trial 40: 420.629000
424174	[3525]	:	Catch Q at trial 40: 420.629000
425301	[1127]	:	Key	28	DOWN	at	425301  
426154	[853]	:	Respose to catch Q at trial 40: 425.307000
426154	[0]	:	RT and choice to catch Q at trial 40: 1.153000, 28
426179	[25]	:	Fixation at trial 41: 426.159000
426701	[522]	:	Object at trial 41: 426.681000
430224	[3523]	:	Fixation at trial 41: 430.204000
430746	[522]	:	Cat