Cog2000 log file Fri Oct 11 13:15:54 2019
gprim v1.29 Compiled:Feb  1 2010 (GLib DirectDraw v7 DX10.0 Compiled:Feb  1 2010)
Display:1024x768x32 59.81Hz
CogInput v1.05 Compiled: May 20 2010
0	[0]	:	COGENT START
1301	[1301]	:	Key	30	DOWN	at	1301    
1436	[135]	:	Key	30	UP	at	1436    
1561	[125]	:	Key	28	DOWN	at	1561    
1681	[120]	:	Key	28	UP	at	1681    
20882	[19201]	:	Key	71	DOWN	at	20882   
20930	[48]	:	Fixation at trial 1: 20.910000
21456	[526]	:	Object at trial 1: 21.436000
24979	[3523]	:	Fixation at trial 1: 24.959000
25503	[524]	:	Catch Stim at trial 1: 25.483000
29031	[3528]	:	Catch Q at trial 1: 25.483000
30103	[1072]	:	Key	30	DOWN	at	30103   
31011	[908]	:	Respose to catch Q at trial 1: 30.110000
31012	[1]	:	RT and choice to catch Q at trial 1: 1.099000, 30
31040	[28]	:	Fixation at trial 2: 31.020000
31562	[522]	:	Object at trial 2: 31.542000
35085	[3523]	:	Fixation at trial 2: 35.065000
35607	[522]	:	Catch Stim at trial 2: 35.587000
39132	[3525]	:	Catch Q at trial 2: 35.587000
41156	[2024]	:	Respose to catch Q at trial 2: 40.636000
41157	[1]	:	RT and choice to catch Q at trial 2: 1.524000, 0
41186	[29]	:	Fixation at trial 3: 41.166000
41708	[522]	:	Object at trial 3: 41.688000
45231	[3523]	:	Fixation at trial 3: 45.211000
45755	[524]	:	Catch Stim at trial 3: 45.735000
49283	[3528]	:	Catch Q at trial 3: 45.735000
50055	[772]	:	Key	30	DOWN	at	50055   
51263	[1208]	:	Respose to catch Q at trial 3: 50.060000
51264	[1]	:	RT and choice to catch Q at trial 3: 0.797000, 30
51289	[25]	:	Fixation at trial 4: 51.269000
51811	[522]	:	Object at trial 4: 51.791000
55334	[3523]	:	Fixation at trial 4: 55.314000
55856	[522]	:	Catch Stim at trial 4: 55.836000
59381	[3525]	:	Catch Q at trial 4: 55.836000
60335	[954]	:	Key	28	DOWN	at	60335   
61361	[1026]	:	Respose to catch Q at trial 4: 60.341000
61361	[0]	:	RT and choice to catch Q at trial 4: 0.980000, 28
61386	[25]	:	Fixation at trial 5: 61.366000
61908	[522]	:	Object at trial 5: 61.888000
65431	[3523]	:	Fixation at trial 5: 65.411000
65954	[523]	:	Catch Stim at trial 5: 65.934000
69479	[3525]	:	Catch Q at trial 5: 65.934000
70136	[657]	:	Key	28	DOWN	at	70136   
71459	[1323]	:	Respose to catch Q at trial 5: 70.141000
71459	[0]	:	RT and choice to catch Q at trial 5: 0.682000, 28
71484	[25]	:	Fixation at trial 6: 71.464000
72006	[522]	:	Object at trial 6: 71.986000
75529	[3523]	:	Fixation at trial 6: 75.509000
76051	[522]	:	Catch Stim at trial 6: 76.031000
79577	[3526]	:	Catch Q at trial 6: 76.031000
80711	[1134]	:	Key	28	DOWN	at	80711   
81557	[846]	:	Respose to catch Q at trial 6: 80.717000
81557	[0]	:	RT and choice to catch Q at trial 6: 1.160000, 28
81582	[25]	:	Fixation at trial 7: 81.562000
82104	[522]	:	Object at trial 7: 82.084000
85627	[3523]	:	Fixation at trial 7: 85.607000
86149	[522]	:	Catch Stim at trial 7: 86.129000
89674	[3525]	:	Catch Q at trial 7: 86.129000
90452	[778]	:	Key	30	DOWN	at	90452   
91654	[1202]	:	Respose to catch Q at trial 7: 90.458000
91654	[0]	:	RT and choice to catch Q at trial 7: 0.804000, 30
91679	[25]	:	Fixation at trial 8: 91.659000
92201	[522]	:	Object at trial 8: 92.181000
95724	[3523]	:	Fixation at trial 8: 95.704000
96246	[522]	:	Catch Stim at trial 8: 96.226000
99772	[3526]	:	Catch Q at trial 8: 96.226000
100578	[806]	:	Key	28	DOWN	at	100578  
101752	[1174]	:	Respose to catch Q at trial 8: 100.584000
101752	[0]	:	RT and choice to catch Q at trial 8: 0.832000, 28
101777	[25]	:	Fixation at trial 9: 101.757000
102299	[522]	:	Object at trial 9: 102.279000
105822	[3523]	:	Fixation at trial 9: 105.802000
106344	[522]	:	Catch Stim at trial 9: 106.324000
109869	[3525]	:	Catch Q at trial 9: 106.324000
110548	[679]	:	Key	30	DOWN	at	110548  
111849	[1301]	:	Respose to catch Q at trial 9: 110.554000
111849	[0]	:	RT and choice to catch Q at trial 9: 0.705000, 30
111874	[25]	:	Fixation at trial 10: 111.854000
112396	[522]	:	Object at trial 10: 112.376000
115919	[3523]	:	Fixation at trial 10: 115.899000
116441	[522]	:	Catch Stim at trial 10: 116.421000
119966	[3525]	:	Catch Q at trial 10: 116.421000
120659	[693]	:	Key	30	DOWN	at	120659  
121946	[1287]	:	Respose to catch Q at trial 10: 120.665000
121947	[1]	:	RT and choice to catch Q at trial 10: 0.719000, 30
121971	[24]	:	Fixation at trial 11: 121.951000
122493	[522]	:	Object at trial 11: 122.473000
126016	[3523]	:	Fixation at trial 11: 125.996000
126538	[522]	:	Catch Stim at trial 11: 126.518000
130064	[3526]	:	Catch Q at trial 11: 126.518000
130869	[805]	:	Key	28	DOWN	at	130869  
132044	[1175]	:	Respose to catch Q at trial 11: 130.875000
132044	[0]	:	RT and choice to catch Q at trial 11: 0.831000, 28
132069	[25]	:	Fixation at trial 12: 132.049000
132591	[522]	:	Object at trial 12: 132.571000
136114	[3523]	:	Fixation at trial 12: 136.094000
136636	[522]	:	Catch Stim at trial 12: 136.616000
140161	[3525]	:	Catch Q at trial 12: 136.616000
141385	[1224]	:	Key	28	DOWN	at	141385  
142141	[756]	:	Respose to catch Q at trial 12: 141.391000
142141	[0]	:	RT and choice to catch Q at trial 12: 1.250000, 28
142166	[25]	:	Fixation at trial 13: 142.146000
142688	[522]	:	Object at trial 13: 142.668000
146211	[3523]	:	Fixation at trial 13: 146.191000
146733	[522]	:	Catch Stim at trial 13: 146.713000
150258	[3525]	:	Catch Q at trial 13: 146.713000
151005	[747]	:	Key	28	DOWN	at	151005  
152238	[1233]	:	Respose to catch Q at trial 13: 151.011000
152239	[1]	:	RT and choice to catch Q at trial 13: 0.773000, 28
152263	[24]	:	Fixation at trial 14: 152.243000
152785	[522]	:	Object at trial 14: 152.765000
156308	[3523]	:	Fixation at trial 14: 156.288000
156829	[521]	:	Catch Stim at trial 14: 156.809000
160354	[3525]	:	Catch Q at trial 14: 156.809000
161551	[1197]	:	Key	30	DOWN	at	161551  
162334	[783]	:	Respose to catch Q at trial 14: 161.557000
162334	[0]	:	RT and choice to catch Q at trial 14: 1.223000, 30
162359	[25]	:	Fixation at trial 15: 162.339000
162881	[522]	:	Object at trial 15: 162.861000
166404	[3523]	:	Fixation at trial 15: 166.384000
166925	[521]	:	Catch Stim at trial 15: 166.905000
170450	[3525]	:	Catch Q at trial 15: 166.905000
171322	[872]	:	Key	30	DOWN	at	171322  
172430	[1108]	:	Respose to catch Q at trial 15: 171.328000
172430	[0]	:	RT and choice to catch Q at trial 15: 0.898000, 30
172455	[25]	:	Fixation at trial 16: 172.435000
172977	[522]	:	Object at trial 16: 172.957000
176500	[3523]	:	Fixation at trial 16: 176.480000
177023	[523]	:	Catch Stim at trial 16: 177.003000
180549	[3526]	:	Catch Q at trial 16: 177.003000
181317	[768]	:	Key	28	DOWN	at	181317  
182529	[1212]	:	Respose to catch Q at trial 16: 181.323000
182529	[0]	:	RT and choice to catch Q at trial 16: 0.794000, 28
182554	[25]	:	Fixation at trial 17: 182.534000
183076	[522]	:	Object at trial 17: 183.056000
186599	[3523]	:	Fixation at trial 17: 186.579000
187121	[522]	:	Catch Stim at trial 17: 187.101000
190646	[3525]	:	Catch Q at trial 17: 187.101000
191398	[752]	:	Key	28	DOWN	at	191398  
192626	[1228]	:	Respose to catch Q at trial 17: 191.404000
192626	[0]	:	RT and choice to catch Q at trial 17: 0.778000, 28
192651	[25]	:	Fixation at trial 18: 192.631000
193173	[522]	:	Object at trial 18: 193.153000
196696	[3523]	:	Fixation at trial 18: 196.676000
197218	[522]	:	Catch Stim at trial 18: 197.198000
200744	[3526]	:	Catch Q at trial 18: 197.198000
201393	[649]	:	Key	30	DOWN	at	201393  
202724	[1331]	:	Respose to catch Q at trial 18: 201.399000
202724	[0]	:	RT and choice to catch Q at trial 18: 0.675000, 30
202749	[25]	:	Fixation at trial 19: 202.729000
203271	[522]	:	Object at trial 19: 203.251000
206794	[3523]	:	Fixation at trial 19: 206.774000
207317	[523]	:	Catch Stim at trial 19: 207.297000
210842	[3525]	:	Catch Q at trial 19: 207.297000
212209	[1367]	:	Key	30	DOWN	at	212209  
212822	[613]	:	Respose to catch Q at trial 19: 212.215000
212822	[0]	:	RT and choice to catch Q at trial 19: 1.393000, 30
212847	[25]	:	Fixation at trial 20: 212.827000
213369	[522]	:	Object at trial 20: 213.349000
216892	[3523]	:	Fixation at trial 20: 216.872000
217414	[522]	:	Catch Stim at trial 20: 217.394000
220939	[3525]	:	Catch Q at trial 20: 217.394000
221604	[665]	:	Key	30	DOWN	at	221604  
222919	[1315]	:	Respose to catch Q at trial 20: 221.610000
222919	[0]	:	RT and choice to catch Q at trial 20: 0.691000, 30
222944	[25]	:	Fixation at trial 21: 222.924000
223466	[522]	:	Object at trial 21: 223.446000
226989	[3523]	:	Fixation at trial 21: 226.969000
227511	[522]	:	Catch Stim at trial 21: 227.491000
231036	[3525]	:	Catch Q at trial 21: 227.491000
232490	[1454]	:	Key	28	DOWN	at	232490  
233016	[526]	:	Respose to catch Q at trial 21: 232.495000
233017	[1]	:	RT and choice to catch Q at trial 21: 1.479000, 28
233041	[24]	:	Fixation at trial 22: 233.021000
233563	[522]	:	Object at trial 22: 233.543000
237086	[3523]	:	Fixation at trial 22: 237.066000
237607	[521]	:	Catch Stim at trial 22: 237.587000
241132	[3525]	:	Catch Q at trial 22: 237.587000
241841	[709]	:	Key	30	DOWN	at	241841  
243112	[1271]	:	Respose to catch Q at trial 22: 241.847000
243112	[0]	:	RT and choice to catch Q at trial 22: 0.735000, 30
243137	[25]	:	Fixation at trial 23: 243.117000
243659	[522]	:	Object at trial 23: 243.639000
247182	[3523]	:	Fixation at trial 23: 247.162000
247703	[521]	:	Catch Stim at trial 23: 247.683000
251228	[3525]	:	Catch Q at trial 23: 247.683000
252196	[968]	:	Key	30	DOWN	at	252196  
253208	[1012]	:	Respose to catch Q at trial 23: 252.202000
253208	[0]	:	RT and choice to catch Q at trial 23: 0.994000, 30
253233	[25]	:	Fixation at trial 24: 253.213000
253756	[523]	:	Object at trial 24: 253.736000
257281	[3525]	:	Fixation at trial 24: 257.260000
257803	[522]	:	Catch Stim at trial 24: 257.783000
261327	[3524]	:	Catch Q at trial 24: 257.783000
262527	[1200]	:	Key	28	DOWN	at	262527  
263307	[780]	:	Respose to catch Q at trial 24: 262.533000
263307	[0]	:	RT and choice to catch Q at trial 24: 1.226000, 28
263332	[25]	:	Fixation at trial 25: 263.312000
263854	[522]	:	Object at trial 25: 263.834000
267377	[3523]	:	Fixation at trial 25: 267.357000
267900	[523]	:	Catch Stim at trial 25: 267.880000
271425	[3525]	:	Catch Q at trial 25: 267.880000
272302	[877]	:	Key	28	DOWN	at	272302  
273405	[1103]	:	Respose to catch Q at trial 25: 272.308000
273405	[0]	:	RT and choice to catch Q at trial 25: 0.903000, 28
273430	[25]	:	Fixation at trial 26: 273.410000
273952	[522]	:	Object at trial 26: 273.932000
277475	[3523]	:	Fixation at trial 26: 277.455000
277997	[522]	:	Catch Stim at trial 26: 277.977000
281522	[3525]	:	Catch Q at trial 26: 277.977000
282303	[781]	:	Key	28	DOWN	at	282303  
283502	[1199]	:	Respose to catch Q at trial 26: 282.309000
283502	[0]	:	RT and choice to catch Q at trial 26: 0.807000, 28
283527	[25]	:	Fixation at trial 27: 283.507000
284049	[522]	:	Object at trial 27: 284.029000
287572	[3523]	:	Fixation at trial 27: 287.552000
288094	[522]	:	Catch Stim at trial 27: 288.074000
291619	[3525]	:	Catch Q at trial 27: 288.074000
292343	[724]	:	Key	28	DOWN	at	292343  
293599	[1256]	:	Respose to catch Q at trial 27: 292.348000
293599	[0]	:	RT and choice to catch Q at trial 27: 0.749000, 28
293624	[25]	:	Fixation at trial 28: 293.604000
294146	[522]	:	Object at trial 28: 294.126000
297669	[3523]	:	Fixation at trial 28: 297.649000
298190	[521]	:	Catch Stim at trial 28: 298.170000
301715	[3525]	:	Catch Q at trial 28: 298.170000
302374	[659]	:	Key	28	DOWN	at	302374  
303695	[1321]	:	Respose to catch Q at trial 28: 302.379000
303695	[0]	:	RT and choice to catch Q at trial 28: 0.684000, 28
303720	[25]	:	Fixation at trial 29: 303.700000
304242	[522]	:	Object at trial 29: 304.222000
307765	[3523]	:	Fixation at trial 29: 307.745000
308287	[522]	:	Catch Stim at trial 29: 308.267000
311812	[3525]	:	Catch Q at trial 29: 308.267000
312615	[803]	:	Key	28	DOWN	at	312615  
313792	[1177]	:	Respose to catch Q at trial 29: 312.621000
313792	[0]	:	RT and choice to catch Q at trial 29: 0.829000, 28
313817	[25]	:	Fixation at trial 30: 313.797000
314339	[522]	:	Object at trial 30: 314.319000
317862	[3523]	:	Fixation at trial 30: 317.842000
318384	[522]	:	Catch Stim at trial 30: 318.364000
321909	[3525]	:	Catch Q at trial 30: 318.364000
322535	[626]	:	Key	28	DOWN	at	322535  
323889	[1354]	:	Respose to catch Q at trial 30: 322.540000
323890	[1]	:	RT and choice to catch Q at trial 30: 0.651000, 28
323921	[31]	:	Fixation at trial 31: 323.901000
324443	[522]	:	Object at trial 31: 324.423000
327966	[3523]	:	Fixation at trial 31: 327.946000
328487	[521]	:	Catch Stim at trial 31: 328.467000
332012	[3525]	:	Catch Q at trial 31: 328.467000
332810	[798]	:	Key	30	DOWN	at	332810  
333992	[1182]	:	Respose to catch Q at trial 31: 332.816000
333992	[0]	:	RT and choice to catch Q at trial 31: 0.824000, 30
334017	[25]	:	Fixation at trial 32: 333.997000
334539	[522]	:	Object at trial 32: 334.519000
338062	[3523]	:	Fixation at trial 32: 338.042000
338584	[522]	:	Catch Stim at trial 32: 338.564000
342109	[3525]	:	Catch Q at trial 32: 338.564000
342855	[746]	:	Key	28	DOWN	at	342855  
344089	[1234]	:	Respose to catch Q at trial 32: 342.861000
344089	[0]	:	RT and choice to catch Q at trial 32: 0.772000, 28
344114	[25]	:	Fixation at trial 33: 344.094000
344636	[522]	:	Object at trial 33: 344.616000
348159	[3523]	:	Fixation at trial 33: 348.139000
348681	[522]	:	Catch Stim at trial 33: 348.661000
352206	[3525]	:	Catch Q at trial 33: 348.661000
353121	[915]	:	Key	28	DOWN	at	353121  
354186	[1065]	:	Respose to catch Q at trial 33: 353.127000
354186	[0]	:	RT and choice to catch Q at trial 33: 0.941000, 28
354211	[25]	:	Fixation at trial 34: 354.191000
354733	[522]	:	Object at trial 34: 354.713000
358256	[3523]	:	Fixation at trial 34: 358.236000
358778	[522]	:	Catch Stim at trial 34: 358.758000
362303	[3525]	:	Catch Q at trial 34: 358.758000
363022	[719]	:	Key	28	DOWN	at	363022  
364283	[1261]	:	Respose to catch Q at trial 34: 363.028000
364283	[0]	:	RT and choice to catch Q at trial 34: 0.745000, 28
364308	[25]	:	Fixation at trial 35: 364.288000
364830	[522]	:	Object at trial 35: 364.810000
368353	[3523]	:	Fixation at trial 35: 368.333000
368874	[521]	:	Catch Stim at trial 35: 368.854000
372399	[3525]	:	Catch Q at trial 35: 368.854000
373877	[1478]	:	Key	28	DOWN	at	373877  
374379	[502]	:	Respose to catch Q at trial 35: 373.883000
374379	[0]	:	RT and choice to catch Q at trial 35: 1.504000, 28
374404	[25]	:	Fixation at trial 36: 374.384000
374926	[522]	:	Object at trial 36: 374.906000
378449	[3523]	:	Fixation at trial 36: 378.429000
378971	[522]	:	Catch Stim at trial 36: 378.951000
382496	[3525]	:	Catch Q at trial 36: 378.951000
383163	[667]	:	Key	30	DOWN	at	383163  
384476	[1313]	:	Respose to catch Q at trial 36: 383.169000
384476	[0]	:	RT and choice to catch Q at trial 36: 0.693000, 30
384501	[25]	:	Fixation at trial 37: 384.481000
385023	[522]	:	Object at trial 37: 385.003000
388546	[3523]	:	Fixation at trial 37: 388.526000
389068	[522]	:	Catch Stim at trial 37: 389.048000
392593	[3525]	:	Catch Q at trial 37: 389.048000
393113	[520]	:	Key	30	DOWN	at	393113  
394573	[1460]	:	Respose to catch Q at trial 37: 393.119000
394573	[0]	:	RT and choice to catch Q at trial 37: 0.546000, 30
394598	[25]	:	Fixation at trial 38: 394.578000
395121	[523]	:	Object at trial 38: 395.101000
398644	[3523]	:	Fixation at trial 38: 398.624000
399165	[521]	:	Catch Stim at trial 38: 399.145000
402690	[3525]	:	Catch Q at trial 38: 399.145000
403334	[644]	:	Key	30	DOWN	at	403334  
404670	[1336]	:	Respose to catch Q at trial 38: 403.340000
404670	[0]	:	RT and choice to catch Q at trial 38: 0.670000, 30
404695	[25]	:	Fixation at trial 39: 404.675000
405217	[522]	:	Object at trial 39: 405.197000
408740	[3523]	:	Fixation at trial 39: 408.720000
409261	[521]	:	Catch Stim at trial 39: 409.241000
412786	[3525]	:	Catch Q at trial 39: 409.241000
413484	[698]	:	Key	28	DOWN	at	413484  
414766	[1282]	:	Respose to catch Q at trial 39: 413.490000
414766	[0]	:	RT and choice to catch Q at trial 39: 0.724000, 28
414791	[25]	:	Fixation at trial 40: 414.771000
415313	[522]	:	Object at trial 40: 415.293000
418836	[3523]	:	Fixation at trial 40: 418.816000
419357	[521]	:	Catch Stim at trial 40: 419.337000
422882	[3525]	:	Catch Q at trial 40: 419.337000
423541	[659]	:	Key	30	DOWN	at	423541  
424862	[1321]	:	Respose to catch Q at trial 40: 423.547000
424862	[0]	:	RT and choice to catch Q at trial 40: 0.685000, 30
424887	[25]	:	Fixation at trial 41: 424.867000
425409	[522]	:	Object at trial 41: 425.389000
428932	[3523]	:	Fixation a