Cog2000 log file Wed Oct 09 12:14:06 2019
gprim v1.29 Compiled:Feb  1 2010 (GLib DirectDraw v7 DX10.0 Compiled:Feb  1 2010)
Display:1024x768x32 59.81Hz
CogInput v1.05 Compiled: May 20 2010
0	[0]	:	COGENT START
1161	[1161]	:	Key	30	DOWN	at	1161    
1366	[205]	:	Key	30	UP	at	1366    
2316	[950]	:	Key	28	DOWN	at	2316    
2491	[175]	:	Key	28	UP	at	2491    
20582	[18091]	:	Key	71	DOWN	at	20582   
20630	[48]	:	Fixation at trial 1: 20.610000
21654	[1024]	:	Object at trial 1: 21.633000
23685	[2031]	:	Fixation at trial 2: 23.665000
24707	[1022]	:	Object at trial 2: 24.687000
26741	[2034]	:	Fixation at trial 3: 26.721000
27762	[1021]	:	Object at trial 3: 27.742000
29788	[2026]	:	Fixation at trial 4: 29.768000
30809	[1021]	:	Object at trial 4: 30.789000
32834	[2025]	:	Fixation at trial 4: 32.813000
33865	[1031]	:	Catch Stim at trial 4: 33.844000
34628	[763]	:	Key	28	DOWN	at	34628   
36345	[1717]	:	Respose to catch Q at trial 4: 34.635000
36346	[1]	:	RT and choice to catch Q at trial 4: 0.791000, 28
36375	[29]	:	Fixation at trial 5: 36.355000
37397	[1022]	:	Object at trial 5: 37.377000
39425	[2028]	:	Fixation at trial 6: 39.405000
40446	[1021]	:	Object at trial 6: 40.426000
42470	[2024]	:	Fixation at trial 6: 42.450000
43495	[1025]	:	Catch Stim at trial 6: 43.475000
44324	[829]	:	Key	30	DOWN	at	44324   
45975	[1651]	:	Respose to catch Q at trial 6: 44.331000
45976	[1]	:	RT and choice to catch Q at trial 6: 0.856000, 30
46002	[26]	:	Fixation at trial 7: 45.982000
47023	[1021]	:	Object at trial 7: 47.003000
49049	[2026]	:	Fixation at trial 8: 49.029000
50070	[1021]	:	Object at trial 8: 50.050000
52096	[2026]	:	Fixation at trial 9: 52.076000
53117	[1021]	:	Object at trial 9: 53.097000
55141	[2024]	:	Fixation at trial 9: 55.121000
56165	[1024]	:	Catch Stim at trial 9: 56.145000
56789	[624]	:	Key	30	DOWN	at	56789   
58645	[1856]	:	Respose to catch Q at trial 9: 56.795000
58646	[1]	:	RT and choice to catch Q at trial 9: 0.650000, 30
58671	[25]	:	Fixation at trial 10: 58.651000
59692	[1021]	:	Object at trial 10: 59.672000
61716	[2024]	:	Fixation at trial 11: 61.696000
62737	[1021]	:	Object at trial 11: 62.717000
64762	[2025]	:	Fixation at trial 12: 64.742000
65783	[1021]	:	Object at trial 12: 65.763000
67808	[2025]	:	Fixation at trial 13: 67.788000
68829	[1021]	:	Object at trial 13: 68.809000
70853	[2024]	:	Fixation at trial 14: 70.833000
71874	[1021]	:	Object at trial 14: 71.854000
73898	[2024]	:	Fixation at trial 15: 73.878000
74919	[1021]	:	Object at trial 15: 74.899000
76943	[2024]	:	Fixation at trial 16: 76.923000
77964	[1021]	:	Object at trial 16: 77.944000
79988	[2024]	:	Fixation at trial 17: 79.968000
81009	[1021]	:	Object at trial 17: 80.989000
83033	[2024]	:	Fixation at trial 18: 83.013000
84054	[1021]	:	Object at trial 18: 84.034000
86078	[2024]	:	Fixation at trial 19: 86.058000
87099	[1021]	:	Object at trial 19: 87.079000
89123	[2024]	:	Fixation at trial 20: 89.103000
90144	[1021]	:	Object at trial 20: 90.124000
92168	[2024]	:	Fixation at trial 20: 92.148000
93194	[1026]	:	Catch Stim at trial 20: 93.174000
94137	[943]	:	Key	28	DOWN	at	94137   
95674	[1537]	:	Respose to catch Q at trial 20: 94.143000
95675	[1]	:	RT and choice to catch Q at trial 20: 0.969000, 28
95700	[25]	:	Fixation at trial 21: 95.680000
96721	[1021]	:	Object at trial 21: 96.701000
98745	[2024]	:	Fixation at trial 21: 98.725000
99769	[1024]	:	Catch Stim at trial 21: 99.749000
100647	[878]	:	Key	30	DOWN	at	100647  
102249	[1602]	:	Respose to catch Q at trial 21: 100.653000
102250	[1]	:	RT and choice to catch Q at trial 21: 0.904000, 30
102275	[25]	:	Fixation at trial 22: 102.255000
103296	[1021]	:	Object at trial 22: 103.276000
105320	[2024]	:	Fixation at trial 22: 105.300000
106345	[1025]	:	Catch Stim at trial 22: 106.325000
106982	[637]	:	Key	30	DOWN	at	106982  
108825	[1843]	:	Respose to catch Q at trial 22: 106.988000
108826	[1]	:	RT and choice to catch Q at trial 22: 0.663000, 30
108850	[24]	:	Fixation at trial 23: 108.830000
109871	[1021]	:	Object at trial 23: 109.851000
111895	[2024]	:	Fixation at trial 23: 111.875000
112919	[1024]	:	Catch Stim at trial 23: 112.899000
113513	[594]	:	Key	30	DOWN	at	113513  
115399	[1886]	:	Respose to catch Q at trial 23: 113.519000
115400	[1]	:	RT and choice to catch Q at trial 23: 0.620000, 30
115424	[24]	:	Fixation at trial 24: 115.404000
116445	[1021]	:	Object at trial 24: 116.425000
118469	[2024]	:	Fixation at trial 25: 118.449000
119491	[1022]	:	Object at trial 25: 119.471000
121515	[2024]	:	Fixation at trial 26: 121.495000
122537	[1022]	:	Object at trial 26: 122.517000
124561	[2024]	:	Fixation at trial 27: 124.541000
125582	[1021]	:	Object at trial 27: 125.562000
127606	[2024]	:	Fixation at trial 28: 127.586000
128628	[1022]	:	Object at trial 28: 128.608000
130654	[2026]	:	Fixation at trial 29: 130.634000
131676	[1022]	:	Object at trial 29: 131.656000
133700	[2024]	:	Fixation at trial 30: 133.680000
134722	[1022]	:	Object at trial 30: 134.702000
136746	[2024]	:	Fixation at trial 30: 136.726000
137771	[1025]	:	Catch Stim at trial 30: 137.751000
138504	[733]	:	Key	28	DOWN	at	138504  
140251	[1747]	:	Respose to catch Q at trial 30: 138.510000
140252	[1]	:	RT and choice to catch Q at trial 30: 0.759000, 28
140280	[28]	:	Fixation at trial 31: 140.260000
141302	[1022]	:	Object at trial 31: 141.282000
143326	[2024]	:	Fixation at trial 32: 143.306000
144348	[1022]	:	Object at trial 32: 144.328000
146372	[2024]	:	Fixation at trial 33: 146.352000
147393	[1021]	:	Object at trial 33: 147.373000
149417	[2024]	:	Fixation at trial 33: 149.397000
150441	[1024]	:	Catch Stim at trial 33: 150.421000
151087	[646]	:	Key	30	DOWN	at	151087  
152921	[1834]	:	Respose to catch Q at trial 33: 151.093000
152921	[0]	:	RT and choice to catch Q at trial 33: 0.672000, 30
152946	[25]	:	Fixation at trial 34: 152.926000
153967	[1021]	:	Object at trial 34: 153.947000
155991	[2024]	:	Fixation at trial 35: 155.971000
157012	[1021]	:	Object at trial 35: 156.992000
159036	[2024]	:	Fixation at trial 36: 159.016000
160057	[1021]	:	Object at trial 36: 160.037000
162081	[2024]	:	Fixation at trial 37: 162.061000
163102	[1021]	:	Object at trial 37: 163.082000
165127	[2025]	:	Fixation at trial 38: 165.107000
166148	[1021]	:	Object at trial 38: 166.128000
168172	[2024]	:	Fixation at trial 39: 168.152000
169193	[1021]	:	Object at trial 39: 169.173000
171217	[2024]	:	Fixation at trial 40: 171.197000
172238	[1021]	:	Object at trial 40: 172.218000
174262	[2024]	:	Fixation at trial 40: 174.242000
175287	[1025]	:	Catch Stim at trial 40: 175.267000
176123	[836]	:	Key	28	DOWN	at	176123  
177767	[1644]	:	Respose to catch Q at trial 40: 176.129000
177767	[0]	:	RT and choice to catch Q at trial 40: 0.862000, 28
177792	[25]	:	Fixation at trial 41: 177.772000
178813	[1021]	:	Object at trial 41: 178.793000
180843	[2030]	:	Fixation at trial 42: 180.823000
181864	[1021]	:	Object at trial 42: 181.844000
183888	[2024]	:	Fixation at trial 42: 183.868000
184912	[1024]	:	Catch Stim at trial 42: 184.892000
185542	[630]	:	Key	30	DOWN	at	185542  
187392	[1850]	:	Respose to catch Q at trial 42: 185.548000
187392	[0]	:	RT and choice to catch Q at trial 42: 0.656000, 30
187417	[25]	:	Fixation at trial 43: 187.397000
188438	[1021]	:	Object at trial 43: 188.418000
190462	[2024]	:	Fixation at trial 44: 190.442000
191483	[1021]	:	Object at trial 44: 191.463000
193507	[2024]	:	Fixation at trial 45: 193.487000
194528	[1021]	:	Object at trial 45: 194.508000
196552	[2024]	:	Fixation at trial 46: 196.532000
197573	[1021]	:	Object at trial 46: 197.553000
199597	[2024]	:	Fixation at trial 47: 199.577000
200618	[1021]	:	Object at trial 47: 200.598000
202642	[2024]	:	Fixation at trial 48: 202.622000
203663	[1021]	:	Object at trial 48: 203.643000
205687	[2024]	:	Fixation at trial 49: 205.667000
206708	[1021]	:	Object at trial 49: 206.688000
208732	[2024]	:	Fixation at trial 50: 208.712000
209753	[1021]	:	Object at trial 50: 209.733000
211777	[2024]	:	Fixation at trial 51: 211.757000
212798	[1021]	:	Object at trial 51: 212.778000
214822	[2024]	:	Fixation at trial 52: 214.802000
215843	[1021]	:	Object at trial 52: 215.823000
217867	[2024]	:	Fixation at trial 53: 217.847000
218888	[1021]	:	Object at trial 53: 218.868000
220912	[2024]	:	Fixation at trial 53: 220.892000
221938	[1026]	:	Catch Stim at trial 53: 221.918000
222644	[706]	:	Key	28	DOWN	at	222644  
224418	[1774]	:	Respose to catch Q at trial 53: 222.650000
224418	[0]	:	RT and choice to catch Q at trial 53: 0.732000, 28
224443	[25]	:	Fixation at trial 54: 224.423000
225464	[1021]	:	Object at trial 54: 225.444000
227488	[2024]	:	Fixation at trial 55: 227.468000
228509	[1021]	:	Object at trial 55: 228.489000
230533	[2024]	:	Fixation at trial 56: 230.513000
231554	[1021]	:	Object at trial 56: 231.534000
233578	[2024]	:	Fixation at trial 57: 233.558000
234599	[1021]	:	Object at trial 57: 234.579000
236623	[2024]	:	Fixation at trial 58: 236.603000
237644	[1021]	:	Object at trial 58: 237.624000
239668	[2024]	:	Fixation at trial 58: 239.648000
240692	[1024]	:	Catch Stim at trial 58: 240.672000
241285	[593]	:	Key	30	DOWN	at	241285  
243172	[1887]	:	Respose to catch Q at trial 58: 241.290000
243172	[0]	:	RT and choice to catch Q at trial 58: 0.618000, 30
243197	[25]	:	Fixation at trial 59: 243.177000
244218	[1021]	:	Object at trial 59: 244.198000
246242	[2024]	:	Fixation at trial 59: 246.222000
247267	[1025]	:	Catch Stim at trial 59: 247.247000
248151	[884]	:	Key	28	DOWN	at	248151  
249747	[1596]	:	Respose to catch Q at trial 59: 248.157000
249748	[1]	:	RT and choice to catch Q at trial 59: 0.910000, 28
249771	[23]	:	Fixation at trial 60: 249.751000
250792	[1021]	:	Object at trial 60: 250.772000
252816	[2024]	:	Fixation at trial 61: 252.796000
253837	[1021]	:	Object at trial 61: 253.817000
255861	[2024]	:	Fixation at trial 62: 255.841000
256882	[1021]	:	Object at trial 62: 256.862000
258908	[2026]	:	Fixation at trial 63: 258.887000
259930	[1022]	:	Object at trial 63: 259.909000
261956	[2026]	:	Fixation at trial 64: 261.935000
262977	[1021]	:	Object at trial 64: 262.957000
265001	[2024]	:	Fixation at trial 65: 264.981000
266022	[1021]	:	Object at trial 65: 266.002000
268046	[2024]	:	Fixation at trial 66: 268.026000
269067	[1021]	:	Object at trial 66: 269.047000
271091	[2024]	:	Fixation at trial 67: 271.071000
272112	[1021]	:	Object at trial 67: 272.092000
274136	[2024]	:	Fixation at trial 68: 274.116000
275157	[1021]	:	Object at trial 68: 275.137000
277181	[2024]	:	Fixation at trial 69: 277.161000
278202	[1021]	:	Object at trial 69: 278.182000
280226	[2024]	:	Fixation at trial 70: 280.206000
281247	[1021]	:	Object at trial 70: 281.227000
283271	[2024]	:	Fixation at trial 71: 283.251000
284292	[1021]	:	Object at trial 71: 284.272000
286316	[2024]	:	Fixation at trial 72: 286.296000
287337	[1021]	:	Object at trial 72: 287.317000
289361	[2024]	:	Fixation at trial 73: 289.341000
290382	[1021]	:	Object at trial 73: 290.362000
292406	[2024]	:	Fixation at trial 74: 292.386000
293427	[1021]	:	Object at trial 74: 293.407000
295451	[2024]	:	Fixation at trial 75: 295.431000
296472	[1021]	:	Object at trial 75: 296.452000
298496	[2024]	:	Fixation at trial 76: 298.476000
299517	[1021]	:	Object at trial 76: 299.497000
301541	[2024]	:	Fixation at trial 77: 301.521000
302562	[1021]	:	Object at trial 77: 302.542000
304586	[2024]	:	Fixation at trial 78: 304.566000
305607	[1021]	:	Object at trial 78: 305.587000
307631	[2024]	:	Fixation at trial 79: 307.611000
308652	[1021]	:	Object at trial 79: 308.632000
310676	[2024]	:	Fixation at trial 80: 310.656000
311697	[1021]	:	Object at trial 80: 311.677000
313721	[2024]	:	Fixation at trial 81: 313.701000
314742	[1021]	:	Object at trial 81: 314.722000
316766	[2024]	:	Fixation at trial 82: 316.746000
317787	[1021]	:	Object at trial 82: 317.767000
319811	[2024]	:	Fixation at trial 83: 319.791000
320832	[1021]	:	Object at trial 83: 320.812000
322856	[2024]	:	Fixation at trial 83: 322.836000
323881	[1025]	:	Catch Stim at trial 83: 323.861000
324661	[780]	:	Key	28	DOWN	at	324661  
326361	[1700]	:	Respose to catch Q at trial 83: 324.667000
326361	[0]	:	RT and choice to catch Q at trial 83: 0.806000, 28
326386	[25]	:	Fixation at trial 84: 326.366000
327407	[1021]	:	Object at trial 84: 327.387000
329431	[2024]	:	Fixation at trial 85: 329.411000
330452	[1021]	:	Object at trial 