Cog2000 log file Wed Oct 09 11:55:42 2019
gprim v1.29 Compiled:Feb  1 2010 (GLib DirectDraw v7 DX10.0 Compiled:Feb  1 2010)
Display:1024x768x32 59.81Hz
CogInput v1.05 Compiled: May 20 2010
0	[0]	:	COGENT START
1111	[1111]	:	Key	30	DOWN	at	1111    
1321	[210]	:	Key	30	UP	at	1321    
1986	[665]	:	Key	28	DOWN	at	1986    
2226	[240]	:	Key	28	UP	at	2226    
3686	[1460]	:	Key	71	DOWN	at	3686    
3745	[59]	:	Fixation at trial 1: 3.723000
4318	[573]	:	Object at trial 1: 4.297000
7850	[3532]	:	Fixation at trial 1: 7.829000
8388	[538]	:	Catch Stim at trial 1: 8.367000
11938	[3550]	:	Catch Q at trial 1: 8.367000
13971	[2033]	:	Respose to catch Q at trial 1: 13.448000
13972	[1]	:	RT and choice to catch Q at trial 1: 1.531000, 0
14012	[40]	:	Fixation at trial 2: 13.992000
14537	[525]	:	Object at trial 2: 14.517000
18060	[3523]	:	Fixation at trial 2: 18.040000
18586	[526]	:	Catch Stim at trial 2: 18.565000
22112	[3526]	:	Catch Q at trial 2: 18.565000
23361	[1249]	:	Key	28	DOWN	at	23361   
24095	[734]	:	Respose to catch Q at trial 2: 23.375000
24096	[1]	:	RT and choice to catch Q at trial 2: 1.283000, 28
24144	[48]	:	Fixation at trial 3: 24.124000
24666	[522]	:	Object at trial 3: 24.646000
28189	[3523]	:	Fixation at trial 3: 28.169000
28711	[522]	:	Catch Stim at trial 3: 28.691000
32237	[3526]	:	Catch Q at trial 3: 28.691000
33217	[980]	:	Key	28	DOWN	at	33217   
34217	[1000]	:	Respose to catch Q at trial 3: 33.224000
34218	[1]	:	RT and choice to catch Q at trial 3: 1.008000, 28
34261	[43]	:	Fixation at trial 4: 34.241000
34783	[522]	:	Object at trial 4: 34.763000
38306	[3523]	:	Fixation at trial 4: 38.286000
38832	[526]	:	Catch Stim at trial 4: 38.812000
42361	[3529]	:	Catch Q at trial 4: 38.812000
43757	[1396]	:	Key	30	DOWN	at	43757   
44342	[585]	:	Respose to catch Q at trial 4: 43.765000
44343	[1]	:	RT and choice to catch Q at trial 4: 1.424000, 30
44369	[26]	:	Fixation at trial 5: 44.349000
44891	[522]	:	Object at trial 5: 44.871000
48414	[3523]	:	Fixation at trial 5: 48.394000
48938	[524]	:	Catch Stim at trial 5: 48.918000
52463	[3525]	:	Catch Q at trial 5: 48.918000
53358	[895]	:	Key	30	DOWN	at	53358   
54443	[1085]	:	Respose to catch Q at trial 5: 53.364000
54444	[1]	:	RT and choice to catch Q at trial 5: 0.921000, 30
54471	[27]	:	Fixation at trial 6: 54.451000
54993	[522]	:	Object at trial 6: 54.973000
58516	[3523]	:	Fixation at trial 6: 58.496000
59041	[525]	:	Catch Stim at trial 6: 59.021000
62566	[3525]	:	Catch Q at trial 6: 59.021000
63544	[978]	:	Key	28	DOWN	at	63544   
64546	[1002]	:	Respose to catch Q at trial 6: 63.550000
64546	[0]	:	RT and choice to catch Q at trial 6: 1.004000, 28
64574	[28]	:	Fixation at trial 7: 64.553000
65095	[521]	:	Object at trial 7: 65.076000
68618	[3523]	:	Fixation at trial 7: 68.598000
69141	[523]	:	Catch Stim at trial 7: 69.121000
72669	[3528]	:	Catch Q at trial 7: 69.121000
74154	[1485]	:	Key	30	DOWN	at	74154   
74649	[495]	:	Respose to catch Q at trial 7: 74.161000
74650	[1]	:	RT and choice to catch Q at trial 7: 1.512000, 30
74675	[25]	:	Fixation at trial 8: 74.655000
75197	[522]	:	Object at trial 8: 75.177000
78720	[3523]	:	Fixation at trial 8: 78.700000
79242	[522]	:	Catch Stim at trial 8: 79.222000
82767	[3525]	:	Catch Q at trial 8: 79.222000
83680	[913]	:	Key	28	DOWN	at	83680   
84747	[1067]	:	Respose to catch Q at trial 8: 83.686000
84748	[1]	:	RT and choice to catch Q at trial 8: 0.939000, 28
84773	[25]	:	Fixation at trial 9: 84.753000
85295	[522]	:	Object at trial 9: 85.275000
88818	[3523]	:	Fixation at trial 9: 88.798000
89341	[523]	:	Catch Stim at trial 9: 89.321000
92866	[3525]	:	Catch Q at trial 9: 89.321000
93750	[884]	:	Key	30	DOWN	at	93750   
94846	[1096]	:	Respose to catch Q at trial 9: 93.756000
94847	[1]	:	RT and choice to catch Q at trial 9: 0.910000, 30
94872	[25]	:	Fixation at trial 10: 94.852000
95394	[522]	:	Object at trial 10: 95.374000
98917	[3523]	:	Fixation at trial 10: 98.897000
99438	[521]	:	Catch Stim at trial 10: 99.418000
102963	[3525]	:	Catch Q at trial 10: 99.418000
103864	[901]	:	Key	28	DOWN	at	103864  
104943	[1079]	:	Respose to catch Q at trial 10: 103.870000
104944	[1]	:	RT and choice to catch Q at trial 10: 0.927000, 28
104978	[34]	:	Key	28	UP	at	104004  
108981	[4003]	:	COGENT STOP
Cog2000 log file Wed Oct 09 12:28:57 2019
gprim v1.29 Compiled:Feb  1 2010 (GLib DirectDraw v7 DX10.0 Compiled:Feb  1 2010)
Display:1024x768x32 59.84Hz
CogInput v1.05 Compiled: May 20 2010
0	[0]	:	COGENT START
1570	[1570]	:	Key	30	DOWN	at	1570    
1765	[195]	:	Key	30	UP	at	1765    
2350	[585]	:	Key	28	DOWN	at	2350    
2495	[145]	:	Key	28	UP	at	2495    
22331	[19836]	:	Key	71	DOWN	at	22331   
22389	[58]	:	Fixation at trial 1: 22.367000
22924	[535]	:	Object at trial 1: 22.903000
26452	[3528]	:	Fixation at trial 1: 26.431000
26983	[531]	:	Catch Stim at trial 1: 26.962000
30516	[3533]	:	Catch Q at trial 1: 26.962000
31867	[1351]	:	Key	30	DOWN	at	31867   
32500	[633]	:	Respose to catch Q at trial 1: 31.877000
32502	[2]	:	RT and choice to catch Q at trial 1: 1.382000, 30
32548	[46]	:	Fixation at trial 2: 32.527000
33071	[523]	:	Object at trial 2: 33.051000
36594	[3523]	:	Fixation at trial 2: 36.574000
37122	[528]	:	Catch Stim at trial 2: 37.101000
40647	[3525]	:	Catch Q at trial 2: 37.101000
41657	[1010]	:	Key	28	DOWN	at	41657   
42629	[972]	:	Respose to catch Q at trial 2: 41.664000
42630	[1]	:	RT and choice to catch Q at trial 2: 1.037000, 28
42678	[48]	:	Fixation at trial 3: 42.658000
43200	[522]	:	Object at trial 3: 43.180000
46723	[3523]	:	Fixation at trial 3: 46.703000
47245	[522]	:	Catch Stim at trial 3: 47.225000
50771	[3526]	:	Catch Q at trial 3: 47.225000
51818	[1047]	:	Key	30	DOWN	at	51818   
52751	[933]	:	Respose to catch Q at trial 3: 51.824000
52751	[0]	:	RT and choice to catch Q at trial 3: 1.073000, 30
52791	[40]	:	Fixation at trial 4: 52.771000
53313	[522]	:	Object at trial 4: 53.293000
56836	[3523]	:	Fixation at trial 4: 56.816000
57358	[522]	:	Catch Stim at trial 4: 57.338000
60884	[3526]	:	Catch Q at trial 4: 57.338000
61824	[940]	:	Key	28	DOWN	at	61824   
62864	[1040]	:	Respose to catch Q at trial 4: 61.831000
62865	[1]	:	RT and choice to catch Q at trial 4: 0.967000, 28
62892	[27]	:	Fixation at trial 5: 62.872000
63414	[522]	:	Object at trial 5: 63.394000
66937	[3523]	:	Fixation at trial 5: 66.917000
67459	[522]	:	Catch Stim at trial 5: 67.439000
70985	[3526]	:	Catch Q at trial 5: 67.439000
71679	[694]	:	Key	30	DOWN	at	71679   
72965	[1286]	:	Respose to catch Q at trial 5: 71.685000
72965	[0]	:	RT and choice to catch Q at trial 5: 0.720000, 30
72993	[28]	:	Fixation at trial 6: 72.973000
73517	[524]	:	Object at trial 6: 73.497000
77040	[3523]	:	Fixation at trial 6: 77.020000
77562	[522]	:	Catch Stim at trial 6: 77.542000
81088	[3526]	:	Catch Q at trial 6: 77.542000
81640	[552]	:	Key	30	DOWN	at	81640   
83068	[1428]	:	Respose to catch Q at trial 6: 81.645000
83068	[0]	:	RT and choice to catch Q at trial 6: 0.577000, 30
83095	[27]	:	Fixation at trial 7: 83.075000
83617	[522]	:	Object at trial 7: 83.597000
87140	[3523]	:	Fixation at trial 7: 87.120000
87662	[522]	:	Catch Stim at trial 7: 87.642000
91187	[3525]	:	Catch Q at trial 7: 87.642000
92410	[1223]	:	Key	30	DOWN	at	92410   
93167	[757]	:	Respose to catch Q at trial 7: 92.416000
93168	[1]	:	RT and choice to catch Q at trial 7: 1.249000, 30
93193	[25]	:	Fixation at trial 8: 93.173000
93716	[523]	:	Object at trial 8: 93.696000
97239	[3523]	:	Fixation at trial 8: 97.219000
97762	[523]	:	Catch Stim at trial 8: 97.742000
101287	[3525]	:	Catch Q at trial 8: 97.742000
102636	[1349]	:	Key	28	DOWN	at	102636  
103267	[631]	:	Respose to catch Q at trial 8: 102.642000
103268	[1]	:	RT and choice to catch Q at trial 8: 1.375000, 28
103292	[24]	:	Fixation at trial 9: 103.272000
103814	[522]	:	Object at trial 9: 103.794000
107337	[3523]	:	Fixation at trial 9: 107.317000
107860	[523]	:	Catch Stim at trial 9: 107.840000
111385	[3525]	:	Catch Q at trial 9: 107.840000
112356	[971]	:	Key	28	DOWN	at	112356  
113365	[1009]	:	Respose to catch Q at trial 9: 112.362000
113366	[1]	:	RT and choice to catch Q at trial 9: 0.997000, 28
113391	[25]	:	Fixation at trial 10: 113.371000
113913	[522]	:	Object at trial 10: 113.893000
117436	[3523]	:	Fixation at trial 10: 117.416000
117957	[521]	:	Catch Stim at trial 10: 117.937000
121482	[3525]	:	Catch Q at trial 10: 117.937000
122427	[945]	:	Key	30	DOWN	at	122427  
123462	[1035]	:	Respose to catch Q at trial 10: 122.433000
123463	[1]	:	RT and choice to catch Q at trial 10: 0.971000, 30
123487	[24]	:	Fixation at trial 11: 123.467000
124009	[522]	:	Object at trial 11: 123.989000
127532	[3523]	:	Fixation at trial 11: 127.512000
128053	[521]	:	Catch Stim at trial 11: 128.034000
131578	[3525]	:	Catch Q at trial 11: 128.034000
132158	[580]	:	Key	30	DOWN	at	132158  
133558	[1400]	:	Respose to catch Q at trial 11: 132.164000
133558	[0]	:	RT and choice to catch Q at trial 11: 0.606000, 30
133583	[25]	:	Fixation at trial 12: 133.563000
134106	[523]	:	Object at trial 12: 134.086000
137629	[3523]	:	Fixation at trial 12: 137.609000
138152	[523]	:	Catch Stim at trial 12: 138.132000
141677	[3525]	:	Catch Q at trial 12: 138.132000
142323	[646]	:	Key	30	DOWN	at	142323  
143657	[1334]	:	Respose to catch Q at trial 12: 142.329000
143657	[0]	:	RT and choice to catch Q at trial 12: 0.672000, 30
143682	[25]	:	Fixation at trial 13: 143.662000
144204	[522]	:	Object at trial 13: 144.184000
147727	[3523]	:	Fixation at trial 13: 147.707000
148249	[522]	:	Catch Stim at trial 13: 148.229000
151774	[3525]	:	Catch Q at trial 13: 148.229000
152669	[895]	:	Key	28	DOWN	at	152669  
153754	[1085]	:	Respose to catch Q at trial 13: 152.675000
153755	[1]	:	RT and choice to catch Q at trial 13: 0.921000, 28
153779	[24]	:	Fixation at trial 14: 153.759000
154301	[522]	:	Object at trial 14: 154.281000
157824	[3523]	:	Fixation at trial 14: 157.804000
158346	[522]	:	Catch Stim at trial 14: 158.326000
161871	[3525]	:	Catch Q at trial 14: 158.326000
162694	[823]	:	Key	28	DOWN	at	162694  
163851	[1157]	:	Respose to catch Q at trial 14: 162.700000
163852	[1]	:	RT and choice to catch Q at trial 14: 0.849000, 28
163876	[24]	:	Fixation at trial 15: 163.856000
164398	[522]	:	Object at trial 15: 164.378000
167921	[3523]	:	Fixation at trial 15: 167.901000
168442	[521]	:	Catch Stim at trial 15: 168.422000
171967	[3525]	:	Catch Q at trial 15: 168.422000
172850	[883]	:	Key	28	DOWN	at	172850  
173947	[1097]	:	Respose to catch Q at trial 15: 172.856000
173948	[1]	:	RT and choice to catch Q at trial 15: 0.909000, 28
173972	[24]	:	Fixation at trial 16: 173.952000
174494	[522]	:	Object at trial 16: 174.474000
178017	[3523]	:	Fixation at trial 16: 177.997000
178539	[522]	:	Catch Stim at trial 16: 178.519000
182064	[3525]	:	Catch Q at trial 16: 178.519000
182936	[872]	:	Key	28	DOWN	at	182936  
184044	[1108]	:	Respose to catch Q at trial 16: 182.942000
184045	[1]	:	RT and choice to catch Q at trial 16: 0.898000, 28
184069	[24]	:	Fixation at trial 17: 184.049000
184591	[522]	:	Object at trial 17: 184.571000
188114	[3523]	:	Fixation at trial 17: 188.094000
188635	[521]	:	Catch Stim at trial 17: 188.615000
192160	[3525]	:	Catch Q at trial 17: 188.615000
192921	[761]	:	Key	30	DOWN	at	192921  
194140	[1219]	:	Respose to catch Q at trial 17: 192.927000
194140	[0]	:	RT and choice to catch Q at trial 17: 0.787000, 30
194165	[25]	:	Fixation at trial 18: 194.145000
194687	[522]	:	Object at trial 18: 194.667000
198210	[3523]	:	Fixation at trial 18: 198.190000
198731	[521]	:	Catch Stim at trial 18: 198.711000
202256	[3525]	:	Catch Q at trial 18: 198.711000
203182	[926]	:	Key	30	DOWN	at	203182  
204236	[1054]	:	Respose to catch Q at trial 18: 203.188000
204236	[0]	:	RT and choice to catch Q at trial 18: 0.952000, 30
204261	[25]	:	Fixation at trial 19: 204.241000
204783	[522]	:	Object at trial 19: 204.763000
208306	[3523]	:	Fixation at trial 19: 208.286000
208827	[521]	:	Catch Stim at trial 19: 208.807000
212352	[3525]	:	Catch Q at trial 19: 208.807000
213362	[1010]	:	Key	28	DOWN	at	213362  
214332	[970]	:	Respose to catch Q at trial 19: 213.368000
214332	[0]	:	RT and choice to catch Q at trial 19: 1.036000, 28
214357	[25]	:	Fixation at trial 20: 214.337000
214879	[522]	:	Object at trial 20: 214.859000
218402	[3523]	:	Fixation at trial 20: 218.382000
218924	[522]	:	Catch Stim at trial 20: 218.904000
222449	[3525]	:	Catch Q at trial 20: 218.904000
223063	[614]	:	Key	30	DOWN	at	223063  
224429	[1366]	:	Respose to catch Q at trial 20: 223.068000
224430	[1]	:	RT and choice to catch Q at trial 20: 0.639000, 30
224454	[24]	:	Fixation at trial 21: 224.434000
224977	[523]	:	Object at trial 21: 224.957000
228500	[3523]	:	Fixation at trial 21: 228.480000
229022	[522]	:	Catch Stim at trial 21: 229.002000
232547	[3525]	:	Catch Q at trial 21: 229.002000
233383	[836]	:	Key	28	DOWN	at	233383  
234527	[1144]	:	Respose to catch Q at trial 21: 233.389000
234527	[0]	:	RT and choice to catch Q at trial 21: 0.862000, 28
234552	[25]	:	Fixation at trial 22: 234.532000
235074	[522]	:	Object at trial 22: 235.054000
238597	[3523]	:	Fixation at trial 22: 238.577000
239119	[522]	:	Catch Stim at trial 22: 239.099000
242644	[3525]	:	Catch Q at trial 22: 239.099000
243474	[830]	:	Key	28	DOWN	at	243474  
244624	[1150]	:	Respose to catch Q at trial 22: 243.480000
244624	[0]	:	RT and choice to catch Q at trial 22: 0.856000, 28
244649	[25]	:	Fixation at trial 23: 244.629000
245171	[522]	:	Object at trial 23: 245.151000
248694	[3523]	:	Fixation at trial 23: 248.674000
249216	[522]	:	Catch Stim at trial 23: 249.196000
252741	[3525]	:	Catch Q at trial 23: 249.196000
253575	[834]	:	Key	28	DOWN	at	253575  
254721	[1146]	:	Respose to catch Q at trial 23: 253.581000
254721	[0]	:	RT and choice to catch Q at trial 23: 0.860000, 28
254746	[25]	:	Fixation at trial 24: 254.726000
255268	[522]	:	Object at trial 24: 255.248000
258793	[3525]	:	Fixation at trial 24: 258.772000
259313	[520]	:	Catch Stim at trial 24: 259.294000
262837	[3524]	:	Catch Q at trial 24: 259.294000
263540	[703]	:	Key	30	DOWN	at	263540  
264817	[1277]	:	Respose to catch Q at trial 24: 263.546000
264817	[0]	:	RT and choice to catch Q at trial 24: 0.729000, 30
264842	[25]	:	Fixation at trial 25: 264.822000
265364	[522]	:	Object at trial 25: 265.344000
268887	[3523]	:	Fixation at trial 25: 268.867000
269408	[521]	:	Catch Stim at trial 25: 269.388000
272933	[3525]	:	Catch Q at trial 25: 269.388000
273941	[1008]	:	Key	28	DOWN	at	273941  
274913	[972]	:	Respose to catch Q at trial 25: 273.947000
274913	[0]	:	RT and choice to catch Q at trial 25: 1.034000, 28
274938	[25]	:	Fixation at trial 26: 274.918000
275460	[522]	:	Object at trial 26: 275.440000
278983	[3523]	:	Fixation at trial 26: 278.963000
279505	[522]	:	Catch Stim at trial 26: 279.485000
283030	[3525]	:	Catch Q at trial 26: 279.485000
284196	[1166]	:	Key	28	DOWN	at	284196  
285010	[814]	:	Respose to catch Q at trial 26: 284.202000
285010	[0]	:	RT and choice to catch Q at trial 26: 1.192000, 28
285035	[25]	:	Fixation at trial 27: 285.015000
285557	[522]	:	Object at trial 27: 285.537000
289080	[3523]	:	Fixation at trial 27: 289.060000
289602	[522]	:	Catch Stim at trial 27: 289.582000
293127	[3525]	:	Catch Q at trial 27: 289.582000
293802	[675]	:	Key	28	DOWN	at	293802  
295107	[1305]	:	Respose to catch Q at trial 27: 293.808000
295107	[0]	:	RT and choice to catch Q at trial 27: 0.701000, 28
295132	[25]	:	Fixation at trial 28: 295.112000
295654	[522]	:	Object at trial 28: 295.634000
299177	[3523]	:	Fixation at trial 28: 299.157000
299699	[522]	:	Catch Stim at trial 28: 299.679000
303225	[3526]	:	Catch Q at trial 28: 299.679000
303962	[737]	:	Key	30	DOWN	at	303962  
305205	[1243]	:	Respose to catch Q at trial 28: 303.967000
305205	[0]	:	RT and choice to catch Q at trial 28: 0.762000, 30
305230	[25]	:	Fixation at trial 29: 305.210000
305752	[522]	:	Object at trial 29: 305.732000
309275	[3523]	:	Fixation at trial 29: 309.255000
309797	[522]	:	Catch Stim at trial 29: 309.777000
313322	[3525]	:	Catch Q at trial 29: 309.777000
314383	[1061]	:	Key	28	DOWN	at	314383  
315302	[919]	:	Respose to catch Q at trial 29: 314.389000
315302	[0]	:	RT and choice to catch Q at trial 29: 1.087000, 28
315326	[24]	:	Fixation at trial 30: 315.306000
315848	[522]	:	Object at trial 30: 315.828000
319371	[3523]	:	Fixation at trial 30: 319.351000
319893	[522]	:	Catch Stim at trial 30: 319.873000
323419	[3526]	:	Catch Q at trial 30: 319.873000
324359	[940]	:	Key	30	DOWN	at	324359  
325399	[1040]	:	Respose to catch Q at trial 30: 324.365000
325399	[0]	:	RT and choice to catch Q at trial 30: 0.966000, 30
325424	[25]	:	Fixation at trial 31: 325.404000
325947	[523]	:	Object at trial 31: 325.927000
329470	[3523]	:	Fixation at trial 31: 329.450000
329992	[522]	:	Catch Stim at trial 31: 329.972000
333518	[3526]	:	Catch Q at trial 31: 329.972000
334344	[826]	:	Key	28	DOWN	at	334344  
335498	[1154]	:	Respose to catch Q at trial 31: 334.350000
335498	[0]	:	RT and choice to catch Q at trial 31: 0.852000, 28
335524	[26]	:	Fixation at trial 32: 335.504000
336046	[522]	:	Object at trial 32: 336.026000
339569	[3523]	:	Fixation at trial 32: 339.549000
340092	[523]	:	Catch Stim at trial 32: 340.072000
343617	[3525]	:	Catch Q at trial 32: 340.072000
344345	[728]	:	Key	30	DOWN	at	344345  
345597	[1252]	:	Respose to catch Q at trial 32: 344.351000
345597	[0]	:	RT and choice to catch Q at trial 32: 0.754000, 30
345622	[25]	:	Fixation at trial 33: 345.602000
346144	[522]	:	Object at trial 33: 346.124000
349667	[3523]	:	Fixation at trial 33: 349.647000
350189	[522]	:	Catch Stim at trial 33: 350.169000
353715	[3526]	:	Catch Q at trial 33: 350.169000
354620	[905]	:	Key	28	DOWN	at	354620  
355695	[1075]	:	Respose to catch Q at trial 33: 354.627000
355695	[0]	:	RT and choice to catch Q at trial 33: 0.932000, 28
355720	[25]	:	Fixation at trial 34: 355.700000
356242	[522]	:	Object at trial 34: 356.222000
359765	[3523]	:	Fixation at trial 34: 359.745000
360287	[522]	:	Catch Stim at trial 34: 360.267000
363812	[3525]	:	Catch Q at trial 34: 360.267000
364566	[754]	:	Key	30	DOWN	at	364566  
365792	[1226]	:	Respose to catch Q at trial 34: 364.571000
365792	[0]	:	RT and choice to catch Q at trial 34: 0.779000, 30
365817	[25]	:	Fixation at trial 35: 365.797000
366339	[522]	:	Object at trial 35: 366.319000
369862	[3523]	:	Fixation at trial 35: 369.842000
370384	[522]	:	Catch Stim at trial 35: 370.364000
373909	[3525]	:	Catch Q at trial 35: 370.364000
374591	[682]	:	Key	30	DOWN	at	374591  
375889	[1298]	:	Respose to catch Q at trial 35: 374.597000
375889	[0]	:	RT and choice to catch Q at trial 35: 0.708000, 30
375914	[25]	:	Fixation at trial 36: 375.894000
376436	[522]	:	Object at trial 36: 376.416000
379959	[3523]	:	Fixation at trial 36: 379.939000
380481	[522]	:	Catch Stim at trial 36: 380.461000
384006	[3525]	:	Catch Q at trial 36: 380.461000
384962	[956]	:	Key	30	DOWN	at	384962  
385986	[1024]	:	Respose to catch Q at trial 36: 384.968000
385986	[0]	:	RT and choice to catch Q at trial 36: 0.982000, 30
386011	[25]	:	Fixation at trial 37: 385.991000
386533	[522]	:	Object at trial 37: 386.513000
390056	[3523]	:	Fixation at trial 37: 390.036000
390578	[522]	:	Catch Stim at trial 37: 390.558000
394103	[3525]	:	Catch Q at trial 37: 390.558000
394948	[845]	:	Key	28	DOWN	at	394948  
396083	[1135]	:	Respose to catch Q at trial 37: 394.953000
396083	[0]	:	RT and choice to catch Q at trial 37: 0.870000, 28
396108	[25]	:	Fixation at trial 38: 396.088000
396630	[522]	:	Object at trial 38: 396.610000
400153	[3523]	:	Fixation at trial 38: 400.133000
400675	[522]	:	Catch Stim at trial 38: 400.655000
404200	[3525]	:	Catch Q at trial 38: 400.655000
405178	[978]	:	Key	28	DOWN	at	405178  
406180	[1002]	:	Respose to catch Q at trial 38: 405.184000
406180	[0]	:	RT and choice to catch Q at trial 38: 1.004000, 28
406205	[25]	:	Fixation at trial 39: 406.185000
406727	[522]	:	Object at trial 39: 406.707000
410250	[3523]	:	Fixation at trial 39: 410.230000
410772	[522]	:	Catch Stim at trial 39: 410.752000
414297	[3525]	:	Catch Q at trial 39: 410.752000
415104	[807]	:	Key	30	DOWN	at	415104  
416277	[1173]	:	Respose to catch Q at trial 39: 415.110000
416277	[0]	:	RT and choice to catch Q at trial 39: 0.833000, 30
416302	[25]	:	Fixation at trial 40: 416.282000
416824	[522]	:	Object at trial 40: 416.804000
420347	[3523]	:	Fixation at trial 40: 420.327000
420869	[522]	:	Catch Stim at trial 40: 420.849000
424394	[3525]	:	Catch Q at trial 40: 420.849000
425059	[665]	:	Key	30	DOWN	at	425059  
426374	[1315]	:	Respose to catch Q at trial 40: 425.065000
426374	[0]	:	RT and choice to catch Q at trial 40: 0.691000, 30
426399	[25]	:	Fixation at trial 41: 426.379000
426921	[522]	:	Object at trial 4