Cog2000 log file Wed Oct 09 13:08:03 2019
gprim v1.29 Compiled:Feb  1 2010 (GLib DirectDraw v7 DX10.0 Compiled:Feb  1 2010)
Display:1024x768x32 59.84Hz
CogInput v1.05 Compiled: May 20 2010
0	[0]	:	COGENT START
1170	[1170]	:	Key	30	DOWN	at	1170    
1375	[205]	:	Key	30	UP	at	1375    
2261	[886]	:	Key	28	DOWN	at	2261    
2441	[180]	:	Key	28	UP	at	2441    
22647	[20206]	:	Key	71	DOWN	at	22647   
22704	[57]	:	Fixation at trial 1: 22.682000
23240	[536]	:	Object at trial 1: 23.219000
26768	[3528]	:	Fixation at trial 1: 26.747000
27299	[531]	:	Catch Stim at trial 1: 27.278000
30831	[3532]	:	Catch Q at trial 1: 27.278000
31522	[691]	:	Key	30	DOWN	at	31522   
32815	[1293]	:	Respose to catch Q at trial 1: 31.533000
32818	[3]	:	RT and choice to catch Q at trial 1: 0.723000, 30
32871	[53]	:	Fixation at trial 2: 32.850000
33395	[524]	:	Object at trial 2: 33.375000
36918	[3523]	:	Fixation at trial 2: 36.898000
37444	[526]	:	Catch Stim at trial 2: 37.423000
40969	[3525]	:	Catch Q at trial 2: 37.423000
41618	[649]	:	Key	30	DOWN	at	41618   
42950	[1332]	:	Respose to catch Q at trial 2: 41.625000
42951	[1]	:	RT and choice to catch Q at trial 2: 0.676000, 30
42998	[47]	:	Fixation at trial 3: 42.978000
43520	[522]	:	Object at trial 3: 43.500000
47043	[3523]	:	Fixation at trial 3: 47.023000
47565	[522]	:	Catch Stim at trial 3: 47.545000
51090	[3525]	:	Catch Q at trial 3: 47.545000
51598	[508]	:	Key	30	DOWN	at	51598   
53070	[1472]	:	Respose to catch Q at trial 3: 51.604000
53071	[1]	:	RT and choice to catch Q at trial 3: 0.534000, 30
53110	[39]	:	Fixation at trial 4: 53.090000
53632	[522]	:	Object at trial 4: 53.612000
57155	[3523]	:	Fixation at trial 4: 57.135000
57677	[522]	:	Catch Stim at trial 4: 57.657000
61202	[3525]	:	Catch Q at trial 4: 57.657000
61959	[757]	:	Key	28	DOWN	at	61959   
63183	[1224]	:	Respose to catch Q at trial 4: 61.965000
63184	[1]	:	RT and choice to catch Q at trial 4: 0.783000, 28
63210	[26]	:	Fixation at trial 5: 63.190000
63732	[522]	:	Object at trial 5: 63.712000
67255	[3523]	:	Fixation at trial 5: 67.235000
67777	[522]	:	Catch Stim at trial 5: 67.757000
71302	[3525]	:	Catch Q at trial 5: 67.757000
71950	[648]	:	Key	30	DOWN	at	71950   
73282	[1332]	:	Respose to catch Q at trial 5: 71.956000
73283	[1]	:	RT and choice to catch Q at trial 5: 0.674000, 30
73310	[27]	:	Fixation at trial 6: 73.290000
73832	[522]	:	Object at trial 6: 73.812000
77355	[3523]	:	Fixation at trial 6: 77.335000
77877	[522]	:	Catch Stim at trial 6: 77.857000
81402	[3525]	:	Catch Q at trial 6: 77.857000
82080	[678]	:	Key	30	DOWN	at	82080   
83382	[1302]	:	Respose to catch Q at trial 6: 82.086000
83383	[1]	:	RT and choice to catch Q at trial 6: 0.704000, 30
83409	[26]	:	Fixation at trial 7: 83.389000
83931	[522]	:	Object at trial 7: 83.911000
87454	[3523]	:	Fixation at trial 7: 87.434000
87977	[523]	:	Catch Stim at trial 7: 87.957000
91502	[3525]	:	Catch Q at trial 7: 87.957000
92276	[774]	:	Key	28	DOWN	at	92276   
93482	[1206]	:	Respose to catch Q at trial 7: 92.282000
93483	[1]	:	RT and choice to catch Q at trial 7: 0.800000, 28
93508	[25]	:	Fixation at trial 8: 93.488000
94031	[523]	:	Object at trial 8: 94.011000
97554	[3523]	:	Fixation at trial 8: 97.534000
98077	[523]	:	Catch Stim at trial 8: 98.057000
101602	[3525]	:	Catch Q at trial 8: 98.057000
102271	[669]	:	Key	30	DOWN	at	102271  
103582	[1311]	:	Respose to catch Q at trial 8: 102.277000
103583	[1]	:	RT and choice to catch Q at trial 8: 0.695000, 30
103608	[25]	:	Fixation at trial 9: 103.588000
104130	[522]	:	Object at trial 9: 104.110000
107653	[3523]	:	Fixation at trial 9: 107.633000
108176	[523]	:	Catch Stim at trial 9: 108.156000
111701	[3525]	:	Catch Q at trial 9: 108.156000
112382	[681]	:	Key	30	DOWN	at	112382  
113681	[1299]	:	Respose to catch Q at trial 9: 112.388000
113682	[1]	:	RT and choice to catch Q at trial 9: 0.707000, 30
113707	[25]	:	Fixation at trial 10: 113.687000
114229	[522]	:	Object at trial 10: 114.209000
117752	[3523]	:	Fixation at trial 10: 117.732000
118275	[523]	:	Catch Stim at trial 10: 118.255000
121800	[3525]	:	Catch Q at trial 10: 118.255000
122272	[472]	:	Key	30	DOWN	at	122272  
123780	[1508]	:	Respose to catch Q at trial 10: 122.278000
123781	[1]	:	RT and choice to catch Q at trial 10: 0.498000, 30
123806	[25]	:	Fixation at trial 11: 123.786000
124328	[522]	:	Object at trial 11: 124.308000
127851	[3523]	:	Fixation at trial 11: 127.831000
128374	[523]	:	Catch Stim at trial 11: 128.353000
131899	[3525]	:	Catch Q at trial 11: 128.353000
132473	[574]	:	Key	30	DOWN	at	132473  
133879	[1406]	:	Respose to catch Q at trial 11: 132.479000
133879	[0]	:	RT and choice to catch Q at trial 11: 0.600000, 30
133904	[25]	:	Fixation at trial 12: 133.884000
134426	[522]	:	Object at trial 12: 134.406000
137949	[3523]	:	Fixation at trial 12: 137.929000
138471	[522]	:	Catch Stim at trial 12: 138.451000
141996	[3525]	:	Catch Q at trial 12: 138.451000
142774	[778]	:	Key	28	DOWN	at	142774  
143976	[1202]	:	Respose to catch Q at trial 12: 142.780000
143977	[1]	:	RT and choice to catch Q at trial 12: 0.804000, 28
144002	[25]	:	Fixation at trial 13: 143.982000
144524	[522]	:	Object at trial 13: 144.504000
148047	[3523]	:	Fixation at trial 13: 148.027000
148569	[522]	:	Catch Stim at trial 13: 148.549000
152094	[3525]	:	Catch Q at trial 13: 148.549000
152799	[705]	:	Key	30	DOWN	at	152799  
154074	[1275]	:	Respose to catch Q at trial 13: 152.805000
154075	[1]	:	RT and choice to catch Q at trial 13: 0.731000, 30
154099	[24]	:	Fixation at trial 14: 154.079000
154621	[522]	:	Object at trial 14: 154.601000
158144	[3523]	:	Fixation at trial 14: 158.124000
158666	[522]	:	Catch Stim at trial 14: 158.646000
162191	[3525]	:	Catch Q at trial 14: 158.646000
162785	[594]	:	Key	30	DOWN	at	162785  
164171	[1386]	:	Respose to catch Q at trial 14: 162.791000
164172	[1]	:	RT and choice to catch Q at trial 14: 0.620000, 30
164196	[24]	:	Fixation at trial 15: 164.176000
164718	[522]	:	Object at trial 15: 164.698000
168241	[3523]	:	Fixation at trial 15: 168.221000
168762	[521]	:	Catch Stim at trial 15: 168.742000
172287	[3525]	:	Catch Q at trial 15: 168.742000
173085	[798]	:	Key	28	DOWN	at	173085  
174267	[1182]	:	Respose to catch Q at trial 15: 173.091000
174268	[1]	:	RT and choice to catch Q at trial 15: 0.824000, 28
174292	[24]	:	Fixation at trial 16: 174.272000
174814	[522]	:	Object at trial 16: 174.794000
178337	[3523]	:	Fixation at trial 16: 178.317000
178858	[521]	:	Catch Stim at trial 16: 178.838000
182383	[3525]	:	Catch Q at trial 16: 178.838000
183021	[638]	:	Key	28	DOWN	at	183021  
184363	[1342]	:	Respose to catch Q at trial 16: 183.027000
184364	[1]	:	RT and choice to catch Q at trial 16: 0.664000, 28
184388	[24]	:	Fixation at trial 17: 184.368000
184910	[522]	:	Object at trial 17: 184.890000
188433	[3523]	:	Fixation at trial 17: 188.413000
188955	[522]	:	Catch Stim at trial 17: 188.935000
192480	[3525]	:	Catch Q at trial 17: 188.935000
193096	[616]	:	Key	28	DOWN	at	193096  
194460	[1364]	:	Respose to catch Q at trial 17: 193.102000
194460	[0]	:	RT and choice to catch Q at trial 17: 0.642000, 28
194485	[25]	:	Fixation at trial 18: 194.465000
195007	[522]	:	Object at trial 18: 194.987000
198530	[3523]	:	Fixation at trial 18: 198.510000
199051	[521]	:	Catch Stim at trial 18: 199.031000
202576	[3525]	:	Catch Q at trial 18: 199.031000
204607	[2031]	:	Respose to catch Q at trial 18: 204.085000
204608	[1]	:	RT and choice to catch Q at trial 18: 1.529000, 0
204644	[36]	:	Fixation at trial 19: 204.624000
205166	[522]	:	Object at trial 19: 205.146000
208689	[3523]	:	Fixation at trial 19: 208.669000
209211	[522]	:	Catch Stim at trial 19: 209.191000
212736	[3525]	:	Catch Q at trial 19: 209.191000
213323	[587]	:	Key	28	DOWN	at	213323  
214716	[1393]	:	Respose to catch Q at trial 19: 213.330000
214717	[1]	:	RT and choice to catch Q at trial 19: 0.614000, 28
214741	[24]	:	Fixation at trial 20: 214.721000
215263	[522]	:	Object at trial 20: 215.243000
218786	[3523]	:	Fixation at trial 20: 218.766000
219308	[522]	:	Catch Stim at trial 20: 219.288000
222834	[3526]	:	Catch Q at trial 20: 219.288000
223498	[664]	:	Key	28	DOWN	at	223498  
224814	[1316]	:	Respose to catch Q at trial 20: 223.505000
224814	[0]	:	RT and choice to catch Q at trial 20: 0.691000, 28
224839	[25]	:	Fixation at trial 21: 224.819000
225361	[522]	:	Object at trial 21: 225.341000
228884	[3523]	:	Fixation at trial 21: 228.864000
229405	[521]	:	Catch Stim at trial 21: 229.385000
232930	[3525]	:	Catch Q at trial 21: 229.385000
233579	[649]	:	Key	28	DOWN	at	233579  
234910	[1331]	:	Respose to catch Q at trial 21: 233.585000
234910	[0]	:	RT and choice to catch Q at trial 21: 0.675000, 28
234935	[25]	:	Fixation at trial 22: 234.915000
235458	[523]	:	Object at trial 22: 235.438000
238981	[3523]	:	Fixation at trial 22: 238.961000
239502	[521]	:	Catch Stim at trial 22: 239.482000
243027	[3525]	:	Catch Q at trial 22: 239.482000
243639	[612]	:	Key	28	DOWN	at	243639  
245007	[1368]	:	Respose to catch Q at trial 22: 243.645000
245008	[1]	:	RT and choice to catch Q at trial 22: 0.638000, 28
245032	[24]	:	Fixation at trial 23: 245.012000
245554	[522]	:	Object at trial 23: 245.534000
249077	[3523]	:	Fixation at trial 23: 249.057000
249598	[521]	:	Catch Stim at trial 23: 249.578000
253123	[3525]	:	Catch Q at trial 23: 249.578000
254095	[972]	:	Key	28	DOWN	at	254095  
255103	[1008]	:	Respose to catch Q at trial 23: 254.101000
255103	[0]	:	RT and choice to catch Q at trial 23: 0.998000, 28
255128	[25]	:	Fixation at trial 24: 255.108000
255651	[523]	:	Object at trial 24: 255.631000
259175	[3524]	:	Fixation at trial 24: 259.154000
259696	[521]	:	Catch Stim at trial 24: 259.676000
263222	[3526]	:	Catch Q at trial 24: 259.676000
263901	[679]	:	Key	28	DOWN	at	263901  
265202	[1301]	:	Respose to catch Q at trial 24: 263.907000
265203	[1]	:	RT and choice to catch Q at trial 24: 0.705000, 28
265227	[24]	:	Fixation at trial 25: 265.207000
265749	[522]	:	Object at trial 25: 265.729000
269272	[3523]	:	Fixation at trial 25: 269.252000
269793	[521]	:	Catch Stim at trial 25: 269.773000
273318	[3525]	:	Catch Q at trial 25: 269.773000
274126	[808]	:	Key	30	DOWN	at	274126  
275298	[1172]	:	Respose to catch Q at trial 25: 274.132000
275299	[1]	:	RT and choice to catch Q at trial 25: 0.834000, 30
275323	[24]	:	Fixation at trial 26: 275.303000
275845	[522]	:	Object at trial 26: 275.825000
279368	[3523]	:	Fixation at trial 26: 279.348000
279889	[521]	:	Catch Stim at trial 26: 279.869000
283414	[3525]	:	Catch Q at trial 26: 279.869000
283857	[443]	:	Key	30	DOWN	at	283857  
285394	[1537]	:	Respose to catch Q at trial 26: 283.863000
285394	[0]	:	RT and choice to catch Q at trial 26: 0.469000, 30
285419	[25]	:	Fixation at trial 27: 285.399000
285941	[522]	:	Object at trial 27: 285.921000
289464	[3523]	:	Fixation at trial 27: 289.444000
289986	[522]	:	Catch Stim at trial 27: 289.966000
293511	[3525]	:	Catch Q at trial 27: 289.966000
294467	[956]	:	Key	28	DOWN	at	294467  
295491	[1024]	:	Respose to catch Q at trial 27: 294.473000
295491	[0]	:	RT and choice to catch Q at trial 27: 0.982000, 28
295516	[25]	:	Fixation at trial 28: 295.496000
296038	[522]	:	Object at trial 28: 296.018000
299562	[3524]	:	Fixation at trial 28: 299.542000
300083	[521]	:	Catch Stim at trial 28: 300.063000
303609	[3526]	:	Catch Q at trial 28: 300.063000
304363	[754]	:	Key	28	DOWN	at	304363  
305589	[1226]	:	Respose to catch Q at trial 28: 304.368000
305590	[1]	:	RT and choice to catch Q at trial 28: 0.779000, 28
305614	[24]	:	Fixation at trial 29: 305.594000
306137	[523]	:	Object at trial 29: 306.117000
309660	[3523]	:	Fixation at trial 29: 309.640000
310182	[522]	:	Catch Stim at trial 29: 310.162000
313708	[3526]	:	Catch Q at trial 29: 310.162000
314458	[750]	:	Key	28	DOWN	at	314458  
315688	[1230]	:	Respose to catch Q at trial 29: 314.464000
315688	[0]	:	RT and choice to catch Q at trial 29: 0.776000, 28
315713	[25]	:	Fixation at trial 30: 315.693000
316235	[522]	:	Object at trial 30: 316.215000
319758	[3523]	:	Fixation at trial 30: 319.738000
320280	[522]	:	Catch Stim at trial 30: 320.260000
323805	[3525]	:	Catch Q at trial 30: 320.260000
324384	[579]	:	Key	30	DOWN	at	324384  
325785	[1401]	:	Respose to catch Q at trial 30: 324.390000
325785	[0]	:	RT and choice to catch Q at trial 30: 0.605000, 30
325810	[25]	:	Fixation at trial 31: 325.790000
326332	[522]	:	Object at trial 31: 326.312000
329855	[3523]	:	Fixation at trial 31: 329.835000
330377	[522]	:	Catch Stim at trial 31: 330.357000
333903	[3526]	:	Catch Q at trial 31: 330.357000
334605	[702]	:	Key	30	DOWN	at	334605  
335883	[1278]	:	Respose to catch Q at trial 31: 334.611000
335883	[0]	:	RT and choice to catch Q at trial 31: 0.728000, 30
335908	[25]	:	Fixation at trial 32: 335.888000
336430	[522]	:	Object at trial 32: 336.410000
339953	[3523]	:	Fixation at trial 32: 339.933000
340475	[522]	:	Catch Stim at trial 32: 340.455000
344001	[3526]	:	Catch Q at trial 32: 340.455000
344580	[579]	:	Key	30	DOWN	at	344580  
345981	[1401]	:	Respose to catch Q at trial 32: 344.585000
345981	[0]	:	RT and choice to catch Q at trial 32: 0.604000, 30
346006	[25]	:	Fixation at trial 33: 345.986000
346528	[522]	:	Object at trial 33: 346.508000
350051	[3523]	:	Fixation at trial 33: 350.031000
350573	[522]	:	Catch Stim at trial 33: 350.553000
354099	[3526]	:	Catch Q at trial 33: 350.553000
355031	[932]	:	Key	30	DOWN	at	355031  
356079	[1048]	:	Respose to catch Q at trial 33: 355.037000
356079	[0]	:	RT and choice to catch Q at trial 33: 0.958000, 30
356104	[25]	:	Fixation at trial 34: 356.084000
356626	[522]	:	Object at trial 34: 356.606000
360149	[3523]	:	Fixation at trial 34: 360.129000
360671	[522]	:	Catch Stim at trial 34: 360.651000
364196	[3525]	:	Catch Q at trial 34: 360.651000
364901	[705]	:	Key	28	DOWN	at	364901  
366176	[1275]	:	Respose to catch Q at trial 34: 364.907000
366177	[1]	:	RT and choice to catch Q at trial 34: 0.731000, 28
366201	[24]	:	Fixation at trial 35: 366.181000
366724	[523]	:	Object at trial 35: 366.704000
370247	[3523]	:	Fixation at trial 35: 370.227000
370769	[522]	:	Catch Stim at trial 35: 370.749000
374295	[3526]	:	Catch Q at trial 35: 370.749000
375107	[812]	:	Key	30	DOWN	at	375107  
376275	[1168]	:	Respose to catch Q at trial 35: 375.113000
376275	[0]	:	RT and choice to catch Q at trial 35: 0.838000, 30
376300	[25]	:	Fixation at trial 36: 376.280000
376822	[522]	:	Object at trial 36: 376.802000
380345	[3523]	:	Fixation at trial 36: 380.325000
380867	[522]	:	Catch Stim at trial 36: 380.847000
384392	[3525]	:	Catch Q at trial 36: 380.847000
385137	[745]	:	Key	28	DOWN	at	385137  
386372	[1235]	:	Respose to catch Q at trial 36: 385.143000
386372	[0]	:	RT and choice to catch Q at trial 36: 0.771000, 28
386397	[25]	:	Fixation at trial 37: 386.377000
386919	[522]	:	Object at trial 37: 386.899000
390442	[3523]	:	Fixation at trial 37: 390.422000
390964	[522]	:	Catch Stim at trial 37: 390.944000
394489	[3525]	:	Catch Q at trial 37: 390.944000
395528	[1039]	:	Key	28	DOWN	at	395528  
396469	[941]	:	Respose to catch Q at trial 37: 395.534000
396470	[1]	:	RT and choice to catch Q at trial 37: 1.065000, 28
396494	[24]	:	Fixation at trial 38: 396.474000
397016	[522]	:	Object at trial 38: 396.996000
400539	[3523]	:	Fixation at trial 38: 400.519000
401061	[522]	:	Catch Stim at trial 38: 401.041000
404586	[3525]	:	Catch Q at trial 38: 401.041000
405174	[588]	:	Key	30	DOWN	at	405174  
406566	[1392]	:	Respose to catch Q at trial 38: 405.179000
406566	[0]	:	RT and choice to catch Q at trial 38: 0.613000, 30
406591	[25]	:	Fixation at trial 39: 406.571000
407113	[522]	:	Object at trial 39: 407.093000
410636	[3523]	:	Fixation at trial 39: 410.616000
411157	[521]	:	Catch Stim at trial 39: 411.137000
414682	[3525]	:	Catch Q at trial 39: 411.137000
415379	[697]	:	Key	30	DOWN	at	415379  
416662	[1283]	:	Respose to catch Q at trial 39: 415.385000
416662	[0]	:	RT and choice to catch Q at trial 39: 0.723000, 30
416687	[25]	:	Fixation at trial 40: 416.667000
417209	[522]	:	Object at trial 40: 417.189000
420732	[3523]	:	Fixation at trial 40: 420.712000
421254	[522]	:	Catch Stim at trial 40: 421.234000
424779	[3525]	:	Catch Q at trial 40: 421.234000
425630	[851]	:	Key	28	DOWN	at	425630  
426759	[1129]	:	Respose to catch Q at trial 40: 425.636000
426760	[1]	:	RT and choice to catch Q at trial 40: 0.877000, 28
426784	[24]	:	Fixation at trial 41: 426.764000
427307	[523]	:	Object at trial 41: 427.287000
430830	[3523]	:	Fixation a