Cog2000 log file Wed Oct 09 13:27:14 2019
gprim v1.29 Compiled:Feb  1 2010 (GLib DirectDraw v7 DX10.0 Compiled:Feb  1 2010)
Display:1024x768x32 59.81Hz
CogInput v1.05 Compiled: May 20 2010
0	[0]	:	COGENT START
895	[895]	:	Key	30	DOWN	at	895     
1070	[175]	:	Key	30	UP	at	1070    
1685	[615]	:	Key	28	DOWN	at	1685    
1830	[145]	:	Key	28	UP	at	1830    
23767	[21937]	:	Key	71	DOWN	at	23767   
23819	[52]	:	Fixation at trial 1: 23.799000
24346	[527]	:	Object at trial 1: 24.326000
27869	[3523]	:	Fixation at trial 1: 27.849000
28394	[525]	:	Catch Stim at trial 1: 28.374000
31923	[3529]	:	Catch Q at trial 1: 28.374000
32682	[759]	:	Key	28	DOWN	at	32682   
33903	[1221]	:	Respose to catch Q at trial 1: 32.689000
33904	[1]	:	RT and choice to catch Q at trial 1: 0.786000, 28
33933	[29]	:	Fixation at trial 2: 33.913000
34455	[522]	:	Object at trial 2: 34.435000
37978	[3523]	:	Fixation at trial 2: 37.958000
38499	[521]	:	Catch Stim at trial 2: 38.479000
42024	[3525]	:	Catch Q at trial 2: 38.479000
42728	[704]	:	Key	30	DOWN	at	42728   
44004	[1276]	:	Respose to catch Q at trial 2: 42.734000
44004	[0]	:	RT and choice to catch Q at trial 2: 0.730000, 30
44034	[30]	:	Fixation at trial 3: 44.014000
44556	[522]	:	Object at trial 3: 44.536000
48079	[3523]	:	Fixation at trial 3: 48.059000
48600	[521]	:	Catch Stim at trial 3: 48.580000
52125	[3525]	:	Catch Q at trial 3: 48.580000
52693	[568]	:	Key	30	DOWN	at	52693   
54105	[1412]	:	Respose to catch Q at trial 3: 52.699000
54105	[0]	:	RT and choice to catch Q at trial 3: 0.594000, 30
54130	[25]	:	Fixation at trial 4: 54.110000
54652	[522]	:	Object at trial 4: 54.632000
58175	[3523]	:	Fixation at trial 4: 58.155000
58696	[521]	:	Catch Stim at trial 4: 58.676000
62221	[3525]	:	Catch Q at trial 4: 58.676000
62954	[733]	:	Key	28	DOWN	at	62954   
64202	[1248]	:	Respose to catch Q at trial 4: 62.960000
64202	[0]	:	RT and choice to catch Q at trial 4: 0.759000, 28
64226	[24]	:	Fixation at trial 5: 64.207000
64747	[521]	:	Object at trial 5: 64.728000
68270	[3523]	:	Fixation at trial 5: 68.250000
68791	[521]	:	Catch Stim at trial 5: 68.771000
72316	[3525]	:	Catch Q at trial 5: 68.771000
73079	[763]	:	Key	28	DOWN	at	73079   
74296	[1217]	:	Respose to catch Q at trial 5: 73.085000
74296	[0]	:	RT and choice to catch Q at trial 5: 0.789000, 28
74321	[25]	:	Fixation at trial 6: 74.301000
74844	[523]	:	Object at trial 6: 74.824000
78367	[3523]	:	Fixation at trial 6: 78.347000
78888	[521]	:	Catch Stim at trial 6: 78.868000
82413	[3525]	:	Catch Q at trial 6: 78.868000
83105	[692]	:	Key	28	DOWN	at	83105   
84393	[1288]	:	Respose to catch Q at trial 6: 83.110000
84393	[0]	:	RT and choice to catch Q at trial 6: 0.717000, 28
84418	[25]	:	Fixation at trial 7: 84.398000
84940	[522]	:	Object at trial 7: 84.920000
88463	[3523]	:	Fixation at trial 7: 88.443000
88984	[521]	:	Catch Stim at trial 7: 88.964000
92509	[3525]	:	Catch Q at trial 7: 88.964000
93101	[592]	:	Key	30	DOWN	at	93101   
94489	[1388]	:	Respose to catch Q at trial 7: 93.107000
94489	[0]	:	RT and choice to catch Q at trial 7: 0.618000, 30
94514	[25]	:	Fixation at trial 8: 94.494000
95036	[522]	:	Object at trial 8: 95.016000
98559	[3523]	:	Fixation at trial 8: 98.539000
99080	[521]	:	Catch Stim at trial 8: 99.060000
102605	[3525]	:	Catch Q at trial 8: 99.060000
103573	[968]	:	Key	28	DOWN	at	103573  
104585	[1012]	:	Respose to catch Q at trial 8: 103.579000
104585	[0]	:	RT and choice to catch Q at trial 8: 0.994000, 28
104610	[25]	:	Fixation at trial 9: 104.590000
105132	[522]	:	Object at trial 9: 105.112000
108655	[3523]	:	Fixation at trial 9: 108.635000
109176	[521]	:	Catch Stim at trial 9: 109.156000
112701	[3525]	:	Catch Q at trial 9: 109.156000
113155	[454]	:	Key	30	DOWN	at	113155  
114681	[1526]	:	Respose to catch Q at trial 9: 113.161000
114681	[0]	:	RT and choice to catch Q at trial 9: 0.480000, 30
114706	[25]	:	Fixation at trial 10: 114.686000
115228	[522]	:	Object at trial 10: 115.208000
118751	[3523]	:	Fixation at trial 10: 118.731000
119272	[521]	:	Catch Stim at trial 10: 119.252000
122797	[3525]	:	Catch Q at trial 10: 119.252000
123515	[718]	:	Key	28	DOWN	at	123515  
124777	[1262]	:	Respose to catch Q at trial 10: 123.521000
124778	[1]	:	RT and choice to catch Q at trial 10: 0.744000, 28
124802	[24]	:	Fixation at trial 11: 124.782000
125324	[522]	:	Object at trial 11: 125.304000
128847	[3523]	:	Fixation at trial 11: 128.827000
129368	[521]	:	Catch Stim at trial 11: 129.348000
132893	[3525]	:	Catch Q at trial 11: 129.348000
133971	[1078]	:	Key	30	DOWN	at	133971  
134873	[902]	:	Respose to catch Q at trial 11: 133.977000
134873	[0]	:	RT and choice to catch Q at trial 11: 1.104000, 30
134898	[25]	:	Fixation at trial 12: 134.878000
135420	[522]	:	Object at trial 12: 135.400000
138943	[3523]	:	Fixation at trial 12: 138.923000
139464	[521]	:	Catch Stim at trial 12: 139.444000
142989	[3525]	:	Catch Q at trial 12: 139.444000
143521	[532]	:	Key	30	DOWN	at	143521  
144969	[1448]	:	Respose to catch Q at trial 12: 143.526000
144969	[0]	:	RT and choice to catch Q at trial 12: 0.557000, 30
144994	[25]	:	Fixation at trial 13: 144.974000
145516	[522]	:	Object at trial 13: 145.496000
149039	[3523]	:	Fixation at trial 13: 149.019000
149560	[521]	:	Catch Stim at trial 13: 149.540000
153085	[3525]	:	Catch Q at trial 13: 149.540000
153802	[717]	:	Key	30	DOWN	at	153802  
155065	[1263]	:	Respose to catch Q at trial 13: 153.807000
155065	[0]	:	RT and choice to catch Q at trial 13: 0.742000, 30
155090	[25]	:	Fixation at trial 14: 155.070000
155612	[522]	:	Object at trial 14: 155.592000
159135	[3523]	:	Fixation at trial 14: 159.115000
159656	[521]	:	Catch Stim at trial 14: 159.636000
163181	[3525]	:	Catch Q at trial 14: 159.636000
163888	[707]	:	Key	28	DOWN	at	163888  
165161	[1273]	:	Respose to catch Q at trial 14: 163.894000
165161	[0]	:	RT and choice to catch Q at trial 14: 0.733000, 28
165186	[25]	:	Fixation at trial 15: 165.166000
165708	[522]	:	Object at trial 15: 165.688000
169231	[3523]	:	Fixation at trial 15: 169.211000
169752	[521]	:	Catch Stim at trial 15: 169.732000
173277	[3525]	:	Catch Q at trial 15: 169.732000
173993	[716]	:	Key	28	DOWN	at	173993  
175257	[1264]	:	Respose to catch Q at trial 15: 173.999000
175257	[0]	:	RT and choice to catch Q at trial 15: 0.742000, 28
175282	[25]	:	Fixation at trial 16: 175.262000
175804	[522]	:	Object at trial 16: 175.784000
179327	[3523]	:	Fixation at trial 16: 179.307000
179857	[530]	:	Catch Stim at trial 16: 179.837000
183382	[3525]	:	Catch Q at trial 16: 179.837000
183941	[559]	:	Key	30	DOWN	at	183941  
185362	[1421]	:	Respose to catch Q at trial 16: 183.947000
185362	[0]	:	RT and choice to catch Q at trial 16: 0.585000, 30
185387	[25]	:	Fixation at trial 17: 185.367000
185909	[522]	:	Object at trial 17: 185.889000
189432	[3523]	:	Fixation at trial 17: 189.412000
189953	[521]	:	Catch Stim at trial 17: 189.933000
193478	[3525]	:	Catch Q at trial 17: 189.933000
194171	[693]	:	Key	28	DOWN	at	194171  
195458	[1287]	:	Respose to catch Q at trial 17: 194.177000
195458	[0]	:	RT and choice to catch Q at trial 17: 0.719000, 28
195483	[25]	:	Fixation at trial 18: 195.463000
196006	[523]	:	Object at trial 18: 195.986000
199529	[3523]	:	Fixation at trial 18: 199.509000
200051	[522]	:	Catch Stim at trial 18: 200.030000
203576	[3525]	:	Catch Q at trial 18: 200.030000
204432	[856]	:	Key	28	DOWN	at	204432  
205556	[1124]	:	Respose to catch Q at trial 18: 204.438000
205556	[0]	:	RT and choice to catch Q at trial 18: 0.882000, 28
205581	[25]	:	Fixation at trial 19: 205.561000
206103	[522]	:	Object at trial 19: 206.083000
209626	[3523]	:	Fixation at trial 19: 209.606000
210147	[521]	:	Catch Stim at trial 19: 210.127000
213672	[3525]	:	Catch Q at trial 19: 210.127000
214122	[450]	:	Key	30	DOWN	at	214122  
215652	[1530]	:	Respose to catch Q at trial 19: 214.127000
215652	[0]	:	RT and choice to catch Q at trial 19: 0.475000, 30
215677	[25]	:	Fixation at trial 20: 215.657000
216199	[522]	:	Object at trial 20: 216.179000
219722	[3523]	:	Fixation at trial 20: 219.702000
220243	[521]	:	Catch Stim at trial 20: 220.223000
223768	[3525]	:	Catch Q at trial 20: 220.223000
225083	[1315]	:	Key	28	DOWN	at	225083  
225748	[665]	:	Respose to catch Q at trial 20: 225.089000
225749	[1]	:	RT and choice to catch Q at trial 20: 1.341000, 28
225773	[24]	:	Fixation at trial 21: 225.753000
226295	[522]	:	Object at trial 21: 226.275000
229818	[3523]	:	Fixation at trial 21: 229.798000
230339	[521]	:	Catch Stim at trial 21: 230.319000
233864	[3525]	:	Catch Q at trial 21: 230.319000
234554	[690]	:	Key	28	DOWN	at	234554  
235844	[1290]	:	Respose to catch Q at trial 21: 234.559000
235844	[0]	:	RT and choice to catch Q at trial 21: 0.715000, 28
235869	[25]	:	Fixation at trial 22: 235.849000
236391	[522]	:	Object at trial 22: 236.371000
239914	[3523]	:	Fixation at trial 22: 239.894000
240435	[521]	:	Catch Stim at trial 22: 240.415000
243960	[3525]	:	Catch Q at trial 22: 240.415000
244729	[769]	:	Key	28	DOWN	at	244729  
245940	[1211]	:	Respose to catch Q at trial 22: 244.734000
245940	[0]	:	RT and choice to catch Q at trial 22: 0.794000, 28
245965	[25]	:	Fixation at trial 23: 245.945000
246487	[522]	:	Object at trial 23: 246.467000
250010	[3523]	:	Fixation at trial 23: 249.990000
250531	[521]	:	Catch Stim at trial 23: 250.511000
254056	[3525]	:	Catch Q at trial 23: 250.511000
254685	[629]	:	Key	28	DOWN	at	254685  
256036	[1351]	:	Respose to catch Q at trial 23: 254.691000
256036	[0]	:	RT and choice to catch Q at trial 23: 0.655000, 28
256062	[26]	:	Fixation at trial 24: 256.041000
256584	[522]	:	Object at trial 24: 256.564000
260107	[3523]	:	Fixation at trial 24: 260.087000
260628	[521]	:	Catch Stim at trial 24: 260.609000
264152	[3524]	:	Catch Q at trial 24: 260.609000
265195	[1043]	:	Key	28	DOWN	at	265195  
266132	[937]	:	Respose to catch Q at trial 24: 265.201000
266132	[0]	:	RT and choice to catch Q at trial 24: 1.069000, 28
266157	[25]	:	Fixation at trial 25: 266.137000
266679	[522]	:	Object at trial 25: 266.659000
270202	[3523]	:	Fixation at trial 25: 270.182000
270723	[521]	:	Catch Stim at trial 25: 270.703000
274248	[3525]	:	Catch Q at trial 25: 270.703000
275016	[768]	:	Key	30	DOWN	at	275016  
276228	[1212]	:	Respose to catch Q at trial 25: 275.021000
276228	[0]	:	RT and choice to catch Q at trial 25: 0.793000, 30
276253	[25]	:	Fixation at trial 26: 276.233000
276775	[522]	:	Object at trial 26: 276.755000
280298	[3523]	:	Fixation at trial 26: 280.278000
280819	[521]	:	Catch Stim at trial 26: 280.799000
284344	[3525]	:	Catch Q at trial 26: 280.799000
285067	[723]	:	Key	28	DOWN	at	285067  
286324	[1257]	:	Respose to catch Q at trial 26: 285.073000
286324	[0]	:	RT and choice to catch Q at trial 26: 0.749000, 28
286349	[25]	:	Fixation at trial 27: 286.329000
286871	[522]	:	Object at trial 27: 286.851000
290394	[3523]	:	Fixation at trial 27: 290.374000
290915	[521]	:	Catch Stim at trial 27: 290.895000
294440	[3525]	:	Catch Q at trial 27: 290.895000
295142	[702]	:	Key	28	DOWN	at	295142  
296420	[1278]	:	Respose to catch Q at trial 27: 295.147000
296420	[0]	:	RT and choice to catch Q at trial 27: 0.727000, 28
296445	[25]	:	Fixation at trial 28: 296.425000
296967	[522]	:	Object at trial 28: 296.947000
300490	[3523]	:	Fixation at trial 28: 300.470000
301011	[521]	:	Catch Stim at trial 28: 300.991000
304536	[3525]	:	Catch Q at trial 28: 300.991000
305493	[957]	:	Key	28	DOWN	at	305493  
306516	[1023]	:	Respose to catch Q at trial 28: 305.499000
306516	[0]	:	RT and choice to catch Q at trial 28: 0.983000, 28
306541	[25]	:	Fixation at trial 29: 306.521000
307063	[522]	:	Object at trial 29: 307.043000
310586	[3523]	:	Fixation at trial 29: 310.566000
311107	[521]	:	Catch Stim at trial 29: 311.087000
314632	[3525]	:	Catch Q at trial 29: 311.087000
315853	[1221]	:	Key	28	DOWN	at	315853  
316612	[759]	:	Respose to catch Q at trial 29: 315.859000
316612	[0]	:	RT and choice to catch Q at trial 29: 1.247000, 28
316637	[25]	:	Fixation at trial 30: 316.617000
317159	[522]	:	Object at trial 30: 317.139000
320682	[3523]	:	Fixation at trial 30: 320.662000
321203	[521]	:	Catch Stim at trial 30: 321.183000
324728	[3525]	:	Catch Q at trial 30: 321.183000
325234	[506]	:	Key	30	DOWN	at	325234  
326708	[1474]	:	Respose to catch Q at trial 30: 325.239000
326708	[0]	:	RT and choice to catch Q at trial 30: 0.531000, 30
326733	[25]	:	Fixation at trial 31: 326.713000
327255	[522]	:	Object at trial 31: 327.235000
330778	[3523]	:	Fixation at trial 31: 330.758000
331299	[521]	:	Catch Stim at trial 31: 331.279000
334824	[3525]	:	Catch Q at trial 31: 331.279000
335384	[560]	:	Key	30	DOWN	at	335384  
336804	[1420]	:	Respose to catch Q at trial 31: 335.389000
336804	[0]	:	RT and choice to catch Q at trial 31: 0.585000, 30
336829	[25]	:	Fixation at trial 32: 336.809000
337351	[522]	:	Object at trial 32: 337.331000
340874	[3523]	:	Fixation at trial 32: 340.854000
341396	[522]	:	Catch Stim at trial 32: 341.376000
344921	[3525]	:	Catch Q at trial 32: 341.376000
345775	[854]	:	Key	30	DOWN	at	345775  
346901	[1126]	:	Respose to catch Q at trial 32: 345.781000
346901	[0]	:	RT and choice to catch Q at trial 32: 0.880000, 30
346926	[25]	:	Fixation at trial 33: 346.906000
347448	[522]	:	Object at trial 33: 347.428000
350971	[3523]	:	Fixation at trial 33: 350.951000
351492	[521]	:	Catch Stim at trial 33: 351.472000
355017	[3525]	:	Catch Q at trial 33: 351.472000
356026	[1009]	:	Key	30	DOWN	at	356026  
356997	[971]	:	Respose to catch Q at trial 33: 356.032000
356998	[1]	:	RT and choice to catch Q at trial 33: 1.035000, 30
357022	[24]	:	Fixation at trial 34: 357.002000
357544	[522]	:	Object at trial 34: 357.524000
361067	[3523]	:	Fixation at trial 34: 361.047000
361588	[521]	:	Catch Stim at trial 34: 361.568000
365113	[3525]	:	Catch Q at trial 34: 361.568000
365761	[648]	:	Key	30	DOWN	at	365761  
367093	[1332]	:	Respose to catch Q at trial 34: 365.766000
367093	[0]	:	RT and choice to catch Q at trial 34: 0.673000, 30
367118	[25]	:	Fixation at trial 35: 367.098000
367640	[522]	:	Object at trial 35: 367.620000
371163	[3523]	:	Fixation at trial 35: 371.143000
371684	[521]	:	Catch Stim at trial 35: 371.664000
375209	[3525]	:	Catch Q at trial 35: 371.664000
375937	[728]	:	Key	30	DOWN	at	375937  
377189	[1252]	:	Respose to catch Q at trial 35: 375.942000
377189	[0]	:	RT and choice to catch Q at trial 35: 0.753000, 30
377214	[25]	:	Fixation at trial 36: 377.194000
377736	[522]	:	Object at trial 36: 377.716000
381259	[3523]	:	Fixation at trial 36: 381.239000
381780	[521]	:	Catch Stim at trial 36: 381.760000
385305	[3525]	:	Catch Q at trial 36: 381.760000
385832	[527]	:	Key	30	DOWN	at	385832  
387285	[1453]	:	Respose to catch Q at trial 36: 385.837000
387285	[0]	:	RT and choice to catch Q at trial 36: 0.552000, 30
387310	[25]	:	Fixation at trial 37: 387.290000
387832	[522]	:	Object at trial 37: 387.812000
391355	[3523]	:	Fixation at trial 37: 391.335000
391876	[521]	:	Catch Stim at trial 37: 391.856000
395401	[3525]	:	Catch Q at trial 37: 391.856000
396058	[657]	:	Key	28	DOWN	at	396058  
397381	[1323]	:	Respose to catch Q at trial 37: 396.064000
397381	[0]	:	RT and choice to catch Q at trial 37: 0.683000, 28
397406	[25]	:	Fixation at trial 38: 397.386000
397928	[522]	:	Object at trial 38: 397.908000
401451	[3523]	:	Fixation at trial 38: 401.431000
401972	[521]	:	Catch Stim at trial 38: 401.952000
405497	[3525]	:	Catch Q at trial 38: 401.952000
406348	[851]	:	Key	28	DOWN	at	406348  
407477	[1129]	:	Respose to catch Q at trial 38: 406.353000
407477	[0]	:	RT and choice to catch Q at trial 38: 0.876000, 28
407502	[25]	:	Fixation at trial 39: 407.482000
408024	[522]	:	Object at trial 39: 408.004000
411547	[3523]	:	Fixation at trial 39: 411.527000
412068	[521]	:	Catch Stim at trial 39: 412.048000
415593	[3525]	:	Catch Q at trial 39: 412.048000
416109	[516]	:	Key	30	DOWN	at	416109  
417573	[1464]	:	Respose to catch Q at trial 39: 416.114000
417573	[0]	:	RT and choice to catch Q at trial 39: 0.541000, 30
417598	[25]	:	Fixation at trial 40: 417.578000
418120	[522]	:	Object at trial 40: 418.100000
421643	[3523]	:	Fixation at trial 40: 421.623000
422164	[521]	:	Catch Stim at trial 40: 422.144000
425690	[3526]	:	Catch Q at trial 40: 422.144000
426260	[570]	:	Key	30	DOWN	at	426260  
427670	[1410]	:	Respose to catch Q at trial 40: 426.265000
427670	[0]	:	RT and choice to catch Q at trial 40: 0.595000, 30
427695	[25]	:	Fixation at trial 41: 427.675000
428217	[522]	:	Object at trial 41: