Cog2000 log file Wed Oct 23 09:34:33 2019
gprim v1.29 Compiled:Feb  1 2010 (GLib DirectDraw v7 DX10.0 Compiled:Feb  1 2010)
Display:1024x768x32 59.84Hz
CogInput v1.05 Compiled: May 20 2010
0	[0]	:	COGENT START
2791	[2791]	:	Key	30	DOWN	at	2791    
3001	[210]	:	Key	30	UP	at	3001    
3596	[595]	:	Key	28	DOWN	at	3596    
3806	[210]	:	Key	28	UP	at	3806    
28033	[24227]	:	Key	71	DOWN	at	28033   
28087	[54]	:	Fixation at trial 1: 28.067000
29111	[1024]	:	Object at trial 1: 29.090000
31138	[2027]	:	Fixation at trial 1: 31.117000
32168	[1030]	:	Catch Stim at trial 1: 32.147000
32743	[575]	:	Key	30	DOWN	at	32743   
34647	[1904]	:	Respose to catch Q at trial 1: 32.750000
34648	[1]	:	RT and choice to catch Q at trial 1: 0.603000, 30
34681	[33]	:	Fixation at trial 2: 34.661000
35703	[1022]	:	Object at trial 2: 35.683000
37738	[2035]	:	Fixation at trial 3: 37.718000
38760	[1022]	:	Object at trial 3: 38.740000
40786	[2026]	:	Fixation at trial 4: 40.766000
41808	[1022]	:	Object at trial 4: 41.788000
43833	[2025]	:	Fixation at trial 4: 43.813000
44858	[1025]	:	Catch Stim at trial 4: 44.838000
45624	[766]	:	Key	30	DOWN	at	45624   
47338	[1714]	:	Respose to catch Q at trial 4: 45.631000
47339	[1]	:	RT and choice to catch Q at trial 4: 0.793000, 30
47367	[28]	:	Fixation at trial 5: 47.347000
48389	[1022]	:	Object at trial 5: 48.369000
50413	[2024]	:	Fixation at trial 5: 50.393000
51437	[1024]	:	Catch Stim at trial 5: 51.417000
52034	[597]	:	Key	30	DOWN	at	52034   
53917	[1883]	:	Respose to catch Q at trial 5: 52.040000
53918	[1]	:	RT and choice to catch Q at trial 5: 0.623000, 30
53944	[26]	:	Fixation at trial 6: 53.924000
54965	[1021]	:	Object at trial 6: 54.945000
56989	[2024]	:	Fixation at trial 6: 56.969000
58014	[1025]	:	Catch Stim at trial 6: 57.994000
58524	[510]	:	Key	30	DOWN	at	58524   
60494	[1970]	:	Respose to catch Q at trial 6: 58.530000
60495	[1]	:	RT and choice to catch Q at trial 6: 0.536000, 30
60521	[26]	:	Fixation at trial 7: 60.501000
61542	[1021]	:	Object at trial 7: 61.522000
63569	[2027]	:	Fixation at trial 8: 63.549000
64592	[1023]	:	Object at trial 8: 64.572000
66618	[2026]	:	Fixation at trial 9: 66.598000
67640	[1022]	:	Object at trial 9: 67.620000
69665	[2025]	:	Fixation at trial 10: 69.645000
70686	[1021]	:	Object at trial 10: 70.666000
72711	[2025]	:	Fixation at trial 11: 72.691000
73732	[1021]	:	Object at trial 11: 73.712000
75756	[2024]	:	Fixation at trial 12: 75.736000
76778	[1022]	:	Object at trial 12: 76.758000
78802	[2024]	:	Fixation at trial 13: 78.782000
79823	[1021]	:	Object at trial 13: 79.803000
81849	[2026]	:	Fixation at trial 14: 81.829000
82870	[1021]	:	Object at trial 14: 82.850000
84894	[2024]	:	Fixation at trial 14: 84.874000
85919	[1025]	:	Catch Stim at trial 14: 85.899000
86501	[582]	:	Key	30	DOWN	at	86501   
88399	[1898]	:	Respose to catch Q at trial 14: 86.507000
88400	[1]	:	RT and choice to catch Q at trial 14: 0.608000, 30
88425	[25]	:	Fixation at trial 15: 88.405000
89447	[1022]	:	Object at trial 15: 89.427000
91471	[2024]	:	Fixation at trial 15: 91.451000
92498	[1027]	:	Catch Stim at trial 15: 92.478000
93181	[683]	:	Key	28	DOWN	at	93181   
94978	[1797]	:	Respose to catch Q at trial 15: 93.187000
94979	[1]	:	RT and choice to catch Q at trial 15: 0.709000, 28
95010	[31]	:	Fixation at trial 16: 94.990000
96031	[1021]	:	Object at trial 16: 96.011000
98061	[2030]	:	Fixation at trial 17: 98.041000
99082	[1021]	:	Object at trial 17: 99.062000
101106	[2024]	:	Fixation at trial 17: 101.086000
102133	[1027]	:	Catch Stim at trial 17: 102.113000
102872	[739]	:	Key	28	DOWN	at	102872  
104613	[1741]	:	Respose to catch Q at trial 17: 102.878000
104614	[1]	:	RT and choice to catch Q at trial 17: 0.765000, 28
104656	[42]	:	Fixation at trial 18: 104.636000
105677	[1021]	:	Object at trial 18: 105.657000
107701	[2024]	:	Fixation at trial 18: 107.681000
108727	[1026]	:	Catch Stim at trial 18: 108.707000
109497	[770]	:	Key	28	DOWN	at	109497  
111207	[1710]	:	Respose to catch Q at trial 18: 109.503000
111208	[1]	:	RT and choice to catch Q at trial 18: 0.796000, 28
111234	[26]	:	Fixation at trial 19: 111.214000
112256	[1022]	:	Object at trial 19: 112.236000
114282	[2026]	:	Fixation at trial 20: 114.262000
115303	[1021]	:	Object at trial 20: 115.283000
117329	[2026]	:	Fixation at trial 21: 117.309000
118351	[1022]	:	Object at trial 21: 118.331000
120376	[2025]	:	Fixation at trial 22: 120.356000
121397	[1021]	:	Object at trial 22: 121.377000
123421	[2024]	:	Fixation at trial 22: 123.401000
124452	[1031]	:	Catch Stim at trial 22: 124.432000
125283	[831]	:	Key	28	DOWN	at	125283  
126932	[1649]	:	Respose to catch Q at trial 22: 125.289000
126933	[1]	:	RT and choice to catch Q at trial 22: 0.857000, 28
126958	[25]	:	Fixation at trial 23: 126.938000
127979	[1021]	:	Object at trial 23: 127.959000
130005	[2026]	:	Fixation at trial 24: 129.985000
131026	[1021]	:	Object at trial 24: 131.006000
133050	[2024]	:	Fixation at trial 25: 133.030000
134072	[1022]	:	Object at trial 25: 134.052000
136096	[2024]	:	Fixation at trial 25: 136.076000
137122	[1026]	:	Catch Stim at trial 25: 137.102000
137750	[628]	:	Key	28	DOWN	at	137750  
139602	[1852]	:	Respose to catch Q at trial 25: 137.756000
139603	[1]	:	RT and choice to catch Q at trial 25: 0.654000, 28
139628	[25]	:	Fixation at trial 26: 139.608000
140650	[1022]	:	Object at trial 26: 140.630000
142674	[2024]	:	Fixation at trial 27: 142.654000
143695	[1021]	:	Object at trial 27: 143.675000
145719	[2024]	:	Fixation at trial 28: 145.699000
146740	[1021]	:	Object at trial 28: 146.720000
148764	[2024]	:	Fixation at trial 28: 148.744000
149790	[1026]	:	Catch Stim at trial 28: 149.770000
150471	[681]	:	Key	28	DOWN	at	150471  
152270	[1799]	:	Respose to catch Q at trial 28: 150.477000
152271	[1]	:	RT and choice to catch Q at trial 28: 0.707000, 28
152295	[24]	:	Fixation at trial 29: 152.275000
153316	[1021]	:	Object at trial 29: 153.296000
155340	[2024]	:	Fixation at trial 29: 155.320000
156364	[1024]	:	Catch Stim at trial 29: 156.344000
156981	[617]	:	Key	30	DOWN	at	156981  
158844	[1863]	:	Respose to catch Q at trial 29: 156.987000
158845	[1]	:	RT and choice to catch Q at trial 29: 0.643000, 30
158869	[24]	:	Fixation at trial 30: 158.849000
159890	[1021]	:	Object at trial 30: 159.870000
161915	[2025]	:	Fixation at trial 31: 161.895000
162937	[1022]	:	Object at trial 31: 162.917000
164961	[2024]	:	Fixation at trial 32: 164.941000
165983	[1022]	:	Object at trial 32: 165.963000
168007	[2024]	:	Fixation at trial 33: 167.987000
169029	[1022]	:	Object at trial 33: 169.009000
171054	[2025]	:	Fixation at trial 34: 171.034000
172075	[1021]	:	Object at trial 34: 172.055000
174099	[2024]	:	Fixation at trial 35: 174.079000
175120	[1021]	:	Object at trial 35: 175.100000
177144	[2024]	:	Fixation at trial 36: 177.124000
178165	[1021]	:	Object at trial 36: 178.145000
180190	[2025]	:	Fixation at trial 37: 180.170000
181211	[1021]	:	Object at trial 37: 181.191000
183235	[2024]	:	Fixation at trial 37: 183.215000
184259	[1024]	:	Catch Stim at trial 37: 184.239000
185173	[914]	:	Key	30	DOWN	at	185173  
186739	[1566]	:	Respose to catch Q at trial 37: 185.179000
186740	[1]	:	RT and choice to catch Q at trial 37: 0.940000, 30
186764	[24]	:	Fixation at trial 38: 186.744000
187785	[1021]	:	Object at trial 38: 187.765000
189809	[2024]	:	Fixation at trial 39: 189.789000
190830	[1021]	:	Object at trial 39: 190.810000
192854	[2024]	:	Fixation at trial 40: 192.834000
193875	[1021]	:	Object at trial 40: 193.855000
195899	[2024]	:	Fixation at trial 41: 195.879000
196921	[1022]	:	Object at trial 41: 196.901000
198945	[2024]	:	Fixation at trial 42: 198.925000
199967	[1022]	:	Object at trial 42: 199.947000
201991	[2024]	:	Fixation at trial 43: 201.971000
203013	[1022]	:	Object at trial 43: 202.993000
205037	[2024]	:	Fixation at trial 43: 205.017000
206061	[1024]	:	Catch Stim at trial 43: 206.041000
206735	[674]	:	Key	30	DOWN	at	206735  
208541	[1806]	:	Respose to catch Q at trial 43: 206.741000
208541	[0]	:	RT and choice to catch Q at trial 43: 0.700000, 30
208566	[25]	:	Fixation at trial 44: 208.546000
209588	[1022]	:	Object at trial 44: 209.568000
211612	[2024]	:	Fixation at trial 45: 211.592000
212633	[1021]	:	Object at trial 45: 212.613000
214658	[2025]	:	Fixation at trial 46: 214.638000
215679	[1021]	:	Object at trial 46: 215.659000
217703	[2024]	:	Fixation at trial 47: 217.683000
218724	[1021]	:	Object at trial 47: 218.704000
220748	[2024]	:	Fixation at trial 48: 220.728000
221769	[1021]	:	Object at trial 48: 221.749000
223793	[2024]	:	Fixation at trial 49: 223.773000
224814	[1021]	:	Object at trial 49: 224.794000
226838	[2024]	:	Fixation at trial 50: 226.818000
227859	[1021]	:	Object at trial 50: 227.839000
229883	[2024]	:	Fixation at trial 51: 229.863000
230904	[1021]	:	Object at trial 51: 230.884000
232928	[2024]	:	Fixation at trial 52: 232.908000
233949	[1021]	:	Object at trial 52: 233.929000
235973	[2024]	:	Fixation at trial 53: 235.953000
236994	[1021]	:	Object at trial 53: 236.974000
239018	[2024]	:	Fixation at trial 54: 238.998000
240040	[1022]	:	Object at trial 54: 240.020000
242064	[2024]	:	Fixation at trial 55: 242.044000
243085	[1021]	:	Object at trial 55: 243.065000
245109	[2024]	:	Fixation at trial 56: 245.089000
246130	[1021]	:	Object at trial 56: 246.110000
248154	[2024]	:	Fixation at trial 57: 248.134000
249175	[1021]	:	Object at trial 57: 249.155000
251199	[2024]	:	Fixation at trial 58: 251.179000
252221	[1022]	:	Object at trial 58: 252.201000
254245	[2024]	:	Fixation at trial 59: 254.225000
255266	[1021]	:	Object at trial 59: 255.246000
257289	[2023]	:	Fixation at trial 59: 257.270000
258313	[1024]	:	Catch Stim at trial 59: 258.293000
258935	[622]	:	Key	30	DOWN	at	258935  
260793	[1858]	:	Respose to catch Q at trial 59: 258.940000
260793	[0]	:	RT and choice to catch Q at trial 59: 0.647000, 30
260819	[26]	:	Fixation at trial 60: 260.798000
261841	[1022]	:	Object at trial 60: 261.820000
263865	[2024]	:	Fixation at trial 61: 263.845000
264886	[1021]	:	Object at trial 61: 264.866000
266910	[2024]	:	Fixation at trial 61: 266.890000
267934	[1024]	:	Catch Stim at trial 61: 267.914000
268550	[616]	:	Key	28	DOWN	at	268550  
270414	[1864]	:	Respose to catch Q at trial 61: 268.556000
270414	[0]	:	RT and choice to catch Q at trial 61: 0.642000, 28
270439	[25]	:	Fixation at trial 62: 270.419000
271460	[1021]	:	Object at trial 62: 271.440000
273484	[2024]	:	Fixation at trial 63: 273.464000
274505	[1021]	:	Object at trial 63: 274.485000
276529	[2024]	:	Fixation at trial 64: 276.509000
277550	[1021]	:	Object at trial 64: 277.530000
279574	[2024]	:	Fixation at trial 65: 279.554000
280595	[1021]	:	Object at trial 65: 280.575000
282620	[2025]	:	Fixation at trial 66: 282.600000
283641	[1021]	:	Object at trial 66: 283.621000
285665	[2024]	:	Fixation at trial 67: 285.645000
286686	[1021]	:	Object at trial 67: 286.666000
288710	[2024]	:	Fixation at trial 68: 288.690000
289731	[1021]	:	Object at trial 68: 289.711000
291755	[2024]	:	Fixation at trial 69: 291.735000
292776	[1021]	:	Object at trial 69: 292.756000
294800	[2024]	:	Fixation at trial 70: 294.780000
295821	[1021]	:	Object at trial 70: 295.801000
297845	[2024]	:	Fixation at trial 71: 297.825000
298866	[1021]	:	Object at trial 71: 298.846000
300890	[2024]	:	Fixation at trial 72: 300.870000
301911	[1021]	:	Object at trial 72: 301.891000
303935	[2024]	:	Fixation at trial 73: 303.915000
304956	[1021]	:	Object at trial 73: 304.936000
306980	[2024]	:	Fixation at trial 74: 306.960000
308001	[1021]	:	Object at trial 74: 307.981000
310025	[2024]	:	Fixation at trial 75: 310.005000
311046	[1021]	:	Object at trial 75: 311.026000
313070	[2024]	:	Fixation at trial 76: 313.050000
314091	[1021]	:	Object at trial 76: 314.071000
316116	[2025]	:	Fixation at trial 77: 316.096000
317137	[1021]	:	Object at trial 77: 317.117000
319161	[2024]	:	Fixation at trial 78: 319.141000
320182	[1021]	:	Object at trial 78: 320.162000
322206	[2024]	:	Fixation at trial 79: 322.186000
323227	[1021]	:	Object at trial 79: 323.207000
325251	[2024]	:	Fixation at trial 79: 325.231000
326275	[1024]	:	Catch Stim at trial 79: 326.255000
326970	[695]	:	Key	30	DOWN	at	326970  
328755	[1785]	:	Respose to catch Q at trial 79: 326.976000
328755	[0]	:	RT and choice to catch Q at trial 79: 0.721000, 30
328780	[25]	:	Fixation at trial 80: 328