Cog2000 log file Wed Oct 23 10:09:02 2019
gprim v1.29 Compiled:Feb  1 2010 (GLib DirectDraw v7 DX10.0 Compiled:Feb  1 2010)
Display:1024x768x32 59.81Hz
CogInput v1.05 Compiled: May 20 2010
0	[0]	:	COGENT START
2005	[2005]	:	Key	30	DOWN	at	2005    
2236	[231]	:	Key	30	UP	at	2236    
2507	[271]	:	Key	28	DOWN	at	2507    
2707	[200]	:	Key	28	UP	at	2707    
23323	[20616]	:	Key	71	DOWN	at	23323   
23377	[54]	:	Fixation at trial 1: 23.356000
23905	[528]	:	Object at trial 1: 23.884000
27429	[3524]	:	Fixation at trial 1: 27.408000
27960	[531]	:	Catch Stim at trial 1: 27.939000
31489	[3529]	:	Catch Q at trial 1: 27.939000
32148	[659]	:	Key	28	DOWN	at	32148   
33468	[1320]	:	Respose to catch Q at trial 1: 32.156000
33469	[1]	:	RT and choice to catch Q at trial 1: 0.688000, 28
33504	[35]	:	Fixation at trial 2: 33.484000
34026	[522]	:	Object at trial 2: 34.006000
37549	[3523]	:	Fixation at trial 2: 37.529000
38073	[524]	:	Catch Stim at trial 2: 38.053000
41599	[3526]	:	Catch Q at trial 2: 38.053000
42224	[625]	:	Key	28	DOWN	at	42224   
43579	[1355]	:	Respose to catch Q at trial 2: 42.231000
43580	[1]	:	RT and choice to catch Q at trial 2: 0.652000, 28
43613	[33]	:	Fixation at trial 3: 43.593000
44136	[523]	:	Object at trial 3: 44.116000
47659	[3523]	:	Fixation at trial 3: 47.639000
48181	[522]	:	Catch Stim at trial 3: 48.161000
51707	[3526]	:	Catch Q at trial 3: 48.161000
52399	[692]	:	Key	28	DOWN	at	52399   
53687	[1288]	:	Respose to catch Q at trial 3: 52.405000
53688	[1]	:	RT and choice to catch Q at trial 3: 0.718000, 28
53717	[29]	:	Fixation at trial 4: 53.697000
54239	[522]	:	Object at trial 4: 54.219000
57762	[3523]	:	Fixation at trial 4: 57.742000
58284	[522]	:	Catch Stim at trial 4: 58.264000
61810	[3526]	:	Catch Q at trial 4: 58.264000
62450	[640]	:	Key	28	DOWN	at	62450   
63790	[1340]	:	Respose to catch Q at trial 4: 62.457000
63791	[1]	:	RT and choice to catch Q at trial 4: 0.667000, 28
63818	[27]	:	Fixation at trial 5: 63.798000
64342	[524]	:	Object at trial 5: 64.321000
67865	[3523]	:	Fixation at trial 5: 67.845000
68388	[523]	:	Catch Stim at trial 5: 68.368000
71914	[3526]	:	Catch Q at trial 5: 68.368000
72801	[887]	:	Key	28	DOWN	at	72801   
73894	[1093]	:	Respose to catch Q at trial 5: 72.808000
73895	[1]	:	RT and choice to catch Q at trial 5: 0.914000, 28
73923	[28]	:	Fixation at trial 6: 73.903000
74445	[522]	:	Object at trial 6: 74.425000
77968	[3523]	:	Fixation at trial 6: 77.948000
78491	[523]	:	Catch Stim at trial 6: 78.471000
82017	[3526]	:	Catch Q at trial 6: 78.471000
82981	[964]	:	Key	28	DOWN	at	82981   
83997	[1016]	:	Respose to catch Q at trial 6: 82.987000
83998	[1]	:	RT and choice to catch Q at trial 6: 0.990000, 28
84025	[27]	:	Fixation at trial 7: 84.005000
84547	[522]	:	Object at trial 7: 84.527000
88071	[3524]	:	Fixation at trial 7: 88.051000
88594	[523]	:	Catch Stim at trial 7: 88.574000
92121	[3527]	:	Catch Q at trial 7: 88.574000
92752	[631]	:	Key	30	DOWN	at	92752   
94101	[1349]	:	Respose to catch Q at trial 7: 92.758000
94102	[1]	:	RT and choice to catch Q at trial 7: 0.657000, 30
94127	[25]	:	Fixation at trial 8: 94.107000
94649	[522]	:	Object at trial 8: 94.629000
98172	[3523]	:	Fixation at trial 8: 98.152000
98695	[523]	:	Catch Stim at trial 8: 98.675000
102221	[3526]	:	Catch Q at trial 8: 98.675000
102887	[666]	:	Key	30	DOWN	at	102887  
104201	[1314]	:	Respose to catch Q at trial 8: 102.893000
104202	[1]	:	RT and choice to catch Q at trial 8: 0.692000, 30
104227	[25]	:	Fixation at trial 9: 104.207000
104749	[522]	:	Object at trial 9: 104.729000
108272	[3523]	:	Fixation at trial 9: 108.252000
108796	[524]	:	Catch Stim at trial 9: 108.776000
112322	[3526]	:	Catch Q at trial 9: 108.776000
112898	[576]	:	Key	30	DOWN	at	112898  
114302	[1404]	:	Respose to catch Q at trial 9: 112.904000
114303	[1]	:	RT and choice to catch Q at trial 9: 0.602000, 30
114328	[25]	:	Fixation at trial 10: 114.308000
114850	[522]	:	Object at trial 10: 114.830000
118373	[3523]	:	Fixation at trial 10: 118.353000
118896	[523]	:	Catch Stim at trial 10: 118.876000
122421	[3525]	:	Catch Q at trial 10: 118.876000
123280	[859]	:	Key	28	DOWN	at	123280  
124401	[1121]	:	Respose to catch Q at trial 10: 123.286000
124402	[1]	:	RT and choice to catch Q at trial 10: 0.885000, 28
124427	[25]	:	Fixation at trial 11: 124.407000
124949	[522]	:	Object at trial 11: 124.929000
128472	[3523]	:	Fixation at trial 11: 128.452000
128995	[523]	:	Catch Stim at trial 11: 128.975000
132521	[3526]	:	Catch Q at trial 11: 128.975000
133321	[800]	:	Key	30	DOWN	at	133321  
134501	[1180]	:	Respose to catch Q at trial 11: 133.327000
134501	[0]	:	RT and choice to catch Q at trial 11: 0.826000, 30
134526	[25]	:	Fixation at trial 12: 134.506000
135048	[522]	:	Object at trial 12: 135.028000
138571	[3523]	:	Fixation at trial 12: 138.551000
139094	[523]	:	Catch Stim at trial 12: 139.074000
142620	[3526]	:	Catch Q at trial 12: 139.074000
143162	[542]	:	Key	30	DOWN	at	143162  
144600	[1438]	:	Respose to catch Q at trial 12: 143.173000
144600	[0]	:	RT and choice to catch Q at trial 12: 0.573000, 30
144636	[36]	:	Fixation at trial 13: 144.616000
145158	[522]	:	Object at trial 13: 145.138000
148681	[3523]	:	Fixation at trial 13: 148.661000
149203	[522]	:	Catch Stim at trial 13: 149.183000
152729	[3526]	:	Catch Q at trial 13: 149.183000
153551	[822]	:	Key	28	DOWN	at	153551  
154709	[1158]	:	Respose to catch Q at trial 13: 153.557000
154710	[1]	:	RT and choice to catch Q at trial 13: 0.848000, 28
154734	[24]	:	Fixation at trial 14: 154.714000
155256	[522]	:	Object at trial 14: 155.236000
158779	[3523]	:	Fixation at trial 14: 158.759000
159302	[523]	:	Catch Stim at trial 14: 159.282000
162828	[3526]	:	Catch Q at trial 14: 159.282000
163597	[769]	:	Key	28	DOWN	at	163597  
164808	[1211]	:	Respose to catch Q at trial 14: 163.603000
164809	[1]	:	RT and choice to catch Q at trial 14: 0.795000, 28
164833	[24]	:	Fixation at trial 15: 164.813000
165355	[522]	:	Object at trial 15: 165.335000
168878	[3523]	:	Fixation at trial 15: 168.858000
169401	[523]	:	Catch Stim at trial 15: 169.381000
172926	[3525]	:	Catch Q at trial 15: 169.381000
173587	[661]	:	Key	30	DOWN	at	173587  
174906	[1319]	:	Respose to catch Q at trial 15: 173.592000
174907	[1]	:	RT and choice to catch Q at trial 15: 0.686000, 30
174931	[24]	:	Fixation at trial 16: 174.911000
175453	[522]	:	Object at trial 16: 175.433000
178976	[3523]	:	Fixation at trial 16: 178.956000
179499	[523]	:	Catch Stim at trial 16: 179.479000
183026	[3527]	:	Catch Q at trial 16: 179.479000
183763	[737]	:	Key	30	DOWN	at	183763  
185006	[1243]	:	Respose to catch Q at trial 16: 183.769000
185007	[1]	:	RT and choice to catch Q at trial 16: 0.763000, 30
185031	[24]	:	Fixation at trial 17: 185.011000
185554	[523]	:	Object at trial 17: 185.534000
189077	[3523]	:	Fixation at trial 17: 189.057000
189599	[522]	:	Catch Stim at trial 17: 189.579000
193125	[3526]	:	Catch Q at trial 17: 189.579000
193943	[818]	:	Key	28	DOWN	at	193943  
195105	[1162]	:	Respose to catch Q at trial 17: 193.949000
195105	[0]	:	RT and choice to catch Q at trial 17: 0.844000, 28
195130	[25]	:	Fixation at trial 18: 195.110000
195652	[522]	:	Object at trial 18: 195.632000
199175	[3523]	:	Fixation at trial 18: 199.155000
199697	[522]	:	Catch Stim at trial 18: 199.677000
203222	[3525]	:	Catch Q at trial 18: 199.677000
203934	[712]	:	Key	28	DOWN	at	203934  
205202	[1268]	:	Respose to catch Q at trial 18: 203.940000
205202	[0]	:	RT and choice to catch Q at trial 18: 0.738000, 28
205227	[25]	:	Fixation at trial 19: 205.207000
205749	[522]	:	Object at trial 19: 205.729000
209272	[3523]	:	Fixation at trial 19: 209.252000
209793	[521]	:	Catch Stim at trial 19: 209.773000
213319	[3526]	:	Catch Q at trial 19: 209.773000
213960	[641]	:	Key	28	DOWN	at	213960  
215299	[1339]	:	Respose to catch Q at trial 19: 213.966000
215299	[0]	:	RT and choice to catch Q at trial 19: 0.667000, 28
215324	[25]	:	Fixation at trial 20: 215.304000
215846	[522]	:	Object at trial 20: 215.826000
219370	[3524]	:	Fixation at trial 20: 219.350000
219892	[522]	:	Catch Stim at trial 20: 219.872000
223419	[3527]	:	Catch Q at trial 20: 219.872000
224080	[661]	:	Key	28	DOWN	at	224080  
225399	[1319]	:	Respose to catch Q at trial 20: 224.086000
225400	[1]	:	RT and choice to catch Q at trial 20: 0.687000, 28
225424	[24]	:	Fixation at trial 21: 225.404000
225946	[522]	:	Object at trial 21: 225.926000
229469	[3523]	:	Fixation at trial 21: 229.449000
229991	[522]	:	Catch Stim at trial 21: 229.971000
233518	[3527]	:	Catch Q at trial 21: 229.971000
234006	[488]	:	Key	30	DOWN	at	234006  
235498	[1492]	:	Respose to catch Q at trial 21: 234.011000
235498	[0]	:	RT and choice to catch Q at trial 21: 0.513000, 30
235523	[25]	:	Fixation at trial 22: 235.503000
236045	[522]	:	Object at trial 22: 236.025000
239568	[3523]	:	Fixation at trial 22: 239.548000
240090	[522]	:	Catch Stim at trial 22: 240.070000
243615	[3525]	:	Catch Q at trial 22: 240.070000
244501	[886]	:	Key	28	DOWN	at	244501  
245595	[1094]	:	Respose to catch Q at trial 22: 244.507000
245595	[0]	:	RT and choice to catch Q at trial 22: 0.912000, 28
245620	[25]	:	Fixation at trial 23: 245.600000
246142	[522]	:	Object at trial 23: 246.122000
249665	[3523]	:	Fixation at trial 23: 249.645000
250187	[522]	:	Catch Stim at trial 23: 250.167000
253712	[3525]	:	Catch Q at trial 23: 250.167000
254392	[680]	:	Key	28	DOWN	at	254392  
255692	[1300]	:	Respose to catch Q at trial 23: 254.398000
255692	[0]	:	RT and choice to catch Q at trial 23: 0.706000, 28
255717	[25]	:	Fixation at trial 24: 255.697000
256240	[523]	:	Object at trial 24: 256.220000
259762	[3522]	:	Fixation at trial 24: 259.742000
260284	[522]	:	Catch Stim at trial 24: 260.264000
263811	[3527]	:	Catch Q at trial 24: 260.264000
264352	[541]	:	Key	30	DOWN	at	264352  
265791	[1439]	:	Respose to catch Q at trial 24: 264.358000
265791	[0]	:	RT and choice to catch Q at trial 24: 0.567000, 30
265816	[25]	:	Fixation at trial 25: 265.796000
266338	[522]	:	Object at trial 25: 266.318000
269861	[3523]	:	Fixation at trial 25: 269.841000
270383	[522]	:	Catch Stim at trial 25: 270.363000
273909	[3526]	:	Catch Q at trial 25: 270.363000
274588	[679]	:	Key	30	DOWN	at	274588  
275889	[1301]	:	Respose to catch Q at trial 25: 274.594000
275889	[0]	:	RT and choice to catch Q at trial 25: 0.705000, 30
275914	[25]	:	Fixation at trial 26: 275.894000
276436	[522]	:	Object at trial 26: 276.416000
279959	[3523]	:	Fixation at trial 26: 279.939000
280481	[522]	:	Catch Stim at trial 26: 280.461000
284007	[3526]	:	Catch Q at trial 26: 280.461000
285229	[1222]	:	Key	28	DOWN	at	285229  
285987	[758]	:	Respose to catch Q at trial 26: 285.235000
285987	[0]	:	RT and choice to catch Q at trial 26: 1.248000, 28
286012	[25]	:	Fixation at trial 27: 285.992000
286534	[522]	:	Object at trial 27: 286.514000
290057	[3523]	:	Fixation at trial 27: 290.037000
290579	[522]	:	Catch Stim at trial 27: 290.559000
294105	[3526]	:	Catch Q at trial 27: 290.559000
294759	[654]	:	Key	28	DOWN	at	294759  
296085	[1326]	:	Respose to catch Q at trial 27: 294.765000
296085	[0]	:	RT and choice to catch Q at trial 27: 0.680000, 28
296110	[25]	:	Fixation at trial 28: 296.090000
296632	[522]	:	Object at trial 28: 296.612000
300155	[3523]	:	Fixation at trial 28: 300.135000
300677	[522]	:	Catch Stim at trial 28: 300.657000
304202	[3525]	:	Catch Q at trial 28: 300.657000
304888	[686]	:	Key	28	DOWN	at	304888  
306182	[1294]	:	Respose to catch Q at trial 28: 304.894000
306182	[0]	:	RT and choice to catch Q at trial 28: 0.712000, 28
306207	[25]	:	Fixation at trial 29: 306.187000
306729	[522]	:	Object at trial 29: 306.709000
310252	[3523]	:	Fixation at trial 29: 310.232000
310774	[522]	:	Catch Stim at trial 29: 310.754000
314300	[3526]	:	Catch Q at trial 29: 310.754000
314823	[523]	:	Key	30	DOWN	at	314823  
316280	[1457]	:	Respose to catch Q at trial 29: 314.828000
316280	[0]	:	RT and choice to catch Q at trial 29: 0.548000, 30
316305	[25]	:	Fixation at trial 30: 316.285000
316827	[522]	:	Object at trial 30: 316.807000
320350	[3523]	:	Fixation at trial 30: 320.330000
320872	[522]	:	Catch Stim at trial 30: 320.852000
324398	[3526]	:	Catch Q at trial 30: 320.852000
324869	[471]	:	Key	30	DOWN	at	324869  
326378	[1509]	:	Respose to catch Q at trial 30: 324.875000
326378	[0]	:	RT and choice to catch Q at trial 30: 0.497000, 30
326403	[25]	:	Fixation at trial 31: 326.383000
326925	[522]	:	Object at trial 31: 326.905000
330448	[3523]	:	Fixation at trial 31: 330.428000
330971	[523]	:	Catch Stim at trial 31: 330.951000
334497	[3526]	:	Catch Q at trial 31: 330.951000
335080	[583]	:	Key	30	DOWN	at	335080  
336477	[1397]	:	Respose to catch Q at trial 31: 335.086000
336478	[1]	:	RT and choice to catch Q at trial 31: 0.609000, 30
336502	[24]	:	Fixation at trial 32: 336.482000
337024	[522]	:	Object at trial 32: 337.004000
340547	[3523]	:	Fixation at trial 32: 340.527000
341070	[523]	:	Catch Stim at trial 32: 341.050000
344596	[3526]	:	Catch Q at trial 32: 341.050000
345105	[509]	:	Key	30	DOWN	at	345105  
346576	[1471]	:	Respose to catch Q at trial 32: 345.110000
346576	[0]	:	RT and choice to catch Q at trial 32: 0.534000, 30
346601	[25]	:	Fixation at trial 33: 346.581000
347123	[522]	:	Object at trial 33: 347.103000
350646	[3523]	:	Fixation at trial 33: 350.626000
351169	[523]	:	Catch Stim at trial 33: 351.149000
354694	[3525]	:	Catch Q at trial 33: 351.149000
355361	[667]	:	Key	30	DOWN	at	355361  
356674	[1313]	:	Respose to catch Q at trial 33: 355.367000
356674	[0]	:	RT and choice to catch Q at trial 33: 0.693000, 30
356699	[25]	:	Fixation at trial 34: 356.679000
357221	[522]	:	Object at trial 34: 357.201000
360744	[3523]	:	Fixation at trial 34: 360.724000
361266	[522]	:	Catch Stim at trial 34: 361.246000
364791	[3525]	:	Catch Q at trial 34: 361.246000
365581	[790]	:	Key	28	DOWN	at	365581  
366771	[1190]	:	Respose to catch Q at trial 34: 365.587000
366772	[1]	:	RT and choice to catch Q at trial 34: 0.816000, 28
366797	[25]	:	Fixation at trial 35: 366.777000
367320	[523]	:	Object at trial 35: 367.300000
370843	[3523]	:	Fixation at trial 35: 370.823000
371365	[522]	:	Catch Stim at trial 35: 371.345000
374890	[3525]	:	Catch Q at trial 35: 371.345000
375407	[517]	:	Key	30	DOWN	at	375407  
376870	[1463]	:	Respose to catch Q at trial 35: 375.412000
376870	[0]	:	RT and choice to catch Q at trial 35: 0.542000, 30
376895	[25]	:	Fixation at trial 36: 376.875000
377417	[522]	:	Object at trial 36: 377.397000
380940	[3523]	:	Fixation at trial 36: 380.920000
381462	[522]	:	Catch Stim at trial 36: 381.442000
384987	[3525]	:	Catch Q at trial 36: 381.442000
385592	[605]	:	Key	30	DOWN	at	385592  
386967	[1375]	:	Respose to catch Q at trial 36: 385.598000
386968	[1]	:	RT and choice to catch Q at trial 36: 0.631000, 30
386992	[24]	:	Fixation at trial 37: 386.972000
387514	[522]	:	Object at trial 37: 387.494000
391037	[3523]	:	Fixation at trial 37: 391.017000
391559	[522]	:	Catch Stim at trial 37: 391.539000
395084	[3525]	:	Catch Q at trial 37: 391.539000
396253	[1169]	:	Key	28	DOWN	at	396253  
397064	[811]	:	Respose to catch Q at trial 37: 396.259000
397065	[1]	:	RT and choice to catch Q at trial 37: 1.195000, 28
397089	[24]	:	Fixation at trial 38: 397.069000
397611	[522]	:	Object at trial 38: 397.591000
401134	[3523]	:	Fixation at trial 38: 401.114000
401657	[523]	:	Catch Stim at trial 38: 401.636000
405182	[3525]	:	Catch Q at trial 38: 401.636000
405794	[612]	:	Key	30	DOWN	at	405794  
407162	[1368]	:	Respose to catch Q at trial 38: 405.800000
407162	[0]	:	RT and choice to catch Q at trial 38: 0.638000, 30
407187	[25]	:	Fixation at trial 39: 407.167000
407709	[522]	:	Object at trial 39: 407.689000
411232	[3523]	:	Fixation at trial 39: 411.212000
411759	[527]	:	Catch Stim at trial 39: 411.739000
415285	[3526]	:	Catch Q at trial 39: 411.739000
415704	[419]	:	Key	30	DOWN	at	415704  
417265	[1561]	:	Respose to catch Q at trial 39: 415.709000
417265	[0]	:	RT and choice to catch Q at trial 39: 0.444000, 30
417290	[25]	:	Fixation at trial 40: 417.270000
417812	[522]	:	Object at trial 40: 417.792000
421335	[3523]	:	Fixation at trial 40: 421.315000
421858	[523]	:	Catch Stim at trial 40: 421.838000
425384	[3526]	:	Catch Q at trial 40: 421.838000
426000	[616]	:	Key	28	DOWN	at	426000  
427364	[1364]	:	Respose to catch Q at trial 40: 426.006000
427364	[0]	:	RT and choice to catch Q at trial 40: 0.642000, 28
427389	[25]	:	Fixation at trial 41: 427.369000
427911	[522]	:	Object at trial 4