Cog2000 log file Wed Oct 23 10:23:50 2019
gprim v1.29 Compiled:Feb  1 2010 (GLib DirectDraw v7 DX10.0 Compiled:Feb  1 2010)
Display:1024x768x32 59.81Hz
CogInput v1.05 Compiled: May 20 2010
0	[0]	:	COGENT START
1260	[1260]	:	Key	30	DOWN	at	1260    
1495	[235]	:	Key	30	UP	at	1495    
1836	[341]	:	Key	28	DOWN	at	1835    
2070	[234]	:	Key	28	UP	at	2070    
26937	[24867]	:	Key	71	DOWN	at	26937   
27001	[64]	:	Fixation at trial 1: 26.980000
27537	[536]	:	Object at trial 1: 27.516000
31065	[3528]	:	Fixation at trial 1: 31.044000
31598	[533]	:	Catch Stim at trial 1: 31.576000
35132	[3534]	:	Catch Q at trial 1: 31.576000
36258	[1126]	:	Key	30	DOWN	at	36258   
37116	[858]	:	Respose to catch Q at trial 1: 36.269000
37118	[2]	:	RT and choice to catch Q at trial 1: 1.158000, 30
37168	[50]	:	Fixation at trial 2: 37.148000
37692	[524]	:	Object at trial 2: 37.672000
41215	[3523]	:	Fixation at trial 2: 41.195000
41740	[525]	:	Catch Stim at trial 2: 41.720000
45265	[3525]	:	Catch Q at trial 2: 41.720000
45829	[564]	:	Key	30	DOWN	at	45829   
47246	[1417]	:	Respose to catch Q at trial 2: 45.836000
47247	[1]	:	RT and choice to catch Q at trial 2: 0.591000, 30
47294	[47]	:	Fixation at trial 3: 47.274000
47816	[522]	:	Object at trial 3: 47.796000
51339	[3523]	:	Fixation at trial 3: 51.319000
51861	[522]	:	Catch Stim at trial 3: 51.841000
55386	[3525]	:	Catch Q at trial 3: 51.841000
56219	[833]	:	Key	28	DOWN	at	56219   
57367	[1148]	:	Respose to catch Q at trial 3: 56.225000
57367	[0]	:	RT and choice to catch Q at trial 3: 0.859000, 28
57407	[40]	:	Fixation at trial 4: 57.387000
57930	[523]	:	Object at trial 4: 57.910000
61453	[3523]	:	Fixation at trial 4: 61.433000
61975	[522]	:	Catch Stim at trial 4: 61.955000
65500	[3525]	:	Catch Q at trial 4: 61.955000
66435	[935]	:	Key	28	DOWN	at	66435   
67480	[1045]	:	Respose to catch Q at trial 4: 66.441000
67481	[1]	:	RT and choice to catch Q at trial 4: 0.961000, 28
67507	[26]	:	Fixation at trial 5: 67.487000
68030	[523]	:	Object at trial 5: 68.010000
71553	[3523]	:	Fixation at trial 5: 71.533000
72075	[522]	:	Catch Stim at trial 5: 72.055000
75600	[3525]	:	Catch Q at trial 5: 72.055000
76226	[626]	:	Key	28	DOWN	at	76226   
77580	[1354]	:	Respose to catch Q at trial 5: 76.232000
77580	[0]	:	RT and choice to catch Q at trial 5: 0.652000, 28
77608	[28]	:	Fixation at trial 6: 77.588000
78131	[523]	:	Object at trial 6: 78.111000
81654	[3523]	:	Fixation at trial 6: 81.634000
82176	[522]	:	Catch Stim at trial 6: 82.156000
85701	[3525]	:	Catch Q at trial 6: 82.156000
86306	[605]	:	Key	30	DOWN	at	86306   
87681	[1375]	:	Respose to catch Q at trial 6: 86.311000
87682	[1]	:	RT and choice to catch Q at trial 6: 0.630000, 30
87708	[26]	:	Fixation at trial 7: 87.688000
88230	[522]	:	Object at trial 7: 88.210000
91753	[3523]	:	Fixation at trial 7: 91.733000
92276	[523]	:	Catch Stim at trial 7: 92.256000
95801	[3525]	:	Catch Q at trial 7: 92.256000
96480	[679]	:	Key	30	DOWN	at	96480   
97781	[1301]	:	Respose to catch Q at trial 7: 96.485000
97782	[1]	:	RT and choice to catch Q at trial 7: 0.704000, 30
97807	[25]	:	Fixation at trial 8: 97.787000
98329	[522]	:	Object at trial 8: 98.309000
101852	[3523]	:	Fixation at trial 8: 101.832000
102375	[523]	:	Catch Stim at trial 8: 102.355000
105900	[3525]	:	Catch Q at trial 8: 102.355000
106575	[675]	:	Key	28	DOWN	at	106575  
107880	[1305]	:	Respose to catch Q at trial 8: 106.580000
107881	[1]	:	RT and choice to catch Q at trial 8: 0.700000, 28
107905	[24]	:	Fixation at trial 9: 107.885000
108427	[522]	:	Object at trial 9: 108.407000
111950	[3523]	:	Fixation at trial 9: 111.930000
112472	[522]	:	Catch Stim at trial 9: 112.452000
115997	[3525]	:	Catch Q at trial 9: 112.452000
116531	[534]	:	Key	30	DOWN	at	116531  
117977	[1446]	:	Respose to catch Q at trial 9: 116.537000
117978	[1]	:	RT and choice to catch Q at trial 9: 0.560000, 30
118003	[25]	:	Fixation at trial 10: 117.983000
118525	[522]	:	Object at trial 10: 118.505000
122048	[3523]	:	Fixation at trial 10: 122.028000
122572	[524]	:	Catch Stim at trial 10: 122.552000
126097	[3525]	:	Catch Q at trial 10: 122.552000
126831	[734]	:	Key	30	DOWN	at	126831  
128077	[1246]	:	Respose to catch Q at trial 10: 126.837000
128078	[1]	:	RT and choice to catch Q at trial 10: 0.760000, 30
128102	[24]	:	Fixation at trial 11: 128.082000
128624	[522]	:	Object at trial 11: 128.604000
132146	[3522]	:	Fixation at trial 11: 132.126000
132668	[522]	:	Catch Stim at trial 11: 132.648000
136193	[3525]	:	Catch Q at trial 11: 132.648000
136868	[675]	:	Key	28	DOWN	at	136868  
138173	[1305]	:	Respose to catch Q at trial 11: 136.874000
138173	[0]	:	RT and choice to catch Q at trial 11: 0.701000, 28
138198	[25]	:	Fixation at trial 12: 138.178000
138720	[522]	:	Object at trial 12: 138.700000
142243	[3523]	:	Fixation at trial 12: 142.223000
142765	[522]	:	Catch Stim at trial 12: 142.745000
146290	[3525]	:	Catch Q at trial 12: 142.745000
146934	[644]	:	Key	28	DOWN	at	146934  
148270	[1336]	:	Respose to catch Q at trial 12: 146.940000
148270	[0]	:	RT and choice to catch Q at trial 12: 0.670000, 28
148295	[25]	:	Fixation at trial 13: 148.275000
148817	[522]	:	Object at trial 13: 148.797000
152340	[3523]	:	Fixation at trial 13: 152.320000
152862	[522]	:	Catch Stim at trial 13: 152.842000
156387	[3525]	:	Catch Q at trial 13: 152.842000
156964	[577]	:	Key	28	DOWN	at	156964  
158367	[1403]	:	Respose to catch Q at trial 13: 156.970000
158368	[1]	:	RT and choice to catch Q at trial 13: 0.603000, 28
158392	[24]	:	Fixation at trial 14: 158.372000
158914	[522]	:	Object at trial 14: 158.894000
162437	[3523]	:	Fixation at trial 14: 162.417000
162959	[522]	:	Catch Stim at trial 14: 162.939000
166484	[3525]	:	Catch Q at trial 14: 162.939000
167245	[761]	:	Key	30	DOWN	at	167245  
168464	[1219]	:	Respose to catch Q at trial 14: 167.250000
168465	[1]	:	RT and choice to catch Q at trial 14: 0.786000, 30
168489	[24]	:	Fixation at trial 15: 168.469000
169011	[522]	:	Object at trial 15: 168.991000
172534	[3523]	:	Fixation at trial 15: 172.514000
173055	[521]	:	Catch Stim at trial 15: 173.035000
176580	[3525]	:	Catch Q at trial 15: 173.035000
177300	[720]	:	Key	28	DOWN	at	177300  
178560	[1260]	:	Respose to catch Q at trial 15: 177.306000
178561	[1]	:	RT and choice to catch Q at trial 15: 0.746000, 28
178585	[24]	:	Fixation at trial 16: 178.565000
179107	[522]	:	Object at trial 16: 179.087000
182630	[3523]	:	Fixation at trial 16: 182.610000
183152	[522]	:	Catch Stim at trial 16: 183.132000
186677	[3525]	:	Catch Q at trial 16: 183.132000
187296	[619]	:	Key	28	DOWN	at	187296  
188657	[1361]	:	Respose to catch Q at trial 16: 187.302000
188658	[1]	:	RT and choice to catch Q at trial 16: 0.645000, 28
188682	[24]	:	Fixation at trial 17: 188.662000
189204	[522]	:	Object at trial 17: 189.184000
192727	[3523]	:	Fixation at trial 17: 192.707000
193249	[522]	:	Catch Stim at trial 17: 193.229000
196774	[3525]	:	Catch Q at trial 17: 193.229000
197451	[677]	:	Key	30	DOWN	at	197451  
198754	[1303]	:	Respose to catch Q at trial 17: 197.456000
198754	[0]	:	RT and choice to catch Q at trial 17: 0.702000, 30
198779	[25]	:	Fixation at trial 18: 198.759000
199301	[522]	:	Object at trial 18: 199.281000
202824	[3523]	:	Fixation at trial 18: 202.804000
203346	[522]	:	Catch Stim at trial 18: 203.326000
206871	[3525]	:	Catch Q at trial 18: 203.326000
207492	[621]	:	Key	28	DOWN	at	207492  
208851	[1359]	:	Respose to catch Q at trial 18: 207.497000
208851	[0]	:	RT and choice to catch Q at trial 18: 0.646000, 28
208876	[25]	:	Fixation at trial 19: 208.856000
209398	[522]	:	Object at trial 19: 209.378000
212921	[3523]	:	Fixation at trial 19: 212.901000
213442	[521]	:	Catch Stim at trial 19: 213.422000
216967	[3525]	:	Catch Q at trial 19: 213.422000
217593	[626]	:	Key	28	DOWN	at	217593  
218947	[1354]	:	Respose to catch Q at trial 19: 217.598000
218947	[0]	:	RT and choice to catch Q at trial 19: 0.651000, 28
218972	[25]	:	Fixation at trial 20: 218.952000
219494	[522]	:	Object at trial 20: 219.474000
223017	[3523]	:	Fixation at trial 20: 222.997000
223538	[521]	:	Catch Stim at trial 20: 223.518000
227063	[3525]	:	Catch Q at trial 20: 223.518000
227768	[705]	:	Key	30	DOWN	at	227768  
229043	[1275]	:	Respose to catch Q at trial 20: 227.773000
229044	[1]	:	RT and choice to catch Q at trial 20: 0.730000, 30
229068	[24]	:	Fixation at trial 21: 229.048000
229591	[523]	:	Object at trial 21: 229.571000
233114	[3523]	:	Fixation at trial 21: 233.094000
233635	[521]	:	Catch Stim at trial 21: 233.615000
237160	[3525]	:	Catch Q at trial 21: 233.615000
237704	[544]	:	Key	28	DOWN	at	237704  
239140	[1436]	:	Respose to catch Q at trial 21: 237.710000
239140	[0]	:	RT and choice to catch Q at trial 21: 0.570000, 28
239165	[25]	:	Fixation at trial 22: 239.145000
239687	[522]	:	Object at trial 22: 239.667000
243210	[3523]	:	Fixation at trial 22: 243.190000
243732	[522]	:	Catch Stim at trial 22: 243.712000
247257	[3525]	:	Catch Q at trial 22: 243.712000
247849	[592]	:	Key	28	DOWN	at	247849  
249237	[1388]	:	Respose to catch Q at trial 22: 247.855000
249237	[0]	:	RT and choice to catch Q at trial 22: 0.618000, 28
249265	[28]	:	Fixation at trial 23: 249.245000
249787	[522]	:	Object at trial 23: 249.767000
253310	[3523]	:	Fixation at trial 23: 253.290000
253832	[522]	:	Catch Stim at trial 23: 253.812000
257358	[3526]	:	Catch Q at trial 23: 253.812000
257825	[467]	:	Key	30	DOWN	at	257825  
259338	[1513]	:	Respose to catch Q at trial 23: 257.830000
259338	[0]	:	RT and choice to catch Q at trial 23: 0.492000, 30
259363	[25]	:	Fixation at trial 24: 259.343000
259885	[522]	:	Object at trial 24: 259.865000
263408	[3523]	:	Fixation at trial 24: 263.388000
263929	[521]	:	Catch Stim at trial 24: 263.909000
267454	[3525]	:	Catch Q at trial 24: 263.909000
268175	[721]	:	Key	30	DOWN	at	268175  
269434	[1259]	:	Respose to catch Q at trial 24: 268.181000
269434	[0]	:	RT and choice to catch Q at trial 24: 0.747000, 30
269459	[25]	:	Fixation at trial 25: 269.439000
269981	[522]	:	Object at trial 25: 269.961000
273504	[3523]	:	Fixation at trial 25: 273.484000
274026	[522]	:	Catch Stim at trial 25: 274.006000
277551	[3525]	:	Catch Q at trial 25: 274.006000
278041	[490]	:	Key	30	DOWN	at	278041  
279531	[1490]	:	Respose to catch Q at trial 25: 278.046000
279531	[0]	:	RT and choice to catch Q at trial 25: 0.515000, 30
279556	[25]	:	Fixation at trial 26: 279.536000
280078	[522]	:	Object at trial 26: 280.058000
283601	[3523]	:	Fixation at trial 26: 283.581000
284122	[521]	:	Catch Stim at trial 26: 284.102000
287647	[3525]	:	Catch Q at trial 26: 284.102000
288087	[440]	:	Key	30	DOWN	at	288087  
289627	[1540]	:	Respose to catch Q at trial 26: 288.092000
289627	[0]	:	RT and choice to catch Q at trial 26: 0.465000, 30
289652	[25]	:	Fixation at trial 27: 289.632000
290174	[522]	:	Object at trial 27: 290.154000
293698	[3524]	:	Fixation at trial 27: 293.678000
294220	[522]	:	Catch Stim at trial 27: 294.200000
297746	[3526]	:	Catch Q at trial 27: 294.200000
298162	[416]	:	Key	30	DOWN	at	298162  
299726	[1564]	:	Respose to catch Q at trial 27: 298.167000
299726	[0]	:	RT and choice to catch Q at trial 27: 0.441000, 30
299751	[25]	:	Fixation at trial 28: 299.731000
300273	[522]	:	Object at trial 28: 300.253000
303796	[3523]	:	Fixation at trial 28: 303.776000
304318	[522]	:	Catch Stim at trial 28: 304.298000
307844	[3526]	:	Catch Q at trial 28: 304.298000
308618	[774]	:	Key	28	DOWN	at	308618  
309824	[1206]	:	Respose to catch Q at trial 28: 308.624000
309824	[0]	:	RT and choice to catch Q at trial 28: 0.800000, 28
309848	[24]	:	Fixation at trial 29: 309.828000
310370	[522]	:	Object at trial 29: 310.350000
313893	[3523]	:	Fixation at trial 29: 313.873000
314415	[522]	:	Catch Stim at trial 29: 314.395000
317940	[3525]	:	Catch Q at trial 29: 314.395000
318433	[493]	:	Key	30	DOWN	at	318433  
319920	[1487]	:	Respose to catch Q at trial 29: 318.439000
319920	[0]	:	RT and choice to catch Q at trial 29: 0.519000, 30
319945	[25]	:	Fixation at trial 30: 319.925000
320467	[522]	:	Object at trial 30: 320.447000
323990	[3523]	:	Fixation at trial 30: 323.970000
324512	[522]	:	Catch Stim at trial 30: 324.492000
328038	[3526]	:	Catch Q at trial 30: 324.492000
328669	[631]	:	Key	28	DOWN	at	328669  
330018	[1349]	:	Respose to catch Q at trial 30: 328.675000
330018	[0]	:	RT and choice to catch Q at trial 30: 0.657000, 28
330043	[25]	:	Fixation at trial 31: 330.023000
330565	[522]	:	Object at trial 31: 330.545000
334088	[3523]	:	Fixation at trial 31: 334.068000
334610	[522]	:	Catch Stim at trial 31: 334.590000
338136	[3526]	:	Catch Q at trial 31: 334.590000
338745	[609]	:	Key	30	DOWN	at	338745  
340116	[1371]	:	Respose to catch Q at trial 31: 338.750000
340116	[0]	:	RT and choice to catch Q at trial 31: 0.634000, 30
340141	[25]	:	Fixation at trial 32: 340.121000
340663	[522]	:	Object at trial 32: 340.643000
344186	[3523]	:	Fixation at trial 32: 344.166000
344709	[523]	:	Catch Stim at trial 32: 344.689000
348234	[3525]	:	Catch Q at trial 32: 344.689000
348730	[496]	:	Key	30	DOWN	at	348730  
350214	[1484]	:	Respose to catch Q at trial 32: 348.736000
350214	[0]	:	RT and choice to catch Q at trial 32: 0.522000, 30
350239	[25]	:	Fixation at trial 33: 350.219000
350761	[522]	:	Object at trial 33: 350.741000
354284	[3523]	:	Fixation at trial 33: 354.264000
354806	[522]	:	Catch Stim at trial 33: 354.786000
358331	[3525]	:	Catch Q at trial 33: 354.786000
358928	[597]	:	Key	28	DOWN	at	358928  
360311	[1383]	:	Respose to catch Q at trial 33: 358.934000
360311	[0]	:	RT and choice to catch Q at trial 33: 0.623000, 28
360336	[25]	:	Fixation at trial 34: 360.316000
360859	[523]	:	Object at trial 34: 360.839000
364382	[3523]	:	Fixation at trial 34: 364.362000
364904	[522]	:	Catch Stim at trial 34: 364.884000
368429	[3525]	:	Catch Q at trial 34: 364.884000
369063	[634]	:	Key	30	DOWN	at	369063  
370409	[1346]	:	Respose to catch Q at trial 34: 369.069000
370409	[0]	:	RT and choice to catch Q at trial 34: 0.660000, 30
370434	[25]	:	Fixation at trial 35: 370.414000
370956	[522]	:	Object at trial 35: 370.936000
374479	[3523]	:	Fixation at trial 35: 374.459000
375001	[522]	:	Catch Stim at trial 35: 374.981000
378526	[3525]	:	Catch Q at trial 35: 374.981000
379159	[633]	:	Key	30	DOWN	at	379159  
380506	[1347]	:	Respose to catch Q at trial 35: 379.165000
380506	[0]	:	RT and choice to catch Q at trial 35: 0.659000, 30
380531	[25]	:	Fixation at trial 36: 380.511000
381053	[522]	:	Object at trial 36: 381.033000
384576	[3523]	:	Fixation at trial 36: 384.556000
385098	[522]	:	Catch Stim at trial 36: 385.078000
388623	[3525]	:	Catch Q at trial 36: 385.078000
389824	[1201]	:	Key	30	DOWN	at	389824  
390603	[779]	:	Respose to catch Q at trial 36: 389.830000
390603	[0]	:	RT and choice to catch Q at trial 36: 1.227000, 30
390628	[25]	:	Fixation at trial 37: 390.608000
391150	[522]	:	Object at trial 37: 391.130000
394673	[3523]	:	Fixation at trial 37: 394.653000
395195	[522]	:	Catch Stim at trial 37: 395.175000
398720	[3525]	:	Catch Q at trial 37: 395.175000
399255	[535]	:	Key	30	DOWN	at	399255  
400700	[1445]	:	Respose to catch Q at trial 37: 399.260000
400700	[0]	:	RT and choice to catch Q at trial 37: 0.560000, 30
400725	[25]	:	Fixation at trial 38: 400.705000
401247	[522]	:	Object at trial 38: 401.227000
404770	[3523]	:	Fixation at trial 38: 404.750000
405292	[522]	:	Catch Stim at trial 38: 405.272000
408817	[3525]	:	Catch Q at trial 38: 405.272000
409411	[594]	:	Key	30	DOWN	at	409411  
410797	[1386]	:	Respose to catch Q at trial 38: 409.417000
410797	[0]	:	RT and choice to catch Q at trial 38: 0.620000, 30
410822	[25]	:	Fixation at trial 39: 410.802000
411344	[522]	:	Object at trial 39: 411.324000
414867	[3523]	:	Fixation at trial 39: 414.847000
415389	[522]	:	Catch Stim at trial 39: 415.369000
418914	[3525]	:	Catch Q at trial 39: 415.369000
419511	[597]	:	Key	28	DOWN	at	419511  
420894	[1383]	:	Respose to catch Q at trial 39: 419.517000
420894	[0]	:	RT and choice to catch Q at trial 39: 0.623000, 28
420919	[25]	:	Fixation at trial 40: 420.899000
421441	[522]	:	Object at trial 40: 421.421000
424964	[3523]	:	Fixation at trial 40: 424.944000
425486	[522]	:	Catch Stim at trial 40: 425.466000
429011	[3525]	:	Catch Q at trial 40: 425.466000
429497	[486]	:	Key	30	DOWN	at	429497  
430991	[1494]	:	Respose to catch Q at trial 40: 429.502000
430991	[0]	:	RT and choice to catch Q at trial 40: 0.511000, 30
431016	[25]	:	Fixation at trial 41: 430.996000
431539	[523]	:	Object at tr