Cog2000 log file Wed Oct 23 10:33:12 2019
gprim v1.29 Compiled:Feb  1 2010 (GLib DirectDraw v7 DX10.0 Compiled:Feb  1 2010)
Display:1024x768x32 59.81Hz
CogInput v1.05 Compiled: May 20 2010
0	[0]	:	COGENT START
2342	[2342]	:	Key	30	DOWN	at	2342    
2562	[220]	:	Key	30	UP	at	2562    
2977	[415]	:	Key	28	DOWN	at	2977    
3192	[215]	:	Key	28	UP	at	3192    
24834	[21642]	:	Key	71	DOWN	at	24834   
24895	[61]	:	Fixation at trial 1: 24.875000
25421	[526]	:	Object at trial 1: 25.401000
28944	[3523]	:	Fixation at trial 1: 28.924000
29469	[525]	:	Catch Stim at trial 1: 29.449000
32998	[3529]	:	Catch Q at trial 1: 29.449000
33614	[616]	:	Key	28	DOWN	at	33614   
34978	[1364]	:	Respose to catch Q at trial 1: 33.621000
34979	[1]	:	RT and choice to catch Q at trial 1: 0.643000, 28
35007	[28]	:	Fixation at trial 2: 34.987000
35529	[522]	:	Object at trial 2: 35.509000
39052	[3523]	:	Fixation at trial 2: 39.032000
39574	[522]	:	Catch Stim at trial 2: 39.554000
43099	[3525]	:	Catch Q at trial 2: 39.554000
43580	[481]	:	Key	30	DOWN	at	43580   
45079	[1499]	:	Respose to catch Q at trial 2: 43.586000
45079	[0]	:	RT and choice to catch Q at trial 2: 0.507000, 30
45108	[29]	:	Fixation at trial 3: 45.088000
45630	[522]	:	Object at trial 3: 45.610000
49153	[3523]	:	Fixation at trial 3: 49.133000
49675	[522]	:	Catch Stim at trial 3: 49.655000
53200	[3525]	:	Catch Q at trial 3: 49.655000
53975	[775]	:	Key	28	DOWN	at	53975   
55180	[1205]	:	Respose to catch Q at trial 3: 53.981000
55180	[0]	:	RT and choice to catch Q at trial 3: 0.801000, 28
55205	[25]	:	Fixation at trial 4: 55.185000
55727	[522]	:	Object at trial 4: 55.707000
59250	[3523]	:	Fixation at trial 4: 59.230000
59773	[523]	:	Catch Stim at trial 4: 59.753000
63298	[3525]	:	Catch Q at trial 4: 59.753000
64135	[837]	:	Key	30	DOWN	at	64135   
65278	[1143]	:	Respose to catch Q at trial 4: 64.142000
65278	[0]	:	RT and choice to catch Q at trial 4: 0.864000, 30
65303	[25]	:	Fixation at trial 5: 65.283000
65826	[523]	:	Object at trial 5: 65.806000
69349	[3523]	:	Fixation at trial 5: 69.329000
69871	[522]	:	Catch Stim at trial 5: 69.851000
73396	[3525]	:	Catch Q at trial 5: 69.851000
73972	[576]	:	Key	30	DOWN	at	73972   
75376	[1404]	:	Respose to catch Q at trial 5: 73.978000
75376	[0]	:	RT and choice to catch Q at trial 5: 0.602000, 30
75401	[25]	:	Fixation at trial 6: 75.381000
75923	[522]	:	Object at trial 6: 75.903000
79446	[3523]	:	Fixation at trial 6: 79.426000
79968	[522]	:	Catch Stim at trial 6: 79.948000
83493	[3525]	:	Catch Q at trial 6: 79.948000
84462	[969]	:	Key	28	DOWN	at	84462   
85473	[1011]	:	Respose to catch Q at trial 6: 84.468000
85473	[0]	:	RT and choice to catch Q at trial 6: 0.995000, 28
85498	[25]	:	Fixation at trial 7: 85.478000
86020	[522]	:	Object at trial 7: 86.000000
89543	[3523]	:	Fixation at trial 7: 89.523000
90065	[522]	:	Catch Stim at trial 7: 90.045000
93591	[3526]	:	Catch Q at trial 7: 90.045000
94193	[602]	:	Key	28	DOWN	at	94193   
95571	[1378]	:	Respose to catch Q at trial 7: 94.199000
95571	[0]	:	RT and choice to catch Q at trial 7: 0.628000, 28
95596	[25]	:	Fixation at trial 8: 95.576000
96118	[522]	:	Object at trial 8: 96.098000
99641	[3523]	:	Fixation at trial 8: 99.621000
100163	[522]	:	Catch Stim at trial 8: 100.143000
103689	[3526]	:	Catch Q at trial 8: 100.143000
104173	[484]	:	Key	30	DOWN	at	104173  
105669	[1496]	:	Respose to catch Q at trial 8: 104.179000
105669	[0]	:	RT and choice to catch Q at trial 8: 0.510000, 30
105694	[25]	:	Fixation at trial 9: 105.674000
106216	[522]	:	Object at trial 9: 106.196000
109739	[3523]	:	Fixation at trial 9: 109.719000
110261	[522]	:	Catch Stim at trial 9: 110.241000
113787	[3526]	:	Catch Q at trial 9: 110.241000
114444	[657]	:	Key	30	DOWN	at	114444  
115767	[1323]	:	Respose to catch Q at trial 9: 114.450000
115767	[0]	:	RT and choice to catch Q at trial 9: 0.683000, 30
115793	[26]	:	Fixation at trial 10: 115.773000
116316	[523]	:	Object at trial 10: 116.296000
119839	[3523]	:	Fixation at trial 10: 119.819000
120361	[522]	:	Catch Stim at trial 10: 120.341000
123886	[3525]	:	Catch Q at trial 10: 120.341000
124559	[673]	:	Key	28	DOWN	at	124559  
125866	[1307]	:	Respose to catch Q at trial 10: 124.565000
125866	[0]	:	RT and choice to catch Q at trial 10: 0.699000, 28
125891	[25]	:	Fixation at trial 11: 125.871000
126413	[522]	:	Object at trial 11: 126.393000
129937	[3524]	:	Fixation at trial 11: 129.917000
130459	[522]	:	Catch Stim at trial 11: 130.439000
133985	[3526]	:	Catch Q at trial 11: 130.439000
134480	[495]	:	Key	30	DOWN	at	134480  
135965	[1485]	:	Respose to catch Q at trial 11: 134.485000
135965	[0]	:	RT and choice to catch Q at trial 11: 0.520000, 30
135990	[25]	:	Fixation at trial 12: 135.970000
136512	[522]	:	Object at trial 12: 136.492000
140035	[3523]	:	Fixation at trial 12: 140.015000
140557	[522]	:	Catch Stim at trial 12: 140.537000
144082	[3525]	:	Catch Q at trial 12: 140.537000
144911	[829]	:	Key	28	DOWN	at	144911  
146062	[1151]	:	Respose to catch Q at trial 12: 144.916000
146062	[0]	:	RT and choice to catch Q at trial 12: 0.854000, 28
146087	[25]	:	Fixation at trial 13: 146.067000
146609	[522]	:	Object at trial 13: 146.589000
150132	[3523]	:	Fixation at trial 13: 150.112000
150654	[522]	:	Catch Stim at trial 13: 150.634000
154179	[3525]	:	Catch Q at trial 13: 150.634000
154786	[607]	:	Key	28	DOWN	at	154786  
156159	[1373]	:	Respose to catch Q at trial 13: 154.791000
156159	[0]	:	RT and choice to catch Q at trial 13: 0.632000, 28
156184	[25]	:	Fixation at trial 14: 156.164000
156706	[522]	:	Object at trial 14: 156.686000
160229	[3523]	:	Fixation at trial 14: 160.209000
160751	[522]	:	Catch Stim at trial 14: 160.731000
164276	[3525]	:	Catch Q at trial 14: 160.731000
164802	[526]	:	Key	28	DOWN	at	164802  
166256	[1454]	:	Respose to catch Q at trial 14: 164.808000
166256	[0]	:	RT and choice to catch Q at trial 14: 0.552000, 28
166281	[25]	:	Fixation at trial 15: 166.261000
166803	[522]	:	Object at trial 15: 166.783000
170326	[3523]	:	Fixation at trial 15: 170.306000
170848	[522]	:	Catch Stim at trial 15: 170.828000
174373	[3525]	:	Catch Q at trial 15: 170.828000
174827	[454]	:	Key	30	DOWN	at	174827  
176353	[1526]	:	Respose to catch Q at trial 15: 174.832000
176353	[0]	:	RT and choice to catch Q at trial 15: 0.479000, 30
176378	[25]	:	Fixation at trial 16: 176.358000
176900	[522]	:	Object at trial 16: 176.880000
180423	[3523]	:	Fixation at trial 16: 180.403000
180944	[521]	:	Catch Stim at trial 16: 180.924000
184470	[3526]	:	Catch Q at trial 16: 180.924000
185843	[1373]	:	Key	30	DOWN	at	185843  
186450	[607]	:	Respose to catch Q at trial 16: 185.849000
186450	[0]	:	RT and choice to catch Q at trial 16: 1.399000, 30
186475	[25]	:	Fixation at trial 17: 186.455000
186998	[523]	:	Object at trial 17: 186.978000
190521	[3523]	:	Fixation at trial 17: 190.501000
191043	[522]	:	Catch Stim at trial 17: 191.023000
194569	[3526]	:	Catch Q at trial 17: 191.023000
195228	[659]	:	Key	28	DOWN	at	195228  
196549	[1321]	:	Respose to catch Q at trial 17: 195.234000
196549	[0]	:	RT and choice to catch Q at trial 17: 0.685000, 28
196574	[25]	:	Fixation at trial 18: 196.554000
197096	[522]	:	Object at trial 18: 197.076000
200619	[3523]	:	Fixation at trial 18: 200.599000
201141	[522]	:	Catch Stim at trial 18: 201.121000
204666	[3525]	:	Catch Q at trial 18: 201.121000
205249	[583]	:	Key	30	DOWN	at	205249  
206646	[1397]	:	Respose to catch Q at trial 18: 205.255000
206646	[0]	:	RT and choice to catch Q at trial 18: 0.609000, 30
206671	[25]	:	Fixation at trial 19: 206.651000
207193	[522]	:	Object at trial 19: 207.173000
210716	[3523]	:	Fixation at trial 19: 210.696000
211237	[521]	:	Catch Stim at trial 19: 211.217000
214762	[3525]	:	Catch Q at trial 19: 211.217000
215295	[533]	:	Key	30	DOWN	at	215295  
216742	[1447]	:	Respose to catch Q at trial 19: 215.300000
216742	[0]	:	RT and choice to catch Q at trial 19: 0.558000, 30
216767	[25]	:	Fixation at trial 20: 216.747000
217289	[522]	:	Object at trial 20: 217.269000
220812	[3523]	:	Fixation at trial 20: 220.792000
221334	[522]	:	Catch Stim at trial 20: 221.314000
224859	[3525]	:	Catch Q at trial 20: 221.314000
225480	[621]	:	Key	30	DOWN	at	225480  
226839	[1359]	:	Respose to catch Q at trial 20: 225.485000
226840	[1]	:	RT and choice to catch Q at trial 20: 0.646000, 30
226864	[24]	:	Fixation at trial 21: 226.844000
227386	[522]	:	Object at trial 21: 227.366000
230909	[3523]	:	Fixation at trial 21: 230.889000
231431	[522]	:	Catch Stim at trial 21: 231.411000
234956	[3525]	:	Catch Q at trial 21: 231.411000
235401	[445]	:	Key	30	DOWN	at	235401  
236936	[1535]	:	Respose to catch Q at trial 21: 235.406000
236936	[0]	:	RT and choice to catch Q at trial 21: 0.470000, 30
236961	[25]	:	Fixation at trial 22: 236.941000
237483	[522]	:	Object at trial 22: 237.463000
241006	[3523]	:	Fixation at trial 22: 240.986000
241535	[529]	:	Catch Stim at trial 22: 241.515000
245060	[3525]	:	Catch Q at trial 22: 241.515000
245744	[684]	:	Key	28	DOWN	at	245744  
247040	[1296]	:	Respose to catch Q at trial 22: 245.750000
247040	[0]	:	RT and choice to catch Q at trial 22: 0.710000, 28
247065	[25]	:	Fixation at trial 23: 247.045000
247587	[522]	:	Object at trial 23: 247.567000
251110	[3523]	:	Fixation at trial 23: 251.090000
251632	[522]	:	Catch Stim at trial 23: 251.612000
255157	[3525]	:	Catch Q at trial 23: 251.612000
255850	[693]	:	Key	28	DOWN	at	255850  
257137	[1287]	:	Respose to catch Q at trial 23: 255.855000
257137	[0]	:	RT and choice to catch Q at trial 23: 0.718000, 28
257163	[26]	:	Fixation at trial 24: 257.142000
257685	[522]	:	Object at trial 24: 257.665000
261209	[3524]	:	Fixation at trial 24: 261.189000
261731	[522]	:	Catch Stim at trial 24: 261.711000
265255	[3524]	:	Catch Q at trial 24: 261.711000
265775	[520]	:	Key	30	DOWN	at	265775  
267235	[1460]	:	Respose to catch Q at trial 24: 265.780000
267235	[0]	:	RT and choice to catch Q at trial 24: 0.545000, 30
267260	[25]	:	Fixation at trial 25: 267.240000
267782	[522]	:	Object at trial 25: 267.762000
271305	[3523]	:	Fixation at trial 25: 271.285000
271826	[521]	:	Catch Stim at trial 25: 271.806000
275352	[3526]	:	Catch Q at trial 25: 271.806000
275971	[619]	:	Key	28	DOWN	at	275971  
277332	[1361]	:	Respose to catch Q at trial 25: 275.977000
277332	[0]	:	RT and choice to catch Q at trial 25: 0.645000, 28
277357	[25]	:	Fixation at trial 26: 277.337000
277879	[522]	:	Object at trial 26: 277.859000
281402	[3523]	:	Fixation at trial 26: 281.382000
281924	[522]	:	Catch Stim at trial 26: 281.904000
285449	[3525]	:	Catch Q at trial 26: 281.904000
286357	[908]	:	Key	28	DOWN	at	286357  
287429	[1072]	:	Respose to catch Q at trial 26: 286.363000
287429	[0]	:	RT and choice to catch Q at trial 26: 0.934000, 28
287454	[25]	:	Fixation at trial 27: 287.434000
287976	[522]	:	Object at trial 27: 287.956000
291499	[3523]	:	Fixation at trial 27: 291.479000
292021	[522]	:	Catch Stim at trial 27: 292.001000
295547	[3526]	:	Catch Q at trial 27: 292.001000
296240	[693]	:	Key	30	DOWN	at	296240  
297527	[1287]	:	Respose to catch Q at trial 27: 296.245000
297527	[0]	:	RT and choice to catch Q at trial 27: 0.718000, 30
297552	[25]	:	Fixation at trial 28: 297.532000
298074	[522]	:	Object at trial 28: 298.054000
301597	[3523]	:	Fixation at trial 28: 301.577000
302119	[522]	:	Catch Stim at trial 28: 302.099000
305644	[3525]	:	Catch Q at trial 28: 302.099000
306306	[662]	:	Key	30	DOWN	at	306306  
307624	[1318]	:	Respose to catch Q at trial 28: 306.312000
307624	[0]	:	RT and choice to catch Q at trial 28: 0.688000, 30
307649	[25]	:	Fixation at trial 29: 307.629000
308171	[522]	:	Object at trial 29: 308.151000
311694	[3523]	:	Fixation at trial 29: 311.674000
312216	[522]	:	Catch Stim at trial 29: 312.196000
315741	[3525]	:	Catch Q at trial 29: 312.196000
316461	[720]	:	Key	30	DOWN	at	316461  
317721	[1260]	:	Respose to catch Q at trial 29: 316.466000
317721	[0]	:	RT and choice to catch Q at trial 29: 0.745000, 30
317746	[25]	:	Fixation at trial 30: 317.726000
318268	[522]	:	Object at trial 30: 318.248000
321791	[3523]	:	Fixation at trial 30: 321.771000
322313	[522]	:	Catch Stim at trial 30: 322.293000
325838	[3525]	:	Catch Q at trial 30: 322.293000
326538	[700]	:	Key	28	DOWN	at	326538  
327818	[1280]	:	Respose to catch Q at trial 30: 326.543000
327818	[0]	:	RT and choice to catch Q at trial 30: 0.725000, 28
327843	[25]	:	Fixation at trial 31: 327.823000
328366	[523]	:	Object at trial 31: 328.346000
331889	[3523]	:	Fixation at trial 31: 331.869000
332411	[522]	:	Catch Stim at trial 31: 332.391000
335936	[3525]	:	Catch Q at trial 31: 332.391000
336604	[668]	:	Key	28	DOWN	at	336604  
337916	[1312]	:	Respose to catch Q at trial 31: 336.609000
337916	[0]	:	RT and choice to catch Q at trial 31: 0.693000, 28
337941	[25]	:	Fixation at trial 32: 337.921000
338463	[522]	:	Object at trial 32: 338.443000
341986	[3523]	:	Fixation at trial 32: 341.966000
342508	[522]	:	Catch Stim at trial 32: 342.488000
346033	[3525]	:	Catch Q at trial 32: 342.488000
346584	[551]	:	Key	28	DOWN	at	346584  
348013	[1429]	:	Respose to catch Q at trial 32: 346.589000
348013	[0]	:	RT and choice to catch Q at trial 32: 0.576000, 28
348038	[25]	:	Fixation at trial 33: 348.018000
348561	[523]	:	Object at trial 33: 348.541000
352084	[3523]	:	Fixation at trial 33: 352.064000
352605	[521]	:	Catch Stim at trial 33: 352.585000
356130	[3525]	:	Catch Q at trial 33: 352.585000
356685	[555]	:	Key	28	DOWN	at	356685  
358110	[1425]	:	Respose to catch Q at trial 33: 356.691000
358110	[0]	:	RT and choice to catch Q at trial 33: 0.581000, 28
358135	[25]	:	Fixation at trial 34: 358.115000
358657	[522]	:	Object at trial 34: 358.637000
362180	[3523]	:	Fixation at trial 34: 362.160000
362701	[521]	:	Catch Stim at trial 34: 362.681000
366226	[3525]	:	Catch Q at trial 34: 362.681000
367090	[864]	:	Key	30	DOWN	at	367090  
368206	[1116]	:	Respose to catch Q at trial 34: 367.096000
368206	[0]	:	RT and choice to catch Q at trial 34: 0.890000, 30
368231	[25]	:	Fixation at trial 35: 368.211000
368753	[522]	:	Object at trial 35: 368.733000
372276	[3523]	:	Fixation at trial 35: 372.256000
372798	[522]	:	Catch Stim at trial 35: 372.778000
376323	[3525]	:	Catch Q at trial 35: 372.778000
376886	[563]	:	Key	28	DOWN	at	376886  
378303	[1417]	:	Respose to catch Q at trial 35: 376.892000
378303	[0]	:	RT and choice to catch Q at trial 35: 0.589000, 28
378328	[25]	:	Fixation at trial 36: 378.308000
378850	[522]	:	Object at trial 36: 378.830000
382373	[3523]	:	Fixation at trial 36: 382.353000
382896	[523]	:	Catch Stim at trial 36: 382.876000
386421	[3525]	:	Catch Q at trial 36: 382.876000
386981	[560]	:	Key	28	DOWN	at	386981  
388401	[1420]	:	Respose to catch Q at trial 36: 386.987000
388401	[0]	:	RT and choice to catch Q at trial 36: 0.586000, 28
388426	[25]	:	Fixation at trial 37: 388.406000
388948	[522]	:	Object at trial 37: 388.928000
392471	[3523]	:	Fixation at trial 37: 392.451000
392993	[522]	:	Catch Stim at trial 37: 392.973000
396518	[3525]	:	Catch Q at trial 37: 392.973000
397042	[524]	:	Key	30	DOWN	at	397042  
398498	[1456]	:	Respose to catch Q at trial 37: 397.047000
398498	[0]	:	RT and choice to catch Q at trial 37: 0.549000, 30
398523	[25]	:	Fixation at trial 38: 398.503000
399045	[522]	:	Object at trial 38: 399.025000
402568	[3523]	:	Fixation at trial 38: 402.548000
403089	[521]	:	Catch Stim at trial 38: 403.069000
406614	[3525]	:	Catch Q at trial 38: 403.069000
407063	[449]	:	Key	30	DOWN	at	407063  
408594	[1531]	:	Respose to catch Q at trial 38: 407.068000
408595	[1]	:	RT and choice to catch Q at trial 38: 0.474000, 30
408619	[24]	:	Fixation at trial 39: 408.599000
409141	[522]	:	Object at trial 39: 409.121000
412664	[3523]	:	Fixation at trial 39: 412.644000
413185	[521]	:	Catch Stim at trial 39: 413.165000
416710	[3525]	:	Catch Q at trial 39: 413.165000
417193	[483]	:	Key	30	DOWN	at	417193  
418690	[1497]	:	Respose to catch Q at trial 39: 417.199000
418691	[1]	:	RT and choice to catch Q at trial 39: 0.509000, 30
418715	[24]	:	Fixation at trial 40: 418.695000
419237	[522]	:	Object at trial 40: 419.217000
422760	[3523]	:	Fixation at trial 40: 422.740000
423281	[521]	:	Catch Stim at trial 40: 423.261000
426806	[3525]	:	Catch Q at trial 40: 423.261000
427399	[593]	:	Key	28	DOWN	at	427399  
428786	[1387]	:	Respose to catch Q at trial 40: 427.405000
428786	[0]	:	RT and choice to catch Q at trial 40: 0.619000, 28
428811	[25]	:	Fixation at trial 41: 428.791000
429333	[522]	:	Object at tria