Cog2000 log file Wed Oct 09 09:35:45 2019
gprim v1.29 Compiled:Feb  1 2010 (GLib DirectDraw v7 DX10.0 Compiled:Feb  1 2010)
Display:1024x768x32 59.81Hz
CogInput v1.05 Compiled: May 20 2010
0	[0]	:	COGENT START
2832	[2832]	:	Key	30	DOWN	at	2832    
3007	[175]	:	Key	30	UP	at	3007    
3287	[280]	:	Key	28	DOWN	at	3287    
3542	[255]	:	Key	28	UP	at	3542    
25223	[21681]	:	Key	71	DOWN	at	25223   
25278	[55]	:	Fixation at trial 1: 25.258000
26302	[1024]	:	Object at trial 1: 26.281000
28333	[2031]	:	Fixation at trial 2: 28.313000
29354	[1021]	:	Object at trial 2: 29.334000
31383	[2029]	:	Fixation at trial 3: 31.363000
32404	[1021]	:	Object at trial 3: 32.384000
34430	[2026]	:	Fixation at trial 4: 34.410000
35451	[1021]	:	Object at trial 4: 35.431000
37476	[2025]	:	Fixation at trial 4: 37.455000
38505	[1029]	:	Catch Stim at trial 4: 38.484000
39209	[704]	:	Key	30	DOWN	at	39209   
40985	[1776]	:	Respose to catch Q at trial 4: 39.216000
40986	[1]	:	RT and choice to catch Q at trial 4: 0.732000, 30
41015	[29]	:	Fixation at trial 5: 40.995000
42037	[1022]	:	Object at trial 5: 42.017000
44064	[2027]	:	Fixation at trial 6: 44.044000
45086	[1022]	:	Object at trial 6: 45.066000
47111	[2025]	:	Fixation at trial 7: 47.091000
48132	[1021]	:	Object at trial 7: 48.112000
50157	[2025]	:	Fixation at trial 8: 50.137000
51178	[1021]	:	Object at trial 8: 51.158000
53204	[2026]	:	Fixation at trial 9: 53.184000
54225	[1021]	:	Object at trial 9: 54.205000
56250	[2025]	:	Fixation at trial 10: 56.230000
57271	[1021]	:	Object at trial 10: 57.251000
59296	[2025]	:	Fixation at trial 11: 59.276000
60317	[1021]	:	Object at trial 11: 60.297000
62341	[2024]	:	Fixation at trial 12: 62.321000
63362	[1021]	:	Object at trial 12: 63.342000
65387	[2025]	:	Fixation at trial 13: 65.366000
66408	[1021]	:	Object at trial 13: 66.388000
68433	[2025]	:	Fixation at trial 14: 68.413000
69454	[1021]	:	Object at trial 14: 69.434000
71478	[2024]	:	Fixation at trial 14: 71.458000
72505	[1027]	:	Catch Stim at trial 14: 72.485000
73261	[756]	:	Key	28	DOWN	at	73261   
74985	[1724]	:	Respose to catch Q at trial 14: 73.268000
74986	[1]	:	RT and choice to catch Q at trial 14: 0.783000, 28
75016	[30]	:	Fixation at trial 15: 74.996000
76038	[1022]	:	Object at trial 15: 76.018000
78062	[2024]	:	Fixation at trial 15: 78.042000
79088	[1026]	:	Catch Stim at trial 15: 79.068000
79717	[629]	:	Key	28	DOWN	at	79717   
81568	[1851]	:	Respose to catch Q at trial 15: 79.723000
81569	[1]	:	RT and choice to catch Q at trial 15: 0.655000, 28
81596	[27]	:	Fixation at trial 16: 81.576000
82617	[1021]	:	Object at trial 16: 82.597000
84646	[2029]	:	Fixation at trial 17: 84.626000
85667	[1021]	:	Object at trial 17: 85.647000
87694	[2027]	:	Fixation at trial 18: 87.674000
88715	[1021]	:	Object at trial 18: 88.695000
90741	[2026]	:	Fixation at trial 19: 90.721000
91762	[1021]	:	Object at trial 19: 91.742000
93786	[2024]	:	Fixation at trial 19: 93.766000
94810	[1024]	:	Catch Stim at trial 19: 94.790000
95464	[654]	:	Key	30	DOWN	at	95464   
97290	[1826]	:	Respose to catch Q at trial 19: 95.470000
97291	[1]	:	RT and choice to catch Q at trial 19: 0.680000, 30
97316	[25]	:	Fixation at trial 20: 97.296000
98337	[1021]	:	Object at trial 20: 98.317000
100362	[2025]	:	Fixation at trial 21: 100.342000
101383	[1021]	:	Object at trial 21: 101.363000
103407	[2024]	:	Fixation at trial 21: 103.387000
104431	[1024]	:	Catch Stim at trial 21: 104.411000
105095	[664]	:	Key	30	DOWN	at	105095  
106911	[1816]	:	Respose to catch Q at trial 21: 105.101000
106912	[1]	:	RT and choice to catch Q at trial 21: 0.690000, 30
106937	[25]	:	Fixation at trial 22: 106.917000
107958	[1021]	:	Object at trial 22: 107.938000
109982	[2024]	:	Fixation at trial 22: 109.962000
111006	[1024]	:	Catch Stim at trial 22: 110.986000
111591	[585]	:	Key	30	DOWN	at	111591  
113486	[1895]	:	Respose to catch Q at trial 22: 111.597000
113487	[1]	:	RT and choice to catch Q at trial 22: 0.611000, 30
113512	[25]	:	Fixation at trial 23: 113.492000
114534	[1022]	:	Object at trial 23: 114.514000
116559	[2025]	:	Fixation at trial 24: 116.539000
117580	[1021]	:	Object at trial 24: 117.560000
119605	[2025]	:	Fixation at trial 25: 119.585000
120627	[1022]	:	Object at trial 25: 120.607000
122651	[2024]	:	Fixation at trial 26: 122.631000
123673	[1022]	:	Object at trial 26: 123.653000
125697	[2024]	:	Fixation at trial 27: 125.677000
126718	[1021]	:	Object at trial 27: 126.698000
128743	[2025]	:	Fixation at trial 28: 128.722000
129764	[1021]	:	Object at trial 28: 129.744000
131788	[2024]	:	Fixation at trial 29: 131.768000
132809	[1021]	:	Object at trial 29: 132.789000
134833	[2024]	:	Fixation at trial 30: 134.813000
135854	[1021]	:	Object at trial 30: 135.834000
137878	[2024]	:	Fixation at trial 31: 137.858000
138899	[1021]	:	Object at trial 31: 138.879000
140923	[2024]	:	Fixation at trial 31: 140.903000
141948	[1025]	:	Catch Stim at trial 31: 141.928000
142578	[630]	:	Key	30	DOWN	at	142578  
144428	[1850]	:	Respose to catch Q at trial 31: 142.584000
144429	[1]	:	RT and choice to catch Q at trial 31: 0.656000, 30
144453	[24]	:	Fixation at trial 32: 144.433000
145475	[1022]	:	Object at trial 32: 145.455000
147499	[2024]	:	Fixation at trial 33: 147.479000
148520	[1021]	:	Object at trial 33: 148.500000
150544	[2024]	:	Fixation at trial 34: 150.524000
151565	[1021]	:	Object at trial 34: 151.545000
153588	[2023]	:	Fixation at trial 34: 153.568000
154613	[1025]	:	Catch Stim at trial 34: 154.593000
155173	[560]	:	Key	28	DOWN	at	155173  
157093	[1920]	:	Respose to catch Q at trial 34: 155.179000
157094	[1]	:	RT and choice to catch Q at trial 34: 0.586000, 28
157118	[24]	:	Fixation at trial 35: 157.098000
158139	[1021]	:	Object at trial 35: 158.119000
160163	[2024]	:	Fixation at trial 36: 160.143000
161184	[1021]	:	Object at trial 36: 161.164000
163208	[2024]	:	Fixation at trial 37: 163.188000
164229	[1021]	:	Object at trial 37: 164.209000
166253	[2024]	:	Fixation at trial 38: 166.233000
167274	[1021]	:	Object at trial 38: 167.254000
169298	[2024]	:	Fixation at trial 38: 169.278000
170323	[1025]	:	Catch Stim at trial 38: 170.303000
171044	[721]	:	Key	28	DOWN	at	171044  
172803	[1759]	:	Respose to catch Q at trial 38: 171.050000
172804	[1]	:	RT and choice to catch Q at trial 38: 0.747000, 28
172829	[25]	:	Fixation at trial 39: 172.809000
173850	[1021]	:	Object at trial 39: 173.830000
175874	[2024]	:	Fixation at trial 40: 175.854000
176895	[1021]	:	Object at trial 40: 176.875000
178919	[2024]	:	Fixation at trial 41: 178.899000
179940	[1021]	:	Object at trial 41: 179.920000
181964	[2024]	:	Fixation at trial 42: 181.944000
182986	[1022]	:	Object at trial 42: 182.966000
185010	[2024]	:	Fixation at trial 43: 184.990000
186031	[1021]	:	Object at trial 43: 186.011000
188055	[2024]	:	Fixation at trial 44: 188.035000
189076	[1021]	:	Object at trial 44: 189.056000
191100	[2024]	:	Fixation at trial 45: 191.080000
192121	[1021]	:	Object at trial 45: 192.101000
194145	[2024]	:	Fixation at trial 45: 194.125000
195170	[1025]	:	Catch Stim at trial 45: 195.150000
195801	[631]	:	Key	28	DOWN	at	195801  
197650	[1849]	:	Respose to catch Q at trial 45: 195.807000
197650	[0]	:	RT and choice to catch Q at trial 45: 0.657000, 28
197675	[25]	:	Fixation at trial 46: 197.655000
198696	[1021]	:	Object at trial 46: 198.676000
200720	[2024]	:	Fixation at trial 46: 200.700000
201745	[1025]	:	Catch Stim at trial 46: 201.725000
202361	[616]	:	Key	28	DOWN	at	202361  
204225	[1864]	:	Respose to catch Q at trial 46: 202.367000
204225	[0]	:	RT and choice to catch Q at trial 46: 0.642000, 28
204250	[25]	:	Fixation at trial 47: 204.230000
205271	[1021]	:	Object at trial 47: 205.251000
207295	[2024]	:	Fixation at trial 48: 207.275000
208316	[1021]	:	Object at trial 48: 208.296000
210340	[2024]	:	Fixation at trial 49: 210.320000
211361	[1021]	:	Object at trial 49: 211.341000
213385	[2024]	:	Fixation at trial 50: 213.365000
214406	[1021]	:	Object at trial 50: 214.386000
216430	[2024]	:	Fixation at trial 51: 216.410000
217451	[1021]	:	Object at trial 51: 217.431000
219475	[2024]	:	Fixation at trial 52: 219.455000
220496	[1021]	:	Object at trial 52: 220.476000
222520	[2024]	:	Fixation at trial 53: 222.500000
223541	[1021]	:	Object at trial 53: 223.521000
225566	[2025]	:	Fixation at trial 54: 225.546000
226587	[1021]	:	Object at trial 54: 226.567000
228611	[2024]	:	Fixation at trial 55: 228.591000
229632	[1021]	:	Object at trial 55: 229.612000
231656	[2024]	:	Fixation at trial 56: 231.636000
232677	[1021]	:	Object at trial 56: 232.657000
234701	[2024]	:	Fixation at trial 57: 234.681000
235722	[1021]	:	Object at trial 57: 235.702000
237747	[2025]	:	Fixation at trial 58: 237.727000
238768	[1021]	:	Object at trial 58: 238.748000
240792	[2024]	:	Fixation at trial 58: 240.772000
241817	[1025]	:	Catch Stim at trial 58: 241.797000
242533	[716]	:	Key	30	DOWN	at	242533  
244297	[1764]	:	Respose to catch Q at trial 58: 242.538000
244297	[0]	:	RT and choice to catch Q at trial 58: 0.741000, 30
244322	[25]	:	Fixation at trial 59: 244.302000
245343	[1021]	:	Object at trial 59: 245.323000
247367	[2024]	:	Fixation at trial 60: 247.347000
248388	[1021]	:	Object at trial 60: 248.368000
250412	[2024]	:	Fixation at trial 61: 250.392000
251433	[1021]	:	Object at trial 61: 251.413000
253457	[2024]	:	Fixation at trial 62: 253.437000
254478	[1021]	:	Object at trial 62: 254.458000
256503	[2025]	:	Fixation at trial 62: 256.483000
257527	[1024]	:	Catch Stim at trial 62: 257.507000
258689	[1162]	:	Key	30	DOWN	at	258689  
260007	[1318]	:	Respose to catch Q at trial 62: 258.695000
260007	[0]	:	RT and choice to catch Q at trial 62: 1.188000, 30
260033	[26]	:	Fixation at trial 63: 260.012000
261055	[1022]	:	Object at trial 63: 261.034000
263079	[2024]	:	Fixation at trial 64: 263.059000
264100	[1021]	:	Object at trial 64: 264.080000
266124	[2024]	:	Fixation at trial 64: 266.104000
267148	[1024]	:	Catch Stim at trial 64: 267.128000
267855	[707]	:	Key	30	DOWN	at	267855  
269628	[1773]	:	Respose to catch Q at trial 64: 267.861000
269628	[0]	:	RT and choice to catch Q at trial 64: 0.733000, 30
269653	[25]	:	Fixation at trial 65: 269.633000
270674	[1021]	:	Object at trial 65: 270.654000
272698	[2024]	:	Fixation at trial 66: 272.678000
273719	[1021]	:	Object at trial 66: 273.699000
275743	[2024]	:	Fixation at trial 67: 275.723000
276764	[1021]	:	Object at trial 67: 276.744000
278788	[2024]	:	Fixation at trial 68: 278.768000
279809	[1021]	:	Object at trial 68: 279.789000
281833	[2024]	:	Fixation at trial 69: 281.813000
282854	[1021]	:	Object at trial 69: 282.834000
284879	[2025]	:	Fixation at trial 70: 284.859000
285900	[1021]	:	Object at trial 70: 285.880000
287924	[2024]	:	Fixation at trial 71: 287.904000
288945	[1021]	:	Object at trial 71: 288.925000
290969	[2024]	:	Fixation at trial 72: 290.949000
291990	[1021]	:	Object at trial 72: 291.970000
294014	[2024]	:	Fixation at trial 72: 293.994000
295038	[1024]	:	Catch Stim at trial 72: 295.018000
295721	[683]	:	Key	28	DOWN	at	295721  
297518	[1797]	:	Respose to catch Q at trial 72: 295.727000
297518	[0]	:	RT and choice to catch Q at trial 72: 0.709000, 28
297543	[25]	:	Fixation at trial 73: 297.523000
298564	[1021]	:	Object at trial 73: 298.544000
300589	[2025]	:	Fixation at trial 74: 300.568000
301610	[1021]	:	Object at trial 74: 301.590000
303634	[2024]	:	Fixation at trial 75: 303.614000
304655	[1021]	:	Object at trial 75: 304.635000
306679	[2024]	:	Fixation at trial 76: 306.659000
307700	[1021]	:	Object at trial 76: 307.680000
309724	[2024]	:	Fixation at trial 76: 309.704000
310748	[1024]	:	Catch Stim at trial 76: 310.728000
311417	[669]	:	Key	30	DOWN	at	311417  
313228	[1811]	:	Respose to catch Q at trial 76: 311.423000
313228	[0]	:	RT and choice to catch Q at trial 76: 0.695000, 30
313253	[25]	:	Fixation at trial 77: 313.233000
314275	[1022]	:	Object at trial 77: 314.255000
316299	[2024]	:	Fixation at trial 78: 316.279000
317320	[1021]	:	Object at trial 78: 317.300000
319344	[2024]	:	Fixation at trial 79: 319.324000
320365	[1021]	:	Object at trial 79: 320.345000
322389	[2024]	:	Fixation at trial 80: 322.369000
323410	[1021]	:	Object at trial 80: 323.390000
325434	[2024]	:	Fixation at trial 81: 325.414000
326455	[1021]	:	Object at trial 81: 326.435000
328479	[2024]	:	Fixation at trial 82: 328.459000
329500	[1021]	:	Object at trial 82: 329.480