Cog2000 log file Wed Oct 09 09:50:25 2019
gprim v1.29 Compiled:Feb  1 2010 (GLib DirectDraw v7 DX10.0 Compiled:Feb  1 2010)
Display:1024x768x32 59.81Hz
CogInput v1.05 Compiled: May 20 2010
0	[0]	:	COGENT START
6890	[6890]	:	Key	30	DOWN	at	6890    
7060	[170]	:	Key	30	UP	at	7060    
7225	[165]	:	Key	28	DOWN	at	7225    
7460	[235]	:	Key	28	UP	at	7460    
27866	[20406]	:	Key	71	DOWN	at	27866   
27927	[61]	:	Fixation at trial 1: 27.905000
28493	[566]	:	Object at trial 1: 28.473000
32025	[3532]	:	Fixation at trial 1: 32.004000
32563	[538]	:	Catch Stim at trial 1: 32.543000
36111	[3548]	:	Catch Q at trial 1: 32.543000
37007	[896]	:	Key	30	DOWN	at	37007   
38095	[1088]	:	Respose to catch Q at trial 1: 37.022000
38097	[2]	:	RT and choice to catch Q at trial 1: 0.932000, 30
38144	[47]	:	Fixation at trial 2: 38.124000
38669	[525]	:	Object at trial 2: 38.649000
42192	[3523]	:	Fixation at trial 2: 42.172000
42719	[527]	:	Catch Stim at trial 2: 42.699000
46247	[3528]	:	Catch Q at trial 2: 42.699000
46962	[715]	:	Key	30	DOWN	at	46962   
48228	[1266]	:	Respose to catch Q at trial 2: 46.970000
48229	[1]	:	RT and choice to catch Q at trial 2: 0.743000, 30
48279	[50]	:	Fixation at trial 3: 48.259000
48802	[523]	:	Object at trial 3: 48.782000
52325	[3523]	:	Fixation at trial 3: 52.305000
52847	[522]	:	Catch Stim at trial 3: 52.827000
56372	[3525]	:	Catch Q at trial 3: 52.827000
58405	[2033]	:	Respose to catch Q at trial 3: 57.883000
58406	[1]	:	RT and choice to catch Q at trial 3: 1.531000, 0
58452	[46]	:	Fixation at trial 4: 58.432000
58974	[522]	:	Object at trial 4: 58.954000
62497	[3523]	:	Fixation at trial 4: 62.477000
63021	[524]	:	Catch Stim at trial 4: 63.001000
66546	[3525]	:	Catch Q at trial 4: 63.001000
67929	[1383]	:	Key	28	DOWN	at	67929   
68527	[598]	:	Respose to catch Q at trial 4: 67.938000
68528	[1]	:	RT and choice to catch Q at trial 4: 1.412000, 28
68555	[27]	:	Fixation at trial 5: 68.535000
69077	[522]	:	Object at trial 5: 69.057000
72600	[3523]	:	Fixation at trial 5: 72.580000
73122	[522]	:	Catch Stim at trial 5: 73.102000
76647	[3525]	:	Catch Q at trial 5: 73.102000
77644	[997]	:	Key	30	DOWN	at	77644   
78627	[983]	:	Respose to catch Q at trial 5: 77.650000
78627	[0]	:	RT and choice to catch Q at trial 5: 1.023000, 30
78655	[28]	:	Fixation at trial 6: 78.635000
79178	[523]	:	Object at trial 6: 79.158000
82701	[3523]	:	Fixation at trial 6: 82.681000
83223	[522]	:	Catch Stim at trial 6: 83.203000
86748	[3525]	:	Catch Q at trial 6: 83.203000
87705	[957]	:	Key	28	DOWN	at	87705   
88728	[1023]	:	Respose to catch Q at trial 6: 87.712000
88728	[0]	:	RT and choice to catch Q at trial 6: 0.984000, 28
88756	[28]	:	Fixation at trial 7: 88.736000
89278	[522]	:	Object at trial 7: 89.258000
92801	[3523]	:	Fixation at trial 7: 92.781000
93322	[521]	:	Catch Stim at trial 7: 93.302000
96848	[3526]	:	Catch Q at trial 7: 93.302000
97810	[962]	:	Key	28	DOWN	at	97810   
98828	[1018]	:	Respose to catch Q at trial 7: 97.817000
98828	[0]	:	RT and choice to catch Q at trial 7: 0.989000, 28
98855	[27]	:	Fixation at trial 8: 98.835000
99377	[522]	:	Object at trial 8: 99.357000
102900	[3523]	:	Fixation at trial 8: 102.880000
103423	[523]	:	Catch Stim at trial 8: 103.403000
106950	[3527]	:	Catch Q at trial 8: 103.403000
107787	[837]	:	Key	28	DOWN	at	107787  
108930	[1143]	:	Respose to catch Q at trial 8: 107.795000
108931	[1]	:	RT and choice to catch Q at trial 8: 0.865000, 28
108956	[25]	:	Fixation at trial 9: 108.936000
109478	[522]	:	Object at trial 9: 109.458000
113001	[3523]	:	Fixation at trial 9: 112.981000
113524	[523]	:	Catch Stim at trial 9: 113.504000
117049	[3525]	:	Catch Q at trial 9: 113.504000
118047	[998]	:	Key	28	DOWN	at	118047  
119029	[982]	:	Respose to catch Q at trial 9: 118.053000
119030	[1]	:	RT and choice to catch Q at trial 9: 1.024000, 28
119055	[25]	:	Fixation at trial 10: 119.035000
119578	[523]	:	Object at trial 10: 119.558000
123101	[3523]	:	Fixation at trial 10: 123.081000
123625	[524]	:	Catch Stim at trial 10: 123.605000
127150	[3525]	:	Catch Q at trial 10: 123.605000
129174	[2024]	:	Respose to catch Q at trial 10: 128.654000
129175	[1]	:	RT and choice to catch Q at trial 10: 1.524000, 0
129207	[32]	:	Fixation at trial 11: 129.186000
129729	[522]	:	Object at trial 11: 129.709000
133252	[3523]	:	Fixation at trial 11: 133.232000
133774	[522]	:	Catch Stim at trial 11: 133.754000
137299	[3525]	:	Catch Q at trial 11: 133.754000
138164	[865]	:	Key	28	DOWN	at	138164  
139279	[1115]	:	Respose to catch Q at trial 11: 138.170000
139280	[1]	:	RT and choice to catch Q at trial 11: 0.891000, 28
139305	[25]	:	Fixation at trial 12: 139.285000
139827	[522]	:	Object at trial 12: 139.807000
143350	[3523]	:	Fixation at trial 12: 143.330000
143871	[521]	:	Catch Stim at trial 12: 143.851000
147398	[3527]	:	Catch Q at trial 12: 143.851000
148029	[631]	:	Key	30	DOWN	at	148029  
149378	[1349]	:	Respose to catch Q at trial 12: 148.035000
149379	[1]	:	RT and choice to catch Q at trial 12: 0.657000, 30
149403	[24]	:	Fixation at trial 13: 149.383000
149925	[522]	:	Object at trial 13: 149.905000
153448	[3523]	:	Fixation at trial 13: 153.428000
153972	[524]	:	Catch Stim at trial 13: 153.952000
157497	[3525]	:	Catch Q at trial 13: 153.952000
158270	[773]	:	Key	28	DOWN	at	158270  
159477	[1207]	:	Respose to catch Q at trial 13: 158.276000
159477	[0]	:	RT and choice to catch Q at trial 13: 0.799000, 28
159502	[25]	:	Fixation at trial 14: 159.482000
160024	[522]	:	Object at trial 14: 160.004000
163547	[3523]	:	Fixation at trial 14: 163.527000
164068	[521]	:	Catch Stim at trial 14: 164.048000
167593	[3525]	:	Catch Q at trial 14: 164.048000
169617	[2024]	:	Respose to catch Q at trial 14: 169.097000
169618	[1]	:	RT and choice to catch Q at trial 14: 1.524000, 0
169648	[30]	:	Fixation at trial 15: 169.628000
170170	[522]	:	Object at trial 15: 170.150000
173693	[3523]	:	Fixation at trial 15: 173.673000
174214	[521]	:	Catch Stim at trial 15: 174.194000
177739	[3525]	:	Catch Q at trial 15: 174.194000
178526	[787]	:	Key	30	DOWN	at	178526  
179719	[1193]	:	Respose to catch Q at trial 15: 178.532000
179720	[1]	:	RT and choice to catch Q at trial 15: 0.813000, 30
179744	[24]	:	Fixation at trial 16: 179.724000
180266	[522]	:	Object at trial 16: 180.246000
183789	[3523]	:	Fixation at trial 16: 183.769000
184310	[521]	:	Catch Stim at trial 16: 184.290000
187835	[3525]	:	Catch Q at trial 16: 184.290000
188501	[666]	:	Key	28	DOWN	at	188501  
189815	[1314]	:	Respose to catch Q at trial 16: 188.507000
189816	[1]	:	RT and choice to catch Q at trial 16: 0.692000, 28
189840	[24]	:	Fixation at trial 17: 189.820000
190362	[522]	:	Object at trial 17: 190.342000
193885	[3523]	:	Fixation at trial 17: 193.865000
194406	[521]	:	Catch Stim at trial 17: 194.386000
197931	[3525]	:	Catch Q at trial 17: 194.386000
198642	[711]	:	Key	28	DOWN	at	198642  
199911	[1269]	:	Respose to catch Q at trial 17: 198.648000
199912	[1]	:	RT and choice to catch Q at trial 17: 0.737000, 28
199936	[24]	:	Fixation at trial 18: 199.916000
200458	[522]	:	Object at trial 18: 200.438000
203981	[3523]	:	Fixation at trial 18: 203.961000
204503	[522]	:	Catch Stim at trial 18: 204.483000
208028	[3525]	:	Catch Q at trial 18: 204.483000
208998	[970]	:	Key	28	DOWN	at	208998  
210008	[1010]	:	Respose to catch Q at trial 18: 209.004000
210009	[1]	:	RT and choice to catch Q at trial 18: 0.996000, 28
210033	[24]	:	Fixation at trial 19: 210.013000
210555	[522]	:	Object at trial 19: 210.535000
214078	[3523]	:	Fixation at trial 19: 214.058000
214600	[522]	:	Catch Stim at trial 19: 214.580000
218125	[3525]	:	Catch Q at trial 19: 214.580000
218798	[673]	:	Key	28	DOWN	at	218798  
220105	[1307]	:	Respose to catch Q at trial 19: 218.804000
220105	[0]	:	RT and choice to catch Q at trial 19: 0.699000, 28
220130	[25]	:	Fixation at trial 20: 220.110000
220652	[522]	:	Object at trial 20: 220.632000
224175	[3523]	:	Fixation at trial 20: 224.155000
224697	[522]	:	Catch Stim at trial 20: 224.677000
228222	[3525]	:	Catch Q at trial 20: 224.677000
228924	[702]	:	Key	30	DOWN	at	228924  
230202	[1278]	:	Respose to catch Q at trial 20: 228.930000
230202	[0]	:	RT and choice to catch Q at trial 20: 0.728000, 30
230227	[25]	:	Fixation at trial 21: 230.207000
230750	[523]	:	Object at trial 21: 230.730000
234273	[3523]	:	Fixation at trial 21: 234.253000
234795	[522]	:	Catch Stim at trial 21: 234.775000
238320	[3525]	:	Catch Q at trial 21: 234.775000
239264	[944]	:	Key	28	DOWN	at	239264  
240300	[1036]	:	Respose to catch Q at trial 21: 239.270000
240300	[0]	:	RT and choice to catch Q at trial 21: 0.970000, 28
240325	[25]	:	Fixation at trial 22: 240.305000
240848	[523]	:	Object at trial 22: 240.828000
244371	[3523]	:	Fixation at trial 22: 244.351000
244893	[522]	:	Catch Stim at trial 22: 244.873000
248418	[3525]	:	Catch Q at trial 22: 244.873000
249285	[867]	:	Key	28	DOWN	at	249285  
250398	[1113]	:	Respose to catch Q at trial 22: 249.290000
250398	[0]	:	RT and choice to catch Q at trial 22: 0.892000, 28
250423	[25]	:	Fixation at trial 23: 250.403000
250945	[522]	:	Object at trial 23: 250.925000
254468	[3523]	:	Fixation at trial 23: 254.448000
254989	[521]	:	Catch Stim at trial 23: 254.969000
258514	[3525]	:	Catch Q at trial 23: 254.969000
259421	[907]	:	Key	28	DOWN	at	259421  
260495	[1074]	:	Respose to catch Q at trial 23: 259.426000
260495	[0]	:	RT and choice to catch Q at trial 23: 0.932000, 28
260521	[26]	:	Fixation at trial 24: 260.500000
261043	[522]	:	Object at trial 24: 261.023000
264566	[3523]	:	Fixation at trial 24: 264.546000
265087	[521]	:	Catch Stim at trial 24: 265.067000
268612	[3525]	:	Catch Q at trial 24: 265.067000
269251	[639]	:	Key	30	DOWN	at	269251  
270592	[1341]	:	Respose to catch Q at trial 24: 269.257000
270592	[0]	:	RT and choice to catch Q at trial 24: 0.665000, 30
270617	[25]	:	Fixation at trial 25: 270.597000
271140	[523]	:	Object at trial 25: 271.120000
274663	[3523]	:	Fixation at trial 25: 274.643000
275185	[522]	:	Catch Stim at trial 25: 275.165000
278710	[3525]	:	Catch Q at trial 25: 275.165000
279917	[1207]	:	Key	28	DOWN	at	279917  
280690	[773]	:	Respose to catch Q at trial 25: 279.923000
280690	[0]	:	RT and choice to catch Q at trial 25: 1.233000, 28
280715	[25]	:	Fixation at trial 26: 280.695000
281237	[522]	:	Object at trial 26: 281.217000
284760	[3523]	:	Fixation at trial 26: 284.740000
285282	[522]	:	Catch Stim at trial 26: 285.262000
288807	[3525]	:	Catch Q at trial 26: 285.262000
290831	[2024]	:	Respose to catch Q at trial 26: 290.311000
290832	[1]	:	RT and choice to catch Q at trial 26: 1.524000, 0
290861	[29]	:	Fixation at trial 27: 290.841000
291383	[522]	:	Object at trial 27: 291.363000
294906	[3523]	:	Fixation at trial 27: 294.886000
295428	[522]	:	Catch Stim at trial 27: 295.408000
298954	[3526]	:	Catch Q at trial 27: 295.408000
299903	[949]	:	Key	28	DOWN	at	299903  
300934	[1031]	:	Respose to catch Q at trial 27: 299.909000
300935	[1]	:	RT and choice to catch Q at trial 27: 0.975000, 28
300958	[23]	:	Fixation at trial 28: 300.938000
301480	[522]	:	Object at trial 28: 301.460000
305003	[3523]	:	Fixation at trial 28: 304.983000
305525	[522]	:	Catch Stim at trial 28: 305.505000
309050	[3525]	:	Catch Q at trial 28: 305.505000
309813	[763]	:	Key	30	DOWN	at	309813  
311030	[1217]	:	Respose to catch Q at trial 28: 309.819000
311031	[1]	:	RT and choice to catch Q at trial 28: 0.789000, 30
311055	[24]	:	Fixation at trial 29: 311.035000
311578	[523]	:	Object at trial 29: 311.558000
315101	[3523]	:	Fixation at trial 29: 315.081000
315623	[522]	:	Catch Stim at trial 29: 315.603000
319148	[3525]	:	Catch Q at trial 29: 315.603000
319854	[706]	:	Key	30	DOWN	at	319854  
321128	[1274]	:	Respose to catch Q at trial 29: 319.860000
321128	[0]	:	RT and choice to catch Q at trial 29: 0.732000, 30
321153	[25]	:	Fixation at trial 30: 321.133000
321675	[522]	:	Object at trial 30: 321.655000
325198	[3523]	:	Fixation at trial 30: 325.178000
325720	[522]	:	Catch Stim at trial 30: 325.700000
329245	[3525]	:	Catch Q at trial 30: 325.700000
330216	[971]	:	Key	28	DOWN	at	330216  
331225	[1009]	:	Respose to catch Q at trial 30: 330.222000
331225	[0]	:	RT and choice to catch Q at trial 30: 0.997000, 28
331250	[25]	:	Fixation at trial 31: 331.230000
331773	[523]	:	Object at trial 31: 331.753000
335296	[3523]	:	Fixation at trial 31: 335.276000
335818	[522]	:	Catch Stim at trial 31: 335.798000
339344	[3526]	:	Catch Q at trial 31: 335.798000
340046	[702]	:	Key	30	DOWN	at	340046  
341324	[1278]	:	Respose to catch Q at trial 31: 340.052000
341324	[0]	:	RT and choice to catch Q at trial 31: 0.728000, 30
341349	[25]	:	Fixation at trial 32: 341.329000
341872	[523]	:	Object at trial 32: 341.852000
345395	[3523]	:	Fixation at trial 32: 345.375000
345917	[522]	:	Catch Stim at trial 32: 345.897000
349442	[3525]	:	Catch Q at trial 32: 345.897000
350047	[605]	:	Key	30	DOWN	at	350047  
351422	[1375]	:	Respose to catch Q at trial 32: 350.052000
351422	[0]	:	RT and choice to catch Q at trial 32: 0.630000, 30
351447	[25]	:	Fixation at trial 33: 351.427000
351969	[522]	:	Object at trial 33: 351.949000
355492	[3523]	:	Fixation at trial 33: 355.472000
356014	[522]	:	Catch Stim at trial 33: 355.994000
359539	[3525]	:	Catch Q at trial 33: 355.994000
360122	[583]	:	Key	30	DOWN	at	360122  
361519	[1397]	:	Respose to catch Q at trial 33: 360.127000
361519	[0]	:	RT and choice to catch Q at trial 33: 0.608000, 30
361544	[25]	:	Fixation at trial 34: 361.524000
362066	[522]	:	Object at trial 34: 362.046000
365589	[3523]	:	Fixation at trial 34: 365.569000
366111	[522]	:	Catch Stim at trial 34: 366.091000
369636	[3525]	:	Catch Q at trial 34: 366.091000
370408	[772]	:	Key	28	DOWN	at	370408  
371616	[1208]	:	Respose to catch Q at trial 34: 370.414000
371616	[0]	:	RT and choice to catch Q at trial 34: 0.798000, 28
371641	[25]	:	Fixation at trial 35: 371.621000
372163	[522]	:	Object at trial 35: 372.143000
375686	[3523]	:	Fixation at trial 35: 375.666000
376208	[522]	:	Catch Stim at trial 35: 376.188000
379733	[3525]	:	Catch Q at trial 35: 376.188000
380443	[710]	:	Key	30	DOWN	at	380443  
381713	[1270]	:	Respose to catch Q at trial 35: 380.449000
381713	[0]	:	RT and choice to catch Q at trial 35: 0.736000, 30
381738	[25]	:	Fixation at trial 36: 381.718000
382260	[522]	:	Object at trial 36: 382.240000
385783	[3523]	:	Fixation at trial 36: 385.763000
386305	[522]	:	Catch Stim at trial 36: 386.285000
389830	[3525]	:	Catch Q at trial 36: 386.285000
390614	[784]	:	Key	30	DOWN	at	390614  
391810	[1196]	:	Respose to catch Q at trial 36: 390.620000
391810	[0]	:	RT and choice to catch Q at trial 36: 0.810000, 30
391835	[25]	:	Fixation at trial 37: 391.815000
392357	[522]	:	Object at trial 37: 392.337000
395880	[3523]	:	Fixation at trial 37: 395.860000
396402	[522]	:	Catch Stim at trial 37: 396.382000
399927	[3525]	:	Catch Q at trial 37: 396.382000
400715	[788]	:	Key	28	DOWN	at	400715  
401907	[1192]	:	Respose to catch Q at trial 37: 400.721000
401907	[0]	:	RT and choice to catch Q at trial 37: 0.814000, 28
401932	[25]	:	Fixation at trial 38: 401.912000
402454	[522]	:	Object at trial 38: 402.434000
405977	[3523]	:	Fixation at trial 38: 405.957000
406499	[522]	:	Catch Stim at trial 38: 406.479000
410024	[3525]	:	Catch Q at trial 38: 406.479000
410545	[521]	:	Key	30	DOWN	at	410545  
412004	[1459]	:	Respose to catch Q at trial 38: 410.551000
412004	[0]	:	RT and choice to catch Q at trial 38: 0.547000, 30
412028	[24]	:	Fixation at trial 39: 412.008000
412550	[522]	:	Object at trial 39: 412.530000
416073	[3523]	:	Fixation at trial 39: 416.053000
416595	[522]	:	Catch Stim at trial 39: 416.575000
420120	[3525]	:	Catch Q at trial 39: 416.575000
420731	[611]	:	Key	30	DOWN	at	420731  
422100	[1369]	:	Respose to catch Q at trial 39: 420.737000
422101	[1]	:	RT and choice to catch Q at trial 39: 0.637000, 30
422131	[30]	:	Fixation at trial 40: 422.111000
422653	[522]	:	Object at trial 40: 422.633000
426176	[3523]	:	Fixation at trial 40: 426.156000
426698	[522]	:	Catch Stim at trial 40: 426.678000
430223	[3525]	:	Catch Q at trial 40: 426.678000
430816	[593]	:	Key	30	DOWN	at	430816  
432203	[1387]	:	Respose to catch Q at trial 40: 430.821000
432203	[0]	:	RT and choice to catch Q at trial 40: 0.618000, 30
432228	[25]	:	Fixation at trial 41: 432.208000
432750	[522]	:	Object at trial 41: 432.730000
436273	[3523]	:	Fixation at trial 41: 436.253000
436795	[522]	:	Catch Stim at trial 41: 436.775000
440320	[3525]	:	Catch Q at trial 41: 436.77