Cog2000 log file Wed Oct 09 10:02:46 2019
gprim v1.29 Compiled:Feb  1 2010 (GLib DirectDraw v7 DX10.0 Compiled:Feb  1 2010)
Display:1024x768x32 59.81Hz
CogInput v1.05 Compiled: May 20 2010
0	[0]	:	COGENT START
1051	[1051]	:	Key	30	DOWN	at	1051    
1221	[170]	:	Key	30	UP	at	1221    
1376	[155]	:	Key	28	DOWN	at	1376    
1606	[230]	:	Key	28	UP	at	1606    
22492	[20886]	:	Key	71	DOWN	at	22492   
22558	[66]	:	Fixation at trial 1: 22.537000
23086	[528]	:	Object at trial 1: 23.065000
26610	[3524]	:	Fixation at trial 1: 26.589000
27138	[528]	:	Catch Stim at trial 1: 27.117000
30667	[3529]	:	Catch Q at trial 1: 27.117000
31249	[582]	:	Key	30	DOWN	at	31249   
32647	[1398]	:	Respose to catch Q at trial 1: 31.257000
32648	[1]	:	RT and choice to catch Q at trial 1: 0.611000, 30
32682	[34]	:	Fixation at trial 2: 32.662000
33204	[522]	:	Object at trial 2: 33.184000
36727	[3523]	:	Fixation at trial 2: 36.707000
37250	[523]	:	Catch Stim at trial 2: 37.230000
40775	[3525]	:	Catch Q at trial 2: 37.230000
41584	[809]	:	Key	28	DOWN	at	41584   
42755	[1171]	:	Respose to catch Q at trial 2: 41.591000
42756	[1]	:	RT and choice to catch Q at trial 2: 0.836000, 28
42789	[33]	:	Fixation at trial 3: 42.769000
43311	[522]	:	Object at trial 3: 43.291000
46834	[3523]	:	Fixation at trial 3: 46.814000
47356	[522]	:	Catch Stim at trial 3: 47.336000
50882	[3526]	:	Catch Q at trial 3: 47.336000
51690	[808]	:	Key	28	DOWN	at	51690   
52862	[1172]	:	Respose to catch Q at trial 3: 51.696000
52863	[1]	:	RT and choice to catch Q at trial 3: 0.834000, 28
52890	[27]	:	Fixation at trial 4: 52.870000
53412	[522]	:	Object at trial 4: 53.392000
56935	[3523]	:	Fixation at trial 4: 56.915000
57457	[522]	:	Catch Stim at trial 4: 57.437000
60983	[3526]	:	Catch Q at trial 4: 57.437000
61591	[608]	:	Key	30	DOWN	at	61591   
62963	[1372]	:	Respose to catch Q at trial 4: 61.596000
62964	[1]	:	RT and choice to catch Q at trial 4: 0.633000, 30
62993	[29]	:	Fixation at trial 5: 62.973000
63515	[522]	:	Object at trial 5: 63.495000
67038	[3523]	:	Fixation at trial 5: 67.018000
67560	[522]	:	Catch Stim at trial 5: 67.540000
71085	[3525]	:	Catch Q at trial 5: 67.540000
71726	[641]	:	Key	28	DOWN	at	71726   
73065	[1339]	:	Respose to catch Q at trial 5: 71.731000
73066	[1]	:	RT and choice to catch Q at trial 5: 0.666000, 28
73094	[28]	:	Fixation at trial 6: 73.074000
73616	[522]	:	Object at trial 6: 73.596000
77139	[3523]	:	Fixation at trial 6: 77.119000
77661	[522]	:	Catch Stim at trial 6: 77.641000
81186	[3525]	:	Catch Q at trial 6: 77.641000
82012	[826]	:	Key	28	DOWN	at	82012   
83166	[1154]	:	Respose to catch Q at trial 6: 82.018000
83167	[1]	:	RT and choice to catch Q at trial 6: 0.852000, 28
83194	[27]	:	Fixation at trial 7: 83.174000
83717	[523]	:	Object at trial 7: 83.697000
87240	[3523]	:	Fixation at trial 7: 87.220000
87763	[523]	:	Catch Stim at trial 7: 87.743000
91288	[3525]	:	Catch Q at trial 7: 87.743000
92078	[790]	:	Key	28	DOWN	at	92078   
93268	[1190]	:	Respose to catch Q at trial 7: 92.084000
93269	[1]	:	RT and choice to catch Q at trial 7: 0.816000, 28
93295	[26]	:	Fixation at trial 8: 93.275000
93817	[522]	:	Object at trial 8: 93.797000
97340	[3523]	:	Fixation at trial 8: 97.320000
97863	[523]	:	Catch Stim at trial 8: 97.843000
101388	[3525]	:	Catch Q at trial 8: 97.843000
102114	[726]	:	Key	30	DOWN	at	102114  
103368	[1254]	:	Respose to catch Q at trial 8: 102.120000
103369	[1]	:	RT and choice to catch Q at trial 8: 0.752000, 30
103393	[24]	:	Fixation at trial 9: 103.373000
103915	[522]	:	Object at trial 9: 103.895000
107438	[3523]	:	Fixation at trial 9: 107.418000
107961	[523]	:	Catch Stim at trial 9: 107.941000
111486	[3525]	:	Catch Q at trial 9: 107.941000
112210	[724]	:	Key	30	DOWN	at	112210  
113466	[1256]	:	Respose to catch Q at trial 9: 112.215000
113467	[1]	:	RT and choice to catch Q at trial 9: 0.749000, 30
113491	[24]	:	Fixation at trial 10: 113.471000
114013	[522]	:	Object at trial 10: 113.993000
117536	[3523]	:	Fixation at trial 10: 117.516000
118059	[523]	:	Catch Stim at trial 10: 118.039000
121584	[3525]	:	Catch Q at trial 10: 118.039000
123045	[1461]	:	Key	28	DOWN	at	123045  
123564	[519]	:	Respose to catch Q at trial 10: 123.051000
123565	[1]	:	RT and choice to catch Q at trial 10: 1.487000, 28
123589	[24]	:	Fixation at trial 11: 123.569000
124111	[522]	:	Object at trial 11: 124.091000
127634	[3523]	:	Fixation at trial 11: 127.614000
128157	[523]	:	Catch Stim at trial 11: 128.137000
131682	[3525]	:	Catch Q at trial 11: 128.137000
132631	[949]	:	Key	28	DOWN	at	132631  
133662	[1031]	:	Respose to catch Q at trial 11: 132.637000
133663	[1]	:	RT and choice to catch Q at trial 11: 0.975000, 28
133687	[24]	:	Fixation at trial 12: 133.667000
134209	[522]	:	Object at trial 12: 134.189000
137733	[3524]	:	Fixation at trial 12: 137.713000
138255	[522]	:	Catch Stim at trial 12: 138.235000
141781	[3526]	:	Catch Q at trial 12: 138.235000
142551	[770]	:	Key	30	DOWN	at	142551  
143761	[1210]	:	Respose to catch Q at trial 12: 142.557000
143761	[0]	:	RT and choice to catch Q at trial 12: 0.796000, 30
143786	[25]	:	Fixation at trial 13: 143.766000
144308	[522]	:	Object at trial 13: 144.288000
147831	[3523]	:	Fixation at trial 13: 147.811000
148353	[522]	:	Catch Stim at trial 13: 148.333000
151878	[3525]	:	Catch Q at trial 13: 148.333000
152732	[854]	:	Key	28	DOWN	at	152732  
153858	[1126]	:	Respose to catch Q at trial 13: 152.738000
153859	[1]	:	RT and choice to catch Q at trial 13: 0.880000, 28
153882	[23]	:	Fixation at trial 14: 153.862000
154404	[522]	:	Object at trial 14: 154.384000
157927	[3523]	:	Fixation at trial 14: 157.907000
158449	[522]	:	Catch Stim at trial 14: 158.429000
161975	[3526]	:	Catch Q at trial 14: 158.429000
162697	[722]	:	Key	30	DOWN	at	162697  
163955	[1258]	:	Respose to catch Q at trial 14: 162.702000
163956	[1]	:	RT and choice to catch Q at trial 14: 0.747000, 30
163980	[24]	:	Fixation at trial 15: 163.960000
164502	[522]	:	Object at trial 15: 164.482000
168025	[3523]	:	Fixation at trial 15: 168.005000
168546	[521]	:	Catch Stim at trial 15: 168.526000
172071	[3525]	:	Catch Q at trial 15: 168.526000
172599	[528]	:	Key	28	DOWN	at	172599  
174051	[1452]	:	Respose to catch Q at trial 15: 172.604000
174052	[1]	:	RT and choice to catch Q at trial 15: 0.553000, 28
174076	[24]	:	Fixation at trial 16: 174.056000
174598	[522]	:	Object at trial 16: 174.578000
178121	[3523]	:	Fixation at trial 16: 178.101000
178642	[521]	:	Catch Stim at trial 16: 178.622000
182167	[3525]	:	Catch Q at trial 16: 178.622000
182780	[613]	:	Key	28	DOWN	at	182780  
184147	[1367]	:	Respose to catch Q at trial 16: 182.785000
184148	[1]	:	RT and choice to catch Q at trial 16: 0.638000, 28
184172	[24]	:	Fixation at trial 17: 184.152000
184694	[522]	:	Object at trial 17: 184.674000
188217	[3523]	:	Fixation at trial 17: 188.197000
188738	[521]	:	Catch Stim at trial 17: 188.718000
192263	[3525]	:	Catch Q at trial 17: 188.718000
192850	[587]	:	Key	30	DOWN	at	192850  
194243	[1393]	:	Respose to catch Q at trial 17: 192.855000
194243	[0]	:	RT and choice to catch Q at trial 17: 0.612000, 30
194268	[25]	:	Fixation at trial 18: 194.248000
194790	[522]	:	Object at trial 18: 194.770000
198313	[3523]	:	Fixation at trial 18: 198.293000
198834	[521]	:	Catch Stim at trial 18: 198.814000
202359	[3525]	:	Catch Q at trial 18: 198.814000
203121	[762]	:	Key	28	DOWN	at	203121  
204339	[1218]	:	Respose to catch Q at trial 18: 203.127000
204339	[0]	:	RT and choice to catch Q at trial 18: 0.788000, 28
204364	[25]	:	Fixation at trial 19: 204.344000
204886	[522]	:	Object at trial 19: 204.866000
208409	[3523]	:	Fixation at trial 19: 208.389000
208931	[522]	:	Catch Stim at trial 19: 208.911000
212456	[3525]	:	Catch Q at trial 19: 208.911000
213076	[620]	:	Key	30	DOWN	at	213076  
214436	[1360]	:	Respose to catch Q at trial 19: 213.082000
214436	[0]	:	RT and choice to catch Q at trial 19: 0.646000, 30
214461	[25]	:	Fixation at trial 20: 214.441000
214984	[523]	:	Object at trial 20: 214.964000
218507	[3523]	:	Fixation at trial 20: 218.487000
219029	[522]	:	Catch Stim at trial 20: 219.009000
222555	[3526]	:	Catch Q at trial 20: 219.009000
223057	[502]	:	Key	30	DOWN	at	223057  
224535	[1478]	:	Respose to catch Q at trial 20: 223.062000
224536	[1]	:	RT and choice to catch Q at trial 20: 0.527000, 30
224560	[24]	:	Fixation at trial 21: 224.540000
225082	[522]	:	Object at trial 21: 225.062000
228605	[3523]	:	Fixation at trial 21: 228.585000
229127	[522]	:	Catch Stim at trial 21: 229.107000
232652	[3525]	:	Catch Q at trial 21: 229.107000
233413	[761]	:	Key	28	DOWN	at	233413  
234632	[1219]	:	Respose to catch Q at trial 21: 233.419000
234632	[0]	:	RT and choice to catch Q at trial 21: 0.787000, 28
234657	[25]	:	Fixation at trial 22: 234.637000
235179	[522]	:	Object at trial 22: 235.159000
238703	[3524]	:	Fixation at trial 22: 238.683000
239225	[522]	:	Catch Stim at trial 22: 239.205000
242750	[3525]	:	Catch Q at trial 22: 239.205000
243444	[694]	:	Key	28	DOWN	at	243444  
244730	[1286]	:	Respose to catch Q at trial 22: 243.450000
244730	[0]	:	RT and choice to catch Q at trial 22: 0.720000, 28
244755	[25]	:	Fixation at trial 23: 244.735000
245277	[522]	:	Object at trial 23: 245.257000
248800	[3523]	:	Fixation at trial 23: 248.780000
249322	[522]	:	Catch Stim at trial 23: 249.302000
252847	[3525]	:	Catch Q at trial 23: 249.302000
253575	[728]	:	Key	28	DOWN	at	253575  
254827	[1252]	:	Respose to catch Q at trial 23: 253.581000
254827	[0]	:	RT and choice to catch Q at trial 23: 0.754000, 28
254851	[24]	:	Fixation at trial 24: 254.831000
255373	[522]	:	Object at trial 24: 255.353000
258896	[3523]	:	Fixation at trial 24: 258.876000
259418	[522]	:	Catch Stim at trial 24: 259.398000
262943	[3525]	:	Catch Q at trial 24: 259.398000
263460	[517]	:	Key	30	DOWN	at	263460  
264923	[1463]	:	Respose to catch Q at trial 24: 263.466000
264923	[0]	:	RT and choice to catch Q at trial 24: 0.543000, 30
264948	[25]	:	Fixation at trial 25: 264.928000
265470	[522]	:	Object at trial 25: 265.450000
268993	[3523]	:	Fixation at trial 25: 268.973000
269515	[522]	:	Catch Stim at trial 25: 269.495000
273041	[3526]	:	Catch Q at trial 25: 269.495000
273641	[600]	:	Key	28	DOWN	at	273641  
275021	[1380]	:	Respose to catch Q at trial 25: 273.646000
275021	[0]	:	RT and choice to catch Q at trial 25: 0.625000, 28
275046	[25]	:	Fixation at trial 26: 275.026000
275568	[522]	:	Object at trial 26: 275.548000
279091	[3523]	:	Fixation at trial 26: 279.071000
279613	[522]	:	Catch Stim at trial 26: 279.593000
283138	[3525]	:	Catch Q at trial 26: 279.593000
283721	[583]	:	Key	30	DOWN	at	283721  
285118	[1397]	:	Respose to catch Q at trial 26: 283.726000
285118	[0]	:	RT and choice to catch Q at trial 26: 0.608000, 30
285143	[25]	:	Fixation at trial 27: 285.123000
285665	[522]	:	Object at trial 27: 285.645000
289188	[3523]	:	Fixation at trial 27: 289.168000
289710	[522]	:	Catch Stim at trial 27: 289.690000
293235	[3525]	:	Catch Q at trial 27: 289.690000
293897	[662]	:	Key	30	DOWN	at	293897  
295215	[1318]	:	Respose to catch Q at trial 27: 293.903000
295215	[0]	:	RT and choice to catch Q at trial 27: 0.688000, 30
295240	[25]	:	Fixation at trial 28: 295.220000
295763	[523]	:	Object at trial 28: 295.743000
299286	[3523]	:	Fixation at trial 28: 299.266000
299808	[522]	:	Catch Stim at trial 28: 299.788000
303334	[3526]	:	Catch Q at trial 28: 299.788000
304282	[948]	:	Key	30	DOWN	at	304282  
305314	[1032]	:	Respose to catch Q at trial 28: 304.288000
305314	[0]	:	RT and choice to catch Q at trial 28: 0.974000, 30
305339	[25]	:	Fixation at trial 29: 305.319000
305861	[522]	:	Object at trial 29: 305.841000
309384	[3523]	:	Fixation at trial 29: 309.364000
309906	[522]	:	Catch Stim at trial 29: 309.886000
313431	[3525]	:	Catch Q at trial 29: 309.886000
314213	[782]	:	Key	28	DOWN	at	314213  
315411	[1198]	:	Respose to catch Q at trial 29: 314.219000
315411	[0]	:	RT and choice to catch Q at trial 29: 0.808000, 28
315436	[25]	:	Fixation at trial 30: 315.416000
315958	[522]	:	Object at trial 30: 315.938000
319481	[3523]	:	Fixation at trial 30: 319.461000
320004	[523]	:	Catch Stim at trial 30: 319.984000
323530	[3526]	:	Catch Q at trial 30: 319.984000
324324	[794]	:	Key	28	DOWN	at	324324  
325510	[1186]	:	Respose to catch Q at trial 30: 324.330000
325510	[0]	:	RT and choice to catch Q at trial 30: 0.820000, 28
325534	[24]	:	Fixation at trial 31: 325.514000
326057	[523]	:	Object at trial 31: 326.037000
329580	[3523]	:	Fixation at trial 31: 329.560000
330102	[522]	:	Catch Stim at trial 31: 330.082000
333628	[3526]	:	Catch Q at trial 31: 330.082000
334069	[441]	:	Key	30	DOWN	at	334069  
335608	[1539]	:	Respose to catch Q at trial 31: 334.075000
335608	[0]	:	RT and choice to catch Q at trial 31: 0.467000, 30
335633	[25]	:	Fixation at trial 32: 335.613000
336155	[522]	:	Object at trial 32: 336.135000
339678	[3523]	:	Fixation at trial 32: 339.658000
340200	[522]	:	Catch Stim at trial 32: 340.180000
343726	[3526]	:	Catch Q at trial 32: 340.180000
344465	[739]	:	Key	28	DOWN	at	344465  
345706	[1241]	:	Respose to catch Q at trial 32: 344.471000
345706	[0]	:	RT and choice to catch Q at trial 32: 0.765000, 28
345731	[25]	:	Fixation at trial 33: 345.711000
346253	[522]	:	Object at trial 33: 346.233000
349776	[3523]	:	Fixation at trial 33: 349.756000
350299	[523]	:	Catch Stim at trial 33: 350.279000
353824	[3525]	:	Catch Q at trial 33: 350.279000
354395	[571]	:	Key	28	DOWN	at	354395  
355804	[1409]	:	Respose to catch Q at trial 33: 354.401000
355804	[0]	:	RT and choice to catch Q at trial 33: 0.597000, 28
355829	[25]	:	Fixation at trial 34: 355.809000
356351	[522]	:	Object at trial 34: 356.331000
359874	[3523]	:	Fixation at trial 34: 359.854000
360396	[522]	:	Catch Stim at trial 34: 360.376000
363921	[3525]	:	Catch Q at trial 34: 360.376000
364511	[590]	:	Key	28	DOWN	at	364511  
365901	[1390]	:	Respose to catch Q at trial 34: 364.517000
365901	[0]	:	RT and choice to catch Q at trial 34: 0.616000, 28
365926	[25]	:	Fixation at trial 35: 365.906000
366448	[522]	:	Object at trial 35: 366.428000
369971	[3523]	:	Fixation at trial 35: 369.951000
370493	[522]	:	Catch Stim at trial 35: 370.473000
374018	[3525]	:	Catch Q at trial 35: 370.473000
374673	[655]	:	Key	30	DOWN	at	374673  
375998	[1325]	:	Respose to catch Q at trial 35: 374.679000
375998	[0]	:	RT and choice to catch Q at trial 35: 0.681000, 30
376023	[25]	:	Fixation at trial 36: 376.003000
376545	[522]	:	Object at trial 36: 376.525000
380068	[3523]	:	Fixation at trial 36: 380.048000
380590	[522]	:	Catch Stim at trial 36: 380.570000
384115	[3525]	:	Catch Q at trial 36: 380.570000
384868	[753]	:	Key	28	DOWN	at	384868  
386095	[1227]	:	Respose to catch Q at trial 36: 384.874000
386095	[0]	:	RT and choice to catch Q at trial 36: 0.779000, 28
386120	[25]	:	Fixation at trial 37: 386.100000
386642	[522]	:	Object at trial 37: 386.622000
390165	[3523]	:	Fixation at trial 37: 390.145000
390687	[522]	:	Catch Stim at trial 37: 390.667000
394212	[3525]	:	Catch Q at trial 37: 390.667000
394739	[527]	:	Key	30	DOWN	at	394739  
396192	[1453]	:	Respose to catch Q at trial 37: 394.745000
396192	[0]	:	RT and choice to catch Q at trial 37: 0.553000, 30
396217	[25]	:	Fixation at trial 38: 396.197000
396739	[522]	:	Object at trial 38: 396.719000
400262	[3523]	:	Fixation at trial 38: 400.242000
400784	[522]	:	Catch Stim at trial 38: 400.764000
404309	[3525]	:	Catch Q at trial 38: 400.764000
405054	[745]	:	Key	28	DOWN	at	405054  
406289	[1235]	:	Respose to catch Q at trial 38: 405.060000
406289	[0]	:	RT and choice to catch Q at trial 38: 0.771000, 28
406314	[25]	:	Fixation at trial 39: 406.294000
406837	[523]	:	Object at trial 39: 406.817000
410360	[3523]	:	Fixation at trial 39: 410.340000
410883	[523]	:	Catch Stim at trial 39: 410.863000
414408	[3525]	:	Catch Q at trial 39: 410.863000
415065	[657]	:	Key	28	DOWN	at	415065  
416388	[1323]	:	Respose to catch Q at trial 39: 415.071000
416388	[0]	:	RT and choice to catch Q at trial 39: 0.683000, 28
416414	[26]	:	Fixation at trial 40: 416.394000
416936	[522]	:	Object at trial 40: 416.916000
420459	[3523]	:	Fixation at trial 40: 420.439000
420981	[522]	:	Catch Stim at trial 40: 420.961000
424507	[3526]	:	Catch Q at trial 40: 420.961000
425285	[778]	:	Key	30	DOWN	at	425285  
426487	[1202]	:	Respose to catch Q at trial 40: 425.291000
426487	[0]	:	RT and choice to catch Q at trial 40: 0.804000, 30
426512	[25]	:	Fixation at trial 41: 426.492000
427035	[523]	:	Object at trial 4