Cog2000 log file Wed Oct 09 10:35:16 2019
gprim v1.29 Compiled:Feb  1 2010 (GLib DirectDraw v7 DX10.0 Compiled:Feb  1 2010)
Display:1024x768x32 59.81Hz
CogInput v1.05 Compiled: May 20 2010
0	[0]	:	COGENT START
1236	[1236]	:	Key	30	DOWN	at	1236    
1396	[160]	:	Key	30	UP	at	1396    
1476	[80]	:	Key	28	DOWN	at	1476    
1661	[185]	:	Key	28	UP	at	1661    
27712	[26051]	:	Key	71	DOWN	at	27712   
27771	[59]	:	Fixation at trial 1: 27.749000
28306	[535]	:	Object at trial 1: 28.285000
31834	[3528]	:	Fixation at trial 1: 31.813000
32365	[531]	:	Catch Stim at trial 1: 32.344000
35899	[3534]	:	Catch Q at trial 1: 32.344000
36748	[849]	:	Key	28	DOWN	at	36748   
37882	[1134]	:	Respose to catch Q at trial 1: 36.758000
37884	[2]	:	RT and choice to catch Q at trial 1: 0.880000, 28
37934	[50]	:	Fixation at trial 2: 37.914000
38457	[523]	:	Object at trial 2: 38.437000
41980	[3523]	:	Fixation at trial 2: 41.960000
42505	[525]	:	Catch Stim at trial 2: 42.485000
46031	[3526]	:	Catch Q at trial 2: 42.485000
46818	[787]	:	Key	28	DOWN	at	46818   
48012	[1194]	:	Respose to catch Q at trial 2: 46.824000
48013	[1]	:	RT and choice to catch Q at trial 2: 0.813000, 28
48060	[47]	:	Fixation at trial 3: 48.040000
48582	[522]	:	Object at trial 3: 48.562000
52105	[3523]	:	Fixation at trial 3: 52.085000
52627	[522]	:	Catch Stim at trial 3: 52.607000
56152	[3525]	:	Catch Q at trial 3: 52.607000
56809	[657]	:	Key	30	DOWN	at	56809   
58134	[1325]	:	Respose to catch Q at trial 3: 56.814000
58134	[0]	:	RT and choice to catch Q at trial 3: 0.682000, 30
58174	[40]	:	Fixation at trial 4: 58.154000
58697	[523]	:	Object at trial 4: 58.677000
62220	[3523]	:	Fixation at trial 4: 62.200000
62742	[522]	:	Catch Stim at trial 4: 62.722000
66267	[3525]	:	Catch Q at trial 4: 62.722000
66945	[678]	:	Key	30	DOWN	at	66945   
68247	[1302]	:	Respose to catch Q at trial 4: 66.950000
68247	[0]	:	RT and choice to catch Q at trial 4: 0.703000, 30
68274	[27]	:	Fixation at trial 5: 68.254000
68796	[522]	:	Object at trial 5: 68.776000
72319	[3523]	:	Fixation at trial 5: 72.299000
72841	[522]	:	Catch Stim at trial 5: 72.821000
76367	[3526]	:	Catch Q at trial 5: 72.821000
76921	[554]	:	Key	30	DOWN	at	76921   
78347	[1426]	:	Respose to catch Q at trial 5: 76.926000
78347	[0]	:	RT and choice to catch Q at trial 5: 0.579000, 30
78375	[28]	:	Fixation at trial 6: 78.355000
78897	[522]	:	Object at trial 6: 78.877000
82420	[3523]	:	Fixation at trial 6: 82.400000
82942	[522]	:	Catch Stim at trial 6: 82.922000
86467	[3525]	:	Catch Q at trial 6: 82.922000
87232	[765]	:	Key	30	DOWN	at	87232   
88447	[1215]	:	Respose to catch Q at trial 6: 87.237000
88447	[0]	:	RT and choice to catch Q at trial 6: 0.790000, 30
88474	[27]	:	Fixation at trial 7: 88.454000
88996	[522]	:	Object at trial 7: 88.976000
92519	[3523]	:	Fixation at trial 7: 92.499000
93041	[522]	:	Catch Stim at trial 7: 93.021000
96566	[3525]	:	Catch Q at trial 7: 93.021000
97327	[761]	:	Key	28	DOWN	at	97327   
98546	[1219]	:	Respose to catch Q at trial 7: 97.333000
98547	[1]	:	RT and choice to catch Q at trial 7: 0.787000, 28
98572	[25]	:	Fixation at trial 8: 98.552000
99094	[522]	:	Object at trial 8: 99.074000
102617	[3523]	:	Fixation at trial 8: 102.597000
103140	[523]	:	Catch Stim at trial 8: 103.120000
106665	[3525]	:	Catch Q at trial 8: 103.120000
107553	[888]	:	Key	30	DOWN	at	107553  
108645	[1092]	:	Respose to catch Q at trial 8: 107.559000
108646	[1]	:	RT and choice to catch Q at trial 8: 0.914000, 30
108671	[25]	:	Fixation at trial 9: 108.651000
109193	[522]	:	Object at trial 9: 109.173000
112716	[3523]	:	Fixation at trial 9: 112.696000
113238	[522]	:	Catch Stim at trial 9: 113.218000
116763	[3525]	:	Catch Q at trial 9: 113.218000
117743	[980]	:	Key	30	DOWN	at	117743  
118743	[1000]	:	Respose to catch Q at trial 9: 117.749000
118744	[1]	:	RT and choice to catch Q at trial 9: 1.006000, 30
118769	[25]	:	Fixation at trial 10: 118.749000
119291	[522]	:	Object at trial 10: 119.271000
122814	[3523]	:	Fixation at trial 10: 122.794000
123336	[522]	:	Catch Stim at trial 10: 123.316000
126861	[3525]	:	Catch Q at trial 10: 123.316000
127569	[708]	:	Key	28	DOWN	at	127569  
128841	[1272]	:	Respose to catch Q at trial 10: 127.575000
128842	[1]	:	RT and choice to catch Q at trial 10: 0.734000, 28
128866	[24]	:	Fixation at trial 11: 128.846000
129388	[522]	:	Object at trial 11: 129.368000
132912	[3524]	:	Fixation at trial 11: 132.892000
133434	[522]	:	Catch Stim at trial 11: 133.414000
136959	[3525]	:	Catch Q at trial 11: 133.414000
137715	[756]	:	Key	28	DOWN	at	137715  
138939	[1224]	:	Respose to catch Q at trial 11: 137.721000
138939	[0]	:	RT and choice to catch Q at trial 11: 0.782000, 28
138964	[25]	:	Fixation at trial 12: 138.944000
139486	[522]	:	Object at trial 12: 139.466000
143009	[3523]	:	Fixation at trial 12: 142.989000
143532	[523]	:	Catch Stim at trial 12: 143.512000
147057	[3525]	:	Catch Q at trial 12: 143.512000
147790	[733]	:	Key	30	DOWN	at	147790  
149037	[1247]	:	Respose to catch Q at trial 12: 147.796000
149037	[0]	:	RT and choice to catch Q at trial 12: 0.759000, 30
149062	[25]	:	Fixation at trial 13: 149.042000
149584	[522]	:	Object at trial 13: 149.564000
153107	[3523]	:	Fixation at trial 13: 153.087000
153628	[521]	:	Catch Stim at trial 13: 153.608000
157153	[3525]	:	Catch Q at trial 13: 153.608000
157831	[678]	:	Key	28	DOWN	at	157831  
159133	[1302]	:	Respose to catch Q at trial 13: 157.836000
159134	[1]	:	RT and choice to catch Q at trial 13: 0.703000, 28
159158	[24]	:	Fixation at trial 14: 159.138000
159680	[522]	:	Object at trial 14: 159.660000
163203	[3523]	:	Fixation at trial 14: 163.183000
163725	[522]	:	Catch Stim at trial 14: 163.705000
167250	[3525]	:	Catch Q at trial 14: 163.705000
167951	[701]	:	Key	28	DOWN	at	167951  
169230	[1279]	:	Respose to catch Q at trial 14: 167.956000
169230	[0]	:	RT and choice to catch Q at trial 14: 0.726000, 28
169255	[25]	:	Fixation at trial 15: 169.235000
169777	[522]	:	Object at trial 15: 169.757000
173300	[3523]	:	Fixation at trial 15: 173.280000
173821	[521]	:	Catch Stim at trial 15: 173.801000
177346	[3525]	:	Catch Q at trial 15: 173.801000
178142	[796]	:	Key	28	DOWN	at	178142  
179326	[1184]	:	Respose to catch Q at trial 15: 178.147000
179327	[1]	:	RT and choice to catch Q at trial 15: 0.821000, 28
179351	[24]	:	Fixation at trial 16: 179.331000
179873	[522]	:	Object at trial 16: 179.853000
183396	[3523]	:	Fixation at trial 16: 183.376000
183917	[521]	:	Catch Stim at trial 16: 183.897000
187442	[3525]	:	Catch Q at trial 16: 183.897000
188082	[640]	:	Key	30	DOWN	at	188082  
189422	[1340]	:	Respose to catch Q at trial 16: 188.088000
189423	[1]	:	RT and choice to catch Q at trial 16: 0.666000, 30
189447	[24]	:	Fixation at trial 17: 189.427000
189969	[522]	:	Object at trial 17: 189.949000
193492	[3523]	:	Fixation at trial 17: 193.472000
194015	[523]	:	Catch Stim at trial 17: 193.995000
197540	[3525]	:	Catch Q at trial 17: 193.995000
198208	[668]	:	Key	30	DOWN	at	198208  
199520	[1312]	:	Respose to catch Q at trial 17: 198.214000
199520	[0]	:	RT and choice to catch Q at trial 17: 0.694000, 30
199545	[25]	:	Fixation at trial 18: 199.525000
200067	[522]	:	Object at trial 18: 200.047000
203590	[3523]	:	Fixation at trial 18: 203.570000
204111	[521]	:	Catch Stim at trial 18: 204.091000
207636	[3525]	:	Catch Q at trial 18: 204.091000
208109	[473]	:	Key	30	DOWN	at	208109  
209616	[1507]	:	Respose to catch Q at trial 18: 208.114000
209616	[0]	:	RT and choice to catch Q at trial 18: 0.498000, 30
209641	[25]	:	Fixation at trial 19: 209.621000
210163	[522]	:	Object at trial 19: 210.143000
213686	[3523]	:	Fixation at trial 19: 213.666000
214208	[522]	:	Catch Stim at trial 19: 214.188000
217733	[3525]	:	Catch Q at trial 19: 214.188000
218514	[781]	:	Key	28	DOWN	at	218514  
219713	[1199]	:	Respose to catch Q at trial 19: 218.520000
219713	[0]	:	RT and choice to catch Q at trial 19: 0.807000, 28
219738	[25]	:	Fixation at trial 20: 219.718000
220260	[522]	:	Object at trial 20: 220.240000
223783	[3523]	:	Fixation at trial 20: 223.763000
224305	[522]	:	Catch Stim at trial 20: 224.285000
227830	[3525]	:	Catch Q at trial 20: 224.285000
228625	[795]	:	Key	28	DOWN	at	228625  
229810	[1185]	:	Respose to catch Q at trial 20: 228.631000
229811	[1]	:	RT and choice to catch Q at trial 20: 0.821000, 28
229835	[24]	:	Fixation at trial 21: 229.815000
230357	[522]	:	Object at trial 21: 230.337000
233880	[3523]	:	Fixation at trial 21: 233.860000
234402	[522]	:	Catch Stim at trial 21: 234.382000
237927	[3525]	:	Catch Q at trial 21: 234.382000
238425	[498]	:	Key	30	DOWN	at	238425  
239907	[1482]	:	Respose to catch Q at trial 21: 238.431000
239907	[0]	:	RT and choice to catch Q at trial 21: 0.524000, 30
239932	[25]	:	Fixation at trial 22: 239.912000
240454	[522]	:	Object at trial 22: 240.434000
243977	[3523]	:	Fixation at trial 22: 243.957000
244499	[522]	:	Catch Stim at trial 22: 244.479000
248024	[3525]	:	Catch Q at trial 22: 244.479000
248621	[597]	:	Key	28	DOWN	at	248621  
250004	[1383]	:	Respose to catch Q at trial 22: 248.627000
250004	[0]	:	RT and choice to catch Q at trial 22: 0.623000, 28
250029	[25]	:	Fixation at trial 23: 250.009000
250551	[522]	:	Object at trial 23: 250.531000
254074	[3523]	:	Fixation at trial 23: 254.054000
254595	[521]	:	Catch Stim at trial 23: 254.575000
258120	[3525]	:	Catch Q at trial 23: 254.575000
258861	[741]	:	Key	30	DOWN	at	258861  
260101	[1240]	:	Respose to catch Q at trial 23: 258.866000
260101	[0]	:	RT and choice to catch Q at trial 23: 0.766000, 30
260127	[26]	:	Fixation at trial 24: 260.106000
260649	[522]	:	Object at trial 24: 260.629000
264172	[3523]	:	Fixation at trial 24: 264.152000
264694	[522]	:	Catch Stim at trial 24: 264.674000
268219	[3525]	:	Catch Q at trial 24: 264.674000
268947	[728]	:	Key	28	DOWN	at	268947  
270199	[1252]	:	Respose to catch Q at trial 24: 268.953000
270199	[0]	:	RT and choice to catch Q at trial 24: 0.754000, 28
270224	[25]	:	Fixation at trial 25: 270.204000
270746	[522]	:	Object at trial 25: 270.726000
274269	[3523]	:	Fixation at trial 25: 274.249000
274790	[521]	:	Catch Stim at trial 25: 274.770000
278315	[3525]	:	Catch Q at trial 25: 274.770000
279088	[773]	:	Key	28	DOWN	at	279088  
280295	[1207]	:	Respose to catch Q at trial 25: 279.094000
280295	[0]	:	RT and choice to catch Q at trial 25: 0.799000, 28
280320	[25]	:	Fixation at trial 26: 280.300000
280842	[522]	:	Object at trial 26: 280.822000
284365	[3523]	:	Fixation at trial 26: 284.345000
284887	[522]	:	Catch Stim at trial 26: 284.867000
288412	[3525]	:	Catch Q at trial 26: 284.867000
289003	[591]	:	Key	28	DOWN	at	289003  
290392	[1389]	:	Respose to catch Q at trial 26: 289.008000
290392	[0]	:	RT and choice to catch Q at trial 26: 0.616000, 28
290417	[25]	:	Fixation at trial 27: 290.397000
290939	[522]	:	Object at trial 27: 290.919000
294462	[3523]	:	Fixation at trial 27: 294.442000
294983	[521]	:	Catch Stim at trial 27: 294.963000
298508	[3525]	:	Catch Q at trial 27: 294.963000
299229	[721]	:	Key	28	DOWN	at	299229  
300488	[1259]	:	Respose to catch Q at trial 27: 299.235000
300488	[0]	:	RT and choice to catch Q at trial 27: 0.747000, 28
300513	[25]	:	Fixation at trial 28: 300.493000
301035	[522]	:	Object at trial 28: 301.015000
304558	[3523]	:	Fixation at trial 28: 304.538000
305080	[522]	:	Catch Stim at trial 28: 305.060000
308605	[3525]	:	Catch Q at trial 28: 305.060000
309179	[574]	:	Key	28	DOWN	at	309179  
310585	[1406]	:	Respose to catch Q at trial 28: 309.185000
310585	[0]	:	RT and choice to catch Q at trial 28: 0.600000, 28
310610	[25]	:	Fixation at trial 29: 310.590000
311132	[522]	:	Object at trial 29: 311.112000
314655	[3523]	:	Fixation at trial 29: 314.635000
315177	[522]	:	Catch Stim at trial 29: 315.157000
318702	[3525]	:	Catch Q at trial 29: 315.157000
319335	[633]	:	Key	30	DOWN	at	319335  
320682	[1347]	:	Respose to catch Q at trial 29: 319.340000
320682	[0]	:	RT and choice to catch Q at trial 29: 0.658000, 30
320706	[24]	:	Fixation at trial 30: 320.686000
321228	[522]	:	Object at trial 30: 321.208000
324751	[3523]	:	Fixation at trial 30: 324.731000
325273	[522]	:	Catch Stim at trial 30: 325.253000
328799	[3526]	:	Catch Q at trial 30: 325.253000
329455	[656]	:	Key	30	DOWN	at	329455  
330779	[1324]	:	Respose to catch Q at trial 30: 329.461000
330779	[0]	:	RT and choice to catch Q at trial 30: 0.682000, 30
330804	[25]	:	Fixation at trial 31: 330.784000
331326	[522]	:	Object at trial 31: 331.306000
334849	[3523]	:	Fixation at trial 31: 334.829000
335370	[521]	:	Catch Stim at trial 31: 335.350000
338896	[3526]	:	Catch Q at trial 31: 335.350000
339556	[660]	:	Key	28	DOWN	at	339556  
340876	[1320]	:	Respose to catch Q at trial 31: 339.561000
340876	[0]	:	RT and choice to catch Q at trial 31: 0.685000, 28
340901	[25]	:	Fixation at trial 32: 340.881000
341423	[522]	:	Object at trial 32: 341.403000
344946	[3523]	:	Fixation at trial 32: 344.926000
345467	[521]	:	Catch Stim at trial 32: 345.447000
348992	[3525]	:	Catch Q at trial 32: 345.447000
349727	[735]	:	Key	28	DOWN	at	349727  
350972	[1245]	:	Respose to catch Q at trial 32: 349.732000
350972	[0]	:	RT and choice to catch Q at trial 32: 0.760000, 28
350997	[25]	:	Fixation at trial 33: 350.977000
351519	[522]	:	Object at trial 33: 351.499000
355042	[3523]	:	Fixation at trial 33: 355.022000
355564	[522]	:	Catch Stim at trial 33: 355.544000
359089	[3525]	:	Catch Q at trial 33: 355.544000
359807	[718]	:	Key	30	DOWN	at	359807  
361069	[1262]	:	Respose to catch Q at trial 33: 359.812000
361069	[0]	:	RT and choice to catch Q at trial 33: 0.743000, 30
361093	[24]	:	Fixation at trial 34: 361.073000
361615	[522]	:	Object at trial 34: 361.595000
365138	[3523]	:	Fixation at trial 34: 365.118000
365660	[522]	:	Catch Stim at trial 34: 365.640000
369185	[3525]	:	Catch Q at trial 34: 365.640000
369998	[813]	:	Key	28	DOWN	at	369998  
371165	[1167]	:	Respose to catch Q at trial 34: 370.003000
371165	[0]	:	RT and choice to catch Q at trial 34: 0.838000, 28
371190	[25]	:	Fixation at trial 35: 371.170000
371712	[522]	:	Object at trial 35: 371.692000
375235	[3523]	:	Fixation at trial 35: 375.215000
375757	[522]	:	Catch Stim at trial 35: 375.737000
379282	[3525]	:	Catch Q at trial 35: 375.737000
379829	[547]	:	Key	30	DOWN	at	379829  
381262	[1433]	:	Respose to catch Q at trial 35: 379.834000
381262	[0]	:	RT and choice to catch Q at trial 35: 0.572000, 30
381287	[25]	:	Fixation at trial 36: 381.267000
381809	[522]	:	Object at trial 36: 381.789000
385332	[3523]	:	Fixation at trial 36: 385.312000
385854	[522]	:	Catch Stim at trial 36: 385.834000
389379	[3525]	:	Catch Q at trial 36: 385.834000
390125	[746]	:	Key	28	DOWN	at	390125  
391359	[1234]	:	Respose to catch Q at trial 36: 390.130000
391359	[0]	:	RT and choice to catch Q at trial 36: 0.771000, 28
391384	[25]	:	Fixation at trial 37: 391.364000
391906	[522]	:	Object at trial 37: 391.886000
395429	[3523]	:	Fixation at trial 37: 395.409000
395951	[522]	:	Catch Stim at trial 37: 395.931000
399476	[3525]	:	Catch Q at trial 37: 395.931000
400136	[660]	:	Key	30	DOWN	at	400136  
401456	[1320]	:	Respose to catch Q at trial 37: 400.141000
401456	[0]	:	RT and choice to catch Q at trial 37: 0.685000, 30
401481	[25]	:	Fixation at trial 38: 401.461000
402003	[522]	:	Object at trial 38: 401.983000
405526	[3523]	:	Fixation at trial 38: 405.506000
406048	[522]	:	Catch Stim at trial 38: 406.028000
409573	[3525]	:	Catch Q at trial 38: 406.028000
410111	[538]	:	Key	30	DOWN	at	410111  
411553	[1442]	:	Respose to catch Q at trial 38: 410.117000
411553	[0]	:	RT and choice to catch Q at trial 38: 0.564000, 30
411578	[25]	:	Fixation at trial 39: 411.558000
412100	[522]	:	Object at trial 39: 412.080000
415623	[3523]	:	Fixation at trial 39: 415.603000
416145	[522]	:	Catch Stim at trial 39: 416.125000
419670	[3525]	:	Catch Q at trial 39: 416.125000
420272	[602]	:	Key	28	DOWN	at	420272  
421650	[1378]	:	Respose to catch Q at trial 39: 420.280000
421650	[0]	:	RT and choice to catch Q at trial 39: 0.630000, 28
421675	[25]	:	Fixation at trial 40: 421.655000
422197	[522]	:	Object at trial 40: 422.177000
425720	[3523]	:	Fixation at trial 40: 425.700000
426242	[522]	:	Catch Stim at trial 40: 426.222000
429767	[3525]	:	Catch Q at trial 40: 426.222000
430422	[655]	:	Key	30	DOWN	at	430422  
431747	[1325]	:	Respose to catch Q at trial 40: 430.428000
431747	[0]	:	RT and choice to catch Q at trial 40: 0.681000, 30
431772	[25]	:	Fixation at trial 41: 431.752000
432294	[522]	:	Object at tri