Cog2000 log file Wed Oct 09 10:57:47 2019
gprim v1.29 Compiled:Feb  1 2010 (GLib DirectDraw v7 DX10.0 Compiled:Feb  1 2010)
Display:1024x768x32 59.81Hz
CogInput v1.05 Compiled: May 20 2010
0	[0]	:	COGENT START
1200	[1200]	:	Key	30	DOWN	at	1200    
1330	[130]	:	Key	30	UP	at	1330    
1450	[120]	:	Key	28	DOWN	at	1450    
1610	[160]	:	Key	28	UP	at	1610    
21656	[20046]	:	Key	71	DOWN	at	21656   
21719	[63]	:	Fixation at trial 1: 21.699000
22245	[526]	:	Object at trial 1: 22.225000
25768	[3523]	:	Fixation at trial 1: 25.748000
26293	[525]	:	Catch Stim at trial 1: 26.273000
29822	[3529]	:	Catch Q at trial 1: 26.273000
30592	[770]	:	Key	30	DOWN	at	30592   
31802	[1210]	:	Respose to catch Q at trial 1: 30.599000
31803	[1]	:	RT and choice to catch Q at trial 1: 0.797000, 30
31832	[29]	:	Fixation at trial 2: 31.812000
32354	[522]	:	Object at trial 2: 32.334000
35877	[3523]	:	Fixation at trial 2: 35.857000
36398	[521]	:	Catch Stim at trial 2: 36.378000
39923	[3525]	:	Catch Q at trial 2: 36.378000
40692	[769]	:	Key	28	DOWN	at	40692   
41903	[1211]	:	Respose to catch Q at trial 2: 40.698000
41903	[0]	:	RT and choice to catch Q at trial 2: 0.795000, 28
41932	[29]	:	Fixation at trial 3: 41.912000
42454	[522]	:	Object at trial 3: 42.434000
45977	[3523]	:	Fixation at trial 3: 45.957000
46498	[521]	:	Catch Stim at trial 3: 46.478000
50023	[3525]	:	Catch Q at trial 3: 46.478000
50678	[655]	:	Key	30	DOWN	at	50678   
52003	[1325]	:	Respose to catch Q at trial 3: 50.684000
52003	[0]	:	RT and choice to catch Q at trial 3: 0.681000, 30
52028	[25]	:	Fixation at trial 4: 52.008000
52550	[522]	:	Object at trial 4: 52.530000
56073	[3523]	:	Fixation at trial 4: 56.053000
56594	[521]	:	Catch Stim at trial 4: 56.574000
60119	[3525]	:	Catch Q at trial 4: 56.574000
60678	[559]	:	Key	30	DOWN	at	60678   
62099	[1421]	:	Respose to catch Q at trial 4: 60.684000
62099	[0]	:	RT and choice to catch Q at trial 4: 0.585000, 30
62123	[24]	:	Fixation at trial 5: 62.103000
62645	[522]	:	Object at trial 5: 62.625000
66168	[3523]	:	Fixation at trial 5: 66.148000
66689	[521]	:	Catch Stim at trial 5: 66.669000
70214	[3525]	:	Catch Q at trial 5: 66.669000
70949	[735]	:	Key	30	DOWN	at	70949   
72194	[1245]	:	Respose to catch Q at trial 5: 70.954000
72194	[0]	:	RT and choice to catch Q at trial 5: 0.760000, 30
72219	[25]	:	Fixation at trial 6: 72.199000
72741	[522]	:	Object at trial 6: 72.721000
76264	[3523]	:	Fixation at trial 6: 76.244000
76786	[522]	:	Catch Stim at trial 6: 76.766000
80311	[3525]	:	Catch Q at trial 6: 76.766000
80985	[674]	:	Key	30	DOWN	at	80985   
82291	[1306]	:	Respose to catch Q at trial 6: 80.991000
82291	[0]	:	RT and choice to catch Q at trial 6: 0.700000, 30
82316	[25]	:	Fixation at trial 7: 82.296000
82838	[522]	:	Object at trial 7: 82.818000
86361	[3523]	:	Fixation at trial 7: 86.341000
86882	[521]	:	Catch Stim at trial 7: 86.862000
90407	[3525]	:	Catch Q at trial 7: 86.862000
90910	[503]	:	Key	30	DOWN	at	90910   
92387	[1477]	:	Respose to catch Q at trial 7: 90.916000
92387	[0]	:	RT and choice to catch Q at trial 7: 0.529000, 30
92412	[25]	:	Fixation at trial 8: 92.392000
92935	[523]	:	Object at trial 8: 92.915000
96458	[3523]	:	Fixation at trial 8: 96.438000
96979	[521]	:	Catch Stim at trial 8: 96.959000
100504	[3525]	:	Catch Q at trial 8: 96.959000
101186	[682]	:	Key	28	DOWN	at	101186  
102484	[1298]	:	Respose to catch Q at trial 8: 101.191000
102484	[0]	:	RT and choice to catch Q at trial 8: 0.707000, 28
102509	[25]	:	Fixation at trial 9: 102.489000
103031	[522]	:	Object at trial 9: 103.011000
106554	[3523]	:	Fixation at trial 9: 106.534000
107075	[521]	:	Catch Stim at trial 9: 107.055000
110600	[3525]	:	Catch Q at trial 9: 107.055000
111216	[616]	:	Key	28	DOWN	at	111216  
112580	[1364]	:	Respose to catch Q at trial 9: 111.221000
112580	[0]	:	RT and choice to catch Q at trial 9: 0.641000, 28
112605	[25]	:	Fixation at trial 10: 112.585000
113127	[522]	:	Object at trial 10: 113.107000
116650	[3523]	:	Fixation at trial 10: 116.630000
117171	[521]	:	Catch Stim at trial 10: 117.151000
120696	[3525]	:	Catch Q at trial 10: 117.151000
121437	[741]	:	Key	28	DOWN	at	121437  
122676	[1239]	:	Respose to catch Q at trial 10: 121.443000
122676	[0]	:	RT and choice to catch Q at trial 10: 0.767000, 28
122701	[25]	:	Fixation at trial 11: 122.681000
123223	[522]	:	Object at trial 11: 123.203000
126746	[3523]	:	Fixation at trial 11: 126.726000
127267	[521]	:	Catch Stim at trial 11: 127.247000
130791	[3524]	:	Catch Q at trial 11: 127.247000
131517	[726]	:	Key	28	DOWN	at	131517  
132772	[1255]	:	Respose to catch Q at trial 11: 131.523000
132773	[1]	:	RT and choice to catch Q at trial 11: 0.751000, 28
132797	[24]	:	Fixation at trial 12: 132.777000
133319	[522]	:	Object at trial 12: 133.299000
136842	[3523]	:	Fixation at trial 12: 136.822000
137363	[521]	:	Catch Stim at trial 12: 137.343000
140888	[3525]	:	Catch Q at trial 12: 137.343000
141573	[685]	:	Key	28	DOWN	at	141573  
142868	[1295]	:	Respose to catch Q at trial 12: 141.578000
142868	[0]	:	RT and choice to catch Q at trial 12: 0.710000, 28
142893	[25]	:	Fixation at trial 13: 142.873000
143415	[522]	:	Object at trial 13: 143.395000
146938	[3523]	:	Fixation at trial 13: 146.918000
147459	[521]	:	Catch Stim at trial 13: 147.439000
150984	[3525]	:	Catch Q at trial 13: 147.439000
151624	[640]	:	Key	28	DOWN	at	151624  
152964	[1340]	:	Respose to catch Q at trial 13: 151.630000
152964	[0]	:	RT and choice to catch Q at trial 13: 0.666000, 28
152988	[24]	:	Fixation at trial 14: 152.968000
153510	[522]	:	Object at trial 14: 153.490000
157033	[3523]	:	Fixation at trial 14: 157.013000
157554	[521]	:	Catch Stim at trial 14: 157.534000
161079	[3525]	:	Catch Q at trial 14: 157.534000
161889	[810]	:	Key	28	DOWN	at	161889  
163059	[1170]	:	Respose to catch Q at trial 14: 161.895000
163059	[0]	:	RT and choice to catch Q at trial 14: 0.836000, 28
163083	[24]	:	Fixation at trial 15: 163.063000
163605	[522]	:	Object at trial 15: 163.585000
167128	[3523]	:	Fixation at trial 15: 167.108000
167649	[521]	:	Catch Stim at trial 15: 167.629000
171174	[3525]	:	Catch Q at trial 15: 167.629000
172215	[1041]	:	Key	30	DOWN	at	172215  
173154	[939]	:	Respose to catch Q at trial 15: 172.221000
173154	[0]	:	RT and choice to catch Q at trial 15: 1.067000, 30
173179	[25]	:	Fixation at trial 16: 173.159000
173701	[522]	:	Object at trial 16: 173.681000
177224	[3523]	:	Fixation at trial 16: 177.204000
177745	[521]	:	Catch Stim at trial 16: 177.725000
181270	[3525]	:	Catch Q at trial 16: 177.725000
182255	[985]	:	Key	28	DOWN	at	182255  
183250	[995]	:	Respose to catch Q at trial 16: 182.261000
183250	[0]	:	RT and choice to catch Q at trial 16: 1.011000, 28
183275	[25]	:	Fixation at trial 17: 183.255000
183797	[522]	:	Object at trial 17: 183.777000
187320	[3523]	:	Fixation at trial 17: 187.300000
187841	[521]	:	Catch Stim at trial 17: 187.821000
191366	[3525]	:	Catch Q at trial 17: 187.821000
192206	[840]	:	Key	28	DOWN	at	192206  
193346	[1140]	:	Respose to catch Q at trial 17: 192.212000
193346	[0]	:	RT and choice to catch Q at trial 17: 0.866000, 28
193371	[25]	:	Fixation at trial 18: 193.351000
193893	[522]	:	Object at trial 18: 193.873000
197416	[3523]	:	Fixation at trial 18: 197.396000
197937	[521]	:	Catch Stim at trial 18: 197.917000
201462	[3525]	:	Catch Q at trial 18: 197.917000
202051	[589]	:	Key	28	DOWN	at	202051  
203442	[1391]	:	Respose to catch Q at trial 18: 202.057000
203442	[0]	:	RT and choice to catch Q at trial 18: 0.615000, 28
203467	[25]	:	Fixation at trial 19: 203.447000
203989	[522]	:	Object at trial 19: 203.969000
207512	[3523]	:	Fixation at trial 19: 207.492000
208033	[521]	:	Catch Stim at trial 19: 208.013000
211558	[3525]	:	Catch Q at trial 19: 208.013000
212507	[949]	:	Key	30	DOWN	at	212507  
213538	[1031]	:	Respose to catch Q at trial 19: 212.513000
213539	[1]	:	RT and choice to catch Q at trial 19: 0.975000, 30
213563	[24]	:	Fixation at trial 20: 213.543000
214085	[522]	:	Object at trial 20: 214.065000
217608	[3523]	:	Fixation at trial 20: 217.588000
218129	[521]	:	Catch Stim at trial 20: 218.109000
221654	[3525]	:	Catch Q at trial 20: 218.109000
222238	[584]	:	Key	30	DOWN	at	222238  
223634	[1396]	:	Respose to catch Q at trial 20: 222.243000
223635	[1]	:	RT and choice to catch Q at trial 20: 0.609000, 30
223659	[24]	:	Fixation at trial 21: 223.639000
224182	[523]	:	Object at trial 21: 224.162000
227705	[3523]	:	Fixation at trial 21: 227.685000
228226	[521]	:	Catch Stim at trial 21: 228.206000
231751	[3525]	:	Catch Q at trial 21: 228.206000
232413	[662]	:	Key	30	DOWN	at	232413  
233731	[1318]	:	Respose to catch Q at trial 21: 232.417000
233731	[0]	:	RT and choice to catch Q at trial 21: 0.686000, 30
233756	[25]	:	Fixation at trial 22: 233.736000
234278	[522]	:	Object at trial 22: 234.258000
237801	[3523]	:	Fixation at trial 22: 237.781000
238323	[522]	:	Catch Stim at trial 22: 238.303000
241848	[3525]	:	Catch Q at trial 22: 238.303000
242609	[761]	:	Key	28	DOWN	at	242609  
243828	[1219]	:	Respose to catch Q at trial 22: 242.614000
243828	[0]	:	RT and choice to catch Q at trial 22: 0.786000, 28
243853	[25]	:	Fixation at trial 23: 243.833000
244375	[522]	:	Object at trial 23: 244.355000
247898	[3523]	:	Fixation at trial 23: 247.878000
248419	[521]	:	Catch Stim at trial 23: 248.399000
251944	[3525]	:	Catch Q at trial 23: 248.399000
252659	[715]	:	Key	30	DOWN	at	252659  
253924	[1265]	:	Respose to catch Q at trial 23: 252.665000
253924	[0]	:	RT and choice to catch Q at trial 23: 0.741000, 30
253949	[25]	:	Fixation at trial 24: 253.929000
254471	[522]	:	Object at trial 24: 254.451000
257994	[3523]	:	Fixation at trial 24: 257.974000
258515	[521]	:	Catch Stim at trial 24: 258.495000
262039	[3524]	:	Catch Q at trial 24: 258.495000
262630	[591]	:	Key	30	DOWN	at	262630  
264019	[1389]	:	Respose to catch Q at trial 24: 262.636000
264019	[0]	:	RT and choice to catch Q at trial 24: 0.617000, 30
264043	[24]	:	Fixation at trial 25: 264.023000
264565	[522]	:	Object at trial 25: 264.545000
268088	[3523]	:	Fixation at trial 25: 268.068000
268609	[521]	:	Catch Stim at trial 25: 268.589000
272134	[3525]	:	Catch Q at trial 25: 268.589000
272716	[582]	:	Key	30	DOWN	at	272716  
274114	[1398]	:	Respose to catch Q at trial 25: 272.722000
274114	[0]	:	RT and choice to catch Q at trial 25: 0.608000, 30
274140	[26]	:	Fixation at trial 26: 274.120000
274662	[522]	:	Object at trial 26: 274.642000
278185	[3523]	:	Fixation at trial 26: 278.165000
278706	[521]	:	Catch Stim at trial 26: 278.686000
282231	[3525]	:	Catch Q at trial 26: 278.686000
282731	[500]	:	Key	30	DOWN	at	282731  
284211	[1480]	:	Respose to catch Q at trial 26: 282.737000
284211	[0]	:	RT and choice to catch Q at trial 26: 0.526000, 30
284235	[24]	:	Fixation at trial 27: 284.215000
284757	[522]	:	Object at trial 27: 284.737000
288280	[3523]	:	Fixation at trial 27: 288.260000
288801	[521]	:	Catch Stim at trial 27: 288.781000
292326	[3525]	:	Catch Q at trial 27: 288.781000
292862	[536]	:	Key	30	DOWN	at	292862  
294306	[1444]	:	Respose to catch Q at trial 27: 292.868000
294306	[0]	:	RT and choice to catch Q at trial 27: 0.562000, 30
294331	[25]	:	Fixation at trial 28: 294.311000
294853	[522]	:	Object at trial 28: 294.833000
298376	[3523]	:	Fixation at trial 28: 298.356000
298897	[521]	:	Catch Stim at trial 28: 298.877000
302422	[3525]	:	Catch Q at trial 28: 298.877000
303237	[815]	:	Key	28	DOWN	at	303237  
304402	[1165]	:	Respose to catch Q at trial 28: 303.243000
304402	[0]	:	RT and choice to catch Q at trial 28: 0.841000, 28
304427	[25]	:	Fixation at trial 29: 304.407000
304949	[522]	:	Object at trial 29: 304.929000
308472	[3523]	:	Fixation at trial 29: 308.452000
308993	[521]	:	Catch Stim at trial 29: 308.973000
312518	[3525]	:	Catch Q at trial 29: 308.973000
313483	[965]	:	Key	28	DOWN	at	313483  
314498	[1015]	:	Respose to catch Q at trial 29: 313.489000
314498	[0]	:	RT and choice to catch Q at trial 29: 0.991000, 28
314523	[25]	:	Fixation at trial 30: 314.503000
315045	[522]	:	Object at trial 30: 315.025000
318568	[3523]	:	Fixation at trial 30: 318.548000
319089	[521]	:	Catch Stim at trial 30: 319.069000
322614	[3525]	:	Catch Q at trial 30: 319.069000
323128	[514]	:	Key	30	DOWN	at	323128  
324594	[1466]	:	Respose to catch Q at trial 30: 323.134000
324594	[0]	:	RT and choice to catch Q at trial 30: 0.540000, 30
324619	[25]	:	Fixation at trial 31: 324.599000
325141	[522]	:	Object at trial 31: 325.121000
328664	[3523]	:	Fixation at trial 31: 328.644000
329185	[521]	:	Catch Stim at trial 31: 329.165000
332710	[3525]	:	Catch Q at trial 31: 329.165000
333454	[744]	:	Key	30	DOWN	at	333454  
334690	[1236]	:	Respose to catch Q at trial 31: 333.460000
334690	[0]	:	RT and choice to catch Q at trial 31: 0.770000, 30
334715	[25]	:	Fixation at trial 32: 334.695000
335237	[522]	:	Object at trial 32: 335.217000
338760	[3523]	:	Fixation at trial 32: 338.740000
339281	[521]	:	Catch Stim at trial 32: 339.261000
342806	[3525]	:	Catch Q at trial 32: 339.261000
343425	[619]	:	Key	30	DOWN	at	343425  
344786	[1361]	:	Respose to catch Q at trial 32: 343.431000
344786	[0]	:	RT and choice to catch Q at trial 32: 0.645000, 30
344811	[25]	:	Fixation at trial 33: 344.791000
345333	[522]	:	Object at trial 33: 345.313000
348856	[3523]	:	Fixation at trial 33: 348.836000
349377	[521]	:	Catch Stim at trial 33: 349.357000
352902	[3525]	:	Catch Q at trial 33: 349.357000
353405	[503]	:	Key	30	DOWN	at	353405  
354882	[1477]	:	Respose to catch Q at trial 33: 353.410000
354882	[0]	:	RT and choice to catch Q at trial 33: 0.528000, 30
354907	[25]	:	Fixation at trial 34: 354.887000
355430	[523]	:	Object at trial 34: 355.410000
358953	[3523]	:	Fixation at trial 34: 358.933000
359474	[521]	:	Catch Stim at trial 34: 359.454000
362999	[3525]	:	Catch Q at trial 34: 359.454000
363531	[532]	:	Key	28	DOWN	at	363531  
364979	[1448]	:	Respose to catch Q at trial 34: 363.536000
364979	[0]	:	RT and choice to catch Q at trial 34: 0.557000, 28
365004	[25]	:	Fixation at trial 35: 364.984000
365527	[523]	:	Object at trial 35: 365.507000
369050	[3523]	:	Fixation at trial 35: 369.030000
369571	[521]	:	Catch Stim at trial 35: 369.551000
373096	[3525]	:	Catch Q at trial 35: 369.551000
373756	[660]	:	Key	28	DOWN	at	373756  
375076	[1320]	:	Respose to catch Q at trial 35: 373.762000
375076	[0]	:	RT and choice to catch Q at trial 35: 0.686000, 28
375101	[25]	:	Fixation at trial 36: 375.081000
375623	[522]	:	Object at trial 36: 375.603000
379146	[3523]	:	Fixation at trial 36: 379.126000
379667	[521]	:	Catch Stim at trial 36: 379.647000
383192	[3525]	:	Catch Q at trial 36: 379.647000
383652	[460]	:	Key	30	DOWN	at	383652  
385172	[1520]	:	Respose to catch Q at trial 36: 383.658000
385172	[0]	:	RT and choice to catch Q at trial 36: 0.486000, 30
385197	[25]	:	Fixation at trial 37: 385.177000
385719	[522]	:	Object at trial 37: 385.699000
389242	[3523]	:	Fixation at trial 37: 389.222000
389763	[521]	:	Catch Stim at trial 37: 389.743000
393288	[3525]	:	Catch Q at trial 37: 389.743000
393957	[669]	:	Key	28	DOWN	at	393957  
395268	[1311]	:	Respose to catch Q at trial 37: 393.963000
395268	[0]	:	RT and choice to catch Q at trial 37: 0.695000, 28
395293	[25]	:	Fixation at trial 38: 395.273000
395815	[522]	:	Object at trial 38: 395.795000
399338	[3523]	:	Fixation at trial 38: 399.318000
399859	[521]	:	Catch Stim at trial 38: 399.839000
403384	[3525]	:	Catch Q at trial 38: 399.839000
404408	[1024]	:	Key	28	DOWN	at	404408  
405364	[956]	:	Respose to catch Q at trial 38: 404.414000
405364	[0]	:	RT and choice to catch Q at trial 38: 1.050000, 28
405389	[25]	:	Fixation at trial 39: 405.369000
405912	[523]	:	Object at trial 39: 405.892000
409435	[3523]	:	Fixation at trial 39: 409.415000
409956	[521]	:	Catch Stim at trial 39: 409.936000
413481	[3525]	:	Catch Q at trial 39: 409.936000
414229	[748]	:	Key	28	DOWN	at	414229  
415461	[1232]	:	Respose to catch Q at trial 39: 414.234000
415461	[0]	:	RT and choice to catch Q at trial 39: 0.773000, 28
415486	[25]	:	Fixation at trial 40: 415.466000
416008	[522]	:	Object at trial 40: 415.988000
419531	[3523]	:	Fixation at trial 40: 419.511000
420052	[521]	:	Catch Stim at trial 40: 420.032000
423577	[3525]	:	Catch Q at trial 40: 420.032000
424324	[747]	:	Key	30	DOWN	at	424324  
425557	[1233]	:	Respose to catch Q at trial 40: 424.330000
425558	[1]	:	RT and choice to catch Q at trial 40: 0.773000, 30
425582	[24]	:	Fixation at trial 41: 425.562000
426104	[522]	:	Object at trial 41