Cog2000 log file Fri Nov 15 12:16:31 2019
gprim v1.29 Compiled:Feb  1 2010 (GLib DirectDraw v7 DX10.0 Compiled:Feb  1 2010)
Display:1024x768x32 59.81Hz
Attaching C:\Program Files\matlab\toolbox2015b\Cogent2000\Toolbox\CogInput.mexw32
CogInput v1.05 Compiled: May 20 2010
5	[5]	:	COGENT START
1368	[1363]	:	Key	30	DOWN	at	1361    
1646	[278]	:	Key	30	UP	at	1646    
2196	[550]	:	Key	28	DOWN	at	2196    
2386	[190]	:	Key	28	UP	at	2386    
31413	[29027]	:	Key	71	DOWN	at	31413   
31527	[114]	:	Fixation at trial 1: 31.506000
32580	[1053]	:	Object at trial 1: 32.559000
34610	[2030]	:	Fixation at trial 1: 34.589000
35655	[1045]	:	Catch Stim at trial 1: 35.634000
36743	[1088]	:	Key	30	DOWN	at	36743   
38137	[1394]	:	Respose to catch Q at trial 1: 36.768000
38139	[2]	:	RT and choice to catch Q at trial 1: 1.134000, 30
38204	[65]	:	Fixation at trial 2: 38.184000
39228	[1024]	:	Object at trial 2: 39.208000
41276	[2048]	:	Fixation at trial 3: 41.256000
42297	[1021]	:	Object at trial 3: 42.277000
44333	[2036]	:	Fixation at trial 4: 44.313000
45355	[1022]	:	Object at trial 4: 45.335000
47380	[2025]	:	Fixation at trial 5: 47.360000
48401	[1021]	:	Object at trial 5: 48.381000
50435	[2034]	:	Fixation at trial 6: 50.415000
51457	[1022]	:	Object at trial 6: 51.437000
53482	[2025]	:	Fixation at trial 7: 53.462000
54503	[1021]	:	Object at trial 7: 54.483000
56528	[2025]	:	Fixation at trial 8: 56.508000
57551	[1023]	:	Object at trial 8: 57.531000
59576	[2025]	:	Fixation at trial 9: 59.556000
60597	[1021]	:	Object at trial 9: 60.577000
62621	[2024]	:	Fixation at trial 10: 62.601000
63642	[1021]	:	Object at trial 10: 63.622000
65666	[2024]	:	Fixation at trial 10: 65.646000
66694	[1028]	:	Catch Stim at trial 10: 66.673000
67645	[951]	:	Key	30	DOWN	at	67645   
69174	[1529]	:	Respose to catch Q at trial 10: 67.652000
69175	[1]	:	RT and choice to catch Q at trial 10: 0.979000, 30
69207	[32]	:	Fixation at trial 11: 69.187000
70228	[1021]	:	Object at trial 11: 70.208000
72252	[2024]	:	Fixation at trial 12: 72.232000
73273	[1021]	:	Object at trial 12: 73.253000
75297	[2024]	:	Fixation at trial 13: 75.277000
76318	[1021]	:	Object at trial 13: 76.298000
78342	[2024]	:	Fixation at trial 14: 78.322000
79363	[1021]	:	Object at trial 14: 79.343000
81387	[2024]	:	Fixation at trial 15: 81.367000
82408	[1021]	:	Object at trial 15: 82.388000
84431	[2023]	:	Fixation at trial 15: 84.411000
85455	[1024]	:	Catch Stim at trial 15: 85.435000
86243	[788]	:	Key	30	DOWN	at	86243   
87935	[1692]	:	Respose to catch Q at trial 15: 86.249000
87936	[1]	:	RT and choice to catch Q at trial 15: 0.814000, 30
87961	[25]	:	Fixation at trial 16: 87.941000
88983	[1022]	:	Object at trial 16: 88.963000
91007	[2024]	:	Fixation at trial 17: 90.987000
92028	[1021]	:	Object at trial 17: 92.008000
94052	[2024]	:	Fixation at trial 17: 94.032000
95295	[1243]	:	Catch Stim at trial 17: 95.275000
96408	[1113]	:	Key	28	DOWN	at	96408   
97776	[1368]	:	Respose to catch Q at trial 17: 96.415000
97777	[1]	:	RT and choice to catch Q at trial 17: 1.140000, 28
97806	[29]	:	Fixation at trial 18: 97.786000
98827	[1021]	:	Object at trial 18: 98.807000
100857	[2030]	:	Fixation at trial 19: 100.837000
101878	[1021]	:	Object at trial 19: 101.858000
103906	[2028]	:	Fixation at trial 20: 103.886000
104927	[1021]	:	Object at trial 20: 104.907000
106953	[2026]	:	Fixation at trial 21: 106.933000
107974	[1021]	:	Object at trial 21: 107.954000
109999	[2025]	:	Fixation at trial 21: 109.979000
111029	[1030]	:	Catch Stim at trial 21: 111.009000
111839	[810]	:	Key	28	DOWN	at	111839  
113509	[1670]	:	Respose to catch Q at trial 21: 111.845000
113510	[1]	:	RT and choice to catch Q at trial 21: 0.836000, 28
113536	[26]	:	Fixation at trial 22: 113.516000
114557	[1021]	:	Object at trial 22: 114.537000
116583	[2026]	:	Fixation at trial 23: 116.563000
117604	[1021]	:	Object at trial 23: 117.584000
119629	[2025]	:	Fixation at trial 24: 119.609000
120650	[1021]	:	Object at trial 24: 120.630000
122675	[2025]	:	Fixation at trial 24: 122.655000
123700	[1025]	:	Catch Stim at trial 24: 123.680000
124900	[1200]	:	Key	30	DOWN	at	124900  
126180	[1280]	:	Respose to catch Q at trial 24: 124.906000
126181	[1]	:	RT and choice to catch Q at trial 24: 1.226000, 30
126206	[25]	:	Fixation at trial 25: 126.186000
127228	[1022]	:	Object at trial 25: 127.208000
129255	[2027]	:	Fixation at trial 26: 129.234000
130276	[1021]	:	Object at trial 26: 130.256000
132300	[2024]	:	Fixation at trial 27: 132.280000
133321	[1021]	:	Object at trial 27: 133.301000
135345	[2024]	:	Fixation at trial 28: 135.325000
136366	[1021]	:	Object at trial 28: 136.346000
138391	[2025]	:	Fixation at trial 29: 138.371000
139412	[1021]	:	Object at trial 29: 139.392000
141437	[2025]	:	Fixation at trial 29: 141.417000
142463	[1026]	:	Catch Stim at trial 29: 142.443000
143241	[778]	:	Key	30	DOWN	at	143241  
144943	[1702]	:	Respose to catch Q at trial 29: 143.247000
144944	[1]	:	RT and choice to catch Q at trial 29: 0.804000, 30
144969	[25]	:	Fixation at trial 30: 144.949000
145990	[1021]	:	Object at trial 30: 145.970000
148015	[2025]	:	Fixation at trial 31: 147.995000
149036	[1021]	:	Object at trial 31: 149.016000
151061	[2025]	:	Fixation at trial 32: 151.041000
152082	[1021]	:	Object at trial 32: 152.062000
154107	[2025]	:	Fixation at trial 33: 154.087000
155128	[1021]	:	Object at trial 33: 155.108000
157153	[2025]	:	Fixation at trial 34: 157.133000
158174	[1021]	:	Object at trial 34: 158.154000
160198	[2024]	:	Fixation at trial 35: 160.178000
161219	[1021]	:	Object at trial 35: 161.199000
163243	[2024]	:	Fixation at trial 35: 163.223000
164268	[1025]	:	Catch Stim at trial 35: 164.248000
165157	[889]	:	Key	30	DOWN	at	165157  
166748	[1591]	:	Respose to catch Q at trial 35: 165.163000
166749	[1]	:	RT and choice to catch Q at trial 35: 0.915000, 30
166774	[25]	:	Fixation at trial 36: 166.754000
167795	[1021]	:	Object at trial 36: 167.775000
169818	[2023]	:	Fixation at trial 36: 169.798000
170844	[1026]	:	Catch Stim at trial 36: 170.824000
171693	[849]	:	Key	30	DOWN	at	171693  
173324	[1631]	:	Respose to catch Q at trial 36: 171.699000
173325	[1]	:	RT and choice to catch Q at trial 36: 0.875000, 30
173350	[25]	:	Fixation at trial 37: 173.330000
174371	[1021]	:	Object at trial 37: 174.351000
176395	[2024]	:	Fixation at trial 38: 176.375000
177416	[1021]	:	Object at trial 38: 177.396000
179440	[2024]	:	Fixation at trial 39: 179.420000
180461	[1021]	:	Object at trial 39: 180.441000
182485	[2024]	:	Fixation at trial 40: 182.465000
183506	[1021]	:	Object at trial 40: 183.486000
185530	[2024]	:	Fixation at trial 40: 185.510000
186555	[1025]	:	Catch Stim at trial 40: 186.535000
187384	[829]	:	Key	30	DOWN	at	187384  
189035	[1651]	:	Respose to catch Q at trial 40: 187.390000
189036	[1]	:	RT and choice to catch Q at trial 40: 0.855000, 30
189060	[24]	:	Fixation at trial 41: 189.040000
190081	[1021]	:	Object at trial 41: 190.061000
192105	[2024]	:	Fixation at trial 42: 192.085000
193126	[1021]	:	Object at trial 42: 193.106000
195150	[2024]	:	Fixation at trial 43: 195.130000
196171	[1021]	:	Object at trial 43: 196.151000
198195	[2024]	:	Fixation at trial 44: 198.175000
199216	[1021]	:	Object at trial 44: 199.196000
201240	[2024]	:	Fixation at trial 45: 201.220000
202261	[1021]	:	Object at trial 45: 202.241000
204286	[2025]	:	Fixation at trial 46: 204.266000
205307	[1021]	:	Object at trial 46: 205.287000
207331	[2024]	:	Fixation at trial 47: 207.311000
208352	[1021]	:	Object at trial 47: 208.332000
210376	[2024]	:	Fixation at trial 48: 210.356000
211397	[1021]	:	Object at trial 48: 211.377000
213420	[2023]	:	Fixation at trial 48: 213.400000
214446	[1026]	:	Catch Stim at trial 48: 214.426000
215620	[1174]	:	Key	28	DOWN	at	215620  
216926	[1306]	:	Respose to catch Q at trial 48: 215.626000
216926	[0]	:	RT and choice to catch Q at trial 48: 1.200000, 28
216951	[25]	:	Fixation at trial 49: 216.931000
217972	[1021]	:	Object at trial 49: 217.952000
219996	[2024]	:	Fixation at trial 49: 219.976000
221021	[1025]	:	Catch Stim at trial 49: 221.001000
221861	[840]	:	Key	28	DOWN	at	221861  
223501	[1640]	:	Respose to catch Q at trial 49: 221.867000
223501	[0]	:	RT and choice to catch Q at trial 49: 0.866000, 28
223526	[25]	:	Fixation at trial 50: 223.506000
224548	[1022]	:	Object at trial 50: 224.528000
226572	[2024]	:	Fixation at trial 51: 226.552000
227593	[1021]	:	Object at trial 51: 227.573000
229617	[2024]	:	Fixation at trial 52: 229.597000
230638	[1021]	:	Object at trial 52: 230.618000
232662	[2024]	:	Fixation at trial 53: 232.642000
233683	[1021]	:	Object at trial 53: 233.663000
235707	[2024]	:	Fixation at trial 54: 235.687000
236728	[1021]	:	Object at trial 54: 236.708000
238752	[2024]	:	Fixation at trial 55: 238.732000
239773	[1021]	:	Object at trial 55: 239.753000
241797	[2024]	:	Fixation at trial 56: 241.777000
242818	[1021]	:	Object at trial 56: 242.798000
244842	[2024]	:	Fixation at trial 57: 244.822000
245863	[1021]	:	Object at trial 57: 245.843000
247887	[2024]	:	Fixation at trial 57: 247.867000
248912	[1025]	:	Catch Stim at trial 57: 248.892000
249693	[781]	:	Key	30	DOWN	at	249693  
251392	[1699]	:	Respose to catch Q at trial 57: 249.699000
251392	[0]	:	RT and choice to catch Q at trial 57: 0.807000, 30
251417	[25]	:	Fixation at trial 58: 251.397000
252438	[1021]	:	Object at trial 58: 252.418000
254462	[2024]	:	Fixation at trial 59: 254.442000
255483	[1021]	:	Object at trial 59: 255.463000
257509	[2026]	:	Fixation at trial 60: 257.488000
258531	[1022]	:	Object at trial 60: 258.510000
260557	[2026]	:	Fixation at trial 61: 260.536000
261579	[1022]	:	Object at trial 61: 261.558000
263603	[2024]	:	Fixation at trial 62: 263.583000
264624	[1021]	:	Object at trial 62: 264.604000
266648	[2024]	:	Fixation at trial 62: 266.628000
267675	[1027]	:	Catch Stim at trial 62: 267.655000
268714	[1039]	:	Key	28	DOWN	at	268714  
270155	[1441]	:	Respose to catch Q at trial 62: 268.720000
270155	[0]	:	RT and choice to catch Q at trial 62: 1.065000, 28
270180	[25]	:	Fixation at trial 63: 270.160000
271201	[1021]	:	Object at trial 63: 271.181000
273225	[2024]	:	Fixation at trial 64: 273.205000
274246	[1021]	:	Object at trial 64: 274.226000
276270	[2024]	:	Fixation at trial 65: 276.250000
277291	[1021]	:	Object at trial 65: 277.271000
279316	[2025]	:	Fixation at trial 66: 279.296000
280337	[1021]	:	Object at trial 66: 280.317000
282361	[2024]	:	Fixation at trial 67: 282.341000
283382	[1021]	:	Object at trial 67: 283.362000
285406	[2024]	:	Fixation at trial 68: 285.386000
286427	[1021]	:	Object at trial 68: 286.407000
288451	[2024]	:	Fixation at trial 68: 288.431000
289476	[1025]	:	Catch Stim at trial 68: 289.456000
290290	[814]	:	Key	28	DOWN	at	290290  
291956	[1666]	:	Respose to catch Q at trial 68: 290.296000
291956	[0]	:	RT and choice to catch Q at trial 68: 0.840000, 28
291981	[25]	:	Fixation at trial 69: 291.961000
293002	[1021]	:	Object at trial 69: 292.982000
295027	[2025]	:	Fixation at trial 69: 295.007000
296052	[1025]	:	Catch Stim at trial 69: 296.032000
296766	[714]	:	Key	28	DOWN	at	296766  
298532	[1766]	:	Respose to catch Q at trial 69: 296.772000
298532	[0]	:	RT and choice to catch Q at trial 69: 0.740000, 28
298557	[25]	:	Fixation at trial 70: 298.537000
299578	[1021]	:	Object at trial 70: 299.558000
301602	[2024]	:	Fixation at trial 70: 301.582000
302627	[1025]	:	Catch Stim at trial 70: 302.607000
303351	[724]	:	Key	28	DOWN	at	303351  
305107	[1756]	:	Respose to catch Q at trial 70: 303.357000
305107	[0]	:	RT and choice to catch Q at trial 70: 0.750000, 28
305132	[25]	:	Fixation at trial 71: 305.112000
306153	[1021]	:	Object at trial 71: 306.133000
308177	[2024]	:	Fixation at trial 72: 308.157000
309198	[1021]	:	Object at trial 72: 309.178000
311222	[2024]	:	Fixation at trial 73: 311.202000
312243	[1021]	:	Object at trial 73: 312.223000
314267	[2024]	:	Fixation at trial 74: 314.247000
315288	[1021]	:	Object at trial 74: 315.268000
317312	[2024]	:	Fixation at trial 75: 317.292000
318333	[1021]	:	Object at trial 75: 318.313000
320357	[2024]	:	Fixation at trial 76: 320.337000
321378	[1021]	:	Object at trial 76: 321.358000
323402	[2024]	:	Fixation at trial 77: 323.382000
324423	[1021]	:	Object at trial 77: 324.403000
326447	[2024]	:	Fixation at trial 78: 326.427000
327468	[1021]	:	Object at trial 78: 327.448000
329492	[2024]	:	Fixation 