Cog2000 log file Fri Nov 01 13:06:18 2019
gprim v1.29 Compiled:Feb  1 2010 (GLib DirectDraw v7 DX10.0 Compiled:Feb  1 2010)
Display:1024x768x32 59.81Hz
CogInput v1.05 Compiled: May 20 2010
0	[0]	:	COGENT START
911	[911]	:	Key	30	DOWN	at	911     
1076	[165]	:	Key	30	UP	at	1076    
1496	[420]	:	Key	28	DOWN	at	1496    
1681	[185]	:	Key	28	UP	at	1681    
19977	[18296]	:	Key	71	DOWN	at	19977   
20036	[59]	:	Fixation at trial 1: 20.014000
20571	[535]	:	Object at trial 1: 20.550000
24099	[3528]	:	Fixation at trial 1: 24.078000
24630	[531]	:	Catch Stim at trial 1: 24.609000
28162	[3532]	:	Catch Q at trial 1: 24.609000
28717	[555]	:	Key	30	DOWN	at	28717   
30145	[1428]	:	Respose to catch Q at trial 1: 28.727000
30147	[2]	:	RT and choice to catch Q at trial 1: 0.586000, 30
30199	[52]	:	Fixation at trial 2: 30.178000
30722	[523]	:	Object at trial 2: 30.702000
34245	[3523]	:	Fixation at trial 2: 34.225000
34770	[525]	:	Catch Stim at trial 2: 34.750000
38295	[3525]	:	Catch Q at trial 2: 34.750000
38953	[658]	:	Key	30	DOWN	at	38953   
40276	[1323]	:	Respose to catch Q at trial 2: 38.960000
40277	[1]	:	RT and choice to catch Q at trial 2: 0.685000, 30
40323	[46]	:	Fixation at trial 3: 40.303000
40845	[522]	:	Object at trial 3: 40.825000
44368	[3523]	:	Fixation at trial 3: 44.348000
44890	[522]	:	Catch Stim at trial 3: 44.870000
48415	[3525]	:	Catch Q at trial 3: 44.870000
48994	[579]	:	Key	30	DOWN	at	48994   
50395	[1401]	:	Respose to catch Q at trial 3: 49.000000
50395	[0]	:	RT and choice to catch Q at trial 3: 0.605000, 30
50435	[40]	:	Fixation at trial 4: 50.415000
50957	[522]	:	Object at trial 4: 50.937000
54480	[3523]	:	Fixation at trial 4: 54.460000
55002	[522]	:	Catch Stim at trial 4: 54.982000
58527	[3525]	:	Catch Q at trial 4: 54.982000
58999	[472]	:	Key	30	DOWN	at	58999   
60507	[1508]	:	Respose to catch Q at trial 4: 59.004000
60507	[0]	:	RT and choice to catch Q at trial 4: 0.497000, 30
60534	[27]	:	Fixation at trial 5: 60.514000
61056	[522]	:	Object at trial 5: 61.036000
64580	[3524]	:	Fixation at trial 5: 64.559000
65101	[521]	:	Catch Stim at trial 5: 65.082000
68627	[3526]	:	Catch Q at trial 5: 65.082000
69130	[503]	:	Key	28	DOWN	at	69130   
70608	[1478]	:	Respose to catch Q at trial 5: 69.135000
70608	[0]	:	RT and choice to catch Q at trial 5: 0.528000, 28
70636	[28]	:	Fixation at trial 6: 70.616000
71158	[522]	:	Object at trial 6: 71.138000
74681	[3523]	:	Fixation at trial 6: 74.661000
75203	[522]	:	Catch Stim at trial 6: 75.183000
78728	[3525]	:	Catch Q at trial 6: 75.183000
79320	[592]	:	Key	30	DOWN	at	79320   
80708	[1388]	:	Respose to catch Q at trial 6: 79.326000
80708	[0]	:	RT and choice to catch Q at trial 6: 0.618000, 30
80735	[27]	:	Fixation at trial 7: 80.715000
81257	[522]	:	Object at trial 7: 81.237000
84780	[3523]	:	Fixation at trial 7: 84.760000
85302	[522]	:	Catch Stim at trial 7: 85.282000
88827	[3525]	:	Catch Q at trial 7: 85.282000
89381	[554]	:	Key	28	DOWN	at	89381   
90807	[1426]	:	Respose to catch Q at trial 7: 89.386000
90808	[1]	:	RT and choice to catch Q at trial 7: 0.579000, 28
90839	[31]	:	Fixation at trial 8: 90.819000
91361	[522]	:	Object at trial 8: 91.341000
94884	[3523]	:	Fixation at trial 8: 94.864000
95407	[523]	:	Catch Stim at trial 8: 95.387000
98932	[3525]	:	Catch Q at trial 8: 95.387000
99547	[615]	:	Key	28	DOWN	at	99547   
100912	[1365]	:	Respose to catch Q at trial 8: 99.552000
100913	[1]	:	RT and choice to catch Q at trial 8: 0.640000, 28
100938	[25]	:	Fixation at trial 9: 100.918000
101460	[522]	:	Object at trial 9: 101.440000
104983	[3523]	:	Fixation at trial 9: 104.963000
105506	[523]	:	Catch Stim at trial 9: 105.486000
109031	[3525]	:	Catch Q at trial 9: 105.486000
109552	[521]	:	Key	28	DOWN	at	109552  
111011	[1459]	:	Respose to catch Q at trial 9: 109.557000
111012	[1]	:	RT and choice to catch Q at trial 9: 0.546000, 28
111036	[24]	:	Fixation at trial 10: 111.016000
111558	[522]	:	Object at trial 10: 111.538000
115081	[3523]	:	Fixation at trial 10: 115.061000
115602	[521]	:	Catch Stim at trial 10: 115.582000
119127	[3525]	:	Catch Q at trial 10: 115.582000
119603	[476]	:	Key	28	DOWN	at	119603  
121107	[1504]	:	Respose to catch Q at trial 10: 119.609000
121108	[1]	:	RT and choice to catch Q at trial 10: 0.502000, 28
121132	[24]	:	Fixation at trial 11: 121.112000
121654	[522]	:	Object at trial 11: 121.634000
125177	[3523]	:	Fixation at trial 11: 125.157000
125699	[522]	:	Catch Stim at trial 11: 125.679000
129225	[3526]	:	Catch Q at trial 11: 125.679000
130303	[1078]	:	Key	28	DOWN	at	130303  
131205	[902]	:	Respose to catch Q at trial 11: 130.309000
131206	[1]	:	RT and choice to catch Q at trial 11: 1.104000, 28
131230	[24]	:	Fixation at trial 12: 131.210000
131752	[522]	:	Object at trial 12: 131.732000
135275	[3523]	:	Fixation at trial 12: 135.255000
135796	[521]	:	Catch Stim at trial 12: 135.776000
139321	[3525]	:	Catch Q at trial 12: 135.776000
139734	[413]	:	Key	28	DOWN	at	139734  
141301	[1567]	:	Respose to catch Q at trial 12: 139.739000
141301	[0]	:	RT and choice to catch Q at trial 12: 0.438000, 28
141326	[25]	:	Fixation at trial 13: 141.306000
141849	[523]	:	Object at trial 13: 141.829000
145372	[3523]	:	Fixation at trial 13: 145.352000
145894	[522]	:	Catch Stim at trial 13: 145.874000
149419	[3525]	:	Catch Q at trial 13: 145.874000
149964	[545]	:	Key	30	DOWN	at	149964  
151399	[1435]	:	Respose to catch Q at trial 13: 149.969000
151400	[1]	:	RT and choice to catch Q at trial 13: 0.570000, 30
151424	[24]	:	Fixation at trial 14: 151.404000
151946	[522]	:	Object at trial 14: 151.926000
155469	[3523]	:	Fixation at trial 14: 155.449000
155990	[521]	:	Catch Stim at trial 14: 155.970000
159515	[3525]	:	Catch Q at trial 14: 155.970000
159970	[455]	:	Key	30	DOWN	at	159970  
161495	[1525]	:	Respose to catch Q at trial 14: 159.976000
161496	[1]	:	RT and choice to catch Q at trial 14: 0.481000, 30
161520	[24]	:	Fixation at trial 15: 161.500000
162042	[522]	:	Object at trial 15: 162.022000
165565	[3523]	:	Fixation at trial 15: 165.545000
166087	[522]	:	Catch Stim at trial 15: 166.067000
169612	[3525]	:	Catch Q at trial 15: 166.067000
170111	[499]	:	Key	28	DOWN	at	170111  
171592	[1481]	:	Respose to catch Q at trial 15: 170.116000
171593	[1]	:	RT and choice to catch Q at trial 15: 0.524000, 28
171617	[24]	:	Fixation at trial 16: 171.597000
172139	[522]	:	Object at trial 16: 172.119000
175662	[3523]	:	Fixation at trial 16: 175.642000
176183	[521]	:	Catch Stim at trial 16: 176.163000
179708	[3525]	:	Catch Q at trial 16: 176.163000
180326	[618]	:	Key	28	DOWN	at	180326  
181688	[1362]	:	Respose to catch Q at trial 16: 180.331000
181689	[1]	:	RT and choice to catch Q at trial 16: 0.643000, 28
181712	[23]	:	Fixation at trial 17: 181.692000
182234	[522]	:	Object at trial 17: 182.214000
185757	[3523]	:	Fixation at trial 17: 185.737000
186278	[521]	:	Catch Stim at trial 17: 186.258000
189803	[3525]	:	Catch Q at trial 17: 186.258000
190482	[679]	:	Key	30	DOWN	at	190482  
191783	[1301]	:	Respose to catch Q at trial 17: 190.488000
191783	[0]	:	RT and choice to catch Q at trial 17: 0.705000, 30
191808	[25]	:	Fixation at trial 18: 191.788000
192330	[522]	:	Object at trial 18: 192.310000
195853	[3523]	:	Fixation at trial 18: 195.833000
196375	[522]	:	Catch Stim at trial 18: 196.355000
199900	[3525]	:	Catch Q at trial 18: 196.355000
200472	[572]	:	Key	30	DOWN	at	200472  
201880	[1408]	:	Respose to catch Q at trial 18: 200.478000
201880	[0]	:	RT and choice to catch Q at trial 18: 0.598000, 30
201905	[25]	:	Fixation at trial 19: 201.885000
202427	[522]	:	Object at trial 19: 202.407000
205950	[3523]	:	Fixation at trial 19: 205.930000
206472	[522]	:	Catch Stim at trial 19: 206.452000
209997	[3525]	:	Catch Q at trial 19: 206.452000
210663	[666]	:	Key	28	DOWN	at	210663  
211977	[1314]	:	Respose to catch Q at trial 19: 210.669000
211977	[0]	:	RT and choice to catch Q at trial 19: 0.692000, 28
212002	[25]	:	Fixation at trial 20: 211.982000
212524	[522]	:	Object at trial 20: 212.504000
216047	[3523]	:	Fixation at trial 20: 216.027000
216568	[521]	:	Catch Stim at trial 20: 216.548000
220093	[3525]	:	Catch Q at trial 20: 216.548000
220528	[435]	:	Key	30	DOWN	at	220528  
222073	[1545]	:	Respose to catch Q at trial 20: 220.533000
222074	[1]	:	RT and choice to catch Q at trial 20: 0.460000, 30
222098	[24]	:	Fixation at trial 21: 222.078000
222620	[522]	:	Object at trial 21: 222.600000
226143	[3523]	:	Fixation at trial 21: 226.123000
226664	[521]	:	Catch Stim at trial 21: 226.644000
230189	[3525]	:	Catch Q at trial 21: 226.644000
230784	[595]	:	Key	30	DOWN	at	230784  
232169	[1385]	:	Respose to catch Q at trial 21: 230.790000
232169	[0]	:	RT and choice to catch Q at trial 21: 0.621000, 30
232194	[25]	:	Fixation at trial 22: 232.174000
232716	[522]	:	Object at trial 22: 232.696000
236239	[3523]	:	Fixation at trial 22: 236.219000
236760	[521]	:	Catch Stim at trial 22: 236.740000
240285	[3525]	:	Catch Q at trial 22: 236.740000
240915	[630]	:	Key	30	DOWN	at	240915  
242265	[1350]	:	Respose to catch Q at trial 22: 240.921000
242265	[0]	:	RT and choice to catch Q at trial 22: 0.656000, 30
242290	[25]	:	Fixation at trial 23: 242.270000
242812	[522]	:	Object at trial 23: 242.792000
246335	[3523]	:	Fixation at trial 23: 246.315000
246861	[526]	:	Catch Stim at trial 23: 246.841000
250386	[3525]	:	Catch Q at trial 23: 246.841000
250830	[444]	:	Key	30	DOWN	at	250830  
252366	[1536]	:	Respose to catch Q at trial 23: 250.835000
252366	[0]	:	RT and choice to catch Q at trial 23: 0.469000, 30
252391	[25]	:	Fixation at trial 24: 252.371000
252913	[522]	:	Object at trial 24: 252.893000
256437	[3524]	:	Fixation at trial 24: 256.416000
256958	[521]	:	Catch Stim at trial 24: 256.938000
260485	[3527]	:	Catch Q at trial 24: 256.938000
261136	[651]	:	Key	28	DOWN	at	261136  
262465	[1329]	:	Respose to catch Q at trial 24: 261.142000
262465	[0]	:	RT and choice to catch Q at trial 24: 0.677000, 28
262490	[25]	:	Fixation at trial 25: 262.470000
263012	[522]	:	Object at trial 25: 262.992000
266535	[3523]	:	Fixation at trial 25: 266.515000
267057	[522]	:	Catch Stim at trial 25: 267.037000
270582	[3525]	:	Catch Q at trial 25: 267.037000
271271	[689]	:	Key	28	DOWN	at	271271  
272562	[1291]	:	Respose to catch Q at trial 25: 271.277000
272562	[0]	:	RT and choice to catch Q at trial 25: 0.715000, 28
272587	[25]	:	Fixation at trial 26: 272.567000
273109	[522]	:	Object at trial 26: 273.089000
276632	[3523]	:	Fixation at trial 26: 276.612000
277153	[521]	:	Catch Stim at trial 26: 277.133000
280678	[3525]	:	Catch Q at trial 26: 277.133000
281257	[579]	:	Key	28	DOWN	at	281257  
282658	[1401]	:	Respose to catch Q at trial 26: 281.262000
282658	[0]	:	RT and choice to catch Q at trial 26: 0.604000, 28
282683	[25]	:	Fixation at trial 27: 282.663000
283205	[522]	:	Object at trial 27: 283.185000
286728	[3523]	:	Fixation at trial 27: 286.708000
287249	[521]	:	Catch Stim at trial 27: 287.229000
290774	[3525]	:	Catch Q at trial 27: 287.229000
291323	[549]	:	Key	28	DOWN	at	291323  
292754	[1431]	:	Respose to catch Q at trial 27: 291.328000
292755	[1]	:	RT and choice to catch Q at trial 27: 0.574000, 28
292778	[23]	:	Fixation at trial 28: 292.758000
293300	[522]	:	Object at trial 28: 293.280000
296823	[3523]	:	Fixation at trial 28: 296.803000
297345	[522]	:	Catch Stim at trial 28: 297.325000
300871	[3526]	:	Catch Q at trial 28: 297.325000
301403	[532]	:	Key	30	DOWN	at	301403  
302851	[1448]	:	Respose to catch Q at trial 28: 301.408000
302851	[0]	:	RT and choice to catch Q at trial 28: 0.557000, 30
302876	[25]	:	Fixation at trial 29: 302.856000
303398	[522]	:	Object at trial 29: 303.378000
306921	[3523]	:	Fixation at trial 29: 306.901000
307443	[522]	:	Catch Stim at trial 29: 307.423000
310968	[3525]	:	Catch Q at trial 29: 307.423000
311569	[601]	:	Key	28	DOWN	at	311569  
312948	[1379]	:	Respose to catch Q at trial 29: 311.574000
312948	[0]	:	RT and choice to catch Q at trial 29: 0.626000, 28
312973	[25]	:	Fixation at trial 30: 312.953000
313496	[523]	:	Object at trial 30: 313.476000
317019	[3523]	:	Fixation at trial 30: 316.999000
317541	[522]	:	Catch Stim at trial 30: 317.521000
321066	[3525]	:	Catch Q at trial 30: 317.521000
321504	[438]	:	Key	28	DOWN	at	321504  
323046	[1542]	:	Respose to catch Q at trial 30: 321.509000
323046	[0]	:	RT and choice to catch Q at trial 30: 0.463000, 28
323071	[25]	:	Fixation at trial 31: 323.051000
323595	[524]	:	Object at trial 31: 323.575000
327118	[3523]	:	Fixation at trial 31: 327.098000
327639	[521]	:	Catch Stim at trial 31: 327.619000
331164	[3525]	:	Catch Q at trial 31: 327.619000
331845	[681]	:	Key	28	DOWN	at	331845  
333144	[1299]	:	Respose to catch Q at trial 31: 331.850000
333144	[0]	:	RT and choice to catch Q at trial 31: 0.706000, 28
333169	[25]	:	Fixation at trial 32: 333.149000
333691	[522]	:	Object at trial 32: 333.671000
337214	[3523]	:	Fixation at trial 32: 337.194000
337736	[522]	:	Catch Stim at trial 32: 337.716000
341262	[3526]	:	Catch Q at trial 32: 337.716000
341720	[458]	:	Key	30	DOWN	at	341720  
343242	[1522]	:	Respose to catch Q at trial 32: 341.725000
343242	[0]	:	RT and choice to catch Q at trial 32: 0.483000, 30
343267	[25]	:	Fixation at trial 33: 343.247000
343789	[522]	:	Object at trial 33: 343.769000
347312	[3523]	:	Fixation at trial 33: 347.292000
347834	[522]	:	Catch Stim at trial 33: 347.814000
351359	[3525]	:	Catch Q at trial 33: 347.814000
351801	[442]	:	Key	30	DOWN	at	351801  
353339	[1538]	:	Respose to catch Q at trial 33: 351.806000
353339	[0]	:	RT and choice to catch Q at trial 33: 0.467000, 30
353363	[24]	:	Fixation at trial 34: 353.343000
353885	[522]	:	Object at trial 34: 353.865000
357408	[3523]	:	Fixation at trial 34: 357.388000
357930	[522]	:	Catch Stim at trial 34: 357.910000
361455	[3525]	:	Catch Q at trial 34: 357.910000
362067	[612]	:	Key	30	DOWN	at	362067  
363435	[1368]	:	Respose to catch Q at trial 34: 362.072000
363435	[0]	:	RT and choice to catch Q at trial 34: 0.637000, 30
363460	[25]	:	Fixation at trial 35: 363.440000
363982	[522]	:	Object at trial 35: 363.962000
367505	[3523]	:	Fixation at trial 35: 367.485000
368027	[522]	:	Catch Stim at trial 35: 368.007000
371552	[3525]	:	Catch Q at trial 35: 368.007000
372072	[520]	:	Key	30	DOWN	at	372072  
373532	[1460]	:	Respose to catch Q at trial 35: 372.077000
373533	[1]	:	RT and choice to catch Q at trial 35: 0.545000, 30
373557	[24]	:	Fixation at trial 36: 373.537000
374079	[522]	:	Object at trial 36: 374.059000
377602	[3523]	:	Fixation at trial 36: 377.582000
378124	[522]	:	Catch Stim at trial 36: 378.104000
381649	[3525]	:	Catch Q at trial 36: 378.104000
382013	[364]	:	Key	30	DOWN	at	382013  
383629	[1616]	:	Respose to catch Q at trial 36: 382.019000
383630	[1]	:	RT and choice to catch Q at trial 36: 0.390000, 30
383654	[24]	:	Fixation at trial 37: 383.634000
384176	[522]	:	Object at trial 37: 384.156000
387699	[3523]	:	Fixation at trial 37: 387.679000
388221	[522]	:	Catch Stim at trial 37: 388.201000
391746	[3525]	:	Catch Q at trial 37: 388.201000
392318	[572]	:	Key	28	DOWN	at	392318  
393726	[1408]	:	Respose to catch Q at trial 37: 392.323000
393726	[0]	:	RT and choice to catch Q at trial 37: 0.597000, 28
393751	[25]	:	Fixation at trial 38: 393.731000
394273	[522]	:	Object at trial 38: 394.253000
397796	[3523]	:	Fixation at trial 38: 397.776000
398318	[522]	:	Catch Stim at trial 38: 398.298000
401843	[3525]	:	Catch Q at trial 38: 398.298000
402554	[711]	:	Key	28	DOWN	at	402554  
403823	[1269]	:	Respose to catch Q at trial 38: 402.560000
403823	[0]	:	RT and choice to catch Q at trial 38: 0.737000, 28
403848	[25]	:	Fixation at trial 39: 403.828000
404370	[522]	:	Object at trial 39: 404.350000
407893	[3523]	:	Fixation at trial 39: 407.873000
408414	[521]	:	Catch Stim at trial 39: 408.394000
411939	[3525]	:	Catch Q at trial 39: 408.394000
412694	[755]	:	Key	28	DOWN	at	412694  
413919	[1225]	:	Respose to catch Q at trial 39: 412.699000
413919	[0]	:	RT and choice to catch Q at trial 39: 0.780000, 28
413943	[24]	:	Fixation at trial 40: 413.923000
414465	[522]	:	Object at trial 40: 414.445000
417988	[3523]	:	Fixation at trial 40: 417.968000
418510	[522]	:	Catch Stim at trial 40: 418.490000
422035	[3525]	:	Catch Q at trial 40: 418.490000
422705	[670]	:	Key	28	DOWN	at	422705  
424015	[1310]	:	Respose to catch Q at trial 40: 422.710000
424015	[0]	:	RT and choice to catch Q at trial 40: 0.695000, 28
424040	[25]	:	Fixation at trial 41: 424.020000
424562	[522]	:	Object at trial 41: 42