Cog2000 log file Fri Nov 01 13:15:44 2019
gprim v1.29 Compiled:Feb  1 2010 (GLib DirectDraw v7 DX10.0 Compiled:Feb  1 2010)
Display:1024x768x32 59.81Hz
CogInput v1.05 Compiled: May 20 2010
0	[0]	:	COGENT START
791	[791]	:	Key	30	DOWN	at	791     
921	[130]	:	Key	30	UP	at	921     
1281	[360]	:	Key	28	DOWN	at	1281    
1436	[155]	:	Key	28	UP	at	1436    
11992	[10556]	:	Key	28	DOWN	at	11992   
12342	[350]	:	Key	28	UP	at	12342   
23033	[10691]	:	Key	71	DOWN	at	23033   
23091	[58]	:	Fixation at trial 1: 23.071000
23617	[526]	:	Object at trial 1: 23.597000
27143	[3526]	:	Fixation at trial 1: 27.123000
27668	[525]	:	Catch Stim at trial 1: 27.648000
31196	[3528]	:	Catch Q at trial 1: 27.648000
31788	[592]	:	Key	30	DOWN	at	31788   
33176	[1388]	:	Respose to catch Q at trial 1: 31.794000
33177	[1]	:	RT and choice to catch Q at trial 1: 0.618000, 30
33204	[27]	:	Fixation at trial 2: 33.184000
33726	[522]	:	Object at trial 2: 33.706000
37249	[3523]	:	Fixation at trial 2: 37.229000
37771	[522]	:	Catch Stim at trial 2: 37.751000
41296	[3525]	:	Catch Q at trial 2: 37.751000
41919	[623]	:	Key	30	DOWN	at	41919   
43276	[1357]	:	Respose to catch Q at trial 2: 41.924000
43276	[0]	:	RT and choice to catch Q at trial 2: 0.648000, 30
43304	[28]	:	Fixation at trial 3: 43.284000
43826	[522]	:	Object at trial 3: 43.806000
47349	[3523]	:	Fixation at trial 3: 47.329000
47871	[522]	:	Catch Stim at trial 3: 47.851000
51396	[3525]	:	Catch Q at trial 3: 47.851000
52019	[623]	:	Key	30	DOWN	at	52019   
53376	[1357]	:	Respose to catch Q at trial 3: 52.024000
53376	[0]	:	RT and choice to catch Q at trial 3: 0.648000, 30
53401	[25]	:	Fixation at trial 4: 53.381000
53923	[522]	:	Object at trial 4: 53.903000
57446	[3523]	:	Fixation at trial 4: 57.426000
57969	[523]	:	Catch Stim at trial 4: 57.949000
61495	[3526]	:	Catch Q at trial 4: 57.949000
62075	[580]	:	Key	28	DOWN	at	62075   
63475	[1400]	:	Respose to catch Q at trial 4: 62.081000
63475	[0]	:	RT and choice to catch Q at trial 4: 0.606000, 28
63500	[25]	:	Fixation at trial 5: 63.480000
64021	[521]	:	Object at trial 5: 64.002000
67543	[3522]	:	Fixation at trial 5: 67.523000
68065	[522]	:	Catch Stim at trial 5: 68.045000
71591	[3526]	:	Catch Q at trial 5: 68.045000
72045	[454]	:	Key	30	DOWN	at	72045   
73571	[1526]	:	Respose to catch Q at trial 5: 72.050000
73571	[0]	:	RT and choice to catch Q at trial 5: 0.479000, 30
73596	[25]	:	Fixation at trial 6: 73.576000
74118	[522]	:	Object at trial 6: 74.098000
77641	[3523]	:	Fixation at trial 6: 77.621000
78163	[522]	:	Catch Stim at trial 6: 78.143000
81688	[3525]	:	Catch Q at trial 6: 78.143000
82141	[453]	:	Key	28	DOWN	at	82141   
83668	[1527]	:	Respose to catch Q at trial 6: 82.146000
83669	[1]	:	RT and choice to catch Q at trial 6: 0.478000, 28
83693	[24]	:	Fixation at trial 7: 83.673000
84215	[522]	:	Object at trial 7: 84.195000
87738	[3523]	:	Fixation at trial 7: 87.718000
88260	[522]	:	Catch Stim at trial 7: 88.240000
91785	[3525]	:	Catch Q at trial 7: 88.240000
92266	[481]	:	Key	30	DOWN	at	92266   
93765	[1499]	:	Respose to catch Q at trial 7: 92.273000
93765	[0]	:	RT and choice to catch Q at trial 7: 0.508000, 30
93790	[25]	:	Fixation at trial 8: 93.770000
94312	[522]	:	Object at trial 8: 94.292000
97835	[3523]	:	Fixation at trial 8: 97.815000
98357	[522]	:	Catch Stim at trial 8: 98.337000
101882	[3525]	:	Catch Q at trial 8: 98.337000
102462	[580]	:	Key	30	DOWN	at	102462  
103862	[1400]	:	Respose to catch Q at trial 8: 102.468000
103863	[1]	:	RT and choice to catch Q at trial 8: 0.606000, 30
103887	[24]	:	Fixation at trial 9: 103.867000
104409	[522]	:	Object at trial 9: 104.389000
107932	[3523]	:	Fixation at trial 9: 107.912000
108454	[522]	:	Catch Stim at trial 9: 108.434000
111979	[3525]	:	Catch Q at trial 9: 108.434000
112473	[494]	:	Key	30	DOWN	at	112473  
113959	[1486]	:	Respose to catch Q at trial 9: 112.478000
113959	[0]	:	RT and choice to catch Q at trial 9: 0.519000, 30
113984	[25]	:	Fixation at trial 10: 113.964000
114506	[522]	:	Object at trial 10: 114.486000
118029	[3523]	:	Fixation at trial 10: 118.009000
118551	[522]	:	Catch Stim at trial 10: 118.531000
122077	[3526]	:	Catch Q at trial 10: 118.531000
122573	[496]	:	Key	28	DOWN	at	122573  
124057	[1484]	:	Respose to catch Q at trial 10: 122.578000
124057	[0]	:	RT and choice to catch Q at trial 10: 0.521000, 28
124082	[25]	:	Fixation at trial 11: 124.062000
124604	[522]	:	Object at trial 11: 124.584000
128127	[3523]	:	Fixation at trial 11: 128.107000
128648	[521]	:	Catch Stim at trial 11: 128.629000
132173	[3525]	:	Catch Q at trial 11: 128.629000
133094	[921]	:	Key	30	DOWN	at	133094  
134153	[1059]	:	Respose to catch Q at trial 11: 133.100000
134153	[0]	:	RT and choice to catch Q at trial 11: 0.947000, 30
134178	[25]	:	Fixation at trial 12: 134.158000
134700	[522]	:	Object at trial 12: 134.680000
138223	[3523]	:	Fixation at trial 12: 138.203000
138746	[523]	:	Catch Stim at trial 12: 138.726000
142271	[3525]	:	Catch Q at trial 12: 138.726000
142924	[653]	:	Key	28	DOWN	at	142924  
144251	[1327]	:	Respose to catch Q at trial 12: 142.930000
144251	[0]	:	RT and choice to catch Q at trial 12: 0.679000, 28
144276	[25]	:	Fixation at trial 13: 144.256000
144798	[522]	:	Object at trial 13: 144.778000
148321	[3523]	:	Fixation at trial 13: 148.301000
148853	[532]	:	Catch Stim at trial 13: 148.833000
152378	[3525]	:	Catch Q at trial 13: 148.833000
152840	[462]	:	Key	30	DOWN	at	152840  
154358	[1518]	:	Respose to catch Q at trial 13: 152.845000
154358	[0]	:	RT and choice to catch Q at trial 13: 0.487000, 30
154383	[25]	:	Fixation at trial 14: 154.363000
154905	[522]	:	Object at trial 14: 154.885000
158428	[3523]	:	Fixation at trial 14: 158.408000
158950	[522]	:	Catch Stim at trial 14: 158.930000
162475	[3525]	:	Catch Q at trial 14: 158.930000
162971	[496]	:	Key	30	DOWN	at	162971  
164455	[1484]	:	Respose to catch Q at trial 14: 162.976000
164455	[0]	:	RT and choice to catch Q at trial 14: 0.521000, 30
164480	[25]	:	Fixation at trial 15: 164.460000
165002	[522]	:	Object at trial 15: 164.982000
168525	[3523]	:	Fixation at trial 15: 168.505000
169046	[521]	:	Catch Stim at trial 15: 169.026000
172572	[3526]	:	Catch Q at trial 15: 169.026000
173251	[679]	:	Key	28	DOWN	at	173251  
174552	[1301]	:	Respose to catch Q at trial 15: 173.257000
174552	[0]	:	RT and choice to catch Q at trial 15: 0.705000, 28
174577	[25]	:	Fixation at trial 16: 174.557000
175099	[522]	:	Object at trial 16: 175.079000
178622	[3523]	:	Fixation at trial 16: 178.602000
179144	[522]	:	Catch Stim at trial 16: 179.124000
182669	[3525]	:	Catch Q at trial 16: 179.124000
183232	[563]	:	Key	28	DOWN	at	183232  
184649	[1417]	:	Respose to catch Q at trial 16: 183.237000
184649	[0]	:	RT and choice to catch Q at trial 16: 0.588000, 28
184674	[25]	:	Fixation at trial 17: 184.654000
185196	[522]	:	Object at trial 17: 185.176000
188719	[3523]	:	Fixation at trial 17: 188.699000
189240	[521]	:	Catch Stim at trial 17: 189.220000
192765	[3525]	:	Catch Q at trial 17: 189.220000
193387	[622]	:	Key	28	DOWN	at	193387  
194745	[1358]	:	Respose to catch Q at trial 17: 193.393000
194745	[0]	:	RT and choice to catch Q at trial 17: 0.648000, 28
194770	[25]	:	Fixation at trial 18: 194.750000
195292	[522]	:	Object at trial 18: 195.272000
198815	[3523]	:	Fixation at trial 18: 198.795000
199337	[522]	:	Catch Stim at trial 18: 199.317000
202862	[3525]	:	Catch Q at trial 18: 199.317000
203433	[571]	:	Key	30	DOWN	at	203433  
204842	[1409]	:	Respose to catch Q at trial 18: 203.439000
204842	[0]	:	RT and choice to catch Q at trial 18: 0.597000, 30
204867	[25]	:	Fixation at trial 19: 204.847000
205389	[522]	:	Object at trial 19: 205.369000
208912	[3523]	:	Fixation at trial 19: 208.892000
209433	[521]	:	Catch Stim at trial 19: 209.413000
212958	[3525]	:	Catch Q at trial 19: 209.413000
213453	[495]	:	Key	30	DOWN	at	213453  
214938	[1485]	:	Respose to catch Q at trial 19: 213.459000
214938	[0]	:	RT and choice to catch Q at trial 19: 0.521000, 30
214963	[25]	:	Fixation at trial 20: 214.943000
215485	[522]	:	Object at trial 20: 215.465000
219008	[3523]	:	Fixation at trial 20: 218.988000
219529	[521]	:	Catch Stim at trial 20: 219.509000
223054	[3525]	:	Catch Q at trial 20: 219.509000
223569	[515]	:	Key	30	DOWN	at	223569  
225034	[1465]	:	Respose to catch Q at trial 20: 223.575000
225034	[0]	:	RT and choice to catch Q at trial 20: 0.541000, 30
225059	[25]	:	Fixation at trial 21: 225.039000
225581	[522]	:	Object at trial 21: 225.561000
229104	[3523]	:	Fixation at trial 21: 229.084000
229625	[521]	:	Catch Stim at trial 21: 229.605000
233150	[3525]	:	Catch Q at trial 21: 229.605000
233805	[655]	:	Key	28	DOWN	at	233805  
235130	[1325]	:	Respose to catch Q at trial 21: 233.810000
235130	[0]	:	RT and choice to catch Q at trial 21: 0.680000, 28
235155	[25]	:	Fixation at trial 22: 235.135000
235677	[522]	:	Object at trial 22: 235.657000
239200	[3523]	:	Fixation at trial 22: 239.180000
239722	[522]	:	Catch Stim at trial 22: 239.702000
243247	[3525]	:	Catch Q at trial 22: 239.702000
243795	[548]	:	Key	28	DOWN	at	243795  
245227	[1432]	:	Respose to catch Q at trial 22: 243.800000
245227	[0]	:	RT and choice to catch Q at trial 22: 0.573000, 28
245252	[25]	:	Fixation at trial 23: 245.232000
245774	[522]	:	Object at trial 23: 245.754000
249297	[3523]	:	Fixation at trial 23: 249.277000
249819	[522]	:	Catch Stim at trial 23: 249.799000
253344	[3525]	:	Catch Q at trial 23: 249.799000
253941	[597]	:	Key	28	DOWN	at	253941  
255324	[1383]	:	Respose to catch Q at trial 23: 253.947000
255324	[0]	:	RT and choice to catch Q at trial 23: 0.623000, 28
255349	[25]	:	Fixation at trial 24: 255.329000
255871	[522]	:	Object at trial 24: 255.851000
259394	[3523]	:	Fixation at trial 24: 259.374000
259914	[520]	:	Catch Stim at trial 24: 259.895000
263438	[3524]	:	Catch Q at trial 24: 259.895000
264066	[628]	:	Key	30	DOWN	at	264066  
265418	[1352]	:	Respose to catch Q at trial 24: 264.071000
265418	[0]	:	RT and choice to catch Q at trial 24: 0.653000, 30
265443	[25]	:	Fixation at trial 25: 265.423000
265965	[522]	:	Object at trial 25: 265.945000
269488	[3523]	:	Fixation at trial 25: 269.468000
270010	[522]	:	Catch Stim at trial 25: 269.990000
273535	[3525]	:	Catch Q at trial 25: 269.990000
274122	[587]	:	Key	28	DOWN	at	274122  
275515	[1393]	:	Respose to catch Q at trial 25: 274.127000
275515	[0]	:	RT and choice to catch Q at trial 25: 0.612000, 28
275540	[25]	:	Fixation at trial 26: 275.520000
276063	[523]	:	Object at trial 26: 276.043000
279586	[3523]	:	Fixation at trial 26: 279.566000
280108	[522]	:	Catch Stim at trial 26: 280.088000
283633	[3525]	:	Catch Q at trial 26: 280.088000
284127	[494]	:	Key	30	DOWN	at	284127  
285613	[1486]	:	Respose to catch Q at trial 26: 284.132000
285613	[0]	:	RT and choice to catch Q at trial 26: 0.519000, 30
285638	[25]	:	Fixation at trial 27: 285.618000
286160	[522]	:	Object at trial 27: 286.140000
289683	[3523]	:	Fixation at trial 27: 289.663000
290204	[521]	:	Catch Stim at trial 27: 290.184000
293729	[3525]	:	Catch Q at trial 27: 290.184000
294303	[574]	:	Key	28	DOWN	at	294303  
295709	[1406]	:	Respose to catch Q at trial 27: 294.308000
295709	[0]	:	RT and choice to catch Q at trial 27: 0.599000, 28
295735	[26]	:	Fixation at trial 28: 295.715000
296258	[523]	:	Object at trial 28: 296.238000
299781	[3523]	:	Fixation at trial 28: 299.761000
300302	[521]	:	Catch Stim at trial 28: 300.282000
303827	[3525]	:	Catch Q at trial 28: 300.282000
304349	[522]	:	Key	28	DOWN	at	304349  
305807	[1458]	:	Respose to catch Q at trial 28: 304.355000
305807	[0]	:	RT and choice to catch Q at trial 28: 0.548000, 28
305832	[25]	:	Fixation at trial 29: 305.812000
306354	[522]	:	Object at trial 29: 306.334000
309877	[3523]	:	Fixation at trial 29: 309.857000
310398	[521]	:	Catch Stim at trial 29: 310.378000
313923	[3525]	:	Catch Q at trial 29: 310.378000
314589	[666]	:	Key	28	DOWN	at	314589  
315903	[1314]	:	Respose to catch Q at trial 29: 314.594000
315903	[0]	:	RT and choice to catch Q at trial 29: 0.691000, 28
315928	[25]	:	Fixation at trial 30: 315.908000
316450	[522]	:	Object at trial 30: 316.430000
319973	[3523]	:	Fixation at trial 30: 319.953000
320494	[521]	:	Catch Stim at trial 30: 320.474000
324019	[3525]	:	Catch Q at trial 30: 320.474000
324580	[561]	:	Key	28	DOWN	at	324580  
325999	[1419]	:	Respose to catch Q at trial 30: 324.585000
326000	[1]	:	RT and choice to catch Q at trial 30: 0.586000, 28
326024	[24]	:	Fixation at trial 31: 326.004000
326546	[522]	:	Object at trial 31: 326.526000
330069	[3523]	:	Fixation at trial 31: 330.049000
330590	[521]	:	Catch Stim at trial 31: 330.570000
334115	[3525]	:	Catch Q at trial 31: 330.570000
334995	[880]	:	Key	28	DOWN	at	334995  
336095	[1100]	:	Respose to catch Q at trial 31: 335.001000
336095	[0]	:	RT and choice to catch Q at trial 31: 0.906000, 28
336120	[25]	:	Fixation at trial 32: 336.100000
336642	[522]	:	Object at trial 32: 336.622000
340165	[3523]	:	Fixation at trial 32: 340.145000
340686	[521]	:	Catch Stim at trial 32: 340.666000
344211	[3525]	:	Catch Q at trial 32: 340.666000
344771	[560]	:	Key	30	DOWN	at	344771  
346191	[1420]	:	Respose to catch Q at trial 32: 344.777000
346191	[0]	:	RT and choice to catch Q at trial 32: 0.586000, 30
346216	[25]	:	Fixation at trial 33: 346.196000
346738	[522]	:	Object at trial 33: 346.718000
350261	[3523]	:	Fixation at trial 33: 350.241000
350782	[521]	:	Catch Stim at trial 33: 350.762000
354307	[3525]	:	Catch Q at trial 33: 350.762000
355037	[730]	:	Key	28	DOWN	at	355037  
356287	[1250]	:	Respose to catch Q at trial 33: 355.043000
356287	[0]	:	RT and choice to catch Q at trial 33: 0.756000, 28
356312	[25]	:	Fixation at trial 34: 356.292000
356834	[522]	:	Object at trial 34: 356.814000
360357	[3523]	:	Fixation at trial 34: 360.337000
360878	[521]	:	Catch Stim at trial 34: 360.858000
364403	[3525]	:	Catch Q at trial 34: 360.858000
365017	[614]	:	Key	28	DOWN	at	365017  
366383	[1366]	:	Respose to catch Q at trial 34: 365.023000
366383	[0]	:	RT and choice to catch Q at trial 34: 0.640000, 28
366408	[25]	:	Fixation at trial 35: 366.388000
366930	[522]	:	Object at trial 35: 366.910000
370453	[3523]	:	Fixation at trial 35: 370.433000
370976	[523]	:	Catch Stim at trial 35: 370.956000
374501	[3525]	:	Catch Q at trial 35: 370.956000
375048	[547]	:	Key	30	DOWN	at	375048  
376481	[1433]	:	Respose to catch Q at trial 35: 375.054000
376481	[0]	:	RT and choice to catch Q at trial 35: 0.573000, 30
376506	[25]	:	Fixation at trial 36: 376.486000
377029	[523]	:	Object at trial 36: 377.009000
380552	[3523]	:	Fixation at trial 36: 380.532000
381073	[521]	:	Catch Stim at trial 36: 381.053000
384598	[3525]	:	Catch Q at trial 36: 381.053000
385108	[510]	:	Key	30	DOWN	at	385108  
386578	[1470]	:	Respose to catch Q at trial 36: 385.114000
386578	[0]	:	RT and choice to catch Q at trial 36: 0.536000, 30
386603	[25]	:	Fixation at trial 37: 386.583000
387125	[522]	:	Object at trial 37: 387.105000
390648	[3523]	:	Fixation at trial 37: 390.628000
391169	[521]	:	Catch Stim at trial 37: 391.149000
394694	[3525]	:	Catch Q at trial 37: 391.149000
395164	[470]	:	Key	28	DOWN	at	395164  
396674	[1510]	:	Respose to catch Q at trial 37: 395.170000
396674	[0]	:	RT and choice to catch Q at trial 37: 0.496000, 28
396699	[25]	:	Fixation at trial 38: 396.679000
397221	[522]	:	Object at trial 38: 397.201000
400744	[3523]	:	Fixation at trial 38: 400.724000
401265	[521]	:	Catch Stim at trial 38: 401.245000
404790	[3525]	:	Catch Q at trial 38: 401.245000
405369	[579]	:	Key	28	DOWN	at	405369  
406770	[1401]	:	Respose to catch Q at trial 38: 405.374000
406770	[0]	:	RT and choice to catch Q at trial 38: 0.604000, 28
406795	[25]	:	Fixation at trial 39: 406.775000
407317	[522]	:	Object at trial 39: 407.297000
410840	[3523]	:	Fixation at trial 39: 410.820000
411361	[521]	:	Catch Stim at trial 39: 411.341000
414886	[3525]	:	Catch Q at trial 39: 411.341000
415435	[549]	:	Key	28	DOWN	at	415435  
416866	[1431]	:	Respose to catch Q at trial 39: 415.440000
416866	[0]	:	RT and choice to catch Q at trial 39: 0.574000, 28
416891	[25]	:	Fixation at trial 40: 416.871000
417413	[522]	:	Object at trial 40: 417.393000
420936	[3523]	:	Fixation at trial 40: 420.916000
421457	[521]	:	Catch Stim at trial 40: 421.437000
424982	[3525]	:	Catch Q at trial 40: 421.437000
425371	[389]	:	Key	30	DOWN	at	425371  
426962	[1591]	:	Respose to catch Q at trial 40: 425.376000
426962	[0]	:	RT and choice to catch Q at trial 40: 0.414000, 30
426987