Cog2000 log file Fri Nov 01 13:25:04 2019
gprim v1.29 Compiled:Feb  1 2010 (GLib DirectDraw v7 DX10.0 Compiled:Feb  1 2010)
Display:1024x768x32 59.81Hz
CogInput v1.05 Compiled: May 20 2010
0	[0]	:	COGENT START
696	[696]	:	Key	30	DOWN	at	696     
826	[130]	:	Key	30	UP	at	826     
1146	[320]	:	Key	28	DOWN	at	1146    
1326	[180]	:	Key	28	UP	at	1326    
25108	[23782]	:	Key	71	DOWN	at	25108   
25161	[53]	:	Fixation at trial 1: 25.141000
25687	[526]	:	Object at trial 1: 25.667000
29210	[3523]	:	Fixation at trial 1: 29.190000
29735	[525]	:	Catch Stim at trial 1: 29.715000
33264	[3529]	:	Catch Q at trial 1: 29.715000
33848	[584]	:	Key	28	DOWN	at	33848   
35244	[1396]	:	Respose to catch Q at trial 1: 33.855000
35245	[1]	:	RT and choice to catch Q at trial 1: 0.611000, 28
35274	[29]	:	Fixation at trial 2: 35.254000
35796	[522]	:	Object at trial 2: 35.776000
39319	[3523]	:	Fixation at trial 2: 39.299000
39840	[521]	:	Catch Stim at trial 2: 39.820000
43365	[3525]	:	Catch Q at trial 2: 39.820000
43729	[364]	:	Key	30	DOWN	at	43729   
45345	[1616]	:	Respose to catch Q at trial 2: 43.734000
45345	[0]	:	RT and choice to catch Q at trial 2: 0.389000, 30
45374	[29]	:	Fixation at trial 3: 45.354000
45896	[522]	:	Object at trial 3: 45.876000
49419	[3523]	:	Fixation at trial 3: 49.399000
49940	[521]	:	Catch Stim at trial 3: 49.920000
53465	[3525]	:	Catch Q at trial 3: 49.920000
54014	[549]	:	Key	30	DOWN	at	54014   
55445	[1431]	:	Respose to catch Q at trial 3: 54.020000
55445	[0]	:	RT and choice to catch Q at trial 3: 0.575000, 30
55470	[25]	:	Fixation at trial 4: 55.450000
55992	[522]	:	Object at trial 4: 55.972000
59515	[3523]	:	Fixation at trial 4: 59.495000
60036	[521]	:	Catch Stim at trial 4: 60.016000
63561	[3525]	:	Catch Q at trial 4: 60.016000
63930	[369]	:	Key	30	DOWN	at	63930   
65541	[1611]	:	Respose to catch Q at trial 4: 63.935000
65541	[0]	:	RT and choice to catch Q at trial 4: 0.394000, 30
65566	[25]	:	Fixation at trial 5: 65.546000
66088	[522]	:	Object at trial 5: 66.068000
69611	[3523]	:	Fixation at trial 5: 69.591000
70132	[521]	:	Catch Stim at trial 5: 70.112000
73657	[3525]	:	Catch Q at trial 5: 70.112000
74346	[689]	:	Key	28	DOWN	at	74346   
75637	[1291]	:	Respose to catch Q at trial 5: 74.351000
75637	[0]	:	RT and choice to catch Q at trial 5: 0.714000, 28
75662	[25]	:	Fixation at trial 6: 75.642000
76184	[522]	:	Object at trial 6: 76.164000
79707	[3523]	:	Fixation at trial 6: 79.687000
80228	[521]	:	Catch Stim at trial 6: 80.208000
83753	[3525]	:	Catch Q at trial 6: 80.208000
84541	[788]	:	Key	30	DOWN	at	84541   
85733	[1192]	:	Respose to catch Q at trial 6: 84.547000
85733	[0]	:	RT and choice to catch Q at trial 6: 0.814000, 30
85758	[25]	:	Fixation at trial 7: 85.738000
86280	[522]	:	Object at trial 7: 86.260000
89803	[3523]	:	Fixation at trial 7: 89.783000
90324	[521]	:	Catch Stim at trial 7: 90.304000
93849	[3525]	:	Catch Q at trial 7: 90.304000
94517	[668]	:	Key	30	DOWN	at	94517   
95829	[1312]	:	Respose to catch Q at trial 7: 94.523000
95829	[0]	:	RT and choice to catch Q at trial 7: 0.694000, 30
95854	[25]	:	Fixation at trial 8: 95.834000
96377	[523]	:	Object at trial 8: 96.357000
99900	[3523]	:	Fixation at trial 8: 99.880000
100421	[521]	:	Catch Stim at trial 8: 100.401000
103946	[3525]	:	Catch Q at trial 8: 100.401000
104597	[651]	:	Key	28	DOWN	at	104597  
105926	[1329]	:	Respose to catch Q at trial 8: 104.602000
105926	[0]	:	RT and choice to catch Q at trial 8: 0.676000, 28
105952	[26]	:	Fixation at trial 9: 105.932000
106474	[522]	:	Object at trial 9: 106.454000
109997	[3523]	:	Fixation at trial 9: 109.977000
110518	[521]	:	Catch Stim at trial 9: 110.498000
114043	[3525]	:	Catch Q at trial 9: 110.498000
114588	[545]	:	Key	28	DOWN	at	114588  
116023	[1435]	:	Respose to catch Q at trial 9: 114.593000
116023	[0]	:	RT and choice to catch Q at trial 9: 0.570000, 28
116048	[25]	:	Fixation at trial 10: 116.028000
116570	[522]	:	Object at trial 10: 116.550000
120093	[3523]	:	Fixation at trial 10: 120.073000
120614	[521]	:	Catch Stim at trial 10: 120.594000
124139	[3525]	:	Catch Q at trial 10: 120.594000
124523	[384]	:	Key	30	DOWN	at	124523  
126119	[1596]	:	Respose to catch Q at trial 10: 124.529000
126119	[0]	:	RT and choice to catch Q at trial 10: 0.410000, 30
126144	[25]	:	Fixation at trial 11: 126.124000
126666	[522]	:	Object at trial 11: 126.646000
130189	[3523]	:	Fixation at trial 11: 130.169000
130710	[521]	:	Catch Stim at trial 11: 130.690000
134236	[3526]	:	Catch Q at trial 11: 130.690000
135034	[798]	:	Key	28	DOWN	at	135034  
136216	[1182]	:	Respose to catch Q at trial 11: 135.040000
136216	[0]	:	RT and choice to catch Q at trial 11: 0.824000, 28
136241	[25]	:	Fixation at trial 12: 136.221000
136763	[522]	:	Object at trial 12: 136.743000
140286	[3523]	:	Fixation at trial 12: 140.266000
140807	[521]	:	Catch Stim at trial 12: 140.787000
144332	[3525]	:	Catch Q at trial 12: 140.787000
144925	[593]	:	Key	30	DOWN	at	144925  
146312	[1387]	:	Respose to catch Q at trial 12: 144.931000
146312	[0]	:	RT and choice to catch Q at trial 12: 0.619000, 30
146337	[25]	:	Fixation at trial 13: 146.317000
146859	[522]	:	Object at trial 13: 146.839000
150382	[3523]	:	Fixation at trial 13: 150.362000
150903	[521]	:	Catch Stim at trial 13: 150.883000
154428	[3525]	:	Catch Q at trial 13: 150.883000
154745	[317]	:	Key	30	DOWN	at	154745  
156408	[1663]	:	Respose to catch Q at trial 13: 154.750000
156408	[0]	:	RT and choice to catch Q at trial 13: 0.342000, 30
156433	[25]	:	Fixation at trial 14: 156.413000
156955	[522]	:	Object at trial 14: 156.935000
160478	[3523]	:	Fixation at trial 14: 160.458000
160999	[521]	:	Catch Stim at trial 14: 160.979000
164524	[3525]	:	Catch Q at trial 14: 160.979000
165271	[747]	:	Key	28	DOWN	at	165271  
166504	[1233]	:	Respose to catch Q at trial 14: 165.277000
166504	[0]	:	RT and choice to catch Q at trial 14: 0.773000, 28
166529	[25]	:	Fixation at trial 15: 166.509000
167051	[522]	:	Object at trial 15: 167.031000
170574	[3523]	:	Fixation at trial 15: 170.554000
171095	[521]	:	Catch Stim at trial 15: 171.075000
174620	[3525]	:	Catch Q at trial 15: 171.075000
175301	[681]	:	Key	28	DOWN	at	175301  
176600	[1299]	:	Respose to catch Q at trial 15: 175.307000
176600	[0]	:	RT and choice to catch Q at trial 15: 0.707000, 28
176625	[25]	:	Fixation at trial 16: 176.605000
177147	[522]	:	Object at trial 16: 177.127000
180670	[3523]	:	Fixation at trial 16: 180.650000
181191	[521]	:	Catch Stim at trial 16: 181.171000
184716	[3525]	:	Catch Q at trial 16: 181.171000
185357	[641]	:	Key	28	DOWN	at	185357  
186696	[1339]	:	Respose to catch Q at trial 16: 185.363000
186696	[0]	:	RT and choice to catch Q at trial 16: 0.667000, 28
186721	[25]	:	Fixation at trial 17: 186.701000
187243	[522]	:	Object at trial 17: 187.223000
190766	[3523]	:	Fixation at trial 17: 190.746000
191287	[521]	:	Catch Stim at trial 17: 191.267000
194812	[3525]	:	Catch Q at trial 17: 191.267000
195492	[680]	:	Key	28	DOWN	at	195492  
196792	[1300]	:	Respose to catch Q at trial 17: 195.498000
196792	[0]	:	RT and choice to catch Q at trial 17: 0.706000, 28
196817	[25]	:	Fixation at trial 18: 196.797000
197339	[522]	:	Object at trial 18: 197.319000
200862	[3523]	:	Fixation at trial 18: 200.842000
201383	[521]	:	Catch Stim at trial 18: 201.363000
204908	[3525]	:	Catch Q at trial 18: 201.363000
205413	[505]	:	Key	30	DOWN	at	205413  
206888	[1475]	:	Respose to catch Q at trial 18: 205.418000
206888	[0]	:	RT and choice to catch Q at trial 18: 0.530000, 30
206913	[25]	:	Fixation at trial 19: 206.893000
207435	[522]	:	Object at trial 19: 207.415000
210958	[3523]	:	Fixation at trial 19: 210.938000
211479	[521]	:	Catch Stim at trial 19: 211.459000
215004	[3525]	:	Catch Q at trial 19: 211.459000
215404	[400]	:	Key	30	DOWN	at	215404  
216984	[1580]	:	Respose to catch Q at trial 19: 215.409000
216984	[0]	:	RT and choice to catch Q at trial 19: 0.425000, 30
217009	[25]	:	Fixation at trial 20: 216.989000
217531	[522]	:	Object at trial 20: 217.511000
221054	[3523]	:	Fixation at trial 20: 221.034000
221575	[521]	:	Catch Stim at trial 20: 221.555000
225100	[3525]	:	Catch Q at trial 20: 221.555000
225794	[694]	:	Key	28	DOWN	at	225794  
227080	[1286]	:	Respose to catch Q at trial 20: 225.800000
227081	[1]	:	RT and choice to catch Q at trial 20: 0.720000, 28
227105	[24]	:	Fixation at trial 21: 227.085000
227628	[523]	:	Object at trial 21: 227.608000
231151	[3523]	:	Fixation at trial 21: 231.131000
231672	[521]	:	Catch Stim at trial 21: 231.652000
235197	[3525]	:	Catch Q at trial 21: 231.652000
235660	[463]	:	Key	28	DOWN	at	235660  
237177	[1517]	:	Respose to catch Q at trial 21: 235.665000
237177	[0]	:	RT and choice to catch Q at trial 21: 0.488000, 28
237202	[25]	:	Fixation at trial 22: 237.182000
237724	[522]	:	Object at trial 22: 237.704000
241247	[3523]	:	Fixation at trial 22: 241.227000
241768	[521]	:	Catch Stim at trial 22: 241.748000
245293	[3525]	:	Catch Q at trial 22: 241.748000
245825	[532]	:	Key	28	DOWN	at	245825  
247273	[1448]	:	Respose to catch Q at trial 22: 245.830000
247273	[0]	:	RT and choice to catch Q at trial 22: 0.557000, 28
247298	[25]	:	Fixation at trial 23: 247.278000
247820	[522]	:	Object at trial 23: 247.800000
251343	[3523]	:	Fixation at trial 23: 251.323000
251864	[521]	:	Catch Stim at trial 23: 251.844000
255389	[3525]	:	Catch Q at trial 23: 251.844000
255971	[582]	:	Key	28	DOWN	at	255971  
257369	[1398]	:	Respose to catch Q at trial 23: 255.976000
257369	[0]	:	RT and choice to catch Q at trial 23: 0.607000, 28
257394	[25]	:	Fixation at trial 24: 257.374000
257916	[522]	:	Object at trial 24: 257.896000
261438	[3522]	:	Fixation at trial 24: 261.419000
261959	[521]	:	Catch Stim at trial 24: 261.939000
265484	[3525]	:	Catch Q at trial 24: 261.939000
265876	[392]	:	Key	30	DOWN	at	265876  
267464	[1588]	:	Respose to catch Q at trial 24: 265.881000
267464	[0]	:	RT and choice to catch Q at trial 24: 0.417000, 30
267489	[25]	:	Fixation at trial 25: 267.469000
268011	[522]	:	Object at trial 25: 267.991000
271534	[3523]	:	Fixation at trial 25: 271.514000
272056	[522]	:	Catch Stim at trial 25: 272.036000
275581	[3525]	:	Catch Q at trial 25: 272.036000
275952	[371]	:	Key	30	DOWN	at	275952  
277561	[1609]	:	Respose to catch Q at trial 25: 275.958000
277561	[0]	:	RT and choice to catch Q at trial 25: 0.397000, 30
277586	[25]	:	Fixation at trial 26: 277.566000
278108	[522]	:	Object at trial 26: 278.088000
281631	[3523]	:	Fixation at trial 26: 281.611000
282153	[522]	:	Catch Stim at trial 26: 282.133000
285678	[3525]	:	Catch Q at trial 26: 282.133000
286443	[765]	:	Key	28	DOWN	at	286443  
287658	[1215]	:	Respose to catch Q at trial 26: 286.448000
287658	[0]	:	RT and choice to catch Q at trial 26: 0.790000, 28
287683	[25]	:	Fixation at trial 27: 287.663000
288205	[522]	:	Object at trial 27: 288.185000
291728	[3523]	:	Fixation at trial 27: 291.708000
292249	[521]	:	Catch Stim at trial 27: 292.229000
295774	[3525]	:	Catch Q at trial 27: 292.229000
296418	[644]	:	Key	30	DOWN	at	296418  
297754	[1336]	:	Respose to catch Q at trial 27: 296.423000
297754	[0]	:	RT and choice to catch Q at trial 27: 0.669000, 30
297779	[25]	:	Fixation at trial 28: 297.759000
298302	[523]	:	Object at trial 28: 298.282000
301825	[3523]	:	Fixation at trial 28: 301.805000
302346	[521]	:	Catch Stim at trial 28: 302.326000
305871	[3525]	:	Catch Q at trial 28: 302.326000
306374	[503]	:	Key	28	DOWN	at	306374  
307851	[1477]	:	Respose to catch Q at trial 28: 306.380000
307851	[0]	:	RT and choice to catch Q at trial 28: 0.529000, 28
307876	[25]	:	Fixation at trial 29: 307.856000
308398	[522]	:	Object at trial 29: 308.378000
311921	[3523]	:	Fixation at trial 29: 311.901000
312442	[521]	:	Catch Stim at trial 29: 312.422000
315967	[3525]	:	Catch Q at trial 29: 312.422000
316554	[587]	:	Key	28	DOWN	at	316554  
317947	[1393]	:	Respose to catch Q at trial 29: 316.559000
317948	[1]	:	RT and choice to catch Q at trial 29: 0.612000, 28
317978	[30]	:	Fixation at trial 30: 317.958000
318500	[522]	:	Object at trial 30: 318.480000
322023	[3523]	:	Fixation at trial 30: 322.003000
322544	[521]	:	Catch Stim at trial 30: 322.524000
326069	[3525]	:	Catch Q at trial 30: 322.524000
326675	[606]	:	Key	28	DOWN	at	326675  
328049	[1374]	:	Respose to catch Q at trial 30: 326.680000
328049	[0]	:	RT and choice to catch Q at trial 30: 0.631000, 28
328074	[25]	:	Fixation at trial 31: 328.054000
328596	[522]	:	Object at trial 31: 328.576000
332119	[3523]	:	Fixation at trial 31: 332.099000
332640	[521]	:	Catch Stim at trial 31: 332.620000
336165	[3525]	:	Catch Q at trial 31: 332.620000
337026	[861]	:	Key	28	DOWN	at	337026  
338145	[1119]	:	Respose to catch Q at trial 31: 337.030000
338145	[0]	:	RT and choice to catch Q at trial 31: 0.885000, 28
338170	[25]	:	Fixation at trial 32: 338.150000
338692	[522]	:	Object at trial 32: 338.672000
342215	[3523]	:	Fixation at trial 32: 342.195000
342736	[521]	:	Catch Stim at trial 32: 342.716000
346261	[3525]	:	Catch Q at trial 32: 342.716000
346921	[660]	:	Key	30	DOWN	at	346921  
348241	[1320]	:	Respose to catch Q at trial 32: 346.926000
348241	[0]	:	RT and choice to catch Q at trial 32: 0.685000, 30
348266	[25]	:	Fixation at trial 33: 348.246000
348788	[522]	:	Object at trial 33: 348.768000
352311	[3523]	:	Fixation at trial 33: 352.291000
352832	[521]	:	Catch Stim at trial 33: 352.812000
356357	[3525]	:	Catch Q at trial 33: 352.812000
356897	[540]	:	Key	30	DOWN	at	356897  
358337	[1440]	:	Respose to catch Q at trial 33: 356.902000
358337	[0]	:	RT and choice to catch Q at trial 33: 0.565000, 30
358362	[25]	:	Fixation at trial 34: 358.342000
358884	[522]	:	Object at trial 34: 358.864000
362407	[3523]	:	Fixation at trial 34: 362.387000
362928	[521]	:	Catch Stim at trial 34: 362.908000
366453	[3525]	:	Catch Q at trial 34: 362.908000
367097	[644]	:	Key	30	DOWN	at	367097  
368433	[1336]	:	Respose to catch Q at trial 34: 367.102000
368433	[0]	:	RT and choice to catch Q at trial 34: 0.669000, 30
368458	[25]	:	Fixation at trial 35: 368.438000
368980	[522]	:	Object at trial 35: 368.960000
372503	[3523]	:	Fixation at trial 35: 372.483000
373024	[521]	:	Catch Stim at trial 35: 373.004000
376549	[3525]	:	Catch Q at trial 35: 373.004000
377160	[611]	:	Key	28	DOWN	at	377160  
378529	[1369]	:	Respose to catch Q at trial 35: 377.165000
378529	[0]	:	RT and choice to catch Q at trial 35: 0.636000, 28
378554	[25]	:	Fixation at trial 36: 378.534000
379076	[522]	:	Object at trial 36: 379.056000
382599	[3523]	:	Fixation at trial 36: 382.579000
383120	[521]	:	Catch Stim at trial 36: 383.100000
386645	[3525]	:	Catch Q at trial 36: 383.100000
387180	[535]	:	Key	30	DOWN	at	387180  
388625	[1445]	:	Respose to catch Q at trial 36: 387.186000
388625	[0]	:	RT and choice to catch Q at trial 36: 0.561000, 30
388650	[25]	:	Fixation at trial 37: 388.630000
389173	[523]	:	Object at trial 37: 389.153000
392696	[3523]	:	Fixation at trial 37: 392.676000
393217	[521]	:	Catch Stim at trial 37: 393.197000
396742	[3525]	:	Catch Q at trial 37: 393.197000
397286	[544]	:	Key	28	DOWN	at	397286  
398722	[1436]	:	Respose to catch Q at trial 37: 397.292000
398722	[0]	:	RT and choice to catch Q at trial 37: 0.570000, 28
398747	[25]	:	Fixation at trial 38: 398.727000
399269	[522]	:	Object at trial 38: 399.249000
402792	[3523]	:	Fixation at trial 38: 402.772000
403313	[521]	:	Catch Stim at trial 38: 403.293000
406838	[3525]	:	Catch Q at trial 38: 403.293000
407622	[784]	:	Key	28	DOWN	at	407622  
408818	[1196]	:	Respose to catch Q at trial 38: 407.628000
408818	[0]	:	RT and choice to catch Q at trial 38: 0.810000, 28
408843	[25]	:	Fixation at trial 39: 408.823000
409365	[522]	:	Object at trial 39: 409.345000
412888	[3523]	:	Fixation at trial 39: 412.868000
413409	[521]	:	Catch Stim at trial 39: 413.389000
416934	[3525]	:	Catch Q at trial 39: 413.389000
417562	[628]	:	Key	30	DOWN	at	417562  
418914	[1352]	:	Respose to catch Q at trial 39: 417.568000
418914	[0]	:	RT and choice to catch Q at trial 39: 0.654000, 30
418939	[25]	:	Fixation at trial 40: 418.919000
419461	[522]	:	Object at trial 40: 419.441000
422984	[3523]	:	Fixation at trial 40: 422.964000
423505	[521]	:	Catch Stim at trial 40: 423.485000
427030	[3525]	:	Catch Q at trial 40: 423.485000
427628	[598]	:	Key	28	DOWN	at	427628  
429010	[1382]	:	Respose to catch Q at trial 40: 427.633000
429010	[0]	:	RT and choice to catch Q at trial 40: 0.623000, 28
429035	[25]	:	Fixation at trial 41: 429.015000
429557	[522]	:	Object at trial 4