Cog2000 log file Wed Oct 23 09:48:42 2019
gprim v1.29 Compiled:Feb  1 2010 (GLib DirectDraw v7 DX10.0 Compiled:Feb  1 2010)
Display:1024x768x32 59.81Hz
CogInput v1.05 Compiled: May 20 2010
0	[0]	:	COGENT START
2821	[2821]	:	Key	30	DOWN	at	2821    
3091	[270]	:	Key	30	UP	at	3091    
3731	[640]	:	Key	28	DOWN	at	3731    
3951	[220]	:	Key	28	UP	at	3951    
33953	[30002]	:	Key	71	DOWN	at	33953   
34012	[59]	:	Fixation at trial 1: 33.990000
34580	[568]	:	Object at trial 1: 34.559000
38113	[3533]	:	Fixation at trial 1: 38.092000
38653	[540]	:	Catch Stim at trial 1: 38.632000
42204	[3551]	:	Catch Q at trial 1: 38.632000
43102	[898]	:	Key	30	DOWN	at	43102   
44188	[1086]	:	Respose to catch Q at trial 1: 43.117000
44190	[2]	:	RT and choice to catch Q at trial 1: 0.934000, 30
44242	[52]	:	Fixation at trial 2: 44.221000
44766	[524]	:	Object at trial 2: 44.746000
48290	[3524]	:	Fixation at trial 2: 48.270000
48817	[527]	:	Catch Stim at trial 2: 48.797000
52343	[3526]	:	Catch Q at trial 2: 48.797000
53218	[875]	:	Key	28	DOWN	at	53218   
54324	[1106]	:	Respose to catch Q at trial 2: 53.227000
54325	[1]	:	RT and choice to catch Q at trial 2: 0.905000, 28
54375	[50]	:	Fixation at trial 3: 54.355000
54899	[524]	:	Object at trial 3: 54.879000
58422	[3523]	:	Fixation at trial 3: 58.402000
58946	[524]	:	Catch Stim at trial 3: 58.926000
62473	[3527]	:	Catch Q at trial 3: 58.926000
63528	[1055]	:	Key	30	DOWN	at	63528   
64453	[925]	:	Respose to catch Q at trial 3: 63.535000
64453	[0]	:	RT and choice to catch Q at trial 3: 1.082000, 30
64497	[44]	:	Fixation at trial 4: 64.477000
65021	[524]	:	Object at trial 4: 65.000000
68543	[3522]	:	Fixation at trial 4: 68.523000
69069	[526]	:	Catch Stim at trial 4: 69.049000
72596	[3527]	:	Catch Q at trial 4: 69.049000
73589	[993]	:	Key	28	DOWN	at	73589   
74576	[987]	:	Respose to catch Q at trial 4: 73.597000
74577	[1]	:	RT and choice to catch Q at trial 4: 1.021000, 28
74604	[27]	:	Fixation at trial 5: 74.584000
75128	[524]	:	Object at trial 5: 75.108000
78651	[3523]	:	Fixation at trial 5: 78.631000
79175	[524]	:	Catch Stim at trial 5: 79.155000
82700	[3525]	:	Catch Q at trial 5: 79.155000
83366	[666]	:	Key	30	DOWN	at	83366   
84680	[1314]	:	Respose to catch Q at trial 5: 83.372000
84681	[1]	:	RT and choice to catch Q at trial 5: 0.692000, 30
84708	[27]	:	Fixation at trial 6: 84.688000
85230	[522]	:	Object at trial 6: 85.210000
88753	[3523]	:	Fixation at trial 6: 88.733000
89275	[522]	:	Catch Stim at trial 6: 89.255000
92800	[3525]	:	Catch Q at trial 6: 89.255000
93427	[627]	:	Key	30	DOWN	at	93427   
94780	[1353]	:	Respose to catch Q at trial 6: 93.433000
94781	[1]	:	RT and choice to catch Q at trial 6: 0.653000, 30
94807	[26]	:	Fixation at trial 7: 94.787000
95329	[522]	:	Object at trial 7: 95.309000
98852	[3523]	:	Fixation at trial 7: 98.832000
99375	[523]	:	Catch Stim at trial 7: 99.355000
102901	[3526]	:	Catch Q at trial 7: 99.355000
103633	[732]	:	Key	30	DOWN	at	103633  
104881	[1248]	:	Respose to catch Q at trial 7: 103.640000
104882	[1]	:	RT and choice to catch Q at trial 7: 0.759000, 30
104907	[25]	:	Fixation at trial 8: 104.887000
105429	[522]	:	Object at trial 8: 105.409000
108952	[3523]	:	Fixation at trial 8: 108.932000
109475	[523]	:	Catch Stim at trial 8: 109.455000
113000	[3525]	:	Catch Q at trial 8: 109.455000
113614	[614]	:	Key	30	DOWN	at	113614  
114980	[1366]	:	Respose to catch Q at trial 8: 113.620000
114981	[1]	:	RT and choice to catch Q at trial 8: 0.640000, 30
115006	[25]	:	Fixation at trial 9: 114.986000
115528	[522]	:	Object at trial 9: 115.508000
119051	[3523]	:	Fixation at trial 9: 119.031000
119574	[523]	:	Catch Stim at trial 9: 119.554000
123099	[3525]	:	Catch Q at trial 9: 119.554000
123795	[696]	:	Key	28	DOWN	at	123795  
125079	[1284]	:	Respose to catch Q at trial 9: 123.801000
125080	[1]	:	RT and choice to catch Q at trial 9: 0.722000, 28
125105	[25]	:	Fixation at trial 10: 125.085000
125627	[522]	:	Object at trial 10: 125.607000
129151	[3524]	:	Fixation at trial 10: 129.131000
129672	[521]	:	Catch Stim at trial 10: 129.652000
133197	[3525]	:	Catch Q at trial 10: 129.652000
134015	[818]	:	Key	28	DOWN	at	134015  
135177	[1162]	:	Respose to catch Q at trial 10: 134.021000
135178	[1]	:	RT and choice to catch Q at trial 10: 0.844000, 28
135203	[25]	:	Fixation at trial 11: 135.183000
135725	[522]	:	Object at trial 11: 135.705000
139248	[3523]	:	Fixation at trial 11: 139.228000
139770	[522]	:	Catch Stim at trial 11: 139.750000
143295	[3525]	:	Catch Q at trial 11: 139.750000
144226	[931]	:	Key	30	DOWN	at	144226  
145275	[1049]	:	Respose to catch Q at trial 11: 144.232000
145275	[0]	:	RT and choice to catch Q at trial 11: 0.957000, 30
145300	[25]	:	Fixation at trial 12: 145.280000
145822	[522]	:	Object at trial 12: 145.802000
149345	[3523]	:	Fixation at trial 12: 149.325000
149867	[522]	:	Catch Stim at trial 12: 149.847000
153392	[3525]	:	Catch Q at trial 12: 149.847000
155425	[2033]	:	Respose to catch Q at trial 12: 154.903000
155426	[1]	:	RT and choice to catch Q at trial 12: 1.531000, 0
155461	[35]	:	Fixation at trial 13: 155.441000
155983	[522]	:	Object at trial 13: 155.963000
159506	[3523]	:	Fixation at trial 13: 159.486000
160028	[522]	:	Catch Stim at trial 13: 160.008000
163553	[3525]	:	Catch Q at trial 13: 160.008000
164492	[939]	:	Key	28	DOWN	at	164492  
165533	[1041]	:	Respose to catch Q at trial 13: 164.499000
165533	[0]	:	RT and choice to catch Q at trial 13: 0.966000, 28
165558	[25]	:	Fixation at trial 14: 165.538000
166080	[522]	:	Object at trial 14: 166.060000
169603	[3523]	:	Fixation at trial 14: 169.583000
170125	[522]	:	Catch Stim at trial 14: 170.105000
173650	[3525]	:	Catch Q at trial 14: 170.105000
174483	[833]	:	Key	28	DOWN	at	174483  
175630	[1147]	:	Respose to catch Q at trial 14: 174.489000
175631	[1]	:	RT and choice to catch Q at trial 14: 0.859000, 28
175655	[24]	:	Fixation at trial 15: 175.635000
176177	[522]	:	Object at trial 15: 176.157000
179700	[3523]	:	Fixation at trial 15: 179.680000
180222	[522]	:	Catch Stim at trial 15: 180.202000
183747	[3525]	:	Catch Q at trial 15: 180.202000
184433	[686]	:	Key	28	DOWN	at	184433  
185727	[1294]	:	Respose to catch Q at trial 15: 184.438000
185728	[1]	:	RT and choice to catch Q at trial 15: 0.711000, 28
185753	[25]	:	Fixation at trial 16: 185.733000
186275	[522]	:	Object at trial 16: 186.255000
189798	[3523]	:	Fixation at trial 16: 189.778000
190320	[522]	:	Catch Stim at trial 16: 190.300000
193845	[3525]	:	Catch Q at trial 16: 190.300000
194474	[629]	:	Key	30	DOWN	at	194474  
195825	[1351]	:	Respose to catch Q at trial 16: 194.480000
195826	[1]	:	RT and choice to catch Q at trial 16: 0.655000, 30
195850	[24]	:	Fixation at trial 17: 195.830000
196372	[522]	:	Object at trial 17: 196.352000
199895	[3523]	:	Fixation at trial 17: 199.875000
200419	[524]	:	Catch Stim at trial 17: 200.399000
203945	[3526]	:	Catch Q at trial 17: 200.399000
205069	[1124]	:	Key	30	DOWN	at	205069  
205925	[856]	:	Respose to catch Q at trial 17: 205.075000
205926	[1]	:	RT and choice to catch Q at trial 17: 1.150000, 30
205950	[24]	:	Fixation at trial 18: 205.930000
206472	[522]	:	Object at trial 18: 206.452000
209995	[3523]	:	Fixation at trial 18: 209.975000
210517	[522]	:	Catch Stim at trial 18: 210.497000
214042	[3525]	:	Catch Q at trial 18: 210.497000
214555	[513]	:	Key	30	DOWN	at	214555  
216022	[1467]	:	Respose to catch Q at trial 18: 214.561000
216022	[0]	:	RT and choice to catch Q at trial 18: 0.539000, 30
216047	[25]	:	Fixation at trial 19: 216.027000
216569	[522]	:	Object at trial 19: 216.549000
220092	[3523]	:	Fixation at trial 19: 220.072000
220614	[522]	:	Catch Stim at trial 19: 220.594000
224139	[3525]	:	Catch Q at trial 19: 220.594000
224990	[851]	:	Key	28	DOWN	at	224990  
226119	[1129]	:	Respose to catch Q at trial 19: 224.996000
226119	[0]	:	RT and choice to catch Q at trial 19: 0.877000, 28
226144	[25]	:	Fixation at trial 20: 226.124000
226666	[522]	:	Object at trial 20: 226.646000
230189	[3523]	:	Fixation at trial 20: 230.169000
230710	[521]	:	Catch Stim at trial 20: 230.690000
234237	[3527]	:	Catch Q at trial 20: 230.690000
235431	[1194]	:	Key	28	DOWN	at	235431  
236217	[786]	:	Respose to catch Q at trial 20: 235.438000
236217	[0]	:	RT and choice to catch Q at trial 20: 1.221000, 28
236242	[25]	:	Fixation at trial 21: 236.222000
236764	[522]	:	Object at trial 21: 236.744000
240287	[3523]	:	Fixation at trial 21: 240.267000
240808	[521]	:	Catch Stim at trial 21: 240.788000
244333	[3525]	:	Catch Q at trial 21: 240.788000
245302	[969]	:	Key	28	DOWN	at	245302  
246313	[1011]	:	Respose to catch Q at trial 21: 245.308000
246313	[0]	:	RT and choice to catch Q at trial 21: 0.995000, 28
246338	[25]	:	Fixation at trial 22: 246.318000
246860	[522]	:	Object at trial 22: 246.840000
250383	[3523]	:	Fixation at trial 22: 250.363000
250907	[524]	:	Catch Stim at trial 22: 250.887000
254432	[3525]	:	Catch Q at trial 22: 250.887000
255012	[580]	:	Key	30	DOWN	at	255012  
256413	[1401]	:	Respose to catch Q at trial 22: 255.018000
256414	[1]	:	RT and choice to catch Q at trial 22: 0.606000, 30
256438	[24]	:	Fixation at trial 23: 256.418000
256961	[523]	:	Object at trial 23: 256.940000
260483	[3522]	:	Fixation at trial 23: 260.463000
261005	[522]	:	Catch Stim at trial 23: 260.985000
264529	[3524]	:	Catch Q at trial 23: 260.985000
265305	[776]	:	Key	28	DOWN	at	265305  
266509	[1204]	:	Respose to catch Q at trial 23: 265.310000
266509	[0]	:	RT and choice to catch Q at trial 23: 0.801000, 28
266534	[25]	:	Fixation at trial 24: 266.514000
267056	[522]	:	Object at trial 24: 267.036000
270579	[3523]	:	Fixation at trial 24: 270.559000
271101	[522]	:	Catch Stim at trial 24: 271.081000
274627	[3526]	:	Catch Q at trial 24: 271.081000
275455	[828]	:	Key	28	DOWN	at	275455  
276607	[1152]	:	Respose to catch Q at trial 24: 275.460000
276607	[0]	:	RT and choice to catch Q at trial 24: 0.853000, 28
276632	[25]	:	Fixation at trial 25: 276.612000
277154	[522]	:	Object at trial 25: 277.134000
280677	[3523]	:	Fixation at trial 25: 280.657000
281199	[522]	:	Catch Stim at trial 25: 281.179000
284724	[3525]	:	Catch Q at trial 25: 281.179000
285231	[507]	:	Key	30	DOWN	at	285231  
286704	[1473]	:	Respose to catch Q at trial 25: 285.237000
286704	[0]	:	RT and choice to catch Q at trial 25: 0.533000, 30
286729	[25]	:	Fixation at trial 26: 286.709000
287251	[522]	:	Object at trial 26: 287.231000
290774	[3523]	:	Fixation at trial 26: 290.754000
291296	[522]	:	Catch Stim at trial 26: 291.276000
294821	[3525]	:	Catch Q at trial 26: 291.276000
295571	[750]	:	Key	28	DOWN	at	295571  
296801	[1230]	:	Respose to catch Q at trial 26: 295.577000
296801	[0]	:	RT and choice to catch Q at trial 26: 0.776000, 28
296826	[25]	:	Fixation at trial 27: 296.806000
297348	[522]	:	Object at trial 27: 297.328000
300871	[3523]	:	Fixation at trial 27: 300.851000
301393	[522]	:	Catch Stim at trial 27: 301.373000
304918	[3525]	:	Catch Q at trial 27: 301.373000
305547	[629]	:	Key	30	DOWN	at	305547  
306898	[1351]	:	Respose to catch Q at trial 27: 305.553000
306898	[0]	:	RT and choice to catch Q at trial 27: 0.655000, 30
306923	[25]	:	Fixation at trial 28: 306.903000
307445	[522]	:	Object at trial 28: 307.425000
310968	[3523]	:	Fixation at trial 28: 310.948000
311490	[522]	:	Catch Stim at trial 28: 311.470000
315015	[3525]	:	Catch Q at trial 28: 311.470000
315783	[768]	:	Key	30	DOWN	at	315783  
316995	[1212]	:	Respose to catch Q at trial 28: 315.789000
316995	[0]	:	RT and choice to catch Q at trial 28: 0.794000, 30
317020	[25]	:	Fixation at trial 29: 317.000000
317542	[522]	:	Object at trial 29: 317.522000
321065	[3523]	:	Fixation at trial 29: 321.045000
321587	[522]	:	Catch Stim at trial 29: 321.567000
325112	[3525]	:	Catch Q at trial 29: 321.567000
325903	[791]	:	Key	28	DOWN	at	325903  
327092	[1189]	:	Respose to catch Q at trial 29: 325.909000
327093	[1]	:	RT and choice to catch Q at trial 29: 0.817000, 28
327117	[24]	:	Fixation at trial 30: 327.097000
327639	[522]	:	Object at trial 30: 327.619000
331162	[3523]	:	Fixation at trial 30: 331.142000
331684	[522]	:	Catch Stim at trial 30: 331.664000
335209	[3525]	:	Catch Q at trial 30: 331.664000
335904	[695]	:	Key	28	DOWN	at	335904  
337189	[1285]	:	Respose to catch Q at trial 30: 335.910000
337189	[0]	:	RT and choice to catch Q at trial 30: 0.721000, 28
337214	[25]	:	Fixation at trial 31: 337.194000
337736	[522]	:	Object at trial 31: 337.716000
341259	[3523]	:	Fixation at trial 31: 341.239000
341781	[522]	:	Catch Stim at trial 31: 341.761000
345306	[3525]	:	Catch Q at trial 31: 341.761000
346544	[1238]	:	Key	30	DOWN	at	346544  
347286	[742]	:	Respose to catch Q at trial 31: 346.550000
347287	[1]	:	RT and choice to catch Q at trial 31: 1.264000, 30
347311	[24]	:	Fixation at trial 32: 347.291000
347833	[522]	:	Object at trial 32: 347.813000
351356	[3523]	:	Fixation at trial 32: 351.336000
351878	[522]	:	Catch Stim at trial 32: 351.858000
355404	[3526]	:	Catch Q at trial 32: 351.858000
356080	[676]	:	Key	28	DOWN	at	356080  
357384	[1304]	:	Respose to catch Q at trial 32: 356.086000
357384	[0]	:	RT and choice to catch Q at trial 32: 0.702000, 28
357409	[25]	:	Fixation at trial 33: 357.389000
357931	[522]	:	Object at trial 33: 357.911000
361454	[3523]	:	Fixation at trial 33: 361.434000
361976	[522]	:	Catch Stim at trial 33: 361.956000
365502	[3526]	:	Catch Q at trial 33: 361.956000
366231	[729]	:	Key	28	DOWN	at	366231  
367482	[1251]	:	Respose to catch Q at trial 33: 366.237000
367482	[0]	:	RT and choice to catch Q at trial 33: 0.755000, 28
367507	[25]	:	Fixation at trial 34: 367.487000
368029	[522]	:	Object at trial 34: 368.009000
371552	[3523]	:	Fixation at trial 34: 371.532000
372074	[522]	:	Catch Stim at trial 34: 372.054000
375599	[3525]	:	Catch Q at trial 34: 372.054000
376306	[707]	:	Key	28	DOWN	at	376306  
377579	[1273]	:	Respose to catch Q at trial 34: 376.312000
377580	[1]	:	RT and choice to catch Q at trial 34: 0.733000, 28
377604	[24]	:	Fixation at trial 35: 377.584000
378126	[522]	:	Object at trial 35: 378.106000
381649	[3523]	:	Fixation at trial 35: 381.629000
382171	[522]	:	Catch Stim at trial 35: 382.151000
385696	[3525]	:	Catch Q at trial 35: 382.151000
386222	[526]	:	Key	30	DOWN	at	386222  
387676	[1454]	:	Respose to catch Q at trial 35: 386.228000
387676	[0]	:	RT and choice to catch Q at trial 35: 0.552000, 30
387702	[26]	:	Fixation at trial 36: 387.682000
388225	[523]	:	Object at trial 36: 388.205000
391748	[3523]	:	Fixation at trial 36: 391.728000
392270	[522]	:	Catch Stim at trial 36: 392.250000
395795	[3525]	:	Catch Q at trial 36: 392.250000
396482	[687]	:	Key	30	DOWN	at	396482  
397775	[1293]	:	Respose to catch Q at trial 36: 396.488000
397775	[0]	:	RT and choice to catch Q at trial 36: 0.713000, 30
397800	[25]	:	Fixation at trial 37: 397.780000
398322	[522]	:	Object at trial 37: 398.302000
401845	[3523]	:	Fixation at trial 37: 401.825000
402367	[522]	:	Catch Stim at trial 37: 402.347000
405892	[3525]	:	Catch Q at trial 37: 402.347000
406508	[616]	:	Key	30	DOWN	at	406508  
407872	[1364]	:	Respose to catch Q at trial 37: 406.514000
407872	[0]	:	RT and choice to catch Q at trial 37: 0.642000, 30
407897	[25]	:	Fixation at trial 38: 407.877000
408419	[522]	:	Object at trial 38: 408.399000
411942	[3523]	:	Fixation at trial 38: 411.922000
412464	[522]	:	Catch Stim at trial 38: 412.444000
415989	[3525]	:	Catch Q at trial 38: 412.444000
416598	[609]	:	Key	30	DOWN	at	416598  
417969	[1371]	:	Respose to catch Q at trial 38: 416.604000
417969	[0]	:	RT and choice to catch Q at trial 38: 0.635000, 30
417994	[25]	:	Fixation at trial 39: 417.974000
418516	[522]	:	Object at trial 39: 418.496000
422039	[3523]	:	Fixation at trial 39: 422.019000
422561	[522]	:	Catch Stim at trial 39: 422.541000
426086	[3525]	:	Catch Q at trial 39: 422.541000
426759	[673]	:	Key	30	DOWN	at	426759  
428066	[1307]	:	Respose to catch Q at trial 39: 426.765000
428066	[0]	:	RT and choice to catch Q at trial 39: 0.699000, 30
428091	[25]	:	Fixation at trial 40: 428.071000
428613	[522]	:	Object at trial 40: 428.593000
432136	[3523]	:	Fixation at trial 40: 432.116000
432658	[522]	:	Catch Stim at trial 40: 432.638000
436183	[3525]	:	Catch Q at trial 40: 432.638000
436885	[702]	:	Key	28	DOWN	at	436885  
438163	[1278]	:	Respose to catch Q at trial 40: 436.891000
438163	[0]	:	RT and choice to catch Q at trial 40: 0.728000, 28
438188	[25]	:	Fixation at trial 41: 438.168000
438710	[522]	:	Object at trial 41: 438.690000
442233	[3523]